[2024-04-25T12:44:06.717+0000] {taskinstance.py:1159} INFO - Dependencies all met for dep_context=non-requeueable deps ti=<TaskInstance: kafka_spark_dag.pyspark_consumer scheduled__2024-04-24T12:41:35.194638+00:00 [queued]>
[2024-04-25T12:44:06.737+0000] {taskinstance.py:1159} INFO - Dependencies all met for dep_context=requeueable deps ti=<TaskInstance: kafka_spark_dag.pyspark_consumer scheduled__2024-04-24T12:41:35.194638+00:00 [queued]>
[2024-04-25T12:44:06.737+0000] {taskinstance.py:1361} INFO - Starting attempt 2 of 2
[2024-04-25T12:44:06.761+0000] {taskinstance.py:1382} INFO - Executing <Task(DockerOperator): pyspark_consumer> on 2024-04-24 12:41:35.194638+00:00
[2024-04-25T12:44:06.774+0000] {standard_task_runner.py:57} INFO - Started process 3140 to run task
[2024-04-25T12:44:06.782+0000] {standard_task_runner.py:84} INFO - Running: ['***', 'tasks', 'run', 'kafka_spark_dag', 'pyspark_consumer', 'scheduled__2024-04-24T12:41:35.194638+00:00', '--job-id', '6', '--raw', '--subdir', 'DAGS_FOLDER/dag_kafka_spark.py', '--cfg-path', '/tmp/tmphyhp3rt3']
[2024-04-25T12:44:06.788+0000] {standard_task_runner.py:85} INFO - Job 6: Subtask pyspark_consumer
[2024-04-25T12:44:06.885+0000] {task_command.py:416} INFO - Running <TaskInstance: kafka_spark_dag.pyspark_consumer scheduled__2024-04-24T12:41:35.194638+00:00 [running]> on host cc4a11a92376
[2024-04-25T12:44:06.997+0000] {taskinstance.py:1662} INFO - Exporting env vars: AIRFLOW_CTX_DAG_OWNER='***' AIRFLOW_CTX_DAG_ID='kafka_spark_dag' AIRFLOW_CTX_TASK_ID='pyspark_consumer' AIRFLOW_CTX_EXECUTION_DATE='2024-04-24T12:41:35.194638+00:00' AIRFLOW_CTX_TRY_NUMBER='2' AIRFLOW_CTX_DAG_RUN_ID='scheduled__2024-04-24T12:41:35.194638+00:00'
[2024-04-25T12:44:07.033+0000] {docker.py:343} INFO - Starting docker container from image rappel-conso/spark:latest
[2024-04-25T12:44:07.040+0000] {docker.py:351} WARNING - Using remote engine or docker-in-docker and mounting temporary volume from host is not supported. Falling back to `mount_tmp_dir=False` mode. You can set `mount_tmp_dir` parameter to False to disable mounting and remove the warning
[2024-04-25T12:44:07.480+0000] {docker.py:413} INFO - [38;5;6mspark [38;5;5m12:44:07.47 [0m[38;5;2mINFO [0m ==>
[2024-04-25T12:44:07.482+0000] {docker.py:413} INFO - [38;5;6mspark [38;5;5m12:44:07.48 [0m[38;5;2mINFO [0m ==> [1mWelcome to the Bitnami spark container[0m
[2024-04-25T12:44:07.486+0000] {docker.py:413} INFO - [38;5;6mspark [38;5;5m12:44:07.48 [0m[38;5;2mINFO [0m ==> Subscribe to project updates by watching [1mhttps://github.com/bitnami/containers[0m
[2024-04-25T12:44:07.488+0000] {docker.py:413} INFO - [38;5;6mspark [38;5;5m12:44:07.48 [0m[38;5;2mINFO [0m ==> Submit issues and feature requests at [1mhttps://github.com/bitnami/containers/issues[0m
[2024-04-25T12:44:07.492+0000] {docker.py:413} INFO - [38;5;6mspark [38;5;5m12:44:07.49 [0m[38;5;2mINFO [0m ==>
[2024-04-25T12:44:07.504+0000] {docker.py:413} INFO - 
[2024-04-25T12:44:11.446+0000] {docker.py:413} INFO - :: loading settings :: url = jar:file:/opt/bitnami/spark/jars/ivy-2.5.1.jar!/org/apache/ivy/core/settings/ivysettings.xml
[2024-04-25T12:44:11.645+0000] {docker.py:413} INFO - Ivy Default Cache set to: /opt/bitnami/spark/.ivy2/cache
The jars for the packages stored in: /opt/bitnami/spark/.ivy2/jars
[2024-04-25T12:44:11.661+0000] {docker.py:413} INFO - org.postgresql#postgresql added as a dependency
[2024-04-25T12:44:11.662+0000] {docker.py:413} INFO - org.apache.spark#spark-sql-kafka-0-10_2.12 added as a dependency
[2024-04-25T12:44:11.663+0000] {docker.py:413} INFO - :: resolving dependencies :: org.apache.spark#spark-submit-parent-3e13b85f-9631-450a-a709-46f773a23d07;1.0
	confs: [default]
[2024-04-25T12:44:13.240+0000] {docker.py:413} INFO - found org.postgresql#postgresql;42.5.4 in central
[2024-04-25T12:44:13.349+0000] {docker.py:413} INFO - found org.checkerframework#checker-qual;3.5.0 in central
[2024-04-25T12:44:15.228+0000] {docker.py:413} INFO - found org.apache.spark#spark-sql-kafka-0-10_2.12;3.5.0 in central
[2024-04-25T12:44:16.322+0000] {docker.py:413} INFO - found org.apache.spark#spark-token-provider-kafka-0-10_2.12;3.5.0 in central
[2024-04-25T12:44:16.444+0000] {docker.py:413} INFO - found org.apache.kafka#kafka-clients;3.4.1 in central
[2024-04-25T12:44:16.570+0000] {docker.py:413} INFO - found org.lz4#lz4-java;1.8.0 in central
[2024-04-25T12:44:16.670+0000] {docker.py:413} INFO - found org.xerial.snappy#snappy-java;1.1.10.3 in central
[2024-04-25T12:44:16.995+0000] {docker.py:413} INFO - found org.slf4j#slf4j-api;2.0.7 in central
[2024-04-25T12:44:17.857+0000] {docker.py:413} INFO - found org.apache.hadoop#hadoop-client-runtime;3.3.4 in central
[2024-04-25T12:44:18.150+0000] {docker.py:413} INFO - found org.apache.hadoop#hadoop-client-api;3.3.4 in central
[2024-04-25T12:44:18.948+0000] {docker.py:413} INFO - found commons-logging#commons-logging;1.1.3 in central
[2024-04-25T12:44:19.089+0000] {docker.py:413} INFO - found com.google.code.findbugs#jsr305;3.0.0 in central
[2024-04-25T12:44:19.727+0000] {docker.py:413} INFO - found org.apache.commons#commons-pool2;2.11.1 in central
[2024-04-25T12:44:19.780+0000] {docker.py:413} INFO - downloading https://repo1.maven.org/maven2/org/postgresql/postgresql/42.5.4/postgresql-42.5.4.jar ...
[2024-04-25T12:44:19.853+0000] {docker.py:413} INFO - [SUCCESSFUL ] org.postgresql#postgresql;42.5.4!postgresql.jar (87ms)
[2024-04-25T12:44:19.867+0000] {docker.py:413} INFO - downloading https://repo1.maven.org/maven2/org/apache/spark/spark-sql-kafka-0-10_2.12/3.5.0/spark-sql-kafka-0-10_2.12-3.5.0.jar ...
[2024-04-25T12:44:19.897+0000] {docker.py:413} INFO - [SUCCESSFUL ] org.apache.spark#spark-sql-kafka-0-10_2.12;3.5.0!spark-sql-kafka-0-10_2.12.jar (44ms)
[2024-04-25T12:44:19.921+0000] {docker.py:413} INFO - downloading https://repo1.maven.org/maven2/org/checkerframework/checker-qual/3.5.0/checker-qual-3.5.0.jar ...
[2024-04-25T12:44:19.940+0000] {docker.py:413} INFO - [SUCCESSFUL ] org.checkerframework#checker-qual;3.5.0!checker-qual.jar (41ms)
[2024-04-25T12:44:19.953+0000] {docker.py:413} INFO - downloading https://repo1.maven.org/maven2/org/apache/spark/spark-token-provider-kafka-0-10_2.12/3.5.0/spark-token-provider-kafka-0-10_2.12-3.5.0.jar ...
[2024-04-25T12:44:19.970+0000] {docker.py:413} INFO - [SUCCESSFUL ] org.apache.spark#spark-token-provider-kafka-0-10_2.12;3.5.0!spark-token-provider-kafka-0-10_2.12.jar (29ms)
[2024-04-25T12:44:19.996+0000] {docker.py:413} INFO - downloading https://repo1.maven.org/maven2/org/apache/kafka/kafka-clients/3.4.1/kafka-clients-3.4.1.jar ...
[2024-04-25T12:44:20.124+0000] {docker.py:413} INFO - [SUCCESSFUL ] org.apache.kafka#kafka-clients;3.4.1!kafka-clients.jar (151ms)
[2024-04-25T12:44:20.137+0000] {docker.py:413} INFO - downloading https://repo1.maven.org/maven2/com/google/code/findbugs/jsr305/3.0.0/jsr305-3.0.0.jar ...
[2024-04-25T12:44:20.152+0000] {docker.py:413} INFO - [SUCCESSFUL ] com.google.code.findbugs#jsr305;3.0.0!jsr305.jar (27ms)
[2024-04-25T12:44:20.168+0000] {docker.py:413} INFO - downloading https://repo1.maven.org/maven2/org/apache/commons/commons-pool2/2.11.1/commons-pool2-2.11.1.jar ...
[2024-04-25T12:44:20.185+0000] {docker.py:413} INFO - [SUCCESSFUL ] org.apache.commons#commons-pool2;2.11.1!commons-pool2.jar (31ms)
[2024-04-25T12:44:20.202+0000] {docker.py:413} INFO - downloading https://repo1.maven.org/maven2/org/apache/hadoop/hadoop-client-runtime/3.3.4/hadoop-client-runtime-3.3.4.jar ...
[2024-04-25T12:44:20.676+0000] {docker.py:413} INFO - [SUCCESSFUL ] org.apache.hadoop#hadoop-client-runtime;3.3.4!hadoop-client-runtime.jar (487ms)
[2024-04-25T12:44:20.707+0000] {docker.py:413} INFO - downloading https://repo1.maven.org/maven2/org/lz4/lz4-java/1.8.0/lz4-java-1.8.0.jar ...
[2024-04-25T12:44:20.731+0000] {docker.py:413} INFO - [SUCCESSFUL ] org.lz4#lz4-java;1.8.0!lz4-java.jar (41ms)
[2024-04-25T12:44:20.749+0000] {docker.py:413} INFO - downloading https://repo1.maven.org/maven2/org/xerial/snappy/snappy-java/1.1.10.3/snappy-java-1.1.10.3.jar ...
[2024-04-25T12:44:20.800+0000] {docker.py:413} INFO - [SUCCESSFUL ] org.xerial.snappy#snappy-java;1.1.10.3!snappy-java.jar(bundle) (66ms)
[2024-04-25T12:44:20.823+0000] {docker.py:413} INFO - downloading https://repo1.maven.org/maven2/org/slf4j/slf4j-api/2.0.7/slf4j-api-2.0.7.jar ...
[2024-04-25T12:44:20.838+0000] {docker.py:413} INFO - [SUCCESSFUL ] org.slf4j#slf4j-api;2.0.7!slf4j-api.jar (29ms)
[2024-04-25T12:44:20.853+0000] {docker.py:413} INFO - downloading https://repo1.maven.org/maven2/org/apache/hadoop/hadoop-client-api/3.3.4/hadoop-client-api-3.3.4.jar ...
[2024-04-25T12:44:21.232+0000] {docker.py:413} INFO - [SUCCESSFUL ] org.apache.hadoop#hadoop-client-api;3.3.4!hadoop-client-api.jar (392ms)
[2024-04-25T12:44:21.252+0000] {docker.py:413} INFO - downloading https://repo1.maven.org/maven2/commons-logging/commons-logging/1.1.3/commons-logging-1.1.3.jar ...
[2024-04-25T12:44:21.268+0000] {docker.py:413} INFO - [SUCCESSFUL ] commons-logging#commons-logging;1.1.3!commons-logging.jar (30ms)
[2024-04-25T12:44:21.270+0000] {docker.py:413} INFO - :: resolution report :: resolve 8095ms :: artifacts dl 1512ms
[2024-04-25T12:44:21.270+0000] {docker.py:413} INFO - :: modules in use:
[2024-04-25T12:44:21.271+0000] {docker.py:413} INFO - com.google.code.findbugs#jsr305;3.0.0 from central in [default]
	commons-logging#commons-logging;1.1.3 from central in [default]
	org.apache.commons#commons-pool2;2.11.1 from central in [default]
	org.apache.hadoop#hadoop-client-api;3.3.4 from central in [default]
	org.apache.hadoop#hadoop-client-runtime;3.3.4 from central in [default]
	org.apache.kafka#kafka-clients;3.4.1 from central in [default]
	org.apache.spark#spark-sql-kafka-0-10_2.12;3.5.0 from central in [default]
	org.apache.spark#spark-token-provider-kafka-0-10_2.12;3.5.0 from central in [default]
	org.checkerframework#checker-qual;3.5.0 from central in [default]
	org.lz4#lz4-java;1.8.0 from central in [default]
	org.postgresql#postgresql;42.5.4 from central in [default]
	org.slf4j#slf4j-api;2.0.7 from central in [default]
	org.xerial.snappy#snappy-java;1.1.10.3 from central in [default]
	---------------------------------------------------------------------
	|                  |            modules            ||   artifacts   |
	|       conf       | number| search|dwnlded|evicted|| number|dwnlded|
	---------------------------------------------------------------------
	|      default     |   13  |   13  |   13  |   0   ||   13  |   13  |
	---------------------------------------------------------------------
[2024-04-25T12:44:21.287+0000] {docker.py:413} INFO - :: retrieving :: org.apache.spark#spark-submit-parent-3e13b85f-9631-450a-a709-46f773a23d07
[2024-04-25T12:44:21.288+0000] {docker.py:413} INFO - confs: [default]
[2024-04-25T12:44:21.452+0000] {docker.py:413} INFO - 13 artifacts copied, 0 already retrieved (58001kB/164ms)
[2024-04-25T12:44:22.090+0000] {docker.py:413} INFO - 24/04/25 12:44:22 WARN NativeCodeLoader: Unable to load native-hadoop library for your platform... using builtin-java classes where applicable
[2024-04-25T12:44:24.468+0000] {docker.py:413} INFO - 24/04/25 12:44:24 INFO SparkContext: Running Spark version 3.5.0
[2024-04-25T12:44:24.468+0000] {docker.py:413} INFO - 24/04/25 12:44:24 INFO SparkContext: OS info Linux, 6.5.0-1016-gcp, amd64
[2024-04-25T12:44:24.469+0000] {docker.py:413} INFO - 24/04/25 12:44:24 INFO SparkContext: Java version 17.0.10
[2024-04-25T12:44:24.528+0000] {docker.py:413} INFO - 24/04/25 12:44:24 INFO ResourceUtils: ==============================================================
[2024-04-25T12:44:24.532+0000] {docker.py:413} INFO - 24/04/25 12:44:24 INFO ResourceUtils: No custom resources configured for spark.driver.
[2024-04-25T12:44:24.537+0000] {docker.py:413} INFO - 24/04/25 12:44:24 INFO ResourceUtils: ==============================================================
[2024-04-25T12:44:24.538+0000] {docker.py:413} INFO - 24/04/25 12:44:24 INFO SparkContext: Submitted application: PostgreSQL Connection with PySpark
[2024-04-25T12:44:24.573+0000] {docker.py:413} INFO - 24/04/25 12:44:24 INFO ResourceProfile: Default ResourceProfile created, executor resources: Map(cores -> name: cores, amount: 1, script: , vendor: , memory -> name: memory, amount: 1024, script: , vendor: , offHeap -> name: offHeap, amount: 0, script: , vendor: ), task resources: Map(cpus -> name: cpus, amount: 1.0)
[2024-04-25T12:44:24.589+0000] {docker.py:413} INFO - 24/04/25 12:44:24 INFO ResourceProfile: Limiting resource is cpu
[2024-04-25T12:44:24.590+0000] {docker.py:413} INFO - 24/04/25 12:44:24 INFO ResourceProfileManager: Added ResourceProfile id: 0
[2024-04-25T12:44:24.748+0000] {docker.py:413} INFO - 24/04/25 12:44:24 INFO SecurityManager: Changing view acls to: spark
[2024-04-25T12:44:24.749+0000] {docker.py:413} INFO - 24/04/25 12:44:24 INFO SecurityManager: Changing modify acls to: spark
[2024-04-25T12:44:24.751+0000] {docker.py:413} INFO - 24/04/25 12:44:24 INFO SecurityManager: Changing view acls groups to:
[2024-04-25T12:44:24.755+0000] {docker.py:413} INFO - 24/04/25 12:44:24 INFO SecurityManager: Changing modify acls groups to:
[2024-04-25T12:44:24.762+0000] {docker.py:413} INFO - 24/04/25 12:44:24 INFO SecurityManager: SecurityManager: authentication disabled; ui acls disabled; users with view permissions: spark; groups with view permissions: EMPTY; users with modify permissions: spark; groups with modify permissions: EMPTY
[2024-04-25T12:44:25.379+0000] {docker.py:413} INFO - 24/04/25 12:44:25 INFO Utils: Successfully started service 'sparkDriver' on port 38191.
[2024-04-25T12:44:25.418+0000] {docker.py:413} INFO - 24/04/25 12:44:25 INFO SparkEnv: Registering MapOutputTracker
[2024-04-25T12:44:25.483+0000] {docker.py:413} INFO - 24/04/25 12:44:25 INFO SparkEnv: Registering BlockManagerMaster
[2024-04-25T12:44:25.517+0000] {docker.py:413} INFO - 24/04/25 12:44:25 INFO BlockManagerMasterEndpoint: Using org.apache.spark.storage.DefaultTopologyMapper for getting topology information
[2024-04-25T12:44:25.517+0000] {docker.py:413} INFO - 24/04/25 12:44:25 INFO BlockManagerMasterEndpoint: BlockManagerMasterEndpoint up
[2024-04-25T12:44:25.524+0000] {docker.py:413} INFO - 24/04/25 12:44:25 INFO SparkEnv: Registering BlockManagerMasterHeartbeat
[2024-04-25T12:44:25.562+0000] {docker.py:413} INFO - 24/04/25 12:44:25 INFO DiskBlockManager: Created local directory at /tmp/blockmgr-415978b9-7755-432e-8ead-9b9efcd652bc
[2024-04-25T12:44:25.601+0000] {docker.py:413} INFO - 24/04/25 12:44:25 INFO MemoryStore: MemoryStore started with capacity 434.4 MiB
[2024-04-25T12:44:25.636+0000] {docker.py:413} INFO - 24/04/25 12:44:25 INFO SparkEnv: Registering OutputCommitCoordinator
[2024-04-25T12:44:25.895+0000] {docker.py:413} INFO - 24/04/25 12:44:25 INFO JettyUtils: Start Jetty 0.0.0.0:4040 for SparkUI
[2024-04-25T12:44:25.998+0000] {docker.py:413} INFO - 24/04/25 12:44:25 INFO Utils: Successfully started service 'SparkUI' on port 4040.
[2024-04-25T12:44:26.068+0000] {docker.py:413} INFO - 24/04/25 12:44:26 INFO SparkContext: Added JAR file:///opt/bitnami/spark/.ivy2/jars/org.postgresql_postgresql-42.5.4.jar at spark://localhost:38191/jars/org.postgresql_postgresql-42.5.4.jar with timestamp 1714049064455
[2024-04-25T12:44:26.069+0000] {docker.py:413} INFO - 24/04/25 12:44:26 INFO SparkContext: Added JAR file:///opt/bitnami/spark/.ivy2/jars/org.apache.spark_spark-sql-kafka-0-10_2.12-3.5.0.jar at spark://localhost:38191/jars/org.apache.spark_spark-sql-kafka-0-10_2.12-3.5.0.jar with timestamp 1714049064455
24/04/25 12:44:26 INFO SparkContext: Added JAR file:///opt/bitnami/spark/.ivy2/jars/org.checkerframework_checker-qual-3.5.0.jar at spark://localhost:38191/jars/org.checkerframework_checker-qual-3.5.0.jar with timestamp 1714049064455
[2024-04-25T12:44:26.070+0000] {docker.py:413} INFO - 24/04/25 12:44:26 INFO SparkContext: Added JAR file:///opt/bitnami/spark/.ivy2/jars/org.apache.spark_spark-token-provider-kafka-0-10_2.12-3.5.0.jar at spark://localhost:38191/jars/org.apache.spark_spark-token-provider-kafka-0-10_2.12-3.5.0.jar with timestamp 1714049064455
24/04/25 12:44:26 INFO SparkContext: Added JAR file:///opt/bitnami/spark/.ivy2/jars/org.apache.kafka_kafka-clients-3.4.1.jar at spark://localhost:38191/jars/org.apache.kafka_kafka-clients-3.4.1.jar with timestamp 1714049064455
[2024-04-25T12:44:26.070+0000] {docker.py:413} INFO - 24/04/25 12:44:26 INFO SparkContext: Added JAR file:///opt/bitnami/spark/.ivy2/jars/com.google.code.findbugs_jsr305-3.0.0.jar at spark://localhost:38191/jars/com.google.code.findbugs_jsr305-3.0.0.jar with timestamp 1714049064455
[2024-04-25T12:44:26.071+0000] {docker.py:413} INFO - 24/04/25 12:44:26 INFO SparkContext: Added JAR file:///opt/bitnami/spark/.ivy2/jars/org.apache.commons_commons-pool2-2.11.1.jar at spark://localhost:38191/jars/org.apache.commons_commons-pool2-2.11.1.jar with timestamp 1714049064455
[2024-04-25T12:44:26.071+0000] {docker.py:413} INFO - 24/04/25 12:44:26 INFO SparkContext: Added JAR file:///opt/bitnami/spark/.ivy2/jars/org.apache.hadoop_hadoop-client-runtime-3.3.4.jar at spark://localhost:38191/jars/org.apache.hadoop_hadoop-client-runtime-3.3.4.jar with timestamp 1714049064455
[2024-04-25T12:44:26.071+0000] {docker.py:413} INFO - 24/04/25 12:44:26 INFO SparkContext: Added JAR file:///opt/bitnami/spark/.ivy2/jars/org.lz4_lz4-java-1.8.0.jar at spark://localhost:38191/jars/org.lz4_lz4-java-1.8.0.jar with timestamp 1714049064455
[2024-04-25T12:44:26.072+0000] {docker.py:413} INFO - 24/04/25 12:44:26 INFO SparkContext: Added JAR file:///opt/bitnami/spark/.ivy2/jars/org.xerial.snappy_snappy-java-1.1.10.3.jar at spark://localhost:38191/jars/org.xerial.snappy_snappy-java-1.1.10.3.jar with timestamp 1714049064455
[2024-04-25T12:44:26.072+0000] {docker.py:413} INFO - 24/04/25 12:44:26 INFO SparkContext: Added JAR file:///opt/bitnami/spark/.ivy2/jars/org.slf4j_slf4j-api-2.0.7.jar at spark://localhost:38191/jars/org.slf4j_slf4j-api-2.0.7.jar with timestamp 1714049064455
[2024-04-25T12:44:26.072+0000] {docker.py:413} INFO - 24/04/25 12:44:26 INFO SparkContext: Added JAR file:///opt/bitnami/spark/.ivy2/jars/org.apache.hadoop_hadoop-client-api-3.3.4.jar at spark://localhost:38191/jars/org.apache.hadoop_hadoop-client-api-3.3.4.jar with timestamp 1714049064455
[2024-04-25T12:44:26.073+0000] {docker.py:413} INFO - 24/04/25 12:44:26 INFO SparkContext: Added JAR file:///opt/bitnami/spark/.ivy2/jars/commons-logging_commons-logging-1.1.3.jar at spark://localhost:38191/jars/commons-logging_commons-logging-1.1.3.jar with timestamp 1714049064455
[2024-04-25T12:44:26.080+0000] {docker.py:413} INFO - 24/04/25 12:44:26 INFO SparkContext: Added file file:///opt/bitnami/spark/.ivy2/jars/org.postgresql_postgresql-42.5.4.jar at file:///opt/bitnami/spark/.ivy2/jars/org.postgresql_postgresql-42.5.4.jar with timestamp 1714049064455
[2024-04-25T12:44:26.082+0000] {docker.py:413} INFO - 24/04/25 12:44:26 INFO Utils: Copying /opt/bitnami/spark/.ivy2/jars/org.postgresql_postgresql-42.5.4.jar to /tmp/spark-9481685c-3c72-4178-b76f-a9e4749808ba/userFiles-e913df1e-2086-467a-89c0-e8e728606c69/org.postgresql_postgresql-42.5.4.jar
[2024-04-25T12:44:26.103+0000] {docker.py:413} INFO - 24/04/25 12:44:26 INFO SparkContext: Added file file:///opt/bitnami/spark/.ivy2/jars/org.apache.spark_spark-sql-kafka-0-10_2.12-3.5.0.jar at file:///opt/bitnami/spark/.ivy2/jars/org.apache.spark_spark-sql-kafka-0-10_2.12-3.5.0.jar with timestamp 1714049064455
[2024-04-25T12:44:26.104+0000] {docker.py:413} INFO - 24/04/25 12:44:26 INFO Utils: Copying /opt/bitnami/spark/.ivy2/jars/org.apache.spark_spark-sql-kafka-0-10_2.12-3.5.0.jar to /tmp/spark-9481685c-3c72-4178-b76f-a9e4749808ba/userFiles-e913df1e-2086-467a-89c0-e8e728606c69/org.apache.spark_spark-sql-kafka-0-10_2.12-3.5.0.jar
[2024-04-25T12:44:26.121+0000] {docker.py:413} INFO - 24/04/25 12:44:26 INFO SparkContext: Added file file:///opt/bitnami/spark/.ivy2/jars/org.checkerframework_checker-qual-3.5.0.jar at file:///opt/bitnami/spark/.ivy2/jars/org.checkerframework_checker-qual-3.5.0.jar with timestamp 1714049064455
[2024-04-25T12:44:26.123+0000] {docker.py:413} INFO - 24/04/25 12:44:26 INFO Utils: Copying /opt/bitnami/spark/.ivy2/jars/org.checkerframework_checker-qual-3.5.0.jar to /tmp/spark-9481685c-3c72-4178-b76f-a9e4749808ba/userFiles-e913df1e-2086-467a-89c0-e8e728606c69/org.checkerframework_checker-qual-3.5.0.jar
[2024-04-25T12:44:26.136+0000] {docker.py:413} INFO - 24/04/25 12:44:26 INFO SparkContext: Added file file:///opt/bitnami/spark/.ivy2/jars/org.apache.spark_spark-token-provider-kafka-0-10_2.12-3.5.0.jar at file:///opt/bitnami/spark/.ivy2/jars/org.apache.spark_spark-token-provider-kafka-0-10_2.12-3.5.0.jar with timestamp 1714049064455
[2024-04-25T12:44:26.136+0000] {docker.py:413} INFO - 24/04/25 12:44:26 INFO Utils: Copying /opt/bitnami/spark/.ivy2/jars/org.apache.spark_spark-token-provider-kafka-0-10_2.12-3.5.0.jar to /tmp/spark-9481685c-3c72-4178-b76f-a9e4749808ba/userFiles-e913df1e-2086-467a-89c0-e8e728606c69/org.apache.spark_spark-token-provider-kafka-0-10_2.12-3.5.0.jar
[2024-04-25T12:44:26.147+0000] {docker.py:413} INFO - 24/04/25 12:44:26 INFO SparkContext: Added file file:///opt/bitnami/spark/.ivy2/jars/org.apache.kafka_kafka-clients-3.4.1.jar at file:///opt/bitnami/spark/.ivy2/jars/org.apache.kafka_kafka-clients-3.4.1.jar with timestamp 1714049064455
[2024-04-25T12:44:26.148+0000] {docker.py:413} INFO - 24/04/25 12:44:26 INFO Utils: Copying /opt/bitnami/spark/.ivy2/jars/org.apache.kafka_kafka-clients-3.4.1.jar to /tmp/spark-9481685c-3c72-4178-b76f-a9e4749808ba/userFiles-e913df1e-2086-467a-89c0-e8e728606c69/org.apache.kafka_kafka-clients-3.4.1.jar
[2024-04-25T12:44:26.167+0000] {docker.py:413} INFO - 24/04/25 12:44:26 INFO SparkContext: Added file file:///opt/bitnami/spark/.ivy2/jars/com.google.code.findbugs_jsr305-3.0.0.jar at file:///opt/bitnami/spark/.ivy2/jars/com.google.code.findbugs_jsr305-3.0.0.jar with timestamp 1714049064455
[2024-04-25T12:44:26.170+0000] {docker.py:413} INFO - 24/04/25 12:44:26 INFO Utils: Copying /opt/bitnami/spark/.ivy2/jars/com.google.code.findbugs_jsr305-3.0.0.jar to /tmp/spark-9481685c-3c72-4178-b76f-a9e4749808ba/userFiles-e913df1e-2086-467a-89c0-e8e728606c69/com.google.code.findbugs_jsr305-3.0.0.jar
[2024-04-25T12:44:26.182+0000] {docker.py:413} INFO - 24/04/25 12:44:26 INFO SparkContext: Added file file:///opt/bitnami/spark/.ivy2/jars/org.apache.commons_commons-pool2-2.11.1.jar at file:///opt/bitnami/spark/.ivy2/jars/org.apache.commons_commons-pool2-2.11.1.jar with timestamp 1714049064455
[2024-04-25T12:44:26.183+0000] {docker.py:413} INFO - 24/04/25 12:44:26 INFO Utils: Copying /opt/bitnami/spark/.ivy2/jars/org.apache.commons_commons-pool2-2.11.1.jar to /tmp/spark-9481685c-3c72-4178-b76f-a9e4749808ba/userFiles-e913df1e-2086-467a-89c0-e8e728606c69/org.apache.commons_commons-pool2-2.11.1.jar
[2024-04-25T12:44:26.196+0000] {docker.py:413} INFO - 24/04/25 12:44:26 INFO SparkContext: Added file file:///opt/bitnami/spark/.ivy2/jars/org.apache.hadoop_hadoop-client-runtime-3.3.4.jar at file:///opt/bitnami/spark/.ivy2/jars/org.apache.hadoop_hadoop-client-runtime-3.3.4.jar with timestamp 1714049064455
[2024-04-25T12:44:26.197+0000] {docker.py:413} INFO - 24/04/25 12:44:26 INFO Utils: Copying /opt/bitnami/spark/.ivy2/jars/org.apache.hadoop_hadoop-client-runtime-3.3.4.jar to /tmp/spark-9481685c-3c72-4178-b76f-a9e4749808ba/userFiles-e913df1e-2086-467a-89c0-e8e728606c69/org.apache.hadoop_hadoop-client-runtime-3.3.4.jar
[2024-04-25T12:44:26.241+0000] {docker.py:413} INFO - 24/04/25 12:44:26 INFO SparkContext: Added file file:///opt/bitnami/spark/.ivy2/jars/org.lz4_lz4-java-1.8.0.jar at file:///opt/bitnami/spark/.ivy2/jars/org.lz4_lz4-java-1.8.0.jar with timestamp 1714049064455
[2024-04-25T12:44:26.242+0000] {docker.py:413} INFO - 24/04/25 12:44:26 INFO Utils: Copying /opt/bitnami/spark/.ivy2/jars/org.lz4_lz4-java-1.8.0.jar to /tmp/spark-9481685c-3c72-4178-b76f-a9e4749808ba/userFiles-e913df1e-2086-467a-89c0-e8e728606c69/org.lz4_lz4-java-1.8.0.jar
[2024-04-25T12:44:26.249+0000] {docker.py:413} INFO - 24/04/25 12:44:26 INFO SparkContext: Added file file:///opt/bitnami/spark/.ivy2/jars/org.xerial.snappy_snappy-java-1.1.10.3.jar at file:///opt/bitnami/spark/.ivy2/jars/org.xerial.snappy_snappy-java-1.1.10.3.jar with timestamp 1714049064455
[2024-04-25T12:44:26.250+0000] {docker.py:413} INFO - 24/04/25 12:44:26 INFO Utils: Copying /opt/bitnami/spark/.ivy2/jars/org.xerial.snappy_snappy-java-1.1.10.3.jar to /tmp/spark-9481685c-3c72-4178-b76f-a9e4749808ba/userFiles-e913df1e-2086-467a-89c0-e8e728606c69/org.xerial.snappy_snappy-java-1.1.10.3.jar
[2024-04-25T12:44:26.261+0000] {docker.py:413} INFO - 24/04/25 12:44:26 INFO SparkContext: Added file file:///opt/bitnami/spark/.ivy2/jars/org.slf4j_slf4j-api-2.0.7.jar at file:///opt/bitnami/spark/.ivy2/jars/org.slf4j_slf4j-api-2.0.7.jar with timestamp 1714049064455
[2024-04-25T12:44:26.262+0000] {docker.py:413} INFO - 24/04/25 12:44:26 INFO Utils: Copying /opt/bitnami/spark/.ivy2/jars/org.slf4j_slf4j-api-2.0.7.jar to /tmp/spark-9481685c-3c72-4178-b76f-a9e4749808ba/userFiles-e913df1e-2086-467a-89c0-e8e728606c69/org.slf4j_slf4j-api-2.0.7.jar
[2024-04-25T12:44:26.270+0000] {docker.py:413} INFO - 24/04/25 12:44:26 INFO SparkContext: Added file file:///opt/bitnami/spark/.ivy2/jars/org.apache.hadoop_hadoop-client-api-3.3.4.jar at file:///opt/bitnami/spark/.ivy2/jars/org.apache.hadoop_hadoop-client-api-3.3.4.jar with timestamp 1714049064455
[2024-04-25T12:44:26.271+0000] {docker.py:413} INFO - 24/04/25 12:44:26 INFO Utils: Copying /opt/bitnami/spark/.ivy2/jars/org.apache.hadoop_hadoop-client-api-3.3.4.jar to /tmp/spark-9481685c-3c72-4178-b76f-a9e4749808ba/userFiles-e913df1e-2086-467a-89c0-e8e728606c69/org.apache.hadoop_hadoop-client-api-3.3.4.jar
[2024-04-25T12:44:26.316+0000] {docker.py:413} INFO - 24/04/25 12:44:26 INFO SparkContext: Added file file:///opt/bitnami/spark/.ivy2/jars/commons-logging_commons-logging-1.1.3.jar at file:///opt/bitnami/spark/.ivy2/jars/commons-logging_commons-logging-1.1.3.jar with timestamp 1714049064455
[2024-04-25T12:44:26.316+0000] {docker.py:413} INFO - 24/04/25 12:44:26 INFO Utils: Copying /opt/bitnami/spark/.ivy2/jars/commons-logging_commons-logging-1.1.3.jar to /tmp/spark-9481685c-3c72-4178-b76f-a9e4749808ba/userFiles-e913df1e-2086-467a-89c0-e8e728606c69/commons-logging_commons-logging-1.1.3.jar
[2024-04-25T12:44:26.422+0000] {docker.py:413} INFO - 24/04/25 12:44:26 INFO Executor: Starting executor ID driver on host localhost
[2024-04-25T12:44:26.422+0000] {docker.py:413} INFO - 24/04/25 12:44:26 INFO Executor: OS info Linux, 6.5.0-1016-gcp, amd64
[2024-04-25T12:44:26.423+0000] {docker.py:413} INFO - 24/04/25 12:44:26 INFO Executor: Java version 17.0.10
[2024-04-25T12:44:26.434+0000] {docker.py:413} INFO - 24/04/25 12:44:26 INFO Executor: Starting executor with user classpath (userClassPathFirst = false): ''
[2024-04-25T12:44:26.435+0000] {docker.py:413} INFO - 24/04/25 12:44:26 INFO Executor: Created or updated repl class loader org.apache.spark.util.MutableURLClassLoader@3896df1d for default.
[2024-04-25T12:44:26.459+0000] {docker.py:413} INFO - 24/04/25 12:44:26 INFO Executor: Fetching file:///opt/bitnami/spark/.ivy2/jars/org.apache.spark_spark-token-provider-kafka-0-10_2.12-3.5.0.jar with timestamp 1714049064455
[2024-04-25T12:44:26.492+0000] {docker.py:413} INFO - 24/04/25 12:44:26 INFO Utils: /opt/bitnami/spark/.ivy2/jars/org.apache.spark_spark-token-provider-kafka-0-10_2.12-3.5.0.jar has been previously copied to /tmp/spark-9481685c-3c72-4178-b76f-a9e4749808ba/userFiles-e913df1e-2086-467a-89c0-e8e728606c69/org.apache.spark_spark-token-provider-kafka-0-10_2.12-3.5.0.jar
[2024-04-25T12:44:26.508+0000] {docker.py:413} INFO - 24/04/25 12:44:26 INFO Executor: Fetching file:///opt/bitnami/spark/.ivy2/jars/org.apache.hadoop_hadoop-client-runtime-3.3.4.jar with timestamp 1714049064455
[2024-04-25T12:44:26.564+0000] {docker.py:413} INFO - 24/04/25 12:44:26 INFO Utils: /opt/bitnami/spark/.ivy2/jars/org.apache.hadoop_hadoop-client-runtime-3.3.4.jar has been previously copied to /tmp/spark-9481685c-3c72-4178-b76f-a9e4749808ba/userFiles-e913df1e-2086-467a-89c0-e8e728606c69/org.apache.hadoop_hadoop-client-runtime-3.3.4.jar
[2024-04-25T12:44:26.570+0000] {docker.py:413} INFO - 24/04/25 12:44:26 INFO Executor: Fetching file:///opt/bitnami/spark/.ivy2/jars/org.apache.commons_commons-pool2-2.11.1.jar with timestamp 1714049064455
[2024-04-25T12:44:26.571+0000] {docker.py:413} INFO - 24/04/25 12:44:26 INFO Utils: /opt/bitnami/spark/.ivy2/jars/org.apache.commons_commons-pool2-2.11.1.jar has been previously copied to /tmp/spark-9481685c-3c72-4178-b76f-a9e4749808ba/userFiles-e913df1e-2086-467a-89c0-e8e728606c69/org.apache.commons_commons-pool2-2.11.1.jar
[2024-04-25T12:44:26.577+0000] {docker.py:413} INFO - 24/04/25 12:44:26 INFO Executor: Fetching file:///opt/bitnami/spark/.ivy2/jars/org.postgresql_postgresql-42.5.4.jar with timestamp 1714049064455
[2024-04-25T12:44:26.581+0000] {docker.py:413} INFO - 24/04/25 12:44:26 INFO Utils: /opt/bitnami/spark/.ivy2/jars/org.postgresql_postgresql-42.5.4.jar has been previously copied to /tmp/spark-9481685c-3c72-4178-b76f-a9e4749808ba/userFiles-e913df1e-2086-467a-89c0-e8e728606c69/org.postgresql_postgresql-42.5.4.jar
[2024-04-25T12:44:26.587+0000] {docker.py:413} INFO - 24/04/25 12:44:26 INFO Executor: Fetching file:///opt/bitnami/spark/.ivy2/jars/org.slf4j_slf4j-api-2.0.7.jar with timestamp 1714049064455
[2024-04-25T12:44:26.589+0000] {docker.py:413} INFO - 24/04/25 12:44:26 INFO Utils: /opt/bitnami/spark/.ivy2/jars/org.slf4j_slf4j-api-2.0.7.jar has been previously copied to /tmp/spark-9481685c-3c72-4178-b76f-a9e4749808ba/userFiles-e913df1e-2086-467a-89c0-e8e728606c69/org.slf4j_slf4j-api-2.0.7.jar
[2024-04-25T12:44:26.595+0000] {docker.py:413} INFO - 24/04/25 12:44:26 INFO Executor: Fetching file:///opt/bitnami/spark/.ivy2/jars/org.apache.kafka_kafka-clients-3.4.1.jar with timestamp 1714049064455
[2024-04-25T12:44:26.605+0000] {docker.py:413} INFO - 24/04/25 12:44:26 INFO Utils: /opt/bitnami/spark/.ivy2/jars/org.apache.kafka_kafka-clients-3.4.1.jar has been previously copied to /tmp/spark-9481685c-3c72-4178-b76f-a9e4749808ba/userFiles-e913df1e-2086-467a-89c0-e8e728606c69/org.apache.kafka_kafka-clients-3.4.1.jar
[2024-04-25T12:44:26.612+0000] {docker.py:413} INFO - 24/04/25 12:44:26 INFO Executor: Fetching file:///opt/bitnami/spark/.ivy2/jars/com.google.code.findbugs_jsr305-3.0.0.jar with timestamp 1714049064455
[2024-04-25T12:44:26.613+0000] {docker.py:413} INFO - 24/04/25 12:44:26 INFO Utils: /opt/bitnami/spark/.ivy2/jars/com.google.code.findbugs_jsr305-3.0.0.jar has been previously copied to /tmp/spark-9481685c-3c72-4178-b76f-a9e4749808ba/userFiles-e913df1e-2086-467a-89c0-e8e728606c69/com.google.code.findbugs_jsr305-3.0.0.jar
[2024-04-25T12:44:26.619+0000] {docker.py:413} INFO - 24/04/25 12:44:26 INFO Executor: Fetching file:///opt/bitnami/spark/.ivy2/jars/org.lz4_lz4-java-1.8.0.jar with timestamp 1714049064455
[2024-04-25T12:44:26.621+0000] {docker.py:413} INFO - 24/04/25 12:44:26 INFO Utils: /opt/bitnami/spark/.ivy2/jars/org.lz4_lz4-java-1.8.0.jar has been previously copied to /tmp/spark-9481685c-3c72-4178-b76f-a9e4749808ba/userFiles-e913df1e-2086-467a-89c0-e8e728606c69/org.lz4_lz4-java-1.8.0.jar
[2024-04-25T12:44:26.629+0000] {docker.py:413} INFO - 24/04/25 12:44:26 INFO Executor: Fetching file:///opt/bitnami/spark/.ivy2/jars/org.apache.spark_spark-sql-kafka-0-10_2.12-3.5.0.jar with timestamp 1714049064455
[2024-04-25T12:44:26.630+0000] {docker.py:413} INFO - 24/04/25 12:44:26 INFO Utils: /opt/bitnami/spark/.ivy2/jars/org.apache.spark_spark-sql-kafka-0-10_2.12-3.5.0.jar has been previously copied to /tmp/spark-9481685c-3c72-4178-b76f-a9e4749808ba/userFiles-e913df1e-2086-467a-89c0-e8e728606c69/org.apache.spark_spark-sql-kafka-0-10_2.12-3.5.0.jar
[2024-04-25T12:44:26.642+0000] {docker.py:413} INFO - 24/04/25 12:44:26 INFO Executor: Fetching file:///opt/bitnami/spark/.ivy2/jars/org.apache.hadoop_hadoop-client-api-3.3.4.jar with timestamp 1714049064455
[2024-04-25T12:44:26.677+0000] {docker.py:413} INFO - 24/04/25 12:44:26 INFO Utils: /opt/bitnami/spark/.ivy2/jars/org.apache.hadoop_hadoop-client-api-3.3.4.jar has been previously copied to /tmp/spark-9481685c-3c72-4178-b76f-a9e4749808ba/userFiles-e913df1e-2086-467a-89c0-e8e728606c69/org.apache.hadoop_hadoop-client-api-3.3.4.jar
[2024-04-25T12:44:26.682+0000] {docker.py:413} INFO - 24/04/25 12:44:26 INFO Executor: Fetching file:///opt/bitnami/spark/.ivy2/jars/commons-logging_commons-logging-1.1.3.jar with timestamp 1714049064455
[2024-04-25T12:44:26.683+0000] {docker.py:413} INFO - 24/04/25 12:44:26 INFO Utils: /opt/bitnami/spark/.ivy2/jars/commons-logging_commons-logging-1.1.3.jar has been previously copied to /tmp/spark-9481685c-3c72-4178-b76f-a9e4749808ba/userFiles-e913df1e-2086-467a-89c0-e8e728606c69/commons-logging_commons-logging-1.1.3.jar
[2024-04-25T12:44:26.689+0000] {docker.py:413} INFO - 24/04/25 12:44:26 INFO Executor: Fetching file:///opt/bitnami/spark/.ivy2/jars/org.checkerframework_checker-qual-3.5.0.jar with timestamp 1714049064455
[2024-04-25T12:44:26.690+0000] {docker.py:413} INFO - 24/04/25 12:44:26 INFO Utils: /opt/bitnami/spark/.ivy2/jars/org.checkerframework_checker-qual-3.5.0.jar has been previously copied to /tmp/spark-9481685c-3c72-4178-b76f-a9e4749808ba/userFiles-e913df1e-2086-467a-89c0-e8e728606c69/org.checkerframework_checker-qual-3.5.0.jar
[2024-04-25T12:44:26.696+0000] {docker.py:413} INFO - 24/04/25 12:44:26 INFO Executor: Fetching file:///opt/bitnami/spark/.ivy2/jars/org.xerial.snappy_snappy-java-1.1.10.3.jar with timestamp 1714049064455
[2024-04-25T12:44:26.699+0000] {docker.py:413} INFO - 24/04/25 12:44:26 INFO Utils: /opt/bitnami/spark/.ivy2/jars/org.xerial.snappy_snappy-java-1.1.10.3.jar has been previously copied to /tmp/spark-9481685c-3c72-4178-b76f-a9e4749808ba/userFiles-e913df1e-2086-467a-89c0-e8e728606c69/org.xerial.snappy_snappy-java-1.1.10.3.jar
[2024-04-25T12:44:26.708+0000] {docker.py:413} INFO - 24/04/25 12:44:26 INFO Executor: Fetching spark://localhost:38191/jars/com.google.code.findbugs_jsr305-3.0.0.jar with timestamp 1714049064455
[2024-04-25T12:44:26.790+0000] {docker.py:413} INFO - 24/04/25 12:44:26 INFO TransportClientFactory: Successfully created connection to localhost/127.0.0.1:38191 after 50 ms (0 ms spent in bootstraps)
[2024-04-25T12:44:26.797+0000] {docker.py:413} INFO - 24/04/25 12:44:26 INFO Utils: Fetching spark://localhost:38191/jars/com.google.code.findbugs_jsr305-3.0.0.jar to /tmp/spark-9481685c-3c72-4178-b76f-a9e4749808ba/userFiles-e913df1e-2086-467a-89c0-e8e728606c69/fetchFileTemp450648252858907243.tmp
[2024-04-25T12:44:26.841+0000] {docker.py:413} INFO - 24/04/25 12:44:26 INFO Utils: /tmp/spark-9481685c-3c72-4178-b76f-a9e4749808ba/userFiles-e913df1e-2086-467a-89c0-e8e728606c69/fetchFileTemp450648252858907243.tmp has been previously copied to /tmp/spark-9481685c-3c72-4178-b76f-a9e4749808ba/userFiles-e913df1e-2086-467a-89c0-e8e728606c69/com.google.code.findbugs_jsr305-3.0.0.jar
[2024-04-25T12:44:26.850+0000] {docker.py:413} INFO - 24/04/25 12:44:26 INFO Executor: Adding file:/tmp/spark-9481685c-3c72-4178-b76f-a9e4749808ba/userFiles-e913df1e-2086-467a-89c0-e8e728606c69/com.google.code.findbugs_jsr305-3.0.0.jar to class loader default
[2024-04-25T12:44:26.852+0000] {docker.py:413} INFO - 24/04/25 12:44:26 INFO Executor: Fetching spark://localhost:38191/jars/org.slf4j_slf4j-api-2.0.7.jar with timestamp 1714049064455
24/04/25 12:44:26 INFO Utils: Fetching spark://localhost:38191/jars/org.slf4j_slf4j-api-2.0.7.jar to /tmp/spark-9481685c-3c72-4178-b76f-a9e4749808ba/userFiles-e913df1e-2086-467a-89c0-e8e728606c69/fetchFileTemp12771072627505100865.tmp
[2024-04-25T12:44:26.856+0000] {docker.py:413} INFO - 24/04/25 12:44:26 INFO Utils: /tmp/spark-9481685c-3c72-4178-b76f-a9e4749808ba/userFiles-e913df1e-2086-467a-89c0-e8e728606c69/fetchFileTemp12771072627505100865.tmp has been previously copied to /tmp/spark-9481685c-3c72-4178-b76f-a9e4749808ba/userFiles-e913df1e-2086-467a-89c0-e8e728606c69/org.slf4j_slf4j-api-2.0.7.jar
[2024-04-25T12:44:26.864+0000] {docker.py:413} INFO - 24/04/25 12:44:26 INFO Executor: Adding file:/tmp/spark-9481685c-3c72-4178-b76f-a9e4749808ba/userFiles-e913df1e-2086-467a-89c0-e8e728606c69/org.slf4j_slf4j-api-2.0.7.jar to class loader default
[2024-04-25T12:44:26.865+0000] {docker.py:413} INFO - 24/04/25 12:44:26 INFO Executor: Fetching spark://localhost:38191/jars/org.lz4_lz4-java-1.8.0.jar with timestamp 1714049064455
[2024-04-25T12:44:26.869+0000] {docker.py:413} INFO - 24/04/25 12:44:26 INFO Utils: Fetching spark://localhost:38191/jars/org.lz4_lz4-java-1.8.0.jar to /tmp/spark-9481685c-3c72-4178-b76f-a9e4749808ba/userFiles-e913df1e-2086-467a-89c0-e8e728606c69/fetchFileTemp8860333502645528376.tmp
[2024-04-25T12:44:26.881+0000] {docker.py:413} INFO - 24/04/25 12:44:26 INFO Utils: /tmp/spark-9481685c-3c72-4178-b76f-a9e4749808ba/userFiles-e913df1e-2086-467a-89c0-e8e728606c69/fetchFileTemp8860333502645528376.tmp has been previously copied to /tmp/spark-9481685c-3c72-4178-b76f-a9e4749808ba/userFiles-e913df1e-2086-467a-89c0-e8e728606c69/org.lz4_lz4-java-1.8.0.jar
[2024-04-25T12:44:26.889+0000] {docker.py:413} INFO - 24/04/25 12:44:26 INFO Executor: Adding file:/tmp/spark-9481685c-3c72-4178-b76f-a9e4749808ba/userFiles-e913df1e-2086-467a-89c0-e8e728606c69/org.lz4_lz4-java-1.8.0.jar to class loader default
[2024-04-25T12:44:26.890+0000] {docker.py:413} INFO - 24/04/25 12:44:26 INFO Executor: Fetching spark://localhost:38191/jars/org.apache.spark_spark-sql-kafka-0-10_2.12-3.5.0.jar with timestamp 1714049064455
[2024-04-25T12:44:26.892+0000] {docker.py:413} INFO - 24/04/25 12:44:26 INFO Utils: Fetching spark://localhost:38191/jars/org.apache.spark_spark-sql-kafka-0-10_2.12-3.5.0.jar to /tmp/spark-9481685c-3c72-4178-b76f-a9e4749808ba/userFiles-e913df1e-2086-467a-89c0-e8e728606c69/fetchFileTemp4801459466867728236.tmp
[2024-04-25T12:44:26.900+0000] {docker.py:413} INFO - 24/04/25 12:44:26 INFO Utils: /tmp/spark-9481685c-3c72-4178-b76f-a9e4749808ba/userFiles-e913df1e-2086-467a-89c0-e8e728606c69/fetchFileTemp4801459466867728236.tmp has been previously copied to /tmp/spark-9481685c-3c72-4178-b76f-a9e4749808ba/userFiles-e913df1e-2086-467a-89c0-e8e728606c69/org.apache.spark_spark-sql-kafka-0-10_2.12-3.5.0.jar
[2024-04-25T12:44:26.913+0000] {docker.py:413} INFO - 24/04/25 12:44:26 INFO Executor: Adding file:/tmp/spark-9481685c-3c72-4178-b76f-a9e4749808ba/userFiles-e913df1e-2086-467a-89c0-e8e728606c69/org.apache.spark_spark-sql-kafka-0-10_2.12-3.5.0.jar to class loader default
[2024-04-25T12:44:26.914+0000] {docker.py:413} INFO - 24/04/25 12:44:26 INFO Executor: Fetching spark://localhost:38191/jars/org.xerial.snappy_snappy-java-1.1.10.3.jar with timestamp 1714049064455
[2024-04-25T12:44:26.916+0000] {docker.py:413} INFO - 24/04/25 12:44:26 INFO Utils: Fetching spark://localhost:38191/jars/org.xerial.snappy_snappy-java-1.1.10.3.jar to /tmp/spark-9481685c-3c72-4178-b76f-a9e4749808ba/userFiles-e913df1e-2086-467a-89c0-e8e728606c69/fetchFileTemp120452434697869007.tmp
[2024-04-25T12:44:26.940+0000] {docker.py:413} INFO - 24/04/25 12:44:26 INFO Utils: /tmp/spark-9481685c-3c72-4178-b76f-a9e4749808ba/userFiles-e913df1e-2086-467a-89c0-e8e728606c69/fetchFileTemp120452434697869007.tmp has been previously copied to /tmp/spark-9481685c-3c72-4178-b76f-a9e4749808ba/userFiles-e913df1e-2086-467a-89c0-e8e728606c69/org.xerial.snappy_snappy-java-1.1.10.3.jar
[2024-04-25T12:44:26.946+0000] {docker.py:413} INFO - 24/04/25 12:44:26 INFO Executor: Adding file:/tmp/spark-9481685c-3c72-4178-b76f-a9e4749808ba/userFiles-e913df1e-2086-467a-89c0-e8e728606c69/org.xerial.snappy_snappy-java-1.1.10.3.jar to class loader default
[2024-04-25T12:44:26.950+0000] {docker.py:413} INFO - 24/04/25 12:44:26 INFO Executor: Fetching spark://localhost:38191/jars/org.checkerframework_checker-qual-3.5.0.jar with timestamp 1714049064455
24/04/25 12:44:26 INFO Utils: Fetching spark://localhost:38191/jars/org.checkerframework_checker-qual-3.5.0.jar to /tmp/spark-9481685c-3c72-4178-b76f-a9e4749808ba/userFiles-e913df1e-2086-467a-89c0-e8e728606c69/fetchFileTemp18406666214240821578.tmp
[2024-04-25T12:44:26.957+0000] {docker.py:413} INFO - 24/04/25 12:44:26 INFO Utils: /tmp/spark-9481685c-3c72-4178-b76f-a9e4749808ba/userFiles-e913df1e-2086-467a-89c0-e8e728606c69/fetchFileTemp18406666214240821578.tmp has been previously copied to /tmp/spark-9481685c-3c72-4178-b76f-a9e4749808ba/userFiles-e913df1e-2086-467a-89c0-e8e728606c69/org.checkerframework_checker-qual-3.5.0.jar
[2024-04-25T12:44:26.977+0000] {docker.py:413} INFO - 24/04/25 12:44:26 INFO Executor: Adding file:/tmp/spark-9481685c-3c72-4178-b76f-a9e4749808ba/userFiles-e913df1e-2086-467a-89c0-e8e728606c69/org.checkerframework_checker-qual-3.5.0.jar to class loader default
[2024-04-25T12:44:26.978+0000] {docker.py:413} INFO - 24/04/25 12:44:26 INFO Executor: Fetching spark://localhost:38191/jars/commons-logging_commons-logging-1.1.3.jar with timestamp 1714049064455
[2024-04-25T12:44:26.985+0000] {docker.py:413} INFO - 24/04/25 12:44:26 INFO Utils: Fetching spark://localhost:38191/jars/commons-logging_commons-logging-1.1.3.jar to /tmp/spark-9481685c-3c72-4178-b76f-a9e4749808ba/userFiles-e913df1e-2086-467a-89c0-e8e728606c69/fetchFileTemp10166414974933075310.tmp
[2024-04-25T12:44:26.987+0000] {docker.py:413} INFO - 24/04/25 12:44:26 INFO Utils: /tmp/spark-9481685c-3c72-4178-b76f-a9e4749808ba/userFiles-e913df1e-2086-467a-89c0-e8e728606c69/fetchFileTemp10166414974933075310.tmp has been previously copied to /tmp/spark-9481685c-3c72-4178-b76f-a9e4749808ba/userFiles-e913df1e-2086-467a-89c0-e8e728606c69/commons-logging_commons-logging-1.1.3.jar
[2024-04-25T12:44:27.012+0000] {docker.py:413} INFO - 24/04/25 12:44:27 INFO Executor: Adding file:/tmp/spark-9481685c-3c72-4178-b76f-a9e4749808ba/userFiles-e913df1e-2086-467a-89c0-e8e728606c69/commons-logging_commons-logging-1.1.3.jar to class loader default
[2024-04-25T12:44:27.013+0000] {docker.py:413} INFO - 24/04/25 12:44:27 INFO Executor: Fetching spark://localhost:38191/jars/org.postgresql_postgresql-42.5.4.jar with timestamp 1714049064455
[2024-04-25T12:44:27.014+0000] {docker.py:413} INFO - 24/04/25 12:44:27 INFO Utils: Fetching spark://localhost:38191/jars/org.postgresql_postgresql-42.5.4.jar to /tmp/spark-9481685c-3c72-4178-b76f-a9e4749808ba/userFiles-e913df1e-2086-467a-89c0-e8e728606c69/fetchFileTemp16833384159735721018.tmp
[2024-04-25T12:44:27.032+0000] {docker.py:413} INFO - 24/04/25 12:44:27 INFO Utils: /tmp/spark-9481685c-3c72-4178-b76f-a9e4749808ba/userFiles-e913df1e-2086-467a-89c0-e8e728606c69/fetchFileTemp16833384159735721018.tmp has been previously copied to /tmp/spark-9481685c-3c72-4178-b76f-a9e4749808ba/userFiles-e913df1e-2086-467a-89c0-e8e728606c69/org.postgresql_postgresql-42.5.4.jar
[2024-04-25T12:44:27.043+0000] {docker.py:413} INFO - 24/04/25 12:44:27 INFO Executor: Adding file:/tmp/spark-9481685c-3c72-4178-b76f-a9e4749808ba/userFiles-e913df1e-2086-467a-89c0-e8e728606c69/org.postgresql_postgresql-42.5.4.jar to class loader default
[2024-04-25T12:44:27.044+0000] {docker.py:413} INFO - 24/04/25 12:44:27 INFO Executor: Fetching spark://localhost:38191/jars/org.apache.kafka_kafka-clients-3.4.1.jar with timestamp 1714049064455
[2024-04-25T12:44:27.045+0000] {docker.py:413} INFO - 24/04/25 12:44:27 INFO Utils: Fetching spark://localhost:38191/jars/org.apache.kafka_kafka-clients-3.4.1.jar to /tmp/spark-9481685c-3c72-4178-b76f-a9e4749808ba/userFiles-e913df1e-2086-467a-89c0-e8e728606c69/fetchFileTemp11171118295671588585.tmp
[2024-04-25T12:44:27.100+0000] {docker.py:413} INFO - 24/04/25 12:44:27 INFO Utils: /tmp/spark-9481685c-3c72-4178-b76f-a9e4749808ba/userFiles-e913df1e-2086-467a-89c0-e8e728606c69/fetchFileTemp11171118295671588585.tmp has been previously copied to /tmp/spark-9481685c-3c72-4178-b76f-a9e4749808ba/userFiles-e913df1e-2086-467a-89c0-e8e728606c69/org.apache.kafka_kafka-clients-3.4.1.jar
[2024-04-25T12:44:27.119+0000] {docker.py:413} INFO - 24/04/25 12:44:27 INFO Executor: Adding file:/tmp/spark-9481685c-3c72-4178-b76f-a9e4749808ba/userFiles-e913df1e-2086-467a-89c0-e8e728606c69/org.apache.kafka_kafka-clients-3.4.1.jar to class loader default
[2024-04-25T12:44:27.120+0000] {docker.py:413} INFO - 24/04/25 12:44:27 INFO Executor: Fetching spark://localhost:38191/jars/org.apache.spark_spark-token-provider-kafka-0-10_2.12-3.5.0.jar with timestamp 1714049064455
[2024-04-25T12:44:27.121+0000] {docker.py:413} INFO - 24/04/25 12:44:27 INFO Utils: Fetching spark://localhost:38191/jars/org.apache.spark_spark-token-provider-kafka-0-10_2.12-3.5.0.jar to /tmp/spark-9481685c-3c72-4178-b76f-a9e4749808ba/userFiles-e913df1e-2086-467a-89c0-e8e728606c69/fetchFileTemp12305949360919623840.tmp
[2024-04-25T12:44:27.124+0000] {docker.py:413} INFO - 24/04/25 12:44:27 INFO Utils: /tmp/spark-9481685c-3c72-4178-b76f-a9e4749808ba/userFiles-e913df1e-2086-467a-89c0-e8e728606c69/fetchFileTemp12305949360919623840.tmp has been previously copied to /tmp/spark-9481685c-3c72-4178-b76f-a9e4749808ba/userFiles-e913df1e-2086-467a-89c0-e8e728606c69/org.apache.spark_spark-token-provider-kafka-0-10_2.12-3.5.0.jar
[2024-04-25T12:44:27.131+0000] {docker.py:413} INFO - 24/04/25 12:44:27 INFO Executor: Adding file:/tmp/spark-9481685c-3c72-4178-b76f-a9e4749808ba/userFiles-e913df1e-2086-467a-89c0-e8e728606c69/org.apache.spark_spark-token-provider-kafka-0-10_2.12-3.5.0.jar to class loader default
[2024-04-25T12:44:27.131+0000] {docker.py:413} INFO - 24/04/25 12:44:27 INFO Executor: Fetching spark://localhost:38191/jars/org.apache.hadoop_hadoop-client-api-3.3.4.jar with timestamp 1714049064455
[2024-04-25T12:44:27.132+0000] {docker.py:413} INFO - 24/04/25 12:44:27 INFO Utils: Fetching spark://localhost:38191/jars/org.apache.hadoop_hadoop-client-api-3.3.4.jar to /tmp/spark-9481685c-3c72-4178-b76f-a9e4749808ba/userFiles-e913df1e-2086-467a-89c0-e8e728606c69/fetchFileTemp13702194467225334440.tmp
[2024-04-25T12:44:27.261+0000] {docker.py:413} INFO - 24/04/25 12:44:27 INFO Utils: /tmp/spark-9481685c-3c72-4178-b76f-a9e4749808ba/userFiles-e913df1e-2086-467a-89c0-e8e728606c69/fetchFileTemp13702194467225334440.tmp has been previously copied to /tmp/spark-9481685c-3c72-4178-b76f-a9e4749808ba/userFiles-e913df1e-2086-467a-89c0-e8e728606c69/org.apache.hadoop_hadoop-client-api-3.3.4.jar
[2024-04-25T12:44:27.271+0000] {docker.py:413} INFO - 24/04/25 12:44:27 INFO Executor: Adding file:/tmp/spark-9481685c-3c72-4178-b76f-a9e4749808ba/userFiles-e913df1e-2086-467a-89c0-e8e728606c69/org.apache.hadoop_hadoop-client-api-3.3.4.jar to class loader default
[2024-04-25T12:44:27.272+0000] {docker.py:413} INFO - 24/04/25 12:44:27 INFO Executor: Fetching spark://localhost:38191/jars/org.apache.commons_commons-pool2-2.11.1.jar with timestamp 1714049064455
24/04/25 12:44:27 INFO Utils: Fetching spark://localhost:38191/jars/org.apache.commons_commons-pool2-2.11.1.jar to /tmp/spark-9481685c-3c72-4178-b76f-a9e4749808ba/userFiles-e913df1e-2086-467a-89c0-e8e728606c69/fetchFileTemp7706079751197650352.tmp
[2024-04-25T12:44:27.275+0000] {docker.py:413} INFO - 24/04/25 12:44:27 INFO Utils: /tmp/spark-9481685c-3c72-4178-b76f-a9e4749808ba/userFiles-e913df1e-2086-467a-89c0-e8e728606c69/fetchFileTemp7706079751197650352.tmp has been previously copied to /tmp/spark-9481685c-3c72-4178-b76f-a9e4749808ba/userFiles-e913df1e-2086-467a-89c0-e8e728606c69/org.apache.commons_commons-pool2-2.11.1.jar
[2024-04-25T12:44:27.281+0000] {docker.py:413} INFO - 24/04/25 12:44:27 INFO Executor: Adding file:/tmp/spark-9481685c-3c72-4178-b76f-a9e4749808ba/userFiles-e913df1e-2086-467a-89c0-e8e728606c69/org.apache.commons_commons-pool2-2.11.1.jar to class loader default
[2024-04-25T12:44:27.281+0000] {docker.py:413} INFO - 24/04/25 12:44:27 INFO Executor: Fetching spark://localhost:38191/jars/org.apache.hadoop_hadoop-client-runtime-3.3.4.jar with timestamp 1714049064455
[2024-04-25T12:44:27.282+0000] {docker.py:413} INFO - 24/04/25 12:44:27 INFO Utils: Fetching spark://localhost:38191/jars/org.apache.hadoop_hadoop-client-runtime-3.3.4.jar to /tmp/spark-9481685c-3c72-4178-b76f-a9e4749808ba/userFiles-e913df1e-2086-467a-89c0-e8e728606c69/fetchFileTemp7038449829995201795.tmp
[2024-04-25T12:44:27.518+0000] {docker.py:413} INFO - 24/04/25 12:44:27 INFO Utils: /tmp/spark-9481685c-3c72-4178-b76f-a9e4749808ba/userFiles-e913df1e-2086-467a-89c0-e8e728606c69/fetchFileTemp7038449829995201795.tmp has been previously copied to /tmp/spark-9481685c-3c72-4178-b76f-a9e4749808ba/userFiles-e913df1e-2086-467a-89c0-e8e728606c69/org.apache.hadoop_hadoop-client-runtime-3.3.4.jar
[2024-04-25T12:44:27.529+0000] {docker.py:413} INFO - 24/04/25 12:44:27 INFO Executor: Adding file:/tmp/spark-9481685c-3c72-4178-b76f-a9e4749808ba/userFiles-e913df1e-2086-467a-89c0-e8e728606c69/org.apache.hadoop_hadoop-client-runtime-3.3.4.jar to class loader default
[2024-04-25T12:44:27.542+0000] {docker.py:413} INFO - 24/04/25 12:44:27 INFO Utils: Successfully started service 'org.apache.spark.network.netty.NettyBlockTransferService' on port 35803.
[2024-04-25T12:44:27.543+0000] {docker.py:413} INFO - 24/04/25 12:44:27 INFO NettyBlockTransferService: Server created on localhost:35803
[2024-04-25T12:44:27.544+0000] {docker.py:413} INFO - 24/04/25 12:44:27 INFO BlockManager: Using org.apache.spark.storage.RandomBlockReplicationPolicy for block replication policy
[2024-04-25T12:44:27.552+0000] {docker.py:413} INFO - 24/04/25 12:44:27 INFO BlockManagerMaster: Registering BlockManager BlockManagerId(driver, localhost, 35803, None)
[2024-04-25T12:44:27.557+0000] {docker.py:413} INFO - 24/04/25 12:44:27 INFO BlockManagerMasterEndpoint: Registering block manager localhost:35803 with 434.4 MiB RAM, BlockManagerId(driver, localhost, 35803, None)
[2024-04-25T12:44:27.559+0000] {docker.py:413} INFO - 24/04/25 12:44:27 INFO BlockManagerMaster: Registered BlockManager BlockManagerId(driver, localhost, 35803, None)
[2024-04-25T12:44:27.561+0000] {docker.py:413} INFO - 24/04/25 12:44:27 INFO BlockManager: Initialized BlockManager: BlockManagerId(driver, localhost, 35803, None)
[2024-04-25T12:44:28.177+0000] {docker.py:413} INFO - 2024-04-25 12:44:28,176:create_spark_session:INFO:Spark session created successfully
[2024-04-25T12:44:28.188+0000] {docker.py:413} INFO - 24/04/25 12:44:28 INFO SharedState: Setting hive.metastore.warehouse.dir ('null') to the value of spark.sql.warehouse.dir.
[2024-04-25T12:44:28.192+0000] {docker.py:413} INFO - 24/04/25 12:44:28 INFO SharedState: Warehouse path is 'file:/opt/bitnami/spark/spark-warehouse'.
[2024-04-25T12:44:30.917+0000] {docker.py:413} INFO - 2024-04-25 12:44:30,916:create_initial_dataframe:INFO:Initial dataframe created successfully
[2024-04-25T12:44:32.063+0000] {docker.py:413} INFO - Traceback (most recent call last):
  File "/opt/bitnami/spark/spark_streaming.py", line 103, in <module>
[2024-04-25T12:44:32.064+0000] {docker.py:413} INFO - write_to_postgres()
  File "/opt/bitnami/spark/spark_streaming.py", line 99, in write_to_postgres
    start_streaming(df_final, spark=spark)
[2024-04-25T12:44:32.065+0000] {docker.py:413} INFO - File "/opt/bitnami/spark/spark_streaming.py", line 73, in start_streaming
    existing_data_df = spark.read.jdbc(
                       ^^^^^^^^^^^^^^^^
  File "/opt/bitnami/spark/python/lib/pyspark.zip/pyspark/sql/readwriter.py", line 946, in jdbc
  File "/opt/bitnami/spark/python/lib/py4j-0.10.9.7-src.zip/py4j/java_gateway.py", line 1322, in __call__
[2024-04-25T12:44:32.065+0000] {docker.py:413} INFO - File "/opt/bitnami/spark/python/lib/pyspark.zip/pyspark/errors/exceptions/captured.py", line 179, in deco
[2024-04-25T12:44:32.066+0000] {docker.py:413} INFO - File "/opt/bitnami/spark/python/lib/py4j-0.10.9.7-src.zip/py4j/protocol.py", line 326, in get_return_value
py4j.protocol.Py4JJavaError
[2024-04-25T12:44:32.067+0000] {docker.py:413} INFO - : An error occurred while calling o50.jdbc.
: org.postgresql.util.PSQLException: The connection attempt failed.
	at org.postgresql.core.v3.ConnectionFactoryImpl.openConnectionImpl(ConnectionFactoryImpl.java:354)
	at org.postgresql.core.ConnectionFactory.openConnection(ConnectionFactory.java:54)
	at org.postgresql.jdbc.PgConnection.<init>(PgConnection.java:253)
	at org.postgresql.Driver.makeConnection(Driver.java:434)
	at org.postgresql.Driver.connect(Driver.java:291)
	at org.apache.spark.sql.execution.datasources.jdbc.connection.BasicConnectionProvider.getConnection(BasicConnectionProvider.scala:49)
	at org.apache.spark.sql.execution.datasources.jdbc.connection.ConnectionProviderBase.create(ConnectionProvider.scala:102)
	at org.apache.spark.sql.jdbc.JdbcDialect.$anonfun$createConnectionFactory$1(JdbcDialects.scala:160)
	at org.apache.spark.sql.jdbc.JdbcDialect.$anonfun$createConnectionFactory$1$adapted(JdbcDialects.scala:156)
	at org.apache.spark.sql.execution.datasources.jdbc.JDBCRDD$.getQueryOutputSchema(JDBCRDD.scala:63)
	at org.apache.spark.sql.execution.datasources.jdbc.JDBCRDD$.resolveTable(JDBCRDD.scala:58)
	at org.apache.spark.sql.execution.datasources.jdbc.JDBCRelation$.getSchema(JDBCRelation.scala:241)
	at org.apache.spark.sql.execution.datasources.jdbc.JdbcRelationProvider.createRelation(JdbcRelationProvider.scala:37)
	at org.apache.spark.sql.execution.datasources.DataSource.resolveRelation(DataSource.scala:346)
	at org.apache.spark.sql.DataFrameReader.loadV1Source(DataFrameReader.scala:229)
	at org.apache.spark.sql.DataFrameReader.$anonfun$load$2(DataFrameReader.scala:211)
	at scala.Option.getOrElse(Option.scala:189)
	at org.apache.spark.sql.DataFrameReader.load(DataFrameReader.scala:211)
	at org.apache.spark.sql.DataFrameReader.load(DataFrameReader.scala:172)
	at org.apache.spark.sql.DataFrameReader.jdbc(DataFrameReader.scala:249)
	at java.base/jdk.internal.reflect.NativeMethodAccessorImpl.invoke0(Native Method)
	at java.base/jdk.internal.reflect.NativeMethodAccessorImpl.invoke(NativeMethodAccessorImpl.java:77)
	at java.base/jdk.internal.reflect.DelegatingMethodAccessorImpl.invoke(DelegatingMethodAccessorImpl.java:43)
	at java.base/java.lang.reflect.Method.invoke(Method.java:568)
	at py4j.reflection.MethodInvoker.invoke(MethodInvoker.java:244)
	at py4j.reflection.ReflectionEngine.invoke(ReflectionEngine.java:374)
	at py4j.Gateway.invoke(Gateway.java:282)
	at py4j.commands.AbstractCommand.invokeMethod(AbstractCommand.java:132)
	at py4j.commands.CallCommand.execute(CallCommand.java:79)
	at py4j.ClientServerConnection.waitForCommands(ClientServerConnection.java:182)
	at py4j.ClientServerConnection.run(ClientServerConnection.java:106)
	at java.base/java.lang.Thread.run(Thread.java:840)
Caused by: java.net.UnknownHostException: host.docker.internal
	at java.base/sun.nio.ch.NioSocketImpl.connect(NioSocketImpl.java:572)
	at java.base/java.net.SocksSocketImpl.connect(SocksSocketImpl.java:327)
	at java.base/java.net.Socket.connect(Socket.java:633)
	at org.postgresql.core.PGStream.createSocket(PGStream.java:243)
	at org.postgresql.core.PGStream.<init>(PGStream.java:98)
	at org.postgresql.core.v3.ConnectionFactoryImpl.tryConnect(ConnectionFactoryImpl.java:132)
	at org.postgresql.core.v3.ConnectionFactoryImpl.openConnectionImpl(ConnectionFactoryImpl.java:258)
	... 31 more
[2024-04-25T12:44:32.067+0000] {docker.py:413} INFO - 2024-04-25 12:44:32,067:close:INFO:Closing down clientserver connection
[2024-04-25T12:44:32.148+0000] {docker.py:413} INFO - 24/04/25 12:44:32 INFO SparkContext: Invoking stop() from shutdown hook
[2024-04-25T12:44:32.148+0000] {docker.py:413} INFO - 24/04/25 12:44:32 INFO SparkContext: SparkContext is stopping with exitCode 0.
[2024-04-25T12:44:32.166+0000] {docker.py:413} INFO - 24/04/25 12:44:32 INFO SparkUI: Stopped Spark web UI at http://localhost:4040
[2024-04-25T12:44:32.184+0000] {docker.py:413} INFO - 24/04/25 12:44:32 INFO MapOutputTrackerMasterEndpoint: MapOutputTrackerMasterEndpoint stopped!
[2024-04-25T12:44:32.202+0000] {docker.py:413} INFO - 24/04/25 12:44:32 INFO MemoryStore: MemoryStore cleared
[2024-04-25T12:44:32.203+0000] {docker.py:413} INFO - 24/04/25 12:44:32 INFO BlockManager: BlockManager stopped
[2024-04-25T12:44:32.214+0000] {docker.py:413} INFO - 24/04/25 12:44:32 INFO BlockManagerMaster: BlockManagerMaster stopped
[2024-04-25T12:44:32.218+0000] {docker.py:413} INFO - 24/04/25 12:44:32 INFO OutputCommitCoordinator$OutputCommitCoordinatorEndpoint: OutputCommitCoordinator stopped!
[2024-04-25T12:44:32.254+0000] {docker.py:413} INFO - 24/04/25 12:44:32 INFO SparkContext: Successfully stopped SparkContext
[2024-04-25T12:44:32.255+0000] {docker.py:413} INFO - 24/04/25 12:44:32 INFO ShutdownHookManager: Shutdown hook called
[2024-04-25T12:44:32.256+0000] {docker.py:413} INFO - 24/04/25 12:44:32 INFO ShutdownHookManager: Deleting directory /tmp/spark-9481685c-3c72-4178-b76f-a9e4749808ba
[2024-04-25T12:44:32.263+0000] {docker.py:413} INFO - 24/04/25 12:44:32 INFO ShutdownHookManager: Deleting directory /tmp/spark-9481685c-3c72-4178-b76f-a9e4749808ba/pyspark-67cc3f16-4219-48e3-8bea-fde167ea1add
[2024-04-25T12:44:32.269+0000] {docker.py:413} INFO - 24/04/25 12:44:32 INFO ShutdownHookManager: Deleting directory /tmp/spark-5b0d04f9-f64d-4b99-a95d-adee3b726cb6
[2024-04-25T12:44:33.431+0000] {taskinstance.py:1937} ERROR - Task failed with exception
Traceback (most recent call last):
  File "/home/airflow/.local/lib/python3.8/site-packages/docker/api/client.py", line 268, in _raise_for_status
    response.raise_for_status()
  File "/home/airflow/.local/lib/python3.8/site-packages/requests/models.py", line 1021, in raise_for_status
    raise HTTPError(http_error_msg, response=self)
requests.exceptions.HTTPError: 400 Client Error: Bad Request for url: http://docker-proxy:2375/v1.45/containers/create

The above exception was the direct cause of the following exception:

Traceback (most recent call last):
  File "/home/airflow/.local/lib/python3.8/site-packages/airflow/providers/docker/operators/docker.py", line 348, in _run_image
    return self._run_image_with_mounts([*self.mounts, tmp_mount], add_tmp_variable=True)
  File "/home/airflow/.local/lib/python3.8/site-packages/airflow/providers/docker/operators/docker.py", line 375, in _run_image_with_mounts
    self.container = self.cli.create_container(
  File "/home/airflow/.local/lib/python3.8/site-packages/docker/api/container.py", line 431, in create_container
    return self.create_container_from_config(config, name, platform)
  File "/home/airflow/.local/lib/python3.8/site-packages/docker/api/container.py", line 448, in create_container_from_config
    return self._result(res, True)
  File "/home/airflow/.local/lib/python3.8/site-packages/docker/api/client.py", line 274, in _result
    self._raise_for_status(response)
  File "/home/airflow/.local/lib/python3.8/site-packages/docker/api/client.py", line 270, in _raise_for_status
    raise create_api_error_from_http_exception(e) from e
  File "/home/airflow/.local/lib/python3.8/site-packages/docker/errors.py", line 39, in create_api_error_from_http_exception
    raise cls(e, response=response, explanation=explanation) from e
docker.errors.APIError: 400 Client Error for http://docker-proxy:2375/v1.45/containers/create: Bad Request ("invalid mount config for type "bind": bind source path does not exist: /tmp/airflowtmpicfgdvwn")

During handling of the above exception, another exception occurred:

Traceback (most recent call last):
  File "/home/airflow/.local/lib/python3.8/site-packages/airflow/providers/docker/operators/docker.py", line 486, in execute
    return self._run_image()
  File "/home/airflow/.local/lib/python3.8/site-packages/airflow/providers/docker/operators/docker.py", line 357, in _run_image
    return self._run_image_with_mounts(self.mounts, add_tmp_variable=False)
  File "/home/airflow/.local/lib/python3.8/site-packages/airflow/providers/docker/operators/docker.py", line 421, in _run_image_with_mounts
    raise DockerContainerFailedException(f"Docker container failed: {result!r}", logs=log_lines)
airflow.providers.docker.exceptions.DockerContainerFailedException: Docker container failed: {'StatusCode': 1}
[2024-04-25T12:44:33.439+0000] {taskinstance.py:1400} INFO - Marking task as FAILED. dag_id=kafka_spark_dag, task_id=pyspark_consumer, execution_date=20240424T124135, start_date=20240425T124406, end_date=20240425T124433
[2024-04-25T12:44:33.459+0000] {standard_task_runner.py:104} ERROR - Failed to execute job 6 for task pyspark_consumer (Docker container failed: {'StatusCode': 1}; 3140)
[2024-04-25T12:44:33.482+0000] {local_task_job_runner.py:228} INFO - Task exited with return code 1
[2024-04-25T12:44:33.505+0000] {taskinstance.py:2778} INFO - 0 downstream tasks scheduled from follow-on schedule check
