[2024-04-25T12:38:06.642+0000] {processor.py:157} INFO - Started process (PID=373) to work on /home/airflow/.local/lib/python3.8/site-packages/airflow/example_dags/example_latest_only.py
[2024-04-25T12:38:06.644+0000] {processor.py:829} INFO - Processing file /home/airflow/.local/lib/python3.8/site-packages/airflow/example_dags/example_latest_only.py for tasks to queue
[2024-04-25T12:38:06.645+0000] {logging_mixin.py:154} INFO - [2024-04-25T12:38:06.644+0000] {dagbag.py:536} INFO - Filling up the DagBag from /home/airflow/.local/lib/python3.8/site-packages/airflow/example_dags/example_latest_only.py
[2024-04-25T12:38:06.656+0000] {processor.py:839} INFO - DAG(s) dict_keys(['latest_only']) retrieved from /home/airflow/.local/lib/python3.8/site-packages/airflow/example_dags/example_latest_only.py
[2024-04-25T12:38:06.849+0000] {logging_mixin.py:154} INFO - [2024-04-25T12:38:06.848+0000] {manager.py:499} INFO - Created Permission View: %s
[2024-04-25T12:38:06.872+0000] {logging_mixin.py:154} INFO - [2024-04-25T12:38:06.872+0000] {manager.py:499} INFO - Created Permission View: %s
[2024-04-25T12:38:06.884+0000] {logging_mixin.py:154} INFO - [2024-04-25T12:38:06.884+0000] {manager.py:499} INFO - Created Permission View: %s
[2024-04-25T12:38:06.885+0000] {logging_mixin.py:154} INFO - [2024-04-25T12:38:06.885+0000] {dag.py:2941} INFO - Sync 1 DAGs
[2024-04-25T12:38:06.911+0000] {logging_mixin.py:154} INFO - [2024-04-25T12:38:06.911+0000] {dag.py:2963} INFO - Creating ORM DAG for latest_only
[2024-04-25T12:38:06.932+0000] {logging_mixin.py:154} INFO - [2024-04-25T12:38:06.931+0000] {dag.py:3722} INFO - Setting next_dagrun for latest_only to 2024-04-25T08:38:06.931151+00:00, run_after=2024-04-25T12:38:06.931151+00:00
[2024-04-25T12:38:06.967+0000] {processor.py:179} INFO - Processing /home/airflow/.local/lib/python3.8/site-packages/airflow/example_dags/example_latest_only.py took 0.330 seconds
[2024-04-25T12:38:37.038+0000] {processor.py:157} INFO - Started process (PID=623) to work on /home/airflow/.local/lib/python3.8/site-packages/airflow/example_dags/example_latest_only.py
[2024-04-25T12:38:37.044+0000] {processor.py:829} INFO - Processing file /home/airflow/.local/lib/python3.8/site-packages/airflow/example_dags/example_latest_only.py for tasks to queue
[2024-04-25T12:38:37.045+0000] {logging_mixin.py:154} INFO - [2024-04-25T12:38:37.045+0000] {dagbag.py:536} INFO - Filling up the DagBag from /home/airflow/.local/lib/python3.8/site-packages/airflow/example_dags/example_latest_only.py
[2024-04-25T12:38:37.056+0000] {processor.py:839} INFO - DAG(s) dict_keys(['latest_only']) retrieved from /home/airflow/.local/lib/python3.8/site-packages/airflow/example_dags/example_latest_only.py
[2024-04-25T12:38:37.087+0000] {logging_mixin.py:154} INFO - [2024-04-25T12:38:37.086+0000] {dag.py:2941} INFO - Sync 1 DAGs
[2024-04-25T12:38:37.127+0000] {logging_mixin.py:154} INFO - [2024-04-25T12:38:37.127+0000] {dag.py:3722} INFO - Setting next_dagrun for latest_only to 2024-04-25T08:38:37.127007+00:00, run_after=2024-04-25T12:38:37.127007+00:00
[2024-04-25T12:38:37.156+0000] {processor.py:179} INFO - Processing /home/airflow/.local/lib/python3.8/site-packages/airflow/example_dags/example_latest_only.py took 0.124 seconds
[2024-04-25T12:39:07.481+0000] {processor.py:157} INFO - Started process (PID=865) to work on /home/airflow/.local/lib/python3.8/site-packages/airflow/example_dags/example_latest_only.py
[2024-04-25T12:39:07.482+0000] {processor.py:829} INFO - Processing file /home/airflow/.local/lib/python3.8/site-packages/airflow/example_dags/example_latest_only.py for tasks to queue
[2024-04-25T12:39:07.484+0000] {logging_mixin.py:154} INFO - [2024-04-25T12:39:07.483+0000] {dagbag.py:536} INFO - Filling up the DagBag from /home/airflow/.local/lib/python3.8/site-packages/airflow/example_dags/example_latest_only.py
[2024-04-25T12:39:07.495+0000] {processor.py:839} INFO - DAG(s) dict_keys(['latest_only']) retrieved from /home/airflow/.local/lib/python3.8/site-packages/airflow/example_dags/example_latest_only.py
[2024-04-25T12:39:07.530+0000] {logging_mixin.py:154} INFO - [2024-04-25T12:39:07.530+0000] {dag.py:2941} INFO - Sync 1 DAGs
[2024-04-25T12:39:07.570+0000] {logging_mixin.py:154} INFO - [2024-04-25T12:39:07.569+0000] {dag.py:3722} INFO - Setting next_dagrun for latest_only to 2024-04-25T08:39:07.569501+00:00, run_after=2024-04-25T12:39:07.569501+00:00
[2024-04-25T12:39:07.602+0000] {processor.py:179} INFO - Processing /home/airflow/.local/lib/python3.8/site-packages/airflow/example_dags/example_latest_only.py took 0.127 seconds
[2024-04-25T12:39:38.032+0000] {processor.py:157} INFO - Started process (PID=1110) to work on /home/airflow/.local/lib/python3.8/site-packages/airflow/example_dags/example_latest_only.py
[2024-04-25T12:39:38.034+0000] {processor.py:829} INFO - Processing file /home/airflow/.local/lib/python3.8/site-packages/airflow/example_dags/example_latest_only.py for tasks to queue
[2024-04-25T12:39:38.036+0000] {logging_mixin.py:154} INFO - [2024-04-25T12:39:38.035+0000] {dagbag.py:536} INFO - Filling up the DagBag from /home/airflow/.local/lib/python3.8/site-packages/airflow/example_dags/example_latest_only.py
[2024-04-25T12:39:38.045+0000] {processor.py:839} INFO - DAG(s) dict_keys(['latest_only']) retrieved from /home/airflow/.local/lib/python3.8/site-packages/airflow/example_dags/example_latest_only.py
[2024-04-25T12:39:38.077+0000] {logging_mixin.py:154} INFO - [2024-04-25T12:39:38.077+0000] {dag.py:2941} INFO - Sync 1 DAGs
[2024-04-25T12:39:38.108+0000] {logging_mixin.py:154} INFO - [2024-04-25T12:39:38.108+0000] {dag.py:3722} INFO - Setting next_dagrun for latest_only to 2024-04-25T08:39:38.108104+00:00, run_after=2024-04-25T12:39:38.108104+00:00
[2024-04-25T12:39:38.134+0000] {processor.py:179} INFO - Processing /home/airflow/.local/lib/python3.8/site-packages/airflow/example_dags/example_latest_only.py took 0.109 seconds
[2024-04-25T12:40:08.948+0000] {processor.py:157} INFO - Started process (PID=1346) to work on /home/airflow/.local/lib/python3.8/site-packages/airflow/example_dags/example_latest_only.py
[2024-04-25T12:40:08.950+0000] {processor.py:829} INFO - Processing file /home/airflow/.local/lib/python3.8/site-packages/airflow/example_dags/example_latest_only.py for tasks to queue
[2024-04-25T12:40:08.952+0000] {logging_mixin.py:154} INFO - [2024-04-25T12:40:08.951+0000] {dagbag.py:536} INFO - Filling up the DagBag from /home/airflow/.local/lib/python3.8/site-packages/airflow/example_dags/example_latest_only.py
[2024-04-25T12:40:08.965+0000] {processor.py:839} INFO - DAG(s) dict_keys(['latest_only']) retrieved from /home/airflow/.local/lib/python3.8/site-packages/airflow/example_dags/example_latest_only.py
[2024-04-25T12:40:09.000+0000] {logging_mixin.py:154} INFO - [2024-04-25T12:40:08.999+0000] {dag.py:2941} INFO - Sync 1 DAGs
[2024-04-25T12:40:09.036+0000] {logging_mixin.py:154} INFO - [2024-04-25T12:40:09.036+0000] {dag.py:3722} INFO - Setting next_dagrun for latest_only to 2024-04-25T08:40:09.036150+00:00, run_after=2024-04-25T12:40:09.036150+00:00
[2024-04-25T12:40:09.060+0000] {processor.py:179} INFO - Processing /home/airflow/.local/lib/python3.8/site-packages/airflow/example_dags/example_latest_only.py took 0.120 seconds
[2024-04-25T12:40:39.504+0000] {processor.py:157} INFO - Started process (PID=1589) to work on /home/airflow/.local/lib/python3.8/site-packages/airflow/example_dags/example_latest_only.py
[2024-04-25T12:40:39.506+0000] {processor.py:829} INFO - Processing file /home/airflow/.local/lib/python3.8/site-packages/airflow/example_dags/example_latest_only.py for tasks to queue
[2024-04-25T12:40:39.508+0000] {logging_mixin.py:154} INFO - [2024-04-25T12:40:39.507+0000] {dagbag.py:536} INFO - Filling up the DagBag from /home/airflow/.local/lib/python3.8/site-packages/airflow/example_dags/example_latest_only.py
[2024-04-25T12:40:39.520+0000] {processor.py:839} INFO - DAG(s) dict_keys(['latest_only']) retrieved from /home/airflow/.local/lib/python3.8/site-packages/airflow/example_dags/example_latest_only.py
[2024-04-25T12:40:39.564+0000] {logging_mixin.py:154} INFO - [2024-04-25T12:40:39.564+0000] {dag.py:2941} INFO - Sync 1 DAGs
[2024-04-25T12:40:39.621+0000] {logging_mixin.py:154} INFO - [2024-04-25T12:40:39.621+0000] {dag.py:3722} INFO - Setting next_dagrun for latest_only to 2024-04-25T08:40:39.620536+00:00, run_after=2024-04-25T12:40:39.620536+00:00
[2024-04-25T12:40:39.663+0000] {processor.py:179} INFO - Processing /home/airflow/.local/lib/python3.8/site-packages/airflow/example_dags/example_latest_only.py took 0.167 seconds
[2024-04-25T12:41:10.243+0000] {processor.py:157} INFO - Started process (PID=1827) to work on /home/airflow/.local/lib/python3.8/site-packages/airflow/example_dags/example_latest_only.py
[2024-04-25T12:41:10.245+0000] {processor.py:829} INFO - Processing file /home/airflow/.local/lib/python3.8/site-packages/airflow/example_dags/example_latest_only.py for tasks to queue
[2024-04-25T12:41:10.247+0000] {logging_mixin.py:154} INFO - [2024-04-25T12:41:10.246+0000] {dagbag.py:536} INFO - Filling up the DagBag from /home/airflow/.local/lib/python3.8/site-packages/airflow/example_dags/example_latest_only.py
[2024-04-25T12:41:10.257+0000] {processor.py:839} INFO - DAG(s) dict_keys(['latest_only']) retrieved from /home/airflow/.local/lib/python3.8/site-packages/airflow/example_dags/example_latest_only.py
[2024-04-25T12:41:10.288+0000] {logging_mixin.py:154} INFO - [2024-04-25T12:41:10.288+0000] {dag.py:2941} INFO - Sync 1 DAGs
[2024-04-25T12:41:10.325+0000] {logging_mixin.py:154} INFO - [2024-04-25T12:41:10.324+0000] {dag.py:3722} INFO - Setting next_dagrun for latest_only to 2024-04-25T08:41:10.324282+00:00, run_after=2024-04-25T12:41:10.324282+00:00
[2024-04-25T12:41:10.359+0000] {processor.py:179} INFO - Processing /home/airflow/.local/lib/python3.8/site-packages/airflow/example_dags/example_latest_only.py took 0.124 seconds
[2024-04-25T12:41:40.968+0000] {processor.py:157} INFO - Started process (PID=2070) to work on /home/airflow/.local/lib/python3.8/site-packages/airflow/example_dags/example_latest_only.py
[2024-04-25T12:41:40.970+0000] {processor.py:829} INFO - Processing file /home/airflow/.local/lib/python3.8/site-packages/airflow/example_dags/example_latest_only.py for tasks to queue
[2024-04-25T12:41:40.972+0000] {logging_mixin.py:154} INFO - [2024-04-25T12:41:40.971+0000] {dagbag.py:536} INFO - Filling up the DagBag from /home/airflow/.local/lib/python3.8/site-packages/airflow/example_dags/example_latest_only.py
[2024-04-25T12:41:40.981+0000] {processor.py:839} INFO - DAG(s) dict_keys(['latest_only']) retrieved from /home/airflow/.local/lib/python3.8/site-packages/airflow/example_dags/example_latest_only.py
[2024-04-25T12:41:41.018+0000] {logging_mixin.py:154} INFO - [2024-04-25T12:41:41.018+0000] {dag.py:2941} INFO - Sync 1 DAGs
[2024-04-25T12:41:41.052+0000] {logging_mixin.py:154} INFO - [2024-04-25T12:41:41.052+0000] {dag.py:3722} INFO - Setting next_dagrun for latest_only to 2024-04-25T08:41:41.052256+00:00, run_after=2024-04-25T12:41:41.052256+00:00
[2024-04-25T12:41:41.080+0000] {processor.py:179} INFO - Processing /home/airflow/.local/lib/python3.8/site-packages/airflow/example_dags/example_latest_only.py took 0.118 seconds
[2024-04-25T12:42:11.281+0000] {processor.py:157} INFO - Started process (PID=2321) to work on /home/airflow/.local/lib/python3.8/site-packages/airflow/example_dags/example_latest_only.py
[2024-04-25T12:42:11.282+0000] {processor.py:829} INFO - Processing file /home/airflow/.local/lib/python3.8/site-packages/airflow/example_dags/example_latest_only.py for tasks to queue
[2024-04-25T12:42:11.284+0000] {logging_mixin.py:154} INFO - [2024-04-25T12:42:11.283+0000] {dagbag.py:536} INFO - Filling up the DagBag from /home/airflow/.local/lib/python3.8/site-packages/airflow/example_dags/example_latest_only.py
[2024-04-25T12:42:11.293+0000] {processor.py:839} INFO - DAG(s) dict_keys(['latest_only']) retrieved from /home/airflow/.local/lib/python3.8/site-packages/airflow/example_dags/example_latest_only.py
[2024-04-25T12:42:11.327+0000] {logging_mixin.py:154} INFO - [2024-04-25T12:42:11.327+0000] {dag.py:2941} INFO - Sync 1 DAGs
[2024-04-25T12:42:11.368+0000] {logging_mixin.py:154} INFO - [2024-04-25T12:42:11.368+0000] {dag.py:3722} INFO - Setting next_dagrun for latest_only to 2024-04-25T08:42:11.367773+00:00, run_after=2024-04-25T12:42:11.367773+00:00
[2024-04-25T12:42:11.399+0000] {processor.py:179} INFO - Processing /home/airflow/.local/lib/python3.8/site-packages/airflow/example_dags/example_latest_only.py took 0.124 seconds
[2024-04-25T12:42:41.964+0000] {processor.py:157} INFO - Started process (PID=2571) to work on /home/airflow/.local/lib/python3.8/site-packages/airflow/example_dags/example_latest_only.py
[2024-04-25T12:42:41.966+0000] {processor.py:829} INFO - Processing file /home/airflow/.local/lib/python3.8/site-packages/airflow/example_dags/example_latest_only.py for tasks to queue
[2024-04-25T12:42:41.967+0000] {logging_mixin.py:154} INFO - [2024-04-25T12:42:41.967+0000] {dagbag.py:536} INFO - Filling up the DagBag from /home/airflow/.local/lib/python3.8/site-packages/airflow/example_dags/example_latest_only.py
[2024-04-25T12:42:41.980+0000] {processor.py:839} INFO - DAG(s) dict_keys(['latest_only']) retrieved from /home/airflow/.local/lib/python3.8/site-packages/airflow/example_dags/example_latest_only.py
[2024-04-25T12:42:42.027+0000] {logging_mixin.py:154} INFO - [2024-04-25T12:42:42.026+0000] {dag.py:2941} INFO - Sync 1 DAGs
[2024-04-25T12:42:42.078+0000] {logging_mixin.py:154} INFO - [2024-04-25T12:42:42.078+0000] {dag.py:3722} INFO - Setting next_dagrun for latest_only to 2024-04-25T08:42:42.077635+00:00, run_after=2024-04-25T12:42:42.077635+00:00
[2024-04-25T12:42:42.115+0000] {processor.py:179} INFO - Processing /home/airflow/.local/lib/python3.8/site-packages/airflow/example_dags/example_latest_only.py took 0.159 seconds
[2024-04-25T12:43:13.190+0000] {processor.py:157} INFO - Started process (PID=2813) to work on /home/airflow/.local/lib/python3.8/site-packages/airflow/example_dags/example_latest_only.py
[2024-04-25T12:43:13.197+0000] {processor.py:829} INFO - Processing file /home/airflow/.local/lib/python3.8/site-packages/airflow/example_dags/example_latest_only.py for tasks to queue
[2024-04-25T12:43:13.198+0000] {logging_mixin.py:154} INFO - [2024-04-25T12:43:13.198+0000] {dagbag.py:536} INFO - Filling up the DagBag from /home/airflow/.local/lib/python3.8/site-packages/airflow/example_dags/example_latest_only.py
[2024-04-25T12:43:13.215+0000] {processor.py:839} INFO - DAG(s) dict_keys(['latest_only']) retrieved from /home/airflow/.local/lib/python3.8/site-packages/airflow/example_dags/example_latest_only.py
[2024-04-25T12:43:13.273+0000] {logging_mixin.py:154} INFO - [2024-04-25T12:43:13.272+0000] {dag.py:2941} INFO - Sync 1 DAGs
[2024-04-25T12:43:13.322+0000] {logging_mixin.py:154} INFO - [2024-04-25T12:43:13.322+0000] {dag.py:3722} INFO - Setting next_dagrun for latest_only to 2024-04-25T08:43:13.321776+00:00, run_after=2024-04-25T12:43:13.321776+00:00
[2024-04-25T12:43:13.364+0000] {processor.py:179} INFO - Processing /home/airflow/.local/lib/python3.8/site-packages/airflow/example_dags/example_latest_only.py took 0.186 seconds
[2024-04-25T12:43:44.402+0000] {processor.py:157} INFO - Started process (PID=3064) to work on /home/airflow/.local/lib/python3.8/site-packages/airflow/example_dags/example_latest_only.py
[2024-04-25T12:43:44.412+0000] {processor.py:829} INFO - Processing file /home/airflow/.local/lib/python3.8/site-packages/airflow/example_dags/example_latest_only.py for tasks to queue
[2024-04-25T12:43:44.414+0000] {logging_mixin.py:154} INFO - [2024-04-25T12:43:44.413+0000] {dagbag.py:536} INFO - Filling up the DagBag from /home/airflow/.local/lib/python3.8/site-packages/airflow/example_dags/example_latest_only.py
[2024-04-25T12:43:44.434+0000] {processor.py:839} INFO - DAG(s) dict_keys(['latest_only']) retrieved from /home/airflow/.local/lib/python3.8/site-packages/airflow/example_dags/example_latest_only.py
[2024-04-25T12:43:44.510+0000] {logging_mixin.py:154} INFO - [2024-04-25T12:43:44.510+0000] {dag.py:2941} INFO - Sync 1 DAGs
[2024-04-25T12:43:44.585+0000] {logging_mixin.py:154} INFO - [2024-04-25T12:43:44.584+0000] {dag.py:3722} INFO - Setting next_dagrun for latest_only to 2024-04-25T08:43:44.584300+00:00, run_after=2024-04-25T12:43:44.584300+00:00
[2024-04-25T12:43:44.646+0000] {processor.py:179} INFO - Processing /home/airflow/.local/lib/python3.8/site-packages/airflow/example_dags/example_latest_only.py took 0.252 seconds
[2024-04-25T12:44:15.445+0000] {processor.py:157} INFO - Started process (PID=3313) to work on /home/airflow/.local/lib/python3.8/site-packages/airflow/example_dags/example_latest_only.py
[2024-04-25T12:44:15.452+0000] {processor.py:829} INFO - Processing file /home/airflow/.local/lib/python3.8/site-packages/airflow/example_dags/example_latest_only.py for tasks to queue
[2024-04-25T12:44:15.454+0000] {logging_mixin.py:154} INFO - [2024-04-25T12:44:15.454+0000] {dagbag.py:536} INFO - Filling up the DagBag from /home/airflow/.local/lib/python3.8/site-packages/airflow/example_dags/example_latest_only.py
[2024-04-25T12:44:15.470+0000] {processor.py:839} INFO - DAG(s) dict_keys(['latest_only']) retrieved from /home/airflow/.local/lib/python3.8/site-packages/airflow/example_dags/example_latest_only.py
[2024-04-25T12:44:15.537+0000] {logging_mixin.py:154} INFO - [2024-04-25T12:44:15.532+0000] {dag.py:2941} INFO - Sync 1 DAGs
[2024-04-25T12:44:15.591+0000] {logging_mixin.py:154} INFO - [2024-04-25T12:44:15.590+0000] {dag.py:3722} INFO - Setting next_dagrun for latest_only to 2024-04-25T08:44:15.590153+00:00, run_after=2024-04-25T12:44:15.590153+00:00
[2024-04-25T12:44:15.637+0000] {processor.py:179} INFO - Processing /home/airflow/.local/lib/python3.8/site-packages/airflow/example_dags/example_latest_only.py took 0.201 seconds
[2024-04-25T12:44:45.991+0000] {processor.py:157} INFO - Started process (PID=3556) to work on /home/airflow/.local/lib/python3.8/site-packages/airflow/example_dags/example_latest_only.py
[2024-04-25T12:44:45.993+0000] {processor.py:829} INFO - Processing file /home/airflow/.local/lib/python3.8/site-packages/airflow/example_dags/example_latest_only.py for tasks to queue
[2024-04-25T12:44:45.995+0000] {logging_mixin.py:154} INFO - [2024-04-25T12:44:45.994+0000] {dagbag.py:536} INFO - Filling up the DagBag from /home/airflow/.local/lib/python3.8/site-packages/airflow/example_dags/example_latest_only.py
[2024-04-25T12:44:46.007+0000] {processor.py:839} INFO - DAG(s) dict_keys(['latest_only']) retrieved from /home/airflow/.local/lib/python3.8/site-packages/airflow/example_dags/example_latest_only.py
[2024-04-25T12:44:46.043+0000] {logging_mixin.py:154} INFO - [2024-04-25T12:44:46.042+0000] {dag.py:2941} INFO - Sync 1 DAGs
[2024-04-25T12:44:46.074+0000] {logging_mixin.py:154} INFO - [2024-04-25T12:44:46.074+0000] {dag.py:3722} INFO - Setting next_dagrun for latest_only to 2024-04-25T08:44:46.073951+00:00, run_after=2024-04-25T12:44:46.073951+00:00
[2024-04-25T12:44:46.107+0000] {processor.py:179} INFO - Processing /home/airflow/.local/lib/python3.8/site-packages/airflow/example_dags/example_latest_only.py took 0.124 seconds
[2024-04-25T12:45:16.768+0000] {processor.py:157} INFO - Started process (PID=3800) to work on /home/airflow/.local/lib/python3.8/site-packages/airflow/example_dags/example_latest_only.py
[2024-04-25T12:45:16.771+0000] {processor.py:829} INFO - Processing file /home/airflow/.local/lib/python3.8/site-packages/airflow/example_dags/example_latest_only.py for tasks to queue
[2024-04-25T12:45:16.772+0000] {logging_mixin.py:154} INFO - [2024-04-25T12:45:16.772+0000] {dagbag.py:536} INFO - Filling up the DagBag from /home/airflow/.local/lib/python3.8/site-packages/airflow/example_dags/example_latest_only.py
[2024-04-25T12:45:16.785+0000] {processor.py:839} INFO - DAG(s) dict_keys(['latest_only']) retrieved from /home/airflow/.local/lib/python3.8/site-packages/airflow/example_dags/example_latest_only.py
[2024-04-25T12:45:16.819+0000] {logging_mixin.py:154} INFO - [2024-04-25T12:45:16.818+0000] {dag.py:2941} INFO - Sync 1 DAGs
[2024-04-25T12:45:16.858+0000] {logging_mixin.py:154} INFO - [2024-04-25T12:45:16.857+0000] {dag.py:3722} INFO - Setting next_dagrun for latest_only to 2024-04-25T08:45:16.857387+00:00, run_after=2024-04-25T12:45:16.857387+00:00
[2024-04-25T12:45:16.891+0000] {processor.py:179} INFO - Processing /home/airflow/.local/lib/python3.8/site-packages/airflow/example_dags/example_latest_only.py took 0.130 seconds
[2024-04-25T12:45:47.220+0000] {processor.py:157} INFO - Started process (PID=4045) to work on /home/airflow/.local/lib/python3.8/site-packages/airflow/example_dags/example_latest_only.py
[2024-04-25T12:45:47.222+0000] {processor.py:829} INFO - Processing file /home/airflow/.local/lib/python3.8/site-packages/airflow/example_dags/example_latest_only.py for tasks to queue
[2024-04-25T12:45:47.224+0000] {logging_mixin.py:154} INFO - [2024-04-25T12:45:47.223+0000] {dagbag.py:536} INFO - Filling up the DagBag from /home/airflow/.local/lib/python3.8/site-packages/airflow/example_dags/example_latest_only.py
[2024-04-25T12:45:47.238+0000] {processor.py:839} INFO - DAG(s) dict_keys(['latest_only']) retrieved from /home/airflow/.local/lib/python3.8/site-packages/airflow/example_dags/example_latest_only.py
[2024-04-25T12:45:47.279+0000] {logging_mixin.py:154} INFO - [2024-04-25T12:45:47.278+0000] {dag.py:2941} INFO - Sync 1 DAGs
[2024-04-25T12:45:47.311+0000] {logging_mixin.py:154} INFO - [2024-04-25T12:45:47.310+0000] {dag.py:3722} INFO - Setting next_dagrun for latest_only to 2024-04-25T08:45:47.310532+00:00, run_after=2024-04-25T12:45:47.310532+00:00
[2024-04-25T12:45:47.342+0000] {processor.py:179} INFO - Processing /home/airflow/.local/lib/python3.8/site-packages/airflow/example_dags/example_latest_only.py took 0.127 seconds
[2024-04-25T12:46:17.874+0000] {processor.py:157} INFO - Started process (PID=4286) to work on /home/airflow/.local/lib/python3.8/site-packages/airflow/example_dags/example_latest_only.py
[2024-04-25T12:46:17.876+0000] {processor.py:829} INFO - Processing file /home/airflow/.local/lib/python3.8/site-packages/airflow/example_dags/example_latest_only.py for tasks to queue
[2024-04-25T12:46:17.877+0000] {logging_mixin.py:154} INFO - [2024-04-25T12:46:17.877+0000] {dagbag.py:536} INFO - Filling up the DagBag from /home/airflow/.local/lib/python3.8/site-packages/airflow/example_dags/example_latest_only.py
[2024-04-25T12:46:17.889+0000] {processor.py:839} INFO - DAG(s) dict_keys(['latest_only']) retrieved from /home/airflow/.local/lib/python3.8/site-packages/airflow/example_dags/example_latest_only.py
[2024-04-25T12:46:17.925+0000] {logging_mixin.py:154} INFO - [2024-04-25T12:46:17.925+0000] {dag.py:2941} INFO - Sync 1 DAGs
[2024-04-25T12:46:17.972+0000] {logging_mixin.py:154} INFO - [2024-04-25T12:46:17.972+0000] {dag.py:3722} INFO - Setting next_dagrun for latest_only to 2024-04-25T08:46:17.971602+00:00, run_after=2024-04-25T12:46:17.971602+00:00
[2024-04-25T12:46:18.004+0000] {processor.py:179} INFO - Processing /home/airflow/.local/lib/python3.8/site-packages/airflow/example_dags/example_latest_only.py took 0.136 seconds
[2024-04-25T12:46:52.000+0000] {processor.py:157} INFO - Started process (PID=4529) to work on /home/airflow/.local/lib/python3.8/site-packages/airflow/example_dags/example_latest_only.py
[2024-04-25T12:46:52.004+0000] {processor.py:829} INFO - Processing file /home/airflow/.local/lib/python3.8/site-packages/airflow/example_dags/example_latest_only.py for tasks to queue
[2024-04-25T12:46:52.007+0000] {logging_mixin.py:154} INFO - [2024-04-25T12:46:52.006+0000] {dagbag.py:536} INFO - Filling up the DagBag from /home/airflow/.local/lib/python3.8/site-packages/airflow/example_dags/example_latest_only.py
[2024-04-25T12:46:52.037+0000] {processor.py:839} INFO - DAG(s) dict_keys(['latest_only']) retrieved from /home/airflow/.local/lib/python3.8/site-packages/airflow/example_dags/example_latest_only.py
[2024-04-25T12:46:52.121+0000] {logging_mixin.py:154} INFO - [2024-04-25T12:46:52.120+0000] {dag.py:2941} INFO - Sync 1 DAGs
[2024-04-25T12:46:52.211+0000] {logging_mixin.py:154} INFO - [2024-04-25T12:46:52.211+0000] {dag.py:3722} INFO - Setting next_dagrun for latest_only to 2024-04-25T08:46:52.210723+00:00, run_after=2024-04-25T12:46:52.210723+00:00
[2024-04-25T12:46:52.279+0000] {processor.py:179} INFO - Processing /home/airflow/.local/lib/python3.8/site-packages/airflow/example_dags/example_latest_only.py took 0.297 seconds
[2024-04-25T12:47:22.557+0000] {processor.py:157} INFO - Started process (PID=4772) to work on /home/airflow/.local/lib/python3.8/site-packages/airflow/example_dags/example_latest_only.py
[2024-04-25T12:47:22.559+0000] {processor.py:829} INFO - Processing file /home/airflow/.local/lib/python3.8/site-packages/airflow/example_dags/example_latest_only.py for tasks to queue
[2024-04-25T12:47:22.560+0000] {logging_mixin.py:154} INFO - [2024-04-25T12:47:22.560+0000] {dagbag.py:536} INFO - Filling up the DagBag from /home/airflow/.local/lib/python3.8/site-packages/airflow/example_dags/example_latest_only.py
[2024-04-25T12:47:22.571+0000] {processor.py:839} INFO - DAG(s) dict_keys(['latest_only']) retrieved from /home/airflow/.local/lib/python3.8/site-packages/airflow/example_dags/example_latest_only.py
[2024-04-25T12:47:22.618+0000] {logging_mixin.py:154} INFO - [2024-04-25T12:47:22.617+0000] {dag.py:2941} INFO - Sync 1 DAGs
[2024-04-25T12:47:22.664+0000] {logging_mixin.py:154} INFO - [2024-04-25T12:47:22.663+0000] {dag.py:3722} INFO - Setting next_dagrun for latest_only to 2024-04-25T08:47:22.663066+00:00, run_after=2024-04-25T12:47:22.663066+00:00
[2024-04-25T12:47:22.702+0000] {processor.py:179} INFO - Processing /home/airflow/.local/lib/python3.8/site-packages/airflow/example_dags/example_latest_only.py took 0.151 seconds
[2024-04-25T12:51:44.930+0000] {processor.py:157} INFO - Started process (PID=375) to work on /home/airflow/.local/lib/python3.8/site-packages/airflow/example_dags/example_latest_only.py
[2024-04-25T12:51:44.933+0000] {processor.py:829} INFO - Processing file /home/airflow/.local/lib/python3.8/site-packages/airflow/example_dags/example_latest_only.py for tasks to queue
[2024-04-25T12:51:44.935+0000] {logging_mixin.py:154} INFO - [2024-04-25T12:51:44.934+0000] {dagbag.py:536} INFO - Filling up the DagBag from /home/airflow/.local/lib/python3.8/site-packages/airflow/example_dags/example_latest_only.py
[2024-04-25T12:51:44.949+0000] {processor.py:839} INFO - DAG(s) dict_keys(['latest_only']) retrieved from /home/airflow/.local/lib/python3.8/site-packages/airflow/example_dags/example_latest_only.py
[2024-04-25T12:51:44.968+0000] {logging_mixin.py:154} INFO - [2024-04-25T12:51:44.967+0000] {dag.py:2941} INFO - Sync 1 DAGs
[2024-04-25T12:51:45.009+0000] {logging_mixin.py:154} INFO - [2024-04-25T12:51:45.008+0000] {dag.py:3722} INFO - Setting next_dagrun for latest_only to 2024-04-25T08:51:45.007892+00:00, run_after=2024-04-25T12:51:45.007892+00:00
[2024-04-25T12:51:45.045+0000] {processor.py:179} INFO - Processing /home/airflow/.local/lib/python3.8/site-packages/airflow/example_dags/example_latest_only.py took 0.122 seconds
[2024-04-25T12:52:15.714+0000] {processor.py:157} INFO - Started process (PID=616) to work on /home/airflow/.local/lib/python3.8/site-packages/airflow/example_dags/example_latest_only.py
[2024-04-25T12:52:15.715+0000] {processor.py:829} INFO - Processing file /home/airflow/.local/lib/python3.8/site-packages/airflow/example_dags/example_latest_only.py for tasks to queue
[2024-04-25T12:52:15.716+0000] {logging_mixin.py:154} INFO - [2024-04-25T12:52:15.716+0000] {dagbag.py:536} INFO - Filling up the DagBag from /home/airflow/.local/lib/python3.8/site-packages/airflow/example_dags/example_latest_only.py
[2024-04-25T12:52:15.726+0000] {processor.py:839} INFO - DAG(s) dict_keys(['latest_only']) retrieved from /home/airflow/.local/lib/python3.8/site-packages/airflow/example_dags/example_latest_only.py
[2024-04-25T12:52:15.759+0000] {logging_mixin.py:154} INFO - [2024-04-25T12:52:15.759+0000] {dag.py:2941} INFO - Sync 1 DAGs
[2024-04-25T12:52:15.797+0000] {logging_mixin.py:154} INFO - [2024-04-25T12:52:15.796+0000] {dag.py:3722} INFO - Setting next_dagrun for latest_only to 2024-04-25T08:52:15.796224+00:00, run_after=2024-04-25T12:52:15.796224+00:00
[2024-04-25T12:52:15.822+0000] {processor.py:179} INFO - Processing /home/airflow/.local/lib/python3.8/site-packages/airflow/example_dags/example_latest_only.py took 0.114 seconds
[2024-04-25T12:52:47.154+0000] {processor.py:157} INFO - Started process (PID=866) to work on /home/airflow/.local/lib/python3.8/site-packages/airflow/example_dags/example_latest_only.py
[2024-04-25T12:52:47.160+0000] {processor.py:829} INFO - Processing file /home/airflow/.local/lib/python3.8/site-packages/airflow/example_dags/example_latest_only.py for tasks to queue
[2024-04-25T12:52:47.161+0000] {logging_mixin.py:154} INFO - [2024-04-25T12:52:47.161+0000] {dagbag.py:536} INFO - Filling up the DagBag from /home/airflow/.local/lib/python3.8/site-packages/airflow/example_dags/example_latest_only.py
[2024-04-25T12:52:47.175+0000] {processor.py:839} INFO - DAG(s) dict_keys(['latest_only']) retrieved from /home/airflow/.local/lib/python3.8/site-packages/airflow/example_dags/example_latest_only.py
[2024-04-25T12:52:47.224+0000] {logging_mixin.py:154} INFO - [2024-04-25T12:52:47.224+0000] {dag.py:2941} INFO - Sync 1 DAGs
[2024-04-25T12:52:47.284+0000] {logging_mixin.py:154} INFO - [2024-04-25T12:52:47.284+0000] {dag.py:3722} INFO - Setting next_dagrun for latest_only to 2024-04-25T08:52:47.283962+00:00, run_after=2024-04-25T12:52:47.283962+00:00
[2024-04-25T12:52:47.327+0000] {processor.py:179} INFO - Processing /home/airflow/.local/lib/python3.8/site-packages/airflow/example_dags/example_latest_only.py took 0.181 seconds
[2024-04-25T12:53:17.817+0000] {processor.py:157} INFO - Started process (PID=1113) to work on /home/airflow/.local/lib/python3.8/site-packages/airflow/example_dags/example_latest_only.py
[2024-04-25T12:53:17.820+0000] {processor.py:829} INFO - Processing file /home/airflow/.local/lib/python3.8/site-packages/airflow/example_dags/example_latest_only.py for tasks to queue
[2024-04-25T12:53:17.822+0000] {logging_mixin.py:154} INFO - [2024-04-25T12:53:17.821+0000] {dagbag.py:536} INFO - Filling up the DagBag from /home/airflow/.local/lib/python3.8/site-packages/airflow/example_dags/example_latest_only.py
[2024-04-25T12:53:17.842+0000] {processor.py:839} INFO - DAG(s) dict_keys(['latest_only']) retrieved from /home/airflow/.local/lib/python3.8/site-packages/airflow/example_dags/example_latest_only.py
[2024-04-25T12:53:17.899+0000] {logging_mixin.py:154} INFO - [2024-04-25T12:53:17.899+0000] {dag.py:2941} INFO - Sync 1 DAGs
[2024-04-25T12:53:17.967+0000] {logging_mixin.py:154} INFO - [2024-04-25T12:53:17.967+0000] {dag.py:3722} INFO - Setting next_dagrun for latest_only to 2024-04-25T08:53:17.966645+00:00, run_after=2024-04-25T12:53:17.966645+00:00
[2024-04-25T12:53:18.004+0000] {processor.py:179} INFO - Processing /home/airflow/.local/lib/python3.8/site-packages/airflow/example_dags/example_latest_only.py took 0.195 seconds
[2024-04-25T12:53:48.207+0000] {processor.py:157} INFO - Started process (PID=1356) to work on /home/airflow/.local/lib/python3.8/site-packages/airflow/example_dags/example_latest_only.py
[2024-04-25T12:53:48.209+0000] {processor.py:829} INFO - Processing file /home/airflow/.local/lib/python3.8/site-packages/airflow/example_dags/example_latest_only.py for tasks to queue
[2024-04-25T12:53:48.211+0000] {logging_mixin.py:154} INFO - [2024-04-25T12:53:48.210+0000] {dagbag.py:536} INFO - Filling up the DagBag from /home/airflow/.local/lib/python3.8/site-packages/airflow/example_dags/example_latest_only.py
[2024-04-25T12:53:48.223+0000] {processor.py:839} INFO - DAG(s) dict_keys(['latest_only']) retrieved from /home/airflow/.local/lib/python3.8/site-packages/airflow/example_dags/example_latest_only.py
[2024-04-25T12:53:48.261+0000] {logging_mixin.py:154} INFO - [2024-04-25T12:53:48.261+0000] {dag.py:2941} INFO - Sync 1 DAGs
[2024-04-25T12:53:48.304+0000] {logging_mixin.py:154} INFO - [2024-04-25T12:53:48.304+0000] {dag.py:3722} INFO - Setting next_dagrun for latest_only to 2024-04-25T08:53:48.304304+00:00, run_after=2024-04-25T12:53:48.304304+00:00
[2024-04-25T12:53:48.336+0000] {processor.py:179} INFO - Processing /home/airflow/.local/lib/python3.8/site-packages/airflow/example_dags/example_latest_only.py took 0.137 seconds
[2024-04-25T12:54:19.080+0000] {processor.py:157} INFO - Started process (PID=1599) to work on /home/airflow/.local/lib/python3.8/site-packages/airflow/example_dags/example_latest_only.py
[2024-04-25T12:54:19.082+0000] {processor.py:829} INFO - Processing file /home/airflow/.local/lib/python3.8/site-packages/airflow/example_dags/example_latest_only.py for tasks to queue
[2024-04-25T12:54:19.084+0000] {logging_mixin.py:154} INFO - [2024-04-25T12:54:19.083+0000] {dagbag.py:536} INFO - Filling up the DagBag from /home/airflow/.local/lib/python3.8/site-packages/airflow/example_dags/example_latest_only.py
[2024-04-25T12:54:19.098+0000] {processor.py:839} INFO - DAG(s) dict_keys(['latest_only']) retrieved from /home/airflow/.local/lib/python3.8/site-packages/airflow/example_dags/example_latest_only.py
[2024-04-25T12:54:19.132+0000] {logging_mixin.py:154} INFO - [2024-04-25T12:54:19.132+0000] {dag.py:2941} INFO - Sync 1 DAGs
[2024-04-25T12:54:19.165+0000] {logging_mixin.py:154} INFO - [2024-04-25T12:54:19.165+0000] {dag.py:3722} INFO - Setting next_dagrun for latest_only to 2024-04-25T08:54:19.165354+00:00, run_after=2024-04-25T12:54:19.165354+00:00
[2024-04-25T12:54:19.197+0000] {processor.py:179} INFO - Processing /home/airflow/.local/lib/python3.8/site-packages/airflow/example_dags/example_latest_only.py took 0.122 seconds
[2024-04-25T12:54:50.234+0000] {processor.py:157} INFO - Started process (PID=1842) to work on /home/airflow/.local/lib/python3.8/site-packages/airflow/example_dags/example_latest_only.py
[2024-04-25T12:54:50.237+0000] {processor.py:829} INFO - Processing file /home/airflow/.local/lib/python3.8/site-packages/airflow/example_dags/example_latest_only.py for tasks to queue
[2024-04-25T12:54:50.239+0000] {logging_mixin.py:154} INFO - [2024-04-25T12:54:50.238+0000] {dagbag.py:536} INFO - Filling up the DagBag from /home/airflow/.local/lib/python3.8/site-packages/airflow/example_dags/example_latest_only.py
[2024-04-25T12:54:50.252+0000] {processor.py:839} INFO - DAG(s) dict_keys(['latest_only']) retrieved from /home/airflow/.local/lib/python3.8/site-packages/airflow/example_dags/example_latest_only.py
[2024-04-25T12:54:50.298+0000] {logging_mixin.py:154} INFO - [2024-04-25T12:54:50.298+0000] {dag.py:2941} INFO - Sync 1 DAGs
[2024-04-25T12:54:50.343+0000] {logging_mixin.py:154} INFO - [2024-04-25T12:54:50.342+0000] {dag.py:3722} INFO - Setting next_dagrun for latest_only to 2024-04-25T08:54:50.342553+00:00, run_after=2024-04-25T12:54:50.342553+00:00
[2024-04-25T12:54:50.375+0000] {processor.py:179} INFO - Processing /home/airflow/.local/lib/python3.8/site-packages/airflow/example_dags/example_latest_only.py took 0.148 seconds
[2024-04-25T12:55:20.734+0000] {processor.py:157} INFO - Started process (PID=2085) to work on /home/airflow/.local/lib/python3.8/site-packages/airflow/example_dags/example_latest_only.py
[2024-04-25T12:55:20.736+0000] {processor.py:829} INFO - Processing file /home/airflow/.local/lib/python3.8/site-packages/airflow/example_dags/example_latest_only.py for tasks to queue
[2024-04-25T12:55:20.738+0000] {logging_mixin.py:154} INFO - [2024-04-25T12:55:20.737+0000] {dagbag.py:536} INFO - Filling up the DagBag from /home/airflow/.local/lib/python3.8/site-packages/airflow/example_dags/example_latest_only.py
[2024-04-25T12:55:20.749+0000] {processor.py:839} INFO - DAG(s) dict_keys(['latest_only']) retrieved from /home/airflow/.local/lib/python3.8/site-packages/airflow/example_dags/example_latest_only.py
[2024-04-25T12:55:20.784+0000] {logging_mixin.py:154} INFO - [2024-04-25T12:55:20.783+0000] {dag.py:2941} INFO - Sync 1 DAGs
[2024-04-25T12:55:20.817+0000] {logging_mixin.py:154} INFO - [2024-04-25T12:55:20.816+0000] {dag.py:3722} INFO - Setting next_dagrun for latest_only to 2024-04-25T08:55:20.816521+00:00, run_after=2024-04-25T12:55:20.816521+00:00
[2024-04-25T12:55:20.845+0000] {processor.py:179} INFO - Processing /home/airflow/.local/lib/python3.8/site-packages/airflow/example_dags/example_latest_only.py took 0.117 seconds
[2024-04-25T13:10:34.759+0000] {processor.py:157} INFO - Started process (PID=373) to work on /home/airflow/.local/lib/python3.8/site-packages/airflow/example_dags/example_latest_only.py
[2024-04-25T13:10:34.761+0000] {processor.py:829} INFO - Processing file /home/airflow/.local/lib/python3.8/site-packages/airflow/example_dags/example_latest_only.py for tasks to queue
[2024-04-25T13:10:34.763+0000] {logging_mixin.py:154} INFO - [2024-04-25T13:10:34.762+0000] {dagbag.py:536} INFO - Filling up the DagBag from /home/airflow/.local/lib/python3.8/site-packages/airflow/example_dags/example_latest_only.py
[2024-04-25T13:10:34.777+0000] {processor.py:839} INFO - DAG(s) dict_keys(['latest_only']) retrieved from /home/airflow/.local/lib/python3.8/site-packages/airflow/example_dags/example_latest_only.py
[2024-04-25T13:10:34.802+0000] {logging_mixin.py:154} INFO - [2024-04-25T13:10:34.801+0000] {dag.py:2941} INFO - Sync 1 DAGs
[2024-04-25T13:10:34.842+0000] {logging_mixin.py:154} INFO - [2024-04-25T13:10:34.842+0000] {dag.py:3722} INFO - Setting next_dagrun for latest_only to 2024-04-25T09:10:34.841549+00:00, run_after=2024-04-25T13:10:34.841549+00:00
[2024-04-25T13:10:34.869+0000] {processor.py:179} INFO - Processing /home/airflow/.local/lib/python3.8/site-packages/airflow/example_dags/example_latest_only.py took 0.119 seconds
[2024-04-25T13:11:06.322+0000] {processor.py:157} INFO - Started process (PID=616) to work on /home/airflow/.local/lib/python3.8/site-packages/airflow/example_dags/example_latest_only.py
[2024-04-25T13:11:06.323+0000] {processor.py:829} INFO - Processing file /home/airflow/.local/lib/python3.8/site-packages/airflow/example_dags/example_latest_only.py for tasks to queue
[2024-04-25T13:11:06.324+0000] {logging_mixin.py:154} INFO - [2024-04-25T13:11:06.324+0000] {dagbag.py:536} INFO - Filling up the DagBag from /home/airflow/.local/lib/python3.8/site-packages/airflow/example_dags/example_latest_only.py
[2024-04-25T13:11:06.334+0000] {processor.py:839} INFO - DAG(s) dict_keys(['latest_only']) retrieved from /home/airflow/.local/lib/python3.8/site-packages/airflow/example_dags/example_latest_only.py
[2024-04-25T13:11:06.370+0000] {logging_mixin.py:154} INFO - [2024-04-25T13:11:06.370+0000] {dag.py:2941} INFO - Sync 1 DAGs
[2024-04-25T13:11:06.412+0000] {logging_mixin.py:154} INFO - [2024-04-25T13:11:06.412+0000] {dag.py:3722} INFO - Setting next_dagrun for latest_only to 2024-04-25T09:11:06.412029+00:00, run_after=2024-04-25T13:11:06.412029+00:00
[2024-04-25T13:11:06.444+0000] {processor.py:179} INFO - Processing /home/airflow/.local/lib/python3.8/site-packages/airflow/example_dags/example_latest_only.py took 0.128 seconds
[2024-04-25T13:11:36.816+0000] {processor.py:157} INFO - Started process (PID=859) to work on /home/airflow/.local/lib/python3.8/site-packages/airflow/example_dags/example_latest_only.py
[2024-04-25T13:11:36.818+0000] {processor.py:829} INFO - Processing file /home/airflow/.local/lib/python3.8/site-packages/airflow/example_dags/example_latest_only.py for tasks to queue
[2024-04-25T13:11:36.819+0000] {logging_mixin.py:154} INFO - [2024-04-25T13:11:36.819+0000] {dagbag.py:536} INFO - Filling up the DagBag from /home/airflow/.local/lib/python3.8/site-packages/airflow/example_dags/example_latest_only.py
[2024-04-25T13:11:36.830+0000] {processor.py:839} INFO - DAG(s) dict_keys(['latest_only']) retrieved from /home/airflow/.local/lib/python3.8/site-packages/airflow/example_dags/example_latest_only.py
[2024-04-25T13:11:36.867+0000] {logging_mixin.py:154} INFO - [2024-04-25T13:11:36.867+0000] {dag.py:2941} INFO - Sync 1 DAGs
[2024-04-25T13:11:36.905+0000] {logging_mixin.py:154} INFO - [2024-04-25T13:11:36.905+0000] {dag.py:3722} INFO - Setting next_dagrun for latest_only to 2024-04-25T09:11:36.904748+00:00, run_after=2024-04-25T13:11:36.904748+00:00
[2024-04-25T13:11:36.933+0000] {processor.py:179} INFO - Processing /home/airflow/.local/lib/python3.8/site-packages/airflow/example_dags/example_latest_only.py took 0.124 seconds
[2024-04-25T13:12:07.867+0000] {processor.py:157} INFO - Started process (PID=1109) to work on /home/airflow/.local/lib/python3.8/site-packages/airflow/example_dags/example_latest_only.py
[2024-04-25T13:12:07.871+0000] {processor.py:829} INFO - Processing file /home/airflow/.local/lib/python3.8/site-packages/airflow/example_dags/example_latest_only.py for tasks to queue
[2024-04-25T13:12:07.873+0000] {logging_mixin.py:154} INFO - [2024-04-25T13:12:07.872+0000] {dagbag.py:536} INFO - Filling up the DagBag from /home/airflow/.local/lib/python3.8/site-packages/airflow/example_dags/example_latest_only.py
[2024-04-25T13:12:07.886+0000] {processor.py:839} INFO - DAG(s) dict_keys(['latest_only']) retrieved from /home/airflow/.local/lib/python3.8/site-packages/airflow/example_dags/example_latest_only.py
[2024-04-25T13:12:07.921+0000] {logging_mixin.py:154} INFO - [2024-04-25T13:12:07.921+0000] {dag.py:2941} INFO - Sync 1 DAGs
[2024-04-25T13:12:07.960+0000] {logging_mixin.py:154} INFO - [2024-04-25T13:12:07.960+0000] {dag.py:3722} INFO - Setting next_dagrun for latest_only to 2024-04-25T09:12:07.960184+00:00, run_after=2024-04-25T13:12:07.960184+00:00
[2024-04-25T13:12:07.992+0000] {processor.py:179} INFO - Processing /home/airflow/.local/lib/python3.8/site-packages/airflow/example_dags/example_latest_only.py took 0.133 seconds
[2024-04-25T13:12:38.814+0000] {processor.py:157} INFO - Started process (PID=1355) to work on /home/airflow/.local/lib/python3.8/site-packages/airflow/example_dags/example_latest_only.py
[2024-04-25T13:12:38.817+0000] {processor.py:829} INFO - Processing file /home/airflow/.local/lib/python3.8/site-packages/airflow/example_dags/example_latest_only.py for tasks to queue
[2024-04-25T13:12:38.818+0000] {logging_mixin.py:154} INFO - [2024-04-25T13:12:38.818+0000] {dagbag.py:536} INFO - Filling up the DagBag from /home/airflow/.local/lib/python3.8/site-packages/airflow/example_dags/example_latest_only.py
[2024-04-25T13:12:38.832+0000] {processor.py:839} INFO - DAG(s) dict_keys(['latest_only']) retrieved from /home/airflow/.local/lib/python3.8/site-packages/airflow/example_dags/example_latest_only.py
[2024-04-25T13:12:38.874+0000] {logging_mixin.py:154} INFO - [2024-04-25T13:12:38.873+0000] {dag.py:2941} INFO - Sync 1 DAGs
[2024-04-25T13:12:38.919+0000] {logging_mixin.py:154} INFO - [2024-04-25T13:12:38.918+0000] {dag.py:3722} INFO - Setting next_dagrun for latest_only to 2024-04-25T09:12:38.918345+00:00, run_after=2024-04-25T13:12:38.918345+00:00
[2024-04-25T13:12:38.960+0000] {processor.py:179} INFO - Processing /home/airflow/.local/lib/python3.8/site-packages/airflow/example_dags/example_latest_only.py took 0.153 seconds
[2024-04-25T13:13:09.682+0000] {processor.py:157} INFO - Started process (PID=1598) to work on /home/airflow/.local/lib/python3.8/site-packages/airflow/example_dags/example_latest_only.py
[2024-04-25T13:13:09.684+0000] {processor.py:829} INFO - Processing file /home/airflow/.local/lib/python3.8/site-packages/airflow/example_dags/example_latest_only.py for tasks to queue
[2024-04-25T13:13:09.686+0000] {logging_mixin.py:154} INFO - [2024-04-25T13:13:09.685+0000] {dagbag.py:536} INFO - Filling up the DagBag from /home/airflow/.local/lib/python3.8/site-packages/airflow/example_dags/example_latest_only.py
[2024-04-25T13:13:09.697+0000] {processor.py:839} INFO - DAG(s) dict_keys(['latest_only']) retrieved from /home/airflow/.local/lib/python3.8/site-packages/airflow/example_dags/example_latest_only.py
[2024-04-25T13:13:09.738+0000] {logging_mixin.py:154} INFO - [2024-04-25T13:13:09.738+0000] {dag.py:2941} INFO - Sync 1 DAGs
[2024-04-25T13:13:09.785+0000] {logging_mixin.py:154} INFO - [2024-04-25T13:13:09.784+0000] {dag.py:3722} INFO - Setting next_dagrun for latest_only to 2024-04-25T09:13:09.784381+00:00, run_after=2024-04-25T13:13:09.784381+00:00
[2024-04-25T13:13:09.816+0000] {processor.py:179} INFO - Processing /home/airflow/.local/lib/python3.8/site-packages/airflow/example_dags/example_latest_only.py took 0.142 seconds
[2024-04-25T13:13:40.081+0000] {processor.py:157} INFO - Started process (PID=1847) to work on /home/airflow/.local/lib/python3.8/site-packages/airflow/example_dags/example_latest_only.py
[2024-04-25T13:13:40.083+0000] {processor.py:829} INFO - Processing file /home/airflow/.local/lib/python3.8/site-packages/airflow/example_dags/example_latest_only.py for tasks to queue
[2024-04-25T13:13:40.085+0000] {logging_mixin.py:154} INFO - [2024-04-25T13:13:40.084+0000] {dagbag.py:536} INFO - Filling up the DagBag from /home/airflow/.local/lib/python3.8/site-packages/airflow/example_dags/example_latest_only.py
[2024-04-25T13:13:40.096+0000] {processor.py:839} INFO - DAG(s) dict_keys(['latest_only']) retrieved from /home/airflow/.local/lib/python3.8/site-packages/airflow/example_dags/example_latest_only.py
[2024-04-25T13:13:40.134+0000] {logging_mixin.py:154} INFO - [2024-04-25T13:13:40.133+0000] {dag.py:2941} INFO - Sync 1 DAGs
[2024-04-25T13:13:40.171+0000] {logging_mixin.py:154} INFO - [2024-04-25T13:13:40.171+0000] {dag.py:3722} INFO - Setting next_dagrun for latest_only to 2024-04-25T09:13:40.170943+00:00, run_after=2024-04-25T13:13:40.170943+00:00
[2024-04-25T13:13:40.201+0000] {processor.py:179} INFO - Processing /home/airflow/.local/lib/python3.8/site-packages/airflow/example_dags/example_latest_only.py took 0.126 seconds
[2024-04-25T13:14:10.567+0000] {processor.py:157} INFO - Started process (PID=2093) to work on /home/airflow/.local/lib/python3.8/site-packages/airflow/example_dags/example_latest_only.py
[2024-04-25T13:14:10.570+0000] {processor.py:829} INFO - Processing file /home/airflow/.local/lib/python3.8/site-packages/airflow/example_dags/example_latest_only.py for tasks to queue
[2024-04-25T13:14:10.571+0000] {logging_mixin.py:154} INFO - [2024-04-25T13:14:10.571+0000] {dagbag.py:536} INFO - Filling up the DagBag from /home/airflow/.local/lib/python3.8/site-packages/airflow/example_dags/example_latest_only.py
[2024-04-25T13:14:10.585+0000] {processor.py:839} INFO - DAG(s) dict_keys(['latest_only']) retrieved from /home/airflow/.local/lib/python3.8/site-packages/airflow/example_dags/example_latest_only.py
[2024-04-25T13:14:10.619+0000] {logging_mixin.py:154} INFO - [2024-04-25T13:14:10.618+0000] {dag.py:2941} INFO - Sync 1 DAGs
[2024-04-25T13:14:10.651+0000] {logging_mixin.py:154} INFO - [2024-04-25T13:14:10.650+0000] {dag.py:3722} INFO - Setting next_dagrun for latest_only to 2024-04-25T09:14:10.650402+00:00, run_after=2024-04-25T13:14:10.650402+00:00
[2024-04-25T13:14:10.677+0000] {processor.py:179} INFO - Processing /home/airflow/.local/lib/python3.8/site-packages/airflow/example_dags/example_latest_only.py took 0.117 seconds
[2024-04-25T13:14:40.802+0000] {processor.py:157} INFO - Started process (PID=2334) to work on /home/airflow/.local/lib/python3.8/site-packages/airflow/example_dags/example_latest_only.py
[2024-04-25T13:14:40.804+0000] {processor.py:829} INFO - Processing file /home/airflow/.local/lib/python3.8/site-packages/airflow/example_dags/example_latest_only.py for tasks to queue
[2024-04-25T13:14:40.805+0000] {logging_mixin.py:154} INFO - [2024-04-25T13:14:40.804+0000] {dagbag.py:536} INFO - Filling up the DagBag from /home/airflow/.local/lib/python3.8/site-packages/airflow/example_dags/example_latest_only.py
[2024-04-25T13:14:40.814+0000] {processor.py:839} INFO - DAG(s) dict_keys(['latest_only']) retrieved from /home/airflow/.local/lib/python3.8/site-packages/airflow/example_dags/example_latest_only.py
[2024-04-25T13:14:40.847+0000] {logging_mixin.py:154} INFO - [2024-04-25T13:14:40.846+0000] {dag.py:2941} INFO - Sync 1 DAGs
[2024-04-25T13:14:40.879+0000] {logging_mixin.py:154} INFO - [2024-04-25T13:14:40.879+0000] {dag.py:3722} INFO - Setting next_dagrun for latest_only to 2024-04-25T09:14:40.879023+00:00, run_after=2024-04-25T13:14:40.879023+00:00
[2024-04-25T13:14:40.908+0000] {processor.py:179} INFO - Processing /home/airflow/.local/lib/python3.8/site-packages/airflow/example_dags/example_latest_only.py took 0.111 seconds
[2024-04-25T13:15:11.001+0000] {processor.py:157} INFO - Started process (PID=2572) to work on /home/airflow/.local/lib/python3.8/site-packages/airflow/example_dags/example_latest_only.py
[2024-04-25T13:15:11.003+0000] {processor.py:829} INFO - Processing file /home/airflow/.local/lib/python3.8/site-packages/airflow/example_dags/example_latest_only.py for tasks to queue
[2024-04-25T13:15:11.004+0000] {logging_mixin.py:154} INFO - [2024-04-25T13:15:11.004+0000] {dagbag.py:536} INFO - Filling up the DagBag from /home/airflow/.local/lib/python3.8/site-packages/airflow/example_dags/example_latest_only.py
[2024-04-25T13:15:11.017+0000] {processor.py:839} INFO - DAG(s) dict_keys(['latest_only']) retrieved from /home/airflow/.local/lib/python3.8/site-packages/airflow/example_dags/example_latest_only.py
[2024-04-25T13:15:11.057+0000] {logging_mixin.py:154} INFO - [2024-04-25T13:15:11.057+0000] {dag.py:2941} INFO - Sync 1 DAGs
[2024-04-25T13:15:11.100+0000] {logging_mixin.py:154} INFO - [2024-04-25T13:15:11.100+0000] {dag.py:3722} INFO - Setting next_dagrun for latest_only to 2024-04-25T09:15:11.099778+00:00, run_after=2024-04-25T13:15:11.099778+00:00
[2024-04-25T13:15:11.136+0000] {processor.py:179} INFO - Processing /home/airflow/.local/lib/python3.8/site-packages/airflow/example_dags/example_latest_only.py took 0.142 seconds
[2024-04-25T13:15:41.547+0000] {processor.py:157} INFO - Started process (PID=2815) to work on /home/airflow/.local/lib/python3.8/site-packages/airflow/example_dags/example_latest_only.py
[2024-04-25T13:15:41.550+0000] {processor.py:829} INFO - Processing file /home/airflow/.local/lib/python3.8/site-packages/airflow/example_dags/example_latest_only.py for tasks to queue
[2024-04-25T13:15:41.551+0000] {logging_mixin.py:154} INFO - [2024-04-25T13:15:41.551+0000] {dagbag.py:536} INFO - Filling up the DagBag from /home/airflow/.local/lib/python3.8/site-packages/airflow/example_dags/example_latest_only.py
[2024-04-25T13:15:41.564+0000] {processor.py:839} INFO - DAG(s) dict_keys(['latest_only']) retrieved from /home/airflow/.local/lib/python3.8/site-packages/airflow/example_dags/example_latest_only.py
[2024-04-25T13:15:41.602+0000] {logging_mixin.py:154} INFO - [2024-04-25T13:15:41.601+0000] {dag.py:2941} INFO - Sync 1 DAGs
[2024-04-25T13:15:41.643+0000] {logging_mixin.py:154} INFO - [2024-04-25T13:15:41.643+0000] {dag.py:3722} INFO - Setting next_dagrun for latest_only to 2024-04-25T09:15:41.643219+00:00, run_after=2024-04-25T13:15:41.643219+00:00
[2024-04-25T13:15:41.670+0000] {processor.py:179} INFO - Processing /home/airflow/.local/lib/python3.8/site-packages/airflow/example_dags/example_latest_only.py took 0.131 seconds
[2024-04-25T13:16:12.506+0000] {processor.py:157} INFO - Started process (PID=3053) to work on /home/airflow/.local/lib/python3.8/site-packages/airflow/example_dags/example_latest_only.py
[2024-04-25T13:16:12.508+0000] {processor.py:829} INFO - Processing file /home/airflow/.local/lib/python3.8/site-packages/airflow/example_dags/example_latest_only.py for tasks to queue
[2024-04-25T13:16:12.509+0000] {logging_mixin.py:154} INFO - [2024-04-25T13:16:12.509+0000] {dagbag.py:536} INFO - Filling up the DagBag from /home/airflow/.local/lib/python3.8/site-packages/airflow/example_dags/example_latest_only.py
[2024-04-25T13:16:12.522+0000] {processor.py:839} INFO - DAG(s) dict_keys(['latest_only']) retrieved from /home/airflow/.local/lib/python3.8/site-packages/airflow/example_dags/example_latest_only.py
[2024-04-25T13:16:12.565+0000] {logging_mixin.py:154} INFO - [2024-04-25T13:16:12.565+0000] {dag.py:2941} INFO - Sync 1 DAGs
[2024-04-25T13:16:12.611+0000] {logging_mixin.py:154} INFO - [2024-04-25T13:16:12.611+0000] {dag.py:3722} INFO - Setting next_dagrun for latest_only to 2024-04-25T09:16:12.610758+00:00, run_after=2024-04-25T13:16:12.610758+00:00
[2024-04-25T13:16:12.642+0000] {processor.py:179} INFO - Processing /home/airflow/.local/lib/python3.8/site-packages/airflow/example_dags/example_latest_only.py took 0.144 seconds
[2024-04-25T13:16:43.615+0000] {processor.py:157} INFO - Started process (PID=3297) to work on /home/airflow/.local/lib/python3.8/site-packages/airflow/example_dags/example_latest_only.py
[2024-04-25T13:16:43.617+0000] {processor.py:829} INFO - Processing file /home/airflow/.local/lib/python3.8/site-packages/airflow/example_dags/example_latest_only.py for tasks to queue
[2024-04-25T13:16:43.618+0000] {logging_mixin.py:154} INFO - [2024-04-25T13:16:43.618+0000] {dagbag.py:536} INFO - Filling up the DagBag from /home/airflow/.local/lib/python3.8/site-packages/airflow/example_dags/example_latest_only.py
[2024-04-25T13:16:43.629+0000] {processor.py:839} INFO - DAG(s) dict_keys(['latest_only']) retrieved from /home/airflow/.local/lib/python3.8/site-packages/airflow/example_dags/example_latest_only.py
[2024-04-25T13:16:43.664+0000] {logging_mixin.py:154} INFO - [2024-04-25T13:16:43.664+0000] {dag.py:2941} INFO - Sync 1 DAGs
[2024-04-25T13:16:43.701+0000] {logging_mixin.py:154} INFO - [2024-04-25T13:16:43.700+0000] {dag.py:3722} INFO - Setting next_dagrun for latest_only to 2024-04-25T09:16:43.700334+00:00, run_after=2024-04-25T13:16:43.700334+00:00
[2024-04-25T13:16:43.733+0000] {processor.py:179} INFO - Processing /home/airflow/.local/lib/python3.8/site-packages/airflow/example_dags/example_latest_only.py took 0.125 seconds
[2024-04-25T13:17:14.466+0000] {processor.py:157} INFO - Started process (PID=3540) to work on /home/airflow/.local/lib/python3.8/site-packages/airflow/example_dags/example_latest_only.py
[2024-04-25T13:17:14.468+0000] {processor.py:829} INFO - Processing file /home/airflow/.local/lib/python3.8/site-packages/airflow/example_dags/example_latest_only.py for tasks to queue
[2024-04-25T13:17:14.470+0000] {logging_mixin.py:154} INFO - [2024-04-25T13:17:14.469+0000] {dagbag.py:536} INFO - Filling up the DagBag from /home/airflow/.local/lib/python3.8/site-packages/airflow/example_dags/example_latest_only.py
[2024-04-25T13:17:14.482+0000] {processor.py:839} INFO - DAG(s) dict_keys(['latest_only']) retrieved from /home/airflow/.local/lib/python3.8/site-packages/airflow/example_dags/example_latest_only.py
[2024-04-25T13:17:14.522+0000] {logging_mixin.py:154} INFO - [2024-04-25T13:17:14.522+0000] {dag.py:2941} INFO - Sync 1 DAGs
[2024-04-25T13:17:14.555+0000] {logging_mixin.py:154} INFO - [2024-04-25T13:17:14.555+0000] {dag.py:3722} INFO - Setting next_dagrun for latest_only to 2024-04-25T09:17:14.554683+00:00, run_after=2024-04-25T13:17:14.554683+00:00
[2024-04-25T13:17:14.588+0000] {processor.py:179} INFO - Processing /home/airflow/.local/lib/python3.8/site-packages/airflow/example_dags/example_latest_only.py took 0.130 seconds
[2024-04-25T13:17:44.951+0000] {processor.py:157} INFO - Started process (PID=3783) to work on /home/airflow/.local/lib/python3.8/site-packages/airflow/example_dags/example_latest_only.py
[2024-04-25T13:17:44.952+0000] {processor.py:829} INFO - Processing file /home/airflow/.local/lib/python3.8/site-packages/airflow/example_dags/example_latest_only.py for tasks to queue
[2024-04-25T13:17:44.954+0000] {logging_mixin.py:154} INFO - [2024-04-25T13:17:44.953+0000] {dagbag.py:536} INFO - Filling up the DagBag from /home/airflow/.local/lib/python3.8/site-packages/airflow/example_dags/example_latest_only.py
[2024-04-25T13:17:44.966+0000] {processor.py:839} INFO - DAG(s) dict_keys(['latest_only']) retrieved from /home/airflow/.local/lib/python3.8/site-packages/airflow/example_dags/example_latest_only.py
[2024-04-25T13:17:45.004+0000] {logging_mixin.py:154} INFO - [2024-04-25T13:17:45.004+0000] {dag.py:2941} INFO - Sync 1 DAGs
[2024-04-25T13:17:45.040+0000] {logging_mixin.py:154} INFO - [2024-04-25T13:17:45.040+0000] {dag.py:3722} INFO - Setting next_dagrun for latest_only to 2024-04-25T09:17:45.039718+00:00, run_after=2024-04-25T13:17:45.039718+00:00
[2024-04-25T13:17:45.075+0000] {processor.py:179} INFO - Processing /home/airflow/.local/lib/python3.8/site-packages/airflow/example_dags/example_latest_only.py took 0.131 seconds
[2024-04-25T13:18:15.961+0000] {processor.py:157} INFO - Started process (PID=4035) to work on /home/airflow/.local/lib/python3.8/site-packages/airflow/example_dags/example_latest_only.py
[2024-04-25T13:18:15.964+0000] {processor.py:829} INFO - Processing file /home/airflow/.local/lib/python3.8/site-packages/airflow/example_dags/example_latest_only.py for tasks to queue
[2024-04-25T13:18:15.965+0000] {logging_mixin.py:154} INFO - [2024-04-25T13:18:15.964+0000] {dagbag.py:536} INFO - Filling up the DagBag from /home/airflow/.local/lib/python3.8/site-packages/airflow/example_dags/example_latest_only.py
[2024-04-25T13:18:15.976+0000] {processor.py:839} INFO - DAG(s) dict_keys(['latest_only']) retrieved from /home/airflow/.local/lib/python3.8/site-packages/airflow/example_dags/example_latest_only.py
[2024-04-25T13:18:16.012+0000] {logging_mixin.py:154} INFO - [2024-04-25T13:18:16.012+0000] {dag.py:2941} INFO - Sync 1 DAGs
[2024-04-25T13:18:16.045+0000] {logging_mixin.py:154} INFO - [2024-04-25T13:18:16.045+0000] {dag.py:3722} INFO - Setting next_dagrun for latest_only to 2024-04-25T09:18:16.044942+00:00, run_after=2024-04-25T13:18:16.044942+00:00
[2024-04-25T13:18:16.071+0000] {processor.py:179} INFO - Processing /home/airflow/.local/lib/python3.8/site-packages/airflow/example_dags/example_latest_only.py took 0.118 seconds
[2024-04-25T13:18:47.062+0000] {processor.py:157} INFO - Started process (PID=4278) to work on /home/airflow/.local/lib/python3.8/site-packages/airflow/example_dags/example_latest_only.py
[2024-04-25T13:18:47.064+0000] {processor.py:829} INFO - Processing file /home/airflow/.local/lib/python3.8/site-packages/airflow/example_dags/example_latest_only.py for tasks to queue
[2024-04-25T13:18:47.065+0000] {logging_mixin.py:154} INFO - [2024-04-25T13:18:47.065+0000] {dagbag.py:536} INFO - Filling up the DagBag from /home/airflow/.local/lib/python3.8/site-packages/airflow/example_dags/example_latest_only.py
[2024-04-25T13:18:47.075+0000] {processor.py:839} INFO - DAG(s) dict_keys(['latest_only']) retrieved from /home/airflow/.local/lib/python3.8/site-packages/airflow/example_dags/example_latest_only.py
[2024-04-25T13:18:47.117+0000] {logging_mixin.py:154} INFO - [2024-04-25T13:18:47.117+0000] {dag.py:2941} INFO - Sync 1 DAGs
[2024-04-25T13:18:47.150+0000] {logging_mixin.py:154} INFO - [2024-04-25T13:18:47.150+0000] {dag.py:3722} INFO - Setting next_dagrun for latest_only to 2024-04-25T09:18:47.150060+00:00, run_after=2024-04-25T13:18:47.150060+00:00
[2024-04-25T13:18:47.182+0000] {processor.py:179} INFO - Processing /home/airflow/.local/lib/python3.8/site-packages/airflow/example_dags/example_latest_only.py took 0.126 seconds
[2024-04-25T13:27:17.560+0000] {processor.py:157} INFO - Started process (PID=373) to work on /home/airflow/.local/lib/python3.8/site-packages/airflow/example_dags/example_latest_only.py
[2024-04-25T13:27:17.562+0000] {processor.py:829} INFO - Processing file /home/airflow/.local/lib/python3.8/site-packages/airflow/example_dags/example_latest_only.py for tasks to queue
[2024-04-25T13:27:17.564+0000] {logging_mixin.py:154} INFO - [2024-04-25T13:27:17.563+0000] {dagbag.py:536} INFO - Filling up the DagBag from /home/airflow/.local/lib/python3.8/site-packages/airflow/example_dags/example_latest_only.py
[2024-04-25T13:27:17.578+0000] {processor.py:839} INFO - DAG(s) dict_keys(['latest_only']) retrieved from /home/airflow/.local/lib/python3.8/site-packages/airflow/example_dags/example_latest_only.py
[2024-04-25T13:27:17.602+0000] {logging_mixin.py:154} INFO - [2024-04-25T13:27:17.601+0000] {dag.py:2941} INFO - Sync 1 DAGs
[2024-04-25T13:27:17.658+0000] {logging_mixin.py:154} INFO - [2024-04-25T13:27:17.657+0000] {dag.py:3722} INFO - Setting next_dagrun for latest_only to 2024-04-25T09:27:17.657062+00:00, run_after=2024-04-25T13:27:17.657062+00:00
[2024-04-25T13:27:17.695+0000] {processor.py:179} INFO - Processing /home/airflow/.local/lib/python3.8/site-packages/airflow/example_dags/example_latest_only.py took 0.144 seconds
[2024-04-25T13:27:48.274+0000] {processor.py:157} INFO - Started process (PID=616) to work on /home/airflow/.local/lib/python3.8/site-packages/airflow/example_dags/example_latest_only.py
[2024-04-25T13:27:48.276+0000] {processor.py:829} INFO - Processing file /home/airflow/.local/lib/python3.8/site-packages/airflow/example_dags/example_latest_only.py for tasks to queue
[2024-04-25T13:27:48.277+0000] {logging_mixin.py:154} INFO - [2024-04-25T13:27:48.277+0000] {dagbag.py:536} INFO - Filling up the DagBag from /home/airflow/.local/lib/python3.8/site-packages/airflow/example_dags/example_latest_only.py
[2024-04-25T13:27:48.290+0000] {processor.py:839} INFO - DAG(s) dict_keys(['latest_only']) retrieved from /home/airflow/.local/lib/python3.8/site-packages/airflow/example_dags/example_latest_only.py
[2024-04-25T13:27:48.341+0000] {logging_mixin.py:154} INFO - [2024-04-25T13:27:48.340+0000] {dag.py:2941} INFO - Sync 1 DAGs
[2024-04-25T13:27:48.387+0000] {logging_mixin.py:154} INFO - [2024-04-25T13:27:48.387+0000] {dag.py:3722} INFO - Setting next_dagrun for latest_only to 2024-04-25T09:27:48.386811+00:00, run_after=2024-04-25T13:27:48.386811+00:00
[2024-04-25T13:27:48.424+0000] {processor.py:179} INFO - Processing /home/airflow/.local/lib/python3.8/site-packages/airflow/example_dags/example_latest_only.py took 0.158 seconds
[2024-04-25T13:28:18.612+0000] {processor.py:157} INFO - Started process (PID=859) to work on /home/airflow/.local/lib/python3.8/site-packages/airflow/example_dags/example_latest_only.py
[2024-04-25T13:28:18.615+0000] {processor.py:829} INFO - Processing file /home/airflow/.local/lib/python3.8/site-packages/airflow/example_dags/example_latest_only.py for tasks to queue
[2024-04-25T13:28:18.616+0000] {logging_mixin.py:154} INFO - [2024-04-25T13:28:18.615+0000] {dagbag.py:536} INFO - Filling up the DagBag from /home/airflow/.local/lib/python3.8/site-packages/airflow/example_dags/example_latest_only.py
[2024-04-25T13:28:18.629+0000] {processor.py:839} INFO - DAG(s) dict_keys(['latest_only']) retrieved from /home/airflow/.local/lib/python3.8/site-packages/airflow/example_dags/example_latest_only.py
[2024-04-25T13:28:18.666+0000] {logging_mixin.py:154} INFO - [2024-04-25T13:28:18.666+0000] {dag.py:2941} INFO - Sync 1 DAGs
[2024-04-25T13:28:18.705+0000] {logging_mixin.py:154} INFO - [2024-04-25T13:28:18.704+0000] {dag.py:3722} INFO - Setting next_dagrun for latest_only to 2024-04-25T09:28:18.704585+00:00, run_after=2024-04-25T13:28:18.704585+00:00
[2024-04-25T13:28:18.730+0000] {processor.py:179} INFO - Processing /home/airflow/.local/lib/python3.8/site-packages/airflow/example_dags/example_latest_only.py took 0.123 seconds
[2024-04-25T13:28:50.401+0000] {processor.py:157} INFO - Started process (PID=1109) to work on /home/airflow/.local/lib/python3.8/site-packages/airflow/example_dags/example_latest_only.py
[2024-04-25T13:28:50.405+0000] {processor.py:829} INFO - Processing file /home/airflow/.local/lib/python3.8/site-packages/airflow/example_dags/example_latest_only.py for tasks to queue
[2024-04-25T13:28:50.407+0000] {logging_mixin.py:154} INFO - [2024-04-25T13:28:50.406+0000] {dagbag.py:536} INFO - Filling up the DagBag from /home/airflow/.local/lib/python3.8/site-packages/airflow/example_dags/example_latest_only.py
[2024-04-25T13:28:50.421+0000] {processor.py:839} INFO - DAG(s) dict_keys(['latest_only']) retrieved from /home/airflow/.local/lib/python3.8/site-packages/airflow/example_dags/example_latest_only.py
[2024-04-25T13:28:50.463+0000] {logging_mixin.py:154} INFO - [2024-04-25T13:28:50.462+0000] {dag.py:2941} INFO - Sync 1 DAGs
[2024-04-25T13:28:50.512+0000] {logging_mixin.py:154} INFO - [2024-04-25T13:28:50.512+0000] {dag.py:3722} INFO - Setting next_dagrun for latest_only to 2024-04-25T09:28:50.511770+00:00, run_after=2024-04-25T13:28:50.511770+00:00
[2024-04-25T13:28:50.556+0000] {processor.py:179} INFO - Processing /home/airflow/.local/lib/python3.8/site-packages/airflow/example_dags/example_latest_only.py took 0.164 seconds
[2024-04-25T13:29:21.449+0000] {processor.py:157} INFO - Started process (PID=1355) to work on /home/airflow/.local/lib/python3.8/site-packages/airflow/example_dags/example_latest_only.py
[2024-04-25T13:29:21.452+0000] {processor.py:829} INFO - Processing file /home/airflow/.local/lib/python3.8/site-packages/airflow/example_dags/example_latest_only.py for tasks to queue
[2024-04-25T13:29:21.453+0000] {logging_mixin.py:154} INFO - [2024-04-25T13:29:21.453+0000] {dagbag.py:536} INFO - Filling up the DagBag from /home/airflow/.local/lib/python3.8/site-packages/airflow/example_dags/example_latest_only.py
[2024-04-25T13:29:21.470+0000] {processor.py:839} INFO - DAG(s) dict_keys(['latest_only']) retrieved from /home/airflow/.local/lib/python3.8/site-packages/airflow/example_dags/example_latest_only.py
[2024-04-25T13:29:21.515+0000] {logging_mixin.py:154} INFO - [2024-04-25T13:29:21.515+0000] {dag.py:2941} INFO - Sync 1 DAGs
[2024-04-25T13:29:21.561+0000] {logging_mixin.py:154} INFO - [2024-04-25T13:29:21.561+0000] {dag.py:3722} INFO - Setting next_dagrun for latest_only to 2024-04-25T09:29:21.560533+00:00, run_after=2024-04-25T13:29:21.560533+00:00
[2024-04-25T13:29:21.597+0000] {processor.py:179} INFO - Processing /home/airflow/.local/lib/python3.8/site-packages/airflow/example_dags/example_latest_only.py took 0.155 seconds
[2024-04-25T13:29:52.272+0000] {processor.py:157} INFO - Started process (PID=1598) to work on /home/airflow/.local/lib/python3.8/site-packages/airflow/example_dags/example_latest_only.py
[2024-04-25T13:29:52.274+0000] {processor.py:829} INFO - Processing file /home/airflow/.local/lib/python3.8/site-packages/airflow/example_dags/example_latest_only.py for tasks to queue
[2024-04-25T13:29:52.275+0000] {logging_mixin.py:154} INFO - [2024-04-25T13:29:52.275+0000] {dagbag.py:536} INFO - Filling up the DagBag from /home/airflow/.local/lib/python3.8/site-packages/airflow/example_dags/example_latest_only.py
[2024-04-25T13:29:52.286+0000] {processor.py:839} INFO - DAG(s) dict_keys(['latest_only']) retrieved from /home/airflow/.local/lib/python3.8/site-packages/airflow/example_dags/example_latest_only.py
[2024-04-25T13:29:52.322+0000] {logging_mixin.py:154} INFO - [2024-04-25T13:29:52.321+0000] {dag.py:2941} INFO - Sync 1 DAGs
[2024-04-25T13:29:52.360+0000] {logging_mixin.py:154} INFO - [2024-04-25T13:29:52.360+0000] {dag.py:3722} INFO - Setting next_dagrun for latest_only to 2024-04-25T09:29:52.359763+00:00, run_after=2024-04-25T13:29:52.359763+00:00
[2024-04-25T13:29:52.399+0000] {processor.py:179} INFO - Processing /home/airflow/.local/lib/python3.8/site-packages/airflow/example_dags/example_latest_only.py took 0.133 seconds
[2024-04-25T13:30:22.794+0000] {processor.py:157} INFO - Started process (PID=1841) to work on /home/airflow/.local/lib/python3.8/site-packages/airflow/example_dags/example_latest_only.py
[2024-04-25T13:30:22.800+0000] {processor.py:829} INFO - Processing file /home/airflow/.local/lib/python3.8/site-packages/airflow/example_dags/example_latest_only.py for tasks to queue
[2024-04-25T13:30:22.802+0000] {logging_mixin.py:154} INFO - [2024-04-25T13:30:22.801+0000] {dagbag.py:536} INFO - Filling up the DagBag from /home/airflow/.local/lib/python3.8/site-packages/airflow/example_dags/example_latest_only.py
[2024-04-25T13:30:22.816+0000] {processor.py:839} INFO - DAG(s) dict_keys(['latest_only']) retrieved from /home/airflow/.local/lib/python3.8/site-packages/airflow/example_dags/example_latest_only.py
[2024-04-25T13:30:22.850+0000] {logging_mixin.py:154} INFO - [2024-04-25T13:30:22.850+0000] {dag.py:2941} INFO - Sync 1 DAGs
[2024-04-25T13:30:22.884+0000] {logging_mixin.py:154} INFO - [2024-04-25T13:30:22.884+0000] {dag.py:3722} INFO - Setting next_dagrun for latest_only to 2024-04-25T09:30:22.884021+00:00, run_after=2024-04-25T13:30:22.884021+00:00
[2024-04-25T13:30:22.920+0000] {processor.py:179} INFO - Processing /home/airflow/.local/lib/python3.8/site-packages/airflow/example_dags/example_latest_only.py took 0.133 seconds
[2024-04-25T13:30:53.608+0000] {processor.py:157} INFO - Started process (PID=2085) to work on /home/airflow/.local/lib/python3.8/site-packages/airflow/example_dags/example_latest_only.py
[2024-04-25T13:30:53.613+0000] {processor.py:829} INFO - Processing file /home/airflow/.local/lib/python3.8/site-packages/airflow/example_dags/example_latest_only.py for tasks to queue
[2024-04-25T13:30:53.614+0000] {logging_mixin.py:154} INFO - [2024-04-25T13:30:53.613+0000] {dagbag.py:536} INFO - Filling up the DagBag from /home/airflow/.local/lib/python3.8/site-packages/airflow/example_dags/example_latest_only.py
[2024-04-25T13:30:53.626+0000] {processor.py:839} INFO - DAG(s) dict_keys(['latest_only']) retrieved from /home/airflow/.local/lib/python3.8/site-packages/airflow/example_dags/example_latest_only.py
[2024-04-25T13:30:53.665+0000] {logging_mixin.py:154} INFO - [2024-04-25T13:30:53.664+0000] {dag.py:2941} INFO - Sync 1 DAGs
[2024-04-25T13:30:53.699+0000] {logging_mixin.py:154} INFO - [2024-04-25T13:30:53.699+0000] {dag.py:3722} INFO - Setting next_dagrun for latest_only to 2024-04-25T09:30:53.698458+00:00, run_after=2024-04-25T13:30:53.698458+00:00
[2024-04-25T13:30:53.728+0000] {processor.py:179} INFO - Processing /home/airflow/.local/lib/python3.8/site-packages/airflow/example_dags/example_latest_only.py took 0.127 seconds
[2024-04-25T13:31:24.516+0000] {processor.py:157} INFO - Started process (PID=2328) to work on /home/airflow/.local/lib/python3.8/site-packages/airflow/example_dags/example_latest_only.py
[2024-04-25T13:31:24.520+0000] {processor.py:829} INFO - Processing file /home/airflow/.local/lib/python3.8/site-packages/airflow/example_dags/example_latest_only.py for tasks to queue
[2024-04-25T13:31:24.522+0000] {logging_mixin.py:154} INFO - [2024-04-25T13:31:24.521+0000] {dagbag.py:536} INFO - Filling up the DagBag from /home/airflow/.local/lib/python3.8/site-packages/airflow/example_dags/example_latest_only.py
[2024-04-25T13:31:24.532+0000] {processor.py:839} INFO - DAG(s) dict_keys(['latest_only']) retrieved from /home/airflow/.local/lib/python3.8/site-packages/airflow/example_dags/example_latest_only.py
[2024-04-25T13:31:24.568+0000] {logging_mixin.py:154} INFO - [2024-04-25T13:31:24.567+0000] {dag.py:2941} INFO - Sync 1 DAGs
[2024-04-25T13:31:24.608+0000] {logging_mixin.py:154} INFO - [2024-04-25T13:31:24.608+0000] {dag.py:3722} INFO - Setting next_dagrun for latest_only to 2024-04-25T09:31:24.607901+00:00, run_after=2024-04-25T13:31:24.607901+00:00
[2024-04-25T13:31:24.644+0000] {processor.py:179} INFO - Processing /home/airflow/.local/lib/python3.8/site-packages/airflow/example_dags/example_latest_only.py took 0.134 seconds
[2024-04-25T13:31:55.210+0000] {processor.py:157} INFO - Started process (PID=2573) to work on /home/airflow/.local/lib/python3.8/site-packages/airflow/example_dags/example_latest_only.py
[2024-04-25T13:31:55.213+0000] {processor.py:829} INFO - Processing file /home/airflow/.local/lib/python3.8/site-packages/airflow/example_dags/example_latest_only.py for tasks to queue
[2024-04-25T13:31:55.214+0000] {logging_mixin.py:154} INFO - [2024-04-25T13:31:55.213+0000] {dagbag.py:536} INFO - Filling up the DagBag from /home/airflow/.local/lib/python3.8/site-packages/airflow/example_dags/example_latest_only.py
[2024-04-25T13:31:55.224+0000] {processor.py:839} INFO - DAG(s) dict_keys(['latest_only']) retrieved from /home/airflow/.local/lib/python3.8/site-packages/airflow/example_dags/example_latest_only.py
[2024-04-25T13:31:55.261+0000] {logging_mixin.py:154} INFO - [2024-04-25T13:31:55.260+0000] {dag.py:2941} INFO - Sync 1 DAGs
[2024-04-25T13:31:55.292+0000] {logging_mixin.py:154} INFO - [2024-04-25T13:31:55.292+0000] {dag.py:3722} INFO - Setting next_dagrun for latest_only to 2024-04-25T09:31:55.291941+00:00, run_after=2024-04-25T13:31:55.291941+00:00
[2024-04-25T13:31:55.319+0000] {processor.py:179} INFO - Processing /home/airflow/.local/lib/python3.8/site-packages/airflow/example_dags/example_latest_only.py took 0.114 seconds
[2024-04-25T13:32:25.824+0000] {processor.py:157} INFO - Started process (PID=2816) to work on /home/airflow/.local/lib/python3.8/site-packages/airflow/example_dags/example_latest_only.py
[2024-04-25T13:32:25.827+0000] {processor.py:829} INFO - Processing file /home/airflow/.local/lib/python3.8/site-packages/airflow/example_dags/example_latest_only.py for tasks to queue
[2024-04-25T13:32:25.828+0000] {logging_mixin.py:154} INFO - [2024-04-25T13:32:25.827+0000] {dagbag.py:536} INFO - Filling up the DagBag from /home/airflow/.local/lib/python3.8/site-packages/airflow/example_dags/example_latest_only.py
[2024-04-25T13:32:25.838+0000] {processor.py:839} INFO - DAG(s) dict_keys(['latest_only']) retrieved from /home/airflow/.local/lib/python3.8/site-packages/airflow/example_dags/example_latest_only.py
[2024-04-25T13:32:25.874+0000] {logging_mixin.py:154} INFO - [2024-04-25T13:32:25.874+0000] {dag.py:2941} INFO - Sync 1 DAGs
[2024-04-25T13:32:25.916+0000] {logging_mixin.py:154} INFO - [2024-04-25T13:32:25.916+0000] {dag.py:3722} INFO - Setting next_dagrun for latest_only to 2024-04-25T09:32:25.915754+00:00, run_after=2024-04-25T13:32:25.915754+00:00
[2024-04-25T13:32:25.952+0000] {processor.py:179} INFO - Processing /home/airflow/.local/lib/python3.8/site-packages/airflow/example_dags/example_latest_only.py took 0.133 seconds
[2024-04-25T13:32:56.744+0000] {processor.py:157} INFO - Started process (PID=3063) to work on /home/airflow/.local/lib/python3.8/site-packages/airflow/example_dags/example_latest_only.py
[2024-04-25T13:32:56.747+0000] {processor.py:829} INFO - Processing file /home/airflow/.local/lib/python3.8/site-packages/airflow/example_dags/example_latest_only.py for tasks to queue
[2024-04-25T13:32:56.749+0000] {logging_mixin.py:154} INFO - [2024-04-25T13:32:56.748+0000] {dagbag.py:536} INFO - Filling up the DagBag from /home/airflow/.local/lib/python3.8/site-packages/airflow/example_dags/example_latest_only.py
[2024-04-25T13:32:56.764+0000] {processor.py:839} INFO - DAG(s) dict_keys(['latest_only']) retrieved from /home/airflow/.local/lib/python3.8/site-packages/airflow/example_dags/example_latest_only.py
[2024-04-25T13:32:56.799+0000] {logging_mixin.py:154} INFO - [2024-04-25T13:32:56.798+0000] {dag.py:2941} INFO - Sync 1 DAGs
[2024-04-25T13:32:56.838+0000] {logging_mixin.py:154} INFO - [2024-04-25T13:32:56.838+0000] {dag.py:3722} INFO - Setting next_dagrun for latest_only to 2024-04-25T09:32:56.837643+00:00, run_after=2024-04-25T13:32:56.837643+00:00
[2024-04-25T13:32:56.879+0000] {processor.py:179} INFO - Processing /home/airflow/.local/lib/python3.8/site-packages/airflow/example_dags/example_latest_only.py took 0.143 seconds
[2024-04-25T13:33:27.531+0000] {processor.py:157} INFO - Started process (PID=3308) to work on /home/airflow/.local/lib/python3.8/site-packages/airflow/example_dags/example_latest_only.py
[2024-04-25T13:33:27.536+0000] {processor.py:829} INFO - Processing file /home/airflow/.local/lib/python3.8/site-packages/airflow/example_dags/example_latest_only.py for tasks to queue
[2024-04-25T13:33:27.538+0000] {logging_mixin.py:154} INFO - [2024-04-25T13:33:27.537+0000] {dagbag.py:536} INFO - Filling up the DagBag from /home/airflow/.local/lib/python3.8/site-packages/airflow/example_dags/example_latest_only.py
[2024-04-25T13:33:27.555+0000] {processor.py:839} INFO - DAG(s) dict_keys(['latest_only']) retrieved from /home/airflow/.local/lib/python3.8/site-packages/airflow/example_dags/example_latest_only.py
[2024-04-25T13:33:27.638+0000] {logging_mixin.py:154} INFO - [2024-04-25T13:33:27.637+0000] {dag.py:2941} INFO - Sync 1 DAGs
[2024-04-25T13:33:27.705+0000] {logging_mixin.py:154} INFO - [2024-04-25T13:33:27.705+0000] {dag.py:3722} INFO - Setting next_dagrun for latest_only to 2024-04-25T09:33:27.704035+00:00, run_after=2024-04-25T13:33:27.704035+00:00
[2024-04-25T13:33:27.740+0000] {processor.py:179} INFO - Processing /home/airflow/.local/lib/python3.8/site-packages/airflow/example_dags/example_latest_only.py took 0.222 seconds
[2024-04-25T13:34:03.743+0000] {processor.py:157} INFO - Started process (PID=3562) to work on /home/airflow/.local/lib/python3.8/site-packages/airflow/example_dags/example_latest_only.py
[2024-04-25T13:34:03.749+0000] {processor.py:829} INFO - Processing file /home/airflow/.local/lib/python3.8/site-packages/airflow/example_dags/example_latest_only.py for tasks to queue
[2024-04-25T13:34:03.751+0000] {logging_mixin.py:154} INFO - [2024-04-25T13:34:03.750+0000] {dagbag.py:536} INFO - Filling up the DagBag from /home/airflow/.local/lib/python3.8/site-packages/airflow/example_dags/example_latest_only.py
[2024-04-25T13:34:03.786+0000] {processor.py:839} INFO - DAG(s) dict_keys(['latest_only']) retrieved from /home/airflow/.local/lib/python3.8/site-packages/airflow/example_dags/example_latest_only.py
[2024-04-25T13:34:03.924+0000] {logging_mixin.py:154} INFO - [2024-04-25T13:34:03.924+0000] {dag.py:2941} INFO - Sync 1 DAGs
[2024-04-25T13:34:04.081+0000] {logging_mixin.py:154} INFO - [2024-04-25T13:34:04.080+0000] {dag.py:3722} INFO - Setting next_dagrun for latest_only to 2024-04-25T09:34:04.080101+00:00, run_after=2024-04-25T13:34:04.080101+00:00
[2024-04-25T13:34:04.162+0000] {processor.py:179} INFO - Processing /home/airflow/.local/lib/python3.8/site-packages/airflow/example_dags/example_latest_only.py took 0.439 seconds
[2024-04-25T13:34:34.428+0000] {processor.py:157} INFO - Started process (PID=3800) to work on /home/airflow/.local/lib/python3.8/site-packages/airflow/example_dags/example_latest_only.py
[2024-04-25T13:34:34.430+0000] {processor.py:829} INFO - Processing file /home/airflow/.local/lib/python3.8/site-packages/airflow/example_dags/example_latest_only.py for tasks to queue
[2024-04-25T13:34:34.432+0000] {logging_mixin.py:154} INFO - [2024-04-25T13:34:34.431+0000] {dagbag.py:536} INFO - Filling up the DagBag from /home/airflow/.local/lib/python3.8/site-packages/airflow/example_dags/example_latest_only.py
[2024-04-25T13:34:34.442+0000] {processor.py:839} INFO - DAG(s) dict_keys(['latest_only']) retrieved from /home/airflow/.local/lib/python3.8/site-packages/airflow/example_dags/example_latest_only.py
[2024-04-25T13:34:34.482+0000] {logging_mixin.py:154} INFO - [2024-04-25T13:34:34.481+0000] {dag.py:2941} INFO - Sync 1 DAGs
[2024-04-25T13:34:34.528+0000] {logging_mixin.py:154} INFO - [2024-04-25T13:34:34.528+0000] {dag.py:3722} INFO - Setting next_dagrun for latest_only to 2024-04-25T09:34:34.527715+00:00, run_after=2024-04-25T13:34:34.527715+00:00
[2024-04-25T13:34:34.557+0000] {processor.py:179} INFO - Processing /home/airflow/.local/lib/python3.8/site-packages/airflow/example_dags/example_latest_only.py took 0.135 seconds
[2024-04-25T13:35:05.276+0000] {processor.py:157} INFO - Started process (PID=4044) to work on /home/airflow/.local/lib/python3.8/site-packages/airflow/example_dags/example_latest_only.py
[2024-04-25T13:35:05.277+0000] {processor.py:829} INFO - Processing file /home/airflow/.local/lib/python3.8/site-packages/airflow/example_dags/example_latest_only.py for tasks to queue
[2024-04-25T13:35:05.279+0000] {logging_mixin.py:154} INFO - [2024-04-25T13:35:05.279+0000] {dagbag.py:536} INFO - Filling up the DagBag from /home/airflow/.local/lib/python3.8/site-packages/airflow/example_dags/example_latest_only.py
[2024-04-25T13:35:05.293+0000] {processor.py:839} INFO - DAG(s) dict_keys(['latest_only']) retrieved from /home/airflow/.local/lib/python3.8/site-packages/airflow/example_dags/example_latest_only.py
[2024-04-25T13:35:05.327+0000] {logging_mixin.py:154} INFO - [2024-04-25T13:35:05.327+0000] {dag.py:2941} INFO - Sync 1 DAGs
[2024-04-25T13:35:05.359+0000] {logging_mixin.py:154} INFO - [2024-04-25T13:35:05.359+0000] {dag.py:3722} INFO - Setting next_dagrun for latest_only to 2024-04-25T09:35:05.358780+00:00, run_after=2024-04-25T13:35:05.358780+00:00
[2024-04-25T13:35:05.386+0000] {processor.py:179} INFO - Processing /home/airflow/.local/lib/python3.8/site-packages/airflow/example_dags/example_latest_only.py took 0.119 seconds
[2024-04-25T13:35:35.828+0000] {processor.py:157} INFO - Started process (PID=4317) to work on /home/airflow/.local/lib/python3.8/site-packages/airflow/example_dags/example_latest_only.py
[2024-04-25T13:35:35.830+0000] {processor.py:829} INFO - Processing file /home/airflow/.local/lib/python3.8/site-packages/airflow/example_dags/example_latest_only.py for tasks to queue
[2024-04-25T13:35:35.832+0000] {logging_mixin.py:154} INFO - [2024-04-25T13:35:35.831+0000] {dagbag.py:536} INFO - Filling up the DagBag from /home/airflow/.local/lib/python3.8/site-packages/airflow/example_dags/example_latest_only.py
[2024-04-25T13:35:35.846+0000] {processor.py:839} INFO - DAG(s) dict_keys(['latest_only']) retrieved from /home/airflow/.local/lib/python3.8/site-packages/airflow/example_dags/example_latest_only.py
[2024-04-25T13:35:35.885+0000] {logging_mixin.py:154} INFO - [2024-04-25T13:35:35.884+0000] {dag.py:2941} INFO - Sync 1 DAGs
[2024-04-25T13:35:35.916+0000] {logging_mixin.py:154} INFO - [2024-04-25T13:35:35.916+0000] {dag.py:3722} INFO - Setting next_dagrun for latest_only to 2024-04-25T09:35:35.916157+00:00, run_after=2024-04-25T13:35:35.916157+00:00
[2024-04-25T13:35:35.944+0000] {processor.py:179} INFO - Processing /home/airflow/.local/lib/python3.8/site-packages/airflow/example_dags/example_latest_only.py took 0.124 seconds
[2024-04-25T13:49:28.778+0000] {processor.py:157} INFO - Started process (PID=373) to work on /home/airflow/.local/lib/python3.8/site-packages/airflow/example_dags/example_latest_only.py
[2024-04-25T13:49:28.781+0000] {processor.py:829} INFO - Processing file /home/airflow/.local/lib/python3.8/site-packages/airflow/example_dags/example_latest_only.py for tasks to queue
[2024-04-25T13:49:28.782+0000] {logging_mixin.py:154} INFO - [2024-04-25T13:49:28.782+0000] {dagbag.py:536} INFO - Filling up the DagBag from /home/airflow/.local/lib/python3.8/site-packages/airflow/example_dags/example_latest_only.py
[2024-04-25T13:49:28.796+0000] {processor.py:839} INFO - DAG(s) dict_keys(['latest_only']) retrieved from /home/airflow/.local/lib/python3.8/site-packages/airflow/example_dags/example_latest_only.py
[2024-04-25T13:49:28.818+0000] {logging_mixin.py:154} INFO - [2024-04-25T13:49:28.818+0000] {dag.py:2941} INFO - Sync 1 DAGs
[2024-04-25T13:49:28.862+0000] {logging_mixin.py:154} INFO - [2024-04-25T13:49:28.862+0000] {dag.py:3722} INFO - Setting next_dagrun for latest_only to 2024-04-25T09:49:28.861733+00:00, run_after=2024-04-25T13:49:28.861733+00:00
[2024-04-25T13:49:28.893+0000] {processor.py:179} INFO - Processing /home/airflow/.local/lib/python3.8/site-packages/airflow/example_dags/example_latest_only.py took 0.124 seconds
[2024-04-25T13:50:00.018+0000] {processor.py:157} INFO - Started process (PID=617) to work on /home/airflow/.local/lib/python3.8/site-packages/airflow/example_dags/example_latest_only.py
[2024-04-25T13:50:00.019+0000] {processor.py:829} INFO - Processing file /home/airflow/.local/lib/python3.8/site-packages/airflow/example_dags/example_latest_only.py for tasks to queue
[2024-04-25T13:50:00.020+0000] {logging_mixin.py:154} INFO - [2024-04-25T13:50:00.020+0000] {dagbag.py:536} INFO - Filling up the DagBag from /home/airflow/.local/lib/python3.8/site-packages/airflow/example_dags/example_latest_only.py
[2024-04-25T13:50:00.030+0000] {processor.py:839} INFO - DAG(s) dict_keys(['latest_only']) retrieved from /home/airflow/.local/lib/python3.8/site-packages/airflow/example_dags/example_latest_only.py
[2024-04-25T13:50:00.067+0000] {logging_mixin.py:154} INFO - [2024-04-25T13:50:00.066+0000] {dag.py:2941} INFO - Sync 1 DAGs
[2024-04-25T13:50:00.103+0000] {logging_mixin.py:154} INFO - [2024-04-25T13:50:00.103+0000] {dag.py:3722} INFO - Setting next_dagrun for latest_only to 2024-04-25T09:50:00.103104+00:00, run_after=2024-04-25T13:50:00.103104+00:00
[2024-04-25T13:50:00.136+0000] {processor.py:179} INFO - Processing /home/airflow/.local/lib/python3.8/site-packages/airflow/example_dags/example_latest_only.py took 0.124 seconds
[2024-04-25T13:50:30.427+0000] {processor.py:157} INFO - Started process (PID=860) to work on /home/airflow/.local/lib/python3.8/site-packages/airflow/example_dags/example_latest_only.py
[2024-04-25T13:50:30.431+0000] {processor.py:829} INFO - Processing file /home/airflow/.local/lib/python3.8/site-packages/airflow/example_dags/example_latest_only.py for tasks to queue
[2024-04-25T13:50:30.432+0000] {logging_mixin.py:154} INFO - [2024-04-25T13:50:30.432+0000] {dagbag.py:536} INFO - Filling up the DagBag from /home/airflow/.local/lib/python3.8/site-packages/airflow/example_dags/example_latest_only.py
[2024-04-25T13:50:30.442+0000] {processor.py:839} INFO - DAG(s) dict_keys(['latest_only']) retrieved from /home/airflow/.local/lib/python3.8/site-packages/airflow/example_dags/example_latest_only.py
[2024-04-25T13:50:30.475+0000] {logging_mixin.py:154} INFO - [2024-04-25T13:50:30.475+0000] {dag.py:2941} INFO - Sync 1 DAGs
[2024-04-25T13:50:30.513+0000] {logging_mixin.py:154} INFO - [2024-04-25T13:50:30.512+0000] {dag.py:3722} INFO - Setting next_dagrun for latest_only to 2024-04-25T09:50:30.512512+00:00, run_after=2024-04-25T13:50:30.512512+00:00
[2024-04-25T13:50:30.544+0000] {processor.py:179} INFO - Processing /home/airflow/.local/lib/python3.8/site-packages/airflow/example_dags/example_latest_only.py took 0.124 seconds
[2024-04-25T13:51:01.845+0000] {processor.py:157} INFO - Started process (PID=1103) to work on /home/airflow/.local/lib/python3.8/site-packages/airflow/example_dags/example_latest_only.py
[2024-04-25T13:51:01.848+0000] {processor.py:829} INFO - Processing file /home/airflow/.local/lib/python3.8/site-packages/airflow/example_dags/example_latest_only.py for tasks to queue
[2024-04-25T13:51:01.850+0000] {logging_mixin.py:154} INFO - [2024-04-25T13:51:01.849+0000] {dagbag.py:536} INFO - Filling up the DagBag from /home/airflow/.local/lib/python3.8/site-packages/airflow/example_dags/example_latest_only.py
[2024-04-25T13:51:01.860+0000] {processor.py:839} INFO - DAG(s) dict_keys(['latest_only']) retrieved from /home/airflow/.local/lib/python3.8/site-packages/airflow/example_dags/example_latest_only.py
[2024-04-25T13:51:01.900+0000] {logging_mixin.py:154} INFO - [2024-04-25T13:51:01.899+0000] {dag.py:2941} INFO - Sync 1 DAGs
[2024-04-25T13:51:01.944+0000] {logging_mixin.py:154} INFO - [2024-04-25T13:51:01.943+0000] {dag.py:3722} INFO - Setting next_dagrun for latest_only to 2024-04-25T09:51:01.943220+00:00, run_after=2024-04-25T13:51:01.943220+00:00
[2024-04-25T13:51:01.980+0000] {processor.py:179} INFO - Processing /home/airflow/.local/lib/python3.8/site-packages/airflow/example_dags/example_latest_only.py took 0.141 seconds
[2024-04-25T13:51:32.124+0000] {processor.py:157} INFO - Started process (PID=1346) to work on /home/airflow/.local/lib/python3.8/site-packages/airflow/example_dags/example_latest_only.py
[2024-04-25T13:51:32.126+0000] {processor.py:829} INFO - Processing file /home/airflow/.local/lib/python3.8/site-packages/airflow/example_dags/example_latest_only.py for tasks to queue
[2024-04-25T13:51:32.128+0000] {logging_mixin.py:154} INFO - [2024-04-25T13:51:32.127+0000] {dagbag.py:536} INFO - Filling up the DagBag from /home/airflow/.local/lib/python3.8/site-packages/airflow/example_dags/example_latest_only.py
[2024-04-25T13:51:32.141+0000] {processor.py:839} INFO - DAG(s) dict_keys(['latest_only']) retrieved from /home/airflow/.local/lib/python3.8/site-packages/airflow/example_dags/example_latest_only.py
[2024-04-25T13:51:32.182+0000] {logging_mixin.py:154} INFO - [2024-04-25T13:51:32.181+0000] {dag.py:2941} INFO - Sync 1 DAGs
[2024-04-25T13:51:32.221+0000] {logging_mixin.py:154} INFO - [2024-04-25T13:51:32.221+0000] {dag.py:3722} INFO - Setting next_dagrun for latest_only to 2024-04-25T09:51:32.220846+00:00, run_after=2024-04-25T13:51:32.220846+00:00
[2024-04-25T13:51:32.249+0000] {processor.py:179} INFO - Processing /home/airflow/.local/lib/python3.8/site-packages/airflow/example_dags/example_latest_only.py took 0.132 seconds
[2024-04-25T13:52:02.825+0000] {processor.py:157} INFO - Started process (PID=1589) to work on /home/airflow/.local/lib/python3.8/site-packages/airflow/example_dags/example_latest_only.py
[2024-04-25T13:52:02.828+0000] {processor.py:829} INFO - Processing file /home/airflow/.local/lib/python3.8/site-packages/airflow/example_dags/example_latest_only.py for tasks to queue
[2024-04-25T13:52:02.829+0000] {logging_mixin.py:154} INFO - [2024-04-25T13:52:02.829+0000] {dagbag.py:536} INFO - Filling up the DagBag from /home/airflow/.local/lib/python3.8/site-packages/airflow/example_dags/example_latest_only.py
[2024-04-25T13:52:02.840+0000] {processor.py:839} INFO - DAG(s) dict_keys(['latest_only']) retrieved from /home/airflow/.local/lib/python3.8/site-packages/airflow/example_dags/example_latest_only.py
[2024-04-25T13:52:02.873+0000] {logging_mixin.py:154} INFO - [2024-04-25T13:52:02.873+0000] {dag.py:2941} INFO - Sync 1 DAGs
[2024-04-25T13:52:02.913+0000] {logging_mixin.py:154} INFO - [2024-04-25T13:52:02.912+0000] {dag.py:3722} INFO - Setting next_dagrun for latest_only to 2024-04-25T09:52:02.912599+00:00, run_after=2024-04-25T13:52:02.912599+00:00
[2024-04-25T13:52:02.940+0000] {processor.py:179} INFO - Processing /home/airflow/.local/lib/python3.8/site-packages/airflow/example_dags/example_latest_only.py took 0.121 seconds
[2024-04-25T13:52:34.300+0000] {processor.py:157} INFO - Started process (PID=1838) to work on /home/airflow/.local/lib/python3.8/site-packages/airflow/example_dags/example_latest_only.py
[2024-04-25T13:52:34.302+0000] {processor.py:829} INFO - Processing file /home/airflow/.local/lib/python3.8/site-packages/airflow/example_dags/example_latest_only.py for tasks to queue
[2024-04-25T13:52:34.303+0000] {logging_mixin.py:154} INFO - [2024-04-25T13:52:34.303+0000] {dagbag.py:536} INFO - Filling up the DagBag from /home/airflow/.local/lib/python3.8/site-packages/airflow/example_dags/example_latest_only.py
[2024-04-25T13:52:34.314+0000] {processor.py:839} INFO - DAG(s) dict_keys(['latest_only']) retrieved from /home/airflow/.local/lib/python3.8/site-packages/airflow/example_dags/example_latest_only.py
[2024-04-25T13:52:34.352+0000] {logging_mixin.py:154} INFO - [2024-04-25T13:52:34.352+0000] {dag.py:2941} INFO - Sync 1 DAGs
[2024-04-25T13:52:34.392+0000] {logging_mixin.py:154} INFO - [2024-04-25T13:52:34.392+0000] {dag.py:3722} INFO - Setting next_dagrun for latest_only to 2024-04-25T09:52:34.392098+00:00, run_after=2024-04-25T13:52:34.392098+00:00
[2024-04-25T13:52:34.425+0000] {processor.py:179} INFO - Processing /home/airflow/.local/lib/python3.8/site-packages/airflow/example_dags/example_latest_only.py took 0.130 seconds
[2024-04-25T13:53:07.242+0000] {processor.py:157} INFO - Started process (PID=2082) to work on /home/airflow/.local/lib/python3.8/site-packages/airflow/example_dags/example_latest_only.py
[2024-04-25T13:53:07.244+0000] {processor.py:829} INFO - Processing file /home/airflow/.local/lib/python3.8/site-packages/airflow/example_dags/example_latest_only.py for tasks to queue
[2024-04-25T13:53:07.246+0000] {logging_mixin.py:154} INFO - [2024-04-25T13:53:07.245+0000] {dagbag.py:536} INFO - Filling up the DagBag from /home/airflow/.local/lib/python3.8/site-packages/airflow/example_dags/example_latest_only.py
[2024-04-25T13:53:07.263+0000] {processor.py:839} INFO - DAG(s) dict_keys(['latest_only']) retrieved from /home/airflow/.local/lib/python3.8/site-packages/airflow/example_dags/example_latest_only.py
[2024-04-25T13:53:07.323+0000] {logging_mixin.py:154} INFO - [2024-04-25T13:53:07.322+0000] {dag.py:2941} INFO - Sync 1 DAGs
[2024-04-25T13:53:07.399+0000] {logging_mixin.py:154} INFO - [2024-04-25T13:53:07.398+0000] {dag.py:3722} INFO - Setting next_dagrun for latest_only to 2024-04-25T09:53:07.398513+00:00, run_after=2024-04-25T13:53:07.398513+00:00
[2024-04-25T13:53:07.450+0000] {processor.py:179} INFO - Processing /home/airflow/.local/lib/python3.8/site-packages/airflow/example_dags/example_latest_only.py took 0.220 seconds
[2024-04-25T13:53:37.624+0000] {processor.py:157} INFO - Started process (PID=2325) to work on /home/airflow/.local/lib/python3.8/site-packages/airflow/example_dags/example_latest_only.py
[2024-04-25T13:53:37.627+0000] {processor.py:829} INFO - Processing file /home/airflow/.local/lib/python3.8/site-packages/airflow/example_dags/example_latest_only.py for tasks to queue
[2024-04-25T13:53:37.628+0000] {logging_mixin.py:154} INFO - [2024-04-25T13:53:37.628+0000] {dagbag.py:536} INFO - Filling up the DagBag from /home/airflow/.local/lib/python3.8/site-packages/airflow/example_dags/example_latest_only.py
[2024-04-25T13:53:37.641+0000] {processor.py:839} INFO - DAG(s) dict_keys(['latest_only']) retrieved from /home/airflow/.local/lib/python3.8/site-packages/airflow/example_dags/example_latest_only.py
[2024-04-25T13:53:37.679+0000] {logging_mixin.py:154} INFO - [2024-04-25T13:53:37.678+0000] {dag.py:2941} INFO - Sync 1 DAGs
[2024-04-25T13:53:37.711+0000] {logging_mixin.py:154} INFO - [2024-04-25T13:53:37.711+0000] {dag.py:3722} INFO - Setting next_dagrun for latest_only to 2024-04-25T09:53:37.710903+00:00, run_after=2024-04-25T13:53:37.710903+00:00
[2024-04-25T13:53:37.740+0000] {processor.py:179} INFO - Processing /home/airflow/.local/lib/python3.8/site-packages/airflow/example_dags/example_latest_only.py took 0.123 seconds
