[2024-04-25T12:37:58.135+0000] {processor.py:157} INFO - Started process (PID=180) to work on /home/airflow/.local/lib/python3.8/site-packages/airflow/example_dags/example_task_group.py
[2024-04-25T12:37:58.136+0000] {processor.py:829} INFO - Processing file /home/airflow/.local/lib/python3.8/site-packages/airflow/example_dags/example_task_group.py for tasks to queue
[2024-04-25T12:37:58.138+0000] {logging_mixin.py:154} INFO - [2024-04-25T12:37:58.137+0000] {dagbag.py:536} INFO - Filling up the DagBag from /home/airflow/.local/lib/python3.8/site-packages/airflow/example_dags/example_task_group.py
[2024-04-25T12:37:58.154+0000] {processor.py:839} INFO - DAG(s) dict_keys(['example_task_group']) retrieved from /home/airflow/.local/lib/python3.8/site-packages/airflow/example_dags/example_task_group.py
[2024-04-25T12:37:58.351+0000] {logging_mixin.py:154} INFO - [2024-04-25T12:37:58.350+0000] {manager.py:499} INFO - Created Permission View: %s
[2024-04-25T12:37:58.373+0000] {logging_mixin.py:154} INFO - [2024-04-25T12:37:58.372+0000] {manager.py:499} INFO - Created Permission View: %s
[2024-04-25T12:37:58.386+0000] {logging_mixin.py:154} INFO - [2024-04-25T12:37:58.386+0000] {manager.py:499} INFO - Created Permission View: %s
[2024-04-25T12:37:58.387+0000] {logging_mixin.py:154} INFO - [2024-04-25T12:37:58.387+0000] {dag.py:2941} INFO - Sync 1 DAGs
[2024-04-25T12:37:58.408+0000] {logging_mixin.py:154} INFO - [2024-04-25T12:37:58.408+0000] {dag.py:2963} INFO - Creating ORM DAG for example_task_group
[2024-04-25T12:37:58.428+0000] {logging_mixin.py:154} INFO - [2024-04-25T12:37:58.428+0000] {dag.py:3722} INFO - Setting next_dagrun for example_task_group to 2024-04-24T12:37:58.428147+00:00, run_after=2024-04-25T12:37:58.428147+00:00
[2024-04-25T12:37:58.461+0000] {processor.py:179} INFO - Processing /home/airflow/.local/lib/python3.8/site-packages/airflow/example_dags/example_task_group.py took 0.335 seconds
[2024-04-25T12:38:29.311+0000] {processor.py:157} INFO - Started process (PID=423) to work on /home/airflow/.local/lib/python3.8/site-packages/airflow/example_dags/example_task_group.py
[2024-04-25T12:38:29.313+0000] {processor.py:829} INFO - Processing file /home/airflow/.local/lib/python3.8/site-packages/airflow/example_dags/example_task_group.py for tasks to queue
[2024-04-25T12:38:29.314+0000] {logging_mixin.py:154} INFO - [2024-04-25T12:38:29.313+0000] {dagbag.py:536} INFO - Filling up the DagBag from /home/airflow/.local/lib/python3.8/site-packages/airflow/example_dags/example_task_group.py
[2024-04-25T12:38:29.327+0000] {processor.py:839} INFO - DAG(s) dict_keys(['example_task_group']) retrieved from /home/airflow/.local/lib/python3.8/site-packages/airflow/example_dags/example_task_group.py
[2024-04-25T12:38:29.363+0000] {logging_mixin.py:154} INFO - [2024-04-25T12:38:29.363+0000] {dag.py:2941} INFO - Sync 1 DAGs
[2024-04-25T12:38:29.395+0000] {logging_mixin.py:154} INFO - [2024-04-25T12:38:29.395+0000] {dag.py:3722} INFO - Setting next_dagrun for example_task_group to 2024-04-24T12:38:29.394993+00:00, run_after=2024-04-25T12:38:29.394993+00:00
[2024-04-25T12:38:29.427+0000] {processor.py:179} INFO - Processing /home/airflow/.local/lib/python3.8/site-packages/airflow/example_dags/example_task_group.py took 0.121 seconds
[2024-04-25T12:38:59.740+0000] {processor.py:157} INFO - Started process (PID=667) to work on /home/airflow/.local/lib/python3.8/site-packages/airflow/example_dags/example_task_group.py
[2024-04-25T12:38:59.742+0000] {processor.py:829} INFO - Processing file /home/airflow/.local/lib/python3.8/site-packages/airflow/example_dags/example_task_group.py for tasks to queue
[2024-04-25T12:38:59.744+0000] {logging_mixin.py:154} INFO - [2024-04-25T12:38:59.744+0000] {dagbag.py:536} INFO - Filling up the DagBag from /home/airflow/.local/lib/python3.8/site-packages/airflow/example_dags/example_task_group.py
[2024-04-25T12:38:59.758+0000] {processor.py:839} INFO - DAG(s) dict_keys(['example_task_group']) retrieved from /home/airflow/.local/lib/python3.8/site-packages/airflow/example_dags/example_task_group.py
[2024-04-25T12:38:59.796+0000] {logging_mixin.py:154} INFO - [2024-04-25T12:38:59.796+0000] {dag.py:2941} INFO - Sync 1 DAGs
[2024-04-25T12:38:59.828+0000] {logging_mixin.py:154} INFO - [2024-04-25T12:38:59.828+0000] {dag.py:3722} INFO - Setting next_dagrun for example_task_group to 2024-04-24T12:38:59.828390+00:00, run_after=2024-04-25T12:38:59.828390+00:00
[2024-04-25T12:38:59.858+0000] {processor.py:179} INFO - Processing /home/airflow/.local/lib/python3.8/site-packages/airflow/example_dags/example_task_group.py took 0.127 seconds
[2024-04-25T12:39:29.948+0000] {processor.py:157} INFO - Started process (PID=908) to work on /home/airflow/.local/lib/python3.8/site-packages/airflow/example_dags/example_task_group.py
[2024-04-25T12:39:29.949+0000] {processor.py:829} INFO - Processing file /home/airflow/.local/lib/python3.8/site-packages/airflow/example_dags/example_task_group.py for tasks to queue
[2024-04-25T12:39:29.950+0000] {logging_mixin.py:154} INFO - [2024-04-25T12:39:29.950+0000] {dagbag.py:536} INFO - Filling up the DagBag from /home/airflow/.local/lib/python3.8/site-packages/airflow/example_dags/example_task_group.py
[2024-04-25T12:39:29.965+0000] {processor.py:839} INFO - DAG(s) dict_keys(['example_task_group']) retrieved from /home/airflow/.local/lib/python3.8/site-packages/airflow/example_dags/example_task_group.py
[2024-04-25T12:39:29.999+0000] {logging_mixin.py:154} INFO - [2024-04-25T12:39:29.998+0000] {dag.py:2941} INFO - Sync 1 DAGs
[2024-04-25T12:39:30.031+0000] {logging_mixin.py:154} INFO - [2024-04-25T12:39:30.031+0000] {dag.py:3722} INFO - Setting next_dagrun for example_task_group to 2024-04-24T12:39:30.030766+00:00, run_after=2024-04-25T12:39:30.030766+00:00
[2024-04-25T12:39:30.060+0000] {processor.py:179} INFO - Processing /home/airflow/.local/lib/python3.8/site-packages/airflow/example_dags/example_task_group.py took 0.118 seconds
[2024-04-25T12:40:00.167+0000] {processor.py:157} INFO - Started process (PID=1148) to work on /home/airflow/.local/lib/python3.8/site-packages/airflow/example_dags/example_task_group.py
[2024-04-25T12:40:00.169+0000] {processor.py:829} INFO - Processing file /home/airflow/.local/lib/python3.8/site-packages/airflow/example_dags/example_task_group.py for tasks to queue
[2024-04-25T12:40:00.170+0000] {logging_mixin.py:154} INFO - [2024-04-25T12:40:00.170+0000] {dagbag.py:536} INFO - Filling up the DagBag from /home/airflow/.local/lib/python3.8/site-packages/airflow/example_dags/example_task_group.py
[2024-04-25T12:40:00.182+0000] {processor.py:839} INFO - DAG(s) dict_keys(['example_task_group']) retrieved from /home/airflow/.local/lib/python3.8/site-packages/airflow/example_dags/example_task_group.py
[2024-04-25T12:40:00.214+0000] {logging_mixin.py:154} INFO - [2024-04-25T12:40:00.214+0000] {dag.py:2941} INFO - Sync 1 DAGs
[2024-04-25T12:40:00.244+0000] {logging_mixin.py:154} INFO - [2024-04-25T12:40:00.244+0000] {dag.py:3722} INFO - Setting next_dagrun for example_task_group to 2024-04-24T12:40:00.244329+00:00, run_after=2024-04-25T12:40:00.244329+00:00
[2024-04-25T12:40:00.271+0000] {processor.py:179} INFO - Processing /home/airflow/.local/lib/python3.8/site-packages/airflow/example_dags/example_task_group.py took 0.109 seconds
[2024-04-25T12:40:30.506+0000] {processor.py:157} INFO - Started process (PID=1391) to work on /home/airflow/.local/lib/python3.8/site-packages/airflow/example_dags/example_task_group.py
[2024-04-25T12:40:30.509+0000] {processor.py:829} INFO - Processing file /home/airflow/.local/lib/python3.8/site-packages/airflow/example_dags/example_task_group.py for tasks to queue
[2024-04-25T12:40:30.510+0000] {logging_mixin.py:154} INFO - [2024-04-25T12:40:30.510+0000] {dagbag.py:536} INFO - Filling up the DagBag from /home/airflow/.local/lib/python3.8/site-packages/airflow/example_dags/example_task_group.py
[2024-04-25T12:40:30.525+0000] {processor.py:839} INFO - DAG(s) dict_keys(['example_task_group']) retrieved from /home/airflow/.local/lib/python3.8/site-packages/airflow/example_dags/example_task_group.py
[2024-04-25T12:40:30.566+0000] {logging_mixin.py:154} INFO - [2024-04-25T12:40:30.565+0000] {dag.py:2941} INFO - Sync 1 DAGs
[2024-04-25T12:40:30.601+0000] {logging_mixin.py:154} INFO - [2024-04-25T12:40:30.601+0000] {dag.py:3722} INFO - Setting next_dagrun for example_task_group to 2024-04-24T12:40:30.600912+00:00, run_after=2024-04-25T12:40:30.600912+00:00
[2024-04-25T12:40:30.631+0000] {processor.py:179} INFO - Processing /home/airflow/.local/lib/python3.8/site-packages/airflow/example_dags/example_task_group.py took 0.134 seconds
[2024-04-25T12:41:00.855+0000] {processor.py:157} INFO - Started process (PID=1634) to work on /home/airflow/.local/lib/python3.8/site-packages/airflow/example_dags/example_task_group.py
[2024-04-25T12:41:00.858+0000] {processor.py:829} INFO - Processing file /home/airflow/.local/lib/python3.8/site-packages/airflow/example_dags/example_task_group.py for tasks to queue
[2024-04-25T12:41:00.860+0000] {logging_mixin.py:154} INFO - [2024-04-25T12:41:00.859+0000] {dagbag.py:536} INFO - Filling up the DagBag from /home/airflow/.local/lib/python3.8/site-packages/airflow/example_dags/example_task_group.py
[2024-04-25T12:41:00.880+0000] {processor.py:839} INFO - DAG(s) dict_keys(['example_task_group']) retrieved from /home/airflow/.local/lib/python3.8/site-packages/airflow/example_dags/example_task_group.py
[2024-04-25T12:41:00.925+0000] {logging_mixin.py:154} INFO - [2024-04-25T12:41:00.925+0000] {dag.py:2941} INFO - Sync 1 DAGs
[2024-04-25T12:41:00.963+0000] {logging_mixin.py:154} INFO - [2024-04-25T12:41:00.963+0000] {dag.py:3722} INFO - Setting next_dagrun for example_task_group to 2024-04-24T12:41:00.962867+00:00, run_after=2024-04-25T12:41:00.962867+00:00
[2024-04-25T12:41:00.990+0000] {processor.py:179} INFO - Processing /home/airflow/.local/lib/python3.8/site-packages/airflow/example_dags/example_task_group.py took 0.140 seconds
[2024-04-25T12:41:31.077+0000] {processor.py:157} INFO - Started process (PID=1877) to work on /home/airflow/.local/lib/python3.8/site-packages/airflow/example_dags/example_task_group.py
[2024-04-25T12:41:31.079+0000] {processor.py:829} INFO - Processing file /home/airflow/.local/lib/python3.8/site-packages/airflow/example_dags/example_task_group.py for tasks to queue
[2024-04-25T12:41:31.081+0000] {logging_mixin.py:154} INFO - [2024-04-25T12:41:31.080+0000] {dagbag.py:536} INFO - Filling up the DagBag from /home/airflow/.local/lib/python3.8/site-packages/airflow/example_dags/example_task_group.py
[2024-04-25T12:41:31.099+0000] {processor.py:839} INFO - DAG(s) dict_keys(['example_task_group']) retrieved from /home/airflow/.local/lib/python3.8/site-packages/airflow/example_dags/example_task_group.py
[2024-04-25T12:41:31.135+0000] {logging_mixin.py:154} INFO - [2024-04-25T12:41:31.134+0000] {dag.py:2941} INFO - Sync 1 DAGs
[2024-04-25T12:41:31.164+0000] {logging_mixin.py:154} INFO - [2024-04-25T12:41:31.164+0000] {dag.py:3722} INFO - Setting next_dagrun for example_task_group to 2024-04-24T12:41:31.164129+00:00, run_after=2024-04-25T12:41:31.164129+00:00
[2024-04-25T12:41:31.187+0000] {processor.py:179} INFO - Processing /home/airflow/.local/lib/python3.8/site-packages/airflow/example_dags/example_task_group.py took 0.118 seconds
[2024-04-25T12:42:01.452+0000] {processor.py:157} INFO - Started process (PID=2122) to work on /home/airflow/.local/lib/python3.8/site-packages/airflow/example_dags/example_task_group.py
[2024-04-25T12:42:01.454+0000] {processor.py:829} INFO - Processing file /home/airflow/.local/lib/python3.8/site-packages/airflow/example_dags/example_task_group.py for tasks to queue
[2024-04-25T12:42:01.456+0000] {logging_mixin.py:154} INFO - [2024-04-25T12:42:01.455+0000] {dagbag.py:536} INFO - Filling up the DagBag from /home/airflow/.local/lib/python3.8/site-packages/airflow/example_dags/example_task_group.py
[2024-04-25T12:42:01.475+0000] {processor.py:839} INFO - DAG(s) dict_keys(['example_task_group']) retrieved from /home/airflow/.local/lib/python3.8/site-packages/airflow/example_dags/example_task_group.py
[2024-04-25T12:42:01.525+0000] {logging_mixin.py:154} INFO - [2024-04-25T12:42:01.524+0000] {dag.py:2941} INFO - Sync 1 DAGs
[2024-04-25T12:42:01.582+0000] {logging_mixin.py:154} INFO - [2024-04-25T12:42:01.582+0000] {dag.py:3722} INFO - Setting next_dagrun for example_task_group to 2024-04-24T12:42:01.581978+00:00, run_after=2024-04-25T12:42:01.581978+00:00
[2024-04-25T12:42:01.620+0000] {processor.py:179} INFO - Processing /home/airflow/.local/lib/python3.8/site-packages/airflow/example_dags/example_task_group.py took 0.176 seconds
[2024-04-25T12:42:32.372+0000] {processor.py:157} INFO - Started process (PID=2372) to work on /home/airflow/.local/lib/python3.8/site-packages/airflow/example_dags/example_task_group.py
[2024-04-25T12:42:32.374+0000] {processor.py:829} INFO - Processing file /home/airflow/.local/lib/python3.8/site-packages/airflow/example_dags/example_task_group.py for tasks to queue
[2024-04-25T12:42:32.376+0000] {logging_mixin.py:154} INFO - [2024-04-25T12:42:32.376+0000] {dagbag.py:536} INFO - Filling up the DagBag from /home/airflow/.local/lib/python3.8/site-packages/airflow/example_dags/example_task_group.py
[2024-04-25T12:42:32.392+0000] {processor.py:839} INFO - DAG(s) dict_keys(['example_task_group']) retrieved from /home/airflow/.local/lib/python3.8/site-packages/airflow/example_dags/example_task_group.py
[2024-04-25T12:42:32.430+0000] {logging_mixin.py:154} INFO - [2024-04-25T12:42:32.430+0000] {dag.py:2941} INFO - Sync 1 DAGs
[2024-04-25T12:42:32.466+0000] {logging_mixin.py:154} INFO - [2024-04-25T12:42:32.466+0000] {dag.py:3722} INFO - Setting next_dagrun for example_task_group to 2024-04-24T12:42:32.466037+00:00, run_after=2024-04-25T12:42:32.466037+00:00
[2024-04-25T12:42:32.495+0000] {processor.py:179} INFO - Processing /home/airflow/.local/lib/python3.8/site-packages/airflow/example_dags/example_task_group.py took 0.132 seconds
[2024-04-25T12:43:03.092+0000] {processor.py:157} INFO - Started process (PID=2615) to work on /home/airflow/.local/lib/python3.8/site-packages/airflow/example_dags/example_task_group.py
[2024-04-25T12:43:03.095+0000] {processor.py:829} INFO - Processing file /home/airflow/.local/lib/python3.8/site-packages/airflow/example_dags/example_task_group.py for tasks to queue
[2024-04-25T12:43:03.097+0000] {logging_mixin.py:154} INFO - [2024-04-25T12:43:03.096+0000] {dagbag.py:536} INFO - Filling up the DagBag from /home/airflow/.local/lib/python3.8/site-packages/airflow/example_dags/example_task_group.py
[2024-04-25T12:43:03.115+0000] {processor.py:839} INFO - DAG(s) dict_keys(['example_task_group']) retrieved from /home/airflow/.local/lib/python3.8/site-packages/airflow/example_dags/example_task_group.py
[2024-04-25T12:43:03.163+0000] {logging_mixin.py:154} INFO - [2024-04-25T12:43:03.163+0000] {dag.py:2941} INFO - Sync 1 DAGs
[2024-04-25T12:43:03.208+0000] {logging_mixin.py:154} INFO - [2024-04-25T12:43:03.208+0000] {dag.py:3722} INFO - Setting next_dagrun for example_task_group to 2024-04-24T12:43:03.207497+00:00, run_after=2024-04-25T12:43:03.207497+00:00
[2024-04-25T12:43:03.241+0000] {processor.py:179} INFO - Processing /home/airflow/.local/lib/python3.8/site-packages/airflow/example_dags/example_task_group.py took 0.157 seconds
[2024-04-25T12:43:33.834+0000] {processor.py:157} INFO - Started process (PID=2864) to work on /home/airflow/.local/lib/python3.8/site-packages/airflow/example_dags/example_task_group.py
[2024-04-25T12:43:33.838+0000] {processor.py:829} INFO - Processing file /home/airflow/.local/lib/python3.8/site-packages/airflow/example_dags/example_task_group.py for tasks to queue
[2024-04-25T12:43:33.839+0000] {logging_mixin.py:154} INFO - [2024-04-25T12:43:33.839+0000] {dagbag.py:536} INFO - Filling up the DagBag from /home/airflow/.local/lib/python3.8/site-packages/airflow/example_dags/example_task_group.py
[2024-04-25T12:43:33.857+0000] {processor.py:839} INFO - DAG(s) dict_keys(['example_task_group']) retrieved from /home/airflow/.local/lib/python3.8/site-packages/airflow/example_dags/example_task_group.py
[2024-04-25T12:43:33.920+0000] {logging_mixin.py:154} INFO - [2024-04-25T12:43:33.920+0000] {dag.py:2941} INFO - Sync 1 DAGs
[2024-04-25T12:43:33.970+0000] {logging_mixin.py:154} INFO - [2024-04-25T12:43:33.970+0000] {dag.py:3722} INFO - Setting next_dagrun for example_task_group to 2024-04-24T12:43:33.969627+00:00, run_after=2024-04-25T12:43:33.969627+00:00
[2024-04-25T12:43:34.013+0000] {processor.py:179} INFO - Processing /home/airflow/.local/lib/python3.8/site-packages/airflow/example_dags/example_task_group.py took 0.188 seconds
[2024-04-25T12:44:04.158+0000] {processor.py:157} INFO - Started process (PID=3107) to work on /home/airflow/.local/lib/python3.8/site-packages/airflow/example_dags/example_task_group.py
[2024-04-25T12:44:04.160+0000] {processor.py:829} INFO - Processing file /home/airflow/.local/lib/python3.8/site-packages/airflow/example_dags/example_task_group.py for tasks to queue
[2024-04-25T12:44:04.162+0000] {logging_mixin.py:154} INFO - [2024-04-25T12:44:04.161+0000] {dagbag.py:536} INFO - Filling up the DagBag from /home/airflow/.local/lib/python3.8/site-packages/airflow/example_dags/example_task_group.py
[2024-04-25T12:44:04.177+0000] {processor.py:839} INFO - DAG(s) dict_keys(['example_task_group']) retrieved from /home/airflow/.local/lib/python3.8/site-packages/airflow/example_dags/example_task_group.py
[2024-04-25T12:44:04.220+0000] {logging_mixin.py:154} INFO - [2024-04-25T12:44:04.219+0000] {dag.py:2941} INFO - Sync 1 DAGs
[2024-04-25T12:44:04.257+0000] {logging_mixin.py:154} INFO - [2024-04-25T12:44:04.257+0000] {dag.py:3722} INFO - Setting next_dagrun for example_task_group to 2024-04-24T12:44:04.257266+00:00, run_after=2024-04-25T12:44:04.257266+00:00
[2024-04-25T12:44:04.284+0000] {processor.py:179} INFO - Processing /home/airflow/.local/lib/python3.8/site-packages/airflow/example_dags/example_task_group.py took 0.135 seconds
[2024-04-25T12:44:34.858+0000] {processor.py:157} INFO - Started process (PID=3356) to work on /home/airflow/.local/lib/python3.8/site-packages/airflow/example_dags/example_task_group.py
[2024-04-25T12:44:34.861+0000] {processor.py:829} INFO - Processing file /home/airflow/.local/lib/python3.8/site-packages/airflow/example_dags/example_task_group.py for tasks to queue
[2024-04-25T12:44:34.862+0000] {logging_mixin.py:154} INFO - [2024-04-25T12:44:34.862+0000] {dagbag.py:536} INFO - Filling up the DagBag from /home/airflow/.local/lib/python3.8/site-packages/airflow/example_dags/example_task_group.py
[2024-04-25T12:44:34.878+0000] {processor.py:839} INFO - DAG(s) dict_keys(['example_task_group']) retrieved from /home/airflow/.local/lib/python3.8/site-packages/airflow/example_dags/example_task_group.py
[2024-04-25T12:44:34.912+0000] {logging_mixin.py:154} INFO - [2024-04-25T12:44:34.912+0000] {dag.py:2941} INFO - Sync 1 DAGs
[2024-04-25T12:44:34.943+0000] {logging_mixin.py:154} INFO - [2024-04-25T12:44:34.943+0000] {dag.py:3722} INFO - Setting next_dagrun for example_task_group to 2024-04-24T12:44:34.942834+00:00, run_after=2024-04-25T12:44:34.942834+00:00
[2024-04-25T12:44:34.976+0000] {processor.py:179} INFO - Processing /home/airflow/.local/lib/python3.8/site-packages/airflow/example_dags/example_task_group.py took 0.127 seconds
[2024-04-25T12:45:05.434+0000] {processor.py:157} INFO - Started process (PID=3599) to work on /home/airflow/.local/lib/python3.8/site-packages/airflow/example_dags/example_task_group.py
[2024-04-25T12:45:05.437+0000] {processor.py:829} INFO - Processing file /home/airflow/.local/lib/python3.8/site-packages/airflow/example_dags/example_task_group.py for tasks to queue
[2024-04-25T12:45:05.439+0000] {logging_mixin.py:154} INFO - [2024-04-25T12:45:05.438+0000] {dagbag.py:536} INFO - Filling up the DagBag from /home/airflow/.local/lib/python3.8/site-packages/airflow/example_dags/example_task_group.py
[2024-04-25T12:45:05.452+0000] {processor.py:839} INFO - DAG(s) dict_keys(['example_task_group']) retrieved from /home/airflow/.local/lib/python3.8/site-packages/airflow/example_dags/example_task_group.py
[2024-04-25T12:45:05.487+0000] {logging_mixin.py:154} INFO - [2024-04-25T12:45:05.487+0000] {dag.py:2941} INFO - Sync 1 DAGs
[2024-04-25T12:45:05.518+0000] {logging_mixin.py:154} INFO - [2024-04-25T12:45:05.518+0000] {dag.py:3722} INFO - Setting next_dagrun for example_task_group to 2024-04-24T12:45:05.517952+00:00, run_after=2024-04-25T12:45:05.517952+00:00
[2024-04-25T12:45:05.544+0000] {processor.py:179} INFO - Processing /home/airflow/.local/lib/python3.8/site-packages/airflow/example_dags/example_task_group.py took 0.116 seconds
[2024-04-25T12:45:36.343+0000] {processor.py:157} INFO - Started process (PID=3843) to work on /home/airflow/.local/lib/python3.8/site-packages/airflow/example_dags/example_task_group.py
[2024-04-25T12:45:36.345+0000] {processor.py:829} INFO - Processing file /home/airflow/.local/lib/python3.8/site-packages/airflow/example_dags/example_task_group.py for tasks to queue
[2024-04-25T12:45:36.347+0000] {logging_mixin.py:154} INFO - [2024-04-25T12:45:36.347+0000] {dagbag.py:536} INFO - Filling up the DagBag from /home/airflow/.local/lib/python3.8/site-packages/airflow/example_dags/example_task_group.py
[2024-04-25T12:45:36.362+0000] {processor.py:839} INFO - DAG(s) dict_keys(['example_task_group']) retrieved from /home/airflow/.local/lib/python3.8/site-packages/airflow/example_dags/example_task_group.py
[2024-04-25T12:45:36.399+0000] {logging_mixin.py:154} INFO - [2024-04-25T12:45:36.399+0000] {dag.py:2941} INFO - Sync 1 DAGs
[2024-04-25T12:45:36.438+0000] {logging_mixin.py:154} INFO - [2024-04-25T12:45:36.437+0000] {dag.py:3722} INFO - Setting next_dagrun for example_task_group to 2024-04-24T12:45:36.437395+00:00, run_after=2024-04-25T12:45:36.437395+00:00
[2024-04-25T12:45:36.472+0000] {processor.py:179} INFO - Processing /home/airflow/.local/lib/python3.8/site-packages/airflow/example_dags/example_task_group.py took 0.139 seconds
[2024-04-25T12:46:07.240+0000] {processor.py:157} INFO - Started process (PID=4086) to work on /home/airflow/.local/lib/python3.8/site-packages/airflow/example_dags/example_task_group.py
[2024-04-25T12:46:07.243+0000] {processor.py:829} INFO - Processing file /home/airflow/.local/lib/python3.8/site-packages/airflow/example_dags/example_task_group.py for tasks to queue
[2024-04-25T12:46:07.244+0000] {logging_mixin.py:154} INFO - [2024-04-25T12:46:07.244+0000] {dagbag.py:536} INFO - Filling up the DagBag from /home/airflow/.local/lib/python3.8/site-packages/airflow/example_dags/example_task_group.py
[2024-04-25T12:46:07.257+0000] {processor.py:839} INFO - DAG(s) dict_keys(['example_task_group']) retrieved from /home/airflow/.local/lib/python3.8/site-packages/airflow/example_dags/example_task_group.py
[2024-04-25T12:46:07.298+0000] {logging_mixin.py:154} INFO - [2024-04-25T12:46:07.298+0000] {dag.py:2941} INFO - Sync 1 DAGs
[2024-04-25T12:46:07.338+0000] {logging_mixin.py:154} INFO - [2024-04-25T12:46:07.337+0000] {dag.py:3722} INFO - Setting next_dagrun for example_task_group to 2024-04-24T12:46:07.337598+00:00, run_after=2024-04-25T12:46:07.337598+00:00
[2024-04-25T12:46:07.367+0000] {processor.py:179} INFO - Processing /home/airflow/.local/lib/python3.8/site-packages/airflow/example_dags/example_task_group.py took 0.133 seconds
[2024-04-25T12:46:37.958+0000] {processor.py:157} INFO - Started process (PID=4329) to work on /home/airflow/.local/lib/python3.8/site-packages/airflow/example_dags/example_task_group.py
[2024-04-25T12:46:37.961+0000] {processor.py:829} INFO - Processing file /home/airflow/.local/lib/python3.8/site-packages/airflow/example_dags/example_task_group.py for tasks to queue
[2024-04-25T12:46:37.962+0000] {logging_mixin.py:154} INFO - [2024-04-25T12:46:37.962+0000] {dagbag.py:536} INFO - Filling up the DagBag from /home/airflow/.local/lib/python3.8/site-packages/airflow/example_dags/example_task_group.py
[2024-04-25T12:46:37.975+0000] {processor.py:839} INFO - DAG(s) dict_keys(['example_task_group']) retrieved from /home/airflow/.local/lib/python3.8/site-packages/airflow/example_dags/example_task_group.py
[2024-04-25T12:46:38.016+0000] {logging_mixin.py:154} INFO - [2024-04-25T12:46:38.016+0000] {dag.py:2941} INFO - Sync 1 DAGs
[2024-04-25T12:46:38.051+0000] {logging_mixin.py:154} INFO - [2024-04-25T12:46:38.051+0000] {dag.py:3722} INFO - Setting next_dagrun for example_task_group to 2024-04-24T12:46:38.050728+00:00, run_after=2024-04-25T12:46:38.050728+00:00
[2024-04-25T12:46:38.081+0000] {processor.py:179} INFO - Processing /home/airflow/.local/lib/python3.8/site-packages/airflow/example_dags/example_task_group.py took 0.129 seconds
[2024-04-25T12:47:08.196+0000] {processor.py:157} INFO - Started process (PID=4572) to work on /home/airflow/.local/lib/python3.8/site-packages/airflow/example_dags/example_task_group.py
[2024-04-25T12:47:08.201+0000] {processor.py:829} INFO - Processing file /home/airflow/.local/lib/python3.8/site-packages/airflow/example_dags/example_task_group.py for tasks to queue
[2024-04-25T12:47:08.205+0000] {logging_mixin.py:154} INFO - [2024-04-25T12:47:08.204+0000] {dagbag.py:536} INFO - Filling up the DagBag from /home/airflow/.local/lib/python3.8/site-packages/airflow/example_dags/example_task_group.py
[2024-04-25T12:47:08.253+0000] {processor.py:839} INFO - DAG(s) dict_keys(['example_task_group']) retrieved from /home/airflow/.local/lib/python3.8/site-packages/airflow/example_dags/example_task_group.py
[2024-04-25T12:47:08.356+0000] {logging_mixin.py:154} INFO - [2024-04-25T12:47:08.356+0000] {dag.py:2941} INFO - Sync 1 DAGs
[2024-04-25T12:47:08.442+0000] {logging_mixin.py:154} INFO - [2024-04-25T12:47:08.441+0000] {dag.py:3722} INFO - Setting next_dagrun for example_task_group to 2024-04-24T12:47:08.441529+00:00, run_after=2024-04-25T12:47:08.441529+00:00
[2024-04-25T12:47:08.513+0000] {processor.py:179} INFO - Processing /home/airflow/.local/lib/python3.8/site-packages/airflow/example_dags/example_task_group.py took 0.335 seconds
[2024-04-25T12:47:39.080+0000] {processor.py:157} INFO - Started process (PID=4815) to work on /home/airflow/.local/lib/python3.8/site-packages/airflow/example_dags/example_task_group.py
[2024-04-25T12:47:39.083+0000] {processor.py:829} INFO - Processing file /home/airflow/.local/lib/python3.8/site-packages/airflow/example_dags/example_task_group.py for tasks to queue
[2024-04-25T12:47:39.085+0000] {logging_mixin.py:154} INFO - [2024-04-25T12:47:39.084+0000] {dagbag.py:536} INFO - Filling up the DagBag from /home/airflow/.local/lib/python3.8/site-packages/airflow/example_dags/example_task_group.py
[2024-04-25T12:47:39.099+0000] {processor.py:839} INFO - DAG(s) dict_keys(['example_task_group']) retrieved from /home/airflow/.local/lib/python3.8/site-packages/airflow/example_dags/example_task_group.py
[2024-04-25T12:47:39.141+0000] {logging_mixin.py:154} INFO - [2024-04-25T12:47:39.141+0000] {dag.py:2941} INFO - Sync 1 DAGs
[2024-04-25T12:47:39.175+0000] {logging_mixin.py:154} INFO - [2024-04-25T12:47:39.175+0000] {dag.py:3722} INFO - Setting next_dagrun for example_task_group to 2024-04-24T12:47:39.174965+00:00, run_after=2024-04-25T12:47:39.174965+00:00
[2024-04-25T12:47:39.207+0000] {processor.py:179} INFO - Processing /home/airflow/.local/lib/python3.8/site-packages/airflow/example_dags/example_task_group.py took 0.132 seconds
[2024-04-25T12:51:40.919+0000] {processor.py:157} INFO - Started process (PID=178) to work on /home/airflow/.local/lib/python3.8/site-packages/airflow/example_dags/example_task_group.py
[2024-04-25T12:51:40.921+0000] {processor.py:829} INFO - Processing file /home/airflow/.local/lib/python3.8/site-packages/airflow/example_dags/example_task_group.py for tasks to queue
[2024-04-25T12:51:40.923+0000] {logging_mixin.py:154} INFO - [2024-04-25T12:51:40.922+0000] {dagbag.py:536} INFO - Filling up the DagBag from /home/airflow/.local/lib/python3.8/site-packages/airflow/example_dags/example_task_group.py
[2024-04-25T12:51:40.946+0000] {processor.py:839} INFO - DAG(s) dict_keys(['example_task_group']) retrieved from /home/airflow/.local/lib/python3.8/site-packages/airflow/example_dags/example_task_group.py
[2024-04-25T12:51:40.972+0000] {logging_mixin.py:154} INFO - [2024-04-25T12:51:40.972+0000] {dag.py:2941} INFO - Sync 1 DAGs
[2024-04-25T12:51:41.018+0000] {logging_mixin.py:154} INFO - [2024-04-25T12:51:41.018+0000] {dag.py:3722} INFO - Setting next_dagrun for example_task_group to 2024-04-24T12:51:41.018019+00:00, run_after=2024-04-25T12:51:41.018019+00:00
[2024-04-25T12:51:41.055+0000] {processor.py:179} INFO - Processing /home/airflow/.local/lib/python3.8/site-packages/airflow/example_dags/example_task_group.py took 0.143 seconds
[2024-04-25T12:52:11.768+0000] {processor.py:157} INFO - Started process (PID=423) to work on /home/airflow/.local/lib/python3.8/site-packages/airflow/example_dags/example_task_group.py
[2024-04-25T12:52:11.769+0000] {processor.py:829} INFO - Processing file /home/airflow/.local/lib/python3.8/site-packages/airflow/example_dags/example_task_group.py for tasks to queue
[2024-04-25T12:52:11.770+0000] {logging_mixin.py:154} INFO - [2024-04-25T12:52:11.770+0000] {dagbag.py:536} INFO - Filling up the DagBag from /home/airflow/.local/lib/python3.8/site-packages/airflow/example_dags/example_task_group.py
[2024-04-25T12:52:11.783+0000] {processor.py:839} INFO - DAG(s) dict_keys(['example_task_group']) retrieved from /home/airflow/.local/lib/python3.8/site-packages/airflow/example_dags/example_task_group.py
[2024-04-25T12:52:11.828+0000] {logging_mixin.py:154} INFO - [2024-04-25T12:52:11.827+0000] {dag.py:2941} INFO - Sync 1 DAGs
[2024-04-25T12:52:11.868+0000] {logging_mixin.py:154} INFO - [2024-04-25T12:52:11.867+0000] {dag.py:3722} INFO - Setting next_dagrun for example_task_group to 2024-04-24T12:52:11.867574+00:00, run_after=2024-04-25T12:52:11.867574+00:00
[2024-04-25T12:52:11.897+0000] {processor.py:179} INFO - Processing /home/airflow/.local/lib/python3.8/site-packages/airflow/example_dags/example_task_group.py took 0.135 seconds
[2024-04-25T12:52:42.285+0000] {processor.py:157} INFO - Started process (PID=671) to work on /home/airflow/.local/lib/python3.8/site-packages/airflow/example_dags/example_task_group.py
[2024-04-25T12:52:42.288+0000] {processor.py:829} INFO - Processing file /home/airflow/.local/lib/python3.8/site-packages/airflow/example_dags/example_task_group.py for tasks to queue
[2024-04-25T12:52:42.290+0000] {logging_mixin.py:154} INFO - [2024-04-25T12:52:42.289+0000] {dagbag.py:536} INFO - Filling up the DagBag from /home/airflow/.local/lib/python3.8/site-packages/airflow/example_dags/example_task_group.py
[2024-04-25T12:52:42.306+0000] {processor.py:839} INFO - DAG(s) dict_keys(['example_task_group']) retrieved from /home/airflow/.local/lib/python3.8/site-packages/airflow/example_dags/example_task_group.py
[2024-04-25T12:52:42.353+0000] {logging_mixin.py:154} INFO - [2024-04-25T12:52:42.352+0000] {dag.py:2941} INFO - Sync 1 DAGs
[2024-04-25T12:52:42.397+0000] {logging_mixin.py:154} INFO - [2024-04-25T12:52:42.397+0000] {dag.py:3722} INFO - Setting next_dagrun for example_task_group to 2024-04-24T12:52:42.396854+00:00, run_after=2024-04-25T12:52:42.396854+00:00
[2024-04-25T12:52:42.428+0000] {processor.py:179} INFO - Processing /home/airflow/.local/lib/python3.8/site-packages/airflow/example_dags/example_task_group.py took 0.152 seconds
[2024-04-25T12:53:12.664+0000] {processor.py:157} INFO - Started process (PID=915) to work on /home/airflow/.local/lib/python3.8/site-packages/airflow/example_dags/example_task_group.py
[2024-04-25T12:53:12.668+0000] {processor.py:829} INFO - Processing file /home/airflow/.local/lib/python3.8/site-packages/airflow/example_dags/example_task_group.py for tasks to queue
[2024-04-25T12:53:12.669+0000] {logging_mixin.py:154} INFO - [2024-04-25T12:53:12.669+0000] {dagbag.py:536} INFO - Filling up the DagBag from /home/airflow/.local/lib/python3.8/site-packages/airflow/example_dags/example_task_group.py
[2024-04-25T12:53:12.681+0000] {processor.py:839} INFO - DAG(s) dict_keys(['example_task_group']) retrieved from /home/airflow/.local/lib/python3.8/site-packages/airflow/example_dags/example_task_group.py
[2024-04-25T12:53:12.715+0000] {logging_mixin.py:154} INFO - [2024-04-25T12:53:12.714+0000] {dag.py:2941} INFO - Sync 1 DAGs
[2024-04-25T12:53:12.758+0000] {logging_mixin.py:154} INFO - [2024-04-25T12:53:12.757+0000] {dag.py:3722} INFO - Setting next_dagrun for example_task_group to 2024-04-24T12:53:12.757460+00:00, run_after=2024-04-25T12:53:12.757460+00:00
[2024-04-25T12:53:12.793+0000] {processor.py:179} INFO - Processing /home/airflow/.local/lib/python3.8/site-packages/airflow/example_dags/example_task_group.py took 0.134 seconds
[2024-04-25T12:53:43.395+0000] {processor.py:157} INFO - Started process (PID=1158) to work on /home/airflow/.local/lib/python3.8/site-packages/airflow/example_dags/example_task_group.py
[2024-04-25T12:53:43.398+0000] {processor.py:829} INFO - Processing file /home/airflow/.local/lib/python3.8/site-packages/airflow/example_dags/example_task_group.py for tasks to queue
[2024-04-25T12:53:43.400+0000] {logging_mixin.py:154} INFO - [2024-04-25T12:53:43.399+0000] {dagbag.py:536} INFO - Filling up the DagBag from /home/airflow/.local/lib/python3.8/site-packages/airflow/example_dags/example_task_group.py
[2024-04-25T12:53:43.420+0000] {processor.py:839} INFO - DAG(s) dict_keys(['example_task_group']) retrieved from /home/airflow/.local/lib/python3.8/site-packages/airflow/example_dags/example_task_group.py
[2024-04-25T12:53:43.462+0000] {logging_mixin.py:154} INFO - [2024-04-25T12:53:43.462+0000] {dag.py:2941} INFO - Sync 1 DAGs
[2024-04-25T12:53:43.497+0000] {logging_mixin.py:154} INFO - [2024-04-25T12:53:43.497+0000] {dag.py:3722} INFO - Setting next_dagrun for example_task_group to 2024-04-24T12:53:43.496946+00:00, run_after=2024-04-25T12:53:43.496946+00:00
[2024-04-25T12:53:43.532+0000] {processor.py:179} INFO - Processing /home/airflow/.local/lib/python3.8/site-packages/airflow/example_dags/example_task_group.py took 0.145 seconds
[2024-04-25T12:54:13.832+0000] {processor.py:157} INFO - Started process (PID=1401) to work on /home/airflow/.local/lib/python3.8/site-packages/airflow/example_dags/example_task_group.py
[2024-04-25T12:54:13.835+0000] {processor.py:829} INFO - Processing file /home/airflow/.local/lib/python3.8/site-packages/airflow/example_dags/example_task_group.py for tasks to queue
[2024-04-25T12:54:13.837+0000] {logging_mixin.py:154} INFO - [2024-04-25T12:54:13.836+0000] {dagbag.py:536} INFO - Filling up the DagBag from /home/airflow/.local/lib/python3.8/site-packages/airflow/example_dags/example_task_group.py
[2024-04-25T12:54:13.849+0000] {processor.py:839} INFO - DAG(s) dict_keys(['example_task_group']) retrieved from /home/airflow/.local/lib/python3.8/site-packages/airflow/example_dags/example_task_group.py
[2024-04-25T12:54:13.886+0000] {logging_mixin.py:154} INFO - [2024-04-25T12:54:13.886+0000] {dag.py:2941} INFO - Sync 1 DAGs
[2024-04-25T12:54:13.920+0000] {logging_mixin.py:154} INFO - [2024-04-25T12:54:13.920+0000] {dag.py:3722} INFO - Setting next_dagrun for example_task_group to 2024-04-24T12:54:13.919735+00:00, run_after=2024-04-25T12:54:13.919735+00:00
[2024-04-25T12:54:13.949+0000] {processor.py:179} INFO - Processing /home/airflow/.local/lib/python3.8/site-packages/airflow/example_dags/example_task_group.py took 0.123 seconds
[2024-04-25T12:54:44.234+0000] {processor.py:157} INFO - Started process (PID=1644) to work on /home/airflow/.local/lib/python3.8/site-packages/airflow/example_dags/example_task_group.py
[2024-04-25T12:54:44.236+0000] {processor.py:829} INFO - Processing file /home/airflow/.local/lib/python3.8/site-packages/airflow/example_dags/example_task_group.py for tasks to queue
[2024-04-25T12:54:44.237+0000] {logging_mixin.py:154} INFO - [2024-04-25T12:54:44.237+0000] {dagbag.py:536} INFO - Filling up the DagBag from /home/airflow/.local/lib/python3.8/site-packages/airflow/example_dags/example_task_group.py
[2024-04-25T12:54:44.249+0000] {processor.py:839} INFO - DAG(s) dict_keys(['example_task_group']) retrieved from /home/airflow/.local/lib/python3.8/site-packages/airflow/example_dags/example_task_group.py
[2024-04-25T12:54:44.282+0000] {logging_mixin.py:154} INFO - [2024-04-25T12:54:44.282+0000] {dag.py:2941} INFO - Sync 1 DAGs
[2024-04-25T12:54:44.311+0000] {logging_mixin.py:154} INFO - [2024-04-25T12:54:44.311+0000] {dag.py:3722} INFO - Setting next_dagrun for example_task_group to 2024-04-24T12:54:44.310958+00:00, run_after=2024-04-25T12:54:44.310958+00:00
[2024-04-25T12:54:44.336+0000] {processor.py:179} INFO - Processing /home/airflow/.local/lib/python3.8/site-packages/airflow/example_dags/example_task_group.py took 0.107 seconds
[2024-04-25T12:55:14.416+0000] {processor.py:157} INFO - Started process (PID=1887) to work on /home/airflow/.local/lib/python3.8/site-packages/airflow/example_dags/example_task_group.py
[2024-04-25T12:55:14.418+0000] {processor.py:829} INFO - Processing file /home/airflow/.local/lib/python3.8/site-packages/airflow/example_dags/example_task_group.py for tasks to queue
[2024-04-25T12:55:14.419+0000] {logging_mixin.py:154} INFO - [2024-04-25T12:55:14.419+0000] {dagbag.py:536} INFO - Filling up the DagBag from /home/airflow/.local/lib/python3.8/site-packages/airflow/example_dags/example_task_group.py
[2024-04-25T12:55:14.432+0000] {processor.py:839} INFO - DAG(s) dict_keys(['example_task_group']) retrieved from /home/airflow/.local/lib/python3.8/site-packages/airflow/example_dags/example_task_group.py
[2024-04-25T12:55:14.466+0000] {logging_mixin.py:154} INFO - [2024-04-25T12:55:14.466+0000] {dag.py:2941} INFO - Sync 1 DAGs
[2024-04-25T12:55:14.496+0000] {logging_mixin.py:154} INFO - [2024-04-25T12:55:14.496+0000] {dag.py:3722} INFO - Setting next_dagrun for example_task_group to 2024-04-24T12:55:14.495937+00:00, run_after=2024-04-25T12:55:14.495937+00:00
[2024-04-25T12:55:14.523+0000] {processor.py:179} INFO - Processing /home/airflow/.local/lib/python3.8/site-packages/airflow/example_dags/example_task_group.py took 0.113 seconds
[2024-04-25T13:10:30.988+0000] {processor.py:157} INFO - Started process (PID=178) to work on /home/airflow/.local/lib/python3.8/site-packages/airflow/example_dags/example_task_group.py
[2024-04-25T13:10:30.990+0000] {processor.py:829} INFO - Processing file /home/airflow/.local/lib/python3.8/site-packages/airflow/example_dags/example_task_group.py for tasks to queue
[2024-04-25T13:10:30.992+0000] {logging_mixin.py:154} INFO - [2024-04-25T13:10:30.991+0000] {dagbag.py:536} INFO - Filling up the DagBag from /home/airflow/.local/lib/python3.8/site-packages/airflow/example_dags/example_task_group.py
[2024-04-25T13:10:31.016+0000] {processor.py:839} INFO - DAG(s) dict_keys(['example_task_group']) retrieved from /home/airflow/.local/lib/python3.8/site-packages/airflow/example_dags/example_task_group.py
[2024-04-25T13:10:31.039+0000] {logging_mixin.py:154} INFO - [2024-04-25T13:10:31.039+0000] {dag.py:2941} INFO - Sync 1 DAGs
[2024-04-25T13:10:31.087+0000] {logging_mixin.py:154} INFO - [2024-04-25T13:10:31.087+0000] {dag.py:3722} INFO - Setting next_dagrun for example_task_group to 2024-04-24T13:10:31.086857+00:00, run_after=2024-04-25T13:10:31.086857+00:00
[2024-04-25T13:10:31.128+0000] {processor.py:179} INFO - Processing /home/airflow/.local/lib/python3.8/site-packages/airflow/example_dags/example_task_group.py took 0.148 seconds
[2024-04-25T13:11:02.049+0000] {processor.py:157} INFO - Started process (PID=421) to work on /home/airflow/.local/lib/python3.8/site-packages/airflow/example_dags/example_task_group.py
[2024-04-25T13:11:02.051+0000] {processor.py:829} INFO - Processing file /home/airflow/.local/lib/python3.8/site-packages/airflow/example_dags/example_task_group.py for tasks to queue
[2024-04-25T13:11:02.053+0000] {logging_mixin.py:154} INFO - [2024-04-25T13:11:02.052+0000] {dagbag.py:536} INFO - Filling up the DagBag from /home/airflow/.local/lib/python3.8/site-packages/airflow/example_dags/example_task_group.py
[2024-04-25T13:11:02.071+0000] {processor.py:839} INFO - DAG(s) dict_keys(['example_task_group']) retrieved from /home/airflow/.local/lib/python3.8/site-packages/airflow/example_dags/example_task_group.py
[2024-04-25T13:11:02.114+0000] {logging_mixin.py:154} INFO - [2024-04-25T13:11:02.114+0000] {dag.py:2941} INFO - Sync 1 DAGs
[2024-04-25T13:11:02.162+0000] {logging_mixin.py:154} INFO - [2024-04-25T13:11:02.162+0000] {dag.py:3722} INFO - Setting next_dagrun for example_task_group to 2024-04-24T13:11:02.161370+00:00, run_after=2024-04-25T13:11:02.161370+00:00
[2024-04-25T13:11:02.198+0000] {processor.py:179} INFO - Processing /home/airflow/.local/lib/python3.8/site-packages/airflow/example_dags/example_task_group.py took 0.157 seconds
[2024-04-25T13:11:32.381+0000] {processor.py:157} INFO - Started process (PID=661) to work on /home/airflow/.local/lib/python3.8/site-packages/airflow/example_dags/example_task_group.py
[2024-04-25T13:11:32.383+0000] {processor.py:829} INFO - Processing file /home/airflow/.local/lib/python3.8/site-packages/airflow/example_dags/example_task_group.py for tasks to queue
[2024-04-25T13:11:32.384+0000] {logging_mixin.py:154} INFO - [2024-04-25T13:11:32.384+0000] {dagbag.py:536} INFO - Filling up the DagBag from /home/airflow/.local/lib/python3.8/site-packages/airflow/example_dags/example_task_group.py
[2024-04-25T13:11:32.398+0000] {processor.py:839} INFO - DAG(s) dict_keys(['example_task_group']) retrieved from /home/airflow/.local/lib/python3.8/site-packages/airflow/example_dags/example_task_group.py
[2024-04-25T13:11:32.434+0000] {logging_mixin.py:154} INFO - [2024-04-25T13:11:32.434+0000] {dag.py:2941} INFO - Sync 1 DAGs
[2024-04-25T13:11:32.467+0000] {logging_mixin.py:154} INFO - [2024-04-25T13:11:32.467+0000] {dag.py:3722} INFO - Setting next_dagrun for example_task_group to 2024-04-24T13:11:32.466862+00:00, run_after=2024-04-25T13:11:32.466862+00:00
[2024-04-25T13:11:32.493+0000] {processor.py:179} INFO - Processing /home/airflow/.local/lib/python3.8/site-packages/airflow/example_dags/example_task_group.py took 0.118 seconds
[2024-04-25T13:12:02.898+0000] {processor.py:157} INFO - Started process (PID=905) to work on /home/airflow/.local/lib/python3.8/site-packages/airflow/example_dags/example_task_group.py
[2024-04-25T13:12:02.901+0000] {processor.py:829} INFO - Processing file /home/airflow/.local/lib/python3.8/site-packages/airflow/example_dags/example_task_group.py for tasks to queue
[2024-04-25T13:12:02.903+0000] {logging_mixin.py:154} INFO - [2024-04-25T13:12:02.902+0000] {dagbag.py:536} INFO - Filling up the DagBag from /home/airflow/.local/lib/python3.8/site-packages/airflow/example_dags/example_task_group.py
[2024-04-25T13:12:02.929+0000] {processor.py:839} INFO - DAG(s) dict_keys(['example_task_group']) retrieved from /home/airflow/.local/lib/python3.8/site-packages/airflow/example_dags/example_task_group.py
[2024-04-25T13:12:02.993+0000] {logging_mixin.py:154} INFO - [2024-04-25T13:12:02.993+0000] {dag.py:2941} INFO - Sync 1 DAGs
[2024-04-25T13:12:03.046+0000] {logging_mixin.py:154} INFO - [2024-04-25T13:12:03.046+0000] {dag.py:3722} INFO - Setting next_dagrun for example_task_group to 2024-04-24T13:12:03.045929+00:00, run_after=2024-04-25T13:12:03.045929+00:00
[2024-04-25T13:12:03.084+0000] {processor.py:179} INFO - Processing /home/airflow/.local/lib/python3.8/site-packages/airflow/example_dags/example_task_group.py took 0.198 seconds
[2024-04-25T13:12:33.479+0000] {processor.py:157} INFO - Started process (PID=1157) to work on /home/airflow/.local/lib/python3.8/site-packages/airflow/example_dags/example_task_group.py
[2024-04-25T13:12:33.482+0000] {processor.py:829} INFO - Processing file /home/airflow/.local/lib/python3.8/site-packages/airflow/example_dags/example_task_group.py for tasks to queue
[2024-04-25T13:12:33.484+0000] {logging_mixin.py:154} INFO - [2024-04-25T13:12:33.484+0000] {dagbag.py:536} INFO - Filling up the DagBag from /home/airflow/.local/lib/python3.8/site-packages/airflow/example_dags/example_task_group.py
[2024-04-25T13:12:33.500+0000] {processor.py:839} INFO - DAG(s) dict_keys(['example_task_group']) retrieved from /home/airflow/.local/lib/python3.8/site-packages/airflow/example_dags/example_task_group.py
[2024-04-25T13:12:33.544+0000] {logging_mixin.py:154} INFO - [2024-04-25T13:12:33.543+0000] {dag.py:2941} INFO - Sync 1 DAGs
[2024-04-25T13:12:33.591+0000] {logging_mixin.py:154} INFO - [2024-04-25T13:12:33.590+0000] {dag.py:3722} INFO - Setting next_dagrun for example_task_group to 2024-04-24T13:12:33.590357+00:00, run_after=2024-04-25T13:12:33.590357+00:00
[2024-04-25T13:12:33.627+0000] {processor.py:179} INFO - Processing /home/airflow/.local/lib/python3.8/site-packages/airflow/example_dags/example_task_group.py took 0.153 seconds
[2024-04-25T13:13:04.293+0000] {processor.py:157} INFO - Started process (PID=1400) to work on /home/airflow/.local/lib/python3.8/site-packages/airflow/example_dags/example_task_group.py
[2024-04-25T13:13:04.295+0000] {processor.py:829} INFO - Processing file /home/airflow/.local/lib/python3.8/site-packages/airflow/example_dags/example_task_group.py for tasks to queue
[2024-04-25T13:13:04.296+0000] {logging_mixin.py:154} INFO - [2024-04-25T13:13:04.295+0000] {dagbag.py:536} INFO - Filling up the DagBag from /home/airflow/.local/lib/python3.8/site-packages/airflow/example_dags/example_task_group.py
[2024-04-25T13:13:04.309+0000] {processor.py:839} INFO - DAG(s) dict_keys(['example_task_group']) retrieved from /home/airflow/.local/lib/python3.8/site-packages/airflow/example_dags/example_task_group.py
[2024-04-25T13:13:04.346+0000] {logging_mixin.py:154} INFO - [2024-04-25T13:13:04.346+0000] {dag.py:2941} INFO - Sync 1 DAGs
[2024-04-25T13:13:04.379+0000] {logging_mixin.py:154} INFO - [2024-04-25T13:13:04.379+0000] {dag.py:3722} INFO - Setting next_dagrun for example_task_group to 2024-04-24T13:13:04.379003+00:00, run_after=2024-04-25T13:13:04.379003+00:00
[2024-04-25T13:13:04.407+0000] {processor.py:179} INFO - Processing /home/airflow/.local/lib/python3.8/site-packages/airflow/example_dags/example_task_group.py took 0.120 seconds
[2024-04-25T13:13:34.740+0000] {processor.py:157} INFO - Started process (PID=1644) to work on /home/airflow/.local/lib/python3.8/site-packages/airflow/example_dags/example_task_group.py
[2024-04-25T13:13:34.744+0000] {processor.py:829} INFO - Processing file /home/airflow/.local/lib/python3.8/site-packages/airflow/example_dags/example_task_group.py for tasks to queue
[2024-04-25T13:13:34.745+0000] {logging_mixin.py:154} INFO - [2024-04-25T13:13:34.744+0000] {dagbag.py:536} INFO - Filling up the DagBag from /home/airflow/.local/lib/python3.8/site-packages/airflow/example_dags/example_task_group.py
[2024-04-25T13:13:34.757+0000] {processor.py:839} INFO - DAG(s) dict_keys(['example_task_group']) retrieved from /home/airflow/.local/lib/python3.8/site-packages/airflow/example_dags/example_task_group.py
[2024-04-25T13:13:34.794+0000] {logging_mixin.py:154} INFO - [2024-04-25T13:13:34.793+0000] {dag.py:2941} INFO - Sync 1 DAGs
[2024-04-25T13:13:34.824+0000] {logging_mixin.py:154} INFO - [2024-04-25T13:13:34.823+0000] {dag.py:3722} INFO - Setting next_dagrun for example_task_group to 2024-04-24T13:13:34.823482+00:00, run_after=2024-04-25T13:13:34.823482+00:00
[2024-04-25T13:13:34.850+0000] {processor.py:179} INFO - Processing /home/airflow/.local/lib/python3.8/site-packages/airflow/example_dags/example_task_group.py took 0.118 seconds
[2024-04-25T13:14:05.077+0000] {processor.py:157} INFO - Started process (PID=1888) to work on /home/airflow/.local/lib/python3.8/site-packages/airflow/example_dags/example_task_group.py
[2024-04-25T13:14:05.079+0000] {processor.py:829} INFO - Processing file /home/airflow/.local/lib/python3.8/site-packages/airflow/example_dags/example_task_group.py for tasks to queue
[2024-04-25T13:14:05.081+0000] {logging_mixin.py:154} INFO - [2024-04-25T13:14:05.080+0000] {dagbag.py:536} INFO - Filling up the DagBag from /home/airflow/.local/lib/python3.8/site-packages/airflow/example_dags/example_task_group.py
[2024-04-25T13:14:05.095+0000] {processor.py:839} INFO - DAG(s) dict_keys(['example_task_group']) retrieved from /home/airflow/.local/lib/python3.8/site-packages/airflow/example_dags/example_task_group.py
[2024-04-25T13:14:05.139+0000] {logging_mixin.py:154} INFO - [2024-04-25T13:14:05.139+0000] {dag.py:2941} INFO - Sync 1 DAGs
[2024-04-25T13:14:05.179+0000] {logging_mixin.py:154} INFO - [2024-04-25T13:14:05.179+0000] {dag.py:3722} INFO - Setting next_dagrun for example_task_group to 2024-04-24T13:14:05.178579+00:00, run_after=2024-04-25T13:14:05.178579+00:00
[2024-04-25T13:14:05.213+0000] {processor.py:179} INFO - Processing /home/airflow/.local/lib/python3.8/site-packages/airflow/example_dags/example_task_group.py took 0.144 seconds
[2024-04-25T13:14:35.686+0000] {processor.py:157} INFO - Started process (PID=2131) to work on /home/airflow/.local/lib/python3.8/site-packages/airflow/example_dags/example_task_group.py
[2024-04-25T13:14:35.688+0000] {processor.py:829} INFO - Processing file /home/airflow/.local/lib/python3.8/site-packages/airflow/example_dags/example_task_group.py for tasks to queue
[2024-04-25T13:14:35.690+0000] {logging_mixin.py:154} INFO - [2024-04-25T13:14:35.689+0000] {dagbag.py:536} INFO - Filling up the DagBag from /home/airflow/.local/lib/python3.8/site-packages/airflow/example_dags/example_task_group.py
[2024-04-25T13:14:35.705+0000] {processor.py:839} INFO - DAG(s) dict_keys(['example_task_group']) retrieved from /home/airflow/.local/lib/python3.8/site-packages/airflow/example_dags/example_task_group.py
[2024-04-25T13:14:35.747+0000] {logging_mixin.py:154} INFO - [2024-04-25T13:14:35.746+0000] {dag.py:2941} INFO - Sync 1 DAGs
[2024-04-25T13:14:35.789+0000] {logging_mixin.py:154} INFO - [2024-04-25T13:14:35.789+0000] {dag.py:3722} INFO - Setting next_dagrun for example_task_group to 2024-04-24T13:14:35.788847+00:00, run_after=2024-04-25T13:14:35.788847+00:00
[2024-04-25T13:14:35.818+0000] {processor.py:179} INFO - Processing /home/airflow/.local/lib/python3.8/site-packages/airflow/example_dags/example_task_group.py took 0.141 seconds
[2024-04-25T13:15:06.186+0000] {processor.py:157} INFO - Started process (PID=2374) to work on /home/airflow/.local/lib/python3.8/site-packages/airflow/example_dags/example_task_group.py
[2024-04-25T13:15:06.187+0000] {processor.py:829} INFO - Processing file /home/airflow/.local/lib/python3.8/site-packages/airflow/example_dags/example_task_group.py for tasks to queue
[2024-04-25T13:15:06.189+0000] {logging_mixin.py:154} INFO - [2024-04-25T13:15:06.188+0000] {dagbag.py:536} INFO - Filling up the DagBag from /home/airflow/.local/lib/python3.8/site-packages/airflow/example_dags/example_task_group.py
[2024-04-25T13:15:06.209+0000] {processor.py:839} INFO - DAG(s) dict_keys(['example_task_group']) retrieved from /home/airflow/.local/lib/python3.8/site-packages/airflow/example_dags/example_task_group.py
[2024-04-25T13:15:06.255+0000] {logging_mixin.py:154} INFO - [2024-04-25T13:15:06.254+0000] {dag.py:2941} INFO - Sync 1 DAGs
[2024-04-25T13:15:06.297+0000] {logging_mixin.py:154} INFO - [2024-04-25T13:15:06.296+0000] {dag.py:3722} INFO - Setting next_dagrun for example_task_group to 2024-04-24T13:15:06.296435+00:00, run_after=2024-04-25T13:15:06.296435+00:00
[2024-04-25T13:15:06.322+0000] {processor.py:179} INFO - Processing /home/airflow/.local/lib/python3.8/site-packages/airflow/example_dags/example_task_group.py took 0.142 seconds
[2024-04-25T13:15:37.153+0000] {processor.py:157} INFO - Started process (PID=2617) to work on /home/airflow/.local/lib/python3.8/site-packages/airflow/example_dags/example_task_group.py
[2024-04-25T13:15:37.156+0000] {processor.py:829} INFO - Processing file /home/airflow/.local/lib/python3.8/site-packages/airflow/example_dags/example_task_group.py for tasks to queue
[2024-04-25T13:15:37.157+0000] {logging_mixin.py:154} INFO - [2024-04-25T13:15:37.157+0000] {dagbag.py:536} INFO - Filling up the DagBag from /home/airflow/.local/lib/python3.8/site-packages/airflow/example_dags/example_task_group.py
[2024-04-25T13:15:37.172+0000] {processor.py:839} INFO - DAG(s) dict_keys(['example_task_group']) retrieved from /home/airflow/.local/lib/python3.8/site-packages/airflow/example_dags/example_task_group.py
[2024-04-25T13:15:37.219+0000] {logging_mixin.py:154} INFO - [2024-04-25T13:15:37.219+0000] {dag.py:2941} INFO - Sync 1 DAGs
[2024-04-25T13:15:37.251+0000] {logging_mixin.py:154} INFO - [2024-04-25T13:15:37.251+0000] {dag.py:3722} INFO - Setting next_dagrun for example_task_group to 2024-04-24T13:15:37.250940+00:00, run_after=2024-04-25T13:15:37.250940+00:00
[2024-04-25T13:15:37.282+0000] {processor.py:179} INFO - Processing /home/airflow/.local/lib/python3.8/site-packages/airflow/example_dags/example_task_group.py took 0.137 seconds
[2024-04-25T13:16:08.110+0000] {processor.py:157} INFO - Started process (PID=2860) to work on /home/airflow/.local/lib/python3.8/site-packages/airflow/example_dags/example_task_group.py
[2024-04-25T13:16:08.113+0000] {processor.py:829} INFO - Processing file /home/airflow/.local/lib/python3.8/site-packages/airflow/example_dags/example_task_group.py for tasks to queue
[2024-04-25T13:16:08.114+0000] {logging_mixin.py:154} INFO - [2024-04-25T13:16:08.114+0000] {dagbag.py:536} INFO - Filling up the DagBag from /home/airflow/.local/lib/python3.8/site-packages/airflow/example_dags/example_task_group.py
[2024-04-25T13:16:08.130+0000] {processor.py:839} INFO - DAG(s) dict_keys(['example_task_group']) retrieved from /home/airflow/.local/lib/python3.8/site-packages/airflow/example_dags/example_task_group.py
[2024-04-25T13:16:08.166+0000] {logging_mixin.py:154} INFO - [2024-04-25T13:16:08.166+0000] {dag.py:2941} INFO - Sync 1 DAGs
[2024-04-25T13:16:08.201+0000] {logging_mixin.py:154} INFO - [2024-04-25T13:16:08.200+0000] {dag.py:3722} INFO - Setting next_dagrun for example_task_group to 2024-04-24T13:16:08.200460+00:00, run_after=2024-04-25T13:16:08.200460+00:00
[2024-04-25T13:16:08.229+0000] {processor.py:179} INFO - Processing /home/airflow/.local/lib/python3.8/site-packages/airflow/example_dags/example_task_group.py took 0.128 seconds
[2024-04-25T13:16:39.083+0000] {processor.py:157} INFO - Started process (PID=3104) to work on /home/airflow/.local/lib/python3.8/site-packages/airflow/example_dags/example_task_group.py
[2024-04-25T13:16:39.086+0000] {processor.py:829} INFO - Processing file /home/airflow/.local/lib/python3.8/site-packages/airflow/example_dags/example_task_group.py for tasks to queue
[2024-04-25T13:16:39.088+0000] {logging_mixin.py:154} INFO - [2024-04-25T13:16:39.087+0000] {dagbag.py:536} INFO - Filling up the DagBag from /home/airflow/.local/lib/python3.8/site-packages/airflow/example_dags/example_task_group.py
[2024-04-25T13:16:39.112+0000] {processor.py:839} INFO - DAG(s) dict_keys(['example_task_group']) retrieved from /home/airflow/.local/lib/python3.8/site-packages/airflow/example_dags/example_task_group.py
[2024-04-25T13:16:39.161+0000] {logging_mixin.py:154} INFO - [2024-04-25T13:16:39.160+0000] {dag.py:2941} INFO - Sync 1 DAGs
[2024-04-25T13:16:39.205+0000] {logging_mixin.py:154} INFO - [2024-04-25T13:16:39.205+0000] {dag.py:3722} INFO - Setting next_dagrun for example_task_group to 2024-04-24T13:16:39.204858+00:00, run_after=2024-04-25T13:16:39.204858+00:00
[2024-04-25T13:16:39.246+0000] {processor.py:179} INFO - Processing /home/airflow/.local/lib/python3.8/site-packages/airflow/example_dags/example_task_group.py took 0.170 seconds
[2024-04-25T13:17:09.316+0000] {processor.py:157} INFO - Started process (PID=3347) to work on /home/airflow/.local/lib/python3.8/site-packages/airflow/example_dags/example_task_group.py
[2024-04-25T13:17:09.318+0000] {processor.py:829} INFO - Processing file /home/airflow/.local/lib/python3.8/site-packages/airflow/example_dags/example_task_group.py for tasks to queue
[2024-04-25T13:17:09.320+0000] {logging_mixin.py:154} INFO - [2024-04-25T13:17:09.319+0000] {dagbag.py:536} INFO - Filling up the DagBag from /home/airflow/.local/lib/python3.8/site-packages/airflow/example_dags/example_task_group.py
[2024-04-25T13:17:09.335+0000] {processor.py:839} INFO - DAG(s) dict_keys(['example_task_group']) retrieved from /home/airflow/.local/lib/python3.8/site-packages/airflow/example_dags/example_task_group.py
[2024-04-25T13:17:09.374+0000] {logging_mixin.py:154} INFO - [2024-04-25T13:17:09.373+0000] {dag.py:2941} INFO - Sync 1 DAGs
[2024-04-25T13:17:09.408+0000] {logging_mixin.py:154} INFO - [2024-04-25T13:17:09.407+0000] {dag.py:3722} INFO - Setting next_dagrun for example_task_group to 2024-04-24T13:17:09.407511+00:00, run_after=2024-04-25T13:17:09.407511+00:00
[2024-04-25T13:17:09.438+0000] {processor.py:179} INFO - Processing /home/airflow/.local/lib/python3.8/site-packages/airflow/example_dags/example_task_group.py took 0.127 seconds
[2024-04-25T13:17:40.066+0000] {processor.py:157} INFO - Started process (PID=3590) to work on /home/airflow/.local/lib/python3.8/site-packages/airflow/example_dags/example_task_group.py
[2024-04-25T13:17:40.067+0000] {processor.py:829} INFO - Processing file /home/airflow/.local/lib/python3.8/site-packages/airflow/example_dags/example_task_group.py for tasks to queue
[2024-04-25T13:17:40.069+0000] {logging_mixin.py:154} INFO - [2024-04-25T13:17:40.068+0000] {dagbag.py:536} INFO - Filling up the DagBag from /home/airflow/.local/lib/python3.8/site-packages/airflow/example_dags/example_task_group.py
[2024-04-25T13:17:40.084+0000] {processor.py:839} INFO - DAG(s) dict_keys(['example_task_group']) retrieved from /home/airflow/.local/lib/python3.8/site-packages/airflow/example_dags/example_task_group.py
[2024-04-25T13:17:40.127+0000] {logging_mixin.py:154} INFO - [2024-04-25T13:17:40.127+0000] {dag.py:2941} INFO - Sync 1 DAGs
[2024-04-25T13:17:40.166+0000] {logging_mixin.py:154} INFO - [2024-04-25T13:17:40.166+0000] {dag.py:3722} INFO - Setting next_dagrun for example_task_group to 2024-04-24T13:17:40.165549+00:00, run_after=2024-04-25T13:17:40.165549+00:00
[2024-04-25T13:17:40.206+0000] {processor.py:179} INFO - Processing /home/airflow/.local/lib/python3.8/site-packages/airflow/example_dags/example_task_group.py took 0.147 seconds
[2024-04-25T13:18:11.049+0000] {processor.py:157} INFO - Started process (PID=3834) to work on /home/airflow/.local/lib/python3.8/site-packages/airflow/example_dags/example_task_group.py
[2024-04-25T13:18:11.051+0000] {processor.py:829} INFO - Processing file /home/airflow/.local/lib/python3.8/site-packages/airflow/example_dags/example_task_group.py for tasks to queue
[2024-04-25T13:18:11.052+0000] {logging_mixin.py:154} INFO - [2024-04-25T13:18:11.052+0000] {dagbag.py:536} INFO - Filling up the DagBag from /home/airflow/.local/lib/python3.8/site-packages/airflow/example_dags/example_task_group.py
[2024-04-25T13:18:11.072+0000] {processor.py:839} INFO - DAG(s) dict_keys(['example_task_group']) retrieved from /home/airflow/.local/lib/python3.8/site-packages/airflow/example_dags/example_task_group.py
[2024-04-25T13:18:11.110+0000] {logging_mixin.py:154} INFO - [2024-04-25T13:18:11.110+0000] {dag.py:2941} INFO - Sync 1 DAGs
[2024-04-25T13:18:11.144+0000] {logging_mixin.py:154} INFO - [2024-04-25T13:18:11.144+0000] {dag.py:3722} INFO - Setting next_dagrun for example_task_group to 2024-04-24T13:18:11.143796+00:00, run_after=2024-04-25T13:18:11.143796+00:00
[2024-04-25T13:18:11.174+0000] {processor.py:179} INFO - Processing /home/airflow/.local/lib/python3.8/site-packages/airflow/example_dags/example_task_group.py took 0.131 seconds
[2024-04-25T13:18:42.105+0000] {processor.py:157} INFO - Started process (PID=4078) to work on /home/airflow/.local/lib/python3.8/site-packages/airflow/example_dags/example_task_group.py
[2024-04-25T13:18:42.108+0000] {processor.py:829} INFO - Processing file /home/airflow/.local/lib/python3.8/site-packages/airflow/example_dags/example_task_group.py for tasks to queue
[2024-04-25T13:18:42.110+0000] {logging_mixin.py:154} INFO - [2024-04-25T13:18:42.109+0000] {dagbag.py:536} INFO - Filling up the DagBag from /home/airflow/.local/lib/python3.8/site-packages/airflow/example_dags/example_task_group.py
[2024-04-25T13:18:42.124+0000] {processor.py:839} INFO - DAG(s) dict_keys(['example_task_group']) retrieved from /home/airflow/.local/lib/python3.8/site-packages/airflow/example_dags/example_task_group.py
[2024-04-25T13:18:42.161+0000] {logging_mixin.py:154} INFO - [2024-04-25T13:18:42.161+0000] {dag.py:2941} INFO - Sync 1 DAGs
[2024-04-25T13:18:42.195+0000] {logging_mixin.py:154} INFO - [2024-04-25T13:18:42.195+0000] {dag.py:3722} INFO - Setting next_dagrun for example_task_group to 2024-04-24T13:18:42.194880+00:00, run_after=2024-04-25T13:18:42.194880+00:00
[2024-04-25T13:18:42.226+0000] {processor.py:179} INFO - Processing /home/airflow/.local/lib/python3.8/site-packages/airflow/example_dags/example_task_group.py took 0.130 seconds
[2024-04-25T13:27:13.314+0000] {processor.py:157} INFO - Started process (PID=178) to work on /home/airflow/.local/lib/python3.8/site-packages/airflow/example_dags/example_task_group.py
[2024-04-25T13:27:13.317+0000] {processor.py:829} INFO - Processing file /home/airflow/.local/lib/python3.8/site-packages/airflow/example_dags/example_task_group.py for tasks to queue
[2024-04-25T13:27:13.318+0000] {logging_mixin.py:154} INFO - [2024-04-25T13:27:13.317+0000] {dagbag.py:536} INFO - Filling up the DagBag from /home/airflow/.local/lib/python3.8/site-packages/airflow/example_dags/example_task_group.py
[2024-04-25T13:27:13.335+0000] {processor.py:839} INFO - DAG(s) dict_keys(['example_task_group']) retrieved from /home/airflow/.local/lib/python3.8/site-packages/airflow/example_dags/example_task_group.py
[2024-04-25T13:27:13.360+0000] {logging_mixin.py:154} INFO - [2024-04-25T13:27:13.360+0000] {dag.py:2941} INFO - Sync 1 DAGs
[2024-04-25T13:27:13.402+0000] {logging_mixin.py:154} INFO - [2024-04-25T13:27:13.401+0000] {dag.py:3722} INFO - Setting next_dagrun for example_task_group to 2024-04-24T13:27:13.401463+00:00, run_after=2024-04-25T13:27:13.401463+00:00
[2024-04-25T13:27:13.434+0000] {processor.py:179} INFO - Processing /home/airflow/.local/lib/python3.8/site-packages/airflow/example_dags/example_task_group.py took 0.126 seconds
[2024-04-25T13:27:43.803+0000] {processor.py:157} INFO - Started process (PID=418) to work on /home/airflow/.local/lib/python3.8/site-packages/airflow/example_dags/example_task_group.py
[2024-04-25T13:27:43.804+0000] {processor.py:829} INFO - Processing file /home/airflow/.local/lib/python3.8/site-packages/airflow/example_dags/example_task_group.py for tasks to queue
[2024-04-25T13:27:43.805+0000] {logging_mixin.py:154} INFO - [2024-04-25T13:27:43.805+0000] {dagbag.py:536} INFO - Filling up the DagBag from /home/airflow/.local/lib/python3.8/site-packages/airflow/example_dags/example_task_group.py
[2024-04-25T13:27:43.820+0000] {processor.py:839} INFO - DAG(s) dict_keys(['example_task_group']) retrieved from /home/airflow/.local/lib/python3.8/site-packages/airflow/example_dags/example_task_group.py
[2024-04-25T13:27:43.867+0000] {logging_mixin.py:154} INFO - [2024-04-25T13:27:43.866+0000] {dag.py:2941} INFO - Sync 1 DAGs
[2024-04-25T13:27:43.937+0000] {logging_mixin.py:154} INFO - [2024-04-25T13:27:43.936+0000] {dag.py:3722} INFO - Setting next_dagrun for example_task_group to 2024-04-24T13:27:43.936048+00:00, run_after=2024-04-25T13:27:43.936048+00:00
[2024-04-25T13:27:43.990+0000] {processor.py:179} INFO - Processing /home/airflow/.local/lib/python3.8/site-packages/airflow/example_dags/example_task_group.py took 0.193 seconds
[2024-04-25T13:28:14.485+0000] {processor.py:157} INFO - Started process (PID=661) to work on /home/airflow/.local/lib/python3.8/site-packages/airflow/example_dags/example_task_group.py
[2024-04-25T13:28:14.487+0000] {processor.py:829} INFO - Processing file /home/airflow/.local/lib/python3.8/site-packages/airflow/example_dags/example_task_group.py for tasks to queue
[2024-04-25T13:28:14.488+0000] {logging_mixin.py:154} INFO - [2024-04-25T13:28:14.488+0000] {dagbag.py:536} INFO - Filling up the DagBag from /home/airflow/.local/lib/python3.8/site-packages/airflow/example_dags/example_task_group.py
[2024-04-25T13:28:14.500+0000] {processor.py:839} INFO - DAG(s) dict_keys(['example_task_group']) retrieved from /home/airflow/.local/lib/python3.8/site-packages/airflow/example_dags/example_task_group.py
[2024-04-25T13:28:14.531+0000] {logging_mixin.py:154} INFO - [2024-04-25T13:28:14.531+0000] {dag.py:2941} INFO - Sync 1 DAGs
[2024-04-25T13:28:14.562+0000] {logging_mixin.py:154} INFO - [2024-04-25T13:28:14.562+0000] {dag.py:3722} INFO - Setting next_dagrun for example_task_group to 2024-04-24T13:28:14.561804+00:00, run_after=2024-04-25T13:28:14.561804+00:00
[2024-04-25T13:28:14.589+0000] {processor.py:179} INFO - Processing /home/airflow/.local/lib/python3.8/site-packages/airflow/example_dags/example_task_group.py took 0.109 seconds
[2024-04-25T13:28:44.983+0000] {processor.py:157} INFO - Started process (PID=910) to work on /home/airflow/.local/lib/python3.8/site-packages/airflow/example_dags/example_task_group.py
[2024-04-25T13:28:44.988+0000] {processor.py:829} INFO - Processing file /home/airflow/.local/lib/python3.8/site-packages/airflow/example_dags/example_task_group.py for tasks to queue
[2024-04-25T13:28:44.990+0000] {logging_mixin.py:154} INFO - [2024-04-25T13:28:44.989+0000] {dagbag.py:536} INFO - Filling up the DagBag from /home/airflow/.local/lib/python3.8/site-packages/airflow/example_dags/example_task_group.py
[2024-04-25T13:28:45.008+0000] {processor.py:839} INFO - DAG(s) dict_keys(['example_task_group']) retrieved from /home/airflow/.local/lib/python3.8/site-packages/airflow/example_dags/example_task_group.py
[2024-04-25T13:28:45.056+0000] {logging_mixin.py:154} INFO - [2024-04-25T13:28:45.055+0000] {dag.py:2941} INFO - Sync 1 DAGs
[2024-04-25T13:28:45.105+0000] {logging_mixin.py:154} INFO - [2024-04-25T13:28:45.105+0000] {dag.py:3722} INFO - Setting next_dagrun for example_task_group to 2024-04-24T13:28:45.104400+00:00, run_after=2024-04-25T13:28:45.104400+00:00
[2024-04-25T13:28:45.151+0000] {processor.py:179} INFO - Processing /home/airflow/.local/lib/python3.8/site-packages/airflow/example_dags/example_task_group.py took 0.176 seconds
[2024-04-25T13:29:16.056+0000] {processor.py:157} INFO - Started process (PID=1157) to work on /home/airflow/.local/lib/python3.8/site-packages/airflow/example_dags/example_task_group.py
[2024-04-25T13:29:16.058+0000] {processor.py:829} INFO - Processing file /home/airflow/.local/lib/python3.8/site-packages/airflow/example_dags/example_task_group.py for tasks to queue
[2024-04-25T13:29:16.060+0000] {logging_mixin.py:154} INFO - [2024-04-25T13:29:16.059+0000] {dagbag.py:536} INFO - Filling up the DagBag from /home/airflow/.local/lib/python3.8/site-packages/airflow/example_dags/example_task_group.py
[2024-04-25T13:29:16.077+0000] {processor.py:839} INFO - DAG(s) dict_keys(['example_task_group']) retrieved from /home/airflow/.local/lib/python3.8/site-packages/airflow/example_dags/example_task_group.py
[2024-04-25T13:29:16.111+0000] {logging_mixin.py:154} INFO - [2024-04-25T13:29:16.111+0000] {dag.py:2941} INFO - Sync 1 DAGs
[2024-04-25T13:29:16.141+0000] {logging_mixin.py:154} INFO - [2024-04-25T13:29:16.141+0000] {dag.py:3722} INFO - Setting next_dagrun for example_task_group to 2024-04-24T13:29:16.140751+00:00, run_after=2024-04-25T13:29:16.140751+00:00
[2024-04-25T13:29:16.168+0000] {processor.py:179} INFO - Processing /home/airflow/.local/lib/python3.8/site-packages/airflow/example_dags/example_task_group.py took 0.119 seconds
[2024-04-25T13:29:47.116+0000] {processor.py:157} INFO - Started process (PID=1400) to work on /home/airflow/.local/lib/python3.8/site-packages/airflow/example_dags/example_task_group.py
[2024-04-25T13:29:47.119+0000] {processor.py:829} INFO - Processing file /home/airflow/.local/lib/python3.8/site-packages/airflow/example_dags/example_task_group.py for tasks to queue
[2024-04-25T13:29:47.121+0000] {logging_mixin.py:154} INFO - [2024-04-25T13:29:47.120+0000] {dagbag.py:536} INFO - Filling up the DagBag from /home/airflow/.local/lib/python3.8/site-packages/airflow/example_dags/example_task_group.py
[2024-04-25T13:29:47.140+0000] {processor.py:839} INFO - DAG(s) dict_keys(['example_task_group']) retrieved from /home/airflow/.local/lib/python3.8/site-packages/airflow/example_dags/example_task_group.py
[2024-04-25T13:29:47.183+0000] {logging_mixin.py:154} INFO - [2024-04-25T13:29:47.182+0000] {dag.py:2941} INFO - Sync 1 DAGs
[2024-04-25T13:29:47.217+0000] {logging_mixin.py:154} INFO - [2024-04-25T13:29:47.216+0000] {dag.py:3722} INFO - Setting next_dagrun for example_task_group to 2024-04-24T13:29:47.216446+00:00, run_after=2024-04-25T13:29:47.216446+00:00
[2024-04-25T13:29:47.246+0000] {processor.py:179} INFO - Processing /home/airflow/.local/lib/python3.8/site-packages/airflow/example_dags/example_task_group.py took 0.137 seconds
[2024-04-25T13:30:17.508+0000] {processor.py:157} INFO - Started process (PID=1643) to work on /home/airflow/.local/lib/python3.8/site-packages/airflow/example_dags/example_task_group.py
[2024-04-25T13:30:17.510+0000] {processor.py:829} INFO - Processing file /home/airflow/.local/lib/python3.8/site-packages/airflow/example_dags/example_task_group.py for tasks to queue
[2024-04-25T13:30:17.511+0000] {logging_mixin.py:154} INFO - [2024-04-25T13:30:17.511+0000] {dagbag.py:536} INFO - Filling up the DagBag from /home/airflow/.local/lib/python3.8/site-packages/airflow/example_dags/example_task_group.py
[2024-04-25T13:30:17.524+0000] {processor.py:839} INFO - DAG(s) dict_keys(['example_task_group']) retrieved from /home/airflow/.local/lib/python3.8/site-packages/airflow/example_dags/example_task_group.py
[2024-04-25T13:30:17.559+0000] {logging_mixin.py:154} INFO - [2024-04-25T13:30:17.559+0000] {dag.py:2941} INFO - Sync 1 DAGs
[2024-04-25T13:30:17.594+0000] {logging_mixin.py:154} INFO - [2024-04-25T13:30:17.594+0000] {dag.py:3722} INFO - Setting next_dagrun for example_task_group to 2024-04-24T13:30:17.594129+00:00, run_after=2024-04-25T13:30:17.594129+00:00
[2024-04-25T13:30:17.626+0000] {processor.py:179} INFO - Processing /home/airflow/.local/lib/python3.8/site-packages/airflow/example_dags/example_task_group.py took 0.124 seconds
[2024-04-25T13:30:48.013+0000] {processor.py:157} INFO - Started process (PID=1887) to work on /home/airflow/.local/lib/python3.8/site-packages/airflow/example_dags/example_task_group.py
[2024-04-25T13:30:48.014+0000] {processor.py:829} INFO - Processing file /home/airflow/.local/lib/python3.8/site-packages/airflow/example_dags/example_task_group.py for tasks to queue
[2024-04-25T13:30:48.015+0000] {logging_mixin.py:154} INFO - [2024-04-25T13:30:48.015+0000] {dagbag.py:536} INFO - Filling up the DagBag from /home/airflow/.local/lib/python3.8/site-packages/airflow/example_dags/example_task_group.py
[2024-04-25T13:30:48.028+0000] {processor.py:839} INFO - DAG(s) dict_keys(['example_task_group']) retrieved from /home/airflow/.local/lib/python3.8/site-packages/airflow/example_dags/example_task_group.py
[2024-04-25T13:30:48.064+0000] {logging_mixin.py:154} INFO - [2024-04-25T13:30:48.064+0000] {dag.py:2941} INFO - Sync 1 DAGs
[2024-04-25T13:30:48.096+0000] {logging_mixin.py:154} INFO - [2024-04-25T13:30:48.096+0000] {dag.py:3722} INFO - Setting next_dagrun for example_task_group to 2024-04-24T13:30:48.095927+00:00, run_after=2024-04-25T13:30:48.095927+00:00
[2024-04-25T13:30:48.123+0000] {processor.py:179} INFO - Processing /home/airflow/.local/lib/python3.8/site-packages/airflow/example_dags/example_task_group.py took 0.116 seconds
[2024-04-25T13:31:18.204+0000] {processor.py:157} INFO - Started process (PID=2130) to work on /home/airflow/.local/lib/python3.8/site-packages/airflow/example_dags/example_task_group.py
[2024-04-25T13:31:18.207+0000] {processor.py:829} INFO - Processing file /home/airflow/.local/lib/python3.8/site-packages/airflow/example_dags/example_task_group.py for tasks to queue
[2024-04-25T13:31:18.208+0000] {logging_mixin.py:154} INFO - [2024-04-25T13:31:18.207+0000] {dagbag.py:536} INFO - Filling up the DagBag from /home/airflow/.local/lib/python3.8/site-packages/airflow/example_dags/example_task_group.py
[2024-04-25T13:31:18.220+0000] {processor.py:839} INFO - DAG(s) dict_keys(['example_task_group']) retrieved from /home/airflow/.local/lib/python3.8/site-packages/airflow/example_dags/example_task_group.py
[2024-04-25T13:31:18.253+0000] {logging_mixin.py:154} INFO - [2024-04-25T13:31:18.252+0000] {dag.py:2941} INFO - Sync 1 DAGs
[2024-04-25T13:31:18.284+0000] {logging_mixin.py:154} INFO - [2024-04-25T13:31:18.284+0000] {dag.py:3722} INFO - Setting next_dagrun for example_task_group to 2024-04-24T13:31:18.284130+00:00, run_after=2024-04-25T13:31:18.284130+00:00
[2024-04-25T13:31:18.310+0000] {processor.py:179} INFO - Processing /home/airflow/.local/lib/python3.8/site-packages/airflow/example_dags/example_task_group.py took 0.112 seconds
[2024-04-25T13:31:48.720+0000] {processor.py:157} INFO - Started process (PID=2373) to work on /home/airflow/.local/lib/python3.8/site-packages/airflow/example_dags/example_task_group.py
[2024-04-25T13:31:48.721+0000] {processor.py:829} INFO - Processing file /home/airflow/.local/lib/python3.8/site-packages/airflow/example_dags/example_task_group.py for tasks to queue
[2024-04-25T13:31:48.722+0000] {logging_mixin.py:154} INFO - [2024-04-25T13:31:48.721+0000] {dagbag.py:536} INFO - Filling up the DagBag from /home/airflow/.local/lib/python3.8/site-packages/airflow/example_dags/example_task_group.py
[2024-04-25T13:31:48.734+0000] {processor.py:839} INFO - DAG(s) dict_keys(['example_task_group']) retrieved from /home/airflow/.local/lib/python3.8/site-packages/airflow/example_dags/example_task_group.py
[2024-04-25T13:31:48.769+0000] {logging_mixin.py:154} INFO - [2024-04-25T13:31:48.769+0000] {dag.py:2941} INFO - Sync 1 DAGs
[2024-04-25T13:31:48.802+0000] {logging_mixin.py:154} INFO - [2024-04-25T13:31:48.802+0000] {dag.py:3722} INFO - Setting next_dagrun for example_task_group to 2024-04-24T13:31:48.801890+00:00, run_after=2024-04-25T13:31:48.801890+00:00
[2024-04-25T13:31:48.830+0000] {processor.py:179} INFO - Processing /home/airflow/.local/lib/python3.8/site-packages/airflow/example_dags/example_task_group.py took 0.117 seconds
[2024-04-25T13:32:19.394+0000] {processor.py:157} INFO - Started process (PID=2616) to work on /home/airflow/.local/lib/python3.8/site-packages/airflow/example_dags/example_task_group.py
[2024-04-25T13:32:19.396+0000] {processor.py:829} INFO - Processing file /home/airflow/.local/lib/python3.8/site-packages/airflow/example_dags/example_task_group.py for tasks to queue
[2024-04-25T13:32:19.398+0000] {logging_mixin.py:154} INFO - [2024-04-25T13:32:19.397+0000] {dagbag.py:536} INFO - Filling up the DagBag from /home/airflow/.local/lib/python3.8/site-packages/airflow/example_dags/example_task_group.py
[2024-04-25T13:32:19.411+0000] {processor.py:839} INFO - DAG(s) dict_keys(['example_task_group']) retrieved from /home/airflow/.local/lib/python3.8/site-packages/airflow/example_dags/example_task_group.py
[2024-04-25T13:32:19.444+0000] {logging_mixin.py:154} INFO - [2024-04-25T13:32:19.443+0000] {dag.py:2941} INFO - Sync 1 DAGs
[2024-04-25T13:32:19.473+0000] {logging_mixin.py:154} INFO - [2024-04-25T13:32:19.473+0000] {dag.py:3722} INFO - Setting next_dagrun for example_task_group to 2024-04-24T13:32:19.473262+00:00, run_after=2024-04-25T13:32:19.473262+00:00
[2024-04-25T13:32:19.502+0000] {processor.py:179} INFO - Processing /home/airflow/.local/lib/python3.8/site-packages/airflow/example_dags/example_task_group.py took 0.113 seconds
[2024-04-25T13:32:49.940+0000] {processor.py:157} INFO - Started process (PID=2859) to work on /home/airflow/.local/lib/python3.8/site-packages/airflow/example_dags/example_task_group.py
[2024-04-25T13:32:49.942+0000] {processor.py:829} INFO - Processing file /home/airflow/.local/lib/python3.8/site-packages/airflow/example_dags/example_task_group.py for tasks to queue
[2024-04-25T13:32:49.943+0000] {logging_mixin.py:154} INFO - [2024-04-25T13:32:49.942+0000] {dagbag.py:536} INFO - Filling up the DagBag from /home/airflow/.local/lib/python3.8/site-packages/airflow/example_dags/example_task_group.py
[2024-04-25T13:32:49.955+0000] {processor.py:839} INFO - DAG(s) dict_keys(['example_task_group']) retrieved from /home/airflow/.local/lib/python3.8/site-packages/airflow/example_dags/example_task_group.py
[2024-04-25T13:32:49.989+0000] {logging_mixin.py:154} INFO - [2024-04-25T13:32:49.989+0000] {dag.py:2941} INFO - Sync 1 DAGs
[2024-04-25T13:32:50.019+0000] {logging_mixin.py:154} INFO - [2024-04-25T13:32:50.019+0000] {dag.py:3722} INFO - Setting next_dagrun for example_task_group to 2024-04-24T13:32:50.018812+00:00, run_after=2024-04-25T13:32:50.018812+00:00
[2024-04-25T13:32:50.044+0000] {processor.py:179} INFO - Processing /home/airflow/.local/lib/python3.8/site-packages/airflow/example_dags/example_task_group.py took 0.109 seconds
[2024-04-25T13:33:20.164+0000] {processor.py:157} INFO - Started process (PID=3108) to work on /home/airflow/.local/lib/python3.8/site-packages/airflow/example_dags/example_task_group.py
[2024-04-25T13:33:20.167+0000] {processor.py:829} INFO - Processing file /home/airflow/.local/lib/python3.8/site-packages/airflow/example_dags/example_task_group.py for tasks to queue
[2024-04-25T13:33:20.168+0000] {logging_mixin.py:154} INFO - [2024-04-25T13:33:20.168+0000] {dagbag.py:536} INFO - Filling up the DagBag from /home/airflow/.local/lib/python3.8/site-packages/airflow/example_dags/example_task_group.py
[2024-04-25T13:33:20.192+0000] {processor.py:839} INFO - DAG(s) dict_keys(['example_task_group']) retrieved from /home/airflow/.local/lib/python3.8/site-packages/airflow/example_dags/example_task_group.py
[2024-04-25T13:33:20.239+0000] {logging_mixin.py:154} INFO - [2024-04-25T13:33:20.238+0000] {dag.py:2941} INFO - Sync 1 DAGs
[2024-04-25T13:33:20.288+0000] {logging_mixin.py:154} INFO - [2024-04-25T13:33:20.288+0000] {dag.py:3722} INFO - Setting next_dagrun for example_task_group to 2024-04-24T13:33:20.287762+00:00, run_after=2024-04-25T13:33:20.287762+00:00
[2024-04-25T13:33:20.337+0000] {processor.py:179} INFO - Processing /home/airflow/.local/lib/python3.8/site-packages/airflow/example_dags/example_task_group.py took 0.182 seconds
[2024-04-25T13:33:50.595+0000] {processor.py:157} INFO - Started process (PID=3355) to work on /home/airflow/.local/lib/python3.8/site-packages/airflow/example_dags/example_task_group.py
[2024-04-25T13:33:50.602+0000] {processor.py:829} INFO - Processing file /home/airflow/.local/lib/python3.8/site-packages/airflow/example_dags/example_task_group.py for tasks to queue
[2024-04-25T13:33:50.604+0000] {logging_mixin.py:154} INFO - [2024-04-25T13:33:50.603+0000] {dagbag.py:536} INFO - Filling up the DagBag from /home/airflow/.local/lib/python3.8/site-packages/airflow/example_dags/example_task_group.py
[2024-04-25T13:33:50.653+0000] {processor.py:839} INFO - DAG(s) dict_keys(['example_task_group']) retrieved from /home/airflow/.local/lib/python3.8/site-packages/airflow/example_dags/example_task_group.py
[2024-04-25T13:33:50.757+0000] {logging_mixin.py:154} INFO - [2024-04-25T13:33:50.756+0000] {dag.py:2941} INFO - Sync 1 DAGs
[2024-04-25T13:33:50.953+0000] {logging_mixin.py:154} INFO - [2024-04-25T13:33:50.951+0000] {dag.py:3722} INFO - Setting next_dagrun for example_task_group to 2024-04-24T13:33:50.950430+00:00, run_after=2024-04-25T13:33:50.950430+00:00
[2024-04-25T13:33:51.035+0000] {processor.py:179} INFO - Processing /home/airflow/.local/lib/python3.8/site-packages/airflow/example_dags/example_task_group.py took 0.462 seconds
[2024-04-25T13:34:21.300+0000] {processor.py:157} INFO - Started process (PID=3598) to work on /home/airflow/.local/lib/python3.8/site-packages/airflow/example_dags/example_task_group.py
[2024-04-25T13:34:21.305+0000] {processor.py:829} INFO - Processing file /home/airflow/.local/lib/python3.8/site-packages/airflow/example_dags/example_task_group.py for tasks to queue
[2024-04-25T13:34:21.311+0000] {logging_mixin.py:154} INFO - [2024-04-25T13:34:21.309+0000] {dagbag.py:536} INFO - Filling up the DagBag from /home/airflow/.local/lib/python3.8/site-packages/airflow/example_dags/example_task_group.py
[2024-04-25T13:34:21.385+0000] {processor.py:839} INFO - DAG(s) dict_keys(['example_task_group']) retrieved from /home/airflow/.local/lib/python3.8/site-packages/airflow/example_dags/example_task_group.py
[2024-04-25T13:34:21.509+0000] {logging_mixin.py:154} INFO - [2024-04-25T13:34:21.508+0000] {dag.py:2941} INFO - Sync 1 DAGs
[2024-04-25T13:34:21.656+0000] {logging_mixin.py:154} INFO - [2024-04-25T13:34:21.654+0000] {dag.py:3722} INFO - Setting next_dagrun for example_task_group to 2024-04-24T13:34:21.653869+00:00, run_after=2024-04-25T13:34:21.653869+00:00
[2024-04-25T13:34:21.767+0000] {processor.py:179} INFO - Processing /home/airflow/.local/lib/python3.8/site-packages/airflow/example_dags/example_task_group.py took 0.497 seconds
[2024-04-25T13:34:52.341+0000] {processor.py:157} INFO - Started process (PID=3841) to work on /home/airflow/.local/lib/python3.8/site-packages/airflow/example_dags/example_task_group.py
[2024-04-25T13:34:52.344+0000] {processor.py:829} INFO - Processing file /home/airflow/.local/lib/python3.8/site-packages/airflow/example_dags/example_task_group.py for tasks to queue
[2024-04-25T13:34:52.345+0000] {logging_mixin.py:154} INFO - [2024-04-25T13:34:52.345+0000] {dagbag.py:536} INFO - Filling up the DagBag from /home/airflow/.local/lib/python3.8/site-packages/airflow/example_dags/example_task_group.py
[2024-04-25T13:34:52.364+0000] {processor.py:839} INFO - DAG(s) dict_keys(['example_task_group']) retrieved from /home/airflow/.local/lib/python3.8/site-packages/airflow/example_dags/example_task_group.py
[2024-04-25T13:34:52.401+0000] {logging_mixin.py:154} INFO - [2024-04-25T13:34:52.400+0000] {dag.py:2941} INFO - Sync 1 DAGs
[2024-04-25T13:34:52.437+0000] {logging_mixin.py:154} INFO - [2024-04-25T13:34:52.437+0000] {dag.py:3722} INFO - Setting next_dagrun for example_task_group to 2024-04-24T13:34:52.436972+00:00, run_after=2024-04-25T13:34:52.436972+00:00
[2024-04-25T13:34:52.467+0000] {processor.py:179} INFO - Processing /home/airflow/.local/lib/python3.8/site-packages/airflow/example_dags/example_task_group.py took 0.134 seconds
[2024-04-25T13:35:23.185+0000] {processor.py:157} INFO - Started process (PID=4085) to work on /home/airflow/.local/lib/python3.8/site-packages/airflow/example_dags/example_task_group.py
[2024-04-25T13:35:23.189+0000] {processor.py:829} INFO - Processing file /home/airflow/.local/lib/python3.8/site-packages/airflow/example_dags/example_task_group.py for tasks to queue
[2024-04-25T13:35:23.190+0000] {logging_mixin.py:154} INFO - [2024-04-25T13:35:23.190+0000] {dagbag.py:536} INFO - Filling up the DagBag from /home/airflow/.local/lib/python3.8/site-packages/airflow/example_dags/example_task_group.py
[2024-04-25T13:35:23.206+0000] {processor.py:839} INFO - DAG(s) dict_keys(['example_task_group']) retrieved from /home/airflow/.local/lib/python3.8/site-packages/airflow/example_dags/example_task_group.py
[2024-04-25T13:35:23.244+0000] {logging_mixin.py:154} INFO - [2024-04-25T13:35:23.244+0000] {dag.py:2941} INFO - Sync 1 DAGs
[2024-04-25T13:35:23.280+0000] {logging_mixin.py:154} INFO - [2024-04-25T13:35:23.279+0000] {dag.py:3722} INFO - Setting next_dagrun for example_task_group to 2024-04-24T13:35:23.279290+00:00, run_after=2024-04-25T13:35:23.279290+00:00
[2024-04-25T13:35:23.318+0000] {processor.py:179} INFO - Processing /home/airflow/.local/lib/python3.8/site-packages/airflow/example_dags/example_task_group.py took 0.143 seconds
[2024-04-25T13:49:24.937+0000] {processor.py:157} INFO - Started process (PID=178) to work on /home/airflow/.local/lib/python3.8/site-packages/airflow/example_dags/example_task_group.py
[2024-04-25T13:49:24.941+0000] {processor.py:829} INFO - Processing file /home/airflow/.local/lib/python3.8/site-packages/airflow/example_dags/example_task_group.py for tasks to queue
[2024-04-25T13:49:24.943+0000] {logging_mixin.py:154} INFO - [2024-04-25T13:49:24.942+0000] {dagbag.py:536} INFO - Filling up the DagBag from /home/airflow/.local/lib/python3.8/site-packages/airflow/example_dags/example_task_group.py
[2024-04-25T13:49:24.973+0000] {processor.py:839} INFO - DAG(s) dict_keys(['example_task_group']) retrieved from /home/airflow/.local/lib/python3.8/site-packages/airflow/example_dags/example_task_group.py
[2024-04-25T13:49:25.001+0000] {logging_mixin.py:154} INFO - [2024-04-25T13:49:25.001+0000] {dag.py:2941} INFO - Sync 1 DAGs
[2024-04-25T13:49:25.046+0000] {logging_mixin.py:154} INFO - [2024-04-25T13:49:25.045+0000] {dag.py:3722} INFO - Setting next_dagrun for example_task_group to 2024-04-24T13:49:25.045069+00:00, run_after=2024-04-25T13:49:25.045069+00:00
[2024-04-25T13:49:25.078+0000] {processor.py:179} INFO - Processing /home/airflow/.local/lib/python3.8/site-packages/airflow/example_dags/example_task_group.py took 0.151 seconds
[2024-04-25T13:49:55.768+0000] {processor.py:157} INFO - Started process (PID=424) to work on /home/airflow/.local/lib/python3.8/site-packages/airflow/example_dags/example_task_group.py
[2024-04-25T13:49:55.770+0000] {processor.py:829} INFO - Processing file /home/airflow/.local/lib/python3.8/site-packages/airflow/example_dags/example_task_group.py for tasks to queue
[2024-04-25T13:49:55.772+0000] {logging_mixin.py:154} INFO - [2024-04-25T13:49:55.771+0000] {dagbag.py:536} INFO - Filling up the DagBag from /home/airflow/.local/lib/python3.8/site-packages/airflow/example_dags/example_task_group.py
[2024-04-25T13:49:55.793+0000] {processor.py:839} INFO - DAG(s) dict_keys(['example_task_group']) retrieved from /home/airflow/.local/lib/python3.8/site-packages/airflow/example_dags/example_task_group.py
[2024-04-25T13:49:55.836+0000] {logging_mixin.py:154} INFO - [2024-04-25T13:49:55.836+0000] {dag.py:2941} INFO - Sync 1 DAGs
[2024-04-25T13:49:55.868+0000] {logging_mixin.py:154} INFO - [2024-04-25T13:49:55.867+0000] {dag.py:3722} INFO - Setting next_dagrun for example_task_group to 2024-04-24T13:49:55.867423+00:00, run_after=2024-04-25T13:49:55.867423+00:00
[2024-04-25T13:49:55.894+0000] {processor.py:179} INFO - Processing /home/airflow/.local/lib/python3.8/site-packages/airflow/example_dags/example_task_group.py took 0.132 seconds
[2024-04-25T13:50:26.289+0000] {processor.py:157} INFO - Started process (PID=665) to work on /home/airflow/.local/lib/python3.8/site-packages/airflow/example_dags/example_task_group.py
[2024-04-25T13:50:26.290+0000] {processor.py:829} INFO - Processing file /home/airflow/.local/lib/python3.8/site-packages/airflow/example_dags/example_task_group.py for tasks to queue
[2024-04-25T13:50:26.292+0000] {logging_mixin.py:154} INFO - [2024-04-25T13:50:26.292+0000] {dagbag.py:536} INFO - Filling up the DagBag from /home/airflow/.local/lib/python3.8/site-packages/airflow/example_dags/example_task_group.py
[2024-04-25T13:50:26.310+0000] {processor.py:839} INFO - DAG(s) dict_keys(['example_task_group']) retrieved from /home/airflow/.local/lib/python3.8/site-packages/airflow/example_dags/example_task_group.py
[2024-04-25T13:50:26.352+0000] {logging_mixin.py:154} INFO - [2024-04-25T13:50:26.352+0000] {dag.py:2941} INFO - Sync 1 DAGs
[2024-04-25T13:50:26.402+0000] {logging_mixin.py:154} INFO - [2024-04-25T13:50:26.401+0000] {dag.py:3722} INFO - Setting next_dagrun for example_task_group to 2024-04-24T13:50:26.400942+00:00, run_after=2024-04-25T13:50:26.400942+00:00
[2024-04-25T13:50:26.443+0000] {processor.py:179} INFO - Processing /home/airflow/.local/lib/python3.8/site-packages/airflow/example_dags/example_task_group.py took 0.163 seconds
[2024-04-25T13:50:56.666+0000] {processor.py:157} INFO - Started process (PID=905) to work on /home/airflow/.local/lib/python3.8/site-packages/airflow/example_dags/example_task_group.py
[2024-04-25T13:50:56.671+0000] {processor.py:829} INFO - Processing file /home/airflow/.local/lib/python3.8/site-packages/airflow/example_dags/example_task_group.py for tasks to queue
[2024-04-25T13:50:56.673+0000] {logging_mixin.py:154} INFO - [2024-04-25T13:50:56.672+0000] {dagbag.py:536} INFO - Filling up the DagBag from /home/airflow/.local/lib/python3.8/site-packages/airflow/example_dags/example_task_group.py
[2024-04-25T13:50:56.692+0000] {processor.py:839} INFO - DAG(s) dict_keys(['example_task_group']) retrieved from /home/airflow/.local/lib/python3.8/site-packages/airflow/example_dags/example_task_group.py
[2024-04-25T13:50:56.729+0000] {logging_mixin.py:154} INFO - [2024-04-25T13:50:56.728+0000] {dag.py:2941} INFO - Sync 1 DAGs
[2024-04-25T13:50:56.774+0000] {logging_mixin.py:154} INFO - [2024-04-25T13:50:56.774+0000] {dag.py:3722} INFO - Setting next_dagrun for example_task_group to 2024-04-24T13:50:56.773849+00:00, run_after=2024-04-25T13:50:56.773849+00:00
[2024-04-25T13:50:56.806+0000] {processor.py:179} INFO - Processing /home/airflow/.local/lib/python3.8/site-packages/airflow/example_dags/example_task_group.py took 0.146 seconds
[2024-04-25T13:51:27.125+0000] {processor.py:157} INFO - Started process (PID=1148) to work on /home/airflow/.local/lib/python3.8/site-packages/airflow/example_dags/example_task_group.py
[2024-04-25T13:51:27.127+0000] {processor.py:829} INFO - Processing file /home/airflow/.local/lib/python3.8/site-packages/airflow/example_dags/example_task_group.py for tasks to queue
[2024-04-25T13:51:27.129+0000] {logging_mixin.py:154} INFO - [2024-04-25T13:51:27.129+0000] {dagbag.py:536} INFO - Filling up the DagBag from /home/airflow/.local/lib/python3.8/site-packages/airflow/example_dags/example_task_group.py
[2024-04-25T13:51:27.145+0000] {processor.py:839} INFO - DAG(s) dict_keys(['example_task_group']) retrieved from /home/airflow/.local/lib/python3.8/site-packages/airflow/example_dags/example_task_group.py
[2024-04-25T13:51:27.185+0000] {logging_mixin.py:154} INFO - [2024-04-25T13:51:27.185+0000] {dag.py:2941} INFO - Sync 1 DAGs
[2024-04-25T13:51:27.217+0000] {logging_mixin.py:154} INFO - [2024-04-25T13:51:27.217+0000] {dag.py:3722} INFO - Setting next_dagrun for example_task_group to 2024-04-24T13:51:27.216921+00:00, run_after=2024-04-25T13:51:27.216921+00:00
[2024-04-25T13:51:27.249+0000] {processor.py:179} INFO - Processing /home/airflow/.local/lib/python3.8/site-packages/airflow/example_dags/example_task_group.py took 0.134 seconds
[2024-04-25T13:51:57.350+0000] {processor.py:157} INFO - Started process (PID=1391) to work on /home/airflow/.local/lib/python3.8/site-packages/airflow/example_dags/example_task_group.py
[2024-04-25T13:51:57.351+0000] {processor.py:829} INFO - Processing file /home/airflow/.local/lib/python3.8/site-packages/airflow/example_dags/example_task_group.py for tasks to queue
[2024-04-25T13:51:57.353+0000] {logging_mixin.py:154} INFO - [2024-04-25T13:51:57.352+0000] {dagbag.py:536} INFO - Filling up the DagBag from /home/airflow/.local/lib/python3.8/site-packages/airflow/example_dags/example_task_group.py
[2024-04-25T13:51:57.366+0000] {processor.py:839} INFO - DAG(s) dict_keys(['example_task_group']) retrieved from /home/airflow/.local/lib/python3.8/site-packages/airflow/example_dags/example_task_group.py
[2024-04-25T13:51:57.409+0000] {logging_mixin.py:154} INFO - [2024-04-25T13:51:57.408+0000] {dag.py:2941} INFO - Sync 1 DAGs
[2024-04-25T13:51:57.456+0000] {logging_mixin.py:154} INFO - [2024-04-25T13:51:57.456+0000] {dag.py:3722} INFO - Setting next_dagrun for example_task_group to 2024-04-24T13:51:57.455423+00:00, run_after=2024-04-25T13:51:57.455423+00:00
[2024-04-25T13:51:57.485+0000] {processor.py:179} INFO - Processing /home/airflow/.local/lib/python3.8/site-packages/airflow/example_dags/example_task_group.py took 0.141 seconds
[2024-04-25T13:52:28.188+0000] {processor.py:157} INFO - Started process (PID=1638) to work on /home/airflow/.local/lib/python3.8/site-packages/airflow/example_dags/example_task_group.py
[2024-04-25T13:52:28.191+0000] {processor.py:829} INFO - Processing file /home/airflow/.local/lib/python3.8/site-packages/airflow/example_dags/example_task_group.py for tasks to queue
[2024-04-25T13:52:28.192+0000] {logging_mixin.py:154} INFO - [2024-04-25T13:52:28.192+0000] {dagbag.py:536} INFO - Filling up the DagBag from /home/airflow/.local/lib/python3.8/site-packages/airflow/example_dags/example_task_group.py
[2024-04-25T13:52:28.210+0000] {processor.py:839} INFO - DAG(s) dict_keys(['example_task_group']) retrieved from /home/airflow/.local/lib/python3.8/site-packages/airflow/example_dags/example_task_group.py
[2024-04-25T13:52:28.259+0000] {logging_mixin.py:154} INFO - [2024-04-25T13:52:28.258+0000] {dag.py:2941} INFO - Sync 1 DAGs
[2024-04-25T13:52:28.305+0000] {logging_mixin.py:154} INFO - [2024-04-25T13:52:28.305+0000] {dag.py:3722} INFO - Setting next_dagrun for example_task_group to 2024-04-24T13:52:28.304588+00:00, run_after=2024-04-25T13:52:28.304588+00:00
[2024-04-25T13:52:28.341+0000] {processor.py:179} INFO - Processing /home/airflow/.local/lib/python3.8/site-packages/airflow/example_dags/example_task_group.py took 0.160 seconds
[2024-04-25T13:52:58.909+0000] {processor.py:157} INFO - Started process (PID=1884) to work on /home/airflow/.local/lib/python3.8/site-packages/airflow/example_dags/example_task_group.py
[2024-04-25T13:52:58.913+0000] {processor.py:829} INFO - Processing file /home/airflow/.local/lib/python3.8/site-packages/airflow/example_dags/example_task_group.py for tasks to queue
[2024-04-25T13:52:58.915+0000] {logging_mixin.py:154} INFO - [2024-04-25T13:52:58.915+0000] {dagbag.py:536} INFO - Filling up the DagBag from /home/airflow/.local/lib/python3.8/site-packages/airflow/example_dags/example_task_group.py
[2024-04-25T13:52:58.943+0000] {processor.py:839} INFO - DAG(s) dict_keys(['example_task_group']) retrieved from /home/airflow/.local/lib/python3.8/site-packages/airflow/example_dags/example_task_group.py
[2024-04-25T13:52:59.008+0000] {logging_mixin.py:154} INFO - [2024-04-25T13:52:59.008+0000] {dag.py:2941} INFO - Sync 1 DAGs
[2024-04-25T13:52:59.058+0000] {logging_mixin.py:154} INFO - [2024-04-25T13:52:59.057+0000] {dag.py:3722} INFO - Setting next_dagrun for example_task_group to 2024-04-24T13:52:59.057509+00:00, run_after=2024-04-25T13:52:59.057509+00:00
[2024-04-25T13:52:59.090+0000] {processor.py:179} INFO - Processing /home/airflow/.local/lib/python3.8/site-packages/airflow/example_dags/example_task_group.py took 0.193 seconds
[2024-04-25T13:53:30.092+0000] {processor.py:157} INFO - Started process (PID=2127) to work on /home/airflow/.local/lib/python3.8/site-packages/airflow/example_dags/example_task_group.py
[2024-04-25T13:53:30.098+0000] {processor.py:829} INFO - Processing file /home/airflow/.local/lib/python3.8/site-packages/airflow/example_dags/example_task_group.py for tasks to queue
[2024-04-25T13:53:30.100+0000] {logging_mixin.py:154} INFO - [2024-04-25T13:53:30.099+0000] {dagbag.py:536} INFO - Filling up the DagBag from /home/airflow/.local/lib/python3.8/site-packages/airflow/example_dags/example_task_group.py
[2024-04-25T13:53:30.113+0000] {processor.py:839} INFO - DAG(s) dict_keys(['example_task_group']) retrieved from /home/airflow/.local/lib/python3.8/site-packages/airflow/example_dags/example_task_group.py
[2024-04-25T13:53:30.154+0000] {logging_mixin.py:154} INFO - [2024-04-25T13:53:30.154+0000] {dag.py:2941} INFO - Sync 1 DAGs
[2024-04-25T13:53:30.189+0000] {logging_mixin.py:154} INFO - [2024-04-25T13:53:30.188+0000] {dag.py:3722} INFO - Setting next_dagrun for example_task_group to 2024-04-24T13:53:30.188604+00:00, run_after=2024-04-25T13:53:30.188604+00:00
[2024-04-25T13:53:30.221+0000] {processor.py:179} INFO - Processing /home/airflow/.local/lib/python3.8/site-packages/airflow/example_dags/example_task_group.py took 0.137 seconds
