[2024-04-25T12:38:02.113+0000] {processor.py:157} INFO - Started process (PID=273) to work on /home/airflow/.local/lib/python3.8/site-packages/airflow/example_dags/example_python_operator.py
[2024-04-25T12:38:02.115+0000] {processor.py:829} INFO - Processing file /home/airflow/.local/lib/python3.8/site-packages/airflow/example_dags/example_python_operator.py for tasks to queue
[2024-04-25T12:38:02.117+0000] {logging_mixin.py:154} INFO - [2024-04-25T12:38:02.116+0000] {dagbag.py:536} INFO - Filling up the DagBag from /home/airflow/.local/lib/python3.8/site-packages/airflow/example_dags/example_python_operator.py
[2024-04-25T12:38:02.142+0000] {processor.py:839} INFO - DAG(s) dict_keys(['example_python_operator']) retrieved from /home/airflow/.local/lib/python3.8/site-packages/airflow/example_dags/example_python_operator.py
[2024-04-25T12:38:02.356+0000] {logging_mixin.py:154} INFO - [2024-04-25T12:38:02.356+0000] {manager.py:499} INFO - Created Permission View: %s
[2024-04-25T12:38:02.376+0000] {logging_mixin.py:154} INFO - [2024-04-25T12:38:02.375+0000] {manager.py:499} INFO - Created Permission View: %s
[2024-04-25T12:38:02.386+0000] {logging_mixin.py:154} INFO - [2024-04-25T12:38:02.386+0000] {manager.py:499} INFO - Created Permission View: %s
[2024-04-25T12:38:02.387+0000] {logging_mixin.py:154} INFO - [2024-04-25T12:38:02.387+0000] {dag.py:2941} INFO - Sync 1 DAGs
[2024-04-25T12:38:02.408+0000] {logging_mixin.py:154} INFO - [2024-04-25T12:38:02.408+0000] {dag.py:2963} INFO - Creating ORM DAG for example_python_operator
[2024-04-25T12:38:02.409+0000] {logging_mixin.py:154} INFO - [2024-04-25T12:38:02.409+0000] {dag.py:3722} INFO - Setting next_dagrun for example_python_operator to None, run_after=None
[2024-04-25T12:38:02.436+0000] {processor.py:179} INFO - Processing /home/airflow/.local/lib/python3.8/site-packages/airflow/example_dags/example_python_operator.py took 0.330 seconds
[2024-04-25T12:38:32.912+0000] {processor.py:157} INFO - Started process (PID=518) to work on /home/airflow/.local/lib/python3.8/site-packages/airflow/example_dags/example_python_operator.py
[2024-04-25T12:38:32.913+0000] {processor.py:829} INFO - Processing file /home/airflow/.local/lib/python3.8/site-packages/airflow/example_dags/example_python_operator.py for tasks to queue
[2024-04-25T12:38:32.915+0000] {logging_mixin.py:154} INFO - [2024-04-25T12:38:32.914+0000] {dagbag.py:536} INFO - Filling up the DagBag from /home/airflow/.local/lib/python3.8/site-packages/airflow/example_dags/example_python_operator.py
[2024-04-25T12:38:32.939+0000] {processor.py:839} INFO - DAG(s) dict_keys(['example_python_operator']) retrieved from /home/airflow/.local/lib/python3.8/site-packages/airflow/example_dags/example_python_operator.py
[2024-04-25T12:38:32.982+0000] {logging_mixin.py:154} INFO - [2024-04-25T12:38:32.982+0000] {dag.py:2941} INFO - Sync 1 DAGs
[2024-04-25T12:38:33.001+0000] {logging_mixin.py:154} INFO - [2024-04-25T12:38:33.001+0000] {dag.py:3722} INFO - Setting next_dagrun for example_python_operator to None, run_after=None
[2024-04-25T12:38:33.028+0000] {processor.py:179} INFO - Processing /home/airflow/.local/lib/python3.8/site-packages/airflow/example_dags/example_python_operator.py took 0.124 seconds
[2024-04-25T12:39:03.419+0000] {processor.py:157} INFO - Started process (PID=760) to work on /home/airflow/.local/lib/python3.8/site-packages/airflow/example_dags/example_python_operator.py
[2024-04-25T12:39:03.421+0000] {processor.py:829} INFO - Processing file /home/airflow/.local/lib/python3.8/site-packages/airflow/example_dags/example_python_operator.py for tasks to queue
[2024-04-25T12:39:03.423+0000] {logging_mixin.py:154} INFO - [2024-04-25T12:39:03.423+0000] {dagbag.py:536} INFO - Filling up the DagBag from /home/airflow/.local/lib/python3.8/site-packages/airflow/example_dags/example_python_operator.py
[2024-04-25T12:39:03.446+0000] {processor.py:839} INFO - DAG(s) dict_keys(['example_python_operator']) retrieved from /home/airflow/.local/lib/python3.8/site-packages/airflow/example_dags/example_python_operator.py
[2024-04-25T12:39:03.482+0000] {logging_mixin.py:154} INFO - [2024-04-25T12:39:03.482+0000] {dag.py:2941} INFO - Sync 1 DAGs
[2024-04-25T12:39:03.504+0000] {logging_mixin.py:154} INFO - [2024-04-25T12:39:03.504+0000] {dag.py:3722} INFO - Setting next_dagrun for example_python_operator to None, run_after=None
[2024-04-25T12:39:03.532+0000] {processor.py:179} INFO - Processing /home/airflow/.local/lib/python3.8/site-packages/airflow/example_dags/example_python_operator.py took 0.119 seconds
[2024-04-25T12:39:33.849+0000] {processor.py:157} INFO - Started process (PID=1005) to work on /home/airflow/.local/lib/python3.8/site-packages/airflow/example_dags/example_python_operator.py
[2024-04-25T12:39:33.851+0000] {processor.py:829} INFO - Processing file /home/airflow/.local/lib/python3.8/site-packages/airflow/example_dags/example_python_operator.py for tasks to queue
[2024-04-25T12:39:33.852+0000] {logging_mixin.py:154} INFO - [2024-04-25T12:39:33.852+0000] {dagbag.py:536} INFO - Filling up the DagBag from /home/airflow/.local/lib/python3.8/site-packages/airflow/example_dags/example_python_operator.py
[2024-04-25T12:39:33.872+0000] {processor.py:839} INFO - DAG(s) dict_keys(['example_python_operator']) retrieved from /home/airflow/.local/lib/python3.8/site-packages/airflow/example_dags/example_python_operator.py
[2024-04-25T12:39:33.913+0000] {logging_mixin.py:154} INFO - [2024-04-25T12:39:33.913+0000] {dag.py:2941} INFO - Sync 1 DAGs
[2024-04-25T12:39:33.930+0000] {logging_mixin.py:154} INFO - [2024-04-25T12:39:33.930+0000] {dag.py:3722} INFO - Setting next_dagrun for example_python_operator to None, run_after=None
[2024-04-25T12:39:33.954+0000] {processor.py:179} INFO - Processing /home/airflow/.local/lib/python3.8/site-packages/airflow/example_dags/example_python_operator.py took 0.110 seconds
[2024-04-25T12:40:04.172+0000] {processor.py:157} INFO - Started process (PID=1246) to work on /home/airflow/.local/lib/python3.8/site-packages/airflow/example_dags/example_python_operator.py
[2024-04-25T12:40:04.174+0000] {processor.py:829} INFO - Processing file /home/airflow/.local/lib/python3.8/site-packages/airflow/example_dags/example_python_operator.py for tasks to queue
[2024-04-25T12:40:04.175+0000] {logging_mixin.py:154} INFO - [2024-04-25T12:40:04.175+0000] {dagbag.py:536} INFO - Filling up the DagBag from /home/airflow/.local/lib/python3.8/site-packages/airflow/example_dags/example_python_operator.py
[2024-04-25T12:40:04.189+0000] {processor.py:839} INFO - DAG(s) dict_keys(['example_python_operator']) retrieved from /home/airflow/.local/lib/python3.8/site-packages/airflow/example_dags/example_python_operator.py
[2024-04-25T12:40:04.226+0000] {logging_mixin.py:154} INFO - [2024-04-25T12:40:04.226+0000] {dag.py:2941} INFO - Sync 1 DAGs
[2024-04-25T12:40:04.245+0000] {logging_mixin.py:154} INFO - [2024-04-25T12:40:04.244+0000] {dag.py:3722} INFO - Setting next_dagrun for example_python_operator to None, run_after=None
[2024-04-25T12:40:04.270+0000] {processor.py:179} INFO - Processing /home/airflow/.local/lib/python3.8/site-packages/airflow/example_dags/example_python_operator.py took 0.106 seconds
[2024-04-25T12:40:34.777+0000] {processor.py:157} INFO - Started process (PID=1490) to work on /home/airflow/.local/lib/python3.8/site-packages/airflow/example_dags/example_python_operator.py
[2024-04-25T12:40:34.779+0000] {processor.py:829} INFO - Processing file /home/airflow/.local/lib/python3.8/site-packages/airflow/example_dags/example_python_operator.py for tasks to queue
[2024-04-25T12:40:34.781+0000] {logging_mixin.py:154} INFO - [2024-04-25T12:40:34.780+0000] {dagbag.py:536} INFO - Filling up the DagBag from /home/airflow/.local/lib/python3.8/site-packages/airflow/example_dags/example_python_operator.py
[2024-04-25T12:40:34.803+0000] {processor.py:839} INFO - DAG(s) dict_keys(['example_python_operator']) retrieved from /home/airflow/.local/lib/python3.8/site-packages/airflow/example_dags/example_python_operator.py
[2024-04-25T12:40:34.839+0000] {logging_mixin.py:154} INFO - [2024-04-25T12:40:34.839+0000] {dag.py:2941} INFO - Sync 1 DAGs
[2024-04-25T12:40:34.866+0000] {logging_mixin.py:154} INFO - [2024-04-25T12:40:34.865+0000] {dag.py:3722} INFO - Setting next_dagrun for example_python_operator to None, run_after=None
[2024-04-25T12:40:34.899+0000] {processor.py:179} INFO - Processing /home/airflow/.local/lib/python3.8/site-packages/airflow/example_dags/example_python_operator.py took 0.129 seconds
[2024-04-25T12:41:05.743+0000] {processor.py:157} INFO - Started process (PID=1732) to work on /home/airflow/.local/lib/python3.8/site-packages/airflow/example_dags/example_python_operator.py
[2024-04-25T12:41:05.745+0000] {processor.py:829} INFO - Processing file /home/airflow/.local/lib/python3.8/site-packages/airflow/example_dags/example_python_operator.py for tasks to queue
[2024-04-25T12:41:05.746+0000] {logging_mixin.py:154} INFO - [2024-04-25T12:41:05.746+0000] {dagbag.py:536} INFO - Filling up the DagBag from /home/airflow/.local/lib/python3.8/site-packages/airflow/example_dags/example_python_operator.py
[2024-04-25T12:41:05.761+0000] {processor.py:839} INFO - DAG(s) dict_keys(['example_python_operator']) retrieved from /home/airflow/.local/lib/python3.8/site-packages/airflow/example_dags/example_python_operator.py
[2024-04-25T12:41:05.800+0000] {logging_mixin.py:154} INFO - [2024-04-25T12:41:05.799+0000] {dag.py:2941} INFO - Sync 1 DAGs
[2024-04-25T12:41:05.819+0000] {logging_mixin.py:154} INFO - [2024-04-25T12:41:05.819+0000] {dag.py:3722} INFO - Setting next_dagrun for example_python_operator to None, run_after=None
[2024-04-25T12:41:05.846+0000] {processor.py:179} INFO - Processing /home/airflow/.local/lib/python3.8/site-packages/airflow/example_dags/example_python_operator.py took 0.111 seconds
[2024-04-25T12:41:36.380+0000] {processor.py:157} INFO - Started process (PID=1975) to work on /home/airflow/.local/lib/python3.8/site-packages/airflow/example_dags/example_python_operator.py
[2024-04-25T12:41:36.381+0000] {processor.py:829} INFO - Processing file /home/airflow/.local/lib/python3.8/site-packages/airflow/example_dags/example_python_operator.py for tasks to queue
[2024-04-25T12:41:36.382+0000] {logging_mixin.py:154} INFO - [2024-04-25T12:41:36.382+0000] {dagbag.py:536} INFO - Filling up the DagBag from /home/airflow/.local/lib/python3.8/site-packages/airflow/example_dags/example_python_operator.py
[2024-04-25T12:41:36.397+0000] {processor.py:839} INFO - DAG(s) dict_keys(['example_python_operator']) retrieved from /home/airflow/.local/lib/python3.8/site-packages/airflow/example_dags/example_python_operator.py
[2024-04-25T12:41:36.434+0000] {logging_mixin.py:154} INFO - [2024-04-25T12:41:36.434+0000] {dag.py:2941} INFO - Sync 1 DAGs
[2024-04-25T12:41:36.458+0000] {logging_mixin.py:154} INFO - [2024-04-25T12:41:36.458+0000] {dag.py:3722} INFO - Setting next_dagrun for example_python_operator to None, run_after=None
[2024-04-25T12:41:36.496+0000] {processor.py:179} INFO - Processing /home/airflow/.local/lib/python3.8/site-packages/airflow/example_dags/example_python_operator.py took 0.122 seconds
[2024-04-25T12:42:07.635+0000] {processor.py:157} INFO - Started process (PID=2228) to work on /home/airflow/.local/lib/python3.8/site-packages/airflow/example_dags/example_python_operator.py
[2024-04-25T12:42:07.637+0000] {processor.py:829} INFO - Processing file /home/airflow/.local/lib/python3.8/site-packages/airflow/example_dags/example_python_operator.py for tasks to queue
[2024-04-25T12:42:07.638+0000] {logging_mixin.py:154} INFO - [2024-04-25T12:42:07.638+0000] {dagbag.py:536} INFO - Filling up the DagBag from /home/airflow/.local/lib/python3.8/site-packages/airflow/example_dags/example_python_operator.py
[2024-04-25T12:42:07.659+0000] {processor.py:839} INFO - DAG(s) dict_keys(['example_python_operator']) retrieved from /home/airflow/.local/lib/python3.8/site-packages/airflow/example_dags/example_python_operator.py
[2024-04-25T12:42:07.710+0000] {logging_mixin.py:154} INFO - [2024-04-25T12:42:07.709+0000] {dag.py:2941} INFO - Sync 1 DAGs
[2024-04-25T12:42:07.739+0000] {logging_mixin.py:154} INFO - [2024-04-25T12:42:07.739+0000] {dag.py:3722} INFO - Setting next_dagrun for example_python_operator to None, run_after=None
[2024-04-25T12:42:07.773+0000] {processor.py:179} INFO - Processing /home/airflow/.local/lib/python3.8/site-packages/airflow/example_dags/example_python_operator.py took 0.144 seconds
[2024-04-25T12:42:38.182+0000] {processor.py:157} INFO - Started process (PID=2470) to work on /home/airflow/.local/lib/python3.8/site-packages/airflow/example_dags/example_python_operator.py
[2024-04-25T12:42:38.183+0000] {processor.py:829} INFO - Processing file /home/airflow/.local/lib/python3.8/site-packages/airflow/example_dags/example_python_operator.py for tasks to queue
[2024-04-25T12:42:38.184+0000] {logging_mixin.py:154} INFO - [2024-04-25T12:42:38.184+0000] {dagbag.py:536} INFO - Filling up the DagBag from /home/airflow/.local/lib/python3.8/site-packages/airflow/example_dags/example_python_operator.py
[2024-04-25T12:42:38.200+0000] {processor.py:839} INFO - DAG(s) dict_keys(['example_python_operator']) retrieved from /home/airflow/.local/lib/python3.8/site-packages/airflow/example_dags/example_python_operator.py
[2024-04-25T12:42:38.246+0000] {logging_mixin.py:154} INFO - [2024-04-25T12:42:38.246+0000] {dag.py:2941} INFO - Sync 1 DAGs
[2024-04-25T12:42:38.269+0000] {logging_mixin.py:154} INFO - [2024-04-25T12:42:38.269+0000] {dag.py:3722} INFO - Setting next_dagrun for example_python_operator to None, run_after=None
[2024-04-25T12:42:38.304+0000] {processor.py:179} INFO - Processing /home/airflow/.local/lib/python3.8/site-packages/airflow/example_dags/example_python_operator.py took 0.128 seconds
[2024-04-25T12:43:09.032+0000] {processor.py:157} INFO - Started process (PID=2713) to work on /home/airflow/.local/lib/python3.8/site-packages/airflow/example_dags/example_python_operator.py
[2024-04-25T12:43:09.035+0000] {processor.py:829} INFO - Processing file /home/airflow/.local/lib/python3.8/site-packages/airflow/example_dags/example_python_operator.py for tasks to queue
[2024-04-25T12:43:09.037+0000] {logging_mixin.py:154} INFO - [2024-04-25T12:43:09.036+0000] {dagbag.py:536} INFO - Filling up the DagBag from /home/airflow/.local/lib/python3.8/site-packages/airflow/example_dags/example_python_operator.py
[2024-04-25T12:43:09.059+0000] {processor.py:839} INFO - DAG(s) dict_keys(['example_python_operator']) retrieved from /home/airflow/.local/lib/python3.8/site-packages/airflow/example_dags/example_python_operator.py
[2024-04-25T12:43:09.102+0000] {logging_mixin.py:154} INFO - [2024-04-25T12:43:09.102+0000] {dag.py:2941} INFO - Sync 1 DAGs
[2024-04-25T12:43:09.123+0000] {logging_mixin.py:154} INFO - [2024-04-25T12:43:09.123+0000] {dag.py:3722} INFO - Setting next_dagrun for example_python_operator to None, run_after=None
[2024-04-25T12:43:09.157+0000] {processor.py:179} INFO - Processing /home/airflow/.local/lib/python3.8/site-packages/airflow/example_dags/example_python_operator.py took 0.133 seconds
[2024-04-25T12:43:41.079+0000] {processor.py:157} INFO - Started process (PID=2962) to work on /home/airflow/.local/lib/python3.8/site-packages/airflow/example_dags/example_python_operator.py
[2024-04-25T12:43:41.082+0000] {processor.py:829} INFO - Processing file /home/airflow/.local/lib/python3.8/site-packages/airflow/example_dags/example_python_operator.py for tasks to queue
[2024-04-25T12:43:41.084+0000] {logging_mixin.py:154} INFO - [2024-04-25T12:43:41.083+0000] {dagbag.py:536} INFO - Filling up the DagBag from /home/airflow/.local/lib/python3.8/site-packages/airflow/example_dags/example_python_operator.py
[2024-04-25T12:43:41.105+0000] {processor.py:839} INFO - DAG(s) dict_keys(['example_python_operator']) retrieved from /home/airflow/.local/lib/python3.8/site-packages/airflow/example_dags/example_python_operator.py
[2024-04-25T12:43:41.189+0000] {logging_mixin.py:154} INFO - [2024-04-25T12:43:41.188+0000] {dag.py:2941} INFO - Sync 1 DAGs
[2024-04-25T12:43:41.232+0000] {logging_mixin.py:154} INFO - [2024-04-25T12:43:41.232+0000] {dag.py:3722} INFO - Setting next_dagrun for example_python_operator to None, run_after=None
[2024-04-25T12:43:41.288+0000] {processor.py:179} INFO - Processing /home/airflow/.local/lib/python3.8/site-packages/airflow/example_dags/example_python_operator.py took 0.220 seconds
[2024-04-25T12:44:12.376+0000] {processor.py:157} INFO - Started process (PID=3213) to work on /home/airflow/.local/lib/python3.8/site-packages/airflow/example_dags/example_python_operator.py
[2024-04-25T12:44:12.384+0000] {processor.py:829} INFO - Processing file /home/airflow/.local/lib/python3.8/site-packages/airflow/example_dags/example_python_operator.py for tasks to queue
[2024-04-25T12:44:12.386+0000] {logging_mixin.py:154} INFO - [2024-04-25T12:44:12.385+0000] {dagbag.py:536} INFO - Filling up the DagBag from /home/airflow/.local/lib/python3.8/site-packages/airflow/example_dags/example_python_operator.py
[2024-04-25T12:44:12.417+0000] {processor.py:839} INFO - DAG(s) dict_keys(['example_python_operator']) retrieved from /home/airflow/.local/lib/python3.8/site-packages/airflow/example_dags/example_python_operator.py
[2024-04-25T12:44:12.524+0000] {logging_mixin.py:154} INFO - [2024-04-25T12:44:12.523+0000] {dag.py:2941} INFO - Sync 1 DAGs
[2024-04-25T12:44:12.570+0000] {logging_mixin.py:154} INFO - [2024-04-25T12:44:12.570+0000] {dag.py:3722} INFO - Setting next_dagrun for example_python_operator to None, run_after=None
[2024-04-25T12:44:12.613+0000] {processor.py:179} INFO - Processing /home/airflow/.local/lib/python3.8/site-packages/airflow/example_dags/example_python_operator.py took 0.245 seconds
[2024-04-25T12:44:43.076+0000] {processor.py:157} INFO - Started process (PID=3463) to work on /home/airflow/.local/lib/python3.8/site-packages/airflow/example_dags/example_python_operator.py
[2024-04-25T12:44:43.079+0000] {processor.py:829} INFO - Processing file /home/airflow/.local/lib/python3.8/site-packages/airflow/example_dags/example_python_operator.py for tasks to queue
[2024-04-25T12:44:43.080+0000] {logging_mixin.py:154} INFO - [2024-04-25T12:44:43.080+0000] {dagbag.py:536} INFO - Filling up the DagBag from /home/airflow/.local/lib/python3.8/site-packages/airflow/example_dags/example_python_operator.py
[2024-04-25T12:44:43.095+0000] {processor.py:839} INFO - DAG(s) dict_keys(['example_python_operator']) retrieved from /home/airflow/.local/lib/python3.8/site-packages/airflow/example_dags/example_python_operator.py
[2024-04-25T12:44:43.143+0000] {logging_mixin.py:154} INFO - [2024-04-25T12:44:43.142+0000] {dag.py:2941} INFO - Sync 1 DAGs
[2024-04-25T12:44:43.170+0000] {logging_mixin.py:154} INFO - [2024-04-25T12:44:43.170+0000] {dag.py:3722} INFO - Setting next_dagrun for example_python_operator to None, run_after=None
[2024-04-25T12:44:43.206+0000] {processor.py:179} INFO - Processing /home/airflow/.local/lib/python3.8/site-packages/airflow/example_dags/example_python_operator.py took 0.138 seconds
[2024-04-25T12:45:13.863+0000] {processor.py:157} INFO - Started process (PID=3705) to work on /home/airflow/.local/lib/python3.8/site-packages/airflow/example_dags/example_python_operator.py
[2024-04-25T12:45:13.866+0000] {processor.py:829} INFO - Processing file /home/airflow/.local/lib/python3.8/site-packages/airflow/example_dags/example_python_operator.py for tasks to queue
[2024-04-25T12:45:13.867+0000] {logging_mixin.py:154} INFO - [2024-04-25T12:45:13.867+0000] {dagbag.py:536} INFO - Filling up the DagBag from /home/airflow/.local/lib/python3.8/site-packages/airflow/example_dags/example_python_operator.py
[2024-04-25T12:45:13.890+0000] {processor.py:839} INFO - DAG(s) dict_keys(['example_python_operator']) retrieved from /home/airflow/.local/lib/python3.8/site-packages/airflow/example_dags/example_python_operator.py
[2024-04-25T12:45:13.931+0000] {logging_mixin.py:154} INFO - [2024-04-25T12:45:13.930+0000] {dag.py:2941} INFO - Sync 1 DAGs
[2024-04-25T12:45:13.951+0000] {logging_mixin.py:154} INFO - [2024-04-25T12:45:13.950+0000] {dag.py:3722} INFO - Setting next_dagrun for example_python_operator to None, run_after=None
[2024-04-25T12:45:13.981+0000] {processor.py:179} INFO - Processing /home/airflow/.local/lib/python3.8/site-packages/airflow/example_dags/example_python_operator.py took 0.126 seconds
[2024-04-25T12:45:44.025+0000] {processor.py:157} INFO - Started process (PID=3945) to work on /home/airflow/.local/lib/python3.8/site-packages/airflow/example_dags/example_python_operator.py
[2024-04-25T12:45:44.027+0000] {processor.py:829} INFO - Processing file /home/airflow/.local/lib/python3.8/site-packages/airflow/example_dags/example_python_operator.py for tasks to queue
[2024-04-25T12:45:44.028+0000] {logging_mixin.py:154} INFO - [2024-04-25T12:45:44.028+0000] {dagbag.py:536} INFO - Filling up the DagBag from /home/airflow/.local/lib/python3.8/site-packages/airflow/example_dags/example_python_operator.py
[2024-04-25T12:45:44.043+0000] {processor.py:839} INFO - DAG(s) dict_keys(['example_python_operator']) retrieved from /home/airflow/.local/lib/python3.8/site-packages/airflow/example_dags/example_python_operator.py
[2024-04-25T12:45:44.080+0000] {logging_mixin.py:154} INFO - [2024-04-25T12:45:44.080+0000] {dag.py:2941} INFO - Sync 1 DAGs
[2024-04-25T12:45:44.099+0000] {logging_mixin.py:154} INFO - [2024-04-25T12:45:44.098+0000] {dag.py:3722} INFO - Setting next_dagrun for example_python_operator to None, run_after=None
[2024-04-25T12:45:44.127+0000] {processor.py:179} INFO - Processing /home/airflow/.local/lib/python3.8/site-packages/airflow/example_dags/example_python_operator.py took 0.108 seconds
[2024-04-25T12:46:14.845+0000] {processor.py:157} INFO - Started process (PID=4188) to work on /home/airflow/.local/lib/python3.8/site-packages/airflow/example_dags/example_python_operator.py
[2024-04-25T12:46:14.847+0000] {processor.py:829} INFO - Processing file /home/airflow/.local/lib/python3.8/site-packages/airflow/example_dags/example_python_operator.py for tasks to queue
[2024-04-25T12:46:14.849+0000] {logging_mixin.py:154} INFO - [2024-04-25T12:46:14.848+0000] {dagbag.py:536} INFO - Filling up the DagBag from /home/airflow/.local/lib/python3.8/site-packages/airflow/example_dags/example_python_operator.py
[2024-04-25T12:46:14.864+0000] {processor.py:839} INFO - DAG(s) dict_keys(['example_python_operator']) retrieved from /home/airflow/.local/lib/python3.8/site-packages/airflow/example_dags/example_python_operator.py
[2024-04-25T12:46:14.902+0000] {logging_mixin.py:154} INFO - [2024-04-25T12:46:14.901+0000] {dag.py:2941} INFO - Sync 1 DAGs
[2024-04-25T12:46:14.920+0000] {logging_mixin.py:154} INFO - [2024-04-25T12:46:14.920+0000] {dag.py:3722} INFO - Setting next_dagrun for example_python_operator to None, run_after=None
[2024-04-25T12:46:14.947+0000] {processor.py:179} INFO - Processing /home/airflow/.local/lib/python3.8/site-packages/airflow/example_dags/example_python_operator.py took 0.108 seconds
[2024-04-25T12:46:45.804+0000] {processor.py:157} INFO - Started process (PID=4431) to work on /home/airflow/.local/lib/python3.8/site-packages/airflow/example_dags/example_python_operator.py
[2024-04-25T12:46:45.806+0000] {processor.py:829} INFO - Processing file /home/airflow/.local/lib/python3.8/site-packages/airflow/example_dags/example_python_operator.py for tasks to queue
[2024-04-25T12:46:45.807+0000] {logging_mixin.py:154} INFO - [2024-04-25T12:46:45.807+0000] {dagbag.py:536} INFO - Filling up the DagBag from /home/airflow/.local/lib/python3.8/site-packages/airflow/example_dags/example_python_operator.py
[2024-04-25T12:46:45.823+0000] {processor.py:839} INFO - DAG(s) dict_keys(['example_python_operator']) retrieved from /home/airflow/.local/lib/python3.8/site-packages/airflow/example_dags/example_python_operator.py
[2024-04-25T12:46:45.861+0000] {logging_mixin.py:154} INFO - [2024-04-25T12:46:45.860+0000] {dag.py:2941} INFO - Sync 1 DAGs
[2024-04-25T12:46:45.880+0000] {logging_mixin.py:154} INFO - [2024-04-25T12:46:45.880+0000] {dag.py:3722} INFO - Setting next_dagrun for example_python_operator to None, run_after=None
[2024-04-25T12:46:45.910+0000] {processor.py:179} INFO - Processing /home/airflow/.local/lib/python3.8/site-packages/airflow/example_dags/example_python_operator.py took 0.113 seconds
[2024-04-25T12:47:16.311+0000] {processor.py:157} INFO - Started process (PID=4672) to work on /home/airflow/.local/lib/python3.8/site-packages/airflow/example_dags/example_python_operator.py
[2024-04-25T12:47:16.316+0000] {processor.py:829} INFO - Processing file /home/airflow/.local/lib/python3.8/site-packages/airflow/example_dags/example_python_operator.py for tasks to queue
[2024-04-25T12:47:16.319+0000] {logging_mixin.py:154} INFO - [2024-04-25T12:47:16.318+0000] {dagbag.py:536} INFO - Filling up the DagBag from /home/airflow/.local/lib/python3.8/site-packages/airflow/example_dags/example_python_operator.py
[2024-04-25T12:47:16.353+0000] {processor.py:839} INFO - DAG(s) dict_keys(['example_python_operator']) retrieved from /home/airflow/.local/lib/python3.8/site-packages/airflow/example_dags/example_python_operator.py
[2024-04-25T12:47:16.424+0000] {logging_mixin.py:154} INFO - [2024-04-25T12:47:16.423+0000] {dag.py:2941} INFO - Sync 1 DAGs
[2024-04-25T12:47:16.449+0000] {logging_mixin.py:154} INFO - [2024-04-25T12:47:16.449+0000] {dag.py:3722} INFO - Setting next_dagrun for example_python_operator to None, run_after=None
[2024-04-25T12:47:16.480+0000] {processor.py:179} INFO - Processing /home/airflow/.local/lib/python3.8/site-packages/airflow/example_dags/example_python_operator.py took 0.195 seconds
[2024-04-25T12:47:46.606+0000] {processor.py:157} INFO - Started process (PID=4915) to work on /home/airflow/.local/lib/python3.8/site-packages/airflow/example_dags/example_python_operator.py
[2024-04-25T12:47:46.609+0000] {processor.py:829} INFO - Processing file /home/airflow/.local/lib/python3.8/site-packages/airflow/example_dags/example_python_operator.py for tasks to queue
[2024-04-25T12:47:46.610+0000] {logging_mixin.py:154} INFO - [2024-04-25T12:47:46.610+0000] {dagbag.py:536} INFO - Filling up the DagBag from /home/airflow/.local/lib/python3.8/site-packages/airflow/example_dags/example_python_operator.py
[2024-04-25T12:47:46.626+0000] {processor.py:839} INFO - DAG(s) dict_keys(['example_python_operator']) retrieved from /home/airflow/.local/lib/python3.8/site-packages/airflow/example_dags/example_python_operator.py
[2024-04-25T12:47:46.664+0000] {logging_mixin.py:154} INFO - [2024-04-25T12:47:46.663+0000] {dag.py:2941} INFO - Sync 1 DAGs
[2024-04-25T12:47:46.690+0000] {logging_mixin.py:154} INFO - [2024-04-25T12:47:46.689+0000] {dag.py:3722} INFO - Setting next_dagrun for example_python_operator to None, run_after=None
[2024-04-25T12:47:46.717+0000] {processor.py:179} INFO - Processing /home/airflow/.local/lib/python3.8/site-packages/airflow/example_dags/example_python_operator.py took 0.119 seconds
[2024-04-25T12:51:42.734+0000] {processor.py:157} INFO - Started process (PID=273) to work on /home/airflow/.local/lib/python3.8/site-packages/airflow/example_dags/example_python_operator.py
[2024-04-25T12:51:42.736+0000] {processor.py:829} INFO - Processing file /home/airflow/.local/lib/python3.8/site-packages/airflow/example_dags/example_python_operator.py for tasks to queue
[2024-04-25T12:51:42.737+0000] {logging_mixin.py:154} INFO - [2024-04-25T12:51:42.737+0000] {dagbag.py:536} INFO - Filling up the DagBag from /home/airflow/.local/lib/python3.8/site-packages/airflow/example_dags/example_python_operator.py
[2024-04-25T12:51:42.758+0000] {processor.py:839} INFO - DAG(s) dict_keys(['example_python_operator']) retrieved from /home/airflow/.local/lib/python3.8/site-packages/airflow/example_dags/example_python_operator.py
[2024-04-25T12:51:42.777+0000] {logging_mixin.py:154} INFO - [2024-04-25T12:51:42.776+0000] {dag.py:2941} INFO - Sync 1 DAGs
[2024-04-25T12:51:42.797+0000] {logging_mixin.py:154} INFO - [2024-04-25T12:51:42.797+0000] {dag.py:3722} INFO - Setting next_dagrun for example_python_operator to None, run_after=None
[2024-04-25T12:51:42.827+0000] {processor.py:179} INFO - Processing /home/airflow/.local/lib/python3.8/site-packages/airflow/example_dags/example_python_operator.py took 0.099 seconds
[2024-04-25T12:52:13.663+0000] {processor.py:157} INFO - Started process (PID=518) to work on /home/airflow/.local/lib/python3.8/site-packages/airflow/example_dags/example_python_operator.py
[2024-04-25T12:52:13.665+0000] {processor.py:829} INFO - Processing file /home/airflow/.local/lib/python3.8/site-packages/airflow/example_dags/example_python_operator.py for tasks to queue
[2024-04-25T12:52:13.666+0000] {logging_mixin.py:154} INFO - [2024-04-25T12:52:13.665+0000] {dagbag.py:536} INFO - Filling up the DagBag from /home/airflow/.local/lib/python3.8/site-packages/airflow/example_dags/example_python_operator.py
[2024-04-25T12:52:13.690+0000] {processor.py:839} INFO - DAG(s) dict_keys(['example_python_operator']) retrieved from /home/airflow/.local/lib/python3.8/site-packages/airflow/example_dags/example_python_operator.py
[2024-04-25T12:52:13.869+0000] {logging_mixin.py:154} INFO - [2024-04-25T12:52:13.868+0000] {dag.py:2941} INFO - Sync 1 DAGs
[2024-04-25T12:52:13.893+0000] {logging_mixin.py:154} INFO - [2024-04-25T12:52:13.892+0000] {dag.py:3722} INFO - Setting next_dagrun for example_python_operator to None, run_after=None
[2024-04-25T12:52:13.927+0000] {processor.py:179} INFO - Processing /home/airflow/.local/lib/python3.8/site-packages/airflow/example_dags/example_python_operator.py took 0.272 seconds
[2024-04-25T12:52:44.655+0000] {processor.py:157} INFO - Started process (PID=766) to work on /home/airflow/.local/lib/python3.8/site-packages/airflow/example_dags/example_python_operator.py
[2024-04-25T12:52:44.661+0000] {processor.py:829} INFO - Processing file /home/airflow/.local/lib/python3.8/site-packages/airflow/example_dags/example_python_operator.py for tasks to queue
[2024-04-25T12:52:44.662+0000] {logging_mixin.py:154} INFO - [2024-04-25T12:52:44.662+0000] {dagbag.py:536} INFO - Filling up the DagBag from /home/airflow/.local/lib/python3.8/site-packages/airflow/example_dags/example_python_operator.py
[2024-04-25T12:52:44.685+0000] {processor.py:839} INFO - DAG(s) dict_keys(['example_python_operator']) retrieved from /home/airflow/.local/lib/python3.8/site-packages/airflow/example_dags/example_python_operator.py
[2024-04-25T12:52:44.736+0000] {logging_mixin.py:154} INFO - [2024-04-25T12:52:44.736+0000] {dag.py:2941} INFO - Sync 1 DAGs
[2024-04-25T12:52:44.762+0000] {logging_mixin.py:154} INFO - [2024-04-25T12:52:44.762+0000] {dag.py:3722} INFO - Setting next_dagrun for example_python_operator to None, run_after=None
[2024-04-25T12:52:44.798+0000] {processor.py:179} INFO - Processing /home/airflow/.local/lib/python3.8/site-packages/airflow/example_dags/example_python_operator.py took 0.151 seconds
[2024-04-25T12:53:15.235+0000] {processor.py:157} INFO - Started process (PID=1013) to work on /home/airflow/.local/lib/python3.8/site-packages/airflow/example_dags/example_python_operator.py
[2024-04-25T12:53:15.237+0000] {processor.py:829} INFO - Processing file /home/airflow/.local/lib/python3.8/site-packages/airflow/example_dags/example_python_operator.py for tasks to queue
[2024-04-25T12:53:15.239+0000] {logging_mixin.py:154} INFO - [2024-04-25T12:53:15.238+0000] {dagbag.py:536} INFO - Filling up the DagBag from /home/airflow/.local/lib/python3.8/site-packages/airflow/example_dags/example_python_operator.py
[2024-04-25T12:53:15.264+0000] {processor.py:839} INFO - DAG(s) dict_keys(['example_python_operator']) retrieved from /home/airflow/.local/lib/python3.8/site-packages/airflow/example_dags/example_python_operator.py
[2024-04-25T12:53:15.314+0000] {logging_mixin.py:154} INFO - [2024-04-25T12:53:15.313+0000] {dag.py:2941} INFO - Sync 1 DAGs
[2024-04-25T12:53:15.342+0000] {logging_mixin.py:154} INFO - [2024-04-25T12:53:15.342+0000] {dag.py:3722} INFO - Setting next_dagrun for example_python_operator to None, run_after=None
[2024-04-25T12:53:15.384+0000] {processor.py:179} INFO - Processing /home/airflow/.local/lib/python3.8/site-packages/airflow/example_dags/example_python_operator.py took 0.157 seconds
[2024-04-25T12:53:45.465+0000] {processor.py:157} INFO - Started process (PID=1256) to work on /home/airflow/.local/lib/python3.8/site-packages/airflow/example_dags/example_python_operator.py
[2024-04-25T12:53:45.468+0000] {processor.py:829} INFO - Processing file /home/airflow/.local/lib/python3.8/site-packages/airflow/example_dags/example_python_operator.py for tasks to queue
[2024-04-25T12:53:45.469+0000] {logging_mixin.py:154} INFO - [2024-04-25T12:53:45.469+0000] {dagbag.py:536} INFO - Filling up the DagBag from /home/airflow/.local/lib/python3.8/site-packages/airflow/example_dags/example_python_operator.py
[2024-04-25T12:53:45.491+0000] {processor.py:839} INFO - DAG(s) dict_keys(['example_python_operator']) retrieved from /home/airflow/.local/lib/python3.8/site-packages/airflow/example_dags/example_python_operator.py
[2024-04-25T12:53:45.535+0000] {logging_mixin.py:154} INFO - [2024-04-25T12:53:45.534+0000] {dag.py:2941} INFO - Sync 1 DAGs
[2024-04-25T12:53:45.554+0000] {logging_mixin.py:154} INFO - [2024-04-25T12:53:45.554+0000] {dag.py:3722} INFO - Setting next_dagrun for example_python_operator to None, run_after=None
[2024-04-25T12:53:45.582+0000] {processor.py:179} INFO - Processing /home/airflow/.local/lib/python3.8/site-packages/airflow/example_dags/example_python_operator.py took 0.124 seconds
[2024-04-25T12:54:16.045+0000] {processor.py:157} INFO - Started process (PID=1499) to work on /home/airflow/.local/lib/python3.8/site-packages/airflow/example_dags/example_python_operator.py
[2024-04-25T12:54:16.048+0000] {processor.py:829} INFO - Processing file /home/airflow/.local/lib/python3.8/site-packages/airflow/example_dags/example_python_operator.py for tasks to queue
[2024-04-25T12:54:16.049+0000] {logging_mixin.py:154} INFO - [2024-04-25T12:54:16.049+0000] {dagbag.py:536} INFO - Filling up the DagBag from /home/airflow/.local/lib/python3.8/site-packages/airflow/example_dags/example_python_operator.py
[2024-04-25T12:54:16.067+0000] {processor.py:839} INFO - DAG(s) dict_keys(['example_python_operator']) retrieved from /home/airflow/.local/lib/python3.8/site-packages/airflow/example_dags/example_python_operator.py
[2024-04-25T12:54:16.107+0000] {logging_mixin.py:154} INFO - [2024-04-25T12:54:16.107+0000] {dag.py:2941} INFO - Sync 1 DAGs
[2024-04-25T12:54:16.138+0000] {logging_mixin.py:154} INFO - [2024-04-25T12:54:16.137+0000] {dag.py:3722} INFO - Setting next_dagrun for example_python_operator to None, run_after=None
[2024-04-25T12:54:16.171+0000] {processor.py:179} INFO - Processing /home/airflow/.local/lib/python3.8/site-packages/airflow/example_dags/example_python_operator.py took 0.133 seconds
[2024-04-25T12:54:47.329+0000] {processor.py:157} INFO - Started process (PID=1744) to work on /home/airflow/.local/lib/python3.8/site-packages/airflow/example_dags/example_python_operator.py
[2024-04-25T12:54:47.331+0000] {processor.py:829} INFO - Processing file /home/airflow/.local/lib/python3.8/site-packages/airflow/example_dags/example_python_operator.py for tasks to queue
[2024-04-25T12:54:47.333+0000] {logging_mixin.py:154} INFO - [2024-04-25T12:54:47.333+0000] {dagbag.py:536} INFO - Filling up the DagBag from /home/airflow/.local/lib/python3.8/site-packages/airflow/example_dags/example_python_operator.py
[2024-04-25T12:54:47.358+0000] {processor.py:839} INFO - DAG(s) dict_keys(['example_python_operator']) retrieved from /home/airflow/.local/lib/python3.8/site-packages/airflow/example_dags/example_python_operator.py
[2024-04-25T12:54:47.401+0000] {logging_mixin.py:154} INFO - [2024-04-25T12:54:47.401+0000] {dag.py:2941} INFO - Sync 1 DAGs
[2024-04-25T12:54:47.420+0000] {logging_mixin.py:154} INFO - [2024-04-25T12:54:47.420+0000] {dag.py:3722} INFO - Setting next_dagrun for example_python_operator to None, run_after=None
[2024-04-25T12:54:47.446+0000] {processor.py:179} INFO - Processing /home/airflow/.local/lib/python3.8/site-packages/airflow/example_dags/example_python_operator.py took 0.126 seconds
[2024-04-25T12:55:17.595+0000] {processor.py:157} INFO - Started process (PID=1985) to work on /home/airflow/.local/lib/python3.8/site-packages/airflow/example_dags/example_python_operator.py
[2024-04-25T12:55:17.597+0000] {processor.py:829} INFO - Processing file /home/airflow/.local/lib/python3.8/site-packages/airflow/example_dags/example_python_operator.py for tasks to queue
[2024-04-25T12:55:17.598+0000] {logging_mixin.py:154} INFO - [2024-04-25T12:55:17.598+0000] {dagbag.py:536} INFO - Filling up the DagBag from /home/airflow/.local/lib/python3.8/site-packages/airflow/example_dags/example_python_operator.py
[2024-04-25T12:55:17.615+0000] {processor.py:839} INFO - DAG(s) dict_keys(['example_python_operator']) retrieved from /home/airflow/.local/lib/python3.8/site-packages/airflow/example_dags/example_python_operator.py
[2024-04-25T12:55:17.659+0000] {logging_mixin.py:154} INFO - [2024-04-25T12:55:17.658+0000] {dag.py:2941} INFO - Sync 1 DAGs
[2024-04-25T12:55:17.677+0000] {logging_mixin.py:154} INFO - [2024-04-25T12:55:17.677+0000] {dag.py:3722} INFO - Setting next_dagrun for example_python_operator to None, run_after=None
[2024-04-25T12:55:17.713+0000] {processor.py:179} INFO - Processing /home/airflow/.local/lib/python3.8/site-packages/airflow/example_dags/example_python_operator.py took 0.124 seconds
[2024-04-25T13:10:32.756+0000] {processor.py:157} INFO - Started process (PID=273) to work on /home/airflow/.local/lib/python3.8/site-packages/airflow/example_dags/example_python_operator.py
[2024-04-25T13:10:32.759+0000] {processor.py:829} INFO - Processing file /home/airflow/.local/lib/python3.8/site-packages/airflow/example_dags/example_python_operator.py for tasks to queue
[2024-04-25T13:10:32.760+0000] {logging_mixin.py:154} INFO - [2024-04-25T13:10:32.759+0000] {dagbag.py:536} INFO - Filling up the DagBag from /home/airflow/.local/lib/python3.8/site-packages/airflow/example_dags/example_python_operator.py
[2024-04-25T13:10:32.783+0000] {processor.py:839} INFO - DAG(s) dict_keys(['example_python_operator']) retrieved from /home/airflow/.local/lib/python3.8/site-packages/airflow/example_dags/example_python_operator.py
[2024-04-25T13:10:32.807+0000] {logging_mixin.py:154} INFO - [2024-04-25T13:10:32.807+0000] {dag.py:2941} INFO - Sync 1 DAGs
[2024-04-25T13:10:32.843+0000] {logging_mixin.py:154} INFO - [2024-04-25T13:10:32.842+0000] {dag.py:3722} INFO - Setting next_dagrun for example_python_operator to None, run_after=None
[2024-04-25T13:10:32.875+0000] {processor.py:179} INFO - Processing /home/airflow/.local/lib/python3.8/site-packages/airflow/example_dags/example_python_operator.py took 0.126 seconds
[2024-04-25T13:11:04.344+0000] {processor.py:157} INFO - Started process (PID=518) to work on /home/airflow/.local/lib/python3.8/site-packages/airflow/example_dags/example_python_operator.py
[2024-04-25T13:11:04.346+0000] {processor.py:829} INFO - Processing file /home/airflow/.local/lib/python3.8/site-packages/airflow/example_dags/example_python_operator.py for tasks to queue
[2024-04-25T13:11:04.347+0000] {logging_mixin.py:154} INFO - [2024-04-25T13:11:04.347+0000] {dagbag.py:536} INFO - Filling up the DagBag from /home/airflow/.local/lib/python3.8/site-packages/airflow/example_dags/example_python_operator.py
[2024-04-25T13:11:04.372+0000] {processor.py:839} INFO - DAG(s) dict_keys(['example_python_operator']) retrieved from /home/airflow/.local/lib/python3.8/site-packages/airflow/example_dags/example_python_operator.py
[2024-04-25T13:11:04.586+0000] {logging_mixin.py:154} INFO - [2024-04-25T13:11:04.586+0000] {dag.py:2941} INFO - Sync 1 DAGs
[2024-04-25T13:11:04.605+0000] {logging_mixin.py:154} INFO - [2024-04-25T13:11:04.604+0000] {dag.py:3722} INFO - Setting next_dagrun for example_python_operator to None, run_after=None
[2024-04-25T13:11:04.633+0000] {processor.py:179} INFO - Processing /home/airflow/.local/lib/python3.8/site-packages/airflow/example_dags/example_python_operator.py took 0.295 seconds
[2024-04-25T13:11:34.765+0000] {processor.py:157} INFO - Started process (PID=766) to work on /home/airflow/.local/lib/python3.8/site-packages/airflow/example_dags/example_python_operator.py
[2024-04-25T13:11:34.766+0000] {processor.py:829} INFO - Processing file /home/airflow/.local/lib/python3.8/site-packages/airflow/example_dags/example_python_operator.py for tasks to queue
[2024-04-25T13:11:34.767+0000] {logging_mixin.py:154} INFO - [2024-04-25T13:11:34.767+0000] {dagbag.py:536} INFO - Filling up the DagBag from /home/airflow/.local/lib/python3.8/site-packages/airflow/example_dags/example_python_operator.py
[2024-04-25T13:11:34.782+0000] {processor.py:839} INFO - DAG(s) dict_keys(['example_python_operator']) retrieved from /home/airflow/.local/lib/python3.8/site-packages/airflow/example_dags/example_python_operator.py
[2024-04-25T13:11:34.823+0000] {logging_mixin.py:154} INFO - [2024-04-25T13:11:34.823+0000] {dag.py:2941} INFO - Sync 1 DAGs
[2024-04-25T13:11:34.842+0000] {logging_mixin.py:154} INFO - [2024-04-25T13:11:34.841+0000] {dag.py:3722} INFO - Setting next_dagrun for example_python_operator to None, run_after=None
[2024-04-25T13:11:34.871+0000] {processor.py:179} INFO - Processing /home/airflow/.local/lib/python3.8/site-packages/airflow/example_dags/example_python_operator.py took 0.112 seconds
[2024-04-25T13:12:05.253+0000] {processor.py:157} INFO - Started process (PID=1006) to work on /home/airflow/.local/lib/python3.8/site-packages/airflow/example_dags/example_python_operator.py
[2024-04-25T13:12:05.255+0000] {processor.py:829} INFO - Processing file /home/airflow/.local/lib/python3.8/site-packages/airflow/example_dags/example_python_operator.py for tasks to queue
[2024-04-25T13:12:05.257+0000] {logging_mixin.py:154} INFO - [2024-04-25T13:12:05.256+0000] {dagbag.py:536} INFO - Filling up the DagBag from /home/airflow/.local/lib/python3.8/site-packages/airflow/example_dags/example_python_operator.py
[2024-04-25T13:12:05.283+0000] {processor.py:839} INFO - DAG(s) dict_keys(['example_python_operator']) retrieved from /home/airflow/.local/lib/python3.8/site-packages/airflow/example_dags/example_python_operator.py
[2024-04-25T13:12:05.353+0000] {logging_mixin.py:154} INFO - [2024-04-25T13:12:05.352+0000] {dag.py:2941} INFO - Sync 1 DAGs
[2024-04-25T13:12:05.385+0000] {logging_mixin.py:154} INFO - [2024-04-25T13:12:05.385+0000] {dag.py:3722} INFO - Setting next_dagrun for example_python_operator to None, run_after=None
[2024-04-25T13:12:05.425+0000] {processor.py:179} INFO - Processing /home/airflow/.local/lib/python3.8/site-packages/airflow/example_dags/example_python_operator.py took 0.179 seconds
[2024-04-25T13:12:36.031+0000] {processor.py:157} INFO - Started process (PID=1255) to work on /home/airflow/.local/lib/python3.8/site-packages/airflow/example_dags/example_python_operator.py
[2024-04-25T13:12:36.034+0000] {processor.py:829} INFO - Processing file /home/airflow/.local/lib/python3.8/site-packages/airflow/example_dags/example_python_operator.py for tasks to queue
[2024-04-25T13:12:36.036+0000] {logging_mixin.py:154} INFO - [2024-04-25T13:12:36.035+0000] {dagbag.py:536} INFO - Filling up the DagBag from /home/airflow/.local/lib/python3.8/site-packages/airflow/example_dags/example_python_operator.py
[2024-04-25T13:12:36.079+0000] {processor.py:839} INFO - DAG(s) dict_keys(['example_python_operator']) retrieved from /home/airflow/.local/lib/python3.8/site-packages/airflow/example_dags/example_python_operator.py
[2024-04-25T13:12:36.134+0000] {logging_mixin.py:154} INFO - [2024-04-25T13:12:36.133+0000] {dag.py:2941} INFO - Sync 1 DAGs
[2024-04-25T13:12:36.162+0000] {logging_mixin.py:154} INFO - [2024-04-25T13:12:36.162+0000] {dag.py:3722} INFO - Setting next_dagrun for example_python_operator to None, run_after=None
[2024-04-25T13:12:36.198+0000] {processor.py:179} INFO - Processing /home/airflow/.local/lib/python3.8/site-packages/airflow/example_dags/example_python_operator.py took 0.175 seconds
[2024-04-25T13:13:06.296+0000] {processor.py:157} INFO - Started process (PID=1498) to work on /home/airflow/.local/lib/python3.8/site-packages/airflow/example_dags/example_python_operator.py
[2024-04-25T13:13:06.299+0000] {processor.py:829} INFO - Processing file /home/airflow/.local/lib/python3.8/site-packages/airflow/example_dags/example_python_operator.py for tasks to queue
[2024-04-25T13:13:06.300+0000] {logging_mixin.py:154} INFO - [2024-04-25T13:13:06.300+0000] {dagbag.py:536} INFO - Filling up the DagBag from /home/airflow/.local/lib/python3.8/site-packages/airflow/example_dags/example_python_operator.py
[2024-04-25T13:13:06.319+0000] {processor.py:839} INFO - DAG(s) dict_keys(['example_python_operator']) retrieved from /home/airflow/.local/lib/python3.8/site-packages/airflow/example_dags/example_python_operator.py
[2024-04-25T13:13:06.358+0000] {logging_mixin.py:154} INFO - [2024-04-25T13:13:06.358+0000] {dag.py:2941} INFO - Sync 1 DAGs
[2024-04-25T13:13:06.378+0000] {logging_mixin.py:154} INFO - [2024-04-25T13:13:06.377+0000] {dag.py:3722} INFO - Setting next_dagrun for example_python_operator to None, run_after=None
[2024-04-25T13:13:06.403+0000] {processor.py:179} INFO - Processing /home/airflow/.local/lib/python3.8/site-packages/airflow/example_dags/example_python_operator.py took 0.113 seconds
[2024-04-25T13:13:36.887+0000] {processor.py:157} INFO - Started process (PID=1744) to work on /home/airflow/.local/lib/python3.8/site-packages/airflow/example_dags/example_python_operator.py
[2024-04-25T13:13:36.890+0000] {processor.py:829} INFO - Processing file /home/airflow/.local/lib/python3.8/site-packages/airflow/example_dags/example_python_operator.py for tasks to queue
[2024-04-25T13:13:36.892+0000] {logging_mixin.py:154} INFO - [2024-04-25T13:13:36.891+0000] {dagbag.py:536} INFO - Filling up the DagBag from /home/airflow/.local/lib/python3.8/site-packages/airflow/example_dags/example_python_operator.py
[2024-04-25T13:13:36.906+0000] {processor.py:839} INFO - DAG(s) dict_keys(['example_python_operator']) retrieved from /home/airflow/.local/lib/python3.8/site-packages/airflow/example_dags/example_python_operator.py
[2024-04-25T13:13:36.952+0000] {logging_mixin.py:154} INFO - [2024-04-25T13:13:36.952+0000] {dag.py:2941} INFO - Sync 1 DAGs
[2024-04-25T13:13:36.974+0000] {logging_mixin.py:154} INFO - [2024-04-25T13:13:36.973+0000] {dag.py:3722} INFO - Setting next_dagrun for example_python_operator to None, run_after=None
[2024-04-25T13:13:37.005+0000] {processor.py:179} INFO - Processing /home/airflow/.local/lib/python3.8/site-packages/airflow/example_dags/example_python_operator.py took 0.124 seconds
[2024-04-25T13:14:07.155+0000] {processor.py:157} INFO - Started process (PID=1986) to work on /home/airflow/.local/lib/python3.8/site-packages/airflow/example_dags/example_python_operator.py
[2024-04-25T13:14:07.158+0000] {processor.py:829} INFO - Processing file /home/airflow/.local/lib/python3.8/site-packages/airflow/example_dags/example_python_operator.py for tasks to queue
[2024-04-25T13:14:07.159+0000] {logging_mixin.py:154} INFO - [2024-04-25T13:14:07.158+0000] {dagbag.py:536} INFO - Filling up the DagBag from /home/airflow/.local/lib/python3.8/site-packages/airflow/example_dags/example_python_operator.py
[2024-04-25T13:14:07.174+0000] {processor.py:839} INFO - DAG(s) dict_keys(['example_python_operator']) retrieved from /home/airflow/.local/lib/python3.8/site-packages/airflow/example_dags/example_python_operator.py
[2024-04-25T13:14:07.212+0000] {logging_mixin.py:154} INFO - [2024-04-25T13:14:07.212+0000] {dag.py:2941} INFO - Sync 1 DAGs
[2024-04-25T13:14:07.233+0000] {logging_mixin.py:154} INFO - [2024-04-25T13:14:07.233+0000] {dag.py:3722} INFO - Setting next_dagrun for example_python_operator to None, run_after=None
[2024-04-25T13:14:07.263+0000] {processor.py:179} INFO - Processing /home/airflow/.local/lib/python3.8/site-packages/airflow/example_dags/example_python_operator.py took 0.114 seconds
[2024-04-25T13:14:37.812+0000] {processor.py:157} INFO - Started process (PID=2229) to work on /home/airflow/.local/lib/python3.8/site-packages/airflow/example_dags/example_python_operator.py
[2024-04-25T13:14:37.813+0000] {processor.py:829} INFO - Processing file /home/airflow/.local/lib/python3.8/site-packages/airflow/example_dags/example_python_operator.py for tasks to queue
[2024-04-25T13:14:37.815+0000] {logging_mixin.py:154} INFO - [2024-04-25T13:14:37.814+0000] {dagbag.py:536} INFO - Filling up the DagBag from /home/airflow/.local/lib/python3.8/site-packages/airflow/example_dags/example_python_operator.py
[2024-04-25T13:14:37.837+0000] {processor.py:839} INFO - DAG(s) dict_keys(['example_python_operator']) retrieved from /home/airflow/.local/lib/python3.8/site-packages/airflow/example_dags/example_python_operator.py
[2024-04-25T13:14:37.884+0000] {logging_mixin.py:154} INFO - [2024-04-25T13:14:37.884+0000] {dag.py:2941} INFO - Sync 1 DAGs
[2024-04-25T13:14:37.910+0000] {logging_mixin.py:154} INFO - [2024-04-25T13:14:37.909+0000] {dag.py:3722} INFO - Setting next_dagrun for example_python_operator to None, run_after=None
[2024-04-25T13:14:37.944+0000] {processor.py:179} INFO - Processing /home/airflow/.local/lib/python3.8/site-packages/airflow/example_dags/example_python_operator.py took 0.139 seconds
[2024-04-25T13:15:08.171+0000] {processor.py:157} INFO - Started process (PID=2472) to work on /home/airflow/.local/lib/python3.8/site-packages/airflow/example_dags/example_python_operator.py
[2024-04-25T13:15:08.173+0000] {processor.py:829} INFO - Processing file /home/airflow/.local/lib/python3.8/site-packages/airflow/example_dags/example_python_operator.py for tasks to queue
[2024-04-25T13:15:08.174+0000] {logging_mixin.py:154} INFO - [2024-04-25T13:15:08.174+0000] {dagbag.py:536} INFO - Filling up the DagBag from /home/airflow/.local/lib/python3.8/site-packages/airflow/example_dags/example_python_operator.py
[2024-04-25T13:15:08.189+0000] {processor.py:839} INFO - DAG(s) dict_keys(['example_python_operator']) retrieved from /home/airflow/.local/lib/python3.8/site-packages/airflow/example_dags/example_python_operator.py
[2024-04-25T13:15:08.224+0000] {logging_mixin.py:154} INFO - [2024-04-25T13:15:08.224+0000] {dag.py:2941} INFO - Sync 1 DAGs
[2024-04-25T13:15:08.241+0000] {logging_mixin.py:154} INFO - [2024-04-25T13:15:08.240+0000] {dag.py:3722} INFO - Setting next_dagrun for example_python_operator to None, run_after=None
[2024-04-25T13:15:08.266+0000] {processor.py:179} INFO - Processing /home/airflow/.local/lib/python3.8/site-packages/airflow/example_dags/example_python_operator.py took 0.100 seconds
[2024-04-25T13:15:39.489+0000] {processor.py:157} INFO - Started process (PID=2715) to work on /home/airflow/.local/lib/python3.8/site-packages/airflow/example_dags/example_python_operator.py
[2024-04-25T13:15:39.491+0000] {processor.py:829} INFO - Processing file /home/airflow/.local/lib/python3.8/site-packages/airflow/example_dags/example_python_operator.py for tasks to queue
[2024-04-25T13:15:39.493+0000] {logging_mixin.py:154} INFO - [2024-04-25T13:15:39.492+0000] {dagbag.py:536} INFO - Filling up the DagBag from /home/airflow/.local/lib/python3.8/site-packages/airflow/example_dags/example_python_operator.py
[2024-04-25T13:15:39.514+0000] {processor.py:839} INFO - DAG(s) dict_keys(['example_python_operator']) retrieved from /home/airflow/.local/lib/python3.8/site-packages/airflow/example_dags/example_python_operator.py
[2024-04-25T13:15:39.561+0000] {logging_mixin.py:154} INFO - [2024-04-25T13:15:39.561+0000] {dag.py:2941} INFO - Sync 1 DAGs
[2024-04-25T13:15:39.585+0000] {logging_mixin.py:154} INFO - [2024-04-25T13:15:39.584+0000] {dag.py:3722} INFO - Setting next_dagrun for example_python_operator to None, run_after=None
[2024-04-25T13:15:39.614+0000] {processor.py:179} INFO - Processing /home/airflow/.local/lib/python3.8/site-packages/airflow/example_dags/example_python_operator.py took 0.132 seconds
[2024-04-25T13:16:10.537+0000] {processor.py:157} INFO - Started process (PID=2958) to work on /home/airflow/.local/lib/python3.8/site-packages/airflow/example_dags/example_python_operator.py
[2024-04-25T13:16:10.539+0000] {processor.py:829} INFO - Processing file /home/airflow/.local/lib/python3.8/site-packages/airflow/example_dags/example_python_operator.py for tasks to queue
[2024-04-25T13:16:10.541+0000] {logging_mixin.py:154} INFO - [2024-04-25T13:16:10.540+0000] {dagbag.py:536} INFO - Filling up the DagBag from /home/airflow/.local/lib/python3.8/site-packages/airflow/example_dags/example_python_operator.py
[2024-04-25T13:16:10.563+0000] {processor.py:839} INFO - DAG(s) dict_keys(['example_python_operator']) retrieved from /home/airflow/.local/lib/python3.8/site-packages/airflow/example_dags/example_python_operator.py
[2024-04-25T13:16:10.602+0000] {logging_mixin.py:154} INFO - [2024-04-25T13:16:10.602+0000] {dag.py:2941} INFO - Sync 1 DAGs
[2024-04-25T13:16:10.621+0000] {logging_mixin.py:154} INFO - [2024-04-25T13:16:10.620+0000] {dag.py:3722} INFO - Setting next_dagrun for example_python_operator to None, run_after=None
[2024-04-25T13:16:10.647+0000] {processor.py:179} INFO - Processing /home/airflow/.local/lib/python3.8/site-packages/airflow/example_dags/example_python_operator.py took 0.118 seconds
[2024-04-25T13:16:41.629+0000] {processor.py:157} INFO - Started process (PID=3204) to work on /home/airflow/.local/lib/python3.8/site-packages/airflow/example_dags/example_python_operator.py
[2024-04-25T13:16:41.630+0000] {processor.py:829} INFO - Processing file /home/airflow/.local/lib/python3.8/site-packages/airflow/example_dags/example_python_operator.py for tasks to queue
[2024-04-25T13:16:41.632+0000] {logging_mixin.py:154} INFO - [2024-04-25T13:16:41.631+0000] {dagbag.py:536} INFO - Filling up the DagBag from /home/airflow/.local/lib/python3.8/site-packages/airflow/example_dags/example_python_operator.py
[2024-04-25T13:16:41.649+0000] {processor.py:839} INFO - DAG(s) dict_keys(['example_python_operator']) retrieved from /home/airflow/.local/lib/python3.8/site-packages/airflow/example_dags/example_python_operator.py
[2024-04-25T13:16:41.689+0000] {logging_mixin.py:154} INFO - [2024-04-25T13:16:41.689+0000] {dag.py:2941} INFO - Sync 1 DAGs
[2024-04-25T13:16:41.714+0000] {logging_mixin.py:154} INFO - [2024-04-25T13:16:41.713+0000] {dag.py:3722} INFO - Setting next_dagrun for example_python_operator to None, run_after=None
[2024-04-25T13:16:41.747+0000] {processor.py:179} INFO - Processing /home/airflow/.local/lib/python3.8/site-packages/airflow/example_dags/example_python_operator.py took 0.124 seconds
[2024-04-25T13:17:12.591+0000] {processor.py:157} INFO - Started process (PID=3445) to work on /home/airflow/.local/lib/python3.8/site-packages/airflow/example_dags/example_python_operator.py
[2024-04-25T13:17:12.594+0000] {processor.py:829} INFO - Processing file /home/airflow/.local/lib/python3.8/site-packages/airflow/example_dags/example_python_operator.py for tasks to queue
[2024-04-25T13:17:12.595+0000] {logging_mixin.py:154} INFO - [2024-04-25T13:17:12.595+0000] {dagbag.py:536} INFO - Filling up the DagBag from /home/airflow/.local/lib/python3.8/site-packages/airflow/example_dags/example_python_operator.py
[2024-04-25T13:17:12.617+0000] {processor.py:839} INFO - DAG(s) dict_keys(['example_python_operator']) retrieved from /home/airflow/.local/lib/python3.8/site-packages/airflow/example_dags/example_python_operator.py
[2024-04-25T13:17:12.656+0000] {logging_mixin.py:154} INFO - [2024-04-25T13:17:12.655+0000] {dag.py:2941} INFO - Sync 1 DAGs
[2024-04-25T13:17:12.674+0000] {logging_mixin.py:154} INFO - [2024-04-25T13:17:12.674+0000] {dag.py:3722} INFO - Setting next_dagrun for example_python_operator to None, run_after=None
[2024-04-25T13:17:12.703+0000] {processor.py:179} INFO - Processing /home/airflow/.local/lib/python3.8/site-packages/airflow/example_dags/example_python_operator.py took 0.119 seconds
[2024-04-25T13:17:42.897+0000] {processor.py:157} INFO - Started process (PID=3685) to work on /home/airflow/.local/lib/python3.8/site-packages/airflow/example_dags/example_python_operator.py
[2024-04-25T13:17:42.899+0000] {processor.py:829} INFO - Processing file /home/airflow/.local/lib/python3.8/site-packages/airflow/example_dags/example_python_operator.py for tasks to queue
[2024-04-25T13:17:42.900+0000] {logging_mixin.py:154} INFO - [2024-04-25T13:17:42.899+0000] {dagbag.py:536} INFO - Filling up the DagBag from /home/airflow/.local/lib/python3.8/site-packages/airflow/example_dags/example_python_operator.py
[2024-04-25T13:17:42.915+0000] {processor.py:839} INFO - DAG(s) dict_keys(['example_python_operator']) retrieved from /home/airflow/.local/lib/python3.8/site-packages/airflow/example_dags/example_python_operator.py
[2024-04-25T13:17:42.951+0000] {logging_mixin.py:154} INFO - [2024-04-25T13:17:42.950+0000] {dag.py:2941} INFO - Sync 1 DAGs
[2024-04-25T13:17:42.970+0000] {logging_mixin.py:154} INFO - [2024-04-25T13:17:42.970+0000] {dag.py:3722} INFO - Setting next_dagrun for example_python_operator to None, run_after=None
[2024-04-25T13:17:42.998+0000] {processor.py:179} INFO - Processing /home/airflow/.local/lib/python3.8/site-packages/airflow/example_dags/example_python_operator.py took 0.106 seconds
[2024-04-25T13:18:14.121+0000] {processor.py:157} INFO - Started process (PID=3932) to work on /home/airflow/.local/lib/python3.8/site-packages/airflow/example_dags/example_python_operator.py
[2024-04-25T13:18:14.124+0000] {processor.py:829} INFO - Processing file /home/airflow/.local/lib/python3.8/site-packages/airflow/example_dags/example_python_operator.py for tasks to queue
[2024-04-25T13:18:14.125+0000] {logging_mixin.py:154} INFO - [2024-04-25T13:18:14.125+0000] {dagbag.py:536} INFO - Filling up the DagBag from /home/airflow/.local/lib/python3.8/site-packages/airflow/example_dags/example_python_operator.py
[2024-04-25T13:18:14.147+0000] {processor.py:839} INFO - DAG(s) dict_keys(['example_python_operator']) retrieved from /home/airflow/.local/lib/python3.8/site-packages/airflow/example_dags/example_python_operator.py
[2024-04-25T13:18:14.185+0000] {logging_mixin.py:154} INFO - [2024-04-25T13:18:14.185+0000] {dag.py:2941} INFO - Sync 1 DAGs
[2024-04-25T13:18:14.203+0000] {logging_mixin.py:154} INFO - [2024-04-25T13:18:14.202+0000] {dag.py:3722} INFO - Setting next_dagrun for example_python_operator to None, run_after=None
[2024-04-25T13:18:14.237+0000] {processor.py:179} INFO - Processing /home/airflow/.local/lib/python3.8/site-packages/airflow/example_dags/example_python_operator.py took 0.122 seconds
[2024-04-25T13:18:45.155+0000] {processor.py:157} INFO - Started process (PID=4176) to work on /home/airflow/.local/lib/python3.8/site-packages/airflow/example_dags/example_python_operator.py
[2024-04-25T13:18:45.158+0000] {processor.py:829} INFO - Processing file /home/airflow/.local/lib/python3.8/site-packages/airflow/example_dags/example_python_operator.py for tasks to queue
[2024-04-25T13:18:45.159+0000] {logging_mixin.py:154} INFO - [2024-04-25T13:18:45.158+0000] {dagbag.py:536} INFO - Filling up the DagBag from /home/airflow/.local/lib/python3.8/site-packages/airflow/example_dags/example_python_operator.py
[2024-04-25T13:18:45.173+0000] {processor.py:839} INFO - DAG(s) dict_keys(['example_python_operator']) retrieved from /home/airflow/.local/lib/python3.8/site-packages/airflow/example_dags/example_python_operator.py
[2024-04-25T13:18:45.211+0000] {logging_mixin.py:154} INFO - [2024-04-25T13:18:45.210+0000] {dag.py:2941} INFO - Sync 1 DAGs
[2024-04-25T13:18:45.229+0000] {logging_mixin.py:154} INFO - [2024-04-25T13:18:45.229+0000] {dag.py:3722} INFO - Setting next_dagrun for example_python_operator to None, run_after=None
[2024-04-25T13:18:45.255+0000] {processor.py:179} INFO - Processing /home/airflow/.local/lib/python3.8/site-packages/airflow/example_dags/example_python_operator.py took 0.106 seconds
[2024-04-25T13:27:15.436+0000] {processor.py:157} INFO - Started process (PID=275) to work on /home/airflow/.local/lib/python3.8/site-packages/airflow/example_dags/example_python_operator.py
[2024-04-25T13:27:15.439+0000] {processor.py:829} INFO - Processing file /home/airflow/.local/lib/python3.8/site-packages/airflow/example_dags/example_python_operator.py for tasks to queue
[2024-04-25T13:27:15.440+0000] {logging_mixin.py:154} INFO - [2024-04-25T13:27:15.440+0000] {dagbag.py:536} INFO - Filling up the DagBag from /home/airflow/.local/lib/python3.8/site-packages/airflow/example_dags/example_python_operator.py
[2024-04-25T13:27:15.462+0000] {processor.py:839} INFO - DAG(s) dict_keys(['example_python_operator']) retrieved from /home/airflow/.local/lib/python3.8/site-packages/airflow/example_dags/example_python_operator.py
[2024-04-25T13:27:15.489+0000] {logging_mixin.py:154} INFO - [2024-04-25T13:27:15.489+0000] {dag.py:2941} INFO - Sync 1 DAGs
[2024-04-25T13:27:15.524+0000] {logging_mixin.py:154} INFO - [2024-04-25T13:27:15.523+0000] {dag.py:3722} INFO - Setting next_dagrun for example_python_operator to None, run_after=None
[2024-04-25T13:27:15.568+0000] {processor.py:179} INFO - Processing /home/airflow/.local/lib/python3.8/site-packages/airflow/example_dags/example_python_operator.py took 0.141 seconds
[2024-04-25T13:27:46.011+0000] {processor.py:157} INFO - Started process (PID=516) to work on /home/airflow/.local/lib/python3.8/site-packages/airflow/example_dags/example_python_operator.py
[2024-04-25T13:27:46.012+0000] {processor.py:829} INFO - Processing file /home/airflow/.local/lib/python3.8/site-packages/airflow/example_dags/example_python_operator.py for tasks to queue
[2024-04-25T13:27:46.013+0000] {logging_mixin.py:154} INFO - [2024-04-25T13:27:46.013+0000] {dagbag.py:536} INFO - Filling up the DagBag from /home/airflow/.local/lib/python3.8/site-packages/airflow/example_dags/example_python_operator.py
[2024-04-25T13:27:46.035+0000] {processor.py:839} INFO - DAG(s) dict_keys(['example_python_operator']) retrieved from /home/airflow/.local/lib/python3.8/site-packages/airflow/example_dags/example_python_operator.py
[2024-04-25T13:27:46.223+0000] {logging_mixin.py:154} INFO - [2024-04-25T13:27:46.223+0000] {dag.py:2941} INFO - Sync 1 DAGs
[2024-04-25T13:27:46.245+0000] {logging_mixin.py:154} INFO - [2024-04-25T13:27:46.245+0000] {dag.py:3722} INFO - Setting next_dagrun for example_python_operator to None, run_after=None
[2024-04-25T13:27:46.289+0000] {processor.py:179} INFO - Processing /home/airflow/.local/lib/python3.8/site-packages/airflow/example_dags/example_python_operator.py took 0.284 seconds
[2024-04-25T13:28:16.692+0000] {processor.py:157} INFO - Started process (PID=764) to work on /home/airflow/.local/lib/python3.8/site-packages/airflow/example_dags/example_python_operator.py
[2024-04-25T13:28:16.695+0000] {processor.py:829} INFO - Processing file /home/airflow/.local/lib/python3.8/site-packages/airflow/example_dags/example_python_operator.py for tasks to queue
[2024-04-25T13:28:16.696+0000] {logging_mixin.py:154} INFO - [2024-04-25T13:28:16.696+0000] {dagbag.py:536} INFO - Filling up the DagBag from /home/airflow/.local/lib/python3.8/site-packages/airflow/example_dags/example_python_operator.py
[2024-04-25T13:28:16.717+0000] {processor.py:839} INFO - DAG(s) dict_keys(['example_python_operator']) retrieved from /home/airflow/.local/lib/python3.8/site-packages/airflow/example_dags/example_python_operator.py
[2024-04-25T13:28:16.761+0000] {logging_mixin.py:154} INFO - [2024-04-25T13:28:16.761+0000] {dag.py:2941} INFO - Sync 1 DAGs
[2024-04-25T13:28:16.784+0000] {logging_mixin.py:154} INFO - [2024-04-25T13:28:16.783+0000] {dag.py:3722} INFO - Setting next_dagrun for example_python_operator to None, run_after=None
[2024-04-25T13:28:16.817+0000] {processor.py:179} INFO - Processing /home/airflow/.local/lib/python3.8/site-packages/airflow/example_dags/example_python_operator.py took 0.132 seconds
[2024-04-25T13:28:47.637+0000] {processor.py:157} INFO - Started process (PID=1009) to work on /home/airflow/.local/lib/python3.8/site-packages/airflow/example_dags/example_python_operator.py
[2024-04-25T13:28:47.640+0000] {processor.py:829} INFO - Processing file /home/airflow/.local/lib/python3.8/site-packages/airflow/example_dags/example_python_operator.py for tasks to queue
[2024-04-25T13:28:47.641+0000] {logging_mixin.py:154} INFO - [2024-04-25T13:28:47.641+0000] {dagbag.py:536} INFO - Filling up the DagBag from /home/airflow/.local/lib/python3.8/site-packages/airflow/example_dags/example_python_operator.py
[2024-04-25T13:28:47.659+0000] {processor.py:839} INFO - DAG(s) dict_keys(['example_python_operator']) retrieved from /home/airflow/.local/lib/python3.8/site-packages/airflow/example_dags/example_python_operator.py
[2024-04-25T13:28:47.715+0000] {logging_mixin.py:154} INFO - [2024-04-25T13:28:47.715+0000] {dag.py:2941} INFO - Sync 1 DAGs
[2024-04-25T13:28:47.742+0000] {logging_mixin.py:154} INFO - [2024-04-25T13:28:47.741+0000] {dag.py:3722} INFO - Setting next_dagrun for example_python_operator to None, run_after=None
[2024-04-25T13:28:47.779+0000] {processor.py:179} INFO - Processing /home/airflow/.local/lib/python3.8/site-packages/airflow/example_dags/example_python_operator.py took 0.150 seconds
[2024-04-25T13:29:18.632+0000] {processor.py:157} INFO - Started process (PID=1255) to work on /home/airflow/.local/lib/python3.8/site-packages/airflow/example_dags/example_python_operator.py
[2024-04-25T13:29:18.635+0000] {processor.py:829} INFO - Processing file /home/airflow/.local/lib/python3.8/site-packages/airflow/example_dags/example_python_operator.py for tasks to queue
[2024-04-25T13:29:18.636+0000] {logging_mixin.py:154} INFO - [2024-04-25T13:29:18.636+0000] {dagbag.py:536} INFO - Filling up the DagBag from /home/airflow/.local/lib/python3.8/site-packages/airflow/example_dags/example_python_operator.py
[2024-04-25T13:29:18.658+0000] {processor.py:839} INFO - DAG(s) dict_keys(['example_python_operator']) retrieved from /home/airflow/.local/lib/python3.8/site-packages/airflow/example_dags/example_python_operator.py
[2024-04-25T13:29:18.713+0000] {logging_mixin.py:154} INFO - [2024-04-25T13:29:18.712+0000] {dag.py:2941} INFO - Sync 1 DAGs
[2024-04-25T13:29:18.738+0000] {logging_mixin.py:154} INFO - [2024-04-25T13:29:18.738+0000] {dag.py:3722} INFO - Setting next_dagrun for example_python_operator to None, run_after=None
[2024-04-25T13:29:18.772+0000] {processor.py:179} INFO - Processing /home/airflow/.local/lib/python3.8/site-packages/airflow/example_dags/example_python_operator.py took 0.151 seconds
[2024-04-25T13:29:49.291+0000] {processor.py:157} INFO - Started process (PID=1498) to work on /home/airflow/.local/lib/python3.8/site-packages/airflow/example_dags/example_python_operator.py
[2024-04-25T13:29:49.293+0000] {processor.py:829} INFO - Processing file /home/airflow/.local/lib/python3.8/site-packages/airflow/example_dags/example_python_operator.py for tasks to queue
[2024-04-25T13:29:49.295+0000] {logging_mixin.py:154} INFO - [2024-04-25T13:29:49.295+0000] {dagbag.py:536} INFO - Filling up the DagBag from /home/airflow/.local/lib/python3.8/site-packages/airflow/example_dags/example_python_operator.py
[2024-04-25T13:29:49.316+0000] {processor.py:839} INFO - DAG(s) dict_keys(['example_python_operator']) retrieved from /home/airflow/.local/lib/python3.8/site-packages/airflow/example_dags/example_python_operator.py
[2024-04-25T13:29:49.354+0000] {logging_mixin.py:154} INFO - [2024-04-25T13:29:49.354+0000] {dag.py:2941} INFO - Sync 1 DAGs
[2024-04-25T13:29:49.375+0000] {logging_mixin.py:154} INFO - [2024-04-25T13:29:49.375+0000] {dag.py:3722} INFO - Setting next_dagrun for example_python_operator to None, run_after=None
[2024-04-25T13:29:49.412+0000] {processor.py:179} INFO - Processing /home/airflow/.local/lib/python3.8/site-packages/airflow/example_dags/example_python_operator.py took 0.126 seconds
[2024-04-25T13:30:19.924+0000] {processor.py:157} INFO - Started process (PID=1741) to work on /home/airflow/.local/lib/python3.8/site-packages/airflow/example_dags/example_python_operator.py
[2024-04-25T13:30:19.926+0000] {processor.py:829} INFO - Processing file /home/airflow/.local/lib/python3.8/site-packages/airflow/example_dags/example_python_operator.py for tasks to queue
[2024-04-25T13:30:19.927+0000] {logging_mixin.py:154} INFO - [2024-04-25T13:30:19.927+0000] {dagbag.py:536} INFO - Filling up the DagBag from /home/airflow/.local/lib/python3.8/site-packages/airflow/example_dags/example_python_operator.py
[2024-04-25T13:30:19.943+0000] {processor.py:839} INFO - DAG(s) dict_keys(['example_python_operator']) retrieved from /home/airflow/.local/lib/python3.8/site-packages/airflow/example_dags/example_python_operator.py
[2024-04-25T13:30:19.993+0000] {logging_mixin.py:154} INFO - [2024-04-25T13:30:19.992+0000] {dag.py:2941} INFO - Sync 1 DAGs
[2024-04-25T13:30:20.017+0000] {logging_mixin.py:154} INFO - [2024-04-25T13:30:20.017+0000] {dag.py:3722} INFO - Setting next_dagrun for example_python_operator to None, run_after=None
[2024-04-25T13:30:20.053+0000] {processor.py:179} INFO - Processing /home/airflow/.local/lib/python3.8/site-packages/airflow/example_dags/example_python_operator.py took 0.135 seconds
[2024-04-25T13:30:50.671+0000] {processor.py:157} INFO - Started process (PID=1987) to work on /home/airflow/.local/lib/python3.8/site-packages/airflow/example_dags/example_python_operator.py
[2024-04-25T13:30:50.673+0000] {processor.py:829} INFO - Processing file /home/airflow/.local/lib/python3.8/site-packages/airflow/example_dags/example_python_operator.py for tasks to queue
[2024-04-25T13:30:50.674+0000] {logging_mixin.py:154} INFO - [2024-04-25T13:30:50.674+0000] {dagbag.py:536} INFO - Filling up the DagBag from /home/airflow/.local/lib/python3.8/site-packages/airflow/example_dags/example_python_operator.py
[2024-04-25T13:30:50.699+0000] {processor.py:839} INFO - DAG(s) dict_keys(['example_python_operator']) retrieved from /home/airflow/.local/lib/python3.8/site-packages/airflow/example_dags/example_python_operator.py
[2024-04-25T13:30:50.741+0000] {logging_mixin.py:154} INFO - [2024-04-25T13:30:50.741+0000] {dag.py:2941} INFO - Sync 1 DAGs
[2024-04-25T13:30:50.761+0000] {logging_mixin.py:154} INFO - [2024-04-25T13:30:50.761+0000] {dag.py:3722} INFO - Setting next_dagrun for example_python_operator to None, run_after=None
[2024-04-25T13:30:50.791+0000] {processor.py:179} INFO - Processing /home/airflow/.local/lib/python3.8/site-packages/airflow/example_dags/example_python_operator.py took 0.127 seconds
[2024-04-25T13:31:21.340+0000] {processor.py:157} INFO - Started process (PID=2228) to work on /home/airflow/.local/lib/python3.8/site-packages/airflow/example_dags/example_python_operator.py
[2024-04-25T13:31:21.342+0000] {processor.py:829} INFO - Processing file /home/airflow/.local/lib/python3.8/site-packages/airflow/example_dags/example_python_operator.py for tasks to queue
[2024-04-25T13:31:21.344+0000] {logging_mixin.py:154} INFO - [2024-04-25T13:31:21.343+0000] {dagbag.py:536} INFO - Filling up the DagBag from /home/airflow/.local/lib/python3.8/site-packages/airflow/example_dags/example_python_operator.py
[2024-04-25T13:31:21.365+0000] {processor.py:839} INFO - DAG(s) dict_keys(['example_python_operator']) retrieved from /home/airflow/.local/lib/python3.8/site-packages/airflow/example_dags/example_python_operator.py
[2024-04-25T13:31:21.411+0000] {logging_mixin.py:154} INFO - [2024-04-25T13:31:21.410+0000] {dag.py:2941} INFO - Sync 1 DAGs
[2024-04-25T13:31:21.431+0000] {logging_mixin.py:154} INFO - [2024-04-25T13:31:21.430+0000] {dag.py:3722} INFO - Setting next_dagrun for example_python_operator to None, run_after=None
[2024-04-25T13:31:21.461+0000] {processor.py:179} INFO - Processing /home/airflow/.local/lib/python3.8/site-packages/airflow/example_dags/example_python_operator.py took 0.129 seconds
[2024-04-25T13:31:51.856+0000] {processor.py:157} INFO - Started process (PID=2471) to work on /home/airflow/.local/lib/python3.8/site-packages/airflow/example_dags/example_python_operator.py
[2024-04-25T13:31:51.857+0000] {processor.py:829} INFO - Processing file /home/airflow/.local/lib/python3.8/site-packages/airflow/example_dags/example_python_operator.py for tasks to queue
[2024-04-25T13:31:51.858+0000] {logging_mixin.py:154} INFO - [2024-04-25T13:31:51.858+0000] {dagbag.py:536} INFO - Filling up the DagBag from /home/airflow/.local/lib/python3.8/site-packages/airflow/example_dags/example_python_operator.py
[2024-04-25T13:31:51.875+0000] {processor.py:839} INFO - DAG(s) dict_keys(['example_python_operator']) retrieved from /home/airflow/.local/lib/python3.8/site-packages/airflow/example_dags/example_python_operator.py
[2024-04-25T13:31:51.918+0000] {logging_mixin.py:154} INFO - [2024-04-25T13:31:51.917+0000] {dag.py:2941} INFO - Sync 1 DAGs
[2024-04-25T13:31:51.944+0000] {logging_mixin.py:154} INFO - [2024-04-25T13:31:51.944+0000] {dag.py:3722} INFO - Setting next_dagrun for example_python_operator to None, run_after=None
[2024-04-25T13:31:51.975+0000] {processor.py:179} INFO - Processing /home/airflow/.local/lib/python3.8/site-packages/airflow/example_dags/example_python_operator.py took 0.125 seconds
[2024-04-25T13:32:22.385+0000] {processor.py:157} INFO - Started process (PID=2714) to work on /home/airflow/.local/lib/python3.8/site-packages/airflow/example_dags/example_python_operator.py
[2024-04-25T13:32:22.387+0000] {processor.py:829} INFO - Processing file /home/airflow/.local/lib/python3.8/site-packages/airflow/example_dags/example_python_operator.py for tasks to queue
[2024-04-25T13:32:22.388+0000] {logging_mixin.py:154} INFO - [2024-04-25T13:32:22.388+0000] {dagbag.py:536} INFO - Filling up the DagBag from /home/airflow/.local/lib/python3.8/site-packages/airflow/example_dags/example_python_operator.py
[2024-04-25T13:32:22.404+0000] {processor.py:839} INFO - DAG(s) dict_keys(['example_python_operator']) retrieved from /home/airflow/.local/lib/python3.8/site-packages/airflow/example_dags/example_python_operator.py
[2024-04-25T13:32:22.441+0000] {logging_mixin.py:154} INFO - [2024-04-25T13:32:22.440+0000] {dag.py:2941} INFO - Sync 1 DAGs
[2024-04-25T13:32:22.460+0000] {logging_mixin.py:154} INFO - [2024-04-25T13:32:22.460+0000] {dag.py:3722} INFO - Setting next_dagrun for example_python_operator to None, run_after=None
[2024-04-25T13:32:22.490+0000] {processor.py:179} INFO - Processing /home/airflow/.local/lib/python3.8/site-packages/airflow/example_dags/example_python_operator.py took 0.111 seconds
[2024-04-25T13:32:53.357+0000] {processor.py:157} INFO - Started process (PID=2959) to work on /home/airflow/.local/lib/python3.8/site-packages/airflow/example_dags/example_python_operator.py
[2024-04-25T13:32:53.359+0000] {processor.py:829} INFO - Processing file /home/airflow/.local/lib/python3.8/site-packages/airflow/example_dags/example_python_operator.py for tasks to queue
[2024-04-25T13:32:53.361+0000] {logging_mixin.py:154} INFO - [2024-04-25T13:32:53.360+0000] {dagbag.py:536} INFO - Filling up the DagBag from /home/airflow/.local/lib/python3.8/site-packages/airflow/example_dags/example_python_operator.py
[2024-04-25T13:32:53.377+0000] {processor.py:839} INFO - DAG(s) dict_keys(['example_python_operator']) retrieved from /home/airflow/.local/lib/python3.8/site-packages/airflow/example_dags/example_python_operator.py
[2024-04-25T13:32:53.429+0000] {logging_mixin.py:154} INFO - [2024-04-25T13:32:53.429+0000] {dag.py:2941} INFO - Sync 1 DAGs
[2024-04-25T13:32:53.455+0000] {logging_mixin.py:154} INFO - [2024-04-25T13:32:53.455+0000] {dag.py:3722} INFO - Setting next_dagrun for example_python_operator to None, run_after=None
[2024-04-25T13:32:53.492+0000] {processor.py:179} INFO - Processing /home/airflow/.local/lib/python3.8/site-packages/airflow/example_dags/example_python_operator.py took 0.142 seconds
[2024-04-25T13:33:24.358+0000] {processor.py:157} INFO - Started process (PID=3208) to work on /home/airflow/.local/lib/python3.8/site-packages/airflow/example_dags/example_python_operator.py
[2024-04-25T13:33:24.361+0000] {processor.py:829} INFO - Processing file /home/airflow/.local/lib/python3.8/site-packages/airflow/example_dags/example_python_operator.py for tasks to queue
[2024-04-25T13:33:24.362+0000] {logging_mixin.py:154} INFO - [2024-04-25T13:33:24.362+0000] {dagbag.py:536} INFO - Filling up the DagBag from /home/airflow/.local/lib/python3.8/site-packages/airflow/example_dags/example_python_operator.py
[2024-04-25T13:33:24.381+0000] {processor.py:839} INFO - DAG(s) dict_keys(['example_python_operator']) retrieved from /home/airflow/.local/lib/python3.8/site-packages/airflow/example_dags/example_python_operator.py
[2024-04-25T13:33:24.434+0000] {logging_mixin.py:154} INFO - [2024-04-25T13:33:24.434+0000] {dag.py:2941} INFO - Sync 1 DAGs
[2024-04-25T13:33:24.460+0000] {logging_mixin.py:154} INFO - [2024-04-25T13:33:24.459+0000] {dag.py:3722} INFO - Setting next_dagrun for example_python_operator to None, run_after=None
[2024-04-25T13:33:24.500+0000] {processor.py:179} INFO - Processing /home/airflow/.local/lib/python3.8/site-packages/airflow/example_dags/example_python_operator.py took 0.150 seconds
[2024-04-25T13:33:56.970+0000] {processor.py:157} INFO - Started process (PID=3455) to work on /home/airflow/.local/lib/python3.8/site-packages/airflow/example_dags/example_python_operator.py
[2024-04-25T13:33:56.977+0000] {processor.py:829} INFO - Processing file /home/airflow/.local/lib/python3.8/site-packages/airflow/example_dags/example_python_operator.py for tasks to queue
[2024-04-25T13:33:56.980+0000] {logging_mixin.py:154} INFO - [2024-04-25T13:33:56.979+0000] {dagbag.py:536} INFO - Filling up the DagBag from /home/airflow/.local/lib/python3.8/site-packages/airflow/example_dags/example_python_operator.py
[2024-04-25T13:33:57.040+0000] {processor.py:839} INFO - DAG(s) dict_keys(['example_python_operator']) retrieved from /home/airflow/.local/lib/python3.8/site-packages/airflow/example_dags/example_python_operator.py
[2024-04-25T13:33:57.175+0000] {logging_mixin.py:154} INFO - [2024-04-25T13:33:57.174+0000] {dag.py:2941} INFO - Sync 1 DAGs
[2024-04-25T13:33:57.271+0000] {logging_mixin.py:154} INFO - [2024-04-25T13:33:57.270+0000] {dag.py:3722} INFO - Setting next_dagrun for example_python_operator to None, run_after=None
[2024-04-25T13:33:57.372+0000] {processor.py:179} INFO - Processing /home/airflow/.local/lib/python3.8/site-packages/airflow/example_dags/example_python_operator.py took 0.424 seconds
[2024-04-25T13:34:27.682+0000] {processor.py:157} INFO - Started process (PID=3698) to work on /home/airflow/.local/lib/python3.8/site-packages/airflow/example_dags/example_python_operator.py
[2024-04-25T13:34:27.684+0000] {processor.py:829} INFO - Processing file /home/airflow/.local/lib/python3.8/site-packages/airflow/example_dags/example_python_operator.py for tasks to queue
[2024-04-25T13:34:27.686+0000] {logging_mixin.py:154} INFO - [2024-04-25T13:34:27.685+0000] {dagbag.py:536} INFO - Filling up the DagBag from /home/airflow/.local/lib/python3.8/site-packages/airflow/example_dags/example_python_operator.py
[2024-04-25T13:34:27.709+0000] {processor.py:839} INFO - DAG(s) dict_keys(['example_python_operator']) retrieved from /home/airflow/.local/lib/python3.8/site-packages/airflow/example_dags/example_python_operator.py
[2024-04-25T13:34:27.776+0000] {logging_mixin.py:154} INFO - [2024-04-25T13:34:27.775+0000] {dag.py:2941} INFO - Sync 1 DAGs
[2024-04-25T13:34:27.811+0000] {logging_mixin.py:154} INFO - [2024-04-25T13:34:27.810+0000] {dag.py:3722} INFO - Setting next_dagrun for example_python_operator to None, run_after=None
[2024-04-25T13:34:27.869+0000] {processor.py:179} INFO - Processing /home/airflow/.local/lib/python3.8/site-packages/airflow/example_dags/example_python_operator.py took 0.194 seconds
[2024-04-25T13:34:58.495+0000] {processor.py:157} INFO - Started process (PID=3949) to work on /home/airflow/.local/lib/python3.8/site-packages/airflow/example_dags/example_python_operator.py
[2024-04-25T13:34:58.497+0000] {processor.py:829} INFO - Processing file /home/airflow/.local/lib/python3.8/site-packages/airflow/example_dags/example_python_operator.py for tasks to queue
[2024-04-25T13:34:58.498+0000] {logging_mixin.py:154} INFO - [2024-04-25T13:34:58.498+0000] {dagbag.py:536} INFO - Filling up the DagBag from /home/airflow/.local/lib/python3.8/site-packages/airflow/example_dags/example_python_operator.py
[2024-04-25T13:34:58.513+0000] {processor.py:839} INFO - DAG(s) dict_keys(['example_python_operator']) retrieved from /home/airflow/.local/lib/python3.8/site-packages/airflow/example_dags/example_python_operator.py
[2024-04-25T13:34:58.552+0000] {logging_mixin.py:154} INFO - [2024-04-25T13:34:58.552+0000] {dag.py:2941} INFO - Sync 1 DAGs
[2024-04-25T13:34:58.571+0000] {logging_mixin.py:154} INFO - [2024-04-25T13:34:58.571+0000] {dag.py:3722} INFO - Setting next_dagrun for example_python_operator to None, run_after=None
[2024-04-25T13:34:58.601+0000] {processor.py:179} INFO - Processing /home/airflow/.local/lib/python3.8/site-packages/airflow/example_dags/example_python_operator.py took 0.112 seconds
[2024-04-25T13:35:28.810+0000] {processor.py:157} INFO - Started process (PID=4188) to work on /home/airflow/.local/lib/python3.8/site-packages/airflow/example_dags/example_python_operator.py
[2024-04-25T13:35:28.812+0000] {processor.py:829} INFO - Processing file /home/airflow/.local/lib/python3.8/site-packages/airflow/example_dags/example_python_operator.py for tasks to queue
[2024-04-25T13:35:28.814+0000] {logging_mixin.py:154} INFO - [2024-04-25T13:35:28.813+0000] {dagbag.py:536} INFO - Filling up the DagBag from /home/airflow/.local/lib/python3.8/site-packages/airflow/example_dags/example_python_operator.py
[2024-04-25T13:35:28.831+0000] {processor.py:839} INFO - DAG(s) dict_keys(['example_python_operator']) retrieved from /home/airflow/.local/lib/python3.8/site-packages/airflow/example_dags/example_python_operator.py
[2024-04-25T13:35:28.883+0000] {logging_mixin.py:154} INFO - [2024-04-25T13:35:28.882+0000] {dag.py:2941} INFO - Sync 1 DAGs
[2024-04-25T13:35:28.911+0000] {logging_mixin.py:154} INFO - [2024-04-25T13:35:28.911+0000] {dag.py:3722} INFO - Setting next_dagrun for example_python_operator to None, run_after=None
[2024-04-25T13:35:28.946+0000] {processor.py:179} INFO - Processing /home/airflow/.local/lib/python3.8/site-packages/airflow/example_dags/example_python_operator.py took 0.144 seconds
[2024-04-25T13:49:26.761+0000] {processor.py:157} INFO - Started process (PID=273) to work on /home/airflow/.local/lib/python3.8/site-packages/airflow/example_dags/example_python_operator.py
[2024-04-25T13:49:26.764+0000] {processor.py:829} INFO - Processing file /home/airflow/.local/lib/python3.8/site-packages/airflow/example_dags/example_python_operator.py for tasks to queue
[2024-04-25T13:49:26.765+0000] {logging_mixin.py:154} INFO - [2024-04-25T13:49:26.765+0000] {dagbag.py:536} INFO - Filling up the DagBag from /home/airflow/.local/lib/python3.8/site-packages/airflow/example_dags/example_python_operator.py
[2024-04-25T13:49:26.787+0000] {processor.py:839} INFO - DAG(s) dict_keys(['example_python_operator']) retrieved from /home/airflow/.local/lib/python3.8/site-packages/airflow/example_dags/example_python_operator.py
[2024-04-25T13:49:26.811+0000] {logging_mixin.py:154} INFO - [2024-04-25T13:49:26.810+0000] {dag.py:2941} INFO - Sync 1 DAGs
[2024-04-25T13:49:26.839+0000] {logging_mixin.py:154} INFO - [2024-04-25T13:49:26.839+0000] {dag.py:3722} INFO - Setting next_dagrun for example_python_operator to None, run_after=None
[2024-04-25T13:49:26.871+0000] {processor.py:179} INFO - Processing /home/airflow/.local/lib/python3.8/site-packages/airflow/example_dags/example_python_operator.py took 0.117 seconds
[2024-04-25T13:49:57.577+0000] {processor.py:157} INFO - Started process (PID=519) to work on /home/airflow/.local/lib/python3.8/site-packages/airflow/example_dags/example_python_operator.py
[2024-04-25T13:49:57.580+0000] {processor.py:829} INFO - Processing file /home/airflow/.local/lib/python3.8/site-packages/airflow/example_dags/example_python_operator.py for tasks to queue
[2024-04-25T13:49:57.581+0000] {logging_mixin.py:154} INFO - [2024-04-25T13:49:57.580+0000] {dagbag.py:536} INFO - Filling up the DagBag from /home/airflow/.local/lib/python3.8/site-packages/airflow/example_dags/example_python_operator.py
[2024-04-25T13:49:57.595+0000] {processor.py:839} INFO - DAG(s) dict_keys(['example_python_operator']) retrieved from /home/airflow/.local/lib/python3.8/site-packages/airflow/example_dags/example_python_operator.py
[2024-04-25T13:49:57.741+0000] {logging_mixin.py:154} INFO - [2024-04-25T13:49:57.741+0000] {dag.py:2941} INFO - Sync 1 DAGs
[2024-04-25T13:49:57.755+0000] {logging_mixin.py:154} INFO - [2024-04-25T13:49:57.754+0000] {dag.py:3722} INFO - Setting next_dagrun for example_python_operator to None, run_after=None
[2024-04-25T13:49:57.781+0000] {processor.py:179} INFO - Processing /home/airflow/.local/lib/python3.8/site-packages/airflow/example_dags/example_python_operator.py took 0.210 seconds
[2024-04-25T13:50:28.349+0000] {processor.py:157} INFO - Started process (PID=760) to work on /home/airflow/.local/lib/python3.8/site-packages/airflow/example_dags/example_python_operator.py
[2024-04-25T13:50:28.351+0000] {processor.py:829} INFO - Processing file /home/airflow/.local/lib/python3.8/site-packages/airflow/example_dags/example_python_operator.py for tasks to queue
[2024-04-25T13:50:28.352+0000] {logging_mixin.py:154} INFO - [2024-04-25T13:50:28.352+0000] {dagbag.py:536} INFO - Filling up the DagBag from /home/airflow/.local/lib/python3.8/site-packages/airflow/example_dags/example_python_operator.py
[2024-04-25T13:50:28.370+0000] {processor.py:839} INFO - DAG(s) dict_keys(['example_python_operator']) retrieved from /home/airflow/.local/lib/python3.8/site-packages/airflow/example_dags/example_python_operator.py
[2024-04-25T13:50:28.410+0000] {logging_mixin.py:154} INFO - [2024-04-25T13:50:28.409+0000] {dag.py:2941} INFO - Sync 1 DAGs
[2024-04-25T13:50:28.430+0000] {logging_mixin.py:154} INFO - [2024-04-25T13:50:28.429+0000] {dag.py:3722} INFO - Setting next_dagrun for example_python_operator to None, run_after=None
[2024-04-25T13:50:28.462+0000] {processor.py:179} INFO - Processing /home/airflow/.local/lib/python3.8/site-packages/airflow/example_dags/example_python_operator.py took 0.121 seconds
[2024-04-25T13:50:59.614+0000] {processor.py:157} INFO - Started process (PID=1003) to work on /home/airflow/.local/lib/python3.8/site-packages/airflow/example_dags/example_python_operator.py
[2024-04-25T13:50:59.618+0000] {processor.py:829} INFO - Processing file /home/airflow/.local/lib/python3.8/site-packages/airflow/example_dags/example_python_operator.py for tasks to queue
[2024-04-25T13:50:59.620+0000] {logging_mixin.py:154} INFO - [2024-04-25T13:50:59.619+0000] {dagbag.py:536} INFO - Filling up the DagBag from /home/airflow/.local/lib/python3.8/site-packages/airflow/example_dags/example_python_operator.py
[2024-04-25T13:50:59.642+0000] {processor.py:839} INFO - DAG(s) dict_keys(['example_python_operator']) retrieved from /home/airflow/.local/lib/python3.8/site-packages/airflow/example_dags/example_python_operator.py
[2024-04-25T13:50:59.683+0000] {logging_mixin.py:154} INFO - [2024-04-25T13:50:59.683+0000] {dag.py:2941} INFO - Sync 1 DAGs
[2024-04-25T13:50:59.702+0000] {logging_mixin.py:154} INFO - [2024-04-25T13:50:59.701+0000] {dag.py:3722} INFO - Setting next_dagrun for example_python_operator to None, run_after=None
[2024-04-25T13:50:59.728+0000] {processor.py:179} INFO - Processing /home/airflow/.local/lib/python3.8/site-packages/airflow/example_dags/example_python_operator.py took 0.121 seconds
[2024-04-25T13:51:30.221+0000] {processor.py:157} INFO - Started process (PID=1248) to work on /home/airflow/.local/lib/python3.8/site-packages/airflow/example_dags/example_python_operator.py
[2024-04-25T13:51:30.224+0000] {processor.py:829} INFO - Processing file /home/airflow/.local/lib/python3.8/site-packages/airflow/example_dags/example_python_operator.py for tasks to queue
[2024-04-25T13:51:30.225+0000] {logging_mixin.py:154} INFO - [2024-04-25T13:51:30.225+0000] {dagbag.py:536} INFO - Filling up the DagBag from /home/airflow/.local/lib/python3.8/site-packages/airflow/example_dags/example_python_operator.py
[2024-04-25T13:51:30.249+0000] {processor.py:839} INFO - DAG(s) dict_keys(['example_python_operator']) retrieved from /home/airflow/.local/lib/python3.8/site-packages/airflow/example_dags/example_python_operator.py
[2024-04-25T13:51:30.291+0000] {logging_mixin.py:154} INFO - [2024-04-25T13:51:30.291+0000] {dag.py:2941} INFO - Sync 1 DAGs
[2024-04-25T13:51:30.311+0000] {logging_mixin.py:154} INFO - [2024-04-25T13:51:30.311+0000] {dag.py:3722} INFO - Setting next_dagrun for example_python_operator to None, run_after=None
[2024-04-25T13:51:30.340+0000] {processor.py:179} INFO - Processing /home/airflow/.local/lib/python3.8/site-packages/airflow/example_dags/example_python_operator.py took 0.127 seconds
[2024-04-25T13:52:00.678+0000] {processor.py:157} INFO - Started process (PID=1489) to work on /home/airflow/.local/lib/python3.8/site-packages/airflow/example_dags/example_python_operator.py
[2024-04-25T13:52:00.679+0000] {processor.py:829} INFO - Processing file /home/airflow/.local/lib/python3.8/site-packages/airflow/example_dags/example_python_operator.py for tasks to queue
[2024-04-25T13:52:00.681+0000] {logging_mixin.py:154} INFO - [2024-04-25T13:52:00.680+0000] {dagbag.py:536} INFO - Filling up the DagBag from /home/airflow/.local/lib/python3.8/site-packages/airflow/example_dags/example_python_operator.py
[2024-04-25T13:52:00.696+0000] {processor.py:839} INFO - DAG(s) dict_keys(['example_python_operator']) retrieved from /home/airflow/.local/lib/python3.8/site-packages/airflow/example_dags/example_python_operator.py
[2024-04-25T13:52:00.738+0000] {logging_mixin.py:154} INFO - [2024-04-25T13:52:00.737+0000] {dag.py:2941} INFO - Sync 1 DAGs
[2024-04-25T13:52:00.760+0000] {logging_mixin.py:154} INFO - [2024-04-25T13:52:00.760+0000] {dag.py:3722} INFO - Setting next_dagrun for example_python_operator to None, run_after=None
[2024-04-25T13:52:00.788+0000] {processor.py:179} INFO - Processing /home/airflow/.local/lib/python3.8/site-packages/airflow/example_dags/example_python_operator.py took 0.116 seconds
[2024-04-25T13:52:31.912+0000] {processor.py:157} INFO - Started process (PID=1736) to work on /home/airflow/.local/lib/python3.8/site-packages/airflow/example_dags/example_python_operator.py
[2024-04-25T13:52:31.914+0000] {processor.py:829} INFO - Processing file /home/airflow/.local/lib/python3.8/site-packages/airflow/example_dags/example_python_operator.py for tasks to queue
[2024-04-25T13:52:31.915+0000] {logging_mixin.py:154} INFO - [2024-04-25T13:52:31.915+0000] {dagbag.py:536} INFO - Filling up the DagBag from /home/airflow/.local/lib/python3.8/site-packages/airflow/example_dags/example_python_operator.py
[2024-04-25T13:52:31.940+0000] {processor.py:839} INFO - DAG(s) dict_keys(['example_python_operator']) retrieved from /home/airflow/.local/lib/python3.8/site-packages/airflow/example_dags/example_python_operator.py
[2024-04-25T13:52:31.988+0000] {logging_mixin.py:154} INFO - [2024-04-25T13:52:31.988+0000] {dag.py:2941} INFO - Sync 1 DAGs
[2024-04-25T13:52:32.015+0000] {logging_mixin.py:154} INFO - [2024-04-25T13:52:32.013+0000] {dag.py:3722} INFO - Setting next_dagrun for example_python_operator to None, run_after=None
[2024-04-25T13:52:32.067+0000] {processor.py:179} INFO - Processing /home/airflow/.local/lib/python3.8/site-packages/airflow/example_dags/example_python_operator.py took 0.163 seconds
[2024-04-25T13:53:02.986+0000] {processor.py:157} INFO - Started process (PID=1982) to work on /home/airflow/.local/lib/python3.8/site-packages/airflow/example_dags/example_python_operator.py
[2024-04-25T13:53:02.989+0000] {processor.py:829} INFO - Processing file /home/airflow/.local/lib/python3.8/site-packages/airflow/example_dags/example_python_operator.py for tasks to queue
[2024-04-25T13:53:02.990+0000] {logging_mixin.py:154} INFO - [2024-04-25T13:53:02.990+0000] {dagbag.py:536} INFO - Filling up the DagBag from /home/airflow/.local/lib/python3.8/site-packages/airflow/example_dags/example_python_operator.py
[2024-04-25T13:53:03.023+0000] {processor.py:839} INFO - DAG(s) dict_keys(['example_python_operator']) retrieved from /home/airflow/.local/lib/python3.8/site-packages/airflow/example_dags/example_python_operator.py
[2024-04-25T13:53:03.085+0000] {logging_mixin.py:154} INFO - [2024-04-25T13:53:03.084+0000] {dag.py:2941} INFO - Sync 1 DAGs
[2024-04-25T13:53:03.114+0000] {logging_mixin.py:154} INFO - [2024-04-25T13:53:03.112+0000] {dag.py:3722} INFO - Setting next_dagrun for example_python_operator to None, run_after=None
[2024-04-25T13:53:03.160+0000] {processor.py:179} INFO - Processing /home/airflow/.local/lib/python3.8/site-packages/airflow/example_dags/example_python_operator.py took 0.183 seconds
[2024-04-25T13:53:33.463+0000] {processor.py:157} INFO - Started process (PID=2225) to work on /home/airflow/.local/lib/python3.8/site-packages/airflow/example_dags/example_python_operator.py
[2024-04-25T13:53:33.465+0000] {processor.py:829} INFO - Processing file /home/airflow/.local/lib/python3.8/site-packages/airflow/example_dags/example_python_operator.py for tasks to queue
[2024-04-25T13:53:33.467+0000] {logging_mixin.py:154} INFO - [2024-04-25T13:53:33.466+0000] {dagbag.py:536} INFO - Filling up the DagBag from /home/airflow/.local/lib/python3.8/site-packages/airflow/example_dags/example_python_operator.py
[2024-04-25T13:53:33.488+0000] {processor.py:839} INFO - DAG(s) dict_keys(['example_python_operator']) retrieved from /home/airflow/.local/lib/python3.8/site-packages/airflow/example_dags/example_python_operator.py
[2024-04-25T13:53:33.530+0000] {logging_mixin.py:154} INFO - [2024-04-25T13:53:33.530+0000] {dag.py:2941} INFO - Sync 1 DAGs
[2024-04-25T13:53:33.550+0000] {logging_mixin.py:154} INFO - [2024-04-25T13:53:33.550+0000] {dag.py:3722} INFO - Setting next_dagrun for example_python_operator to None, run_after=None
[2024-04-25T13:53:33.579+0000] {processor.py:179} INFO - Processing /home/airflow/.local/lib/python3.8/site-packages/airflow/example_dags/example_python_operator.py took 0.125 seconds
