[2024-04-25T12:38:06.228+0000] {processor.py:157} INFO - Started process (PID=363) to work on /home/airflow/.local/lib/python3.8/site-packages/airflow/example_dags/example_kubernetes_executor.py
[2024-04-25T12:38:06.230+0000] {processor.py:829} INFO - Processing file /home/airflow/.local/lib/python3.8/site-packages/airflow/example_dags/example_kubernetes_executor.py for tasks to queue
[2024-04-25T12:38:06.233+0000] {logging_mixin.py:154} INFO - [2024-04-25T12:38:06.232+0000] {dagbag.py:536} INFO - Filling up the DagBag from /home/airflow/.local/lib/python3.8/site-packages/airflow/example_dags/example_kubernetes_executor.py
[2024-04-25T12:38:06.269+0000] {processor.py:839} INFO - DAG(s) dict_keys(['example_kubernetes_executor']) retrieved from /home/airflow/.local/lib/python3.8/site-packages/airflow/example_dags/example_kubernetes_executor.py
[2024-04-25T12:38:06.506+0000] {logging_mixin.py:154} INFO - [2024-04-25T12:38:06.506+0000] {manager.py:499} INFO - Created Permission View: %s
[2024-04-25T12:38:06.527+0000] {logging_mixin.py:154} INFO - [2024-04-25T12:38:06.526+0000] {manager.py:499} INFO - Created Permission View: %s
[2024-04-25T12:38:06.539+0000] {logging_mixin.py:154} INFO - [2024-04-25T12:38:06.539+0000] {manager.py:499} INFO - Created Permission View: %s
[2024-04-25T12:38:06.540+0000] {logging_mixin.py:154} INFO - [2024-04-25T12:38:06.540+0000] {dag.py:2941} INFO - Sync 1 DAGs
[2024-04-25T12:38:06.562+0000] {logging_mixin.py:154} INFO - [2024-04-25T12:38:06.562+0000] {dag.py:2963} INFO - Creating ORM DAG for example_kubernetes_executor
[2024-04-25T12:38:06.563+0000] {logging_mixin.py:154} INFO - [2024-04-25T12:38:06.563+0000] {dag.py:3722} INFO - Setting next_dagrun for example_kubernetes_executor to None, run_after=None
[2024-04-25T12:38:06.595+0000] {processor.py:179} INFO - Processing /home/airflow/.local/lib/python3.8/site-packages/airflow/example_dags/example_kubernetes_executor.py took 0.374 seconds
[2024-04-25T12:38:36.697+0000] {processor.py:157} INFO - Started process (PID=606) to work on /home/airflow/.local/lib/python3.8/site-packages/airflow/example_dags/example_kubernetes_executor.py
[2024-04-25T12:38:36.699+0000] {processor.py:829} INFO - Processing file /home/airflow/.local/lib/python3.8/site-packages/airflow/example_dags/example_kubernetes_executor.py for tasks to queue
[2024-04-25T12:38:36.700+0000] {logging_mixin.py:154} INFO - [2024-04-25T12:38:36.700+0000] {dagbag.py:536} INFO - Filling up the DagBag from /home/airflow/.local/lib/python3.8/site-packages/airflow/example_dags/example_kubernetes_executor.py
[2024-04-25T12:38:36.723+0000] {processor.py:839} INFO - DAG(s) dict_keys(['example_kubernetes_executor']) retrieved from /home/airflow/.local/lib/python3.8/site-packages/airflow/example_dags/example_kubernetes_executor.py
[2024-04-25T12:38:36.771+0000] {logging_mixin.py:154} INFO - [2024-04-25T12:38:36.771+0000] {dag.py:2941} INFO - Sync 1 DAGs
[2024-04-25T12:38:36.788+0000] {logging_mixin.py:154} INFO - [2024-04-25T12:38:36.787+0000] {dag.py:3722} INFO - Setting next_dagrun for example_kubernetes_executor to None, run_after=None
[2024-04-25T12:38:36.814+0000] {processor.py:179} INFO - Processing /home/airflow/.local/lib/python3.8/site-packages/airflow/example_dags/example_kubernetes_executor.py took 0.125 seconds
[2024-04-25T12:39:07.171+0000] {processor.py:157} INFO - Started process (PID=850) to work on /home/airflow/.local/lib/python3.8/site-packages/airflow/example_dags/example_kubernetes_executor.py
[2024-04-25T12:39:07.174+0000] {processor.py:829} INFO - Processing file /home/airflow/.local/lib/python3.8/site-packages/airflow/example_dags/example_kubernetes_executor.py for tasks to queue
[2024-04-25T12:39:07.175+0000] {logging_mixin.py:154} INFO - [2024-04-25T12:39:07.175+0000] {dagbag.py:536} INFO - Filling up the DagBag from /home/airflow/.local/lib/python3.8/site-packages/airflow/example_dags/example_kubernetes_executor.py
[2024-04-25T12:39:07.204+0000] {processor.py:839} INFO - DAG(s) dict_keys(['example_kubernetes_executor']) retrieved from /home/airflow/.local/lib/python3.8/site-packages/airflow/example_dags/example_kubernetes_executor.py
[2024-04-25T12:39:07.256+0000] {logging_mixin.py:154} INFO - [2024-04-25T12:39:07.256+0000] {dag.py:2941} INFO - Sync 1 DAGs
[2024-04-25T12:39:07.275+0000] {logging_mixin.py:154} INFO - [2024-04-25T12:39:07.275+0000] {dag.py:3722} INFO - Setting next_dagrun for example_kubernetes_executor to None, run_after=None
[2024-04-25T12:39:07.301+0000] {processor.py:179} INFO - Processing /home/airflow/.local/lib/python3.8/site-packages/airflow/example_dags/example_kubernetes_executor.py took 0.139 seconds
[2024-04-25T12:39:37.773+0000] {processor.py:157} INFO - Started process (PID=1093) to work on /home/airflow/.local/lib/python3.8/site-packages/airflow/example_dags/example_kubernetes_executor.py
[2024-04-25T12:39:37.775+0000] {processor.py:829} INFO - Processing file /home/airflow/.local/lib/python3.8/site-packages/airflow/example_dags/example_kubernetes_executor.py for tasks to queue
[2024-04-25T12:39:37.776+0000] {logging_mixin.py:154} INFO - [2024-04-25T12:39:37.775+0000] {dagbag.py:536} INFO - Filling up the DagBag from /home/airflow/.local/lib/python3.8/site-packages/airflow/example_dags/example_kubernetes_executor.py
[2024-04-25T12:39:37.794+0000] {processor.py:839} INFO - DAG(s) dict_keys(['example_kubernetes_executor']) retrieved from /home/airflow/.local/lib/python3.8/site-packages/airflow/example_dags/example_kubernetes_executor.py
[2024-04-25T12:39:37.868+0000] {logging_mixin.py:154} INFO - [2024-04-25T12:39:37.867+0000] {dag.py:2941} INFO - Sync 1 DAGs
[2024-04-25T12:39:37.893+0000] {logging_mixin.py:154} INFO - [2024-04-25T12:39:37.893+0000] {dag.py:3722} INFO - Setting next_dagrun for example_kubernetes_executor to None, run_after=None
[2024-04-25T12:39:37.918+0000] {processor.py:179} INFO - Processing /home/airflow/.local/lib/python3.8/site-packages/airflow/example_dags/example_kubernetes_executor.py took 0.150 seconds
[2024-04-25T12:40:08.750+0000] {processor.py:157} INFO - Started process (PID=1336) to work on /home/airflow/.local/lib/python3.8/site-packages/airflow/example_dags/example_kubernetes_executor.py
[2024-04-25T12:40:08.752+0000] {processor.py:829} INFO - Processing file /home/airflow/.local/lib/python3.8/site-packages/airflow/example_dags/example_kubernetes_executor.py for tasks to queue
[2024-04-25T12:40:08.753+0000] {logging_mixin.py:154} INFO - [2024-04-25T12:40:08.753+0000] {dagbag.py:536} INFO - Filling up the DagBag from /home/airflow/.local/lib/python3.8/site-packages/airflow/example_dags/example_kubernetes_executor.py
[2024-04-25T12:40:08.772+0000] {processor.py:839} INFO - DAG(s) dict_keys(['example_kubernetes_executor']) retrieved from /home/airflow/.local/lib/python3.8/site-packages/airflow/example_dags/example_kubernetes_executor.py
[2024-04-25T12:40:08.828+0000] {logging_mixin.py:154} INFO - [2024-04-25T12:40:08.828+0000] {dag.py:2941} INFO - Sync 1 DAGs
[2024-04-25T12:40:08.850+0000] {logging_mixin.py:154} INFO - [2024-04-25T12:40:08.849+0000] {dag.py:3722} INFO - Setting next_dagrun for example_kubernetes_executor to None, run_after=None
[2024-04-25T12:40:08.879+0000] {processor.py:179} INFO - Processing /home/airflow/.local/lib/python3.8/site-packages/airflow/example_dags/example_kubernetes_executor.py took 0.135 seconds
[2024-04-25T12:40:39.097+0000] {processor.py:157} INFO - Started process (PID=1574) to work on /home/airflow/.local/lib/python3.8/site-packages/airflow/example_dags/example_kubernetes_executor.py
[2024-04-25T12:40:39.099+0000] {processor.py:829} INFO - Processing file /home/airflow/.local/lib/python3.8/site-packages/airflow/example_dags/example_kubernetes_executor.py for tasks to queue
[2024-04-25T12:40:39.100+0000] {logging_mixin.py:154} INFO - [2024-04-25T12:40:39.100+0000] {dagbag.py:536} INFO - Filling up the DagBag from /home/airflow/.local/lib/python3.8/site-packages/airflow/example_dags/example_kubernetes_executor.py
[2024-04-25T12:40:39.119+0000] {processor.py:839} INFO - DAG(s) dict_keys(['example_kubernetes_executor']) retrieved from /home/airflow/.local/lib/python3.8/site-packages/airflow/example_dags/example_kubernetes_executor.py
[2024-04-25T12:40:39.196+0000] {logging_mixin.py:154} INFO - [2024-04-25T12:40:39.195+0000] {dag.py:2941} INFO - Sync 1 DAGs
[2024-04-25T12:40:39.221+0000] {logging_mixin.py:154} INFO - [2024-04-25T12:40:39.221+0000] {dag.py:3722} INFO - Setting next_dagrun for example_kubernetes_executor to None, run_after=None
[2024-04-25T12:40:39.250+0000] {processor.py:179} INFO - Processing /home/airflow/.local/lib/python3.8/site-packages/airflow/example_dags/example_kubernetes_executor.py took 0.159 seconds
[2024-04-25T12:41:10.053+0000] {processor.py:157} INFO - Started process (PID=1817) to work on /home/airflow/.local/lib/python3.8/site-packages/airflow/example_dags/example_kubernetes_executor.py
[2024-04-25T12:41:10.054+0000] {processor.py:829} INFO - Processing file /home/airflow/.local/lib/python3.8/site-packages/airflow/example_dags/example_kubernetes_executor.py for tasks to queue
[2024-04-25T12:41:10.056+0000] {logging_mixin.py:154} INFO - [2024-04-25T12:41:10.055+0000] {dagbag.py:536} INFO - Filling up the DagBag from /home/airflow/.local/lib/python3.8/site-packages/airflow/example_dags/example_kubernetes_executor.py
[2024-04-25T12:41:10.083+0000] {processor.py:839} INFO - DAG(s) dict_keys(['example_kubernetes_executor']) retrieved from /home/airflow/.local/lib/python3.8/site-packages/airflow/example_dags/example_kubernetes_executor.py
[2024-04-25T12:41:10.134+0000] {logging_mixin.py:154} INFO - [2024-04-25T12:41:10.134+0000] {dag.py:2941} INFO - Sync 1 DAGs
[2024-04-25T12:41:10.163+0000] {logging_mixin.py:154} INFO - [2024-04-25T12:41:10.163+0000] {dag.py:3722} INFO - Setting next_dagrun for example_kubernetes_executor to None, run_after=None
[2024-04-25T12:41:10.196+0000] {processor.py:179} INFO - Processing /home/airflow/.local/lib/python3.8/site-packages/airflow/example_dags/example_kubernetes_executor.py took 0.151 seconds
[2024-04-25T12:41:40.790+0000] {processor.py:157} INFO - Started process (PID=2060) to work on /home/airflow/.local/lib/python3.8/site-packages/airflow/example_dags/example_kubernetes_executor.py
[2024-04-25T12:41:40.792+0000] {processor.py:829} INFO - Processing file /home/airflow/.local/lib/python3.8/site-packages/airflow/example_dags/example_kubernetes_executor.py for tasks to queue
[2024-04-25T12:41:40.793+0000] {logging_mixin.py:154} INFO - [2024-04-25T12:41:40.792+0000] {dagbag.py:536} INFO - Filling up the DagBag from /home/airflow/.local/lib/python3.8/site-packages/airflow/example_dags/example_kubernetes_executor.py
[2024-04-25T12:41:40.815+0000] {processor.py:839} INFO - DAG(s) dict_keys(['example_kubernetes_executor']) retrieved from /home/airflow/.local/lib/python3.8/site-packages/airflow/example_dags/example_kubernetes_executor.py
[2024-04-25T12:41:40.873+0000] {logging_mixin.py:154} INFO - [2024-04-25T12:41:40.873+0000] {dag.py:2941} INFO - Sync 1 DAGs
[2024-04-25T12:41:40.891+0000] {logging_mixin.py:154} INFO - [2024-04-25T12:41:40.891+0000] {dag.py:3722} INFO - Setting next_dagrun for example_kubernetes_executor to None, run_after=None
[2024-04-25T12:41:40.922+0000] {processor.py:179} INFO - Processing /home/airflow/.local/lib/python3.8/site-packages/airflow/example_dags/example_kubernetes_executor.py took 0.139 seconds
[2024-04-25T12:42:11.086+0000] {processor.py:157} INFO - Started process (PID=2311) to work on /home/airflow/.local/lib/python3.8/site-packages/airflow/example_dags/example_kubernetes_executor.py
[2024-04-25T12:42:11.087+0000] {processor.py:829} INFO - Processing file /home/airflow/.local/lib/python3.8/site-packages/airflow/example_dags/example_kubernetes_executor.py for tasks to queue
[2024-04-25T12:42:11.089+0000] {logging_mixin.py:154} INFO - [2024-04-25T12:42:11.088+0000] {dagbag.py:536} INFO - Filling up the DagBag from /home/airflow/.local/lib/python3.8/site-packages/airflow/example_dags/example_kubernetes_executor.py
[2024-04-25T12:42:11.115+0000] {processor.py:839} INFO - DAG(s) dict_keys(['example_kubernetes_executor']) retrieved from /home/airflow/.local/lib/python3.8/site-packages/airflow/example_dags/example_kubernetes_executor.py
[2024-04-25T12:42:11.181+0000] {logging_mixin.py:154} INFO - [2024-04-25T12:42:11.180+0000] {dag.py:2941} INFO - Sync 1 DAGs
[2024-04-25T12:42:11.206+0000] {logging_mixin.py:154} INFO - [2024-04-25T12:42:11.206+0000] {dag.py:3722} INFO - Setting next_dagrun for example_kubernetes_executor to None, run_after=None
[2024-04-25T12:42:11.236+0000] {processor.py:179} INFO - Processing /home/airflow/.local/lib/python3.8/site-packages/airflow/example_dags/example_kubernetes_executor.py took 0.159 seconds
[2024-04-25T12:42:41.758+0000] {processor.py:157} INFO - Started process (PID=2555) to work on /home/airflow/.local/lib/python3.8/site-packages/airflow/example_dags/example_kubernetes_executor.py
[2024-04-25T12:42:41.761+0000] {processor.py:829} INFO - Processing file /home/airflow/.local/lib/python3.8/site-packages/airflow/example_dags/example_kubernetes_executor.py for tasks to queue
[2024-04-25T12:42:41.763+0000] {logging_mixin.py:154} INFO - [2024-04-25T12:42:41.762+0000] {dagbag.py:536} INFO - Filling up the DagBag from /home/airflow/.local/lib/python3.8/site-packages/airflow/example_dags/example_kubernetes_executor.py
[2024-04-25T12:42:41.792+0000] {processor.py:839} INFO - DAG(s) dict_keys(['example_kubernetes_executor']) retrieved from /home/airflow/.local/lib/python3.8/site-packages/airflow/example_dags/example_kubernetes_executor.py
[2024-04-25T12:42:41.855+0000] {logging_mixin.py:154} INFO - [2024-04-25T12:42:41.855+0000] {dag.py:2941} INFO - Sync 1 DAGs
[2024-04-25T12:42:41.873+0000] {logging_mixin.py:154} INFO - [2024-04-25T12:42:41.873+0000] {dag.py:3722} INFO - Setting next_dagrun for example_kubernetes_executor to None, run_after=None
[2024-04-25T12:42:41.907+0000] {processor.py:179} INFO - Processing /home/airflow/.local/lib/python3.8/site-packages/airflow/example_dags/example_kubernetes_executor.py took 0.158 seconds
[2024-04-25T12:43:12.908+0000] {processor.py:157} INFO - Started process (PID=2807) to work on /home/airflow/.local/lib/python3.8/site-packages/airflow/example_dags/example_kubernetes_executor.py
[2024-04-25T12:43:12.912+0000] {processor.py:829} INFO - Processing file /home/airflow/.local/lib/python3.8/site-packages/airflow/example_dags/example_kubernetes_executor.py for tasks to queue
[2024-04-25T12:43:12.914+0000] {logging_mixin.py:154} INFO - [2024-04-25T12:43:12.913+0000] {dagbag.py:536} INFO - Filling up the DagBag from /home/airflow/.local/lib/python3.8/site-packages/airflow/example_dags/example_kubernetes_executor.py
[2024-04-25T12:43:12.943+0000] {processor.py:839} INFO - DAG(s) dict_keys(['example_kubernetes_executor']) retrieved from /home/airflow/.local/lib/python3.8/site-packages/airflow/example_dags/example_kubernetes_executor.py
[2024-04-25T12:43:13.015+0000] {logging_mixin.py:154} INFO - [2024-04-25T12:43:13.015+0000] {dag.py:2941} INFO - Sync 1 DAGs
[2024-04-25T12:43:13.042+0000] {logging_mixin.py:154} INFO - [2024-04-25T12:43:13.042+0000] {dag.py:3722} INFO - Setting next_dagrun for example_kubernetes_executor to None, run_after=None
[2024-04-25T12:43:13.090+0000] {processor.py:179} INFO - Processing /home/airflow/.local/lib/python3.8/site-packages/airflow/example_dags/example_kubernetes_executor.py took 0.188 seconds
[2024-04-25T12:43:44.067+0000] {processor.py:157} INFO - Started process (PID=3056) to work on /home/airflow/.local/lib/python3.8/site-packages/airflow/example_dags/example_kubernetes_executor.py
[2024-04-25T12:43:44.069+0000] {processor.py:829} INFO - Processing file /home/airflow/.local/lib/python3.8/site-packages/airflow/example_dags/example_kubernetes_executor.py for tasks to queue
[2024-04-25T12:43:44.070+0000] {logging_mixin.py:154} INFO - [2024-04-25T12:43:44.070+0000] {dagbag.py:536} INFO - Filling up the DagBag from /home/airflow/.local/lib/python3.8/site-packages/airflow/example_dags/example_kubernetes_executor.py
[2024-04-25T12:43:44.110+0000] {processor.py:839} INFO - DAG(s) dict_keys(['example_kubernetes_executor']) retrieved from /home/airflow/.local/lib/python3.8/site-packages/airflow/example_dags/example_kubernetes_executor.py
[2024-04-25T12:43:44.208+0000] {logging_mixin.py:154} INFO - [2024-04-25T12:43:44.208+0000] {dag.py:2941} INFO - Sync 1 DAGs
[2024-04-25T12:43:44.240+0000] {logging_mixin.py:154} INFO - [2024-04-25T12:43:44.240+0000] {dag.py:3722} INFO - Setting next_dagrun for example_kubernetes_executor to None, run_after=None
[2024-04-25T12:43:44.310+0000] {processor.py:179} INFO - Processing /home/airflow/.local/lib/python3.8/site-packages/airflow/example_dags/example_kubernetes_executor.py took 0.261 seconds
[2024-04-25T12:44:15.091+0000] {processor.py:157} INFO - Started process (PID=3303) to work on /home/airflow/.local/lib/python3.8/site-packages/airflow/example_dags/example_kubernetes_executor.py
[2024-04-25T12:44:15.099+0000] {processor.py:829} INFO - Processing file /home/airflow/.local/lib/python3.8/site-packages/airflow/example_dags/example_kubernetes_executor.py for tasks to queue
[2024-04-25T12:44:15.101+0000] {logging_mixin.py:154} INFO - [2024-04-25T12:44:15.100+0000] {dagbag.py:536} INFO - Filling up the DagBag from /home/airflow/.local/lib/python3.8/site-packages/airflow/example_dags/example_kubernetes_executor.py
[2024-04-25T12:44:15.150+0000] {processor.py:839} INFO - DAG(s) dict_keys(['example_kubernetes_executor']) retrieved from /home/airflow/.local/lib/python3.8/site-packages/airflow/example_dags/example_kubernetes_executor.py
[2024-04-25T12:44:15.216+0000] {logging_mixin.py:154} INFO - [2024-04-25T12:44:15.216+0000] {dag.py:2941} INFO - Sync 1 DAGs
[2024-04-25T12:44:15.241+0000] {logging_mixin.py:154} INFO - [2024-04-25T12:44:15.241+0000] {dag.py:3722} INFO - Setting next_dagrun for example_kubernetes_executor to None, run_after=None
[2024-04-25T12:44:15.292+0000] {processor.py:179} INFO - Processing /home/airflow/.local/lib/python3.8/site-packages/airflow/example_dags/example_kubernetes_executor.py took 0.215 seconds
[2024-04-25T12:44:45.786+0000] {processor.py:157} INFO - Started process (PID=3546) to work on /home/airflow/.local/lib/python3.8/site-packages/airflow/example_dags/example_kubernetes_executor.py
[2024-04-25T12:44:45.789+0000] {processor.py:829} INFO - Processing file /home/airflow/.local/lib/python3.8/site-packages/airflow/example_dags/example_kubernetes_executor.py for tasks to queue
[2024-04-25T12:44:45.790+0000] {logging_mixin.py:154} INFO - [2024-04-25T12:44:45.789+0000] {dagbag.py:536} INFO - Filling up the DagBag from /home/airflow/.local/lib/python3.8/site-packages/airflow/example_dags/example_kubernetes_executor.py
[2024-04-25T12:44:45.810+0000] {processor.py:839} INFO - DAG(s) dict_keys(['example_kubernetes_executor']) retrieved from /home/airflow/.local/lib/python3.8/site-packages/airflow/example_dags/example_kubernetes_executor.py
[2024-04-25T12:44:45.874+0000] {logging_mixin.py:154} INFO - [2024-04-25T12:44:45.873+0000] {dag.py:2941} INFO - Sync 1 DAGs
[2024-04-25T12:44:45.897+0000] {logging_mixin.py:154} INFO - [2024-04-25T12:44:45.897+0000] {dag.py:3722} INFO - Setting next_dagrun for example_kubernetes_executor to None, run_after=None
[2024-04-25T12:44:45.937+0000] {processor.py:179} INFO - Processing /home/airflow/.local/lib/python3.8/site-packages/airflow/example_dags/example_kubernetes_executor.py took 0.156 seconds
[2024-04-25T12:45:16.584+0000] {processor.py:157} INFO - Started process (PID=3790) to work on /home/airflow/.local/lib/python3.8/site-packages/airflow/example_dags/example_kubernetes_executor.py
[2024-04-25T12:45:16.586+0000] {processor.py:829} INFO - Processing file /home/airflow/.local/lib/python3.8/site-packages/airflow/example_dags/example_kubernetes_executor.py for tasks to queue
[2024-04-25T12:45:16.587+0000] {logging_mixin.py:154} INFO - [2024-04-25T12:45:16.587+0000] {dagbag.py:536} INFO - Filling up the DagBag from /home/airflow/.local/lib/python3.8/site-packages/airflow/example_dags/example_kubernetes_executor.py
[2024-04-25T12:45:16.608+0000] {processor.py:839} INFO - DAG(s) dict_keys(['example_kubernetes_executor']) retrieved from /home/airflow/.local/lib/python3.8/site-packages/airflow/example_dags/example_kubernetes_executor.py
[2024-04-25T12:45:16.666+0000] {logging_mixin.py:154} INFO - [2024-04-25T12:45:16.665+0000] {dag.py:2941} INFO - Sync 1 DAGs
[2024-04-25T12:45:16.691+0000] {logging_mixin.py:154} INFO - [2024-04-25T12:45:16.690+0000] {dag.py:3722} INFO - Setting next_dagrun for example_kubernetes_executor to None, run_after=None
[2024-04-25T12:45:16.720+0000] {processor.py:179} INFO - Processing /home/airflow/.local/lib/python3.8/site-packages/airflow/example_dags/example_kubernetes_executor.py took 0.143 seconds
[2024-04-25T12:45:46.884+0000] {processor.py:157} INFO - Started process (PID=4033) to work on /home/airflow/.local/lib/python3.8/site-packages/airflow/example_dags/example_kubernetes_executor.py
[2024-04-25T12:45:46.887+0000] {processor.py:829} INFO - Processing file /home/airflow/.local/lib/python3.8/site-packages/airflow/example_dags/example_kubernetes_executor.py for tasks to queue
[2024-04-25T12:45:46.888+0000] {logging_mixin.py:154} INFO - [2024-04-25T12:45:46.888+0000] {dagbag.py:536} INFO - Filling up the DagBag from /home/airflow/.local/lib/python3.8/site-packages/airflow/example_dags/example_kubernetes_executor.py
[2024-04-25T12:45:46.909+0000] {processor.py:839} INFO - DAG(s) dict_keys(['example_kubernetes_executor']) retrieved from /home/airflow/.local/lib/python3.8/site-packages/airflow/example_dags/example_kubernetes_executor.py
[2024-04-25T12:45:46.959+0000] {logging_mixin.py:154} INFO - [2024-04-25T12:45:46.959+0000] {dag.py:2941} INFO - Sync 1 DAGs
[2024-04-25T12:45:46.978+0000] {logging_mixin.py:154} INFO - [2024-04-25T12:45:46.977+0000] {dag.py:3722} INFO - Setting next_dagrun for example_kubernetes_executor to None, run_after=None
[2024-04-25T12:45:47.008+0000] {processor.py:179} INFO - Processing /home/airflow/.local/lib/python3.8/site-packages/airflow/example_dags/example_kubernetes_executor.py took 0.132 seconds
[2024-04-25T12:46:17.691+0000] {processor.py:157} INFO - Started process (PID=4276) to work on /home/airflow/.local/lib/python3.8/site-packages/airflow/example_dags/example_kubernetes_executor.py
[2024-04-25T12:46:17.694+0000] {processor.py:829} INFO - Processing file /home/airflow/.local/lib/python3.8/site-packages/airflow/example_dags/example_kubernetes_executor.py for tasks to queue
[2024-04-25T12:46:17.696+0000] {logging_mixin.py:154} INFO - [2024-04-25T12:46:17.695+0000] {dagbag.py:536} INFO - Filling up the DagBag from /home/airflow/.local/lib/python3.8/site-packages/airflow/example_dags/example_kubernetes_executor.py
[2024-04-25T12:46:17.718+0000] {processor.py:839} INFO - DAG(s) dict_keys(['example_kubernetes_executor']) retrieved from /home/airflow/.local/lib/python3.8/site-packages/airflow/example_dags/example_kubernetes_executor.py
[2024-04-25T12:46:17.770+0000] {logging_mixin.py:154} INFO - [2024-04-25T12:46:17.770+0000] {dag.py:2941} INFO - Sync 1 DAGs
[2024-04-25T12:46:17.795+0000] {logging_mixin.py:154} INFO - [2024-04-25T12:46:17.795+0000] {dag.py:3722} INFO - Setting next_dagrun for example_kubernetes_executor to None, run_after=None
[2024-04-25T12:46:17.828+0000] {processor.py:179} INFO - Processing /home/airflow/.local/lib/python3.8/site-packages/airflow/example_dags/example_kubernetes_executor.py took 0.145 seconds
[2024-04-25T12:46:51.573+0000] {processor.py:157} INFO - Started process (PID=4519) to work on /home/airflow/.local/lib/python3.8/site-packages/airflow/example_dags/example_kubernetes_executor.py
[2024-04-25T12:46:51.578+0000] {processor.py:829} INFO - Processing file /home/airflow/.local/lib/python3.8/site-packages/airflow/example_dags/example_kubernetes_executor.py for tasks to queue
[2024-04-25T12:46:51.581+0000] {logging_mixin.py:154} INFO - [2024-04-25T12:46:51.580+0000] {dagbag.py:536} INFO - Filling up the DagBag from /home/airflow/.local/lib/python3.8/site-packages/airflow/example_dags/example_kubernetes_executor.py
[2024-04-25T12:46:51.631+0000] {processor.py:839} INFO - DAG(s) dict_keys(['example_kubernetes_executor']) retrieved from /home/airflow/.local/lib/python3.8/site-packages/airflow/example_dags/example_kubernetes_executor.py
[2024-04-25T12:46:51.789+0000] {logging_mixin.py:154} INFO - [2024-04-25T12:46:51.789+0000] {dag.py:2941} INFO - Sync 1 DAGs
[2024-04-25T12:46:51.833+0000] {logging_mixin.py:154} INFO - [2024-04-25T12:46:51.833+0000] {dag.py:3722} INFO - Setting next_dagrun for example_kubernetes_executor to None, run_after=None
[2024-04-25T12:46:51.885+0000] {processor.py:179} INFO - Processing /home/airflow/.local/lib/python3.8/site-packages/airflow/example_dags/example_kubernetes_executor.py took 0.335 seconds
[2024-04-25T12:47:22.339+0000] {processor.py:157} INFO - Started process (PID=4762) to work on /home/airflow/.local/lib/python3.8/site-packages/airflow/example_dags/example_kubernetes_executor.py
[2024-04-25T12:47:22.341+0000] {processor.py:829} INFO - Processing file /home/airflow/.local/lib/python3.8/site-packages/airflow/example_dags/example_kubernetes_executor.py for tasks to queue
[2024-04-25T12:47:22.342+0000] {logging_mixin.py:154} INFO - [2024-04-25T12:47:22.341+0000] {dagbag.py:536} INFO - Filling up the DagBag from /home/airflow/.local/lib/python3.8/site-packages/airflow/example_dags/example_kubernetes_executor.py
[2024-04-25T12:47:22.374+0000] {processor.py:839} INFO - DAG(s) dict_keys(['example_kubernetes_executor']) retrieved from /home/airflow/.local/lib/python3.8/site-packages/airflow/example_dags/example_kubernetes_executor.py
[2024-04-25T12:47:22.449+0000] {logging_mixin.py:154} INFO - [2024-04-25T12:47:22.449+0000] {dag.py:2941} INFO - Sync 1 DAGs
[2024-04-25T12:47:22.475+0000] {logging_mixin.py:154} INFO - [2024-04-25T12:47:22.474+0000] {dag.py:3722} INFO - Setting next_dagrun for example_kubernetes_executor to None, run_after=None
[2024-04-25T12:47:22.510+0000] {processor.py:179} INFO - Processing /home/airflow/.local/lib/python3.8/site-packages/airflow/example_dags/example_kubernetes_executor.py took 0.177 seconds
[2024-04-25T12:51:44.747+0000] {processor.py:157} INFO - Started process (PID=365) to work on /home/airflow/.local/lib/python3.8/site-packages/airflow/example_dags/example_kubernetes_executor.py
[2024-04-25T12:51:44.749+0000] {processor.py:829} INFO - Processing file /home/airflow/.local/lib/python3.8/site-packages/airflow/example_dags/example_kubernetes_executor.py for tasks to queue
[2024-04-25T12:51:44.751+0000] {logging_mixin.py:154} INFO - [2024-04-25T12:51:44.750+0000] {dagbag.py:536} INFO - Filling up the DagBag from /home/airflow/.local/lib/python3.8/site-packages/airflow/example_dags/example_kubernetes_executor.py
[2024-04-25T12:51:44.783+0000] {processor.py:839} INFO - DAG(s) dict_keys(['example_kubernetes_executor']) retrieved from /home/airflow/.local/lib/python3.8/site-packages/airflow/example_dags/example_kubernetes_executor.py
[2024-04-25T12:51:44.807+0000] {logging_mixin.py:154} INFO - [2024-04-25T12:51:44.807+0000] {dag.py:2941} INFO - Sync 1 DAGs
[2024-04-25T12:51:44.839+0000] {logging_mixin.py:154} INFO - [2024-04-25T12:51:44.839+0000] {dag.py:3722} INFO - Setting next_dagrun for example_kubernetes_executor to None, run_after=None
[2024-04-25T12:51:44.875+0000] {processor.py:179} INFO - Processing /home/airflow/.local/lib/python3.8/site-packages/airflow/example_dags/example_kubernetes_executor.py took 0.136 seconds
[2024-04-25T12:52:15.516+0000] {processor.py:157} INFO - Started process (PID=606) to work on /home/airflow/.local/lib/python3.8/site-packages/airflow/example_dags/example_kubernetes_executor.py
[2024-04-25T12:52:15.517+0000] {processor.py:829} INFO - Processing file /home/airflow/.local/lib/python3.8/site-packages/airflow/example_dags/example_kubernetes_executor.py for tasks to queue
[2024-04-25T12:52:15.519+0000] {logging_mixin.py:154} INFO - [2024-04-25T12:52:15.518+0000] {dagbag.py:536} INFO - Filling up the DagBag from /home/airflow/.local/lib/python3.8/site-packages/airflow/example_dags/example_kubernetes_executor.py
[2024-04-25T12:52:15.542+0000] {processor.py:839} INFO - DAG(s) dict_keys(['example_kubernetes_executor']) retrieved from /home/airflow/.local/lib/python3.8/site-packages/airflow/example_dags/example_kubernetes_executor.py
[2024-04-25T12:52:15.593+0000] {logging_mixin.py:154} INFO - [2024-04-25T12:52:15.593+0000] {dag.py:2941} INFO - Sync 1 DAGs
[2024-04-25T12:52:15.618+0000] {logging_mixin.py:154} INFO - [2024-04-25T12:52:15.617+0000] {dag.py:3722} INFO - Setting next_dagrun for example_kubernetes_executor to None, run_after=None
[2024-04-25T12:52:15.664+0000] {processor.py:179} INFO - Processing /home/airflow/.local/lib/python3.8/site-packages/airflow/example_dags/example_kubernetes_executor.py took 0.156 seconds
[2024-04-25T12:52:46.959+0000] {processor.py:157} INFO - Started process (PID=856) to work on /home/airflow/.local/lib/python3.8/site-packages/airflow/example_dags/example_kubernetes_executor.py
[2024-04-25T12:52:46.961+0000] {processor.py:829} INFO - Processing file /home/airflow/.local/lib/python3.8/site-packages/airflow/example_dags/example_kubernetes_executor.py for tasks to queue
[2024-04-25T12:52:46.962+0000] {logging_mixin.py:154} INFO - [2024-04-25T12:52:46.962+0000] {dagbag.py:536} INFO - Filling up the DagBag from /home/airflow/.local/lib/python3.8/site-packages/airflow/example_dags/example_kubernetes_executor.py
[2024-04-25T12:52:46.984+0000] {processor.py:839} INFO - DAG(s) dict_keys(['example_kubernetes_executor']) retrieved from /home/airflow/.local/lib/python3.8/site-packages/airflow/example_dags/example_kubernetes_executor.py
[2024-04-25T12:52:47.044+0000] {logging_mixin.py:154} INFO - [2024-04-25T12:52:47.044+0000] {dag.py:2941} INFO - Sync 1 DAGs
[2024-04-25T12:52:47.062+0000] {logging_mixin.py:154} INFO - [2024-04-25T12:52:47.062+0000] {dag.py:3722} INFO - Setting next_dagrun for example_kubernetes_executor to None, run_after=None
[2024-04-25T12:52:47.091+0000] {processor.py:179} INFO - Processing /home/airflow/.local/lib/python3.8/site-packages/airflow/example_dags/example_kubernetes_executor.py took 0.139 seconds
[2024-04-25T12:53:17.574+0000] {processor.py:157} INFO - Started process (PID=1103) to work on /home/airflow/.local/lib/python3.8/site-packages/airflow/example_dags/example_kubernetes_executor.py
[2024-04-25T12:53:17.576+0000] {processor.py:829} INFO - Processing file /home/airflow/.local/lib/python3.8/site-packages/airflow/example_dags/example_kubernetes_executor.py for tasks to queue
[2024-04-25T12:53:17.577+0000] {logging_mixin.py:154} INFO - [2024-04-25T12:53:17.577+0000] {dagbag.py:536} INFO - Filling up the DagBag from /home/airflow/.local/lib/python3.8/site-packages/airflow/example_dags/example_kubernetes_executor.py
[2024-04-25T12:53:17.604+0000] {processor.py:839} INFO - DAG(s) dict_keys(['example_kubernetes_executor']) retrieved from /home/airflow/.local/lib/python3.8/site-packages/airflow/example_dags/example_kubernetes_executor.py
[2024-04-25T12:53:17.667+0000] {logging_mixin.py:154} INFO - [2024-04-25T12:53:17.666+0000] {dag.py:2941} INFO - Sync 1 DAGs
[2024-04-25T12:53:17.696+0000] {logging_mixin.py:154} INFO - [2024-04-25T12:53:17.695+0000] {dag.py:3722} INFO - Setting next_dagrun for example_kubernetes_executor to None, run_after=None
[2024-04-25T12:53:17.738+0000] {processor.py:179} INFO - Processing /home/airflow/.local/lib/python3.8/site-packages/airflow/example_dags/example_kubernetes_executor.py took 0.172 seconds
[2024-04-25T12:53:47.856+0000] {processor.py:157} INFO - Started process (PID=1346) to work on /home/airflow/.local/lib/python3.8/site-packages/airflow/example_dags/example_kubernetes_executor.py
[2024-04-25T12:53:47.858+0000] {processor.py:829} INFO - Processing file /home/airflow/.local/lib/python3.8/site-packages/airflow/example_dags/example_kubernetes_executor.py for tasks to queue
[2024-04-25T12:53:47.859+0000] {logging_mixin.py:154} INFO - [2024-04-25T12:53:47.859+0000] {dagbag.py:536} INFO - Filling up the DagBag from /home/airflow/.local/lib/python3.8/site-packages/airflow/example_dags/example_kubernetes_executor.py
[2024-04-25T12:53:47.880+0000] {processor.py:839} INFO - DAG(s) dict_keys(['example_kubernetes_executor']) retrieved from /home/airflow/.local/lib/python3.8/site-packages/airflow/example_dags/example_kubernetes_executor.py
[2024-04-25T12:53:47.935+0000] {logging_mixin.py:154} INFO - [2024-04-25T12:53:47.935+0000] {dag.py:2941} INFO - Sync 1 DAGs
[2024-04-25T12:53:47.954+0000] {logging_mixin.py:154} INFO - [2024-04-25T12:53:47.954+0000] {dag.py:3722} INFO - Setting next_dagrun for example_kubernetes_executor to None, run_after=None
[2024-04-25T12:53:47.982+0000] {processor.py:179} INFO - Processing /home/airflow/.local/lib/python3.8/site-packages/airflow/example_dags/example_kubernetes_executor.py took 0.132 seconds
[2024-04-25T12:54:18.900+0000] {processor.py:157} INFO - Started process (PID=1589) to work on /home/airflow/.local/lib/python3.8/site-packages/airflow/example_dags/example_kubernetes_executor.py
[2024-04-25T12:54:18.902+0000] {processor.py:829} INFO - Processing file /home/airflow/.local/lib/python3.8/site-packages/airflow/example_dags/example_kubernetes_executor.py for tasks to queue
[2024-04-25T12:54:18.903+0000] {logging_mixin.py:154} INFO - [2024-04-25T12:54:18.902+0000] {dagbag.py:536} INFO - Filling up the DagBag from /home/airflow/.local/lib/python3.8/site-packages/airflow/example_dags/example_kubernetes_executor.py
[2024-04-25T12:54:18.923+0000] {processor.py:839} INFO - DAG(s) dict_keys(['example_kubernetes_executor']) retrieved from /home/airflow/.local/lib/python3.8/site-packages/airflow/example_dags/example_kubernetes_executor.py
[2024-04-25T12:54:18.984+0000] {logging_mixin.py:154} INFO - [2024-04-25T12:54:18.983+0000] {dag.py:2941} INFO - Sync 1 DAGs
[2024-04-25T12:54:19.010+0000] {logging_mixin.py:154} INFO - [2024-04-25T12:54:19.009+0000] {dag.py:3722} INFO - Setting next_dagrun for example_kubernetes_executor to None, run_after=None
[2024-04-25T12:54:19.039+0000] {processor.py:179} INFO - Processing /home/airflow/.local/lib/python3.8/site-packages/airflow/example_dags/example_kubernetes_executor.py took 0.147 seconds
[2024-04-25T12:54:50.026+0000] {processor.py:157} INFO - Started process (PID=1832) to work on /home/airflow/.local/lib/python3.8/site-packages/airflow/example_dags/example_kubernetes_executor.py
[2024-04-25T12:54:50.029+0000] {processor.py:829} INFO - Processing file /home/airflow/.local/lib/python3.8/site-packages/airflow/example_dags/example_kubernetes_executor.py for tasks to queue
[2024-04-25T12:54:50.030+0000] {logging_mixin.py:154} INFO - [2024-04-25T12:54:50.030+0000] {dagbag.py:536} INFO - Filling up the DagBag from /home/airflow/.local/lib/python3.8/site-packages/airflow/example_dags/example_kubernetes_executor.py
[2024-04-25T12:54:50.051+0000] {processor.py:839} INFO - DAG(s) dict_keys(['example_kubernetes_executor']) retrieved from /home/airflow/.local/lib/python3.8/site-packages/airflow/example_dags/example_kubernetes_executor.py
[2024-04-25T12:54:50.120+0000] {logging_mixin.py:154} INFO - [2024-04-25T12:54:50.120+0000] {dag.py:2941} INFO - Sync 1 DAGs
[2024-04-25T12:54:50.146+0000] {logging_mixin.py:154} INFO - [2024-04-25T12:54:50.146+0000] {dag.py:3722} INFO - Setting next_dagrun for example_kubernetes_executor to None, run_after=None
[2024-04-25T12:54:50.186+0000] {processor.py:179} INFO - Processing /home/airflow/.local/lib/python3.8/site-packages/airflow/example_dags/example_kubernetes_executor.py took 0.167 seconds
[2024-04-25T12:55:20.358+0000] {processor.py:157} INFO - Started process (PID=2075) to work on /home/airflow/.local/lib/python3.8/site-packages/airflow/example_dags/example_kubernetes_executor.py
[2024-04-25T12:55:20.360+0000] {processor.py:829} INFO - Processing file /home/airflow/.local/lib/python3.8/site-packages/airflow/example_dags/example_kubernetes_executor.py for tasks to queue
[2024-04-25T12:55:20.362+0000] {logging_mixin.py:154} INFO - [2024-04-25T12:55:20.361+0000] {dagbag.py:536} INFO - Filling up the DagBag from /home/airflow/.local/lib/python3.8/site-packages/airflow/example_dags/example_kubernetes_executor.py
[2024-04-25T12:55:20.396+0000] {processor.py:839} INFO - DAG(s) dict_keys(['example_kubernetes_executor']) retrieved from /home/airflow/.local/lib/python3.8/site-packages/airflow/example_dags/example_kubernetes_executor.py
[2024-04-25T12:55:20.457+0000] {logging_mixin.py:154} INFO - [2024-04-25T12:55:20.456+0000] {dag.py:2941} INFO - Sync 1 DAGs
[2024-04-25T12:55:20.476+0000] {logging_mixin.py:154} INFO - [2024-04-25T12:55:20.476+0000] {dag.py:3722} INFO - Setting next_dagrun for example_kubernetes_executor to None, run_after=None
[2024-04-25T12:55:20.509+0000] {processor.py:179} INFO - Processing /home/airflow/.local/lib/python3.8/site-packages/airflow/example_dags/example_kubernetes_executor.py took 0.159 seconds
[2024-04-25T13:10:34.575+0000] {processor.py:157} INFO - Started process (PID=363) to work on /home/airflow/.local/lib/python3.8/site-packages/airflow/example_dags/example_kubernetes_executor.py
[2024-04-25T13:10:34.578+0000] {processor.py:829} INFO - Processing file /home/airflow/.local/lib/python3.8/site-packages/airflow/example_dags/example_kubernetes_executor.py for tasks to queue
[2024-04-25T13:10:34.579+0000] {logging_mixin.py:154} INFO - [2024-04-25T13:10:34.579+0000] {dagbag.py:536} INFO - Filling up the DagBag from /home/airflow/.local/lib/python3.8/site-packages/airflow/example_dags/example_kubernetes_executor.py
[2024-04-25T13:10:34.614+0000] {processor.py:839} INFO - DAG(s) dict_keys(['example_kubernetes_executor']) retrieved from /home/airflow/.local/lib/python3.8/site-packages/airflow/example_dags/example_kubernetes_executor.py
[2024-04-25T13:10:34.638+0000] {logging_mixin.py:154} INFO - [2024-04-25T13:10:34.637+0000] {dag.py:2941} INFO - Sync 1 DAGs
[2024-04-25T13:10:34.669+0000] {logging_mixin.py:154} INFO - [2024-04-25T13:10:34.668+0000] {dag.py:3722} INFO - Setting next_dagrun for example_kubernetes_executor to None, run_after=None
[2024-04-25T13:10:34.704+0000] {processor.py:179} INFO - Processing /home/airflow/.local/lib/python3.8/site-packages/airflow/example_dags/example_kubernetes_executor.py took 0.136 seconds
[2024-04-25T13:11:06.147+0000] {processor.py:157} INFO - Started process (PID=606) to work on /home/airflow/.local/lib/python3.8/site-packages/airflow/example_dags/example_kubernetes_executor.py
[2024-04-25T13:11:06.149+0000] {processor.py:829} INFO - Processing file /home/airflow/.local/lib/python3.8/site-packages/airflow/example_dags/example_kubernetes_executor.py for tasks to queue
[2024-04-25T13:11:06.150+0000] {logging_mixin.py:154} INFO - [2024-04-25T13:11:06.150+0000] {dagbag.py:536} INFO - Filling up the DagBag from /home/airflow/.local/lib/python3.8/site-packages/airflow/example_dags/example_kubernetes_executor.py
[2024-04-25T13:11:06.171+0000] {processor.py:839} INFO - DAG(s) dict_keys(['example_kubernetes_executor']) retrieved from /home/airflow/.local/lib/python3.8/site-packages/airflow/example_dags/example_kubernetes_executor.py
[2024-04-25T13:11:06.236+0000] {logging_mixin.py:154} INFO - [2024-04-25T13:11:06.235+0000] {dag.py:2941} INFO - Sync 1 DAGs
[2024-04-25T13:11:06.253+0000] {logging_mixin.py:154} INFO - [2024-04-25T13:11:06.252+0000] {dag.py:3722} INFO - Setting next_dagrun for example_kubernetes_executor to None, run_after=None
[2024-04-25T13:11:06.277+0000] {processor.py:179} INFO - Processing /home/airflow/.local/lib/python3.8/site-packages/airflow/example_dags/example_kubernetes_executor.py took 0.136 seconds
[2024-04-25T13:11:36.631+0000] {processor.py:157} INFO - Started process (PID=849) to work on /home/airflow/.local/lib/python3.8/site-packages/airflow/example_dags/example_kubernetes_executor.py
[2024-04-25T13:11:36.633+0000] {processor.py:829} INFO - Processing file /home/airflow/.local/lib/python3.8/site-packages/airflow/example_dags/example_kubernetes_executor.py for tasks to queue
[2024-04-25T13:11:36.635+0000] {logging_mixin.py:154} INFO - [2024-04-25T13:11:36.634+0000] {dagbag.py:536} INFO - Filling up the DagBag from /home/airflow/.local/lib/python3.8/site-packages/airflow/example_dags/example_kubernetes_executor.py
[2024-04-25T13:11:36.663+0000] {processor.py:839} INFO - DAG(s) dict_keys(['example_kubernetes_executor']) retrieved from /home/airflow/.local/lib/python3.8/site-packages/airflow/example_dags/example_kubernetes_executor.py
[2024-04-25T13:11:36.719+0000] {logging_mixin.py:154} INFO - [2024-04-25T13:11:36.718+0000] {dag.py:2941} INFO - Sync 1 DAGs
[2024-04-25T13:11:36.736+0000] {logging_mixin.py:154} INFO - [2024-04-25T13:11:36.736+0000] {dag.py:3722} INFO - Setting next_dagrun for example_kubernetes_executor to None, run_after=None
[2024-04-25T13:11:36.767+0000] {processor.py:179} INFO - Processing /home/airflow/.local/lib/python3.8/site-packages/airflow/example_dags/example_kubernetes_executor.py took 0.143 seconds
[2024-04-25T13:12:07.651+0000] {processor.py:157} INFO - Started process (PID=1099) to work on /home/airflow/.local/lib/python3.8/site-packages/airflow/example_dags/example_kubernetes_executor.py
[2024-04-25T13:12:07.653+0000] {processor.py:829} INFO - Processing file /home/airflow/.local/lib/python3.8/site-packages/airflow/example_dags/example_kubernetes_executor.py for tasks to queue
[2024-04-25T13:12:07.655+0000] {logging_mixin.py:154} INFO - [2024-04-25T13:12:07.654+0000] {dagbag.py:536} INFO - Filling up the DagBag from /home/airflow/.local/lib/python3.8/site-packages/airflow/example_dags/example_kubernetes_executor.py
[2024-04-25T13:12:07.686+0000] {processor.py:839} INFO - DAG(s) dict_keys(['example_kubernetes_executor']) retrieved from /home/airflow/.local/lib/python3.8/site-packages/airflow/example_dags/example_kubernetes_executor.py
[2024-04-25T13:12:07.752+0000] {logging_mixin.py:154} INFO - [2024-04-25T13:12:07.752+0000] {dag.py:2941} INFO - Sync 1 DAGs
[2024-04-25T13:12:07.774+0000] {logging_mixin.py:154} INFO - [2024-04-25T13:12:07.774+0000] {dag.py:3722} INFO - Setting next_dagrun for example_kubernetes_executor to None, run_after=None
[2024-04-25T13:12:07.810+0000] {processor.py:179} INFO - Processing /home/airflow/.local/lib/python3.8/site-packages/airflow/example_dags/example_kubernetes_executor.py took 0.167 seconds
[2024-04-25T13:12:38.582+0000] {processor.py:157} INFO - Started process (PID=1345) to work on /home/airflow/.local/lib/python3.8/site-packages/airflow/example_dags/example_kubernetes_executor.py
[2024-04-25T13:12:38.586+0000] {processor.py:829} INFO - Processing file /home/airflow/.local/lib/python3.8/site-packages/airflow/example_dags/example_kubernetes_executor.py for tasks to queue
[2024-04-25T13:12:38.587+0000] {logging_mixin.py:154} INFO - [2024-04-25T13:12:38.586+0000] {dagbag.py:536} INFO - Filling up the DagBag from /home/airflow/.local/lib/python3.8/site-packages/airflow/example_dags/example_kubernetes_executor.py
[2024-04-25T13:12:38.615+0000] {processor.py:839} INFO - DAG(s) dict_keys(['example_kubernetes_executor']) retrieved from /home/airflow/.local/lib/python3.8/site-packages/airflow/example_dags/example_kubernetes_executor.py
[2024-04-25T13:12:38.696+0000] {logging_mixin.py:154} INFO - [2024-04-25T13:12:38.695+0000] {dag.py:2941} INFO - Sync 1 DAGs
[2024-04-25T13:12:38.720+0000] {logging_mixin.py:154} INFO - [2024-04-25T13:12:38.719+0000] {dag.py:3722} INFO - Setting next_dagrun for example_kubernetes_executor to None, run_after=None
[2024-04-25T13:12:38.752+0000] {processor.py:179} INFO - Processing /home/airflow/.local/lib/python3.8/site-packages/airflow/example_dags/example_kubernetes_executor.py took 0.177 seconds
[2024-04-25T13:13:09.514+0000] {processor.py:157} INFO - Started process (PID=1588) to work on /home/airflow/.local/lib/python3.8/site-packages/airflow/example_dags/example_kubernetes_executor.py
[2024-04-25T13:13:09.517+0000] {processor.py:829} INFO - Processing file /home/airflow/.local/lib/python3.8/site-packages/airflow/example_dags/example_kubernetes_executor.py for tasks to queue
[2024-04-25T13:13:09.518+0000] {logging_mixin.py:154} INFO - [2024-04-25T13:13:09.518+0000] {dagbag.py:536} INFO - Filling up the DagBag from /home/airflow/.local/lib/python3.8/site-packages/airflow/example_dags/example_kubernetes_executor.py
[2024-04-25T13:13:09.537+0000] {processor.py:839} INFO - DAG(s) dict_keys(['example_kubernetes_executor']) retrieved from /home/airflow/.local/lib/python3.8/site-packages/airflow/example_dags/example_kubernetes_executor.py
[2024-04-25T13:13:09.588+0000] {logging_mixin.py:154} INFO - [2024-04-25T13:13:09.588+0000] {dag.py:2941} INFO - Sync 1 DAGs
[2024-04-25T13:13:09.607+0000] {logging_mixin.py:154} INFO - [2024-04-25T13:13:09.607+0000] {dag.py:3722} INFO - Setting next_dagrun for example_kubernetes_executor to None, run_after=None
[2024-04-25T13:13:09.635+0000] {processor.py:179} INFO - Processing /home/airflow/.local/lib/python3.8/site-packages/airflow/example_dags/example_kubernetes_executor.py took 0.129 seconds
[2024-04-25T13:13:39.823+0000] {processor.py:157} INFO - Started process (PID=1832) to work on /home/airflow/.local/lib/python3.8/site-packages/airflow/example_dags/example_kubernetes_executor.py
[2024-04-25T13:13:39.826+0000] {processor.py:829} INFO - Processing file /home/airflow/.local/lib/python3.8/site-packages/airflow/example_dags/example_kubernetes_executor.py for tasks to queue
[2024-04-25T13:13:39.827+0000] {logging_mixin.py:154} INFO - [2024-04-25T13:13:39.827+0000] {dagbag.py:536} INFO - Filling up the DagBag from /home/airflow/.local/lib/python3.8/site-packages/airflow/example_dags/example_kubernetes_executor.py
[2024-04-25T13:13:39.858+0000] {processor.py:839} INFO - DAG(s) dict_keys(['example_kubernetes_executor']) retrieved from /home/airflow/.local/lib/python3.8/site-packages/airflow/example_dags/example_kubernetes_executor.py
[2024-04-25T13:13:39.908+0000] {logging_mixin.py:154} INFO - [2024-04-25T13:13:39.908+0000] {dag.py:2941} INFO - Sync 1 DAGs
[2024-04-25T13:13:39.925+0000] {logging_mixin.py:154} INFO - [2024-04-25T13:13:39.925+0000] {dag.py:3722} INFO - Setting next_dagrun for example_kubernetes_executor to None, run_after=None
[2024-04-25T13:13:39.951+0000] {processor.py:179} INFO - Processing /home/airflow/.local/lib/python3.8/site-packages/airflow/example_dags/example_kubernetes_executor.py took 0.136 seconds
[2024-04-25T13:14:10.164+0000] {processor.py:157} INFO - Started process (PID=2076) to work on /home/airflow/.local/lib/python3.8/site-packages/airflow/example_dags/example_kubernetes_executor.py
[2024-04-25T13:14:10.166+0000] {processor.py:829} INFO - Processing file /home/airflow/.local/lib/python3.8/site-packages/airflow/example_dags/example_kubernetes_executor.py for tasks to queue
[2024-04-25T13:14:10.167+0000] {logging_mixin.py:154} INFO - [2024-04-25T13:14:10.166+0000] {dagbag.py:536} INFO - Filling up the DagBag from /home/airflow/.local/lib/python3.8/site-packages/airflow/example_dags/example_kubernetes_executor.py
[2024-04-25T13:14:10.186+0000] {processor.py:839} INFO - DAG(s) dict_keys(['example_kubernetes_executor']) retrieved from /home/airflow/.local/lib/python3.8/site-packages/airflow/example_dags/example_kubernetes_executor.py
[2024-04-25T13:14:10.237+0000] {logging_mixin.py:154} INFO - [2024-04-25T13:14:10.236+0000] {dag.py:2941} INFO - Sync 1 DAGs
[2024-04-25T13:14:10.254+0000] {logging_mixin.py:154} INFO - [2024-04-25T13:14:10.253+0000] {dag.py:3722} INFO - Setting next_dagrun for example_kubernetes_executor to None, run_after=None
[2024-04-25T13:14:10.279+0000] {processor.py:179} INFO - Processing /home/airflow/.local/lib/python3.8/site-packages/airflow/example_dags/example_kubernetes_executor.py took 0.121 seconds
[2024-04-25T13:14:40.376+0000] {processor.py:157} INFO - Started process (PID=2315) to work on /home/airflow/.local/lib/python3.8/site-packages/airflow/example_dags/example_kubernetes_executor.py
[2024-04-25T13:14:40.378+0000] {processor.py:829} INFO - Processing file /home/airflow/.local/lib/python3.8/site-packages/airflow/example_dags/example_kubernetes_executor.py for tasks to queue
[2024-04-25T13:14:40.379+0000] {logging_mixin.py:154} INFO - [2024-04-25T13:14:40.379+0000] {dagbag.py:536} INFO - Filling up the DagBag from /home/airflow/.local/lib/python3.8/site-packages/airflow/example_dags/example_kubernetes_executor.py
[2024-04-25T13:14:40.418+0000] {processor.py:839} INFO - DAG(s) dict_keys(['example_kubernetes_executor']) retrieved from /home/airflow/.local/lib/python3.8/site-packages/airflow/example_dags/example_kubernetes_executor.py
[2024-04-25T13:14:40.488+0000] {logging_mixin.py:154} INFO - [2024-04-25T13:14:40.487+0000] {dag.py:2941} INFO - Sync 1 DAGs
[2024-04-25T13:14:40.510+0000] {logging_mixin.py:154} INFO - [2024-04-25T13:14:40.509+0000] {dag.py:3722} INFO - Setting next_dagrun for example_kubernetes_executor to None, run_after=None
[2024-04-25T13:14:40.545+0000] {processor.py:179} INFO - Processing /home/airflow/.local/lib/python3.8/site-packages/airflow/example_dags/example_kubernetes_executor.py took 0.179 seconds
[2024-04-25T13:15:10.786+0000] {processor.py:157} INFO - Started process (PID=2557) to work on /home/airflow/.local/lib/python3.8/site-packages/airflow/example_dags/example_kubernetes_executor.py
[2024-04-25T13:15:10.788+0000] {processor.py:829} INFO - Processing file /home/airflow/.local/lib/python3.8/site-packages/airflow/example_dags/example_kubernetes_executor.py for tasks to queue
[2024-04-25T13:15:10.789+0000] {logging_mixin.py:154} INFO - [2024-04-25T13:15:10.789+0000] {dagbag.py:536} INFO - Filling up the DagBag from /home/airflow/.local/lib/python3.8/site-packages/airflow/example_dags/example_kubernetes_executor.py
[2024-04-25T13:15:10.813+0000] {processor.py:839} INFO - DAG(s) dict_keys(['example_kubernetes_executor']) retrieved from /home/airflow/.local/lib/python3.8/site-packages/airflow/example_dags/example_kubernetes_executor.py
[2024-04-25T13:15:10.876+0000] {logging_mixin.py:154} INFO - [2024-04-25T13:15:10.875+0000] {dag.py:2941} INFO - Sync 1 DAGs
[2024-04-25T13:15:10.901+0000] {logging_mixin.py:154} INFO - [2024-04-25T13:15:10.901+0000] {dag.py:3722} INFO - Setting next_dagrun for example_kubernetes_executor to None, run_after=None
[2024-04-25T13:15:10.944+0000] {processor.py:179} INFO - Processing /home/airflow/.local/lib/python3.8/site-packages/airflow/example_dags/example_kubernetes_executor.py took 0.165 seconds
[2024-04-25T13:15:41.346+0000] {processor.py:157} INFO - Started process (PID=2800) to work on /home/airflow/.local/lib/python3.8/site-packages/airflow/example_dags/example_kubernetes_executor.py
[2024-04-25T13:15:41.348+0000] {processor.py:829} INFO - Processing file /home/airflow/.local/lib/python3.8/site-packages/airflow/example_dags/example_kubernetes_executor.py for tasks to queue
[2024-04-25T13:15:41.350+0000] {logging_mixin.py:154} INFO - [2024-04-25T13:15:41.349+0000] {dagbag.py:536} INFO - Filling up the DagBag from /home/airflow/.local/lib/python3.8/site-packages/airflow/example_dags/example_kubernetes_executor.py
[2024-04-25T13:15:41.385+0000] {processor.py:839} INFO - DAG(s) dict_keys(['example_kubernetes_executor']) retrieved from /home/airflow/.local/lib/python3.8/site-packages/airflow/example_dags/example_kubernetes_executor.py
[2024-04-25T13:15:41.454+0000] {logging_mixin.py:154} INFO - [2024-04-25T13:15:41.454+0000] {dag.py:2941} INFO - Sync 1 DAGs
[2024-04-25T13:15:41.474+0000] {logging_mixin.py:154} INFO - [2024-04-25T13:15:41.474+0000] {dag.py:3722} INFO - Setting next_dagrun for example_kubernetes_executor to None, run_after=None
[2024-04-25T13:15:41.502+0000] {processor.py:179} INFO - Processing /home/airflow/.local/lib/python3.8/site-packages/airflow/example_dags/example_kubernetes_executor.py took 0.162 seconds
[2024-04-25T13:16:12.305+0000] {processor.py:157} INFO - Started process (PID=3043) to work on /home/airflow/.local/lib/python3.8/site-packages/airflow/example_dags/example_kubernetes_executor.py
[2024-04-25T13:16:12.308+0000] {processor.py:829} INFO - Processing file /home/airflow/.local/lib/python3.8/site-packages/airflow/example_dags/example_kubernetes_executor.py for tasks to queue
[2024-04-25T13:16:12.309+0000] {logging_mixin.py:154} INFO - [2024-04-25T13:16:12.309+0000] {dagbag.py:536} INFO - Filling up the DagBag from /home/airflow/.local/lib/python3.8/site-packages/airflow/example_dags/example_kubernetes_executor.py
[2024-04-25T13:16:12.340+0000] {processor.py:839} INFO - DAG(s) dict_keys(['example_kubernetes_executor']) retrieved from /home/airflow/.local/lib/python3.8/site-packages/airflow/example_dags/example_kubernetes_executor.py
[2024-04-25T13:16:12.409+0000] {logging_mixin.py:154} INFO - [2024-04-25T13:16:12.408+0000] {dag.py:2941} INFO - Sync 1 DAGs
[2024-04-25T13:16:12.429+0000] {logging_mixin.py:154} INFO - [2024-04-25T13:16:12.429+0000] {dag.py:3722} INFO - Setting next_dagrun for example_kubernetes_executor to None, run_after=None
[2024-04-25T13:16:12.460+0000] {processor.py:179} INFO - Processing /home/airflow/.local/lib/python3.8/site-packages/airflow/example_dags/example_kubernetes_executor.py took 0.161 seconds
[2024-04-25T13:16:43.430+0000] {processor.py:157} INFO - Started process (PID=3287) to work on /home/airflow/.local/lib/python3.8/site-packages/airflow/example_dags/example_kubernetes_executor.py
[2024-04-25T13:16:43.431+0000] {processor.py:829} INFO - Processing file /home/airflow/.local/lib/python3.8/site-packages/airflow/example_dags/example_kubernetes_executor.py for tasks to queue
[2024-04-25T13:16:43.433+0000] {logging_mixin.py:154} INFO - [2024-04-25T13:16:43.432+0000] {dagbag.py:536} INFO - Filling up the DagBag from /home/airflow/.local/lib/python3.8/site-packages/airflow/example_dags/example_kubernetes_executor.py
[2024-04-25T13:16:43.460+0000] {processor.py:839} INFO - DAG(s) dict_keys(['example_kubernetes_executor']) retrieved from /home/airflow/.local/lib/python3.8/site-packages/airflow/example_dags/example_kubernetes_executor.py
[2024-04-25T13:16:43.517+0000] {logging_mixin.py:154} INFO - [2024-04-25T13:16:43.516+0000] {dag.py:2941} INFO - Sync 1 DAGs
[2024-04-25T13:16:43.537+0000] {logging_mixin.py:154} INFO - [2024-04-25T13:16:43.537+0000] {dag.py:3722} INFO - Setting next_dagrun for example_kubernetes_executor to None, run_after=None
[2024-04-25T13:16:43.571+0000] {processor.py:179} INFO - Processing /home/airflow/.local/lib/python3.8/site-packages/airflow/example_dags/example_kubernetes_executor.py took 0.147 seconds
[2024-04-25T13:17:14.244+0000] {processor.py:157} INFO - Started process (PID=3530) to work on /home/airflow/.local/lib/python3.8/site-packages/airflow/example_dags/example_kubernetes_executor.py
[2024-04-25T13:17:14.249+0000] {processor.py:829} INFO - Processing file /home/airflow/.local/lib/python3.8/site-packages/airflow/example_dags/example_kubernetes_executor.py for tasks to queue
[2024-04-25T13:17:14.250+0000] {logging_mixin.py:154} INFO - [2024-04-25T13:17:14.250+0000] {dagbag.py:536} INFO - Filling up the DagBag from /home/airflow/.local/lib/python3.8/site-packages/airflow/example_dags/example_kubernetes_executor.py
[2024-04-25T13:17:14.275+0000] {processor.py:839} INFO - DAG(s) dict_keys(['example_kubernetes_executor']) retrieved from /home/airflow/.local/lib/python3.8/site-packages/airflow/example_dags/example_kubernetes_executor.py
[2024-04-25T13:17:14.356+0000] {logging_mixin.py:154} INFO - [2024-04-25T13:17:14.356+0000] {dag.py:2941} INFO - Sync 1 DAGs
[2024-04-25T13:17:14.380+0000] {logging_mixin.py:154} INFO - [2024-04-25T13:17:14.380+0000] {dag.py:3722} INFO - Setting next_dagrun for example_kubernetes_executor to None, run_after=None
[2024-04-25T13:17:14.416+0000] {processor.py:179} INFO - Processing /home/airflow/.local/lib/python3.8/site-packages/airflow/example_dags/example_kubernetes_executor.py took 0.179 seconds
[2024-04-25T13:17:44.760+0000] {processor.py:157} INFO - Started process (PID=3773) to work on /home/airflow/.local/lib/python3.8/site-packages/airflow/example_dags/example_kubernetes_executor.py
[2024-04-25T13:17:44.762+0000] {processor.py:829} INFO - Processing file /home/airflow/.local/lib/python3.8/site-packages/airflow/example_dags/example_kubernetes_executor.py for tasks to queue
[2024-04-25T13:17:44.763+0000] {logging_mixin.py:154} INFO - [2024-04-25T13:17:44.762+0000] {dagbag.py:536} INFO - Filling up the DagBag from /home/airflow/.local/lib/python3.8/site-packages/airflow/example_dags/example_kubernetes_executor.py
[2024-04-25T13:17:44.783+0000] {processor.py:839} INFO - DAG(s) dict_keys(['example_kubernetes_executor']) retrieved from /home/airflow/.local/lib/python3.8/site-packages/airflow/example_dags/example_kubernetes_executor.py
[2024-04-25T13:17:44.858+0000] {logging_mixin.py:154} INFO - [2024-04-25T13:17:44.858+0000] {dag.py:2941} INFO - Sync 1 DAGs
[2024-04-25T13:17:44.879+0000] {logging_mixin.py:154} INFO - [2024-04-25T13:17:44.879+0000] {dag.py:3722} INFO - Setting next_dagrun for example_kubernetes_executor to None, run_after=None
[2024-04-25T13:17:44.907+0000] {processor.py:179} INFO - Processing /home/airflow/.local/lib/python3.8/site-packages/airflow/example_dags/example_kubernetes_executor.py took 0.152 seconds
[2024-04-25T13:18:15.732+0000] {processor.py:157} INFO - Started process (PID=4017) to work on /home/airflow/.local/lib/python3.8/site-packages/airflow/example_dags/example_kubernetes_executor.py
[2024-04-25T13:18:15.734+0000] {processor.py:829} INFO - Processing file /home/airflow/.local/lib/python3.8/site-packages/airflow/example_dags/example_kubernetes_executor.py for tasks to queue
[2024-04-25T13:18:15.736+0000] {logging_mixin.py:154} INFO - [2024-04-25T13:18:15.735+0000] {dagbag.py:536} INFO - Filling up the DagBag from /home/airflow/.local/lib/python3.8/site-packages/airflow/example_dags/example_kubernetes_executor.py
[2024-04-25T13:18:15.765+0000] {processor.py:839} INFO - DAG(s) dict_keys(['example_kubernetes_executor']) retrieved from /home/airflow/.local/lib/python3.8/site-packages/airflow/example_dags/example_kubernetes_executor.py
[2024-04-25T13:18:15.819+0000] {logging_mixin.py:154} INFO - [2024-04-25T13:18:15.819+0000] {dag.py:2941} INFO - Sync 1 DAGs
[2024-04-25T13:18:15.851+0000] {logging_mixin.py:154} INFO - [2024-04-25T13:18:15.851+0000] {dag.py:3722} INFO - Setting next_dagrun for example_kubernetes_executor to None, run_after=None
[2024-04-25T13:18:15.894+0000] {processor.py:179} INFO - Processing /home/airflow/.local/lib/python3.8/site-packages/airflow/example_dags/example_kubernetes_executor.py took 0.170 seconds
[2024-04-25T13:18:46.858+0000] {processor.py:157} INFO - Started process (PID=4268) to work on /home/airflow/.local/lib/python3.8/site-packages/airflow/example_dags/example_kubernetes_executor.py
[2024-04-25T13:18:46.860+0000] {processor.py:829} INFO - Processing file /home/airflow/.local/lib/python3.8/site-packages/airflow/example_dags/example_kubernetes_executor.py for tasks to queue
[2024-04-25T13:18:46.861+0000] {logging_mixin.py:154} INFO - [2024-04-25T13:18:46.861+0000] {dagbag.py:536} INFO - Filling up the DagBag from /home/airflow/.local/lib/python3.8/site-packages/airflow/example_dags/example_kubernetes_executor.py
[2024-04-25T13:18:46.885+0000] {processor.py:839} INFO - DAG(s) dict_keys(['example_kubernetes_executor']) retrieved from /home/airflow/.local/lib/python3.8/site-packages/airflow/example_dags/example_kubernetes_executor.py
[2024-04-25T13:18:46.959+0000] {logging_mixin.py:154} INFO - [2024-04-25T13:18:46.958+0000] {dag.py:2941} INFO - Sync 1 DAGs
[2024-04-25T13:18:46.983+0000] {logging_mixin.py:154} INFO - [2024-04-25T13:18:46.982+0000] {dag.py:3722} INFO - Setting next_dagrun for example_kubernetes_executor to None, run_after=None
[2024-04-25T13:18:47.015+0000] {processor.py:179} INFO - Processing /home/airflow/.local/lib/python3.8/site-packages/airflow/example_dags/example_kubernetes_executor.py took 0.163 seconds
[2024-04-25T13:27:17.391+0000] {processor.py:157} INFO - Started process (PID=363) to work on /home/airflow/.local/lib/python3.8/site-packages/airflow/example_dags/example_kubernetes_executor.py
[2024-04-25T13:27:17.394+0000] {processor.py:829} INFO - Processing file /home/airflow/.local/lib/python3.8/site-packages/airflow/example_dags/example_kubernetes_executor.py for tasks to queue
[2024-04-25T13:27:17.396+0000] {logging_mixin.py:154} INFO - [2024-04-25T13:27:17.395+0000] {dagbag.py:536} INFO - Filling up the DagBag from /home/airflow/.local/lib/python3.8/site-packages/airflow/example_dags/example_kubernetes_executor.py
[2024-04-25T13:27:17.437+0000] {processor.py:839} INFO - DAG(s) dict_keys(['example_kubernetes_executor']) retrieved from /home/airflow/.local/lib/python3.8/site-packages/airflow/example_dags/example_kubernetes_executor.py
[2024-04-25T13:27:17.458+0000] {logging_mixin.py:154} INFO - [2024-04-25T13:27:17.458+0000] {dag.py:2941} INFO - Sync 1 DAGs
[2024-04-25T13:27:17.481+0000] {logging_mixin.py:154} INFO - [2024-04-25T13:27:17.481+0000] {dag.py:3722} INFO - Setting next_dagrun for example_kubernetes_executor to None, run_after=None
[2024-04-25T13:27:17.515+0000] {processor.py:179} INFO - Processing /home/airflow/.local/lib/python3.8/site-packages/airflow/example_dags/example_kubernetes_executor.py took 0.131 seconds
[2024-04-25T13:27:48.089+0000] {processor.py:157} INFO - Started process (PID=606) to work on /home/airflow/.local/lib/python3.8/site-packages/airflow/example_dags/example_kubernetes_executor.py
[2024-04-25T13:27:48.091+0000] {processor.py:829} INFO - Processing file /home/airflow/.local/lib/python3.8/site-packages/airflow/example_dags/example_kubernetes_executor.py for tasks to queue
[2024-04-25T13:27:48.092+0000] {logging_mixin.py:154} INFO - [2024-04-25T13:27:48.092+0000] {dagbag.py:536} INFO - Filling up the DagBag from /home/airflow/.local/lib/python3.8/site-packages/airflow/example_dags/example_kubernetes_executor.py
[2024-04-25T13:27:48.121+0000] {processor.py:839} INFO - DAG(s) dict_keys(['example_kubernetes_executor']) retrieved from /home/airflow/.local/lib/python3.8/site-packages/airflow/example_dags/example_kubernetes_executor.py
[2024-04-25T13:27:48.175+0000] {logging_mixin.py:154} INFO - [2024-04-25T13:27:48.175+0000] {dag.py:2941} INFO - Sync 1 DAGs
[2024-04-25T13:27:48.201+0000] {logging_mixin.py:154} INFO - [2024-04-25T13:27:48.200+0000] {dag.py:3722} INFO - Setting next_dagrun for example_kubernetes_executor to None, run_after=None
[2024-04-25T13:27:48.228+0000] {processor.py:179} INFO - Processing /home/airflow/.local/lib/python3.8/site-packages/airflow/example_dags/example_kubernetes_executor.py took 0.147 seconds
[2024-04-25T13:28:18.412+0000] {processor.py:157} INFO - Started process (PID=849) to work on /home/airflow/.local/lib/python3.8/site-packages/airflow/example_dags/example_kubernetes_executor.py
[2024-04-25T13:28:18.416+0000] {processor.py:829} INFO - Processing file /home/airflow/.local/lib/python3.8/site-packages/airflow/example_dags/example_kubernetes_executor.py for tasks to queue
[2024-04-25T13:28:18.417+0000] {logging_mixin.py:154} INFO - [2024-04-25T13:28:18.416+0000] {dagbag.py:536} INFO - Filling up the DagBag from /home/airflow/.local/lib/python3.8/site-packages/airflow/example_dags/example_kubernetes_executor.py
[2024-04-25T13:28:18.446+0000] {processor.py:839} INFO - DAG(s) dict_keys(['example_kubernetes_executor']) retrieved from /home/airflow/.local/lib/python3.8/site-packages/airflow/example_dags/example_kubernetes_executor.py
[2024-04-25T13:28:18.517+0000] {logging_mixin.py:154} INFO - [2024-04-25T13:28:18.517+0000] {dag.py:2941} INFO - Sync 1 DAGs
[2024-04-25T13:28:18.536+0000] {logging_mixin.py:154} INFO - [2024-04-25T13:28:18.536+0000] {dag.py:3722} INFO - Setting next_dagrun for example_kubernetes_executor to None, run_after=None
[2024-04-25T13:28:18.568+0000] {processor.py:179} INFO - Processing /home/airflow/.local/lib/python3.8/site-packages/airflow/example_dags/example_kubernetes_executor.py took 0.162 seconds
[2024-04-25T13:28:50.172+0000] {processor.py:157} INFO - Started process (PID=1101) to work on /home/airflow/.local/lib/python3.8/site-packages/airflow/example_dags/example_kubernetes_executor.py
[2024-04-25T13:28:50.175+0000] {processor.py:829} INFO - Processing file /home/airflow/.local/lib/python3.8/site-packages/airflow/example_dags/example_kubernetes_executor.py for tasks to queue
[2024-04-25T13:28:50.176+0000] {logging_mixin.py:154} INFO - [2024-04-25T13:28:50.176+0000] {dagbag.py:536} INFO - Filling up the DagBag from /home/airflow/.local/lib/python3.8/site-packages/airflow/example_dags/example_kubernetes_executor.py
[2024-04-25T13:28:50.202+0000] {processor.py:839} INFO - DAG(s) dict_keys(['example_kubernetes_executor']) retrieved from /home/airflow/.local/lib/python3.8/site-packages/airflow/example_dags/example_kubernetes_executor.py
[2024-04-25T13:28:50.271+0000] {logging_mixin.py:154} INFO - [2024-04-25T13:28:50.271+0000] {dag.py:2941} INFO - Sync 1 DAGs
[2024-04-25T13:28:50.298+0000] {logging_mixin.py:154} INFO - [2024-04-25T13:28:50.298+0000] {dag.py:3722} INFO - Setting next_dagrun for example_kubernetes_executor to None, run_after=None
[2024-04-25T13:28:50.334+0000] {processor.py:179} INFO - Processing /home/airflow/.local/lib/python3.8/site-packages/airflow/example_dags/example_kubernetes_executor.py took 0.170 seconds
[2024-04-25T13:29:21.220+0000] {processor.py:157} INFO - Started process (PID=1345) to work on /home/airflow/.local/lib/python3.8/site-packages/airflow/example_dags/example_kubernetes_executor.py
[2024-04-25T13:29:21.222+0000] {processor.py:829} INFO - Processing file /home/airflow/.local/lib/python3.8/site-packages/airflow/example_dags/example_kubernetes_executor.py for tasks to queue
[2024-04-25T13:29:21.223+0000] {logging_mixin.py:154} INFO - [2024-04-25T13:29:21.223+0000] {dagbag.py:536} INFO - Filling up the DagBag from /home/airflow/.local/lib/python3.8/site-packages/airflow/example_dags/example_kubernetes_executor.py
[2024-04-25T13:29:21.244+0000] {processor.py:839} INFO - DAG(s) dict_keys(['example_kubernetes_executor']) retrieved from /home/airflow/.local/lib/python3.8/site-packages/airflow/example_dags/example_kubernetes_executor.py
[2024-04-25T13:29:21.318+0000] {logging_mixin.py:154} INFO - [2024-04-25T13:29:21.317+0000] {dag.py:2941} INFO - Sync 1 DAGs
[2024-04-25T13:29:21.354+0000] {logging_mixin.py:154} INFO - [2024-04-25T13:29:21.353+0000] {dag.py:3722} INFO - Setting next_dagrun for example_kubernetes_executor to None, run_after=None
[2024-04-25T13:29:21.393+0000] {processor.py:179} INFO - Processing /home/airflow/.local/lib/python3.8/site-packages/airflow/example_dags/example_kubernetes_executor.py took 0.179 seconds
[2024-04-25T13:29:52.090+0000] {processor.py:157} INFO - Started process (PID=1588) to work on /home/airflow/.local/lib/python3.8/site-packages/airflow/example_dags/example_kubernetes_executor.py
[2024-04-25T13:29:52.093+0000] {processor.py:829} INFO - Processing file /home/airflow/.local/lib/python3.8/site-packages/airflow/example_dags/example_kubernetes_executor.py for tasks to queue
[2024-04-25T13:29:52.094+0000] {logging_mixin.py:154} INFO - [2024-04-25T13:29:52.094+0000] {dagbag.py:536} INFO - Filling up the DagBag from /home/airflow/.local/lib/python3.8/site-packages/airflow/example_dags/example_kubernetes_executor.py
[2024-04-25T13:29:52.116+0000] {processor.py:839} INFO - DAG(s) dict_keys(['example_kubernetes_executor']) retrieved from /home/airflow/.local/lib/python3.8/site-packages/airflow/example_dags/example_kubernetes_executor.py
[2024-04-25T13:29:52.177+0000] {logging_mixin.py:154} INFO - [2024-04-25T13:29:52.177+0000] {dag.py:2941} INFO - Sync 1 DAGs
[2024-04-25T13:29:52.198+0000] {logging_mixin.py:154} INFO - [2024-04-25T13:29:52.197+0000] {dag.py:3722} INFO - Setting next_dagrun for example_kubernetes_executor to None, run_after=None
[2024-04-25T13:29:52.224+0000] {processor.py:179} INFO - Processing /home/airflow/.local/lib/python3.8/site-packages/airflow/example_dags/example_kubernetes_executor.py took 0.140 seconds
[2024-04-25T13:30:22.610+0000] {processor.py:157} INFO - Started process (PID=1831) to work on /home/airflow/.local/lib/python3.8/site-packages/airflow/example_dags/example_kubernetes_executor.py
[2024-04-25T13:30:22.611+0000] {processor.py:829} INFO - Processing file /home/airflow/.local/lib/python3.8/site-packages/airflow/example_dags/example_kubernetes_executor.py for tasks to queue
[2024-04-25T13:30:22.612+0000] {logging_mixin.py:154} INFO - [2024-04-25T13:30:22.612+0000] {dagbag.py:536} INFO - Filling up the DagBag from /home/airflow/.local/lib/python3.8/site-packages/airflow/example_dags/example_kubernetes_executor.py
[2024-04-25T13:30:22.632+0000] {processor.py:839} INFO - DAG(s) dict_keys(['example_kubernetes_executor']) retrieved from /home/airflow/.local/lib/python3.8/site-packages/airflow/example_dags/example_kubernetes_executor.py
[2024-04-25T13:30:22.700+0000] {logging_mixin.py:154} INFO - [2024-04-25T13:30:22.700+0000] {dag.py:2941} INFO - Sync 1 DAGs
[2024-04-25T13:30:22.720+0000] {logging_mixin.py:154} INFO - [2024-04-25T13:30:22.720+0000] {dag.py:3722} INFO - Setting next_dagrun for example_kubernetes_executor to None, run_after=None
[2024-04-25T13:30:22.750+0000] {processor.py:179} INFO - Processing /home/airflow/.local/lib/python3.8/site-packages/airflow/example_dags/example_kubernetes_executor.py took 0.146 seconds
[2024-04-25T13:30:53.411+0000] {processor.py:157} INFO - Started process (PID=2075) to work on /home/airflow/.local/lib/python3.8/site-packages/airflow/example_dags/example_kubernetes_executor.py
[2024-04-25T13:30:53.412+0000] {processor.py:829} INFO - Processing file /home/airflow/.local/lib/python3.8/site-packages/airflow/example_dags/example_kubernetes_executor.py for tasks to queue
[2024-04-25T13:30:53.414+0000] {logging_mixin.py:154} INFO - [2024-04-25T13:30:53.413+0000] {dagbag.py:536} INFO - Filling up the DagBag from /home/airflow/.local/lib/python3.8/site-packages/airflow/example_dags/example_kubernetes_executor.py
[2024-04-25T13:30:53.446+0000] {processor.py:839} INFO - DAG(s) dict_keys(['example_kubernetes_executor']) retrieved from /home/airflow/.local/lib/python3.8/site-packages/airflow/example_dags/example_kubernetes_executor.py
[2024-04-25T13:30:53.503+0000] {logging_mixin.py:154} INFO - [2024-04-25T13:30:53.502+0000] {dag.py:2941} INFO - Sync 1 DAGs
[2024-04-25T13:30:53.524+0000] {logging_mixin.py:154} INFO - [2024-04-25T13:30:53.524+0000] {dag.py:3722} INFO - Setting next_dagrun for example_kubernetes_executor to None, run_after=None
[2024-04-25T13:30:53.557+0000] {processor.py:179} INFO - Processing /home/airflow/.local/lib/python3.8/site-packages/airflow/example_dags/example_kubernetes_executor.py took 0.154 seconds
[2024-04-25T13:31:24.319+0000] {processor.py:157} INFO - Started process (PID=2318) to work on /home/airflow/.local/lib/python3.8/site-packages/airflow/example_dags/example_kubernetes_executor.py
[2024-04-25T13:31:24.321+0000] {processor.py:829} INFO - Processing file /home/airflow/.local/lib/python3.8/site-packages/airflow/example_dags/example_kubernetes_executor.py for tasks to queue
[2024-04-25T13:31:24.322+0000] {logging_mixin.py:154} INFO - [2024-04-25T13:31:24.322+0000] {dagbag.py:536} INFO - Filling up the DagBag from /home/airflow/.local/lib/python3.8/site-packages/airflow/example_dags/example_kubernetes_executor.py
[2024-04-25T13:31:24.358+0000] {processor.py:839} INFO - DAG(s) dict_keys(['example_kubernetes_executor']) retrieved from /home/airflow/.local/lib/python3.8/site-packages/airflow/example_dags/example_kubernetes_executor.py
[2024-04-25T13:31:24.424+0000] {logging_mixin.py:154} INFO - [2024-04-25T13:31:24.424+0000] {dag.py:2941} INFO - Sync 1 DAGs
[2024-04-25T13:31:24.446+0000] {logging_mixin.py:154} INFO - [2024-04-25T13:31:24.446+0000] {dag.py:3722} INFO - Setting next_dagrun for example_kubernetes_executor to None, run_after=None
[2024-04-25T13:31:24.474+0000] {processor.py:179} INFO - Processing /home/airflow/.local/lib/python3.8/site-packages/airflow/example_dags/example_kubernetes_executor.py took 0.161 seconds
[2024-04-25T13:31:55.027+0000] {processor.py:157} INFO - Started process (PID=2563) to work on /home/airflow/.local/lib/python3.8/site-packages/airflow/example_dags/example_kubernetes_executor.py
[2024-04-25T13:31:55.029+0000] {processor.py:829} INFO - Processing file /home/airflow/.local/lib/python3.8/site-packages/airflow/example_dags/example_kubernetes_executor.py for tasks to queue
[2024-04-25T13:31:55.031+0000] {logging_mixin.py:154} INFO - [2024-04-25T13:31:55.030+0000] {dagbag.py:536} INFO - Filling up the DagBag from /home/airflow/.local/lib/python3.8/site-packages/airflow/example_dags/example_kubernetes_executor.py
[2024-04-25T13:31:55.064+0000] {processor.py:839} INFO - DAG(s) dict_keys(['example_kubernetes_executor']) retrieved from /home/airflow/.local/lib/python3.8/site-packages/airflow/example_dags/example_kubernetes_executor.py
[2024-04-25T13:31:55.119+0000] {logging_mixin.py:154} INFO - [2024-04-25T13:31:55.119+0000] {dag.py:2941} INFO - Sync 1 DAGs
[2024-04-25T13:31:55.139+0000] {logging_mixin.py:154} INFO - [2024-04-25T13:31:55.138+0000] {dag.py:3722} INFO - Setting next_dagrun for example_kubernetes_executor to None, run_after=None
[2024-04-25T13:31:55.168+0000] {processor.py:179} INFO - Processing /home/airflow/.local/lib/python3.8/site-packages/airflow/example_dags/example_kubernetes_executor.py took 0.150 seconds
[2024-04-25T13:32:25.618+0000] {processor.py:157} INFO - Started process (PID=2806) to work on /home/airflow/.local/lib/python3.8/site-packages/airflow/example_dags/example_kubernetes_executor.py
[2024-04-25T13:32:25.619+0000] {processor.py:829} INFO - Processing file /home/airflow/.local/lib/python3.8/site-packages/airflow/example_dags/example_kubernetes_executor.py for tasks to queue
[2024-04-25T13:32:25.621+0000] {logging_mixin.py:154} INFO - [2024-04-25T13:32:25.620+0000] {dagbag.py:536} INFO - Filling up the DagBag from /home/airflow/.local/lib/python3.8/site-packages/airflow/example_dags/example_kubernetes_executor.py
[2024-04-25T13:32:25.657+0000] {processor.py:839} INFO - DAG(s) dict_keys(['example_kubernetes_executor']) retrieved from /home/airflow/.local/lib/python3.8/site-packages/airflow/example_dags/example_kubernetes_executor.py
[2024-04-25T13:32:25.728+0000] {logging_mixin.py:154} INFO - [2024-04-25T13:32:25.727+0000] {dag.py:2941} INFO - Sync 1 DAGs
[2024-04-25T13:32:25.753+0000] {logging_mixin.py:154} INFO - [2024-04-25T13:32:25.753+0000] {dag.py:3722} INFO - Setting next_dagrun for example_kubernetes_executor to None, run_after=None
[2024-04-25T13:32:25.782+0000] {processor.py:179} INFO - Processing /home/airflow/.local/lib/python3.8/site-packages/airflow/example_dags/example_kubernetes_executor.py took 0.170 seconds
[2024-04-25T13:32:56.534+0000] {processor.py:157} INFO - Started process (PID=3053) to work on /home/airflow/.local/lib/python3.8/site-packages/airflow/example_dags/example_kubernetes_executor.py
[2024-04-25T13:32:56.537+0000] {processor.py:829} INFO - Processing file /home/airflow/.local/lib/python3.8/site-packages/airflow/example_dags/example_kubernetes_executor.py for tasks to queue
[2024-04-25T13:32:56.538+0000] {logging_mixin.py:154} INFO - [2024-04-25T13:32:56.538+0000] {dagbag.py:536} INFO - Filling up the DagBag from /home/airflow/.local/lib/python3.8/site-packages/airflow/example_dags/example_kubernetes_executor.py
[2024-04-25T13:32:56.570+0000] {processor.py:839} INFO - DAG(s) dict_keys(['example_kubernetes_executor']) retrieved from /home/airflow/.local/lib/python3.8/site-packages/airflow/example_dags/example_kubernetes_executor.py
[2024-04-25T13:32:56.630+0000] {logging_mixin.py:154} INFO - [2024-04-25T13:32:56.630+0000] {dag.py:2941} INFO - Sync 1 DAGs
[2024-04-25T13:32:56.653+0000] {logging_mixin.py:154} INFO - [2024-04-25T13:32:56.653+0000] {dag.py:3722} INFO - Setting next_dagrun for example_kubernetes_executor to None, run_after=None
[2024-04-25T13:32:56.692+0000] {processor.py:179} INFO - Processing /home/airflow/.local/lib/python3.8/site-packages/airflow/example_dags/example_kubernetes_executor.py took 0.166 seconds
[2024-04-25T13:33:27.053+0000] {processor.py:157} INFO - Started process (PID=3298) to work on /home/airflow/.local/lib/python3.8/site-packages/airflow/example_dags/example_kubernetes_executor.py
[2024-04-25T13:33:27.055+0000] {processor.py:829} INFO - Processing file /home/airflow/.local/lib/python3.8/site-packages/airflow/example_dags/example_kubernetes_executor.py for tasks to queue
[2024-04-25T13:33:27.056+0000] {logging_mixin.py:154} INFO - [2024-04-25T13:33:27.056+0000] {dagbag.py:536} INFO - Filling up the DagBag from /home/airflow/.local/lib/python3.8/site-packages/airflow/example_dags/example_kubernetes_executor.py
[2024-04-25T13:33:27.082+0000] {processor.py:839} INFO - DAG(s) dict_keys(['example_kubernetes_executor']) retrieved from /home/airflow/.local/lib/python3.8/site-packages/airflow/example_dags/example_kubernetes_executor.py
[2024-04-25T13:33:27.156+0000] {logging_mixin.py:154} INFO - [2024-04-25T13:33:27.156+0000] {dag.py:2941} INFO - Sync 1 DAGs
[2024-04-25T13:33:27.182+0000] {logging_mixin.py:154} INFO - [2024-04-25T13:33:27.181+0000] {dag.py:3722} INFO - Setting next_dagrun for example_kubernetes_executor to None, run_after=None
[2024-04-25T13:33:27.217+0000] {processor.py:179} INFO - Processing /home/airflow/.local/lib/python3.8/site-packages/airflow/example_dags/example_kubernetes_executor.py took 0.170 seconds
[2024-04-25T13:34:02.517+0000] {processor.py:157} INFO - Started process (PID=3547) to work on /home/airflow/.local/lib/python3.8/site-packages/airflow/example_dags/example_kubernetes_executor.py
[2024-04-25T13:34:02.522+0000] {processor.py:829} INFO - Processing file /home/airflow/.local/lib/python3.8/site-packages/airflow/example_dags/example_kubernetes_executor.py for tasks to queue
[2024-04-25T13:34:02.525+0000] {logging_mixin.py:154} INFO - [2024-04-25T13:34:02.524+0000] {dagbag.py:536} INFO - Filling up the DagBag from /home/airflow/.local/lib/python3.8/site-packages/airflow/example_dags/example_kubernetes_executor.py
[2024-04-25T13:34:02.594+0000] {processor.py:839} INFO - DAG(s) dict_keys(['example_kubernetes_executor']) retrieved from /home/airflow/.local/lib/python3.8/site-packages/airflow/example_dags/example_kubernetes_executor.py
[2024-04-25T13:34:02.784+0000] {logging_mixin.py:154} INFO - [2024-04-25T13:34:02.782+0000] {dag.py:2941} INFO - Sync 1 DAGs
[2024-04-25T13:34:02.843+0000] {logging_mixin.py:154} INFO - [2024-04-25T13:34:02.843+0000] {dag.py:3722} INFO - Setting next_dagrun for example_kubernetes_executor to None, run_after=None
[2024-04-25T13:34:02.919+0000] {processor.py:179} INFO - Processing /home/airflow/.local/lib/python3.8/site-packages/airflow/example_dags/example_kubernetes_executor.py took 0.424 seconds
[2024-04-25T13:34:33.338+0000] {processor.py:157} INFO - Started process (PID=3790) to work on /home/airflow/.local/lib/python3.8/site-packages/airflow/example_dags/example_kubernetes_executor.py
[2024-04-25T13:34:33.341+0000] {processor.py:829} INFO - Processing file /home/airflow/.local/lib/python3.8/site-packages/airflow/example_dags/example_kubernetes_executor.py for tasks to queue
[2024-04-25T13:34:33.342+0000] {logging_mixin.py:154} INFO - [2024-04-25T13:34:33.341+0000] {dagbag.py:536} INFO - Filling up the DagBag from /home/airflow/.local/lib/python3.8/site-packages/airflow/example_dags/example_kubernetes_executor.py
[2024-04-25T13:34:33.364+0000] {processor.py:839} INFO - DAG(s) dict_keys(['example_kubernetes_executor']) retrieved from /home/airflow/.local/lib/python3.8/site-packages/airflow/example_dags/example_kubernetes_executor.py
[2024-04-25T13:34:33.419+0000] {logging_mixin.py:154} INFO - [2024-04-25T13:34:33.419+0000] {dag.py:2941} INFO - Sync 1 DAGs
[2024-04-25T13:34:33.437+0000] {logging_mixin.py:154} INFO - [2024-04-25T13:34:33.437+0000] {dag.py:3722} INFO - Setting next_dagrun for example_kubernetes_executor to None, run_after=None
[2024-04-25T13:34:33.465+0000] {processor.py:179} INFO - Processing /home/airflow/.local/lib/python3.8/site-packages/airflow/example_dags/example_kubernetes_executor.py took 0.132 seconds
[2024-04-25T13:35:04.190+0000] {processor.py:157} INFO - Started process (PID=4034) to work on /home/airflow/.local/lib/python3.8/site-packages/airflow/example_dags/example_kubernetes_executor.py
[2024-04-25T13:35:04.191+0000] {processor.py:829} INFO - Processing file /home/airflow/.local/lib/python3.8/site-packages/airflow/example_dags/example_kubernetes_executor.py for tasks to queue
[2024-04-25T13:35:04.192+0000] {logging_mixin.py:154} INFO - [2024-04-25T13:35:04.192+0000] {dagbag.py:536} INFO - Filling up the DagBag from /home/airflow/.local/lib/python3.8/site-packages/airflow/example_dags/example_kubernetes_executor.py
[2024-04-25T13:35:04.217+0000] {processor.py:839} INFO - DAG(s) dict_keys(['example_kubernetes_executor']) retrieved from /home/airflow/.local/lib/python3.8/site-packages/airflow/example_dags/example_kubernetes_executor.py
[2024-04-25T13:35:04.269+0000] {logging_mixin.py:154} INFO - [2024-04-25T13:35:04.268+0000] {dag.py:2941} INFO - Sync 1 DAGs
[2024-04-25T13:35:04.285+0000] {logging_mixin.py:154} INFO - [2024-04-25T13:35:04.285+0000] {dag.py:3722} INFO - Setting next_dagrun for example_kubernetes_executor to None, run_after=None
[2024-04-25T13:35:04.312+0000] {processor.py:179} INFO - Processing /home/airflow/.local/lib/python3.8/site-packages/airflow/example_dags/example_kubernetes_executor.py took 0.128 seconds
[2024-04-25T13:35:34.559+0000] {processor.py:157} INFO - Started process (PID=4278) to work on /home/airflow/.local/lib/python3.8/site-packages/airflow/example_dags/example_kubernetes_executor.py
[2024-04-25T13:35:34.562+0000] {processor.py:829} INFO - Processing file /home/airflow/.local/lib/python3.8/site-packages/airflow/example_dags/example_kubernetes_executor.py for tasks to queue
[2024-04-25T13:35:34.564+0000] {logging_mixin.py:154} INFO - [2024-04-25T13:35:34.563+0000] {dagbag.py:536} INFO - Filling up the DagBag from /home/airflow/.local/lib/python3.8/site-packages/airflow/example_dags/example_kubernetes_executor.py
[2024-04-25T13:35:34.593+0000] {processor.py:839} INFO - DAG(s) dict_keys(['example_kubernetes_executor']) retrieved from /home/airflow/.local/lib/python3.8/site-packages/airflow/example_dags/example_kubernetes_executor.py
[2024-04-25T13:35:34.652+0000] {logging_mixin.py:154} INFO - [2024-04-25T13:35:34.651+0000] {dag.py:2941} INFO - Sync 1 DAGs
[2024-04-25T13:35:34.670+0000] {logging_mixin.py:154} INFO - [2024-04-25T13:35:34.670+0000] {dag.py:3722} INFO - Setting next_dagrun for example_kubernetes_executor to None, run_after=None
[2024-04-25T13:35:34.700+0000] {processor.py:179} INFO - Processing /home/airflow/.local/lib/python3.8/site-packages/airflow/example_dags/example_kubernetes_executor.py took 0.148 seconds
[2024-04-25T13:49:28.592+0000] {processor.py:157} INFO - Started process (PID=363) to work on /home/airflow/.local/lib/python3.8/site-packages/airflow/example_dags/example_kubernetes_executor.py
[2024-04-25T13:49:28.594+0000] {processor.py:829} INFO - Processing file /home/airflow/.local/lib/python3.8/site-packages/airflow/example_dags/example_kubernetes_executor.py for tasks to queue
[2024-04-25T13:49:28.595+0000] {logging_mixin.py:154} INFO - [2024-04-25T13:49:28.595+0000] {dagbag.py:536} INFO - Filling up the DagBag from /home/airflow/.local/lib/python3.8/site-packages/airflow/example_dags/example_kubernetes_executor.py
[2024-04-25T13:49:28.625+0000] {processor.py:839} INFO - DAG(s) dict_keys(['example_kubernetes_executor']) retrieved from /home/airflow/.local/lib/python3.8/site-packages/airflow/example_dags/example_kubernetes_executor.py
[2024-04-25T13:49:28.656+0000] {logging_mixin.py:154} INFO - [2024-04-25T13:49:28.655+0000] {dag.py:2941} INFO - Sync 1 DAGs
[2024-04-25T13:49:28.687+0000] {logging_mixin.py:154} INFO - [2024-04-25T13:49:28.687+0000] {dag.py:3722} INFO - Setting next_dagrun for example_kubernetes_executor to None, run_after=None
[2024-04-25T13:49:28.723+0000] {processor.py:179} INFO - Processing /home/airflow/.local/lib/python3.8/site-packages/airflow/example_dags/example_kubernetes_executor.py took 0.139 seconds
[2024-04-25T13:49:59.817+0000] {processor.py:157} INFO - Started process (PID=607) to work on /home/airflow/.local/lib/python3.8/site-packages/airflow/example_dags/example_kubernetes_executor.py
[2024-04-25T13:49:59.819+0000] {processor.py:829} INFO - Processing file /home/airflow/.local/lib/python3.8/site-packages/airflow/example_dags/example_kubernetes_executor.py for tasks to queue
[2024-04-25T13:49:59.821+0000] {logging_mixin.py:154} INFO - [2024-04-25T13:49:59.820+0000] {dagbag.py:536} INFO - Filling up the DagBag from /home/airflow/.local/lib/python3.8/site-packages/airflow/example_dags/example_kubernetes_executor.py
[2024-04-25T13:49:59.855+0000] {processor.py:839} INFO - DAG(s) dict_keys(['example_kubernetes_executor']) retrieved from /home/airflow/.local/lib/python3.8/site-packages/airflow/example_dags/example_kubernetes_executor.py
[2024-04-25T13:49:59.914+0000] {logging_mixin.py:154} INFO - [2024-04-25T13:49:59.914+0000] {dag.py:2941} INFO - Sync 1 DAGs
[2024-04-25T13:49:59.933+0000] {logging_mixin.py:154} INFO - [2024-04-25T13:49:59.933+0000] {dag.py:3722} INFO - Setting next_dagrun for example_kubernetes_executor to None, run_after=None
[2024-04-25T13:49:59.970+0000] {processor.py:179} INFO - Processing /home/airflow/.local/lib/python3.8/site-packages/airflow/example_dags/example_kubernetes_executor.py took 0.161 seconds
[2024-04-25T13:50:30.237+0000] {processor.py:157} INFO - Started process (PID=850) to work on /home/airflow/.local/lib/python3.8/site-packages/airflow/example_dags/example_kubernetes_executor.py
[2024-04-25T13:50:30.241+0000] {processor.py:829} INFO - Processing file /home/airflow/.local/lib/python3.8/site-packages/airflow/example_dags/example_kubernetes_executor.py for tasks to queue
[2024-04-25T13:50:30.242+0000] {logging_mixin.py:154} INFO - [2024-04-25T13:50:30.241+0000] {dagbag.py:536} INFO - Filling up the DagBag from /home/airflow/.local/lib/python3.8/site-packages/airflow/example_dags/example_kubernetes_executor.py
[2024-04-25T13:50:30.263+0000] {processor.py:839} INFO - DAG(s) dict_keys(['example_kubernetes_executor']) retrieved from /home/airflow/.local/lib/python3.8/site-packages/airflow/example_dags/example_kubernetes_executor.py
[2024-04-25T13:50:30.326+0000] {logging_mixin.py:154} INFO - [2024-04-25T13:50:30.326+0000] {dag.py:2941} INFO - Sync 1 DAGs
[2024-04-25T13:50:30.344+0000] {logging_mixin.py:154} INFO - [2024-04-25T13:50:30.344+0000] {dag.py:3722} INFO - Setting next_dagrun for example_kubernetes_executor to None, run_after=None
[2024-04-25T13:50:30.378+0000] {processor.py:179} INFO - Processing /home/airflow/.local/lib/python3.8/site-packages/airflow/example_dags/example_kubernetes_executor.py took 0.147 seconds
[2024-04-25T13:51:01.637+0000] {processor.py:157} INFO - Started process (PID=1093) to work on /home/airflow/.local/lib/python3.8/site-packages/airflow/example_dags/example_kubernetes_executor.py
[2024-04-25T13:51:01.639+0000] {processor.py:829} INFO - Processing file /home/airflow/.local/lib/python3.8/site-packages/airflow/example_dags/example_kubernetes_executor.py for tasks to queue
[2024-04-25T13:51:01.641+0000] {logging_mixin.py:154} INFO - [2024-04-25T13:51:01.640+0000] {dagbag.py:536} INFO - Filling up the DagBag from /home/airflow/.local/lib/python3.8/site-packages/airflow/example_dags/example_kubernetes_executor.py
[2024-04-25T13:51:01.662+0000] {processor.py:839} INFO - DAG(s) dict_keys(['example_kubernetes_executor']) retrieved from /home/airflow/.local/lib/python3.8/site-packages/airflow/example_dags/example_kubernetes_executor.py
[2024-04-25T13:51:01.714+0000] {logging_mixin.py:154} INFO - [2024-04-25T13:51:01.714+0000] {dag.py:2941} INFO - Sync 1 DAGs
[2024-04-25T13:51:01.732+0000] {logging_mixin.py:154} INFO - [2024-04-25T13:51:01.732+0000] {dag.py:3722} INFO - Setting next_dagrun for example_kubernetes_executor to None, run_after=None
[2024-04-25T13:51:01.763+0000] {processor.py:179} INFO - Processing /home/airflow/.local/lib/python3.8/site-packages/airflow/example_dags/example_kubernetes_executor.py took 0.132 seconds
[2024-04-25T13:51:31.891+0000] {processor.py:157} INFO - Started process (PID=1336) to work on /home/airflow/.local/lib/python3.8/site-packages/airflow/example_dags/example_kubernetes_executor.py
[2024-04-25T13:51:31.892+0000] {processor.py:829} INFO - Processing file /home/airflow/.local/lib/python3.8/site-packages/airflow/example_dags/example_kubernetes_executor.py for tasks to queue
[2024-04-25T13:51:31.893+0000] {logging_mixin.py:154} INFO - [2024-04-25T13:51:31.893+0000] {dagbag.py:536} INFO - Filling up the DagBag from /home/airflow/.local/lib/python3.8/site-packages/airflow/example_dags/example_kubernetes_executor.py
[2024-04-25T13:51:31.914+0000] {processor.py:839} INFO - DAG(s) dict_keys(['example_kubernetes_executor']) retrieved from /home/airflow/.local/lib/python3.8/site-packages/airflow/example_dags/example_kubernetes_executor.py
[2024-04-25T13:51:31.968+0000] {logging_mixin.py:154} INFO - [2024-04-25T13:51:31.968+0000] {dag.py:2941} INFO - Sync 1 DAGs
[2024-04-25T13:51:31.987+0000] {logging_mixin.py:154} INFO - [2024-04-25T13:51:31.987+0000] {dag.py:3722} INFO - Setting next_dagrun for example_kubernetes_executor to None, run_after=None
[2024-04-25T13:51:32.014+0000] {processor.py:179} INFO - Processing /home/airflow/.local/lib/python3.8/site-packages/airflow/example_dags/example_kubernetes_executor.py took 0.129 seconds
[2024-04-25T13:52:02.548+0000] {processor.py:157} INFO - Started process (PID=1579) to work on /home/airflow/.local/lib/python3.8/site-packages/airflow/example_dags/example_kubernetes_executor.py
[2024-04-25T13:52:02.551+0000] {processor.py:829} INFO - Processing file /home/airflow/.local/lib/python3.8/site-packages/airflow/example_dags/example_kubernetes_executor.py for tasks to queue
[2024-04-25T13:52:02.552+0000] {logging_mixin.py:154} INFO - [2024-04-25T13:52:02.551+0000] {dagbag.py:536} INFO - Filling up the DagBag from /home/airflow/.local/lib/python3.8/site-packages/airflow/example_dags/example_kubernetes_executor.py
[2024-04-25T13:52:02.572+0000] {processor.py:839} INFO - DAG(s) dict_keys(['example_kubernetes_executor']) retrieved from /home/airflow/.local/lib/python3.8/site-packages/airflow/example_dags/example_kubernetes_executor.py
[2024-04-25T13:52:02.639+0000] {logging_mixin.py:154} INFO - [2024-04-25T13:52:02.638+0000] {dag.py:2941} INFO - Sync 1 DAGs
[2024-04-25T13:52:02.661+0000] {logging_mixin.py:154} INFO - [2024-04-25T13:52:02.661+0000] {dag.py:3722} INFO - Setting next_dagrun for example_kubernetes_executor to None, run_after=None
[2024-04-25T13:52:02.695+0000] {processor.py:179} INFO - Processing /home/airflow/.local/lib/python3.8/site-packages/airflow/example_dags/example_kubernetes_executor.py took 0.153 seconds
[2024-04-25T13:52:34.070+0000] {processor.py:157} INFO - Started process (PID=1827) to work on /home/airflow/.local/lib/python3.8/site-packages/airflow/example_dags/example_kubernetes_executor.py
[2024-04-25T13:52:34.073+0000] {processor.py:829} INFO - Processing file /home/airflow/.local/lib/python3.8/site-packages/airflow/example_dags/example_kubernetes_executor.py for tasks to queue
[2024-04-25T13:52:34.074+0000] {logging_mixin.py:154} INFO - [2024-04-25T13:52:34.073+0000] {dagbag.py:536} INFO - Filling up the DagBag from /home/airflow/.local/lib/python3.8/site-packages/airflow/example_dags/example_kubernetes_executor.py
[2024-04-25T13:52:34.097+0000] {processor.py:839} INFO - DAG(s) dict_keys(['example_kubernetes_executor']) retrieved from /home/airflow/.local/lib/python3.8/site-packages/airflow/example_dags/example_kubernetes_executor.py
[2024-04-25T13:52:34.179+0000] {logging_mixin.py:154} INFO - [2024-04-25T13:52:34.178+0000] {dag.py:2941} INFO - Sync 1 DAGs
[2024-04-25T13:52:34.210+0000] {logging_mixin.py:154} INFO - [2024-04-25T13:52:34.210+0000] {dag.py:3722} INFO - Setting next_dagrun for example_kubernetes_executor to None, run_after=None
[2024-04-25T13:52:34.250+0000] {processor.py:179} INFO - Processing /home/airflow/.local/lib/python3.8/site-packages/airflow/example_dags/example_kubernetes_executor.py took 0.186 seconds
[2024-04-25T13:53:06.956+0000] {processor.py:157} INFO - Started process (PID=2072) to work on /home/airflow/.local/lib/python3.8/site-packages/airflow/example_dags/example_kubernetes_executor.py
[2024-04-25T13:53:06.958+0000] {processor.py:829} INFO - Processing file /home/airflow/.local/lib/python3.8/site-packages/airflow/example_dags/example_kubernetes_executor.py for tasks to queue
[2024-04-25T13:53:06.960+0000] {logging_mixin.py:154} INFO - [2024-04-25T13:53:06.960+0000] {dagbag.py:536} INFO - Filling up the DagBag from /home/airflow/.local/lib/python3.8/site-packages/airflow/example_dags/example_kubernetes_executor.py
[2024-04-25T13:53:06.997+0000] {processor.py:839} INFO - DAG(s) dict_keys(['example_kubernetes_executor']) retrieved from /home/airflow/.local/lib/python3.8/site-packages/airflow/example_dags/example_kubernetes_executor.py
[2024-04-25T13:53:07.079+0000] {logging_mixin.py:154} INFO - [2024-04-25T13:53:07.078+0000] {dag.py:2941} INFO - Sync 1 DAGs
[2024-04-25T13:53:07.114+0000] {logging_mixin.py:154} INFO - [2024-04-25T13:53:07.114+0000] {dag.py:3722} INFO - Setting next_dagrun for example_kubernetes_executor to None, run_after=None
[2024-04-25T13:53:07.160+0000] {processor.py:179} INFO - Processing /home/airflow/.local/lib/python3.8/site-packages/airflow/example_dags/example_kubernetes_executor.py took 0.212 seconds
[2024-04-25T13:53:37.274+0000] {processor.py:157} INFO - Started process (PID=2315) to work on /home/airflow/.local/lib/python3.8/site-packages/airflow/example_dags/example_kubernetes_executor.py
[2024-04-25T13:53:37.276+0000] {processor.py:829} INFO - Processing file /home/airflow/.local/lib/python3.8/site-packages/airflow/example_dags/example_kubernetes_executor.py for tasks to queue
[2024-04-25T13:53:37.277+0000] {logging_mixin.py:154} INFO - [2024-04-25T13:53:37.277+0000] {dagbag.py:536} INFO - Filling up the DagBag from /home/airflow/.local/lib/python3.8/site-packages/airflow/example_dags/example_kubernetes_executor.py
[2024-04-25T13:53:37.297+0000] {processor.py:839} INFO - DAG(s) dict_keys(['example_kubernetes_executor']) retrieved from /home/airflow/.local/lib/python3.8/site-packages/airflow/example_dags/example_kubernetes_executor.py
[2024-04-25T13:53:37.347+0000] {logging_mixin.py:154} INFO - [2024-04-25T13:53:37.347+0000] {dag.py:2941} INFO - Sync 1 DAGs
[2024-04-25T13:53:37.365+0000] {logging_mixin.py:154} INFO - [2024-04-25T13:53:37.365+0000] {dag.py:3722} INFO - Setting next_dagrun for example_kubernetes_executor to None, run_after=None
[2024-04-25T13:53:37.393+0000] {processor.py:179} INFO - Processing /home/airflow/.local/lib/python3.8/site-packages/airflow/example_dags/example_kubernetes_executor.py took 0.125 seconds
