[2024-04-25T12:38:03.576+0000] {processor.py:157} INFO - Started process (PID=308) to work on /home/airflow/.local/lib/python3.8/site-packages/airflow/example_dags/example_skip_dag.py
[2024-04-25T12:38:03.578+0000] {processor.py:829} INFO - Processing file /home/airflow/.local/lib/python3.8/site-packages/airflow/example_dags/example_skip_dag.py for tasks to queue
[2024-04-25T12:38:03.580+0000] {logging_mixin.py:154} INFO - [2024-04-25T12:38:03.579+0000] {dagbag.py:536} INFO - Filling up the DagBag from /home/airflow/.local/lib/python3.8/site-packages/airflow/example_dags/example_skip_dag.py
[2024-04-25T12:38:03.597+0000] {processor.py:839} INFO - DAG(s) dict_keys(['example_skip_dag']) retrieved from /home/airflow/.local/lib/python3.8/site-packages/airflow/example_dags/example_skip_dag.py
[2024-04-25T12:38:03.818+0000] {logging_mixin.py:154} INFO - [2024-04-25T12:38:03.818+0000] {manager.py:499} INFO - Created Permission View: %s
[2024-04-25T12:38:03.838+0000] {logging_mixin.py:154} INFO - [2024-04-25T12:38:03.838+0000] {manager.py:499} INFO - Created Permission View: %s
[2024-04-25T12:38:03.851+0000] {logging_mixin.py:154} INFO - [2024-04-25T12:38:03.851+0000] {manager.py:499} INFO - Created Permission View: %s
[2024-04-25T12:38:03.852+0000] {logging_mixin.py:154} INFO - [2024-04-25T12:38:03.852+0000] {dag.py:2941} INFO - Sync 1 DAGs
[2024-04-25T12:38:03.876+0000] {logging_mixin.py:154} INFO - [2024-04-25T12:38:03.875+0000] {dag.py:2963} INFO - Creating ORM DAG for example_skip_dag
[2024-04-25T12:38:03.895+0000] {logging_mixin.py:154} INFO - [2024-04-25T12:38:03.895+0000] {dag.py:3722} INFO - Setting next_dagrun for example_skip_dag to 2024-04-24T12:38:03.894976+00:00, run_after=2024-04-25T12:38:03.894976+00:00
[2024-04-25T12:38:03.929+0000] {processor.py:179} INFO - Processing /home/airflow/.local/lib/python3.8/site-packages/airflow/example_dags/example_skip_dag.py took 0.360 seconds
[2024-04-25T12:38:34.556+0000] {processor.py:157} INFO - Started process (PID=551) to work on /home/airflow/.local/lib/python3.8/site-packages/airflow/example_dags/example_skip_dag.py
[2024-04-25T12:38:34.558+0000] {processor.py:829} INFO - Processing file /home/airflow/.local/lib/python3.8/site-packages/airflow/example_dags/example_skip_dag.py for tasks to queue
[2024-04-25T12:38:34.560+0000] {logging_mixin.py:154} INFO - [2024-04-25T12:38:34.559+0000] {dagbag.py:536} INFO - Filling up the DagBag from /home/airflow/.local/lib/python3.8/site-packages/airflow/example_dags/example_skip_dag.py
[2024-04-25T12:38:34.577+0000] {processor.py:839} INFO - DAG(s) dict_keys(['example_skip_dag']) retrieved from /home/airflow/.local/lib/python3.8/site-packages/airflow/example_dags/example_skip_dag.py
[2024-04-25T12:38:34.613+0000] {logging_mixin.py:154} INFO - [2024-04-25T12:38:34.613+0000] {dag.py:2941} INFO - Sync 1 DAGs
[2024-04-25T12:38:34.658+0000] {logging_mixin.py:154} INFO - [2024-04-25T12:38:34.657+0000] {dag.py:3722} INFO - Setting next_dagrun for example_skip_dag to 2024-04-24T12:38:34.657209+00:00, run_after=2024-04-25T12:38:34.657209+00:00
[2024-04-25T12:38:34.694+0000] {processor.py:179} INFO - Processing /home/airflow/.local/lib/python3.8/site-packages/airflow/example_dags/example_skip_dag.py took 0.145 seconds
[2024-04-25T12:39:04.968+0000] {processor.py:157} INFO - Started process (PID=797) to work on /home/airflow/.local/lib/python3.8/site-packages/airflow/example_dags/example_skip_dag.py
[2024-04-25T12:39:04.971+0000] {processor.py:829} INFO - Processing file /home/airflow/.local/lib/python3.8/site-packages/airflow/example_dags/example_skip_dag.py for tasks to queue
[2024-04-25T12:39:04.972+0000] {logging_mixin.py:154} INFO - [2024-04-25T12:39:04.972+0000] {dagbag.py:536} INFO - Filling up the DagBag from /home/airflow/.local/lib/python3.8/site-packages/airflow/example_dags/example_skip_dag.py
[2024-04-25T12:39:04.983+0000] {processor.py:839} INFO - DAG(s) dict_keys(['example_skip_dag']) retrieved from /home/airflow/.local/lib/python3.8/site-packages/airflow/example_dags/example_skip_dag.py
[2024-04-25T12:39:05.014+0000] {logging_mixin.py:154} INFO - [2024-04-25T12:39:05.014+0000] {dag.py:2941} INFO - Sync 1 DAGs
[2024-04-25T12:39:05.056+0000] {logging_mixin.py:154} INFO - [2024-04-25T12:39:05.056+0000] {dag.py:3722} INFO - Setting next_dagrun for example_skip_dag to 2024-04-24T12:39:05.055533+00:00, run_after=2024-04-25T12:39:05.055533+00:00
[2024-04-25T12:39:05.088+0000] {processor.py:179} INFO - Processing /home/airflow/.local/lib/python3.8/site-packages/airflow/example_dags/example_skip_dag.py took 0.125 seconds
[2024-04-25T12:39:35.365+0000] {processor.py:157} INFO - Started process (PID=1038) to work on /home/airflow/.local/lib/python3.8/site-packages/airflow/example_dags/example_skip_dag.py
[2024-04-25T12:39:35.366+0000] {processor.py:829} INFO - Processing file /home/airflow/.local/lib/python3.8/site-packages/airflow/example_dags/example_skip_dag.py for tasks to queue
[2024-04-25T12:39:35.367+0000] {logging_mixin.py:154} INFO - [2024-04-25T12:39:35.367+0000] {dagbag.py:536} INFO - Filling up the DagBag from /home/airflow/.local/lib/python3.8/site-packages/airflow/example_dags/example_skip_dag.py
[2024-04-25T12:39:35.378+0000] {processor.py:839} INFO - DAG(s) dict_keys(['example_skip_dag']) retrieved from /home/airflow/.local/lib/python3.8/site-packages/airflow/example_dags/example_skip_dag.py
[2024-04-25T12:39:35.412+0000] {logging_mixin.py:154} INFO - [2024-04-25T12:39:35.412+0000] {dag.py:2941} INFO - Sync 1 DAGs
[2024-04-25T12:39:35.446+0000] {logging_mixin.py:154} INFO - [2024-04-25T12:39:35.446+0000] {dag.py:3722} INFO - Setting next_dagrun for example_skip_dag to 2024-04-24T12:39:35.445981+00:00, run_after=2024-04-25T12:39:35.445981+00:00
[2024-04-25T12:39:35.471+0000] {processor.py:179} INFO - Processing /home/airflow/.local/lib/python3.8/site-packages/airflow/example_dags/example_skip_dag.py took 0.112 seconds
[2024-04-25T12:40:05.721+0000] {processor.py:157} INFO - Started process (PID=1283) to work on /home/airflow/.local/lib/python3.8/site-packages/airflow/example_dags/example_skip_dag.py
[2024-04-25T12:40:05.723+0000] {processor.py:829} INFO - Processing file /home/airflow/.local/lib/python3.8/site-packages/airflow/example_dags/example_skip_dag.py for tasks to queue
[2024-04-25T12:40:05.724+0000] {logging_mixin.py:154} INFO - [2024-04-25T12:40:05.724+0000] {dagbag.py:536} INFO - Filling up the DagBag from /home/airflow/.local/lib/python3.8/site-packages/airflow/example_dags/example_skip_dag.py
[2024-04-25T12:40:05.735+0000] {processor.py:839} INFO - DAG(s) dict_keys(['example_skip_dag']) retrieved from /home/airflow/.local/lib/python3.8/site-packages/airflow/example_dags/example_skip_dag.py
[2024-04-25T12:40:05.770+0000] {logging_mixin.py:154} INFO - [2024-04-25T12:40:05.769+0000] {dag.py:2941} INFO - Sync 1 DAGs
[2024-04-25T12:40:05.805+0000] {logging_mixin.py:154} INFO - [2024-04-25T12:40:05.805+0000] {dag.py:3722} INFO - Setting next_dagrun for example_skip_dag to 2024-04-24T12:40:05.804977+00:00, run_after=2024-04-25T12:40:05.804977+00:00
[2024-04-25T12:40:05.833+0000] {processor.py:179} INFO - Processing /home/airflow/.local/lib/python3.8/site-packages/airflow/example_dags/example_skip_dag.py took 0.118 seconds
[2024-04-25T12:40:36.356+0000] {processor.py:157} INFO - Started process (PID=1524) to work on /home/airflow/.local/lib/python3.8/site-packages/airflow/example_dags/example_skip_dag.py
[2024-04-25T12:40:36.359+0000] {processor.py:829} INFO - Processing file /home/airflow/.local/lib/python3.8/site-packages/airflow/example_dags/example_skip_dag.py for tasks to queue
[2024-04-25T12:40:36.361+0000] {logging_mixin.py:154} INFO - [2024-04-25T12:40:36.361+0000] {dagbag.py:536} INFO - Filling up the DagBag from /home/airflow/.local/lib/python3.8/site-packages/airflow/example_dags/example_skip_dag.py
[2024-04-25T12:40:36.380+0000] {processor.py:839} INFO - DAG(s) dict_keys(['example_skip_dag']) retrieved from /home/airflow/.local/lib/python3.8/site-packages/airflow/example_dags/example_skip_dag.py
[2024-04-25T12:40:36.415+0000] {logging_mixin.py:154} INFO - [2024-04-25T12:40:36.415+0000] {dag.py:2941} INFO - Sync 1 DAGs
[2024-04-25T12:40:36.450+0000] {logging_mixin.py:154} INFO - [2024-04-25T12:40:36.449+0000] {dag.py:3722} INFO - Setting next_dagrun for example_skip_dag to 2024-04-24T12:40:36.449432+00:00, run_after=2024-04-25T12:40:36.449432+00:00
[2024-04-25T12:40:36.480+0000] {processor.py:179} INFO - Processing /home/airflow/.local/lib/python3.8/site-packages/airflow/example_dags/example_skip_dag.py took 0.130 seconds
[2024-04-25T12:41:07.267+0000] {processor.py:157} INFO - Started process (PID=1769) to work on /home/airflow/.local/lib/python3.8/site-packages/airflow/example_dags/example_skip_dag.py
[2024-04-25T12:41:07.270+0000] {processor.py:829} INFO - Processing file /home/airflow/.local/lib/python3.8/site-packages/airflow/example_dags/example_skip_dag.py for tasks to queue
[2024-04-25T12:41:07.271+0000] {logging_mixin.py:154} INFO - [2024-04-25T12:41:07.271+0000] {dagbag.py:536} INFO - Filling up the DagBag from /home/airflow/.local/lib/python3.8/site-packages/airflow/example_dags/example_skip_dag.py
[2024-04-25T12:41:07.289+0000] {processor.py:839} INFO - DAG(s) dict_keys(['example_skip_dag']) retrieved from /home/airflow/.local/lib/python3.8/site-packages/airflow/example_dags/example_skip_dag.py
[2024-04-25T12:41:07.326+0000] {logging_mixin.py:154} INFO - [2024-04-25T12:41:07.326+0000] {dag.py:2941} INFO - Sync 1 DAGs
[2024-04-25T12:41:07.357+0000] {logging_mixin.py:154} INFO - [2024-04-25T12:41:07.356+0000] {dag.py:3722} INFO - Setting next_dagrun for example_skip_dag to 2024-04-24T12:41:07.356512+00:00, run_after=2024-04-25T12:41:07.356512+00:00
[2024-04-25T12:41:07.381+0000] {processor.py:179} INFO - Processing /home/airflow/.local/lib/python3.8/site-packages/airflow/example_dags/example_skip_dag.py took 0.121 seconds
[2024-04-25T12:41:37.956+0000] {processor.py:157} INFO - Started process (PID=2010) to work on /home/airflow/.local/lib/python3.8/site-packages/airflow/example_dags/example_skip_dag.py
[2024-04-25T12:41:37.958+0000] {processor.py:829} INFO - Processing file /home/airflow/.local/lib/python3.8/site-packages/airflow/example_dags/example_skip_dag.py for tasks to queue
[2024-04-25T12:41:37.960+0000] {logging_mixin.py:154} INFO - [2024-04-25T12:41:37.959+0000] {dagbag.py:536} INFO - Filling up the DagBag from /home/airflow/.local/lib/python3.8/site-packages/airflow/example_dags/example_skip_dag.py
[2024-04-25T12:41:37.974+0000] {processor.py:839} INFO - DAG(s) dict_keys(['example_skip_dag']) retrieved from /home/airflow/.local/lib/python3.8/site-packages/airflow/example_dags/example_skip_dag.py
[2024-04-25T12:41:38.010+0000] {logging_mixin.py:154} INFO - [2024-04-25T12:41:38.010+0000] {dag.py:2941} INFO - Sync 1 DAGs
[2024-04-25T12:41:38.044+0000] {logging_mixin.py:154} INFO - [2024-04-25T12:41:38.044+0000] {dag.py:3722} INFO - Setting next_dagrun for example_skip_dag to 2024-04-24T12:41:38.043728+00:00, run_after=2024-04-25T12:41:38.043728+00:00
[2024-04-25T12:41:38.076+0000] {processor.py:179} INFO - Processing /home/airflow/.local/lib/python3.8/site-packages/airflow/example_dags/example_skip_dag.py took 0.126 seconds
[2024-04-25T12:42:08.236+0000] {processor.py:157} INFO - Started process (PID=2261) to work on /home/airflow/.local/lib/python3.8/site-packages/airflow/example_dags/example_skip_dag.py
[2024-04-25T12:42:08.238+0000] {processor.py:829} INFO - Processing file /home/airflow/.local/lib/python3.8/site-packages/airflow/example_dags/example_skip_dag.py for tasks to queue
[2024-04-25T12:42:08.240+0000] {logging_mixin.py:154} INFO - [2024-04-25T12:42:08.239+0000] {dagbag.py:536} INFO - Filling up the DagBag from /home/airflow/.local/lib/python3.8/site-packages/airflow/example_dags/example_skip_dag.py
[2024-04-25T12:42:08.252+0000] {processor.py:839} INFO - DAG(s) dict_keys(['example_skip_dag']) retrieved from /home/airflow/.local/lib/python3.8/site-packages/airflow/example_dags/example_skip_dag.py
[2024-04-25T12:42:08.284+0000] {logging_mixin.py:154} INFO - [2024-04-25T12:42:08.284+0000] {dag.py:2941} INFO - Sync 1 DAGs
[2024-04-25T12:42:08.318+0000] {logging_mixin.py:154} INFO - [2024-04-25T12:42:08.317+0000] {dag.py:3722} INFO - Setting next_dagrun for example_skip_dag to 2024-04-24T12:42:08.317533+00:00, run_after=2024-04-25T12:42:08.317533+00:00
[2024-04-25T12:42:08.356+0000] {processor.py:179} INFO - Processing /home/airflow/.local/lib/python3.8/site-packages/airflow/example_dags/example_skip_dag.py took 0.127 seconds
[2024-04-25T12:42:38.826+0000] {processor.py:157} INFO - Started process (PID=2505) to work on /home/airflow/.local/lib/python3.8/site-packages/airflow/example_dags/example_skip_dag.py
[2024-04-25T12:42:38.828+0000] {processor.py:829} INFO - Processing file /home/airflow/.local/lib/python3.8/site-packages/airflow/example_dags/example_skip_dag.py for tasks to queue
[2024-04-25T12:42:38.829+0000] {logging_mixin.py:154} INFO - [2024-04-25T12:42:38.828+0000] {dagbag.py:536} INFO - Filling up the DagBag from /home/airflow/.local/lib/python3.8/site-packages/airflow/example_dags/example_skip_dag.py
[2024-04-25T12:42:38.842+0000] {processor.py:839} INFO - DAG(s) dict_keys(['example_skip_dag']) retrieved from /home/airflow/.local/lib/python3.8/site-packages/airflow/example_dags/example_skip_dag.py
[2024-04-25T12:42:38.879+0000] {logging_mixin.py:154} INFO - [2024-04-25T12:42:38.879+0000] {dag.py:2941} INFO - Sync 1 DAGs
[2024-04-25T12:42:38.919+0000] {logging_mixin.py:154} INFO - [2024-04-25T12:42:38.918+0000] {dag.py:3722} INFO - Setting next_dagrun for example_skip_dag to 2024-04-24T12:42:38.918488+00:00, run_after=2024-04-25T12:42:38.918488+00:00
[2024-04-25T12:42:38.953+0000] {processor.py:179} INFO - Processing /home/airflow/.local/lib/python3.8/site-packages/airflow/example_dags/example_skip_dag.py took 0.133 seconds
[2024-04-25T12:43:09.717+0000] {processor.py:157} INFO - Started process (PID=2748) to work on /home/airflow/.local/lib/python3.8/site-packages/airflow/example_dags/example_skip_dag.py
[2024-04-25T12:43:09.719+0000] {processor.py:829} INFO - Processing file /home/airflow/.local/lib/python3.8/site-packages/airflow/example_dags/example_skip_dag.py for tasks to queue
[2024-04-25T12:43:09.721+0000] {logging_mixin.py:154} INFO - [2024-04-25T12:43:09.721+0000] {dagbag.py:536} INFO - Filling up the DagBag from /home/airflow/.local/lib/python3.8/site-packages/airflow/example_dags/example_skip_dag.py
[2024-04-25T12:43:09.739+0000] {processor.py:839} INFO - DAG(s) dict_keys(['example_skip_dag']) retrieved from /home/airflow/.local/lib/python3.8/site-packages/airflow/example_dags/example_skip_dag.py
[2024-04-25T12:43:09.777+0000] {logging_mixin.py:154} INFO - [2024-04-25T12:43:09.777+0000] {dag.py:2941} INFO - Sync 1 DAGs
[2024-04-25T12:43:09.810+0000] {logging_mixin.py:154} INFO - [2024-04-25T12:43:09.809+0000] {dag.py:3722} INFO - Setting next_dagrun for example_skip_dag to 2024-04-24T12:43:09.809615+00:00, run_after=2024-04-25T12:43:09.809615+00:00
[2024-04-25T12:43:09.841+0000] {processor.py:179} INFO - Processing /home/airflow/.local/lib/python3.8/site-packages/airflow/example_dags/example_skip_dag.py took 0.131 seconds
[2024-04-25T12:43:42.158+0000] {processor.py:157} INFO - Started process (PID=2997) to work on /home/airflow/.local/lib/python3.8/site-packages/airflow/example_dags/example_skip_dag.py
[2024-04-25T12:43:42.164+0000] {processor.py:829} INFO - Processing file /home/airflow/.local/lib/python3.8/site-packages/airflow/example_dags/example_skip_dag.py for tasks to queue
[2024-04-25T12:43:42.166+0000] {logging_mixin.py:154} INFO - [2024-04-25T12:43:42.165+0000] {dagbag.py:536} INFO - Filling up the DagBag from /home/airflow/.local/lib/python3.8/site-packages/airflow/example_dags/example_skip_dag.py
[2024-04-25T12:43:42.182+0000] {processor.py:839} INFO - DAG(s) dict_keys(['example_skip_dag']) retrieved from /home/airflow/.local/lib/python3.8/site-packages/airflow/example_dags/example_skip_dag.py
[2024-04-25T12:43:42.313+0000] {logging_mixin.py:154} INFO - [2024-04-25T12:43:42.313+0000] {dag.py:2941} INFO - Sync 1 DAGs
[2024-04-25T12:43:42.385+0000] {logging_mixin.py:154} INFO - [2024-04-25T12:43:42.385+0000] {dag.py:3722} INFO - Setting next_dagrun for example_skip_dag to 2024-04-24T12:43:42.384487+00:00, run_after=2024-04-25T12:43:42.384487+00:00
[2024-04-25T12:43:42.443+0000] {processor.py:179} INFO - Processing /home/airflow/.local/lib/python3.8/site-packages/airflow/example_dags/example_skip_dag.py took 0.297 seconds
[2024-04-25T12:44:13.571+0000] {processor.py:157} INFO - Started process (PID=3255) to work on /home/airflow/.local/lib/python3.8/site-packages/airflow/example_dags/example_skip_dag.py
[2024-04-25T12:44:13.573+0000] {processor.py:829} INFO - Processing file /home/airflow/.local/lib/python3.8/site-packages/airflow/example_dags/example_skip_dag.py for tasks to queue
[2024-04-25T12:44:13.575+0000] {logging_mixin.py:154} INFO - [2024-04-25T12:44:13.574+0000] {dagbag.py:536} INFO - Filling up the DagBag from /home/airflow/.local/lib/python3.8/site-packages/airflow/example_dags/example_skip_dag.py
[2024-04-25T12:44:13.592+0000] {processor.py:839} INFO - DAG(s) dict_keys(['example_skip_dag']) retrieved from /home/airflow/.local/lib/python3.8/site-packages/airflow/example_dags/example_skip_dag.py
[2024-04-25T12:44:13.649+0000] {logging_mixin.py:154} INFO - [2024-04-25T12:44:13.648+0000] {dag.py:2941} INFO - Sync 1 DAGs
[2024-04-25T12:44:13.697+0000] {logging_mixin.py:154} INFO - [2024-04-25T12:44:13.697+0000] {dag.py:3722} INFO - Setting next_dagrun for example_skip_dag to 2024-04-24T12:44:13.696996+00:00, run_after=2024-04-25T12:44:13.696996+00:00
[2024-04-25T12:44:13.751+0000] {processor.py:179} INFO - Processing /home/airflow/.local/lib/python3.8/site-packages/airflow/example_dags/example_skip_dag.py took 0.190 seconds
[2024-04-25T12:44:43.909+0000] {processor.py:157} INFO - Started process (PID=3498) to work on /home/airflow/.local/lib/python3.8/site-packages/airflow/example_dags/example_skip_dag.py
[2024-04-25T12:44:43.912+0000] {processor.py:829} INFO - Processing file /home/airflow/.local/lib/python3.8/site-packages/airflow/example_dags/example_skip_dag.py for tasks to queue
[2024-04-25T12:44:43.914+0000] {logging_mixin.py:154} INFO - [2024-04-25T12:44:43.914+0000] {dagbag.py:536} INFO - Filling up the DagBag from /home/airflow/.local/lib/python3.8/site-packages/airflow/example_dags/example_skip_dag.py
[2024-04-25T12:44:43.928+0000] {processor.py:839} INFO - DAG(s) dict_keys(['example_skip_dag']) retrieved from /home/airflow/.local/lib/python3.8/site-packages/airflow/example_dags/example_skip_dag.py
[2024-04-25T12:44:43.970+0000] {logging_mixin.py:154} INFO - [2024-04-25T12:44:43.969+0000] {dag.py:2941} INFO - Sync 1 DAGs
[2024-04-25T12:44:44.005+0000] {logging_mixin.py:154} INFO - [2024-04-25T12:44:44.005+0000] {dag.py:3722} INFO - Setting next_dagrun for example_skip_dag to 2024-04-24T12:44:44.005117+00:00, run_after=2024-04-25T12:44:44.005117+00:00
[2024-04-25T12:44:44.036+0000] {processor.py:179} INFO - Processing /home/airflow/.local/lib/python3.8/site-packages/airflow/example_dags/example_skip_dag.py took 0.137 seconds
[2024-04-25T12:45:14.710+0000] {processor.py:157} INFO - Started process (PID=3740) to work on /home/airflow/.local/lib/python3.8/site-packages/airflow/example_dags/example_skip_dag.py
[2024-04-25T12:45:14.712+0000] {processor.py:829} INFO - Processing file /home/airflow/.local/lib/python3.8/site-packages/airflow/example_dags/example_skip_dag.py for tasks to queue
[2024-04-25T12:45:14.713+0000] {logging_mixin.py:154} INFO - [2024-04-25T12:45:14.713+0000] {dagbag.py:536} INFO - Filling up the DagBag from /home/airflow/.local/lib/python3.8/site-packages/airflow/example_dags/example_skip_dag.py
[2024-04-25T12:45:14.726+0000] {processor.py:839} INFO - DAG(s) dict_keys(['example_skip_dag']) retrieved from /home/airflow/.local/lib/python3.8/site-packages/airflow/example_dags/example_skip_dag.py
[2024-04-25T12:45:14.758+0000] {logging_mixin.py:154} INFO - [2024-04-25T12:45:14.758+0000] {dag.py:2941} INFO - Sync 1 DAGs
[2024-04-25T12:45:14.795+0000] {logging_mixin.py:154} INFO - [2024-04-25T12:45:14.794+0000] {dag.py:3722} INFO - Setting next_dagrun for example_skip_dag to 2024-04-24T12:45:14.794451+00:00, run_after=2024-04-25T12:45:14.794451+00:00
[2024-04-25T12:45:14.824+0000] {processor.py:179} INFO - Processing /home/airflow/.local/lib/python3.8/site-packages/airflow/example_dags/example_skip_dag.py took 0.119 seconds
[2024-04-25T12:45:45.861+0000] {processor.py:157} INFO - Started process (PID=3983) to work on /home/airflow/.local/lib/python3.8/site-packages/airflow/example_dags/example_skip_dag.py
[2024-04-25T12:45:45.863+0000] {processor.py:829} INFO - Processing file /home/airflow/.local/lib/python3.8/site-packages/airflow/example_dags/example_skip_dag.py for tasks to queue
[2024-04-25T12:45:45.865+0000] {logging_mixin.py:154} INFO - [2024-04-25T12:45:45.864+0000] {dagbag.py:536} INFO - Filling up the DagBag from /home/airflow/.local/lib/python3.8/site-packages/airflow/example_dags/example_skip_dag.py
[2024-04-25T12:45:45.881+0000] {processor.py:839} INFO - DAG(s) dict_keys(['example_skip_dag']) retrieved from /home/airflow/.local/lib/python3.8/site-packages/airflow/example_dags/example_skip_dag.py
[2024-04-25T12:45:45.920+0000] {logging_mixin.py:154} INFO - [2024-04-25T12:45:45.919+0000] {dag.py:2941} INFO - Sync 1 DAGs
[2024-04-25T12:45:45.963+0000] {logging_mixin.py:154} INFO - [2024-04-25T12:45:45.962+0000] {dag.py:3722} INFO - Setting next_dagrun for example_skip_dag to 2024-04-24T12:45:45.962183+00:00, run_after=2024-04-25T12:45:45.962183+00:00
[2024-04-25T12:45:46.001+0000] {processor.py:179} INFO - Processing /home/airflow/.local/lib/python3.8/site-packages/airflow/example_dags/example_skip_dag.py took 0.149 seconds
[2024-04-25T12:46:16.671+0000] {processor.py:157} INFO - Started process (PID=4226) to work on /home/airflow/.local/lib/python3.8/site-packages/airflow/example_dags/example_skip_dag.py
[2024-04-25T12:46:16.674+0000] {processor.py:829} INFO - Processing file /home/airflow/.local/lib/python3.8/site-packages/airflow/example_dags/example_skip_dag.py for tasks to queue
[2024-04-25T12:46:16.675+0000] {logging_mixin.py:154} INFO - [2024-04-25T12:46:16.675+0000] {dagbag.py:536} INFO - Filling up the DagBag from /home/airflow/.local/lib/python3.8/site-packages/airflow/example_dags/example_skip_dag.py
[2024-04-25T12:46:16.688+0000] {processor.py:839} INFO - DAG(s) dict_keys(['example_skip_dag']) retrieved from /home/airflow/.local/lib/python3.8/site-packages/airflow/example_dags/example_skip_dag.py
[2024-04-25T12:46:16.727+0000] {logging_mixin.py:154} INFO - [2024-04-25T12:46:16.727+0000] {dag.py:2941} INFO - Sync 1 DAGs
[2024-04-25T12:46:16.765+0000] {logging_mixin.py:154} INFO - [2024-04-25T12:46:16.765+0000] {dag.py:3722} INFO - Setting next_dagrun for example_skip_dag to 2024-04-24T12:46:16.764630+00:00, run_after=2024-04-25T12:46:16.764630+00:00
[2024-04-25T12:46:16.794+0000] {processor.py:179} INFO - Processing /home/airflow/.local/lib/python3.8/site-packages/airflow/example_dags/example_skip_dag.py took 0.128 seconds
[2024-04-25T12:46:48.846+0000] {processor.py:157} INFO - Started process (PID=4469) to work on /home/airflow/.local/lib/python3.8/site-packages/airflow/example_dags/example_skip_dag.py
[2024-04-25T12:46:48.851+0000] {processor.py:829} INFO - Processing file /home/airflow/.local/lib/python3.8/site-packages/airflow/example_dags/example_skip_dag.py for tasks to queue
[2024-04-25T12:46:48.855+0000] {logging_mixin.py:154} INFO - [2024-04-25T12:46:48.853+0000] {dagbag.py:536} INFO - Filling up the DagBag from /home/airflow/.local/lib/python3.8/site-packages/airflow/example_dags/example_skip_dag.py
[2024-04-25T12:46:48.899+0000] {processor.py:839} INFO - DAG(s) dict_keys(['example_skip_dag']) retrieved from /home/airflow/.local/lib/python3.8/site-packages/airflow/example_dags/example_skip_dag.py
[2024-04-25T12:46:49.013+0000] {logging_mixin.py:154} INFO - [2024-04-25T12:46:49.013+0000] {dag.py:2941} INFO - Sync 1 DAGs
[2024-04-25T12:46:49.133+0000] {logging_mixin.py:154} INFO - [2024-04-25T12:46:49.132+0000] {dag.py:3722} INFO - Setting next_dagrun for example_skip_dag to 2024-04-24T12:46:49.131735+00:00, run_after=2024-04-25T12:46:49.131735+00:00
[2024-04-25T12:46:49.193+0000] {processor.py:179} INFO - Processing /home/airflow/.local/lib/python3.8/site-packages/airflow/example_dags/example_skip_dag.py took 0.365 seconds
[2024-04-25T12:47:19.563+0000] {processor.py:157} INFO - Started process (PID=4712) to work on /home/airflow/.local/lib/python3.8/site-packages/airflow/example_dags/example_skip_dag.py
[2024-04-25T12:47:19.566+0000] {processor.py:829} INFO - Processing file /home/airflow/.local/lib/python3.8/site-packages/airflow/example_dags/example_skip_dag.py for tasks to queue
[2024-04-25T12:47:19.567+0000] {logging_mixin.py:154} INFO - [2024-04-25T12:47:19.566+0000] {dagbag.py:536} INFO - Filling up the DagBag from /home/airflow/.local/lib/python3.8/site-packages/airflow/example_dags/example_skip_dag.py
[2024-04-25T12:47:19.579+0000] {processor.py:839} INFO - DAG(s) dict_keys(['example_skip_dag']) retrieved from /home/airflow/.local/lib/python3.8/site-packages/airflow/example_dags/example_skip_dag.py
[2024-04-25T12:47:19.615+0000] {logging_mixin.py:154} INFO - [2024-04-25T12:47:19.614+0000] {dag.py:2941} INFO - Sync 1 DAGs
[2024-04-25T12:47:19.649+0000] {logging_mixin.py:154} INFO - [2024-04-25T12:47:19.648+0000] {dag.py:3722} INFO - Setting next_dagrun for example_skip_dag to 2024-04-24T12:47:19.648615+00:00, run_after=2024-04-25T12:47:19.648615+00:00
[2024-04-25T12:47:19.677+0000] {processor.py:179} INFO - Processing /home/airflow/.local/lib/python3.8/site-packages/airflow/example_dags/example_skip_dag.py took 0.119 seconds
[2024-04-25T12:51:43.562+0000] {processor.py:157} INFO - Started process (PID=310) to work on /home/airflow/.local/lib/python3.8/site-packages/airflow/example_dags/example_skip_dag.py
[2024-04-25T12:51:43.564+0000] {processor.py:829} INFO - Processing file /home/airflow/.local/lib/python3.8/site-packages/airflow/example_dags/example_skip_dag.py for tasks to queue
[2024-04-25T12:51:43.565+0000] {logging_mixin.py:154} INFO - [2024-04-25T12:51:43.565+0000] {dagbag.py:536} INFO - Filling up the DagBag from /home/airflow/.local/lib/python3.8/site-packages/airflow/example_dags/example_skip_dag.py
[2024-04-25T12:51:43.577+0000] {processor.py:839} INFO - DAG(s) dict_keys(['example_skip_dag']) retrieved from /home/airflow/.local/lib/python3.8/site-packages/airflow/example_dags/example_skip_dag.py
[2024-04-25T12:51:43.599+0000] {logging_mixin.py:154} INFO - [2024-04-25T12:51:43.598+0000] {dag.py:2941} INFO - Sync 1 DAGs
[2024-04-25T12:51:43.631+0000] {logging_mixin.py:154} INFO - [2024-04-25T12:51:43.631+0000] {dag.py:3722} INFO - Setting next_dagrun for example_skip_dag to 2024-04-24T12:51:43.631291+00:00, run_after=2024-04-25T12:51:43.631291+00:00
[2024-04-25T12:51:43.661+0000] {processor.py:179} INFO - Processing /home/airflow/.local/lib/python3.8/site-packages/airflow/example_dags/example_skip_dag.py took 0.106 seconds
[2024-04-25T12:52:14.319+0000] {processor.py:157} INFO - Started process (PID=551) to work on /home/airflow/.local/lib/python3.8/site-packages/airflow/example_dags/example_skip_dag.py
[2024-04-25T12:52:14.320+0000] {processor.py:829} INFO - Processing file /home/airflow/.local/lib/python3.8/site-packages/airflow/example_dags/example_skip_dag.py for tasks to queue
[2024-04-25T12:52:14.321+0000] {logging_mixin.py:154} INFO - [2024-04-25T12:52:14.321+0000] {dagbag.py:536} INFO - Filling up the DagBag from /home/airflow/.local/lib/python3.8/site-packages/airflow/example_dags/example_skip_dag.py
[2024-04-25T12:52:14.333+0000] {processor.py:839} INFO - DAG(s) dict_keys(['example_skip_dag']) retrieved from /home/airflow/.local/lib/python3.8/site-packages/airflow/example_dags/example_skip_dag.py
[2024-04-25T12:52:14.374+0000] {logging_mixin.py:154} INFO - [2024-04-25T12:52:14.374+0000] {dag.py:2941} INFO - Sync 1 DAGs
[2024-04-25T12:52:14.406+0000] {logging_mixin.py:154} INFO - [2024-04-25T12:52:14.406+0000] {dag.py:3722} INFO - Setting next_dagrun for example_skip_dag to 2024-04-24T12:52:14.405779+00:00, run_after=2024-04-25T12:52:14.405779+00:00
[2024-04-25T12:52:14.434+0000] {processor.py:179} INFO - Processing /home/airflow/.local/lib/python3.8/site-packages/airflow/example_dags/example_skip_dag.py took 0.120 seconds
[2024-04-25T12:52:45.455+0000] {processor.py:157} INFO - Started process (PID=801) to work on /home/airflow/.local/lib/python3.8/site-packages/airflow/example_dags/example_skip_dag.py
[2024-04-25T12:52:45.460+0000] {processor.py:829} INFO - Processing file /home/airflow/.local/lib/python3.8/site-packages/airflow/example_dags/example_skip_dag.py for tasks to queue
[2024-04-25T12:52:45.462+0000] {logging_mixin.py:154} INFO - [2024-04-25T12:52:45.461+0000] {dagbag.py:536} INFO - Filling up the DagBag from /home/airflow/.local/lib/python3.8/site-packages/airflow/example_dags/example_skip_dag.py
[2024-04-25T12:52:45.480+0000] {processor.py:839} INFO - DAG(s) dict_keys(['example_skip_dag']) retrieved from /home/airflow/.local/lib/python3.8/site-packages/airflow/example_dags/example_skip_dag.py
[2024-04-25T12:52:45.544+0000] {logging_mixin.py:154} INFO - [2024-04-25T12:52:45.544+0000] {dag.py:2941} INFO - Sync 1 DAGs
[2024-04-25T12:52:45.591+0000] {logging_mixin.py:154} INFO - [2024-04-25T12:52:45.591+0000] {dag.py:3722} INFO - Setting next_dagrun for example_skip_dag to 2024-04-24T12:52:45.590836+00:00, run_after=2024-04-25T12:52:45.590836+00:00
[2024-04-25T12:52:45.640+0000] {processor.py:179} INFO - Processing /home/airflow/.local/lib/python3.8/site-packages/airflow/example_dags/example_skip_dag.py took 0.198 seconds
[2024-04-25T12:53:16.082+0000] {processor.py:157} INFO - Started process (PID=1048) to work on /home/airflow/.local/lib/python3.8/site-packages/airflow/example_dags/example_skip_dag.py
[2024-04-25T12:53:16.084+0000] {processor.py:829} INFO - Processing file /home/airflow/.local/lib/python3.8/site-packages/airflow/example_dags/example_skip_dag.py for tasks to queue
[2024-04-25T12:53:16.086+0000] {logging_mixin.py:154} INFO - [2024-04-25T12:53:16.085+0000] {dagbag.py:536} INFO - Filling up the DagBag from /home/airflow/.local/lib/python3.8/site-packages/airflow/example_dags/example_skip_dag.py
[2024-04-25T12:53:16.099+0000] {processor.py:839} INFO - DAG(s) dict_keys(['example_skip_dag']) retrieved from /home/airflow/.local/lib/python3.8/site-packages/airflow/example_dags/example_skip_dag.py
[2024-04-25T12:53:16.144+0000] {logging_mixin.py:154} INFO - [2024-04-25T12:53:16.143+0000] {dag.py:2941} INFO - Sync 1 DAGs
[2024-04-25T12:53:16.193+0000] {logging_mixin.py:154} INFO - [2024-04-25T12:53:16.192+0000] {dag.py:3722} INFO - Setting next_dagrun for example_skip_dag to 2024-04-24T12:53:16.192382+00:00, run_after=2024-04-25T12:53:16.192382+00:00
[2024-04-25T12:53:16.227+0000] {processor.py:179} INFO - Processing /home/airflow/.local/lib/python3.8/site-packages/airflow/example_dags/example_skip_dag.py took 0.153 seconds
[2024-04-25T12:53:46.421+0000] {processor.py:157} INFO - Started process (PID=1293) to work on /home/airflow/.local/lib/python3.8/site-packages/airflow/example_dags/example_skip_dag.py
[2024-04-25T12:53:46.425+0000] {processor.py:829} INFO - Processing file /home/airflow/.local/lib/python3.8/site-packages/airflow/example_dags/example_skip_dag.py for tasks to queue
[2024-04-25T12:53:46.426+0000] {logging_mixin.py:154} INFO - [2024-04-25T12:53:46.426+0000] {dagbag.py:536} INFO - Filling up the DagBag from /home/airflow/.local/lib/python3.8/site-packages/airflow/example_dags/example_skip_dag.py
[2024-04-25T12:53:46.438+0000] {processor.py:839} INFO - DAG(s) dict_keys(['example_skip_dag']) retrieved from /home/airflow/.local/lib/python3.8/site-packages/airflow/example_dags/example_skip_dag.py
[2024-04-25T12:53:46.486+0000] {logging_mixin.py:154} INFO - [2024-04-25T12:53:46.485+0000] {dag.py:2941} INFO - Sync 1 DAGs
[2024-04-25T12:53:46.530+0000] {logging_mixin.py:154} INFO - [2024-04-25T12:53:46.529+0000] {dag.py:3722} INFO - Setting next_dagrun for example_skip_dag to 2024-04-24T12:53:46.529506+00:00, run_after=2024-04-25T12:53:46.529506+00:00
[2024-04-25T12:53:46.558+0000] {processor.py:179} INFO - Processing /home/airflow/.local/lib/python3.8/site-packages/airflow/example_dags/example_skip_dag.py took 0.142 seconds
[2024-04-25T12:54:16.648+0000] {processor.py:157} INFO - Started process (PID=1534) to work on /home/airflow/.local/lib/python3.8/site-packages/airflow/example_dags/example_skip_dag.py
[2024-04-25T12:54:16.650+0000] {processor.py:829} INFO - Processing file /home/airflow/.local/lib/python3.8/site-packages/airflow/example_dags/example_skip_dag.py for tasks to queue
[2024-04-25T12:54:16.651+0000] {logging_mixin.py:154} INFO - [2024-04-25T12:54:16.651+0000] {dagbag.py:536} INFO - Filling up the DagBag from /home/airflow/.local/lib/python3.8/site-packages/airflow/example_dags/example_skip_dag.py
[2024-04-25T12:54:16.664+0000] {processor.py:839} INFO - DAG(s) dict_keys(['example_skip_dag']) retrieved from /home/airflow/.local/lib/python3.8/site-packages/airflow/example_dags/example_skip_dag.py
[2024-04-25T12:54:16.705+0000] {logging_mixin.py:154} INFO - [2024-04-25T12:54:16.705+0000] {dag.py:2941} INFO - Sync 1 DAGs
[2024-04-25T12:54:16.746+0000] {logging_mixin.py:154} INFO - [2024-04-25T12:54:16.746+0000] {dag.py:3722} INFO - Setting next_dagrun for example_skip_dag to 2024-04-24T12:54:16.745759+00:00, run_after=2024-04-25T12:54:16.745759+00:00
[2024-04-25T12:54:16.780+0000] {processor.py:179} INFO - Processing /home/airflow/.local/lib/python3.8/site-packages/airflow/example_dags/example_skip_dag.py took 0.138 seconds
[2024-04-25T12:54:47.851+0000] {processor.py:157} INFO - Started process (PID=1777) to work on /home/airflow/.local/lib/python3.8/site-packages/airflow/example_dags/example_skip_dag.py
[2024-04-25T12:54:47.853+0000] {processor.py:829} INFO - Processing file /home/airflow/.local/lib/python3.8/site-packages/airflow/example_dags/example_skip_dag.py for tasks to queue
[2024-04-25T12:54:47.855+0000] {logging_mixin.py:154} INFO - [2024-04-25T12:54:47.854+0000] {dagbag.py:536} INFO - Filling up the DagBag from /home/airflow/.local/lib/python3.8/site-packages/airflow/example_dags/example_skip_dag.py
[2024-04-25T12:54:47.867+0000] {processor.py:839} INFO - DAG(s) dict_keys(['example_skip_dag']) retrieved from /home/airflow/.local/lib/python3.8/site-packages/airflow/example_dags/example_skip_dag.py
[2024-04-25T12:54:47.901+0000] {logging_mixin.py:154} INFO - [2024-04-25T12:54:47.901+0000] {dag.py:2941} INFO - Sync 1 DAGs
[2024-04-25T12:54:47.931+0000] {logging_mixin.py:154} INFO - [2024-04-25T12:54:47.931+0000] {dag.py:3722} INFO - Setting next_dagrun for example_skip_dag to 2024-04-24T12:54:47.931003+00:00, run_after=2024-04-25T12:54:47.931003+00:00
[2024-04-25T12:54:47.965+0000] {processor.py:179} INFO - Processing /home/airflow/.local/lib/python3.8/site-packages/airflow/example_dags/example_skip_dag.py took 0.122 seconds
[2024-04-25T12:55:18.209+0000] {processor.py:157} INFO - Started process (PID=2020) to work on /home/airflow/.local/lib/python3.8/site-packages/airflow/example_dags/example_skip_dag.py
[2024-04-25T12:55:18.212+0000] {processor.py:829} INFO - Processing file /home/airflow/.local/lib/python3.8/site-packages/airflow/example_dags/example_skip_dag.py for tasks to queue
[2024-04-25T12:55:18.213+0000] {logging_mixin.py:154} INFO - [2024-04-25T12:55:18.213+0000] {dagbag.py:536} INFO - Filling up the DagBag from /home/airflow/.local/lib/python3.8/site-packages/airflow/example_dags/example_skip_dag.py
[2024-04-25T12:55:18.229+0000] {processor.py:839} INFO - DAG(s) dict_keys(['example_skip_dag']) retrieved from /home/airflow/.local/lib/python3.8/site-packages/airflow/example_dags/example_skip_dag.py
[2024-04-25T12:55:18.272+0000] {logging_mixin.py:154} INFO - [2024-04-25T12:55:18.272+0000] {dag.py:2941} INFO - Sync 1 DAGs
[2024-04-25T12:55:18.304+0000] {logging_mixin.py:154} INFO - [2024-04-25T12:55:18.304+0000] {dag.py:3722} INFO - Setting next_dagrun for example_skip_dag to 2024-04-24T12:55:18.304128+00:00, run_after=2024-04-25T12:55:18.304128+00:00
[2024-04-25T12:55:18.333+0000] {processor.py:179} INFO - Processing /home/airflow/.local/lib/python3.8/site-packages/airflow/example_dags/example_skip_dag.py took 0.131 seconds
[2024-04-25T13:10:33.395+0000] {processor.py:157} INFO - Started process (PID=308) to work on /home/airflow/.local/lib/python3.8/site-packages/airflow/example_dags/example_skip_dag.py
[2024-04-25T13:10:33.397+0000] {processor.py:829} INFO - Processing file /home/airflow/.local/lib/python3.8/site-packages/airflow/example_dags/example_skip_dag.py for tasks to queue
[2024-04-25T13:10:33.399+0000] {logging_mixin.py:154} INFO - [2024-04-25T13:10:33.398+0000] {dagbag.py:536} INFO - Filling up the DagBag from /home/airflow/.local/lib/python3.8/site-packages/airflow/example_dags/example_skip_dag.py
[2024-04-25T13:10:33.416+0000] {processor.py:839} INFO - DAG(s) dict_keys(['example_skip_dag']) retrieved from /home/airflow/.local/lib/python3.8/site-packages/airflow/example_dags/example_skip_dag.py
[2024-04-25T13:10:33.436+0000] {logging_mixin.py:154} INFO - [2024-04-25T13:10:33.435+0000] {dag.py:2941} INFO - Sync 1 DAGs
[2024-04-25T13:10:33.469+0000] {logging_mixin.py:154} INFO - [2024-04-25T13:10:33.469+0000] {dag.py:3722} INFO - Setting next_dagrun for example_skip_dag to 2024-04-24T13:10:33.469214+00:00, run_after=2024-04-25T13:10:33.469214+00:00
[2024-04-25T13:10:33.497+0000] {processor.py:179} INFO - Processing /home/airflow/.local/lib/python3.8/site-packages/airflow/example_dags/example_skip_dag.py took 0.109 seconds
[2024-04-25T13:11:05.022+0000] {processor.py:157} INFO - Started process (PID=551) to work on /home/airflow/.local/lib/python3.8/site-packages/airflow/example_dags/example_skip_dag.py
[2024-04-25T13:11:05.025+0000] {processor.py:829} INFO - Processing file /home/airflow/.local/lib/python3.8/site-packages/airflow/example_dags/example_skip_dag.py for tasks to queue
[2024-04-25T13:11:05.026+0000] {logging_mixin.py:154} INFO - [2024-04-25T13:11:05.026+0000] {dagbag.py:536} INFO - Filling up the DagBag from /home/airflow/.local/lib/python3.8/site-packages/airflow/example_dags/example_skip_dag.py
[2024-04-25T13:11:05.041+0000] {processor.py:839} INFO - DAG(s) dict_keys(['example_skip_dag']) retrieved from /home/airflow/.local/lib/python3.8/site-packages/airflow/example_dags/example_skip_dag.py
[2024-04-25T13:11:05.080+0000] {logging_mixin.py:154} INFO - [2024-04-25T13:11:05.080+0000] {dag.py:2941} INFO - Sync 1 DAGs
[2024-04-25T13:11:05.116+0000] {logging_mixin.py:154} INFO - [2024-04-25T13:11:05.116+0000] {dag.py:3722} INFO - Setting next_dagrun for example_skip_dag to 2024-04-24T13:11:05.115687+00:00, run_after=2024-04-25T13:11:05.115687+00:00
[2024-04-25T13:11:05.145+0000] {processor.py:179} INFO - Processing /home/airflow/.local/lib/python3.8/site-packages/airflow/example_dags/example_skip_dag.py took 0.130 seconds
[2024-04-25T13:11:35.253+0000] {processor.py:157} INFO - Started process (PID=794) to work on /home/airflow/.local/lib/python3.8/site-packages/airflow/example_dags/example_skip_dag.py
[2024-04-25T13:11:35.254+0000] {processor.py:829} INFO - Processing file /home/airflow/.local/lib/python3.8/site-packages/airflow/example_dags/example_skip_dag.py for tasks to queue
[2024-04-25T13:11:35.255+0000] {logging_mixin.py:154} INFO - [2024-04-25T13:11:35.255+0000] {dagbag.py:536} INFO - Filling up the DagBag from /home/airflow/.local/lib/python3.8/site-packages/airflow/example_dags/example_skip_dag.py
[2024-04-25T13:11:35.267+0000] {processor.py:839} INFO - DAG(s) dict_keys(['example_skip_dag']) retrieved from /home/airflow/.local/lib/python3.8/site-packages/airflow/example_dags/example_skip_dag.py
[2024-04-25T13:11:35.316+0000] {logging_mixin.py:154} INFO - [2024-04-25T13:11:35.315+0000] {dag.py:2941} INFO - Sync 1 DAGs
[2024-04-25T13:11:35.362+0000] {logging_mixin.py:154} INFO - [2024-04-25T13:11:35.362+0000] {dag.py:3722} INFO - Setting next_dagrun for example_skip_dag to 2024-04-24T13:11:35.361847+00:00, run_after=2024-04-25T13:11:35.361847+00:00
[2024-04-25T13:11:35.396+0000] {processor.py:179} INFO - Processing /home/airflow/.local/lib/python3.8/site-packages/airflow/example_dags/example_skip_dag.py took 0.149 seconds
[2024-04-25T13:12:06.140+0000] {processor.py:157} INFO - Started process (PID=1042) to work on /home/airflow/.local/lib/python3.8/site-packages/airflow/example_dags/example_skip_dag.py
[2024-04-25T13:12:06.142+0000] {processor.py:829} INFO - Processing file /home/airflow/.local/lib/python3.8/site-packages/airflow/example_dags/example_skip_dag.py for tasks to queue
[2024-04-25T13:12:06.143+0000] {logging_mixin.py:154} INFO - [2024-04-25T13:12:06.143+0000] {dagbag.py:536} INFO - Filling up the DagBag from /home/airflow/.local/lib/python3.8/site-packages/airflow/example_dags/example_skip_dag.py
[2024-04-25T13:12:06.156+0000] {processor.py:839} INFO - DAG(s) dict_keys(['example_skip_dag']) retrieved from /home/airflow/.local/lib/python3.8/site-packages/airflow/example_dags/example_skip_dag.py
[2024-04-25T13:12:06.203+0000] {logging_mixin.py:154} INFO - [2024-04-25T13:12:06.203+0000] {dag.py:2941} INFO - Sync 1 DAGs
[2024-04-25T13:12:06.243+0000] {logging_mixin.py:154} INFO - [2024-04-25T13:12:06.242+0000] {dag.py:3722} INFO - Setting next_dagrun for example_skip_dag to 2024-04-24T13:12:06.242534+00:00, run_after=2024-04-25T13:12:06.242534+00:00
[2024-04-25T13:12:06.270+0000] {processor.py:179} INFO - Processing /home/airflow/.local/lib/python3.8/site-packages/airflow/example_dags/example_skip_dag.py took 0.137 seconds
[2024-04-25T13:12:36.846+0000] {processor.py:157} INFO - Started process (PID=1290) to work on /home/airflow/.local/lib/python3.8/site-packages/airflow/example_dags/example_skip_dag.py
[2024-04-25T13:12:36.849+0000] {processor.py:829} INFO - Processing file /home/airflow/.local/lib/python3.8/site-packages/airflow/example_dags/example_skip_dag.py for tasks to queue
[2024-04-25T13:12:36.850+0000] {logging_mixin.py:154} INFO - [2024-04-25T13:12:36.850+0000] {dagbag.py:536} INFO - Filling up the DagBag from /home/airflow/.local/lib/python3.8/site-packages/airflow/example_dags/example_skip_dag.py
[2024-04-25T13:12:36.866+0000] {processor.py:839} INFO - DAG(s) dict_keys(['example_skip_dag']) retrieved from /home/airflow/.local/lib/python3.8/site-packages/airflow/example_dags/example_skip_dag.py
[2024-04-25T13:12:36.917+0000] {logging_mixin.py:154} INFO - [2024-04-25T13:12:36.917+0000] {dag.py:2941} INFO - Sync 1 DAGs
[2024-04-25T13:12:36.977+0000] {logging_mixin.py:154} INFO - [2024-04-25T13:12:36.977+0000] {dag.py:3722} INFO - Setting next_dagrun for example_skip_dag to 2024-04-24T13:12:36.976970+00:00, run_after=2024-04-25T13:12:36.976970+00:00
[2024-04-25T13:12:37.019+0000] {processor.py:179} INFO - Processing /home/airflow/.local/lib/python3.8/site-packages/airflow/example_dags/example_skip_dag.py took 0.180 seconds
[2024-04-25T13:13:07.110+0000] {processor.py:157} INFO - Started process (PID=1533) to work on /home/airflow/.local/lib/python3.8/site-packages/airflow/example_dags/example_skip_dag.py
[2024-04-25T13:13:07.113+0000] {processor.py:829} INFO - Processing file /home/airflow/.local/lib/python3.8/site-packages/airflow/example_dags/example_skip_dag.py for tasks to queue
[2024-04-25T13:13:07.115+0000] {logging_mixin.py:154} INFO - [2024-04-25T13:13:07.114+0000] {dagbag.py:536} INFO - Filling up the DagBag from /home/airflow/.local/lib/python3.8/site-packages/airflow/example_dags/example_skip_dag.py
[2024-04-25T13:13:07.136+0000] {processor.py:839} INFO - DAG(s) dict_keys(['example_skip_dag']) retrieved from /home/airflow/.local/lib/python3.8/site-packages/airflow/example_dags/example_skip_dag.py
[2024-04-25T13:13:07.173+0000] {logging_mixin.py:154} INFO - [2024-04-25T13:13:07.173+0000] {dag.py:2941} INFO - Sync 1 DAGs
[2024-04-25T13:13:07.209+0000] {logging_mixin.py:154} INFO - [2024-04-25T13:13:07.208+0000] {dag.py:3722} INFO - Setting next_dagrun for example_skip_dag to 2024-04-24T13:13:07.208541+00:00, run_after=2024-04-25T13:13:07.208541+00:00
[2024-04-25T13:13:07.238+0000] {processor.py:179} INFO - Processing /home/airflow/.local/lib/python3.8/site-packages/airflow/example_dags/example_skip_dag.py took 0.135 seconds
[2024-04-25T13:13:37.445+0000] {processor.py:157} INFO - Started process (PID=1777) to work on /home/airflow/.local/lib/python3.8/site-packages/airflow/example_dags/example_skip_dag.py
[2024-04-25T13:13:37.447+0000] {processor.py:829} INFO - Processing file /home/airflow/.local/lib/python3.8/site-packages/airflow/example_dags/example_skip_dag.py for tasks to queue
[2024-04-25T13:13:37.448+0000] {logging_mixin.py:154} INFO - [2024-04-25T13:13:37.448+0000] {dagbag.py:536} INFO - Filling up the DagBag from /home/airflow/.local/lib/python3.8/site-packages/airflow/example_dags/example_skip_dag.py
[2024-04-25T13:13:37.461+0000] {processor.py:839} INFO - DAG(s) dict_keys(['example_skip_dag']) retrieved from /home/airflow/.local/lib/python3.8/site-packages/airflow/example_dags/example_skip_dag.py
[2024-04-25T13:13:37.496+0000] {logging_mixin.py:154} INFO - [2024-04-25T13:13:37.496+0000] {dag.py:2941} INFO - Sync 1 DAGs
[2024-04-25T13:13:37.530+0000] {logging_mixin.py:154} INFO - [2024-04-25T13:13:37.530+0000] {dag.py:3722} INFO - Setting next_dagrun for example_skip_dag to 2024-04-24T13:13:37.529791+00:00, run_after=2024-04-25T13:13:37.529791+00:00
[2024-04-25T13:13:37.558+0000] {processor.py:179} INFO - Processing /home/airflow/.local/lib/python3.8/site-packages/airflow/example_dags/example_skip_dag.py took 0.120 seconds
[2024-04-25T13:14:07.791+0000] {processor.py:157} INFO - Started process (PID=2021) to work on /home/airflow/.local/lib/python3.8/site-packages/airflow/example_dags/example_skip_dag.py
[2024-04-25T13:14:07.794+0000] {processor.py:829} INFO - Processing file /home/airflow/.local/lib/python3.8/site-packages/airflow/example_dags/example_skip_dag.py for tasks to queue
[2024-04-25T13:14:07.795+0000] {logging_mixin.py:154} INFO - [2024-04-25T13:14:07.794+0000] {dagbag.py:536} INFO - Filling up the DagBag from /home/airflow/.local/lib/python3.8/site-packages/airflow/example_dags/example_skip_dag.py
[2024-04-25T13:14:07.808+0000] {processor.py:839} INFO - DAG(s) dict_keys(['example_skip_dag']) retrieved from /home/airflow/.local/lib/python3.8/site-packages/airflow/example_dags/example_skip_dag.py
[2024-04-25T13:14:07.842+0000] {logging_mixin.py:154} INFO - [2024-04-25T13:14:07.842+0000] {dag.py:2941} INFO - Sync 1 DAGs
[2024-04-25T13:14:07.879+0000] {logging_mixin.py:154} INFO - [2024-04-25T13:14:07.878+0000] {dag.py:3722} INFO - Setting next_dagrun for example_skip_dag to 2024-04-24T13:14:07.878627+00:00, run_after=2024-04-25T13:14:07.878627+00:00
[2024-04-25T13:14:07.905+0000] {processor.py:179} INFO - Processing /home/airflow/.local/lib/python3.8/site-packages/airflow/example_dags/example_skip_dag.py took 0.120 seconds
[2024-04-25T13:14:38.453+0000] {processor.py:157} INFO - Started process (PID=2264) to work on /home/airflow/.local/lib/python3.8/site-packages/airflow/example_dags/example_skip_dag.py
[2024-04-25T13:14:38.454+0000] {processor.py:829} INFO - Processing file /home/airflow/.local/lib/python3.8/site-packages/airflow/example_dags/example_skip_dag.py for tasks to queue
[2024-04-25T13:14:38.456+0000] {logging_mixin.py:154} INFO - [2024-04-25T13:14:38.455+0000] {dagbag.py:536} INFO - Filling up the DagBag from /home/airflow/.local/lib/python3.8/site-packages/airflow/example_dags/example_skip_dag.py
[2024-04-25T13:14:38.471+0000] {processor.py:839} INFO - DAG(s) dict_keys(['example_skip_dag']) retrieved from /home/airflow/.local/lib/python3.8/site-packages/airflow/example_dags/example_skip_dag.py
[2024-04-25T13:14:38.504+0000] {logging_mixin.py:154} INFO - [2024-04-25T13:14:38.503+0000] {dag.py:2941} INFO - Sync 1 DAGs
[2024-04-25T13:14:38.537+0000] {logging_mixin.py:154} INFO - [2024-04-25T13:14:38.537+0000] {dag.py:3722} INFO - Setting next_dagrun for example_skip_dag to 2024-04-24T13:14:38.537318+00:00, run_after=2024-04-25T13:14:38.537318+00:00
[2024-04-25T13:14:38.564+0000] {processor.py:179} INFO - Processing /home/airflow/.local/lib/python3.8/site-packages/airflow/example_dags/example_skip_dag.py took 0.119 seconds
[2024-04-25T13:15:08.844+0000] {processor.py:157} INFO - Started process (PID=2507) to work on /home/airflow/.local/lib/python3.8/site-packages/airflow/example_dags/example_skip_dag.py
[2024-04-25T13:15:08.846+0000] {processor.py:829} INFO - Processing file /home/airflow/.local/lib/python3.8/site-packages/airflow/example_dags/example_skip_dag.py for tasks to queue
[2024-04-25T13:15:08.847+0000] {logging_mixin.py:154} INFO - [2024-04-25T13:15:08.847+0000] {dagbag.py:536} INFO - Filling up the DagBag from /home/airflow/.local/lib/python3.8/site-packages/airflow/example_dags/example_skip_dag.py
[2024-04-25T13:15:08.862+0000] {processor.py:839} INFO - DAG(s) dict_keys(['example_skip_dag']) retrieved from /home/airflow/.local/lib/python3.8/site-packages/airflow/example_dags/example_skip_dag.py
[2024-04-25T13:15:08.897+0000] {logging_mixin.py:154} INFO - [2024-04-25T13:15:08.897+0000] {dag.py:2941} INFO - Sync 1 DAGs
[2024-04-25T13:15:08.929+0000] {logging_mixin.py:154} INFO - [2024-04-25T13:15:08.929+0000] {dag.py:3722} INFO - Setting next_dagrun for example_skip_dag to 2024-04-24T13:15:08.929323+00:00, run_after=2024-04-25T13:15:08.929323+00:00
[2024-04-25T13:15:08.958+0000] {processor.py:179} INFO - Processing /home/airflow/.local/lib/python3.8/site-packages/airflow/example_dags/example_skip_dag.py took 0.121 seconds
[2024-04-25T13:15:40.283+0000] {processor.py:157} INFO - Started process (PID=2750) to work on /home/airflow/.local/lib/python3.8/site-packages/airflow/example_dags/example_skip_dag.py
[2024-04-25T13:15:40.285+0000] {processor.py:829} INFO - Processing file /home/airflow/.local/lib/python3.8/site-packages/airflow/example_dags/example_skip_dag.py for tasks to queue
[2024-04-25T13:15:40.287+0000] {logging_mixin.py:154} INFO - [2024-04-25T13:15:40.286+0000] {dagbag.py:536} INFO - Filling up the DagBag from /home/airflow/.local/lib/python3.8/site-packages/airflow/example_dags/example_skip_dag.py
[2024-04-25T13:15:40.303+0000] {processor.py:839} INFO - DAG(s) dict_keys(['example_skip_dag']) retrieved from /home/airflow/.local/lib/python3.8/site-packages/airflow/example_dags/example_skip_dag.py
[2024-04-25T13:15:40.337+0000] {logging_mixin.py:154} INFO - [2024-04-25T13:15:40.337+0000] {dag.py:2941} INFO - Sync 1 DAGs
[2024-04-25T13:15:40.375+0000] {logging_mixin.py:154} INFO - [2024-04-25T13:15:40.374+0000] {dag.py:3722} INFO - Setting next_dagrun for example_skip_dag to 2024-04-24T13:15:40.374319+00:00, run_after=2024-04-25T13:15:40.374319+00:00
[2024-04-25T13:15:40.403+0000] {processor.py:179} INFO - Processing /home/airflow/.local/lib/python3.8/site-packages/airflow/example_dags/example_skip_dag.py took 0.128 seconds
[2024-04-25T13:16:11.311+0000] {processor.py:157} INFO - Started process (PID=2993) to work on /home/airflow/.local/lib/python3.8/site-packages/airflow/example_dags/example_skip_dag.py
[2024-04-25T13:16:11.314+0000] {processor.py:829} INFO - Processing file /home/airflow/.local/lib/python3.8/site-packages/airflow/example_dags/example_skip_dag.py for tasks to queue
[2024-04-25T13:16:11.315+0000] {logging_mixin.py:154} INFO - [2024-04-25T13:16:11.314+0000] {dagbag.py:536} INFO - Filling up the DagBag from /home/airflow/.local/lib/python3.8/site-packages/airflow/example_dags/example_skip_dag.py
[2024-04-25T13:16:11.332+0000] {processor.py:839} INFO - DAG(s) dict_keys(['example_skip_dag']) retrieved from /home/airflow/.local/lib/python3.8/site-packages/airflow/example_dags/example_skip_dag.py
[2024-04-25T13:16:11.367+0000] {logging_mixin.py:154} INFO - [2024-04-25T13:16:11.367+0000] {dag.py:2941} INFO - Sync 1 DAGs
[2024-04-25T13:16:11.403+0000] {logging_mixin.py:154} INFO - [2024-04-25T13:16:11.402+0000] {dag.py:3722} INFO - Setting next_dagrun for example_skip_dag to 2024-04-24T13:16:11.402350+00:00, run_after=2024-04-25T13:16:11.402350+00:00
[2024-04-25T13:16:11.433+0000] {processor.py:179} INFO - Processing /home/airflow/.local/lib/python3.8/site-packages/airflow/example_dags/example_skip_dag.py took 0.129 seconds
[2024-04-25T13:16:42.482+0000] {processor.py:157} INFO - Started process (PID=3239) to work on /home/airflow/.local/lib/python3.8/site-packages/airflow/example_dags/example_skip_dag.py
[2024-04-25T13:16:42.484+0000] {processor.py:829} INFO - Processing file /home/airflow/.local/lib/python3.8/site-packages/airflow/example_dags/example_skip_dag.py for tasks to queue
[2024-04-25T13:16:42.485+0000] {logging_mixin.py:154} INFO - [2024-04-25T13:16:42.485+0000] {dagbag.py:536} INFO - Filling up the DagBag from /home/airflow/.local/lib/python3.8/site-packages/airflow/example_dags/example_skip_dag.py
[2024-04-25T13:16:42.505+0000] {processor.py:839} INFO - DAG(s) dict_keys(['example_skip_dag']) retrieved from /home/airflow/.local/lib/python3.8/site-packages/airflow/example_dags/example_skip_dag.py
[2024-04-25T13:16:42.546+0000] {logging_mixin.py:154} INFO - [2024-04-25T13:16:42.546+0000] {dag.py:2941} INFO - Sync 1 DAGs
[2024-04-25T13:16:42.583+0000] {logging_mixin.py:154} INFO - [2024-04-25T13:16:42.583+0000] {dag.py:3722} INFO - Setting next_dagrun for example_skip_dag to 2024-04-24T13:16:42.582718+00:00, run_after=2024-04-25T13:16:42.582718+00:00
[2024-04-25T13:16:42.615+0000] {processor.py:179} INFO - Processing /home/airflow/.local/lib/python3.8/site-packages/airflow/example_dags/example_skip_dag.py took 0.140 seconds
[2024-04-25T13:17:13.272+0000] {processor.py:157} INFO - Started process (PID=3480) to work on /home/airflow/.local/lib/python3.8/site-packages/airflow/example_dags/example_skip_dag.py
[2024-04-25T13:17:13.275+0000] {processor.py:829} INFO - Processing file /home/airflow/.local/lib/python3.8/site-packages/airflow/example_dags/example_skip_dag.py for tasks to queue
[2024-04-25T13:17:13.276+0000] {logging_mixin.py:154} INFO - [2024-04-25T13:17:13.276+0000] {dagbag.py:536} INFO - Filling up the DagBag from /home/airflow/.local/lib/python3.8/site-packages/airflow/example_dags/example_skip_dag.py
[2024-04-25T13:17:13.289+0000] {processor.py:839} INFO - DAG(s) dict_keys(['example_skip_dag']) retrieved from /home/airflow/.local/lib/python3.8/site-packages/airflow/example_dags/example_skip_dag.py
[2024-04-25T13:17:13.324+0000] {logging_mixin.py:154} INFO - [2024-04-25T13:17:13.324+0000] {dag.py:2941} INFO - Sync 1 DAGs
[2024-04-25T13:17:13.356+0000] {logging_mixin.py:154} INFO - [2024-04-25T13:17:13.356+0000] {dag.py:3722} INFO - Setting next_dagrun for example_skip_dag to 2024-04-24T13:17:13.355618+00:00, run_after=2024-04-25T13:17:13.355618+00:00
[2024-04-25T13:17:13.393+0000] {processor.py:179} INFO - Processing /home/airflow/.local/lib/python3.8/site-packages/airflow/example_dags/example_skip_dag.py took 0.126 seconds
[2024-04-25T13:17:43.781+0000] {processor.py:157} INFO - Started process (PID=3723) to work on /home/airflow/.local/lib/python3.8/site-packages/airflow/example_dags/example_skip_dag.py
[2024-04-25T13:17:43.782+0000] {processor.py:829} INFO - Processing file /home/airflow/.local/lib/python3.8/site-packages/airflow/example_dags/example_skip_dag.py for tasks to queue
[2024-04-25T13:17:43.784+0000] {logging_mixin.py:154} INFO - [2024-04-25T13:17:43.783+0000] {dagbag.py:536} INFO - Filling up the DagBag from /home/airflow/.local/lib/python3.8/site-packages/airflow/example_dags/example_skip_dag.py
[2024-04-25T13:17:43.800+0000] {processor.py:839} INFO - DAG(s) dict_keys(['example_skip_dag']) retrieved from /home/airflow/.local/lib/python3.8/site-packages/airflow/example_dags/example_skip_dag.py
[2024-04-25T13:17:43.833+0000] {logging_mixin.py:154} INFO - [2024-04-25T13:17:43.832+0000] {dag.py:2941} INFO - Sync 1 DAGs
[2024-04-25T13:17:43.866+0000] {logging_mixin.py:154} INFO - [2024-04-25T13:17:43.865+0000] {dag.py:3722} INFO - Setting next_dagrun for example_skip_dag to 2024-04-24T13:17:43.865395+00:00, run_after=2024-04-25T13:17:43.865395+00:00
[2024-04-25T13:17:43.893+0000] {processor.py:179} INFO - Processing /home/airflow/.local/lib/python3.8/site-packages/airflow/example_dags/example_skip_dag.py took 0.120 seconds
[2024-04-25T13:18:14.815+0000] {processor.py:157} INFO - Started process (PID=3967) to work on /home/airflow/.local/lib/python3.8/site-packages/airflow/example_dags/example_skip_dag.py
[2024-04-25T13:18:14.817+0000] {processor.py:829} INFO - Processing file /home/airflow/.local/lib/python3.8/site-packages/airflow/example_dags/example_skip_dag.py for tasks to queue
[2024-04-25T13:18:14.818+0000] {logging_mixin.py:154} INFO - [2024-04-25T13:18:14.818+0000] {dagbag.py:536} INFO - Filling up the DagBag from /home/airflow/.local/lib/python3.8/site-packages/airflow/example_dags/example_skip_dag.py
[2024-04-25T13:18:14.829+0000] {processor.py:839} INFO - DAG(s) dict_keys(['example_skip_dag']) retrieved from /home/airflow/.local/lib/python3.8/site-packages/airflow/example_dags/example_skip_dag.py
[2024-04-25T13:18:14.865+0000] {logging_mixin.py:154} INFO - [2024-04-25T13:18:14.865+0000] {dag.py:2941} INFO - Sync 1 DAGs
[2024-04-25T13:18:14.898+0000] {logging_mixin.py:154} INFO - [2024-04-25T13:18:14.898+0000] {dag.py:3722} INFO - Setting next_dagrun for example_skip_dag to 2024-04-24T13:18:14.897771+00:00, run_after=2024-04-25T13:18:14.897771+00:00
[2024-04-25T13:18:14.933+0000] {processor.py:179} INFO - Processing /home/airflow/.local/lib/python3.8/site-packages/airflow/example_dags/example_skip_dag.py took 0.125 seconds
[2024-04-25T13:18:45.862+0000] {processor.py:157} INFO - Started process (PID=4211) to work on /home/airflow/.local/lib/python3.8/site-packages/airflow/example_dags/example_skip_dag.py
[2024-04-25T13:18:45.864+0000] {processor.py:829} INFO - Processing file /home/airflow/.local/lib/python3.8/site-packages/airflow/example_dags/example_skip_dag.py for tasks to queue
[2024-04-25T13:18:45.866+0000] {logging_mixin.py:154} INFO - [2024-04-25T13:18:45.865+0000] {dagbag.py:536} INFO - Filling up the DagBag from /home/airflow/.local/lib/python3.8/site-packages/airflow/example_dags/example_skip_dag.py
[2024-04-25T13:18:45.877+0000] {processor.py:839} INFO - DAG(s) dict_keys(['example_skip_dag']) retrieved from /home/airflow/.local/lib/python3.8/site-packages/airflow/example_dags/example_skip_dag.py
[2024-04-25T13:18:45.912+0000] {logging_mixin.py:154} INFO - [2024-04-25T13:18:45.911+0000] {dag.py:2941} INFO - Sync 1 DAGs
[2024-04-25T13:18:45.946+0000] {logging_mixin.py:154} INFO - [2024-04-25T13:18:45.946+0000] {dag.py:3722} INFO - Setting next_dagrun for example_skip_dag to 2024-04-24T13:18:45.946228+00:00, run_after=2024-04-25T13:18:45.946228+00:00
[2024-04-25T13:18:45.984+0000] {processor.py:179} INFO - Processing /home/airflow/.local/lib/python3.8/site-packages/airflow/example_dags/example_skip_dag.py took 0.128 seconds
[2024-04-25T13:27:16.140+0000] {processor.py:157} INFO - Started process (PID=308) to work on /home/airflow/.local/lib/python3.8/site-packages/airflow/example_dags/example_skip_dag.py
[2024-04-25T13:27:16.143+0000] {processor.py:829} INFO - Processing file /home/airflow/.local/lib/python3.8/site-packages/airflow/example_dags/example_skip_dag.py for tasks to queue
[2024-04-25T13:27:16.145+0000] {logging_mixin.py:154} INFO - [2024-04-25T13:27:16.144+0000] {dagbag.py:536} INFO - Filling up the DagBag from /home/airflow/.local/lib/python3.8/site-packages/airflow/example_dags/example_skip_dag.py
[2024-04-25T13:27:16.159+0000] {processor.py:839} INFO - DAG(s) dict_keys(['example_skip_dag']) retrieved from /home/airflow/.local/lib/python3.8/site-packages/airflow/example_dags/example_skip_dag.py
[2024-04-25T13:27:16.179+0000] {logging_mixin.py:154} INFO - [2024-04-25T13:27:16.179+0000] {dag.py:2941} INFO - Sync 1 DAGs
[2024-04-25T13:27:16.224+0000] {logging_mixin.py:154} INFO - [2024-04-25T13:27:16.224+0000] {dag.py:3722} INFO - Setting next_dagrun for example_skip_dag to 2024-04-24T13:27:16.224084+00:00, run_after=2024-04-25T13:27:16.224084+00:00
[2024-04-25T13:27:16.255+0000] {processor.py:179} INFO - Processing /home/airflow/.local/lib/python3.8/site-packages/airflow/example_dags/example_skip_dag.py took 0.123 seconds
[2024-04-25T13:27:46.715+0000] {processor.py:157} INFO - Started process (PID=551) to work on /home/airflow/.local/lib/python3.8/site-packages/airflow/example_dags/example_skip_dag.py
[2024-04-25T13:27:46.716+0000] {processor.py:829} INFO - Processing file /home/airflow/.local/lib/python3.8/site-packages/airflow/example_dags/example_skip_dag.py for tasks to queue
[2024-04-25T13:27:46.718+0000] {logging_mixin.py:154} INFO - [2024-04-25T13:27:46.717+0000] {dagbag.py:536} INFO - Filling up the DagBag from /home/airflow/.local/lib/python3.8/site-packages/airflow/example_dags/example_skip_dag.py
[2024-04-25T13:27:46.730+0000] {processor.py:839} INFO - DAG(s) dict_keys(['example_skip_dag']) retrieved from /home/airflow/.local/lib/python3.8/site-packages/airflow/example_dags/example_skip_dag.py
[2024-04-25T13:27:46.764+0000] {logging_mixin.py:154} INFO - [2024-04-25T13:27:46.764+0000] {dag.py:2941} INFO - Sync 1 DAGs
[2024-04-25T13:27:46.812+0000] {logging_mixin.py:154} INFO - [2024-04-25T13:27:46.812+0000] {dag.py:3722} INFO - Setting next_dagrun for example_skip_dag to 2024-04-24T13:27:46.811815+00:00, run_after=2024-04-25T13:27:46.811815+00:00
[2024-04-25T13:27:46.844+0000] {processor.py:179} INFO - Processing /home/airflow/.local/lib/python3.8/site-packages/airflow/example_dags/example_skip_dag.py took 0.134 seconds
[2024-04-25T13:28:17.190+0000] {processor.py:157} INFO - Started process (PID=794) to work on /home/airflow/.local/lib/python3.8/site-packages/airflow/example_dags/example_skip_dag.py
[2024-04-25T13:28:17.192+0000] {processor.py:829} INFO - Processing file /home/airflow/.local/lib/python3.8/site-packages/airflow/example_dags/example_skip_dag.py for tasks to queue
[2024-04-25T13:28:17.193+0000] {logging_mixin.py:154} INFO - [2024-04-25T13:28:17.193+0000] {dagbag.py:536} INFO - Filling up the DagBag from /home/airflow/.local/lib/python3.8/site-packages/airflow/example_dags/example_skip_dag.py
[2024-04-25T13:28:17.205+0000] {processor.py:839} INFO - DAG(s) dict_keys(['example_skip_dag']) retrieved from /home/airflow/.local/lib/python3.8/site-packages/airflow/example_dags/example_skip_dag.py
[2024-04-25T13:28:17.243+0000] {logging_mixin.py:154} INFO - [2024-04-25T13:28:17.243+0000] {dag.py:2941} INFO - Sync 1 DAGs
[2024-04-25T13:28:17.282+0000] {logging_mixin.py:154} INFO - [2024-04-25T13:28:17.282+0000] {dag.py:3722} INFO - Setting next_dagrun for example_skip_dag to 2024-04-24T13:28:17.281867+00:00, run_after=2024-04-25T13:28:17.281867+00:00
[2024-04-25T13:28:17.315+0000] {processor.py:179} INFO - Processing /home/airflow/.local/lib/python3.8/site-packages/airflow/example_dags/example_skip_dag.py took 0.131 seconds
[2024-04-25T13:28:48.395+0000] {processor.py:157} INFO - Started process (PID=1044) to work on /home/airflow/.local/lib/python3.8/site-packages/airflow/example_dags/example_skip_dag.py
[2024-04-25T13:28:48.401+0000] {processor.py:829} INFO - Processing file /home/airflow/.local/lib/python3.8/site-packages/airflow/example_dags/example_skip_dag.py for tasks to queue
[2024-04-25T13:28:48.403+0000] {logging_mixin.py:154} INFO - [2024-04-25T13:28:48.402+0000] {dagbag.py:536} INFO - Filling up the DagBag from /home/airflow/.local/lib/python3.8/site-packages/airflow/example_dags/example_skip_dag.py
[2024-04-25T13:28:48.416+0000] {processor.py:839} INFO - DAG(s) dict_keys(['example_skip_dag']) retrieved from /home/airflow/.local/lib/python3.8/site-packages/airflow/example_dags/example_skip_dag.py
[2024-04-25T13:28:48.466+0000] {logging_mixin.py:154} INFO - [2024-04-25T13:28:48.465+0000] {dag.py:2941} INFO - Sync 1 DAGs
[2024-04-25T13:28:48.516+0000] {logging_mixin.py:154} INFO - [2024-04-25T13:28:48.515+0000] {dag.py:3722} INFO - Setting next_dagrun for example_skip_dag to 2024-04-24T13:28:48.515197+00:00, run_after=2024-04-25T13:28:48.515197+00:00
[2024-04-25T13:28:48.552+0000] {processor.py:179} INFO - Processing /home/airflow/.local/lib/python3.8/site-packages/airflow/example_dags/example_skip_dag.py took 0.179 seconds
[2024-04-25T13:29:19.670+0000] {processor.py:157} INFO - Started process (PID=1290) to work on /home/airflow/.local/lib/python3.8/site-packages/airflow/example_dags/example_skip_dag.py
[2024-04-25T13:29:19.672+0000] {processor.py:829} INFO - Processing file /home/airflow/.local/lib/python3.8/site-packages/airflow/example_dags/example_skip_dag.py for tasks to queue
[2024-04-25T13:29:19.674+0000] {logging_mixin.py:154} INFO - [2024-04-25T13:29:19.673+0000] {dagbag.py:536} INFO - Filling up the DagBag from /home/airflow/.local/lib/python3.8/site-packages/airflow/example_dags/example_skip_dag.py
[2024-04-25T13:29:19.692+0000] {processor.py:839} INFO - DAG(s) dict_keys(['example_skip_dag']) retrieved from /home/airflow/.local/lib/python3.8/site-packages/airflow/example_dags/example_skip_dag.py
[2024-04-25T13:29:19.726+0000] {logging_mixin.py:154} INFO - [2024-04-25T13:29:19.726+0000] {dag.py:2941} INFO - Sync 1 DAGs
[2024-04-25T13:29:19.762+0000] {logging_mixin.py:154} INFO - [2024-04-25T13:29:19.762+0000] {dag.py:3722} INFO - Setting next_dagrun for example_skip_dag to 2024-04-24T13:29:19.761512+00:00, run_after=2024-04-25T13:29:19.761512+00:00
[2024-04-25T13:29:19.800+0000] {processor.py:179} INFO - Processing /home/airflow/.local/lib/python3.8/site-packages/airflow/example_dags/example_skip_dag.py took 0.136 seconds
[2024-04-25T13:29:49.916+0000] {processor.py:157} INFO - Started process (PID=1533) to work on /home/airflow/.local/lib/python3.8/site-packages/airflow/example_dags/example_skip_dag.py
[2024-04-25T13:29:49.918+0000] {processor.py:829} INFO - Processing file /home/airflow/.local/lib/python3.8/site-packages/airflow/example_dags/example_skip_dag.py for tasks to queue
[2024-04-25T13:29:49.920+0000] {logging_mixin.py:154} INFO - [2024-04-25T13:29:49.919+0000] {dagbag.py:536} INFO - Filling up the DagBag from /home/airflow/.local/lib/python3.8/site-packages/airflow/example_dags/example_skip_dag.py
[2024-04-25T13:29:49.932+0000] {processor.py:839} INFO - DAG(s) dict_keys(['example_skip_dag']) retrieved from /home/airflow/.local/lib/python3.8/site-packages/airflow/example_dags/example_skip_dag.py
[2024-04-25T13:29:49.970+0000] {logging_mixin.py:154} INFO - [2024-04-25T13:29:49.969+0000] {dag.py:2941} INFO - Sync 1 DAGs
[2024-04-25T13:29:50.011+0000] {logging_mixin.py:154} INFO - [2024-04-25T13:29:50.010+0000] {dag.py:3722} INFO - Setting next_dagrun for example_skip_dag to 2024-04-24T13:29:50.010459+00:00, run_after=2024-04-25T13:29:50.010459+00:00
[2024-04-25T13:29:50.038+0000] {processor.py:179} INFO - Processing /home/airflow/.local/lib/python3.8/site-packages/airflow/example_dags/example_skip_dag.py took 0.128 seconds
[2024-04-25T13:30:20.501+0000] {processor.py:157} INFO - Started process (PID=1776) to work on /home/airflow/.local/lib/python3.8/site-packages/airflow/example_dags/example_skip_dag.py
[2024-04-25T13:30:20.504+0000] {processor.py:829} INFO - Processing file /home/airflow/.local/lib/python3.8/site-packages/airflow/example_dags/example_skip_dag.py for tasks to queue
[2024-04-25T13:30:20.505+0000] {logging_mixin.py:154} INFO - [2024-04-25T13:30:20.504+0000] {dagbag.py:536} INFO - Filling up the DagBag from /home/airflow/.local/lib/python3.8/site-packages/airflow/example_dags/example_skip_dag.py
[2024-04-25T13:30:20.518+0000] {processor.py:839} INFO - DAG(s) dict_keys(['example_skip_dag']) retrieved from /home/airflow/.local/lib/python3.8/site-packages/airflow/example_dags/example_skip_dag.py
[2024-04-25T13:30:20.554+0000] {logging_mixin.py:154} INFO - [2024-04-25T13:30:20.554+0000] {dag.py:2941} INFO - Sync 1 DAGs
[2024-04-25T13:30:20.595+0000] {logging_mixin.py:154} INFO - [2024-04-25T13:30:20.595+0000] {dag.py:3722} INFO - Setting next_dagrun for example_skip_dag to 2024-04-24T13:30:20.594461+00:00, run_after=2024-04-25T13:30:20.594461+00:00
[2024-04-25T13:30:20.631+0000] {processor.py:179} INFO - Processing /home/airflow/.local/lib/python3.8/site-packages/airflow/example_dags/example_skip_dag.py took 0.135 seconds
[2024-04-25T13:30:51.206+0000] {processor.py:157} INFO - Started process (PID=2020) to work on /home/airflow/.local/lib/python3.8/site-packages/airflow/example_dags/example_skip_dag.py
[2024-04-25T13:30:51.208+0000] {processor.py:829} INFO - Processing file /home/airflow/.local/lib/python3.8/site-packages/airflow/example_dags/example_skip_dag.py for tasks to queue
[2024-04-25T13:30:51.209+0000] {logging_mixin.py:154} INFO - [2024-04-25T13:30:51.209+0000] {dagbag.py:536} INFO - Filling up the DagBag from /home/airflow/.local/lib/python3.8/site-packages/airflow/example_dags/example_skip_dag.py
[2024-04-25T13:30:51.221+0000] {processor.py:839} INFO - DAG(s) dict_keys(['example_skip_dag']) retrieved from /home/airflow/.local/lib/python3.8/site-packages/airflow/example_dags/example_skip_dag.py
[2024-04-25T13:30:51.260+0000] {logging_mixin.py:154} INFO - [2024-04-25T13:30:51.260+0000] {dag.py:2941} INFO - Sync 1 DAGs
[2024-04-25T13:30:51.302+0000] {logging_mixin.py:154} INFO - [2024-04-25T13:30:51.301+0000] {dag.py:3722} INFO - Setting next_dagrun for example_skip_dag to 2024-04-24T13:30:51.301321+00:00, run_after=2024-04-25T13:30:51.301321+00:00
[2024-04-25T13:30:51.336+0000] {processor.py:179} INFO - Processing /home/airflow/.local/lib/python3.8/site-packages/airflow/example_dags/example_skip_dag.py took 0.137 seconds
[2024-04-25T13:31:21.979+0000] {processor.py:157} INFO - Started process (PID=2263) to work on /home/airflow/.local/lib/python3.8/site-packages/airflow/example_dags/example_skip_dag.py
[2024-04-25T13:31:21.982+0000] {processor.py:829} INFO - Processing file /home/airflow/.local/lib/python3.8/site-packages/airflow/example_dags/example_skip_dag.py for tasks to queue
[2024-04-25T13:31:21.983+0000] {logging_mixin.py:154} INFO - [2024-04-25T13:31:21.983+0000] {dagbag.py:536} INFO - Filling up the DagBag from /home/airflow/.local/lib/python3.8/site-packages/airflow/example_dags/example_skip_dag.py
[2024-04-25T13:31:21.999+0000] {processor.py:839} INFO - DAG(s) dict_keys(['example_skip_dag']) retrieved from /home/airflow/.local/lib/python3.8/site-packages/airflow/example_dags/example_skip_dag.py
[2024-04-25T13:31:22.042+0000] {logging_mixin.py:154} INFO - [2024-04-25T13:31:22.042+0000] {dag.py:2941} INFO - Sync 1 DAGs
[2024-04-25T13:31:22.088+0000] {logging_mixin.py:154} INFO - [2024-04-25T13:31:22.088+0000] {dag.py:3722} INFO - Setting next_dagrun for example_skip_dag to 2024-04-24T13:31:22.087734+00:00, run_after=2024-04-25T13:31:22.087734+00:00
[2024-04-25T13:31:22.129+0000] {processor.py:179} INFO - Processing /home/airflow/.local/lib/python3.8/site-packages/airflow/example_dags/example_skip_dag.py took 0.157 seconds
[2024-04-25T13:31:52.533+0000] {processor.py:157} INFO - Started process (PID=2506) to work on /home/airflow/.local/lib/python3.8/site-packages/airflow/example_dags/example_skip_dag.py
[2024-04-25T13:31:52.534+0000] {processor.py:829} INFO - Processing file /home/airflow/.local/lib/python3.8/site-packages/airflow/example_dags/example_skip_dag.py for tasks to queue
[2024-04-25T13:31:52.535+0000] {logging_mixin.py:154} INFO - [2024-04-25T13:31:52.534+0000] {dagbag.py:536} INFO - Filling up the DagBag from /home/airflow/.local/lib/python3.8/site-packages/airflow/example_dags/example_skip_dag.py
[2024-04-25T13:31:52.547+0000] {processor.py:839} INFO - DAG(s) dict_keys(['example_skip_dag']) retrieved from /home/airflow/.local/lib/python3.8/site-packages/airflow/example_dags/example_skip_dag.py
[2024-04-25T13:31:52.588+0000] {logging_mixin.py:154} INFO - [2024-04-25T13:31:52.587+0000] {dag.py:2941} INFO - Sync 1 DAGs
[2024-04-25T13:31:52.640+0000] {logging_mixin.py:154} INFO - [2024-04-25T13:31:52.639+0000] {dag.py:3722} INFO - Setting next_dagrun for example_skip_dag to 2024-04-24T13:31:52.639324+00:00, run_after=2024-04-25T13:31:52.639324+00:00
[2024-04-25T13:31:52.682+0000] {processor.py:179} INFO - Processing /home/airflow/.local/lib/python3.8/site-packages/airflow/example_dags/example_skip_dag.py took 0.155 seconds
[2024-04-25T13:32:23.040+0000] {processor.py:157} INFO - Started process (PID=2749) to work on /home/airflow/.local/lib/python3.8/site-packages/airflow/example_dags/example_skip_dag.py
[2024-04-25T13:32:23.042+0000] {processor.py:829} INFO - Processing file /home/airflow/.local/lib/python3.8/site-packages/airflow/example_dags/example_skip_dag.py for tasks to queue
[2024-04-25T13:32:23.043+0000] {logging_mixin.py:154} INFO - [2024-04-25T13:32:23.043+0000] {dagbag.py:536} INFO - Filling up the DagBag from /home/airflow/.local/lib/python3.8/site-packages/airflow/example_dags/example_skip_dag.py
[2024-04-25T13:32:23.058+0000] {processor.py:839} INFO - DAG(s) dict_keys(['example_skip_dag']) retrieved from /home/airflow/.local/lib/python3.8/site-packages/airflow/example_dags/example_skip_dag.py
[2024-04-25T13:32:23.093+0000] {logging_mixin.py:154} INFO - [2024-04-25T13:32:23.093+0000] {dag.py:2941} INFO - Sync 1 DAGs
[2024-04-25T13:32:23.128+0000] {logging_mixin.py:154} INFO - [2024-04-25T13:32:23.128+0000] {dag.py:3722} INFO - Setting next_dagrun for example_skip_dag to 2024-04-24T13:32:23.128246+00:00, run_after=2024-04-25T13:32:23.128246+00:00
[2024-04-25T13:32:23.159+0000] {processor.py:179} INFO - Processing /home/airflow/.local/lib/python3.8/site-packages/airflow/example_dags/example_skip_dag.py took 0.125 seconds
[2024-04-25T13:32:54.034+0000] {processor.py:157} INFO - Started process (PID=2995) to work on /home/airflow/.local/lib/python3.8/site-packages/airflow/example_dags/example_skip_dag.py
[2024-04-25T13:32:54.036+0000] {processor.py:829} INFO - Processing file /home/airflow/.local/lib/python3.8/site-packages/airflow/example_dags/example_skip_dag.py for tasks to queue
[2024-04-25T13:32:54.037+0000] {logging_mixin.py:154} INFO - [2024-04-25T13:32:54.037+0000] {dagbag.py:536} INFO - Filling up the DagBag from /home/airflow/.local/lib/python3.8/site-packages/airflow/example_dags/example_skip_dag.py
[2024-04-25T13:32:54.053+0000] {processor.py:839} INFO - DAG(s) dict_keys(['example_skip_dag']) retrieved from /home/airflow/.local/lib/python3.8/site-packages/airflow/example_dags/example_skip_dag.py
[2024-04-25T13:32:54.103+0000] {logging_mixin.py:154} INFO - [2024-04-25T13:32:54.103+0000] {dag.py:2941} INFO - Sync 1 DAGs
[2024-04-25T13:32:54.142+0000] {logging_mixin.py:154} INFO - [2024-04-25T13:32:54.142+0000] {dag.py:3722} INFO - Setting next_dagrun for example_skip_dag to 2024-04-24T13:32:54.141874+00:00, run_after=2024-04-25T13:32:54.141874+00:00
[2024-04-25T13:32:54.177+0000] {processor.py:179} INFO - Processing /home/airflow/.local/lib/python3.8/site-packages/airflow/example_dags/example_skip_dag.py took 0.152 seconds
[2024-04-25T13:33:25.211+0000] {processor.py:157} INFO - Started process (PID=3243) to work on /home/airflow/.local/lib/python3.8/site-packages/airflow/example_dags/example_skip_dag.py
[2024-04-25T13:33:25.213+0000] {processor.py:829} INFO - Processing file /home/airflow/.local/lib/python3.8/site-packages/airflow/example_dags/example_skip_dag.py for tasks to queue
[2024-04-25T13:33:25.215+0000] {logging_mixin.py:154} INFO - [2024-04-25T13:33:25.214+0000] {dagbag.py:536} INFO - Filling up the DagBag from /home/airflow/.local/lib/python3.8/site-packages/airflow/example_dags/example_skip_dag.py
[2024-04-25T13:33:25.232+0000] {processor.py:839} INFO - DAG(s) dict_keys(['example_skip_dag']) retrieved from /home/airflow/.local/lib/python3.8/site-packages/airflow/example_dags/example_skip_dag.py
[2024-04-25T13:33:25.277+0000] {logging_mixin.py:154} INFO - [2024-04-25T13:33:25.277+0000] {dag.py:2941} INFO - Sync 1 DAGs
[2024-04-25T13:33:25.329+0000] {logging_mixin.py:154} INFO - [2024-04-25T13:33:25.328+0000] {dag.py:3722} INFO - Setting next_dagrun for example_skip_dag to 2024-04-24T13:33:25.328340+00:00, run_after=2024-04-25T13:33:25.328340+00:00
[2024-04-25T13:33:25.373+0000] {processor.py:179} INFO - Processing /home/airflow/.local/lib/python3.8/site-packages/airflow/example_dags/example_skip_dag.py took 0.169 seconds
[2024-04-25T13:33:59.164+0000] {processor.py:157} INFO - Started process (PID=3497) to work on /home/airflow/.local/lib/python3.8/site-packages/airflow/example_dags/example_skip_dag.py
[2024-04-25T13:33:59.182+0000] {processor.py:829} INFO - Processing file /home/airflow/.local/lib/python3.8/site-packages/airflow/example_dags/example_skip_dag.py for tasks to queue
[2024-04-25T13:33:59.185+0000] {logging_mixin.py:154} INFO - [2024-04-25T13:33:59.184+0000] {dagbag.py:536} INFO - Filling up the DagBag from /home/airflow/.local/lib/python3.8/site-packages/airflow/example_dags/example_skip_dag.py
[2024-04-25T13:33:59.237+0000] {processor.py:839} INFO - DAG(s) dict_keys(['example_skip_dag']) retrieved from /home/airflow/.local/lib/python3.8/site-packages/airflow/example_dags/example_skip_dag.py
[2024-04-25T13:33:59.391+0000] {logging_mixin.py:154} INFO - [2024-04-25T13:33:59.390+0000] {dag.py:2941} INFO - Sync 1 DAGs
[2024-04-25T13:33:59.596+0000] {logging_mixin.py:154} INFO - [2024-04-25T13:33:59.595+0000] {dag.py:3722} INFO - Setting next_dagrun for example_skip_dag to 2024-04-24T13:33:59.593279+00:00, run_after=2024-04-25T13:33:59.593279+00:00
[2024-04-25T13:33:59.767+0000] {processor.py:179} INFO - Processing /home/airflow/.local/lib/python3.8/site-packages/airflow/example_dags/example_skip_dag.py took 0.638 seconds
[2024-04-25T13:34:30.321+0000] {processor.py:157} INFO - Started process (PID=3740) to work on /home/airflow/.local/lib/python3.8/site-packages/airflow/example_dags/example_skip_dag.py
[2024-04-25T13:34:30.325+0000] {processor.py:829} INFO - Processing file /home/airflow/.local/lib/python3.8/site-packages/airflow/example_dags/example_skip_dag.py for tasks to queue
[2024-04-25T13:34:30.326+0000] {logging_mixin.py:154} INFO - [2024-04-25T13:34:30.326+0000] {dagbag.py:536} INFO - Filling up the DagBag from /home/airflow/.local/lib/python3.8/site-packages/airflow/example_dags/example_skip_dag.py
[2024-04-25T13:34:30.345+0000] {processor.py:839} INFO - DAG(s) dict_keys(['example_skip_dag']) retrieved from /home/airflow/.local/lib/python3.8/site-packages/airflow/example_dags/example_skip_dag.py
[2024-04-25T13:34:30.386+0000] {logging_mixin.py:154} INFO - [2024-04-25T13:34:30.386+0000] {dag.py:2941} INFO - Sync 1 DAGs
[2024-04-25T13:34:30.421+0000] {logging_mixin.py:154} INFO - [2024-04-25T13:34:30.421+0000] {dag.py:3722} INFO - Setting next_dagrun for example_skip_dag to 2024-04-24T13:34:30.420651+00:00, run_after=2024-04-25T13:34:30.420651+00:00
[2024-04-25T13:34:30.456+0000] {processor.py:179} INFO - Processing /home/airflow/.local/lib/python3.8/site-packages/airflow/example_dags/example_skip_dag.py took 0.143 seconds
[2024-04-25T13:35:01.154+0000] {processor.py:157} INFO - Started process (PID=3984) to work on /home/airflow/.local/lib/python3.8/site-packages/airflow/example_dags/example_skip_dag.py
[2024-04-25T13:35:01.156+0000] {processor.py:829} INFO - Processing file /home/airflow/.local/lib/python3.8/site-packages/airflow/example_dags/example_skip_dag.py for tasks to queue
[2024-04-25T13:35:01.157+0000] {logging_mixin.py:154} INFO - [2024-04-25T13:35:01.157+0000] {dagbag.py:536} INFO - Filling up the DagBag from /home/airflow/.local/lib/python3.8/site-packages/airflow/example_dags/example_skip_dag.py
[2024-04-25T13:35:01.175+0000] {processor.py:839} INFO - DAG(s) dict_keys(['example_skip_dag']) retrieved from /home/airflow/.local/lib/python3.8/site-packages/airflow/example_dags/example_skip_dag.py
[2024-04-25T13:35:01.210+0000] {logging_mixin.py:154} INFO - [2024-04-25T13:35:01.210+0000] {dag.py:2941} INFO - Sync 1 DAGs
[2024-04-25T13:35:01.246+0000] {logging_mixin.py:154} INFO - [2024-04-25T13:35:01.245+0000] {dag.py:3722} INFO - Setting next_dagrun for example_skip_dag to 2024-04-24T13:35:01.245305+00:00, run_after=2024-04-25T13:35:01.245305+00:00
[2024-04-25T13:35:01.276+0000] {processor.py:179} INFO - Processing /home/airflow/.local/lib/python3.8/site-packages/airflow/example_dags/example_skip_dag.py took 0.131 seconds
[2024-04-25T13:35:31.514+0000] {processor.py:157} INFO - Started process (PID=4228) to work on /home/airflow/.local/lib/python3.8/site-packages/airflow/example_dags/example_skip_dag.py
[2024-04-25T13:35:31.516+0000] {processor.py:829} INFO - Processing file /home/airflow/.local/lib/python3.8/site-packages/airflow/example_dags/example_skip_dag.py for tasks to queue
[2024-04-25T13:35:31.517+0000] {logging_mixin.py:154} INFO - [2024-04-25T13:35:31.517+0000] {dagbag.py:536} INFO - Filling up the DagBag from /home/airflow/.local/lib/python3.8/site-packages/airflow/example_dags/example_skip_dag.py
[2024-04-25T13:35:31.533+0000] {processor.py:839} INFO - DAG(s) dict_keys(['example_skip_dag']) retrieved from /home/airflow/.local/lib/python3.8/site-packages/airflow/example_dags/example_skip_dag.py
[2024-04-25T13:35:31.572+0000] {logging_mixin.py:154} INFO - [2024-04-25T13:35:31.571+0000] {dag.py:2941} INFO - Sync 1 DAGs
[2024-04-25T13:35:31.610+0000] {logging_mixin.py:154} INFO - [2024-04-25T13:35:31.610+0000] {dag.py:3722} INFO - Setting next_dagrun for example_skip_dag to 2024-04-24T13:35:31.609925+00:00, run_after=2024-04-25T13:35:31.609925+00:00
[2024-04-25T13:35:31.641+0000] {processor.py:179} INFO - Processing /home/airflow/.local/lib/python3.8/site-packages/airflow/example_dags/example_skip_dag.py took 0.133 seconds
[2024-04-25T13:49:27.359+0000] {processor.py:157} INFO - Started process (PID=308) to work on /home/airflow/.local/lib/python3.8/site-packages/airflow/example_dags/example_skip_dag.py
[2024-04-25T13:49:27.361+0000] {processor.py:829} INFO - Processing file /home/airflow/.local/lib/python3.8/site-packages/airflow/example_dags/example_skip_dag.py for tasks to queue
[2024-04-25T13:49:27.362+0000] {logging_mixin.py:154} INFO - [2024-04-25T13:49:27.362+0000] {dagbag.py:536} INFO - Filling up the DagBag from /home/airflow/.local/lib/python3.8/site-packages/airflow/example_dags/example_skip_dag.py
[2024-04-25T13:49:27.376+0000] {processor.py:839} INFO - DAG(s) dict_keys(['example_skip_dag']) retrieved from /home/airflow/.local/lib/python3.8/site-packages/airflow/example_dags/example_skip_dag.py
[2024-04-25T13:49:27.396+0000] {logging_mixin.py:154} INFO - [2024-04-25T13:49:27.396+0000] {dag.py:2941} INFO - Sync 1 DAGs
[2024-04-25T13:49:27.441+0000] {logging_mixin.py:154} INFO - [2024-04-25T13:49:27.440+0000] {dag.py:3722} INFO - Setting next_dagrun for example_skip_dag to 2024-04-24T13:49:27.440053+00:00, run_after=2024-04-25T13:49:27.440053+00:00
[2024-04-25T13:49:27.482+0000] {processor.py:179} INFO - Processing /home/airflow/.local/lib/python3.8/site-packages/airflow/example_dags/example_skip_dag.py took 0.129 seconds
[2024-04-25T13:49:58.482+0000] {processor.py:157} INFO - Started process (PID=554) to work on /home/airflow/.local/lib/python3.8/site-packages/airflow/example_dags/example_skip_dag.py
[2024-04-25T13:49:58.485+0000] {processor.py:829} INFO - Processing file /home/airflow/.local/lib/python3.8/site-packages/airflow/example_dags/example_skip_dag.py for tasks to queue
[2024-04-25T13:49:58.486+0000] {logging_mixin.py:154} INFO - [2024-04-25T13:49:58.485+0000] {dagbag.py:536} INFO - Filling up the DagBag from /home/airflow/.local/lib/python3.8/site-packages/airflow/example_dags/example_skip_dag.py
[2024-04-25T13:49:58.502+0000] {processor.py:839} INFO - DAG(s) dict_keys(['example_skip_dag']) retrieved from /home/airflow/.local/lib/python3.8/site-packages/airflow/example_dags/example_skip_dag.py
[2024-04-25T13:49:58.541+0000] {logging_mixin.py:154} INFO - [2024-04-25T13:49:58.541+0000] {dag.py:2941} INFO - Sync 1 DAGs
[2024-04-25T13:49:58.575+0000] {logging_mixin.py:154} INFO - [2024-04-25T13:49:58.575+0000] {dag.py:3722} INFO - Setting next_dagrun for example_skip_dag to 2024-04-24T13:49:58.574884+00:00, run_after=2024-04-25T13:49:58.574884+00:00
[2024-04-25T13:49:58.607+0000] {processor.py:179} INFO - Processing /home/airflow/.local/lib/python3.8/site-packages/airflow/example_dags/example_skip_dag.py took 0.130 seconds
[2024-04-25T13:50:29.005+0000] {processor.py:157} INFO - Started process (PID=795) to work on /home/airflow/.local/lib/python3.8/site-packages/airflow/example_dags/example_skip_dag.py
[2024-04-25T13:50:29.006+0000] {processor.py:829} INFO - Processing file /home/airflow/.local/lib/python3.8/site-packages/airflow/example_dags/example_skip_dag.py for tasks to queue
[2024-04-25T13:50:29.008+0000] {logging_mixin.py:154} INFO - [2024-04-25T13:50:29.007+0000] {dagbag.py:536} INFO - Filling up the DagBag from /home/airflow/.local/lib/python3.8/site-packages/airflow/example_dags/example_skip_dag.py
[2024-04-25T13:50:29.024+0000] {processor.py:839} INFO - DAG(s) dict_keys(['example_skip_dag']) retrieved from /home/airflow/.local/lib/python3.8/site-packages/airflow/example_dags/example_skip_dag.py
[2024-04-25T13:50:29.065+0000] {logging_mixin.py:154} INFO - [2024-04-25T13:50:29.065+0000] {dag.py:2941} INFO - Sync 1 DAGs
[2024-04-25T13:50:29.111+0000] {logging_mixin.py:154} INFO - [2024-04-25T13:50:29.111+0000] {dag.py:3722} INFO - Setting next_dagrun for example_skip_dag to 2024-04-24T13:50:29.111129+00:00, run_after=2024-04-25T13:50:29.111129+00:00
[2024-04-25T13:50:29.143+0000] {processor.py:179} INFO - Processing /home/airflow/.local/lib/python3.8/site-packages/airflow/example_dags/example_skip_dag.py took 0.146 seconds
[2024-04-25T13:51:00.220+0000] {processor.py:157} INFO - Started process (PID=1038) to work on /home/airflow/.local/lib/python3.8/site-packages/airflow/example_dags/example_skip_dag.py
[2024-04-25T13:51:00.223+0000] {processor.py:829} INFO - Processing file /home/airflow/.local/lib/python3.8/site-packages/airflow/example_dags/example_skip_dag.py for tasks to queue
[2024-04-25T13:51:00.224+0000] {logging_mixin.py:154} INFO - [2024-04-25T13:51:00.224+0000] {dagbag.py:536} INFO - Filling up the DagBag from /home/airflow/.local/lib/python3.8/site-packages/airflow/example_dags/example_skip_dag.py
[2024-04-25T13:51:00.240+0000] {processor.py:839} INFO - DAG(s) dict_keys(['example_skip_dag']) retrieved from /home/airflow/.local/lib/python3.8/site-packages/airflow/example_dags/example_skip_dag.py
[2024-04-25T13:51:00.274+0000] {logging_mixin.py:154} INFO - [2024-04-25T13:51:00.274+0000] {dag.py:2941} INFO - Sync 1 DAGs
[2024-04-25T13:51:00.306+0000] {logging_mixin.py:154} INFO - [2024-04-25T13:51:00.306+0000] {dag.py:3722} INFO - Setting next_dagrun for example_skip_dag to 2024-04-24T13:51:00.305716+00:00, run_after=2024-04-25T13:51:00.305716+00:00
[2024-04-25T13:51:00.339+0000] {processor.py:179} INFO - Processing /home/airflow/.local/lib/python3.8/site-packages/airflow/example_dags/example_skip_dag.py took 0.128 seconds
[2024-04-25T13:51:30.749+0000] {processor.py:157} INFO - Started process (PID=1281) to work on /home/airflow/.local/lib/python3.8/site-packages/airflow/example_dags/example_skip_dag.py
[2024-04-25T13:51:30.751+0000] {processor.py:829} INFO - Processing file /home/airflow/.local/lib/python3.8/site-packages/airflow/example_dags/example_skip_dag.py for tasks to queue
[2024-04-25T13:51:30.753+0000] {logging_mixin.py:154} INFO - [2024-04-25T13:51:30.752+0000] {dagbag.py:536} INFO - Filling up the DagBag from /home/airflow/.local/lib/python3.8/site-packages/airflow/example_dags/example_skip_dag.py
[2024-04-25T13:51:30.769+0000] {processor.py:839} INFO - DAG(s) dict_keys(['example_skip_dag']) retrieved from /home/airflow/.local/lib/python3.8/site-packages/airflow/example_dags/example_skip_dag.py
[2024-04-25T13:51:30.804+0000] {logging_mixin.py:154} INFO - [2024-04-25T13:51:30.803+0000] {dag.py:2941} INFO - Sync 1 DAGs
[2024-04-25T13:51:30.834+0000] {logging_mixin.py:154} INFO - [2024-04-25T13:51:30.834+0000] {dag.py:3722} INFO - Setting next_dagrun for example_skip_dag to 2024-04-24T13:51:30.833788+00:00, run_after=2024-04-25T13:51:30.833788+00:00
[2024-04-25T13:51:30.866+0000] {processor.py:179} INFO - Processing /home/airflow/.local/lib/python3.8/site-packages/airflow/example_dags/example_skip_dag.py took 0.125 seconds
[2024-04-25T13:52:01.242+0000] {processor.py:157} INFO - Started process (PID=1524) to work on /home/airflow/.local/lib/python3.8/site-packages/airflow/example_dags/example_skip_dag.py
[2024-04-25T13:52:01.244+0000] {processor.py:829} INFO - Processing file /home/airflow/.local/lib/python3.8/site-packages/airflow/example_dags/example_skip_dag.py for tasks to queue
[2024-04-25T13:52:01.246+0000] {logging_mixin.py:154} INFO - [2024-04-25T13:52:01.245+0000] {dagbag.py:536} INFO - Filling up the DagBag from /home/airflow/.local/lib/python3.8/site-packages/airflow/example_dags/example_skip_dag.py
[2024-04-25T13:52:01.263+0000] {processor.py:839} INFO - DAG(s) dict_keys(['example_skip_dag']) retrieved from /home/airflow/.local/lib/python3.8/site-packages/airflow/example_dags/example_skip_dag.py
[2024-04-25T13:52:01.309+0000] {logging_mixin.py:154} INFO - [2024-04-25T13:52:01.308+0000] {dag.py:2941} INFO - Sync 1 DAGs
[2024-04-25T13:52:01.353+0000] {logging_mixin.py:154} INFO - [2024-04-25T13:52:01.352+0000] {dag.py:3722} INFO - Setting next_dagrun for example_skip_dag to 2024-04-24T13:52:01.352317+00:00, run_after=2024-04-25T13:52:01.352317+00:00
[2024-04-25T13:52:01.386+0000] {processor.py:179} INFO - Processing /home/airflow/.local/lib/python3.8/site-packages/airflow/example_dags/example_skip_dag.py took 0.153 seconds
[2024-04-25T13:52:32.573+0000] {processor.py:157} INFO - Started process (PID=1771) to work on /home/airflow/.local/lib/python3.8/site-packages/airflow/example_dags/example_skip_dag.py
[2024-04-25T13:52:32.575+0000] {processor.py:829} INFO - Processing file /home/airflow/.local/lib/python3.8/site-packages/airflow/example_dags/example_skip_dag.py for tasks to queue
[2024-04-25T13:52:32.576+0000] {logging_mixin.py:154} INFO - [2024-04-25T13:52:32.576+0000] {dagbag.py:536} INFO - Filling up the DagBag from /home/airflow/.local/lib/python3.8/site-packages/airflow/example_dags/example_skip_dag.py
[2024-04-25T13:52:32.589+0000] {processor.py:839} INFO - DAG(s) dict_keys(['example_skip_dag']) retrieved from /home/airflow/.local/lib/python3.8/site-packages/airflow/example_dags/example_skip_dag.py
[2024-04-25T13:52:32.628+0000] {logging_mixin.py:154} INFO - [2024-04-25T13:52:32.627+0000] {dag.py:2941} INFO - Sync 1 DAGs
[2024-04-25T13:52:32.667+0000] {logging_mixin.py:154} INFO - [2024-04-25T13:52:32.666+0000] {dag.py:3722} INFO - Setting next_dagrun for example_skip_dag to 2024-04-24T13:52:32.666387+00:00, run_after=2024-04-25T13:52:32.666387+00:00
[2024-04-25T13:52:32.699+0000] {processor.py:179} INFO - Processing /home/airflow/.local/lib/python3.8/site-packages/airflow/example_dags/example_skip_dag.py took 0.132 seconds
[2024-04-25T13:53:04.329+0000] {processor.py:157} INFO - Started process (PID=2016) to work on /home/airflow/.local/lib/python3.8/site-packages/airflow/example_dags/example_skip_dag.py
[2024-04-25T13:53:04.333+0000] {processor.py:829} INFO - Processing file /home/airflow/.local/lib/python3.8/site-packages/airflow/example_dags/example_skip_dag.py for tasks to queue
[2024-04-25T13:53:04.334+0000] {logging_mixin.py:154} INFO - [2024-04-25T13:53:04.334+0000] {dagbag.py:536} INFO - Filling up the DagBag from /home/airflow/.local/lib/python3.8/site-packages/airflow/example_dags/example_skip_dag.py
[2024-04-25T13:53:04.360+0000] {processor.py:839} INFO - DAG(s) dict_keys(['example_skip_dag']) retrieved from /home/airflow/.local/lib/python3.8/site-packages/airflow/example_dags/example_skip_dag.py
[2024-04-25T13:53:04.427+0000] {logging_mixin.py:154} INFO - [2024-04-25T13:53:04.427+0000] {dag.py:2941} INFO - Sync 1 DAGs
[2024-04-25T13:53:04.488+0000] {logging_mixin.py:154} INFO - [2024-04-25T13:53:04.487+0000] {dag.py:3722} INFO - Setting next_dagrun for example_skip_dag to 2024-04-24T13:53:04.487062+00:00, run_after=2024-04-25T13:53:04.487062+00:00
[2024-04-25T13:53:04.534+0000] {processor.py:179} INFO - Processing /home/airflow/.local/lib/python3.8/site-packages/airflow/example_dags/example_skip_dag.py took 0.213 seconds
[2024-04-25T13:53:35.103+0000] {processor.py:157} INFO - Started process (PID=2260) to work on /home/airflow/.local/lib/python3.8/site-packages/airflow/example_dags/example_skip_dag.py
[2024-04-25T13:53:35.105+0000] {processor.py:829} INFO - Processing file /home/airflow/.local/lib/python3.8/site-packages/airflow/example_dags/example_skip_dag.py for tasks to queue
[2024-04-25T13:53:35.107+0000] {logging_mixin.py:154} INFO - [2024-04-25T13:53:35.106+0000] {dagbag.py:536} INFO - Filling up the DagBag from /home/airflow/.local/lib/python3.8/site-packages/airflow/example_dags/example_skip_dag.py
[2024-04-25T13:53:35.122+0000] {processor.py:839} INFO - DAG(s) dict_keys(['example_skip_dag']) retrieved from /home/airflow/.local/lib/python3.8/site-packages/airflow/example_dags/example_skip_dag.py
[2024-04-25T13:53:35.165+0000] {logging_mixin.py:154} INFO - [2024-04-25T13:53:35.164+0000] {dag.py:2941} INFO - Sync 1 DAGs
[2024-04-25T13:53:35.209+0000] {logging_mixin.py:154} INFO - [2024-04-25T13:53:35.209+0000] {dag.py:3722} INFO - Setting next_dagrun for example_skip_dag to 2024-04-24T13:53:35.209186+00:00, run_after=2024-04-25T13:53:35.209186+00:00
[2024-04-25T13:53:35.241+0000] {processor.py:179} INFO - Processing /home/airflow/.local/lib/python3.8/site-packages/airflow/example_dags/example_skip_dag.py took 0.143 seconds
