[2024-04-25T12:38:04.847+0000] {processor.py:157} INFO - Started process (PID=338) to work on /home/airflow/.local/lib/python3.8/site-packages/airflow/example_dags/example_task_group_decorator.py
[2024-04-25T12:38:04.849+0000] {processor.py:829} INFO - Processing file /home/airflow/.local/lib/python3.8/site-packages/airflow/example_dags/example_task_group_decorator.py for tasks to queue
[2024-04-25T12:38:04.850+0000] {logging_mixin.py:154} INFO - [2024-04-25T12:38:04.850+0000] {dagbag.py:536} INFO - Filling up the DagBag from /home/airflow/.local/lib/python3.8/site-packages/airflow/example_dags/example_task_group_decorator.py
[2024-04-25T12:38:04.886+0000] {processor.py:839} INFO - DAG(s) dict_keys(['example_task_group_decorator']) retrieved from /home/airflow/.local/lib/python3.8/site-packages/airflow/example_dags/example_task_group_decorator.py
[2024-04-25T12:38:05.115+0000] {logging_mixin.py:154} INFO - [2024-04-25T12:38:05.115+0000] {manager.py:499} INFO - Created Permission View: %s
[2024-04-25T12:38:05.138+0000] {logging_mixin.py:154} INFO - [2024-04-25T12:38:05.138+0000] {manager.py:499} INFO - Created Permission View: %s
[2024-04-25T12:38:05.151+0000] {logging_mixin.py:154} INFO - [2024-04-25T12:38:05.151+0000] {manager.py:499} INFO - Created Permission View: %s
[2024-04-25T12:38:05.152+0000] {logging_mixin.py:154} INFO - [2024-04-25T12:38:05.152+0000] {dag.py:2941} INFO - Sync 1 DAGs
[2024-04-25T12:38:05.174+0000] {logging_mixin.py:154} INFO - [2024-04-25T12:38:05.174+0000] {dag.py:2963} INFO - Creating ORM DAG for example_task_group_decorator
[2024-04-25T12:38:05.194+0000] {logging_mixin.py:154} INFO - [2024-04-25T12:38:05.193+0000] {dag.py:3722} INFO - Setting next_dagrun for example_task_group_decorator to 2024-04-24T12:38:05.193311+00:00, run_after=2024-04-25T12:38:05.193311+00:00
[2024-04-25T12:38:05.225+0000] {processor.py:179} INFO - Processing /home/airflow/.local/lib/python3.8/site-packages/airflow/example_dags/example_task_group_decorator.py took 0.386 seconds
[2024-04-25T12:38:36.121+0000] {processor.py:157} INFO - Started process (PID=583) to work on /home/airflow/.local/lib/python3.8/site-packages/airflow/example_dags/example_task_group_decorator.py
[2024-04-25T12:38:36.123+0000] {processor.py:829} INFO - Processing file /home/airflow/.local/lib/python3.8/site-packages/airflow/example_dags/example_task_group_decorator.py for tasks to queue
[2024-04-25T12:38:36.124+0000] {logging_mixin.py:154} INFO - [2024-04-25T12:38:36.124+0000] {dagbag.py:536} INFO - Filling up the DagBag from /home/airflow/.local/lib/python3.8/site-packages/airflow/example_dags/example_task_group_decorator.py
[2024-04-25T12:38:36.159+0000] {processor.py:839} INFO - DAG(s) dict_keys(['example_task_group_decorator']) retrieved from /home/airflow/.local/lib/python3.8/site-packages/airflow/example_dags/example_task_group_decorator.py
[2024-04-25T12:38:36.200+0000] {logging_mixin.py:154} INFO - [2024-04-25T12:38:36.200+0000] {dag.py:2941} INFO - Sync 1 DAGs
[2024-04-25T12:38:36.240+0000] {logging_mixin.py:154} INFO - [2024-04-25T12:38:36.239+0000] {dag.py:3722} INFO - Setting next_dagrun for example_task_group_decorator to 2024-04-24T12:38:36.239418+00:00, run_after=2024-04-25T12:38:36.239418+00:00
[2024-04-25T12:38:36.274+0000] {processor.py:179} INFO - Processing /home/airflow/.local/lib/python3.8/site-packages/airflow/example_dags/example_task_group_decorator.py took 0.162 seconds
[2024-04-25T12:39:06.494+0000] {processor.py:157} INFO - Started process (PID=827) to work on /home/airflow/.local/lib/python3.8/site-packages/airflow/example_dags/example_task_group_decorator.py
[2024-04-25T12:39:06.496+0000] {processor.py:829} INFO - Processing file /home/airflow/.local/lib/python3.8/site-packages/airflow/example_dags/example_task_group_decorator.py for tasks to queue
[2024-04-25T12:39:06.498+0000] {logging_mixin.py:154} INFO - [2024-04-25T12:39:06.497+0000] {dagbag.py:536} INFO - Filling up the DagBag from /home/airflow/.local/lib/python3.8/site-packages/airflow/example_dags/example_task_group_decorator.py
[2024-04-25T12:39:06.535+0000] {processor.py:839} INFO - DAG(s) dict_keys(['example_task_group_decorator']) retrieved from /home/airflow/.local/lib/python3.8/site-packages/airflow/example_dags/example_task_group_decorator.py
[2024-04-25T12:39:06.585+0000] {logging_mixin.py:154} INFO - [2024-04-25T12:39:06.584+0000] {dag.py:2941} INFO - Sync 1 DAGs
[2024-04-25T12:39:06.624+0000] {logging_mixin.py:154} INFO - [2024-04-25T12:39:06.624+0000] {dag.py:3722} INFO - Setting next_dagrun for example_task_group_decorator to 2024-04-24T12:39:06.624062+00:00, run_after=2024-04-25T12:39:06.624062+00:00
[2024-04-25T12:39:06.648+0000] {processor.py:179} INFO - Processing /home/airflow/.local/lib/python3.8/site-packages/airflow/example_dags/example_task_group_decorator.py took 0.160 seconds
[2024-04-25T12:39:36.886+0000] {processor.py:157} INFO - Started process (PID=1070) to work on /home/airflow/.local/lib/python3.8/site-packages/airflow/example_dags/example_task_group_decorator.py
[2024-04-25T12:39:36.887+0000] {processor.py:829} INFO - Processing file /home/airflow/.local/lib/python3.8/site-packages/airflow/example_dags/example_task_group_decorator.py for tasks to queue
[2024-04-25T12:39:36.888+0000] {logging_mixin.py:154} INFO - [2024-04-25T12:39:36.888+0000] {dagbag.py:536} INFO - Filling up the DagBag from /home/airflow/.local/lib/python3.8/site-packages/airflow/example_dags/example_task_group_decorator.py
[2024-04-25T12:39:36.911+0000] {processor.py:839} INFO - DAG(s) dict_keys(['example_task_group_decorator']) retrieved from /home/airflow/.local/lib/python3.8/site-packages/airflow/example_dags/example_task_group_decorator.py
[2024-04-25T12:39:36.954+0000] {logging_mixin.py:154} INFO - [2024-04-25T12:39:36.953+0000] {dag.py:2941} INFO - Sync 1 DAGs
[2024-04-25T12:39:36.997+0000] {logging_mixin.py:154} INFO - [2024-04-25T12:39:36.997+0000] {dag.py:3722} INFO - Setting next_dagrun for example_task_group_decorator to 2024-04-24T12:39:36.996899+00:00, run_after=2024-04-25T12:39:36.996899+00:00
[2024-04-25T12:39:37.030+0000] {processor.py:179} INFO - Processing /home/airflow/.local/lib/python3.8/site-packages/airflow/example_dags/example_task_group_decorator.py took 0.150 seconds
[2024-04-25T12:40:07.275+0000] {processor.py:157} INFO - Started process (PID=1313) to work on /home/airflow/.local/lib/python3.8/site-packages/airflow/example_dags/example_task_group_decorator.py
[2024-04-25T12:40:07.278+0000] {processor.py:829} INFO - Processing file /home/airflow/.local/lib/python3.8/site-packages/airflow/example_dags/example_task_group_decorator.py for tasks to queue
[2024-04-25T12:40:07.279+0000] {logging_mixin.py:154} INFO - [2024-04-25T12:40:07.279+0000] {dagbag.py:536} INFO - Filling up the DagBag from /home/airflow/.local/lib/python3.8/site-packages/airflow/example_dags/example_task_group_decorator.py
[2024-04-25T12:40:07.306+0000] {processor.py:839} INFO - DAG(s) dict_keys(['example_task_group_decorator']) retrieved from /home/airflow/.local/lib/python3.8/site-packages/airflow/example_dags/example_task_group_decorator.py
[2024-04-25T12:40:07.341+0000] {logging_mixin.py:154} INFO - [2024-04-25T12:40:07.341+0000] {dag.py:2941} INFO - Sync 1 DAGs
[2024-04-25T12:40:07.379+0000] {logging_mixin.py:154} INFO - [2024-04-25T12:40:07.378+0000] {dag.py:3722} INFO - Setting next_dagrun for example_task_group_decorator to 2024-04-24T12:40:07.378410+00:00, run_after=2024-04-25T12:40:07.378410+00:00
[2024-04-25T12:40:07.410+0000] {processor.py:179} INFO - Processing /home/airflow/.local/lib/python3.8/site-packages/airflow/example_dags/example_task_group_decorator.py took 0.144 seconds
[2024-04-25T12:40:37.884+0000] {processor.py:157} INFO - Started process (PID=1556) to work on /home/airflow/.local/lib/python3.8/site-packages/airflow/example_dags/example_task_group_decorator.py
[2024-04-25T12:40:37.886+0000] {processor.py:829} INFO - Processing file /home/airflow/.local/lib/python3.8/site-packages/airflow/example_dags/example_task_group_decorator.py for tasks to queue
[2024-04-25T12:40:37.887+0000] {logging_mixin.py:154} INFO - [2024-04-25T12:40:37.886+0000] {dagbag.py:536} INFO - Filling up the DagBag from /home/airflow/.local/lib/python3.8/site-packages/airflow/example_dags/example_task_group_decorator.py
[2024-04-25T12:40:37.908+0000] {processor.py:839} INFO - DAG(s) dict_keys(['example_task_group_decorator']) retrieved from /home/airflow/.local/lib/python3.8/site-packages/airflow/example_dags/example_task_group_decorator.py
[2024-04-25T12:40:37.948+0000] {logging_mixin.py:154} INFO - [2024-04-25T12:40:37.948+0000] {dag.py:2941} INFO - Sync 1 DAGs
[2024-04-25T12:40:37.982+0000] {logging_mixin.py:154} INFO - [2024-04-25T12:40:37.981+0000] {dag.py:3722} INFO - Setting next_dagrun for example_task_group_decorator to 2024-04-24T12:40:37.981449+00:00, run_after=2024-04-25T12:40:37.981449+00:00
[2024-04-25T12:40:38.007+0000] {processor.py:179} INFO - Processing /home/airflow/.local/lib/python3.8/site-packages/airflow/example_dags/example_task_group_decorator.py took 0.129 seconds
[2024-04-25T12:41:08.822+0000] {processor.py:157} INFO - Started process (PID=1799) to work on /home/airflow/.local/lib/python3.8/site-packages/airflow/example_dags/example_task_group_decorator.py
[2024-04-25T12:41:08.824+0000] {processor.py:829} INFO - Processing file /home/airflow/.local/lib/python3.8/site-packages/airflow/example_dags/example_task_group_decorator.py for tasks to queue
[2024-04-25T12:41:08.825+0000] {logging_mixin.py:154} INFO - [2024-04-25T12:41:08.824+0000] {dagbag.py:536} INFO - Filling up the DagBag from /home/airflow/.local/lib/python3.8/site-packages/airflow/example_dags/example_task_group_decorator.py
[2024-04-25T12:41:08.861+0000] {processor.py:839} INFO - DAG(s) dict_keys(['example_task_group_decorator']) retrieved from /home/airflow/.local/lib/python3.8/site-packages/airflow/example_dags/example_task_group_decorator.py
[2024-04-25T12:41:08.900+0000] {logging_mixin.py:154} INFO - [2024-04-25T12:41:08.900+0000] {dag.py:2941} INFO - Sync 1 DAGs
[2024-04-25T12:41:08.933+0000] {logging_mixin.py:154} INFO - [2024-04-25T12:41:08.933+0000] {dag.py:3722} INFO - Setting next_dagrun for example_task_group_decorator to 2024-04-24T12:41:08.932947+00:00, run_after=2024-04-25T12:41:08.932947+00:00
[2024-04-25T12:41:08.961+0000] {processor.py:179} INFO - Processing /home/airflow/.local/lib/python3.8/site-packages/airflow/example_dags/example_task_group_decorator.py took 0.144 seconds
[2024-04-25T12:41:39.559+0000] {processor.py:157} INFO - Started process (PID=2042) to work on /home/airflow/.local/lib/python3.8/site-packages/airflow/example_dags/example_task_group_decorator.py
[2024-04-25T12:41:39.561+0000] {processor.py:829} INFO - Processing file /home/airflow/.local/lib/python3.8/site-packages/airflow/example_dags/example_task_group_decorator.py for tasks to queue
[2024-04-25T12:41:39.563+0000] {logging_mixin.py:154} INFO - [2024-04-25T12:41:39.562+0000] {dagbag.py:536} INFO - Filling up the DagBag from /home/airflow/.local/lib/python3.8/site-packages/airflow/example_dags/example_task_group_decorator.py
[2024-04-25T12:41:39.599+0000] {processor.py:839} INFO - DAG(s) dict_keys(['example_task_group_decorator']) retrieved from /home/airflow/.local/lib/python3.8/site-packages/airflow/example_dags/example_task_group_decorator.py
[2024-04-25T12:41:39.637+0000] {logging_mixin.py:154} INFO - [2024-04-25T12:41:39.637+0000] {dag.py:2941} INFO - Sync 1 DAGs
[2024-04-25T12:41:39.667+0000] {logging_mixin.py:154} INFO - [2024-04-25T12:41:39.667+0000] {dag.py:3722} INFO - Setting next_dagrun for example_task_group_decorator to 2024-04-24T12:41:39.667319+00:00, run_after=2024-04-25T12:41:39.667319+00:00
[2024-04-25T12:41:39.700+0000] {processor.py:179} INFO - Processing /home/airflow/.local/lib/python3.8/site-packages/airflow/example_dags/example_task_group_decorator.py took 0.147 seconds
[2024-04-25T12:42:09.861+0000] {processor.py:157} INFO - Started process (PID=2293) to work on /home/airflow/.local/lib/python3.8/site-packages/airflow/example_dags/example_task_group_decorator.py
[2024-04-25T12:42:09.863+0000] {processor.py:829} INFO - Processing file /home/airflow/.local/lib/python3.8/site-packages/airflow/example_dags/example_task_group_decorator.py for tasks to queue
[2024-04-25T12:42:09.864+0000] {logging_mixin.py:154} INFO - [2024-04-25T12:42:09.863+0000] {dagbag.py:536} INFO - Filling up the DagBag from /home/airflow/.local/lib/python3.8/site-packages/airflow/example_dags/example_task_group_decorator.py
[2024-04-25T12:42:09.886+0000] {processor.py:839} INFO - DAG(s) dict_keys(['example_task_group_decorator']) retrieved from /home/airflow/.local/lib/python3.8/site-packages/airflow/example_dags/example_task_group_decorator.py
[2024-04-25T12:42:09.927+0000] {logging_mixin.py:154} INFO - [2024-04-25T12:42:09.926+0000] {dag.py:2941} INFO - Sync 1 DAGs
[2024-04-25T12:42:09.958+0000] {logging_mixin.py:154} INFO - [2024-04-25T12:42:09.958+0000] {dag.py:3722} INFO - Setting next_dagrun for example_task_group_decorator to 2024-04-24T12:42:09.958214+00:00, run_after=2024-04-25T12:42:09.958214+00:00
[2024-04-25T12:42:09.984+0000] {processor.py:179} INFO - Processing /home/airflow/.local/lib/python3.8/site-packages/airflow/example_dags/example_task_group_decorator.py took 0.128 seconds
[2024-04-25T12:42:40.394+0000] {processor.py:157} INFO - Started process (PID=2537) to work on /home/airflow/.local/lib/python3.8/site-packages/airflow/example_dags/example_task_group_decorator.py
[2024-04-25T12:42:40.397+0000] {processor.py:829} INFO - Processing file /home/airflow/.local/lib/python3.8/site-packages/airflow/example_dags/example_task_group_decorator.py for tasks to queue
[2024-04-25T12:42:40.398+0000] {logging_mixin.py:154} INFO - [2024-04-25T12:42:40.397+0000] {dagbag.py:536} INFO - Filling up the DagBag from /home/airflow/.local/lib/python3.8/site-packages/airflow/example_dags/example_task_group_decorator.py
[2024-04-25T12:42:40.420+0000] {processor.py:839} INFO - DAG(s) dict_keys(['example_task_group_decorator']) retrieved from /home/airflow/.local/lib/python3.8/site-packages/airflow/example_dags/example_task_group_decorator.py
[2024-04-25T12:42:40.461+0000] {logging_mixin.py:154} INFO - [2024-04-25T12:42:40.461+0000] {dag.py:2941} INFO - Sync 1 DAGs
[2024-04-25T12:42:40.495+0000] {logging_mixin.py:154} INFO - [2024-04-25T12:42:40.495+0000] {dag.py:3722} INFO - Setting next_dagrun for example_task_group_decorator to 2024-04-24T12:42:40.495186+00:00, run_after=2024-04-25T12:42:40.495186+00:00
[2024-04-25T12:42:40.525+0000] {processor.py:179} INFO - Processing /home/airflow/.local/lib/python3.8/site-packages/airflow/example_dags/example_task_group_decorator.py took 0.140 seconds
[2024-04-25T12:43:11.292+0000] {processor.py:157} INFO - Started process (PID=2780) to work on /home/airflow/.local/lib/python3.8/site-packages/airflow/example_dags/example_task_group_decorator.py
[2024-04-25T12:43:11.296+0000] {processor.py:829} INFO - Processing file /home/airflow/.local/lib/python3.8/site-packages/airflow/example_dags/example_task_group_decorator.py for tasks to queue
[2024-04-25T12:43:11.298+0000] {logging_mixin.py:154} INFO - [2024-04-25T12:43:11.297+0000] {dagbag.py:536} INFO - Filling up the DagBag from /home/airflow/.local/lib/python3.8/site-packages/airflow/example_dags/example_task_group_decorator.py
[2024-04-25T12:43:11.330+0000] {processor.py:839} INFO - DAG(s) dict_keys(['example_task_group_decorator']) retrieved from /home/airflow/.local/lib/python3.8/site-packages/airflow/example_dags/example_task_group_decorator.py
[2024-04-25T12:43:11.382+0000] {logging_mixin.py:154} INFO - [2024-04-25T12:43:11.382+0000] {dag.py:2941} INFO - Sync 1 DAGs
[2024-04-25T12:43:11.428+0000] {logging_mixin.py:154} INFO - [2024-04-25T12:43:11.427+0000] {dag.py:3722} INFO - Setting next_dagrun for example_task_group_decorator to 2024-04-24T12:43:11.427567+00:00, run_after=2024-04-25T12:43:11.427567+00:00
[2024-04-25T12:43:11.464+0000] {processor.py:179} INFO - Processing /home/airflow/.local/lib/python3.8/site-packages/airflow/example_dags/example_task_group_decorator.py took 0.179 seconds
[2024-04-25T12:43:43.256+0000] {processor.py:157} INFO - Started process (PID=3034) to work on /home/airflow/.local/lib/python3.8/site-packages/airflow/example_dags/example_task_group_decorator.py
[2024-04-25T12:43:43.264+0000] {processor.py:829} INFO - Processing file /home/airflow/.local/lib/python3.8/site-packages/airflow/example_dags/example_task_group_decorator.py for tasks to queue
[2024-04-25T12:43:43.266+0000] {logging_mixin.py:154} INFO - [2024-04-25T12:43:43.265+0000] {dagbag.py:536} INFO - Filling up the DagBag from /home/airflow/.local/lib/python3.8/site-packages/airflow/example_dags/example_task_group_decorator.py
[2024-04-25T12:43:43.315+0000] {processor.py:839} INFO - DAG(s) dict_keys(['example_task_group_decorator']) retrieved from /home/airflow/.local/lib/python3.8/site-packages/airflow/example_dags/example_task_group_decorator.py
[2024-04-25T12:43:43.403+0000] {logging_mixin.py:154} INFO - [2024-04-25T12:43:43.403+0000] {dag.py:2941} INFO - Sync 1 DAGs
[2024-04-25T12:43:43.464+0000] {logging_mixin.py:154} INFO - [2024-04-25T12:43:43.464+0000] {dag.py:3722} INFO - Setting next_dagrun for example_task_group_decorator to 2024-04-24T12:43:43.463786+00:00, run_after=2024-04-25T12:43:43.463786+00:00
[2024-04-25T12:43:43.522+0000] {processor.py:179} INFO - Processing /home/airflow/.local/lib/python3.8/site-packages/airflow/example_dags/example_task_group_decorator.py took 0.278 seconds
[2024-04-25T12:44:14.495+0000] {processor.py:157} INFO - Started process (PID=3285) to work on /home/airflow/.local/lib/python3.8/site-packages/airflow/example_dags/example_task_group_decorator.py
[2024-04-25T12:44:14.504+0000] {processor.py:829} INFO - Processing file /home/airflow/.local/lib/python3.8/site-packages/airflow/example_dags/example_task_group_decorator.py for tasks to queue
[2024-04-25T12:44:14.506+0000] {logging_mixin.py:154} INFO - [2024-04-25T12:44:14.505+0000] {dagbag.py:536} INFO - Filling up the DagBag from /home/airflow/.local/lib/python3.8/site-packages/airflow/example_dags/example_task_group_decorator.py
[2024-04-25T12:44:14.547+0000] {processor.py:839} INFO - DAG(s) dict_keys(['example_task_group_decorator']) retrieved from /home/airflow/.local/lib/python3.8/site-packages/airflow/example_dags/example_task_group_decorator.py
[2024-04-25T12:44:14.620+0000] {logging_mixin.py:154} INFO - [2024-04-25T12:44:14.620+0000] {dag.py:2941} INFO - Sync 1 DAGs
[2024-04-25T12:44:14.667+0000] {logging_mixin.py:154} INFO - [2024-04-25T12:44:14.666+0000] {dag.py:3722} INFO - Setting next_dagrun for example_task_group_decorator to 2024-04-24T12:44:14.666163+00:00, run_after=2024-04-25T12:44:14.666163+00:00
[2024-04-25T12:44:14.707+0000] {processor.py:179} INFO - Processing /home/airflow/.local/lib/python3.8/site-packages/airflow/example_dags/example_task_group_decorator.py took 0.218 seconds
[2024-04-25T12:44:45.421+0000] {processor.py:157} INFO - Started process (PID=3526) to work on /home/airflow/.local/lib/python3.8/site-packages/airflow/example_dags/example_task_group_decorator.py
[2024-04-25T12:44:45.424+0000] {processor.py:829} INFO - Processing file /home/airflow/.local/lib/python3.8/site-packages/airflow/example_dags/example_task_group_decorator.py for tasks to queue
[2024-04-25T12:44:45.425+0000] {logging_mixin.py:154} INFO - [2024-04-25T12:44:45.425+0000] {dagbag.py:536} INFO - Filling up the DagBag from /home/airflow/.local/lib/python3.8/site-packages/airflow/example_dags/example_task_group_decorator.py
[2024-04-25T12:44:45.451+0000] {processor.py:839} INFO - DAG(s) dict_keys(['example_task_group_decorator']) retrieved from /home/airflow/.local/lib/python3.8/site-packages/airflow/example_dags/example_task_group_decorator.py
[2024-04-25T12:44:45.487+0000] {logging_mixin.py:154} INFO - [2024-04-25T12:44:45.487+0000] {dag.py:2941} INFO - Sync 1 DAGs
[2024-04-25T12:44:45.523+0000] {logging_mixin.py:154} INFO - [2024-04-25T12:44:45.522+0000] {dag.py:3722} INFO - Setting next_dagrun for example_task_group_decorator to 2024-04-24T12:44:45.522414+00:00, run_after=2024-04-25T12:44:45.522414+00:00
[2024-04-25T12:44:45.551+0000] {processor.py:179} INFO - Processing /home/airflow/.local/lib/python3.8/site-packages/airflow/example_dags/example_task_group_decorator.py took 0.139 seconds
[2024-04-25T12:45:16.252+0000] {processor.py:157} INFO - Started process (PID=3770) to work on /home/airflow/.local/lib/python3.8/site-packages/airflow/example_dags/example_task_group_decorator.py
[2024-04-25T12:45:16.255+0000] {processor.py:829} INFO - Processing file /home/airflow/.local/lib/python3.8/site-packages/airflow/example_dags/example_task_group_decorator.py for tasks to queue
[2024-04-25T12:45:16.256+0000] {logging_mixin.py:154} INFO - [2024-04-25T12:45:16.256+0000] {dagbag.py:536} INFO - Filling up the DagBag from /home/airflow/.local/lib/python3.8/site-packages/airflow/example_dags/example_task_group_decorator.py
[2024-04-25T12:45:16.286+0000] {processor.py:839} INFO - DAG(s) dict_keys(['example_task_group_decorator']) retrieved from /home/airflow/.local/lib/python3.8/site-packages/airflow/example_dags/example_task_group_decorator.py
[2024-04-25T12:45:16.321+0000] {logging_mixin.py:154} INFO - [2024-04-25T12:45:16.321+0000] {dag.py:2941} INFO - Sync 1 DAGs
[2024-04-25T12:45:16.354+0000] {logging_mixin.py:154} INFO - [2024-04-25T12:45:16.354+0000] {dag.py:3722} INFO - Setting next_dagrun for example_task_group_decorator to 2024-04-24T12:45:16.353785+00:00, run_after=2024-04-25T12:45:16.353785+00:00
[2024-04-25T12:45:16.380+0000] {processor.py:179} INFO - Processing /home/airflow/.local/lib/python3.8/site-packages/airflow/example_dags/example_task_group_decorator.py took 0.135 seconds
[2024-04-25T12:45:46.509+0000] {processor.py:157} INFO - Started process (PID=4013) to work on /home/airflow/.local/lib/python3.8/site-packages/airflow/example_dags/example_task_group_decorator.py
[2024-04-25T12:45:46.512+0000] {processor.py:829} INFO - Processing file /home/airflow/.local/lib/python3.8/site-packages/airflow/example_dags/example_task_group_decorator.py for tasks to queue
[2024-04-25T12:45:46.513+0000] {logging_mixin.py:154} INFO - [2024-04-25T12:45:46.512+0000] {dagbag.py:536} INFO - Filling up the DagBag from /home/airflow/.local/lib/python3.8/site-packages/airflow/example_dags/example_task_group_decorator.py
[2024-04-25T12:45:46.535+0000] {processor.py:839} INFO - DAG(s) dict_keys(['example_task_group_decorator']) retrieved from /home/airflow/.local/lib/python3.8/site-packages/airflow/example_dags/example_task_group_decorator.py
[2024-04-25T12:45:46.577+0000] {logging_mixin.py:154} INFO - [2024-04-25T12:45:46.577+0000] {dag.py:2941} INFO - Sync 1 DAGs
[2024-04-25T12:45:46.625+0000] {logging_mixin.py:154} INFO - [2024-04-25T12:45:46.624+0000] {dag.py:3722} INFO - Setting next_dagrun for example_task_group_decorator to 2024-04-24T12:45:46.624123+00:00, run_after=2024-04-25T12:45:46.624123+00:00
[2024-04-25T12:45:46.660+0000] {processor.py:179} INFO - Processing /home/airflow/.local/lib/python3.8/site-packages/airflow/example_dags/example_task_group_decorator.py took 0.157 seconds
[2024-04-25T12:46:17.255+0000] {processor.py:157} INFO - Started process (PID=4256) to work on /home/airflow/.local/lib/python3.8/site-packages/airflow/example_dags/example_task_group_decorator.py
[2024-04-25T12:46:17.258+0000] {processor.py:829} INFO - Processing file /home/airflow/.local/lib/python3.8/site-packages/airflow/example_dags/example_task_group_decorator.py for tasks to queue
[2024-04-25T12:46:17.259+0000] {logging_mixin.py:154} INFO - [2024-04-25T12:46:17.259+0000] {dagbag.py:536} INFO - Filling up the DagBag from /home/airflow/.local/lib/python3.8/site-packages/airflow/example_dags/example_task_group_decorator.py
[2024-04-25T12:46:17.282+0000] {processor.py:839} INFO - DAG(s) dict_keys(['example_task_group_decorator']) retrieved from /home/airflow/.local/lib/python3.8/site-packages/airflow/example_dags/example_task_group_decorator.py
[2024-04-25T12:46:17.331+0000] {logging_mixin.py:154} INFO - [2024-04-25T12:46:17.331+0000] {dag.py:2941} INFO - Sync 1 DAGs
[2024-04-25T12:46:17.378+0000] {logging_mixin.py:154} INFO - [2024-04-25T12:46:17.378+0000] {dag.py:3722} INFO - Setting next_dagrun for example_task_group_decorator to 2024-04-24T12:46:17.377782+00:00, run_after=2024-04-25T12:46:17.377782+00:00
[2024-04-25T12:46:17.415+0000] {processor.py:179} INFO - Processing /home/airflow/.local/lib/python3.8/site-packages/airflow/example_dags/example_task_group_decorator.py took 0.165 seconds
[2024-04-25T12:46:50.423+0000] {processor.py:157} INFO - Started process (PID=4499) to work on /home/airflow/.local/lib/python3.8/site-packages/airflow/example_dags/example_task_group_decorator.py
[2024-04-25T12:46:50.427+0000] {processor.py:829} INFO - Processing file /home/airflow/.local/lib/python3.8/site-packages/airflow/example_dags/example_task_group_decorator.py for tasks to queue
[2024-04-25T12:46:50.430+0000] {logging_mixin.py:154} INFO - [2024-04-25T12:46:50.428+0000] {dagbag.py:536} INFO - Filling up the DagBag from /home/airflow/.local/lib/python3.8/site-packages/airflow/example_dags/example_task_group_decorator.py
[2024-04-25T12:46:50.504+0000] {processor.py:839} INFO - DAG(s) dict_keys(['example_task_group_decorator']) retrieved from /home/airflow/.local/lib/python3.8/site-packages/airflow/example_dags/example_task_group_decorator.py
[2024-04-25T12:46:50.608+0000] {logging_mixin.py:154} INFO - [2024-04-25T12:46:50.606+0000] {dag.py:2941} INFO - Sync 1 DAGs
[2024-04-25T12:46:50.726+0000] {logging_mixin.py:154} INFO - [2024-04-25T12:46:50.725+0000] {dag.py:3722} INFO - Setting next_dagrun for example_task_group_decorator to 2024-04-24T12:46:50.724795+00:00, run_after=2024-04-25T12:46:50.724795+00:00
[2024-04-25T12:46:50.812+0000] {processor.py:179} INFO - Processing /home/airflow/.local/lib/python3.8/site-packages/airflow/example_dags/example_task_group_decorator.py took 0.411 seconds
[2024-04-25T12:47:21.634+0000] {processor.py:157} INFO - Started process (PID=4742) to work on /home/airflow/.local/lib/python3.8/site-packages/airflow/example_dags/example_task_group_decorator.py
[2024-04-25T12:47:21.636+0000] {processor.py:829} INFO - Processing file /home/airflow/.local/lib/python3.8/site-packages/airflow/example_dags/example_task_group_decorator.py for tasks to queue
[2024-04-25T12:47:21.638+0000] {logging_mixin.py:154} INFO - [2024-04-25T12:47:21.638+0000] {dagbag.py:536} INFO - Filling up the DagBag from /home/airflow/.local/lib/python3.8/site-packages/airflow/example_dags/example_task_group_decorator.py
[2024-04-25T12:47:21.673+0000] {processor.py:839} INFO - DAG(s) dict_keys(['example_task_group_decorator']) retrieved from /home/airflow/.local/lib/python3.8/site-packages/airflow/example_dags/example_task_group_decorator.py
[2024-04-25T12:47:21.727+0000] {logging_mixin.py:154} INFO - [2024-04-25T12:47:21.726+0000] {dag.py:2941} INFO - Sync 1 DAGs
[2024-04-25T12:47:21.771+0000] {logging_mixin.py:154} INFO - [2024-04-25T12:47:21.770+0000] {dag.py:3722} INFO - Setting next_dagrun for example_task_group_decorator to 2024-04-24T12:47:21.770263+00:00, run_after=2024-04-25T12:47:21.770263+00:00
[2024-04-25T12:47:22.044+0000] {processor.py:179} INFO - Processing /home/airflow/.local/lib/python3.8/site-packages/airflow/example_dags/example_task_group_decorator.py took 0.416 seconds
[2024-04-25T12:51:44.156+0000] {processor.py:157} INFO - Started process (PID=338) to work on /home/airflow/.local/lib/python3.8/site-packages/airflow/example_dags/example_task_group_decorator.py
[2024-04-25T12:51:44.158+0000] {processor.py:829} INFO - Processing file /home/airflow/.local/lib/python3.8/site-packages/airflow/example_dags/example_task_group_decorator.py for tasks to queue
[2024-04-25T12:51:44.160+0000] {logging_mixin.py:154} INFO - [2024-04-25T12:51:44.159+0000] {dagbag.py:536} INFO - Filling up the DagBag from /home/airflow/.local/lib/python3.8/site-packages/airflow/example_dags/example_task_group_decorator.py
[2024-04-25T12:51:44.190+0000] {processor.py:839} INFO - DAG(s) dict_keys(['example_task_group_decorator']) retrieved from /home/airflow/.local/lib/python3.8/site-packages/airflow/example_dags/example_task_group_decorator.py
[2024-04-25T12:51:44.214+0000] {logging_mixin.py:154} INFO - [2024-04-25T12:51:44.214+0000] {dag.py:2941} INFO - Sync 1 DAGs
[2024-04-25T12:51:44.266+0000] {logging_mixin.py:154} INFO - [2024-04-25T12:51:44.266+0000] {dag.py:3722} INFO - Setting next_dagrun for example_task_group_decorator to 2024-04-24T12:51:44.265617+00:00, run_after=2024-04-25T12:51:44.265617+00:00
[2024-04-25T12:51:44.303+0000] {processor.py:179} INFO - Processing /home/airflow/.local/lib/python3.8/site-packages/airflow/example_dags/example_task_group_decorator.py took 0.154 seconds
[2024-04-25T12:52:14.871+0000] {processor.py:157} INFO - Started process (PID=581) to work on /home/airflow/.local/lib/python3.8/site-packages/airflow/example_dags/example_task_group_decorator.py
[2024-04-25T12:52:14.876+0000] {processor.py:829} INFO - Processing file /home/airflow/.local/lib/python3.8/site-packages/airflow/example_dags/example_task_group_decorator.py for tasks to queue
[2024-04-25T12:52:14.877+0000] {logging_mixin.py:154} INFO - [2024-04-25T12:52:14.877+0000] {dagbag.py:536} INFO - Filling up the DagBag from /home/airflow/.local/lib/python3.8/site-packages/airflow/example_dags/example_task_group_decorator.py
[2024-04-25T12:52:14.900+0000] {processor.py:839} INFO - DAG(s) dict_keys(['example_task_group_decorator']) retrieved from /home/airflow/.local/lib/python3.8/site-packages/airflow/example_dags/example_task_group_decorator.py
[2024-04-25T12:52:14.937+0000] {logging_mixin.py:154} INFO - [2024-04-25T12:52:14.937+0000] {dag.py:2941} INFO - Sync 1 DAGs
[2024-04-25T12:52:14.971+0000] {logging_mixin.py:154} INFO - [2024-04-25T12:52:14.971+0000] {dag.py:3722} INFO - Setting next_dagrun for example_task_group_decorator to 2024-04-24T12:52:14.971077+00:00, run_after=2024-04-25T12:52:14.971077+00:00
[2024-04-25T12:52:15.005+0000] {processor.py:179} INFO - Processing /home/airflow/.local/lib/python3.8/site-packages/airflow/example_dags/example_task_group_decorator.py took 0.139 seconds
[2024-04-25T12:52:46.297+0000] {processor.py:157} INFO - Started process (PID=831) to work on /home/airflow/.local/lib/python3.8/site-packages/airflow/example_dags/example_task_group_decorator.py
[2024-04-25T12:52:46.300+0000] {processor.py:829} INFO - Processing file /home/airflow/.local/lib/python3.8/site-packages/airflow/example_dags/example_task_group_decorator.py for tasks to queue
[2024-04-25T12:52:46.302+0000] {logging_mixin.py:154} INFO - [2024-04-25T12:52:46.302+0000] {dagbag.py:536} INFO - Filling up the DagBag from /home/airflow/.local/lib/python3.8/site-packages/airflow/example_dags/example_task_group_decorator.py
[2024-04-25T12:52:46.337+0000] {processor.py:839} INFO - DAG(s) dict_keys(['example_task_group_decorator']) retrieved from /home/airflow/.local/lib/python3.8/site-packages/airflow/example_dags/example_task_group_decorator.py
[2024-04-25T12:52:46.386+0000] {logging_mixin.py:154} INFO - [2024-04-25T12:52:46.385+0000] {dag.py:2941} INFO - Sync 1 DAGs
[2024-04-25T12:52:46.428+0000] {logging_mixin.py:154} INFO - [2024-04-25T12:52:46.427+0000] {dag.py:3722} INFO - Setting next_dagrun for example_task_group_decorator to 2024-04-24T12:52:46.427370+00:00, run_after=2024-04-25T12:52:46.427370+00:00
[2024-04-25T12:52:46.459+0000] {processor.py:179} INFO - Processing /home/airflow/.local/lib/python3.8/site-packages/airflow/example_dags/example_task_group_decorator.py took 0.170 seconds
[2024-04-25T12:53:16.719+0000] {processor.py:157} INFO - Started process (PID=1078) to work on /home/airflow/.local/lib/python3.8/site-packages/airflow/example_dags/example_task_group_decorator.py
[2024-04-25T12:53:16.721+0000] {processor.py:829} INFO - Processing file /home/airflow/.local/lib/python3.8/site-packages/airflow/example_dags/example_task_group_decorator.py for tasks to queue
[2024-04-25T12:53:16.723+0000] {logging_mixin.py:154} INFO - [2024-04-25T12:53:16.722+0000] {dagbag.py:536} INFO - Filling up the DagBag from /home/airflow/.local/lib/python3.8/site-packages/airflow/example_dags/example_task_group_decorator.py
[2024-04-25T12:53:16.756+0000] {processor.py:839} INFO - DAG(s) dict_keys(['example_task_group_decorator']) retrieved from /home/airflow/.local/lib/python3.8/site-packages/airflow/example_dags/example_task_group_decorator.py
[2024-04-25T12:53:16.808+0000] {logging_mixin.py:154} INFO - [2024-04-25T12:53:16.808+0000] {dag.py:2941} INFO - Sync 1 DAGs
[2024-04-25T12:53:16.856+0000] {logging_mixin.py:154} INFO - [2024-04-25T12:53:16.856+0000] {dag.py:3722} INFO - Setting next_dagrun for example_task_group_decorator to 2024-04-24T12:53:16.855735+00:00, run_after=2024-04-25T12:53:16.855735+00:00
[2024-04-25T12:53:16.892+0000] {processor.py:179} INFO - Processing /home/airflow/.local/lib/python3.8/site-packages/airflow/example_dags/example_task_group_decorator.py took 0.181 seconds
[2024-04-25T12:53:47.139+0000] {processor.py:157} INFO - Started process (PID=1323) to work on /home/airflow/.local/lib/python3.8/site-packages/airflow/example_dags/example_task_group_decorator.py
[2024-04-25T12:53:47.141+0000] {processor.py:829} INFO - Processing file /home/airflow/.local/lib/python3.8/site-packages/airflow/example_dags/example_task_group_decorator.py for tasks to queue
[2024-04-25T12:53:47.143+0000] {logging_mixin.py:154} INFO - [2024-04-25T12:53:47.142+0000] {dagbag.py:536} INFO - Filling up the DagBag from /home/airflow/.local/lib/python3.8/site-packages/airflow/example_dags/example_task_group_decorator.py
[2024-04-25T12:53:47.164+0000] {processor.py:839} INFO - DAG(s) dict_keys(['example_task_group_decorator']) retrieved from /home/airflow/.local/lib/python3.8/site-packages/airflow/example_dags/example_task_group_decorator.py
[2024-04-25T12:53:47.203+0000] {logging_mixin.py:154} INFO - [2024-04-25T12:53:47.202+0000] {dag.py:2941} INFO - Sync 1 DAGs
[2024-04-25T12:53:47.233+0000] {logging_mixin.py:154} INFO - [2024-04-25T12:53:47.233+0000] {dag.py:3722} INFO - Setting next_dagrun for example_task_group_decorator to 2024-04-24T12:53:47.232917+00:00, run_after=2024-04-25T12:53:47.232917+00:00
[2024-04-25T12:53:47.259+0000] {processor.py:179} INFO - Processing /home/airflow/.local/lib/python3.8/site-packages/airflow/example_dags/example_task_group_decorator.py took 0.125 seconds
[2024-04-25T12:54:17.308+0000] {processor.py:157} INFO - Started process (PID=1564) to work on /home/airflow/.local/lib/python3.8/site-packages/airflow/example_dags/example_task_group_decorator.py
[2024-04-25T12:54:17.310+0000] {processor.py:829} INFO - Processing file /home/airflow/.local/lib/python3.8/site-packages/airflow/example_dags/example_task_group_decorator.py for tasks to queue
[2024-04-25T12:54:17.311+0000] {logging_mixin.py:154} INFO - [2024-04-25T12:54:17.310+0000] {dagbag.py:536} INFO - Filling up the DagBag from /home/airflow/.local/lib/python3.8/site-packages/airflow/example_dags/example_task_group_decorator.py
[2024-04-25T12:54:17.341+0000] {processor.py:839} INFO - DAG(s) dict_keys(['example_task_group_decorator']) retrieved from /home/airflow/.local/lib/python3.8/site-packages/airflow/example_dags/example_task_group_decorator.py
[2024-04-25T12:54:17.382+0000] {logging_mixin.py:154} INFO - [2024-04-25T12:54:17.382+0000] {dag.py:2941} INFO - Sync 1 DAGs
[2024-04-25T12:54:17.420+0000] {logging_mixin.py:154} INFO - [2024-04-25T12:54:17.420+0000] {dag.py:3722} INFO - Setting next_dagrun for example_task_group_decorator to 2024-04-24T12:54:17.419655+00:00, run_after=2024-04-25T12:54:17.419655+00:00
[2024-04-25T12:54:17.451+0000] {processor.py:179} INFO - Processing /home/airflow/.local/lib/python3.8/site-packages/airflow/example_dags/example_task_group_decorator.py took 0.149 seconds
[2024-04-25T12:54:48.447+0000] {processor.py:157} INFO - Started process (PID=1807) to work on /home/airflow/.local/lib/python3.8/site-packages/airflow/example_dags/example_task_group_decorator.py
[2024-04-25T12:54:48.450+0000] {processor.py:829} INFO - Processing file /home/airflow/.local/lib/python3.8/site-packages/airflow/example_dags/example_task_group_decorator.py for tasks to queue
[2024-04-25T12:54:48.452+0000] {logging_mixin.py:154} INFO - [2024-04-25T12:54:48.452+0000] {dagbag.py:536} INFO - Filling up the DagBag from /home/airflow/.local/lib/python3.8/site-packages/airflow/example_dags/example_task_group_decorator.py
[2024-04-25T12:54:48.476+0000] {processor.py:839} INFO - DAG(s) dict_keys(['example_task_group_decorator']) retrieved from /home/airflow/.local/lib/python3.8/site-packages/airflow/example_dags/example_task_group_decorator.py
[2024-04-25T12:54:48.512+0000] {logging_mixin.py:154} INFO - [2024-04-25T12:54:48.512+0000] {dag.py:2941} INFO - Sync 1 DAGs
[2024-04-25T12:54:48.552+0000] {logging_mixin.py:154} INFO - [2024-04-25T12:54:48.551+0000] {dag.py:3722} INFO - Setting next_dagrun for example_task_group_decorator to 2024-04-24T12:54:48.551196+00:00, run_after=2024-04-25T12:54:48.551196+00:00
[2024-04-25T12:54:48.586+0000] {processor.py:179} INFO - Processing /home/airflow/.local/lib/python3.8/site-packages/airflow/example_dags/example_task_group_decorator.py took 0.146 seconds
[2024-04-25T12:55:18.917+0000] {processor.py:157} INFO - Started process (PID=2052) to work on /home/airflow/.local/lib/python3.8/site-packages/airflow/example_dags/example_task_group_decorator.py
[2024-04-25T12:55:18.920+0000] {processor.py:829} INFO - Processing file /home/airflow/.local/lib/python3.8/site-packages/airflow/example_dags/example_task_group_decorator.py for tasks to queue
[2024-04-25T12:55:18.921+0000] {logging_mixin.py:154} INFO - [2024-04-25T12:55:18.920+0000] {dagbag.py:536} INFO - Filling up the DagBag from /home/airflow/.local/lib/python3.8/site-packages/airflow/example_dags/example_task_group_decorator.py
[2024-04-25T12:55:18.943+0000] {processor.py:839} INFO - DAG(s) dict_keys(['example_task_group_decorator']) retrieved from /home/airflow/.local/lib/python3.8/site-packages/airflow/example_dags/example_task_group_decorator.py
[2024-04-25T12:55:18.982+0000] {logging_mixin.py:154} INFO - [2024-04-25T12:55:18.982+0000] {dag.py:2941} INFO - Sync 1 DAGs
[2024-04-25T12:55:19.013+0000] {logging_mixin.py:154} INFO - [2024-04-25T12:55:19.012+0000] {dag.py:3722} INFO - Setting next_dagrun for example_task_group_decorator to 2024-04-24T12:55:19.012565+00:00, run_after=2024-04-25T12:55:19.012565+00:00
[2024-04-25T12:55:19.037+0000] {processor.py:179} INFO - Processing /home/airflow/.local/lib/python3.8/site-packages/airflow/example_dags/example_task_group_decorator.py took 0.129 seconds
[2024-04-25T13:10:33.937+0000] {processor.py:157} INFO - Started process (PID=340) to work on /home/airflow/.local/lib/python3.8/site-packages/airflow/example_dags/example_task_group_decorator.py
[2024-04-25T13:10:33.939+0000] {processor.py:829} INFO - Processing file /home/airflow/.local/lib/python3.8/site-packages/airflow/example_dags/example_task_group_decorator.py for tasks to queue
[2024-04-25T13:10:33.940+0000] {logging_mixin.py:154} INFO - [2024-04-25T13:10:33.940+0000] {dagbag.py:536} INFO - Filling up the DagBag from /home/airflow/.local/lib/python3.8/site-packages/airflow/example_dags/example_task_group_decorator.py
[2024-04-25T13:10:33.964+0000] {processor.py:839} INFO - DAG(s) dict_keys(['example_task_group_decorator']) retrieved from /home/airflow/.local/lib/python3.8/site-packages/airflow/example_dags/example_task_group_decorator.py
[2024-04-25T13:10:33.987+0000] {logging_mixin.py:154} INFO - [2024-04-25T13:10:33.987+0000] {dag.py:2941} INFO - Sync 1 DAGs
[2024-04-25T13:10:34.023+0000] {logging_mixin.py:154} INFO - [2024-04-25T13:10:34.023+0000] {dag.py:3722} INFO - Setting next_dagrun for example_task_group_decorator to 2024-04-24T13:10:34.022735+00:00, run_after=2024-04-25T13:10:34.022735+00:00
[2024-04-25T13:10:34.052+0000] {processor.py:179} INFO - Processing /home/airflow/.local/lib/python3.8/site-packages/airflow/example_dags/example_task_group_decorator.py took 0.121 seconds
[2024-04-25T13:11:05.573+0000] {processor.py:157} INFO - Started process (PID=581) to work on /home/airflow/.local/lib/python3.8/site-packages/airflow/example_dags/example_task_group_decorator.py
[2024-04-25T13:11:05.575+0000] {processor.py:829} INFO - Processing file /home/airflow/.local/lib/python3.8/site-packages/airflow/example_dags/example_task_group_decorator.py for tasks to queue
[2024-04-25T13:11:05.576+0000] {logging_mixin.py:154} INFO - [2024-04-25T13:11:05.575+0000] {dagbag.py:536} INFO - Filling up the DagBag from /home/airflow/.local/lib/python3.8/site-packages/airflow/example_dags/example_task_group_decorator.py
[2024-04-25T13:11:05.601+0000] {processor.py:839} INFO - DAG(s) dict_keys(['example_task_group_decorator']) retrieved from /home/airflow/.local/lib/python3.8/site-packages/airflow/example_dags/example_task_group_decorator.py
[2024-04-25T13:11:05.637+0000] {logging_mixin.py:154} INFO - [2024-04-25T13:11:05.636+0000] {dag.py:2941} INFO - Sync 1 DAGs
[2024-04-25T13:11:05.667+0000] {logging_mixin.py:154} INFO - [2024-04-25T13:11:05.667+0000] {dag.py:3722} INFO - Setting next_dagrun for example_task_group_decorator to 2024-04-24T13:11:05.667313+00:00, run_after=2024-04-25T13:11:05.667313+00:00
[2024-04-25T13:11:05.700+0000] {processor.py:179} INFO - Processing /home/airflow/.local/lib/python3.8/site-packages/airflow/example_dags/example_task_group_decorator.py took 0.133 seconds
[2024-04-25T13:11:35.807+0000] {processor.py:157} INFO - Started process (PID=824) to work on /home/airflow/.local/lib/python3.8/site-packages/airflow/example_dags/example_task_group_decorator.py
[2024-04-25T13:11:35.809+0000] {processor.py:829} INFO - Processing file /home/airflow/.local/lib/python3.8/site-packages/airflow/example_dags/example_task_group_decorator.py for tasks to queue
[2024-04-25T13:11:35.810+0000] {logging_mixin.py:154} INFO - [2024-04-25T13:11:35.809+0000] {dagbag.py:536} INFO - Filling up the DagBag from /home/airflow/.local/lib/python3.8/site-packages/airflow/example_dags/example_task_group_decorator.py
[2024-04-25T13:11:35.841+0000] {processor.py:839} INFO - DAG(s) dict_keys(['example_task_group_decorator']) retrieved from /home/airflow/.local/lib/python3.8/site-packages/airflow/example_dags/example_task_group_decorator.py
[2024-04-25T13:11:35.889+0000] {logging_mixin.py:154} INFO - [2024-04-25T13:11:35.889+0000] {dag.py:2941} INFO - Sync 1 DAGs
[2024-04-25T13:11:35.931+0000] {logging_mixin.py:154} INFO - [2024-04-25T13:11:35.930+0000] {dag.py:3722} INFO - Setting next_dagrun for example_task_group_decorator to 2024-04-24T13:11:35.930277+00:00, run_after=2024-04-25T13:11:35.930277+00:00
[2024-04-25T13:11:35.958+0000] {processor.py:179} INFO - Processing /home/airflow/.local/lib/python3.8/site-packages/airflow/example_dags/example_task_group_decorator.py took 0.156 seconds
[2024-04-25T13:12:06.803+0000] {processor.py:157} INFO - Started process (PID=1073) to work on /home/airflow/.local/lib/python3.8/site-packages/airflow/example_dags/example_task_group_decorator.py
[2024-04-25T13:12:06.806+0000] {processor.py:829} INFO - Processing file /home/airflow/.local/lib/python3.8/site-packages/airflow/example_dags/example_task_group_decorator.py for tasks to queue
[2024-04-25T13:12:06.807+0000] {logging_mixin.py:154} INFO - [2024-04-25T13:12:06.807+0000] {dagbag.py:536} INFO - Filling up the DagBag from /home/airflow/.local/lib/python3.8/site-packages/airflow/example_dags/example_task_group_decorator.py
[2024-04-25T13:12:06.849+0000] {processor.py:839} INFO - DAG(s) dict_keys(['example_task_group_decorator']) retrieved from /home/airflow/.local/lib/python3.8/site-packages/airflow/example_dags/example_task_group_decorator.py
[2024-04-25T13:12:06.900+0000] {logging_mixin.py:154} INFO - [2024-04-25T13:12:06.900+0000] {dag.py:2941} INFO - Sync 1 DAGs
[2024-04-25T13:12:06.968+0000] {logging_mixin.py:154} INFO - [2024-04-25T13:12:06.967+0000] {dag.py:3722} INFO - Setting next_dagrun for example_task_group_decorator to 2024-04-24T13:12:06.967424+00:00, run_after=2024-04-25T13:12:06.967424+00:00
[2024-04-25T13:12:06.999+0000] {processor.py:179} INFO - Processing /home/airflow/.local/lib/python3.8/site-packages/airflow/example_dags/example_task_group_decorator.py took 0.204 seconds
[2024-04-25T13:12:37.713+0000] {processor.py:157} INFO - Started process (PID=1320) to work on /home/airflow/.local/lib/python3.8/site-packages/airflow/example_dags/example_task_group_decorator.py
[2024-04-25T13:12:37.716+0000] {processor.py:829} INFO - Processing file /home/airflow/.local/lib/python3.8/site-packages/airflow/example_dags/example_task_group_decorator.py for tasks to queue
[2024-04-25T13:12:37.718+0000] {logging_mixin.py:154} INFO - [2024-04-25T13:12:37.717+0000] {dagbag.py:536} INFO - Filling up the DagBag from /home/airflow/.local/lib/python3.8/site-packages/airflow/example_dags/example_task_group_decorator.py
[2024-04-25T13:12:37.757+0000] {processor.py:839} INFO - DAG(s) dict_keys(['example_task_group_decorator']) retrieved from /home/airflow/.local/lib/python3.8/site-packages/airflow/example_dags/example_task_group_decorator.py
[2024-04-25T13:12:37.810+0000] {logging_mixin.py:154} INFO - [2024-04-25T13:12:37.809+0000] {dag.py:2941} INFO - Sync 1 DAGs
[2024-04-25T13:12:37.857+0000] {logging_mixin.py:154} INFO - [2024-04-25T13:12:37.856+0000] {dag.py:3722} INFO - Setting next_dagrun for example_task_group_decorator to 2024-04-24T13:12:37.856383+00:00, run_after=2024-04-25T13:12:37.856383+00:00
[2024-04-25T13:12:37.889+0000] {processor.py:179} INFO - Processing /home/airflow/.local/lib/python3.8/site-packages/airflow/example_dags/example_task_group_decorator.py took 0.185 seconds
[2024-04-25T13:13:07.965+0000] {processor.py:157} INFO - Started process (PID=1565) to work on /home/airflow/.local/lib/python3.8/site-packages/airflow/example_dags/example_task_group_decorator.py
[2024-04-25T13:13:07.967+0000] {processor.py:829} INFO - Processing file /home/airflow/.local/lib/python3.8/site-packages/airflow/example_dags/example_task_group_decorator.py for tasks to queue
[2024-04-25T13:13:07.968+0000] {logging_mixin.py:154} INFO - [2024-04-25T13:13:07.968+0000] {dagbag.py:536} INFO - Filling up the DagBag from /home/airflow/.local/lib/python3.8/site-packages/airflow/example_dags/example_task_group_decorator.py
[2024-04-25T13:13:07.990+0000] {processor.py:839} INFO - DAG(s) dict_keys(['example_task_group_decorator']) retrieved from /home/airflow/.local/lib/python3.8/site-packages/airflow/example_dags/example_task_group_decorator.py
[2024-04-25T13:13:08.028+0000] {logging_mixin.py:154} INFO - [2024-04-25T13:13:08.028+0000] {dag.py:2941} INFO - Sync 1 DAGs
[2024-04-25T13:13:08.060+0000] {logging_mixin.py:154} INFO - [2024-04-25T13:13:08.060+0000] {dag.py:3722} INFO - Setting next_dagrun for example_task_group_decorator to 2024-04-24T13:13:08.059926+00:00, run_after=2024-04-25T13:13:08.059926+00:00
[2024-04-25T13:13:08.087+0000] {processor.py:179} INFO - Processing /home/airflow/.local/lib/python3.8/site-packages/airflow/example_dags/example_task_group_decorator.py took 0.128 seconds
[2024-04-25T13:13:38.257+0000] {processor.py:157} INFO - Started process (PID=1809) to work on /home/airflow/.local/lib/python3.8/site-packages/airflow/example_dags/example_task_group_decorator.py
[2024-04-25T13:13:38.259+0000] {processor.py:829} INFO - Processing file /home/airflow/.local/lib/python3.8/site-packages/airflow/example_dags/example_task_group_decorator.py for tasks to queue
[2024-04-25T13:13:38.261+0000] {logging_mixin.py:154} INFO - [2024-04-25T13:13:38.260+0000] {dagbag.py:536} INFO - Filling up the DagBag from /home/airflow/.local/lib/python3.8/site-packages/airflow/example_dags/example_task_group_decorator.py
[2024-04-25T13:13:38.283+0000] {processor.py:839} INFO - DAG(s) dict_keys(['example_task_group_decorator']) retrieved from /home/airflow/.local/lib/python3.8/site-packages/airflow/example_dags/example_task_group_decorator.py
[2024-04-25T13:13:38.321+0000] {logging_mixin.py:154} INFO - [2024-04-25T13:13:38.321+0000] {dag.py:2941} INFO - Sync 1 DAGs
[2024-04-25T13:13:38.352+0000] {logging_mixin.py:154} INFO - [2024-04-25T13:13:38.351+0000] {dag.py:3722} INFO - Setting next_dagrun for example_task_group_decorator to 2024-04-24T13:13:38.351494+00:00, run_after=2024-04-25T13:13:38.351494+00:00
[2024-04-25T13:13:38.379+0000] {processor.py:179} INFO - Processing /home/airflow/.local/lib/python3.8/site-packages/airflow/example_dags/example_task_group_decorator.py took 0.129 seconds
[2024-04-25T13:14:08.454+0000] {processor.py:157} INFO - Started process (PID=2053) to work on /home/airflow/.local/lib/python3.8/site-packages/airflow/example_dags/example_task_group_decorator.py
[2024-04-25T13:14:08.457+0000] {processor.py:829} INFO - Processing file /home/airflow/.local/lib/python3.8/site-packages/airflow/example_dags/example_task_group_decorator.py for tasks to queue
[2024-04-25T13:14:08.458+0000] {logging_mixin.py:154} INFO - [2024-04-25T13:14:08.457+0000] {dagbag.py:536} INFO - Filling up the DagBag from /home/airflow/.local/lib/python3.8/site-packages/airflow/example_dags/example_task_group_decorator.py
[2024-04-25T13:14:08.480+0000] {processor.py:839} INFO - DAG(s) dict_keys(['example_task_group_decorator']) retrieved from /home/airflow/.local/lib/python3.8/site-packages/airflow/example_dags/example_task_group_decorator.py
[2024-04-25T13:14:08.517+0000] {logging_mixin.py:154} INFO - [2024-04-25T13:14:08.516+0000] {dag.py:2941} INFO - Sync 1 DAGs
[2024-04-25T13:14:08.547+0000] {logging_mixin.py:154} INFO - [2024-04-25T13:14:08.546+0000] {dag.py:3722} INFO - Setting next_dagrun for example_task_group_decorator to 2024-04-24T13:14:08.546489+00:00, run_after=2024-04-25T13:14:08.546489+00:00
[2024-04-25T13:14:08.574+0000] {processor.py:179} INFO - Processing /home/airflow/.local/lib/python3.8/site-packages/airflow/example_dags/example_task_group_decorator.py took 0.125 seconds
[2024-04-25T13:14:38.974+0000] {processor.py:157} INFO - Started process (PID=2296) to work on /home/airflow/.local/lib/python3.8/site-packages/airflow/example_dags/example_task_group_decorator.py
[2024-04-25T13:14:38.975+0000] {processor.py:829} INFO - Processing file /home/airflow/.local/lib/python3.8/site-packages/airflow/example_dags/example_task_group_decorator.py for tasks to queue
[2024-04-25T13:14:38.977+0000] {logging_mixin.py:154} INFO - [2024-04-25T13:14:38.976+0000] {dagbag.py:536} INFO - Filling up the DagBag from /home/airflow/.local/lib/python3.8/site-packages/airflow/example_dags/example_task_group_decorator.py
[2024-04-25T13:14:39.016+0000] {processor.py:839} INFO - DAG(s) dict_keys(['example_task_group_decorator']) retrieved from /home/airflow/.local/lib/python3.8/site-packages/airflow/example_dags/example_task_group_decorator.py
[2024-04-25T13:14:39.055+0000] {logging_mixin.py:154} INFO - [2024-04-25T13:14:39.055+0000] {dag.py:2941} INFO - Sync 1 DAGs
[2024-04-25T13:14:39.086+0000] {logging_mixin.py:154} INFO - [2024-04-25T13:14:39.086+0000] {dag.py:3722} INFO - Setting next_dagrun for example_task_group_decorator to 2024-04-24T13:14:39.086280+00:00, run_after=2024-04-25T13:14:39.086280+00:00
[2024-04-25T13:14:39.112+0000] {processor.py:179} INFO - Processing /home/airflow/.local/lib/python3.8/site-packages/airflow/example_dags/example_task_group_decorator.py took 0.146 seconds
[2024-04-25T13:15:09.403+0000] {processor.py:157} INFO - Started process (PID=2537) to work on /home/airflow/.local/lib/python3.8/site-packages/airflow/example_dags/example_task_group_decorator.py
[2024-04-25T13:15:09.405+0000] {processor.py:829} INFO - Processing file /home/airflow/.local/lib/python3.8/site-packages/airflow/example_dags/example_task_group_decorator.py for tasks to queue
[2024-04-25T13:15:09.407+0000] {logging_mixin.py:154} INFO - [2024-04-25T13:15:09.406+0000] {dagbag.py:536} INFO - Filling up the DagBag from /home/airflow/.local/lib/python3.8/site-packages/airflow/example_dags/example_task_group_decorator.py
[2024-04-25T13:15:09.431+0000] {processor.py:839} INFO - DAG(s) dict_keys(['example_task_group_decorator']) retrieved from /home/airflow/.local/lib/python3.8/site-packages/airflow/example_dags/example_task_group_decorator.py
[2024-04-25T13:15:09.479+0000] {logging_mixin.py:154} INFO - [2024-04-25T13:15:09.479+0000] {dag.py:2941} INFO - Sync 1 DAGs
[2024-04-25T13:15:09.518+0000] {logging_mixin.py:154} INFO - [2024-04-25T13:15:09.517+0000] {dag.py:3722} INFO - Setting next_dagrun for example_task_group_decorator to 2024-04-24T13:15:09.517441+00:00, run_after=2024-04-25T13:15:09.517441+00:00
[2024-04-25T13:15:09.542+0000] {processor.py:179} INFO - Processing /home/airflow/.local/lib/python3.8/site-packages/airflow/example_dags/example_task_group_decorator.py took 0.147 seconds
[2024-04-25T13:15:40.947+0000] {processor.py:157} INFO - Started process (PID=2780) to work on /home/airflow/.local/lib/python3.8/site-packages/airflow/example_dags/example_task_group_decorator.py
[2024-04-25T13:15:40.948+0000] {processor.py:829} INFO - Processing file /home/airflow/.local/lib/python3.8/site-packages/airflow/example_dags/example_task_group_decorator.py for tasks to queue
[2024-04-25T13:15:40.950+0000] {logging_mixin.py:154} INFO - [2024-04-25T13:15:40.949+0000] {dagbag.py:536} INFO - Filling up the DagBag from /home/airflow/.local/lib/python3.8/site-packages/airflow/example_dags/example_task_group_decorator.py
[2024-04-25T13:15:40.976+0000] {processor.py:839} INFO - DAG(s) dict_keys(['example_task_group_decorator']) retrieved from /home/airflow/.local/lib/python3.8/site-packages/airflow/example_dags/example_task_group_decorator.py
[2024-04-25T13:15:41.013+0000] {logging_mixin.py:154} INFO - [2024-04-25T13:15:41.013+0000] {dag.py:2941} INFO - Sync 1 DAGs
[2024-04-25T13:15:41.048+0000] {logging_mixin.py:154} INFO - [2024-04-25T13:15:41.047+0000] {dag.py:3722} INFO - Setting next_dagrun for example_task_group_decorator to 2024-04-24T13:15:41.047411+00:00, run_after=2024-04-25T13:15:41.047411+00:00
[2024-04-25T13:15:41.077+0000] {processor.py:179} INFO - Processing /home/airflow/.local/lib/python3.8/site-packages/airflow/example_dags/example_task_group_decorator.py took 0.136 seconds
[2024-04-25T13:16:11.860+0000] {processor.py:157} INFO - Started process (PID=3023) to work on /home/airflow/.local/lib/python3.8/site-packages/airflow/example_dags/example_task_group_decorator.py
[2024-04-25T13:16:11.863+0000] {processor.py:829} INFO - Processing file /home/airflow/.local/lib/python3.8/site-packages/airflow/example_dags/example_task_group_decorator.py for tasks to queue
[2024-04-25T13:16:11.864+0000] {logging_mixin.py:154} INFO - [2024-04-25T13:16:11.863+0000] {dagbag.py:536} INFO - Filling up the DagBag from /home/airflow/.local/lib/python3.8/site-packages/airflow/example_dags/example_task_group_decorator.py
[2024-04-25T13:16:11.890+0000] {processor.py:839} INFO - DAG(s) dict_keys(['example_task_group_decorator']) retrieved from /home/airflow/.local/lib/python3.8/site-packages/airflow/example_dags/example_task_group_decorator.py
[2024-04-25T13:16:11.927+0000] {logging_mixin.py:154} INFO - [2024-04-25T13:16:11.927+0000] {dag.py:2941} INFO - Sync 1 DAGs
[2024-04-25T13:16:11.958+0000] {logging_mixin.py:154} INFO - [2024-04-25T13:16:11.958+0000] {dag.py:3722} INFO - Setting next_dagrun for example_task_group_decorator to 2024-04-24T13:16:11.958094+00:00, run_after=2024-04-25T13:16:11.958094+00:00
[2024-04-25T13:16:11.993+0000] {processor.py:179} INFO - Processing /home/airflow/.local/lib/python3.8/site-packages/airflow/example_dags/example_task_group_decorator.py took 0.139 seconds
[2024-04-25T13:16:43.041+0000] {processor.py:157} INFO - Started process (PID=3267) to work on /home/airflow/.local/lib/python3.8/site-packages/airflow/example_dags/example_task_group_decorator.py
[2024-04-25T13:16:43.044+0000] {processor.py:829} INFO - Processing file /home/airflow/.local/lib/python3.8/site-packages/airflow/example_dags/example_task_group_decorator.py for tasks to queue
[2024-04-25T13:16:43.046+0000] {logging_mixin.py:154} INFO - [2024-04-25T13:16:43.045+0000] {dagbag.py:536} INFO - Filling up the DagBag from /home/airflow/.local/lib/python3.8/site-packages/airflow/example_dags/example_task_group_decorator.py
[2024-04-25T13:16:43.069+0000] {processor.py:839} INFO - DAG(s) dict_keys(['example_task_group_decorator']) retrieved from /home/airflow/.local/lib/python3.8/site-packages/airflow/example_dags/example_task_group_decorator.py
[2024-04-25T13:16:43.107+0000] {logging_mixin.py:154} INFO - [2024-04-25T13:16:43.107+0000] {dag.py:2941} INFO - Sync 1 DAGs
[2024-04-25T13:16:43.150+0000] {logging_mixin.py:154} INFO - [2024-04-25T13:16:43.150+0000] {dag.py:3722} INFO - Setting next_dagrun for example_task_group_decorator to 2024-04-24T13:16:43.149936+00:00, run_after=2024-04-25T13:16:43.149936+00:00
[2024-04-25T13:16:43.175+0000] {processor.py:179} INFO - Processing /home/airflow/.local/lib/python3.8/site-packages/airflow/example_dags/example_task_group_decorator.py took 0.143 seconds
[2024-04-25T13:17:13.850+0000] {processor.py:157} INFO - Started process (PID=3510) to work on /home/airflow/.local/lib/python3.8/site-packages/airflow/example_dags/example_task_group_decorator.py
[2024-04-25T13:17:13.852+0000] {processor.py:829} INFO - Processing file /home/airflow/.local/lib/python3.8/site-packages/airflow/example_dags/example_task_group_decorator.py for tasks to queue
[2024-04-25T13:17:13.854+0000] {logging_mixin.py:154} INFO - [2024-04-25T13:17:13.853+0000] {dagbag.py:536} INFO - Filling up the DagBag from /home/airflow/.local/lib/python3.8/site-packages/airflow/example_dags/example_task_group_decorator.py
[2024-04-25T13:17:13.894+0000] {processor.py:839} INFO - DAG(s) dict_keys(['example_task_group_decorator']) retrieved from /home/airflow/.local/lib/python3.8/site-packages/airflow/example_dags/example_task_group_decorator.py
[2024-04-25T13:17:13.937+0000] {logging_mixin.py:154} INFO - [2024-04-25T13:17:13.936+0000] {dag.py:2941} INFO - Sync 1 DAGs
[2024-04-25T13:17:13.980+0000] {logging_mixin.py:154} INFO - [2024-04-25T13:17:13.980+0000] {dag.py:3722} INFO - Setting next_dagrun for example_task_group_decorator to 2024-04-24T13:17:13.979619+00:00, run_after=2024-04-25T13:17:13.979619+00:00
[2024-04-25T13:17:14.005+0000] {processor.py:179} INFO - Processing /home/airflow/.local/lib/python3.8/site-packages/airflow/example_dags/example_task_group_decorator.py took 0.162 seconds
[2024-04-25T13:17:44.355+0000] {processor.py:157} INFO - Started process (PID=3753) to work on /home/airflow/.local/lib/python3.8/site-packages/airflow/example_dags/example_task_group_decorator.py
[2024-04-25T13:17:44.357+0000] {processor.py:829} INFO - Processing file /home/airflow/.local/lib/python3.8/site-packages/airflow/example_dags/example_task_group_decorator.py for tasks to queue
[2024-04-25T13:17:44.359+0000] {logging_mixin.py:154} INFO - [2024-04-25T13:17:44.359+0000] {dagbag.py:536} INFO - Filling up the DagBag from /home/airflow/.local/lib/python3.8/site-packages/airflow/example_dags/example_task_group_decorator.py
[2024-04-25T13:17:44.384+0000] {processor.py:839} INFO - DAG(s) dict_keys(['example_task_group_decorator']) retrieved from /home/airflow/.local/lib/python3.8/site-packages/airflow/example_dags/example_task_group_decorator.py
[2024-04-25T13:17:44.430+0000] {logging_mixin.py:154} INFO - [2024-04-25T13:17:44.429+0000] {dag.py:2941} INFO - Sync 1 DAGs
[2024-04-25T13:17:44.466+0000] {logging_mixin.py:154} INFO - [2024-04-25T13:17:44.465+0000] {dag.py:3722} INFO - Setting next_dagrun for example_task_group_decorator to 2024-04-24T13:17:44.465571+00:00, run_after=2024-04-25T13:17:44.465571+00:00
[2024-04-25T13:17:44.493+0000] {processor.py:179} INFO - Processing /home/airflow/.local/lib/python3.8/site-packages/airflow/example_dags/example_task_group_decorator.py took 0.145 seconds
[2024-04-25T13:18:15.408+0000] {processor.py:157} INFO - Started process (PID=3997) to work on /home/airflow/.local/lib/python3.8/site-packages/airflow/example_dags/example_task_group_decorator.py
[2024-04-25T13:18:15.410+0000] {processor.py:829} INFO - Processing file /home/airflow/.local/lib/python3.8/site-packages/airflow/example_dags/example_task_group_decorator.py for tasks to queue
[2024-04-25T13:18:15.412+0000] {logging_mixin.py:154} INFO - [2024-04-25T13:18:15.411+0000] {dagbag.py:536} INFO - Filling up the DagBag from /home/airflow/.local/lib/python3.8/site-packages/airflow/example_dags/example_task_group_decorator.py
[2024-04-25T13:18:15.438+0000] {processor.py:839} INFO - DAG(s) dict_keys(['example_task_group_decorator']) retrieved from /home/airflow/.local/lib/python3.8/site-packages/airflow/example_dags/example_task_group_decorator.py
[2024-04-25T13:18:15.472+0000] {logging_mixin.py:154} INFO - [2024-04-25T13:18:15.472+0000] {dag.py:2941} INFO - Sync 1 DAGs
[2024-04-25T13:18:15.503+0000] {logging_mixin.py:154} INFO - [2024-04-25T13:18:15.503+0000] {dag.py:3722} INFO - Setting next_dagrun for example_task_group_decorator to 2024-04-24T13:18:15.502986+00:00, run_after=2024-04-25T13:18:15.502986+00:00
[2024-04-25T13:18:15.530+0000] {processor.py:179} INFO - Processing /home/airflow/.local/lib/python3.8/site-packages/airflow/example_dags/example_task_group_decorator.py took 0.129 seconds
[2024-04-25T13:18:46.485+0000] {processor.py:157} INFO - Started process (PID=4248) to work on /home/airflow/.local/lib/python3.8/site-packages/airflow/example_dags/example_task_group_decorator.py
[2024-04-25T13:18:46.488+0000] {processor.py:829} INFO - Processing file /home/airflow/.local/lib/python3.8/site-packages/airflow/example_dags/example_task_group_decorator.py for tasks to queue
[2024-04-25T13:18:46.489+0000] {logging_mixin.py:154} INFO - [2024-04-25T13:18:46.489+0000] {dagbag.py:536} INFO - Filling up the DagBag from /home/airflow/.local/lib/python3.8/site-packages/airflow/example_dags/example_task_group_decorator.py
[2024-04-25T13:18:46.514+0000] {processor.py:839} INFO - DAG(s) dict_keys(['example_task_group_decorator']) retrieved from /home/airflow/.local/lib/python3.8/site-packages/airflow/example_dags/example_task_group_decorator.py
[2024-04-25T13:18:46.550+0000] {logging_mixin.py:154} INFO - [2024-04-25T13:18:46.550+0000] {dag.py:2941} INFO - Sync 1 DAGs
[2024-04-25T13:18:46.582+0000] {logging_mixin.py:154} INFO - [2024-04-25T13:18:46.582+0000] {dag.py:3722} INFO - Setting next_dagrun for example_task_group_decorator to 2024-04-24T13:18:46.581741+00:00, run_after=2024-04-25T13:18:46.581741+00:00
[2024-04-25T13:18:46.606+0000] {processor.py:179} INFO - Processing /home/airflow/.local/lib/python3.8/site-packages/airflow/example_dags/example_task_group_decorator.py took 0.126 seconds
[2024-04-25T13:27:16.788+0000] {processor.py:157} INFO - Started process (PID=338) to work on /home/airflow/.local/lib/python3.8/site-packages/airflow/example_dags/example_task_group_decorator.py
[2024-04-25T13:27:16.791+0000] {processor.py:829} INFO - Processing file /home/airflow/.local/lib/python3.8/site-packages/airflow/example_dags/example_task_group_decorator.py for tasks to queue
[2024-04-25T13:27:16.793+0000] {logging_mixin.py:154} INFO - [2024-04-25T13:27:16.792+0000] {dagbag.py:536} INFO - Filling up the DagBag from /home/airflow/.local/lib/python3.8/site-packages/airflow/example_dags/example_task_group_decorator.py
[2024-04-25T13:27:16.827+0000] {processor.py:839} INFO - DAG(s) dict_keys(['example_task_group_decorator']) retrieved from /home/airflow/.local/lib/python3.8/site-packages/airflow/example_dags/example_task_group_decorator.py
[2024-04-25T13:27:16.855+0000] {logging_mixin.py:154} INFO - [2024-04-25T13:27:16.855+0000] {dag.py:2941} INFO - Sync 1 DAGs
[2024-04-25T13:27:16.896+0000] {logging_mixin.py:154} INFO - [2024-04-25T13:27:16.896+0000] {dag.py:3722} INFO - Setting next_dagrun for example_task_group_decorator to 2024-04-24T13:27:16.896255+00:00, run_after=2024-04-25T13:27:16.896255+00:00
[2024-04-25T13:27:16.930+0000] {processor.py:179} INFO - Processing /home/airflow/.local/lib/python3.8/site-packages/airflow/example_dags/example_task_group_decorator.py took 0.150 seconds
[2024-04-25T13:27:47.465+0000] {processor.py:157} INFO - Started process (PID=583) to work on /home/airflow/.local/lib/python3.8/site-packages/airflow/example_dags/example_task_group_decorator.py
[2024-04-25T13:27:47.467+0000] {processor.py:829} INFO - Processing file /home/airflow/.local/lib/python3.8/site-packages/airflow/example_dags/example_task_group_decorator.py for tasks to queue
[2024-04-25T13:27:47.469+0000] {logging_mixin.py:154} INFO - [2024-04-25T13:27:47.468+0000] {dagbag.py:536} INFO - Filling up the DagBag from /home/airflow/.local/lib/python3.8/site-packages/airflow/example_dags/example_task_group_decorator.py
[2024-04-25T13:27:47.507+0000] {processor.py:839} INFO - DAG(s) dict_keys(['example_task_group_decorator']) retrieved from /home/airflow/.local/lib/python3.8/site-packages/airflow/example_dags/example_task_group_decorator.py
[2024-04-25T13:27:47.559+0000] {logging_mixin.py:154} INFO - [2024-04-25T13:27:47.559+0000] {dag.py:2941} INFO - Sync 1 DAGs
[2024-04-25T13:27:47.602+0000] {logging_mixin.py:154} INFO - [2024-04-25T13:27:47.601+0000] {dag.py:3722} INFO - Setting next_dagrun for example_task_group_decorator to 2024-04-24T13:27:47.601453+00:00, run_after=2024-04-25T13:27:47.601453+00:00
[2024-04-25T13:27:47.633+0000] {processor.py:179} INFO - Processing /home/airflow/.local/lib/python3.8/site-packages/airflow/example_dags/example_task_group_decorator.py took 0.177 seconds
[2024-04-25T13:28:17.839+0000] {processor.py:157} INFO - Started process (PID=826) to work on /home/airflow/.local/lib/python3.8/site-packages/airflow/example_dags/example_task_group_decorator.py
[2024-04-25T13:28:17.841+0000] {processor.py:829} INFO - Processing file /home/airflow/.local/lib/python3.8/site-packages/airflow/example_dags/example_task_group_decorator.py for tasks to queue
[2024-04-25T13:28:17.842+0000] {logging_mixin.py:154} INFO - [2024-04-25T13:28:17.842+0000] {dagbag.py:536} INFO - Filling up the DagBag from /home/airflow/.local/lib/python3.8/site-packages/airflow/example_dags/example_task_group_decorator.py
[2024-04-25T13:28:17.867+0000] {processor.py:839} INFO - DAG(s) dict_keys(['example_task_group_decorator']) retrieved from /home/airflow/.local/lib/python3.8/site-packages/airflow/example_dags/example_task_group_decorator.py
[2024-04-25T13:28:17.903+0000] {logging_mixin.py:154} INFO - [2024-04-25T13:28:17.903+0000] {dag.py:2941} INFO - Sync 1 DAGs
[2024-04-25T13:28:17.932+0000] {logging_mixin.py:154} INFO - [2024-04-25T13:28:17.932+0000] {dag.py:3722} INFO - Setting next_dagrun for example_task_group_decorator to 2024-04-24T13:28:17.932186+00:00, run_after=2024-04-25T13:28:17.932186+00:00
[2024-04-25T13:28:17.957+0000] {processor.py:179} INFO - Processing /home/airflow/.local/lib/python3.8/site-packages/airflow/example_dags/example_task_group_decorator.py took 0.126 seconds
[2024-04-25T13:28:49.082+0000] {processor.py:157} INFO - Started process (PID=1074) to work on /home/airflow/.local/lib/python3.8/site-packages/airflow/example_dags/example_task_group_decorator.py
[2024-04-25T13:28:49.085+0000] {processor.py:829} INFO - Processing file /home/airflow/.local/lib/python3.8/site-packages/airflow/example_dags/example_task_group_decorator.py for tasks to queue
[2024-04-25T13:28:49.086+0000] {logging_mixin.py:154} INFO - [2024-04-25T13:28:49.086+0000] {dagbag.py:536} INFO - Filling up the DagBag from /home/airflow/.local/lib/python3.8/site-packages/airflow/example_dags/example_task_group_decorator.py
[2024-04-25T13:28:49.113+0000] {processor.py:839} INFO - DAG(s) dict_keys(['example_task_group_decorator']) retrieved from /home/airflow/.local/lib/python3.8/site-packages/airflow/example_dags/example_task_group_decorator.py
[2024-04-25T13:28:49.167+0000] {logging_mixin.py:154} INFO - [2024-04-25T13:28:49.167+0000] {dag.py:2941} INFO - Sync 1 DAGs
[2024-04-25T13:28:49.212+0000] {logging_mixin.py:154} INFO - [2024-04-25T13:28:49.212+0000] {dag.py:3722} INFO - Setting next_dagrun for example_task_group_decorator to 2024-04-24T13:28:49.211693+00:00, run_after=2024-04-25T13:28:49.211693+00:00
[2024-04-25T13:28:49.243+0000] {processor.py:179} INFO - Processing /home/airflow/.local/lib/python3.8/site-packages/airflow/example_dags/example_task_group_decorator.py took 0.169 seconds
[2024-04-25T13:29:20.342+0000] {processor.py:157} INFO - Started process (PID=1320) to work on /home/airflow/.local/lib/python3.8/site-packages/airflow/example_dags/example_task_group_decorator.py
[2024-04-25T13:29:20.344+0000] {processor.py:829} INFO - Processing file /home/airflow/.local/lib/python3.8/site-packages/airflow/example_dags/example_task_group_decorator.py for tasks to queue
[2024-04-25T13:29:20.346+0000] {logging_mixin.py:154} INFO - [2024-04-25T13:29:20.345+0000] {dagbag.py:536} INFO - Filling up the DagBag from /home/airflow/.local/lib/python3.8/site-packages/airflow/example_dags/example_task_group_decorator.py
[2024-04-25T13:29:20.385+0000] {processor.py:839} INFO - DAG(s) dict_keys(['example_task_group_decorator']) retrieved from /home/airflow/.local/lib/python3.8/site-packages/airflow/example_dags/example_task_group_decorator.py
[2024-04-25T13:29:20.441+0000] {logging_mixin.py:154} INFO - [2024-04-25T13:29:20.441+0000] {dag.py:2941} INFO - Sync 1 DAGs
[2024-04-25T13:29:20.487+0000] {logging_mixin.py:154} INFO - [2024-04-25T13:29:20.486+0000] {dag.py:3722} INFO - Setting next_dagrun for example_task_group_decorator to 2024-04-24T13:29:20.486351+00:00, run_after=2024-04-25T13:29:20.486351+00:00
[2024-04-25T13:29:20.541+0000] {processor.py:179} INFO - Processing /home/airflow/.local/lib/python3.8/site-packages/airflow/example_dags/example_task_group_decorator.py took 0.207 seconds
[2024-04-25T13:29:50.604+0000] {processor.py:157} INFO - Started process (PID=1565) to work on /home/airflow/.local/lib/python3.8/site-packages/airflow/example_dags/example_task_group_decorator.py
[2024-04-25T13:29:50.606+0000] {processor.py:829} INFO - Processing file /home/airflow/.local/lib/python3.8/site-packages/airflow/example_dags/example_task_group_decorator.py for tasks to queue
[2024-04-25T13:29:50.607+0000] {logging_mixin.py:154} INFO - [2024-04-25T13:29:50.607+0000] {dagbag.py:536} INFO - Filling up the DagBag from /home/airflow/.local/lib/python3.8/site-packages/airflow/example_dags/example_task_group_decorator.py
[2024-04-25T13:29:50.631+0000] {processor.py:839} INFO - DAG(s) dict_keys(['example_task_group_decorator']) retrieved from /home/airflow/.local/lib/python3.8/site-packages/airflow/example_dags/example_task_group_decorator.py
[2024-04-25T13:29:50.674+0000] {logging_mixin.py:154} INFO - [2024-04-25T13:29:50.673+0000] {dag.py:2941} INFO - Sync 1 DAGs
[2024-04-25T13:29:50.706+0000] {logging_mixin.py:154} INFO - [2024-04-25T13:29:50.706+0000] {dag.py:3722} INFO - Setting next_dagrun for example_task_group_decorator to 2024-04-24T13:29:50.706087+00:00, run_after=2024-04-25T13:29:50.706087+00:00
[2024-04-25T13:29:50.734+0000] {processor.py:179} INFO - Processing /home/airflow/.local/lib/python3.8/site-packages/airflow/example_dags/example_task_group_decorator.py took 0.136 seconds
[2024-04-25T13:30:21.112+0000] {processor.py:157} INFO - Started process (PID=1806) to work on /home/airflow/.local/lib/python3.8/site-packages/airflow/example_dags/example_task_group_decorator.py
[2024-04-25T13:30:21.114+0000] {processor.py:829} INFO - Processing file /home/airflow/.local/lib/python3.8/site-packages/airflow/example_dags/example_task_group_decorator.py for tasks to queue
[2024-04-25T13:30:21.116+0000] {logging_mixin.py:154} INFO - [2024-04-25T13:30:21.115+0000] {dagbag.py:536} INFO - Filling up the DagBag from /home/airflow/.local/lib/python3.8/site-packages/airflow/example_dags/example_task_group_decorator.py
[2024-04-25T13:30:21.138+0000] {processor.py:839} INFO - DAG(s) dict_keys(['example_task_group_decorator']) retrieved from /home/airflow/.local/lib/python3.8/site-packages/airflow/example_dags/example_task_group_decorator.py
[2024-04-25T13:30:21.174+0000] {logging_mixin.py:154} INFO - [2024-04-25T13:30:21.173+0000] {dag.py:2941} INFO - Sync 1 DAGs
[2024-04-25T13:30:21.204+0000] {logging_mixin.py:154} INFO - [2024-04-25T13:30:21.204+0000] {dag.py:3722} INFO - Setting next_dagrun for example_task_group_decorator to 2024-04-24T13:30:21.204306+00:00, run_after=2024-04-25T13:30:21.204306+00:00
[2024-04-25T13:30:21.233+0000] {processor.py:179} INFO - Processing /home/airflow/.local/lib/python3.8/site-packages/airflow/example_dags/example_task_group_decorator.py took 0.129 seconds
[2024-04-25T13:30:51.797+0000] {processor.py:157} INFO - Started process (PID=2050) to work on /home/airflow/.local/lib/python3.8/site-packages/airflow/example_dags/example_task_group_decorator.py
[2024-04-25T13:30:51.798+0000] {processor.py:829} INFO - Processing file /home/airflow/.local/lib/python3.8/site-packages/airflow/example_dags/example_task_group_decorator.py for tasks to queue
[2024-04-25T13:30:51.800+0000] {logging_mixin.py:154} INFO - [2024-04-25T13:30:51.799+0000] {dagbag.py:536} INFO - Filling up the DagBag from /home/airflow/.local/lib/python3.8/site-packages/airflow/example_dags/example_task_group_decorator.py
[2024-04-25T13:30:51.824+0000] {processor.py:839} INFO - DAG(s) dict_keys(['example_task_group_decorator']) retrieved from /home/airflow/.local/lib/python3.8/site-packages/airflow/example_dags/example_task_group_decorator.py
[2024-04-25T13:30:51.859+0000] {logging_mixin.py:154} INFO - [2024-04-25T13:30:51.859+0000] {dag.py:2941} INFO - Sync 1 DAGs
[2024-04-25T13:30:51.889+0000] {logging_mixin.py:154} INFO - [2024-04-25T13:30:51.889+0000] {dag.py:3722} INFO - Setting next_dagrun for example_task_group_decorator to 2024-04-24T13:30:51.888842+00:00, run_after=2024-04-25T13:30:51.888842+00:00
[2024-04-25T13:30:51.917+0000] {processor.py:179} INFO - Processing /home/airflow/.local/lib/python3.8/site-packages/airflow/example_dags/example_task_group_decorator.py took 0.126 seconds
[2024-04-25T13:31:22.745+0000] {processor.py:157} INFO - Started process (PID=2295) to work on /home/airflow/.local/lib/python3.8/site-packages/airflow/example_dags/example_task_group_decorator.py
[2024-04-25T13:31:22.748+0000] {processor.py:829} INFO - Processing file /home/airflow/.local/lib/python3.8/site-packages/airflow/example_dags/example_task_group_decorator.py for tasks to queue
[2024-04-25T13:31:22.749+0000] {logging_mixin.py:154} INFO - [2024-04-25T13:31:22.749+0000] {dagbag.py:536} INFO - Filling up the DagBag from /home/airflow/.local/lib/python3.8/site-packages/airflow/example_dags/example_task_group_decorator.py
[2024-04-25T13:31:22.773+0000] {processor.py:839} INFO - DAG(s) dict_keys(['example_task_group_decorator']) retrieved from /home/airflow/.local/lib/python3.8/site-packages/airflow/example_dags/example_task_group_decorator.py
[2024-04-25T13:31:22.809+0000] {logging_mixin.py:154} INFO - [2024-04-25T13:31:22.809+0000] {dag.py:2941} INFO - Sync 1 DAGs
[2024-04-25T13:31:22.839+0000] {logging_mixin.py:154} INFO - [2024-04-25T13:31:22.839+0000] {dag.py:3722} INFO - Setting next_dagrun for example_task_group_decorator to 2024-04-24T13:31:22.839144+00:00, run_after=2024-04-25T13:31:22.839144+00:00
[2024-04-25T13:31:22.864+0000] {processor.py:179} INFO - Processing /home/airflow/.local/lib/python3.8/site-packages/airflow/example_dags/example_task_group_decorator.py took 0.124 seconds
[2024-04-25T13:31:53.147+0000] {processor.py:157} INFO - Started process (PID=2536) to work on /home/airflow/.local/lib/python3.8/site-packages/airflow/example_dags/example_task_group_decorator.py
[2024-04-25T13:31:53.148+0000] {processor.py:829} INFO - Processing file /home/airflow/.local/lib/python3.8/site-packages/airflow/example_dags/example_task_group_decorator.py for tasks to queue
[2024-04-25T13:31:53.149+0000] {logging_mixin.py:154} INFO - [2024-04-25T13:31:53.149+0000] {dagbag.py:536} INFO - Filling up the DagBag from /home/airflow/.local/lib/python3.8/site-packages/airflow/example_dags/example_task_group_decorator.py
[2024-04-25T13:31:53.170+0000] {processor.py:839} INFO - DAG(s) dict_keys(['example_task_group_decorator']) retrieved from /home/airflow/.local/lib/python3.8/site-packages/airflow/example_dags/example_task_group_decorator.py
[2024-04-25T13:31:53.208+0000] {logging_mixin.py:154} INFO - [2024-04-25T13:31:53.207+0000] {dag.py:2941} INFO - Sync 1 DAGs
[2024-04-25T13:31:53.240+0000] {logging_mixin.py:154} INFO - [2024-04-25T13:31:53.240+0000] {dag.py:3722} INFO - Setting next_dagrun for example_task_group_decorator to 2024-04-24T13:31:53.239728+00:00, run_after=2024-04-25T13:31:53.239728+00:00
[2024-04-25T13:31:53.272+0000] {processor.py:179} INFO - Processing /home/airflow/.local/lib/python3.8/site-packages/airflow/example_dags/example_task_group_decorator.py took 0.133 seconds
[2024-04-25T13:32:23.623+0000] {processor.py:157} INFO - Started process (PID=2779) to work on /home/airflow/.local/lib/python3.8/site-packages/airflow/example_dags/example_task_group_decorator.py
[2024-04-25T13:32:23.626+0000] {processor.py:829} INFO - Processing file /home/airflow/.local/lib/python3.8/site-packages/airflow/example_dags/example_task_group_decorator.py for tasks to queue
[2024-04-25T13:32:23.627+0000] {logging_mixin.py:154} INFO - [2024-04-25T13:32:23.626+0000] {dagbag.py:536} INFO - Filling up the DagBag from /home/airflow/.local/lib/python3.8/site-packages/airflow/example_dags/example_task_group_decorator.py
[2024-04-25T13:32:23.653+0000] {processor.py:839} INFO - DAG(s) dict_keys(['example_task_group_decorator']) retrieved from /home/airflow/.local/lib/python3.8/site-packages/airflow/example_dags/example_task_group_decorator.py
[2024-04-25T13:32:23.693+0000] {logging_mixin.py:154} INFO - [2024-04-25T13:32:23.693+0000] {dag.py:2941} INFO - Sync 1 DAGs
[2024-04-25T13:32:23.730+0000] {logging_mixin.py:154} INFO - [2024-04-25T13:32:23.730+0000] {dag.py:3722} INFO - Setting next_dagrun for example_task_group_decorator to 2024-04-24T13:32:23.729555+00:00, run_after=2024-04-25T13:32:23.729555+00:00
[2024-04-25T13:32:23.761+0000] {processor.py:179} INFO - Processing /home/airflow/.local/lib/python3.8/site-packages/airflow/example_dags/example_task_group_decorator.py took 0.145 seconds
[2024-04-25T13:32:54.711+0000] {processor.py:157} INFO - Started process (PID=3028) to work on /home/airflow/.local/lib/python3.8/site-packages/airflow/example_dags/example_task_group_decorator.py
[2024-04-25T13:32:54.712+0000] {processor.py:829} INFO - Processing file /home/airflow/.local/lib/python3.8/site-packages/airflow/example_dags/example_task_group_decorator.py for tasks to queue
[2024-04-25T13:32:54.714+0000] {logging_mixin.py:154} INFO - [2024-04-25T13:32:54.713+0000] {dagbag.py:536} INFO - Filling up the DagBag from /home/airflow/.local/lib/python3.8/site-packages/airflow/example_dags/example_task_group_decorator.py
[2024-04-25T13:32:54.738+0000] {processor.py:839} INFO - DAG(s) dict_keys(['example_task_group_decorator']) retrieved from /home/airflow/.local/lib/python3.8/site-packages/airflow/example_dags/example_task_group_decorator.py
[2024-04-25T13:32:54.784+0000] {logging_mixin.py:154} INFO - [2024-04-25T13:32:54.783+0000] {dag.py:2941} INFO - Sync 1 DAGs
[2024-04-25T13:32:54.827+0000] {logging_mixin.py:154} INFO - [2024-04-25T13:32:54.827+0000] {dag.py:3722} INFO - Setting next_dagrun for example_task_group_decorator to 2024-04-24T13:32:54.827094+00:00, run_after=2024-04-25T13:32:54.827094+00:00
[2024-04-25T13:32:54.889+0000] {processor.py:179} INFO - Processing /home/airflow/.local/lib/python3.8/site-packages/airflow/example_dags/example_task_group_decorator.py took 0.185 seconds
[2024-04-25T13:33:25.989+0000] {processor.py:157} INFO - Started process (PID=3275) to work on /home/airflow/.local/lib/python3.8/site-packages/airflow/example_dags/example_task_group_decorator.py
[2024-04-25T13:33:25.996+0000] {processor.py:829} INFO - Processing file /home/airflow/.local/lib/python3.8/site-packages/airflow/example_dags/example_task_group_decorator.py for tasks to queue
[2024-04-25T13:33:25.998+0000] {logging_mixin.py:154} INFO - [2024-04-25T13:33:25.997+0000] {dagbag.py:536} INFO - Filling up the DagBag from /home/airflow/.local/lib/python3.8/site-packages/airflow/example_dags/example_task_group_decorator.py
[2024-04-25T13:33:26.033+0000] {processor.py:839} INFO - DAG(s) dict_keys(['example_task_group_decorator']) retrieved from /home/airflow/.local/lib/python3.8/site-packages/airflow/example_dags/example_task_group_decorator.py
[2024-04-25T13:33:26.092+0000] {logging_mixin.py:154} INFO - [2024-04-25T13:33:26.092+0000] {dag.py:2941} INFO - Sync 1 DAGs
[2024-04-25T13:33:26.141+0000] {logging_mixin.py:154} INFO - [2024-04-25T13:33:26.141+0000] {dag.py:3722} INFO - Setting next_dagrun for example_task_group_decorator to 2024-04-24T13:33:26.140877+00:00, run_after=2024-04-25T13:33:26.140877+00:00
[2024-04-25T13:33:26.176+0000] {processor.py:179} INFO - Processing /home/airflow/.local/lib/python3.8/site-packages/airflow/example_dags/example_task_group_decorator.py took 0.195 seconds
[2024-04-25T13:34:01.299+0000] {processor.py:157} INFO - Started process (PID=3529) to work on /home/airflow/.local/lib/python3.8/site-packages/airflow/example_dags/example_task_group_decorator.py
[2024-04-25T13:34:01.304+0000] {processor.py:829} INFO - Processing file /home/airflow/.local/lib/python3.8/site-packages/airflow/example_dags/example_task_group_decorator.py for tasks to queue
[2024-04-25T13:34:01.309+0000] {logging_mixin.py:154} INFO - [2024-04-25T13:34:01.307+0000] {dagbag.py:536} INFO - Filling up the DagBag from /home/airflow/.local/lib/python3.8/site-packages/airflow/example_dags/example_task_group_decorator.py
[2024-04-25T13:34:01.380+0000] {processor.py:839} INFO - DAG(s) dict_keys(['example_task_group_decorator']) retrieved from /home/airflow/.local/lib/python3.8/site-packages/airflow/example_dags/example_task_group_decorator.py
[2024-04-25T13:34:01.453+0000] {logging_mixin.py:154} INFO - [2024-04-25T13:34:01.452+0000] {dag.py:2941} INFO - Sync 1 DAGs
[2024-04-25T13:34:01.516+0000] {logging_mixin.py:154} INFO - [2024-04-25T13:34:01.516+0000] {dag.py:3722} INFO - Setting next_dagrun for example_task_group_decorator to 2024-04-24T13:34:01.514738+00:00, run_after=2024-04-25T13:34:01.514738+00:00
[2024-04-25T13:34:01.566+0000] {processor.py:179} INFO - Processing /home/airflow/.local/lib/python3.8/site-packages/airflow/example_dags/example_task_group_decorator.py took 0.288 seconds
[2024-04-25T13:34:31.986+0000] {processor.py:157} INFO - Started process (PID=3772) to work on /home/airflow/.local/lib/python3.8/site-packages/airflow/example_dags/example_task_group_decorator.py
[2024-04-25T13:34:31.989+0000] {processor.py:829} INFO - Processing file /home/airflow/.local/lib/python3.8/site-packages/airflow/example_dags/example_task_group_decorator.py for tasks to queue
[2024-04-25T13:34:31.990+0000] {logging_mixin.py:154} INFO - [2024-04-25T13:34:31.989+0000] {dagbag.py:536} INFO - Filling up the DagBag from /home/airflow/.local/lib/python3.8/site-packages/airflow/example_dags/example_task_group_decorator.py
[2024-04-25T13:34:32.012+0000] {processor.py:839} INFO - DAG(s) dict_keys(['example_task_group_decorator']) retrieved from /home/airflow/.local/lib/python3.8/site-packages/airflow/example_dags/example_task_group_decorator.py
[2024-04-25T13:34:32.049+0000] {logging_mixin.py:154} INFO - [2024-04-25T13:34:32.048+0000] {dag.py:2941} INFO - Sync 1 DAGs
[2024-04-25T13:34:32.080+0000] {logging_mixin.py:154} INFO - [2024-04-25T13:34:32.079+0000] {dag.py:3722} INFO - Setting next_dagrun for example_task_group_decorator to 2024-04-24T13:34:32.079476+00:00, run_after=2024-04-25T13:34:32.079476+00:00
[2024-04-25T13:34:32.111+0000] {processor.py:179} INFO - Processing /home/airflow/.local/lib/python3.8/site-packages/airflow/example_dags/example_task_group_decorator.py took 0.130 seconds
[2024-04-25T13:35:02.849+0000] {processor.py:157} INFO - Started process (PID=4016) to work on /home/airflow/.local/lib/python3.8/site-packages/airflow/example_dags/example_task_group_decorator.py
[2024-04-25T13:35:02.850+0000] {processor.py:829} INFO - Processing file /home/airflow/.local/lib/python3.8/site-packages/airflow/example_dags/example_task_group_decorator.py for tasks to queue
[2024-04-25T13:35:02.852+0000] {logging_mixin.py:154} INFO - [2024-04-25T13:35:02.851+0000] {dagbag.py:536} INFO - Filling up the DagBag from /home/airflow/.local/lib/python3.8/site-packages/airflow/example_dags/example_task_group_decorator.py
[2024-04-25T13:35:02.873+0000] {processor.py:839} INFO - DAG(s) dict_keys(['example_task_group_decorator']) retrieved from /home/airflow/.local/lib/python3.8/site-packages/airflow/example_dags/example_task_group_decorator.py
[2024-04-25T13:35:02.910+0000] {logging_mixin.py:154} INFO - [2024-04-25T13:35:02.909+0000] {dag.py:2941} INFO - Sync 1 DAGs
[2024-04-25T13:35:02.941+0000] {logging_mixin.py:154} INFO - [2024-04-25T13:35:02.941+0000] {dag.py:3722} INFO - Setting next_dagrun for example_task_group_decorator to 2024-04-24T13:35:02.940914+00:00, run_after=2024-04-25T13:35:02.940914+00:00
[2024-04-25T13:35:02.970+0000] {processor.py:179} INFO - Processing /home/airflow/.local/lib/python3.8/site-packages/airflow/example_dags/example_task_group_decorator.py took 0.126 seconds
[2024-04-25T13:35:33.174+0000] {processor.py:157} INFO - Started process (PID=4260) to work on /home/airflow/.local/lib/python3.8/site-packages/airflow/example_dags/example_task_group_decorator.py
[2024-04-25T13:35:33.176+0000] {processor.py:829} INFO - Processing file /home/airflow/.local/lib/python3.8/site-packages/airflow/example_dags/example_task_group_decorator.py for tasks to queue
[2024-04-25T13:35:33.177+0000] {logging_mixin.py:154} INFO - [2024-04-25T13:35:33.177+0000] {dagbag.py:536} INFO - Filling up the DagBag from /home/airflow/.local/lib/python3.8/site-packages/airflow/example_dags/example_task_group_decorator.py
[2024-04-25T13:35:33.200+0000] {processor.py:839} INFO - DAG(s) dict_keys(['example_task_group_decorator']) retrieved from /home/airflow/.local/lib/python3.8/site-packages/airflow/example_dags/example_task_group_decorator.py
[2024-04-25T13:35:33.241+0000] {logging_mixin.py:154} INFO - [2024-04-25T13:35:33.241+0000] {dag.py:2941} INFO - Sync 1 DAGs
[2024-04-25T13:35:33.273+0000] {logging_mixin.py:154} INFO - [2024-04-25T13:35:33.273+0000] {dag.py:3722} INFO - Setting next_dagrun for example_task_group_decorator to 2024-04-24T13:35:33.273157+00:00, run_after=2024-04-25T13:35:33.273157+00:00
[2024-04-25T13:35:33.302+0000] {processor.py:179} INFO - Processing /home/airflow/.local/lib/python3.8/site-packages/airflow/example_dags/example_task_group_decorator.py took 0.134 seconds
[2024-04-25T13:49:27.971+0000] {processor.py:157} INFO - Started process (PID=340) to work on /home/airflow/.local/lib/python3.8/site-packages/airflow/example_dags/example_task_group_decorator.py
[2024-04-25T13:49:27.974+0000] {processor.py:829} INFO - Processing file /home/airflow/.local/lib/python3.8/site-packages/airflow/example_dags/example_task_group_decorator.py for tasks to queue
[2024-04-25T13:49:27.975+0000] {logging_mixin.py:154} INFO - [2024-04-25T13:49:27.975+0000] {dagbag.py:536} INFO - Filling up the DagBag from /home/airflow/.local/lib/python3.8/site-packages/airflow/example_dags/example_task_group_decorator.py
[2024-04-25T13:49:28.000+0000] {processor.py:839} INFO - DAG(s) dict_keys(['example_task_group_decorator']) retrieved from /home/airflow/.local/lib/python3.8/site-packages/airflow/example_dags/example_task_group_decorator.py
[2024-04-25T13:49:28.023+0000] {logging_mixin.py:154} INFO - [2024-04-25T13:49:28.022+0000] {dag.py:2941} INFO - Sync 1 DAGs
[2024-04-25T13:49:28.059+0000] {logging_mixin.py:154} INFO - [2024-04-25T13:49:28.059+0000] {dag.py:3722} INFO - Setting next_dagrun for example_task_group_decorator to 2024-04-24T13:49:28.059069+00:00, run_after=2024-04-25T13:49:28.059069+00:00
[2024-04-25T13:49:28.089+0000] {processor.py:179} INFO - Processing /home/airflow/.local/lib/python3.8/site-packages/airflow/example_dags/example_task_group_decorator.py took 0.123 seconds
[2024-04-25T13:49:59.189+0000] {processor.py:157} INFO - Started process (PID=584) to work on /home/airflow/.local/lib/python3.8/site-packages/airflow/example_dags/example_task_group_decorator.py
[2024-04-25T13:49:59.191+0000] {processor.py:829} INFO - Processing file /home/airflow/.local/lib/python3.8/site-packages/airflow/example_dags/example_task_group_decorator.py for tasks to queue
[2024-04-25T13:49:59.192+0000] {logging_mixin.py:154} INFO - [2024-04-25T13:49:59.192+0000] {dagbag.py:536} INFO - Filling up the DagBag from /home/airflow/.local/lib/python3.8/site-packages/airflow/example_dags/example_task_group_decorator.py
[2024-04-25T13:49:59.220+0000] {processor.py:839} INFO - DAG(s) dict_keys(['example_task_group_decorator']) retrieved from /home/airflow/.local/lib/python3.8/site-packages/airflow/example_dags/example_task_group_decorator.py
[2024-04-25T13:49:59.258+0000] {logging_mixin.py:154} INFO - [2024-04-25T13:49:59.258+0000] {dag.py:2941} INFO - Sync 1 DAGs
[2024-04-25T13:49:59.288+0000] {logging_mixin.py:154} INFO - [2024-04-25T13:49:59.288+0000] {dag.py:3722} INFO - Setting next_dagrun for example_task_group_decorator to 2024-04-24T13:49:59.288194+00:00, run_after=2024-04-25T13:49:59.288194+00:00
[2024-04-25T13:49:59.316+0000] {processor.py:179} INFO - Processing /home/airflow/.local/lib/python3.8/site-packages/airflow/example_dags/example_task_group_decorator.py took 0.132 seconds
[2024-04-25T13:50:29.581+0000] {processor.py:157} INFO - Started process (PID=825) to work on /home/airflow/.local/lib/python3.8/site-packages/airflow/example_dags/example_task_group_decorator.py
[2024-04-25T13:50:29.583+0000] {processor.py:829} INFO - Processing file /home/airflow/.local/lib/python3.8/site-packages/airflow/example_dags/example_task_group_decorator.py for tasks to queue
[2024-04-25T13:50:29.584+0000] {logging_mixin.py:154} INFO - [2024-04-25T13:50:29.584+0000] {dagbag.py:536} INFO - Filling up the DagBag from /home/airflow/.local/lib/python3.8/site-packages/airflow/example_dags/example_task_group_decorator.py
[2024-04-25T13:50:29.617+0000] {processor.py:839} INFO - DAG(s) dict_keys(['example_task_group_decorator']) retrieved from /home/airflow/.local/lib/python3.8/site-packages/airflow/example_dags/example_task_group_decorator.py
[2024-04-25T13:50:29.667+0000] {logging_mixin.py:154} INFO - [2024-04-25T13:50:29.666+0000] {dag.py:2941} INFO - Sync 1 DAGs
[2024-04-25T13:50:29.705+0000] {logging_mixin.py:154} INFO - [2024-04-25T13:50:29.705+0000] {dag.py:3722} INFO - Setting next_dagrun for example_task_group_decorator to 2024-04-24T13:50:29.704685+00:00, run_after=2024-04-25T13:50:29.704685+00:00
[2024-04-25T13:50:29.741+0000] {processor.py:179} INFO - Processing /home/airflow/.local/lib/python3.8/site-packages/airflow/example_dags/example_task_group_decorator.py took 0.166 seconds
[2024-04-25T13:51:00.852+0000] {processor.py:157} INFO - Started process (PID=1070) to work on /home/airflow/.local/lib/python3.8/site-packages/airflow/example_dags/example_task_group_decorator.py
[2024-04-25T13:51:00.854+0000] {processor.py:829} INFO - Processing file /home/airflow/.local/lib/python3.8/site-packages/airflow/example_dags/example_task_group_decorator.py for tasks to queue
[2024-04-25T13:51:00.855+0000] {logging_mixin.py:154} INFO - [2024-04-25T13:51:00.855+0000] {dagbag.py:536} INFO - Filling up the DagBag from /home/airflow/.local/lib/python3.8/site-packages/airflow/example_dags/example_task_group_decorator.py
[2024-04-25T13:51:00.878+0000] {processor.py:839} INFO - DAG(s) dict_keys(['example_task_group_decorator']) retrieved from /home/airflow/.local/lib/python3.8/site-packages/airflow/example_dags/example_task_group_decorator.py
[2024-04-25T13:51:00.915+0000] {logging_mixin.py:154} INFO - [2024-04-25T13:51:00.915+0000] {dag.py:2941} INFO - Sync 1 DAGs
[2024-04-25T13:51:00.946+0000] {logging_mixin.py:154} INFO - [2024-04-25T13:51:00.946+0000] {dag.py:3722} INFO - Setting next_dagrun for example_task_group_decorator to 2024-04-24T13:51:00.945928+00:00, run_after=2024-04-25T13:51:00.945928+00:00
[2024-04-25T13:51:00.974+0000] {processor.py:179} INFO - Processing /home/airflow/.local/lib/python3.8/site-packages/airflow/example_dags/example_task_group_decorator.py took 0.128 seconds
[2024-04-25T13:51:31.349+0000] {processor.py:157} INFO - Started process (PID=1311) to work on /home/airflow/.local/lib/python3.8/site-packages/airflow/example_dags/example_task_group_decorator.py
[2024-04-25T13:51:31.350+0000] {processor.py:829} INFO - Processing file /home/airflow/.local/lib/python3.8/site-packages/airflow/example_dags/example_task_group_decorator.py for tasks to queue
[2024-04-25T13:51:31.352+0000] {logging_mixin.py:154} INFO - [2024-04-25T13:51:31.352+0000] {dagbag.py:536} INFO - Filling up the DagBag from /home/airflow/.local/lib/python3.8/site-packages/airflow/example_dags/example_task_group_decorator.py
[2024-04-25T13:51:31.387+0000] {processor.py:839} INFO - DAG(s) dict_keys(['example_task_group_decorator']) retrieved from /home/airflow/.local/lib/python3.8/site-packages/airflow/example_dags/example_task_group_decorator.py
[2024-04-25T13:51:31.424+0000] {logging_mixin.py:154} INFO - [2024-04-25T13:51:31.424+0000] {dag.py:2941} INFO - Sync 1 DAGs
[2024-04-25T13:51:31.457+0000] {logging_mixin.py:154} INFO - [2024-04-25T13:51:31.456+0000] {dag.py:3722} INFO - Setting next_dagrun for example_task_group_decorator to 2024-04-24T13:51:31.456533+00:00, run_after=2024-04-25T13:51:31.456533+00:00
[2024-04-25T13:51:31.482+0000] {processor.py:179} INFO - Processing /home/airflow/.local/lib/python3.8/site-packages/airflow/example_dags/example_task_group_decorator.py took 0.141 seconds
[2024-04-25T13:52:01.922+0000] {processor.py:157} INFO - Started process (PID=1554) to work on /home/airflow/.local/lib/python3.8/site-packages/airflow/example_dags/example_task_group_decorator.py
[2024-04-25T13:52:01.923+0000] {processor.py:829} INFO - Processing file /home/airflow/.local/lib/python3.8/site-packages/airflow/example_dags/example_task_group_decorator.py for tasks to queue
[2024-04-25T13:52:01.924+0000] {logging_mixin.py:154} INFO - [2024-04-25T13:52:01.923+0000] {dagbag.py:536} INFO - Filling up the DagBag from /home/airflow/.local/lib/python3.8/site-packages/airflow/example_dags/example_task_group_decorator.py
[2024-04-25T13:52:01.947+0000] {processor.py:839} INFO - DAG(s) dict_keys(['example_task_group_decorator']) retrieved from /home/airflow/.local/lib/python3.8/site-packages/airflow/example_dags/example_task_group_decorator.py
[2024-04-25T13:52:02.001+0000] {logging_mixin.py:154} INFO - [2024-04-25T13:52:02.000+0000] {dag.py:2941} INFO - Sync 1 DAGs
[2024-04-25T13:52:02.050+0000] {logging_mixin.py:154} INFO - [2024-04-25T13:52:02.050+0000] {dag.py:3722} INFO - Setting next_dagrun for example_task_group_decorator to 2024-04-24T13:52:02.049584+00:00, run_after=2024-04-25T13:52:02.049584+00:00
[2024-04-25T13:52:02.086+0000] {processor.py:179} INFO - Processing /home/airflow/.local/lib/python3.8/site-packages/airflow/example_dags/example_task_group_decorator.py took 0.172 seconds
[2024-04-25T13:52:33.173+0000] {processor.py:157} INFO - Started process (PID=1802) to work on /home/airflow/.local/lib/python3.8/site-packages/airflow/example_dags/example_task_group_decorator.py
[2024-04-25T13:52:33.175+0000] {processor.py:829} INFO - Processing file /home/airflow/.local/lib/python3.8/site-packages/airflow/example_dags/example_task_group_decorator.py for tasks to queue
[2024-04-25T13:52:33.176+0000] {logging_mixin.py:154} INFO - [2024-04-25T13:52:33.176+0000] {dagbag.py:536} INFO - Filling up the DagBag from /home/airflow/.local/lib/python3.8/site-packages/airflow/example_dags/example_task_group_decorator.py
[2024-04-25T13:52:33.202+0000] {processor.py:839} INFO - DAG(s) dict_keys(['example_task_group_decorator']) retrieved from /home/airflow/.local/lib/python3.8/site-packages/airflow/example_dags/example_task_group_decorator.py
[2024-04-25T13:52:33.258+0000] {logging_mixin.py:154} INFO - [2024-04-25T13:52:33.257+0000] {dag.py:2941} INFO - Sync 1 DAGs
[2024-04-25T13:52:33.301+0000] {logging_mixin.py:154} INFO - [2024-04-25T13:52:33.301+0000] {dag.py:3722} INFO - Setting next_dagrun for example_task_group_decorator to 2024-04-24T13:52:33.300742+00:00, run_after=2024-04-25T13:52:33.300742+00:00
[2024-04-25T13:52:33.336+0000] {processor.py:179} INFO - Processing /home/airflow/.local/lib/python3.8/site-packages/airflow/example_dags/example_task_group_decorator.py took 0.169 seconds
[2024-04-25T13:53:05.570+0000] {processor.py:157} INFO - Started process (PID=2049) to work on /home/airflow/.local/lib/python3.8/site-packages/airflow/example_dags/example_task_group_decorator.py
[2024-04-25T13:53:05.572+0000] {processor.py:829} INFO - Processing file /home/airflow/.local/lib/python3.8/site-packages/airflow/example_dags/example_task_group_decorator.py for tasks to queue
[2024-04-25T13:53:05.574+0000] {logging_mixin.py:154} INFO - [2024-04-25T13:53:05.573+0000] {dagbag.py:536} INFO - Filling up the DagBag from /home/airflow/.local/lib/python3.8/site-packages/airflow/example_dags/example_task_group_decorator.py
[2024-04-25T13:53:05.638+0000] {processor.py:839} INFO - DAG(s) dict_keys(['example_task_group_decorator']) retrieved from /home/airflow/.local/lib/python3.8/site-packages/airflow/example_dags/example_task_group_decorator.py
[2024-04-25T13:53:05.707+0000] {logging_mixin.py:154} INFO - [2024-04-25T13:53:05.706+0000] {dag.py:2941} INFO - Sync 1 DAGs
[2024-04-25T13:53:05.765+0000] {logging_mixin.py:154} INFO - [2024-04-25T13:53:05.765+0000] {dag.py:3722} INFO - Setting next_dagrun for example_task_group_decorator to 2024-04-24T13:53:05.764810+00:00, run_after=2024-04-25T13:53:05.764810+00:00
[2024-04-25T13:53:05.814+0000] {processor.py:179} INFO - Processing /home/airflow/.local/lib/python3.8/site-packages/airflow/example_dags/example_task_group_decorator.py took 0.254 seconds
[2024-04-25T13:53:36.681+0000] {processor.py:157} INFO - Started process (PID=2292) to work on /home/airflow/.local/lib/python3.8/site-packages/airflow/example_dags/example_task_group_decorator.py
[2024-04-25T13:53:36.683+0000] {processor.py:829} INFO - Processing file /home/airflow/.local/lib/python3.8/site-packages/airflow/example_dags/example_task_group_decorator.py for tasks to queue
[2024-04-25T13:53:36.684+0000] {logging_mixin.py:154} INFO - [2024-04-25T13:53:36.684+0000] {dagbag.py:536} INFO - Filling up the DagBag from /home/airflow/.local/lib/python3.8/site-packages/airflow/example_dags/example_task_group_decorator.py
[2024-04-25T13:53:36.706+0000] {processor.py:839} INFO - DAG(s) dict_keys(['example_task_group_decorator']) retrieved from /home/airflow/.local/lib/python3.8/site-packages/airflow/example_dags/example_task_group_decorator.py
[2024-04-25T13:53:36.743+0000] {logging_mixin.py:154} INFO - [2024-04-25T13:53:36.742+0000] {dag.py:2941} INFO - Sync 1 DAGs
[2024-04-25T13:53:36.780+0000] {logging_mixin.py:154} INFO - [2024-04-25T13:53:36.780+0000] {dag.py:3722} INFO - Setting next_dagrun for example_task_group_decorator to 2024-04-24T13:53:36.779659+00:00, run_after=2024-04-25T13:53:36.779659+00:00
[2024-04-25T13:53:36.805+0000] {processor.py:179} INFO - Processing /home/airflow/.local/lib/python3.8/site-packages/airflow/example_dags/example_task_group_decorator.py took 0.130 seconds
