[2024-04-25T12:37:58.148+0000] {processor.py:157} INFO - Started process (PID=183) to work on /home/airflow/.local/lib/python3.8/site-packages/airflow/example_dags/example_branch_labels.py
[2024-04-25T12:37:58.150+0000] {processor.py:829} INFO - Processing file /home/airflow/.local/lib/python3.8/site-packages/airflow/example_dags/example_branch_labels.py for tasks to queue
[2024-04-25T12:37:58.151+0000] {logging_mixin.py:154} INFO - [2024-04-25T12:37:58.151+0000] {dagbag.py:536} INFO - Filling up the DagBag from /home/airflow/.local/lib/python3.8/site-packages/airflow/example_dags/example_branch_labels.py
[2024-04-25T12:37:58.175+0000] {processor.py:839} INFO - DAG(s) dict_keys(['example_branch_labels']) retrieved from /home/airflow/.local/lib/python3.8/site-packages/airflow/example_dags/example_branch_labels.py
[2024-04-25T12:37:58.377+0000] {logging_mixin.py:154} INFO - [2024-04-25T12:37:58.376+0000] {manager.py:499} INFO - Created Permission View: %s
[2024-04-25T12:37:58.395+0000] {logging_mixin.py:154} INFO - [2024-04-25T12:37:58.395+0000] {manager.py:499} INFO - Created Permission View: %s
[2024-04-25T12:37:58.408+0000] {logging_mixin.py:154} INFO - [2024-04-25T12:37:58.408+0000] {manager.py:499} INFO - Created Permission View: %s
[2024-04-25T12:37:58.408+0000] {logging_mixin.py:154} INFO - [2024-04-25T12:37:58.408+0000] {dag.py:2941} INFO - Sync 1 DAGs
[2024-04-25T12:37:58.428+0000] {logging_mixin.py:154} INFO - [2024-04-25T12:37:58.428+0000] {dag.py:2963} INFO - Creating ORM DAG for example_branch_labels
[2024-04-25T12:37:58.450+0000] {logging_mixin.py:154} INFO - [2024-04-25T12:37:58.449+0000] {dag.py:3722} INFO - Setting next_dagrun for example_branch_labels to 2024-04-24T00:00:00+00:00, run_after=2024-04-25T00:00:00+00:00
[2024-04-25T12:37:58.483+0000] {processor.py:179} INFO - Processing /home/airflow/.local/lib/python3.8/site-packages/airflow/example_dags/example_branch_labels.py took 0.342 seconds
[2024-04-25T12:38:29.323+0000] {processor.py:157} INFO - Started process (PID=426) to work on /home/airflow/.local/lib/python3.8/site-packages/airflow/example_dags/example_branch_labels.py
[2024-04-25T12:38:29.324+0000] {processor.py:829} INFO - Processing file /home/airflow/.local/lib/python3.8/site-packages/airflow/example_dags/example_branch_labels.py for tasks to queue
[2024-04-25T12:38:29.325+0000] {logging_mixin.py:154} INFO - [2024-04-25T12:38:29.325+0000] {dagbag.py:536} INFO - Filling up the DagBag from /home/airflow/.local/lib/python3.8/site-packages/airflow/example_dags/example_branch_labels.py
[2024-04-25T12:38:29.339+0000] {processor.py:839} INFO - DAG(s) dict_keys(['example_branch_labels']) retrieved from /home/airflow/.local/lib/python3.8/site-packages/airflow/example_dags/example_branch_labels.py
[2024-04-25T12:38:29.374+0000] {logging_mixin.py:154} INFO - [2024-04-25T12:38:29.374+0000] {dag.py:2941} INFO - Sync 1 DAGs
[2024-04-25T12:38:29.411+0000] {logging_mixin.py:154} INFO - [2024-04-25T12:38:29.410+0000] {dag.py:3722} INFO - Setting next_dagrun for example_branch_labels to 2024-04-24T00:00:00+00:00, run_after=2024-04-25T00:00:00+00:00
[2024-04-25T12:38:29.446+0000] {processor.py:179} INFO - Processing /home/airflow/.local/lib/python3.8/site-packages/airflow/example_dags/example_branch_labels.py took 0.128 seconds
[2024-04-25T12:38:59.752+0000] {processor.py:157} INFO - Started process (PID=670) to work on /home/airflow/.local/lib/python3.8/site-packages/airflow/example_dags/example_branch_labels.py
[2024-04-25T12:38:59.754+0000] {processor.py:829} INFO - Processing file /home/airflow/.local/lib/python3.8/site-packages/airflow/example_dags/example_branch_labels.py for tasks to queue
[2024-04-25T12:38:59.756+0000] {logging_mixin.py:154} INFO - [2024-04-25T12:38:59.755+0000] {dagbag.py:536} INFO - Filling up the DagBag from /home/airflow/.local/lib/python3.8/site-packages/airflow/example_dags/example_branch_labels.py
[2024-04-25T12:38:59.768+0000] {processor.py:839} INFO - DAG(s) dict_keys(['example_branch_labels']) retrieved from /home/airflow/.local/lib/python3.8/site-packages/airflow/example_dags/example_branch_labels.py
[2024-04-25T12:38:59.806+0000] {logging_mixin.py:154} INFO - [2024-04-25T12:38:59.806+0000] {dag.py:2941} INFO - Sync 1 DAGs
[2024-04-25T12:38:59.842+0000] {logging_mixin.py:154} INFO - [2024-04-25T12:38:59.842+0000] {dag.py:3722} INFO - Setting next_dagrun for example_branch_labels to 2024-04-24T00:00:00+00:00, run_after=2024-04-25T00:00:00+00:00
[2024-04-25T12:38:59.872+0000] {processor.py:179} INFO - Processing /home/airflow/.local/lib/python3.8/site-packages/airflow/example_dags/example_branch_labels.py took 0.126 seconds
[2024-04-25T12:39:30.101+0000] {processor.py:157} INFO - Started process (PID=913) to work on /home/airflow/.local/lib/python3.8/site-packages/airflow/example_dags/example_branch_labels.py
[2024-04-25T12:39:30.102+0000] {processor.py:829} INFO - Processing file /home/airflow/.local/lib/python3.8/site-packages/airflow/example_dags/example_branch_labels.py for tasks to queue
[2024-04-25T12:39:30.103+0000] {logging_mixin.py:154} INFO - [2024-04-25T12:39:30.103+0000] {dagbag.py:536} INFO - Filling up the DagBag from /home/airflow/.local/lib/python3.8/site-packages/airflow/example_dags/example_branch_labels.py
[2024-04-25T12:39:30.116+0000] {processor.py:839} INFO - DAG(s) dict_keys(['example_branch_labels']) retrieved from /home/airflow/.local/lib/python3.8/site-packages/airflow/example_dags/example_branch_labels.py
[2024-04-25T12:39:30.152+0000] {logging_mixin.py:154} INFO - [2024-04-25T12:39:30.152+0000] {dag.py:2941} INFO - Sync 1 DAGs
[2024-04-25T12:39:30.190+0000] {logging_mixin.py:154} INFO - [2024-04-25T12:39:30.189+0000] {dag.py:3722} INFO - Setting next_dagrun for example_branch_labels to 2024-04-24T00:00:00+00:00, run_after=2024-04-25T00:00:00+00:00
[2024-04-25T12:39:30.217+0000] {processor.py:179} INFO - Processing /home/airflow/.local/lib/python3.8/site-packages/airflow/example_dags/example_branch_labels.py took 0.123 seconds
[2024-04-25T12:40:00.310+0000] {processor.py:157} INFO - Started process (PID=1153) to work on /home/airflow/.local/lib/python3.8/site-packages/airflow/example_dags/example_branch_labels.py
[2024-04-25T12:40:00.314+0000] {processor.py:829} INFO - Processing file /home/airflow/.local/lib/python3.8/site-packages/airflow/example_dags/example_branch_labels.py for tasks to queue
[2024-04-25T12:40:00.315+0000] {logging_mixin.py:154} INFO - [2024-04-25T12:40:00.315+0000] {dagbag.py:536} INFO - Filling up the DagBag from /home/airflow/.local/lib/python3.8/site-packages/airflow/example_dags/example_branch_labels.py
[2024-04-25T12:40:00.327+0000] {processor.py:839} INFO - DAG(s) dict_keys(['example_branch_labels']) retrieved from /home/airflow/.local/lib/python3.8/site-packages/airflow/example_dags/example_branch_labels.py
[2024-04-25T12:40:00.361+0000] {logging_mixin.py:154} INFO - [2024-04-25T12:40:00.361+0000] {dag.py:2941} INFO - Sync 1 DAGs
[2024-04-25T12:40:00.395+0000] {logging_mixin.py:154} INFO - [2024-04-25T12:40:00.395+0000] {dag.py:3722} INFO - Setting next_dagrun for example_branch_labels to 2024-04-24T00:00:00+00:00, run_after=2024-04-25T00:00:00+00:00
[2024-04-25T12:40:00.424+0000] {processor.py:179} INFO - Processing /home/airflow/.local/lib/python3.8/site-packages/airflow/example_dags/example_branch_labels.py took 0.121 seconds
[2024-04-25T12:40:30.516+0000] {processor.py:157} INFO - Started process (PID=1394) to work on /home/airflow/.local/lib/python3.8/site-packages/airflow/example_dags/example_branch_labels.py
[2024-04-25T12:40:30.518+0000] {processor.py:829} INFO - Processing file /home/airflow/.local/lib/python3.8/site-packages/airflow/example_dags/example_branch_labels.py for tasks to queue
[2024-04-25T12:40:30.519+0000] {logging_mixin.py:154} INFO - [2024-04-25T12:40:30.518+0000] {dagbag.py:536} INFO - Filling up the DagBag from /home/airflow/.local/lib/python3.8/site-packages/airflow/example_dags/example_branch_labels.py
[2024-04-25T12:40:30.532+0000] {processor.py:839} INFO - DAG(s) dict_keys(['example_branch_labels']) retrieved from /home/airflow/.local/lib/python3.8/site-packages/airflow/example_dags/example_branch_labels.py
[2024-04-25T12:40:30.570+0000] {logging_mixin.py:154} INFO - [2024-04-25T12:40:30.569+0000] {dag.py:2941} INFO - Sync 1 DAGs
[2024-04-25T12:40:30.605+0000] {logging_mixin.py:154} INFO - [2024-04-25T12:40:30.604+0000] {dag.py:3722} INFO - Setting next_dagrun for example_branch_labels to 2024-04-24T00:00:00+00:00, run_after=2024-04-25T00:00:00+00:00
[2024-04-25T12:40:30.635+0000] {processor.py:179} INFO - Processing /home/airflow/.local/lib/python3.8/site-packages/airflow/example_dags/example_branch_labels.py took 0.125 seconds
[2024-04-25T12:41:00.871+0000] {processor.py:157} INFO - Started process (PID=1637) to work on /home/airflow/.local/lib/python3.8/site-packages/airflow/example_dags/example_branch_labels.py
[2024-04-25T12:41:00.874+0000] {processor.py:829} INFO - Processing file /home/airflow/.local/lib/python3.8/site-packages/airflow/example_dags/example_branch_labels.py for tasks to queue
[2024-04-25T12:41:00.875+0000] {logging_mixin.py:154} INFO - [2024-04-25T12:41:00.875+0000] {dagbag.py:536} INFO - Filling up the DagBag from /home/airflow/.local/lib/python3.8/site-packages/airflow/example_dags/example_branch_labels.py
[2024-04-25T12:41:00.892+0000] {processor.py:839} INFO - DAG(s) dict_keys(['example_branch_labels']) retrieved from /home/airflow/.local/lib/python3.8/site-packages/airflow/example_dags/example_branch_labels.py
[2024-04-25T12:41:00.936+0000] {logging_mixin.py:154} INFO - [2024-04-25T12:41:00.936+0000] {dag.py:2941} INFO - Sync 1 DAGs
[2024-04-25T12:41:00.971+0000] {logging_mixin.py:154} INFO - [2024-04-25T12:41:00.971+0000] {dag.py:3722} INFO - Setting next_dagrun for example_branch_labels to 2024-04-24T00:00:00+00:00, run_after=2024-04-25T00:00:00+00:00
[2024-04-25T12:41:01.001+0000] {processor.py:179} INFO - Processing /home/airflow/.local/lib/python3.8/site-packages/airflow/example_dags/example_branch_labels.py took 0.137 seconds
[2024-04-25T12:41:31.092+0000] {processor.py:157} INFO - Started process (PID=1880) to work on /home/airflow/.local/lib/python3.8/site-packages/airflow/example_dags/example_branch_labels.py
[2024-04-25T12:41:31.094+0000] {processor.py:829} INFO - Processing file /home/airflow/.local/lib/python3.8/site-packages/airflow/example_dags/example_branch_labels.py for tasks to queue
[2024-04-25T12:41:31.095+0000] {logging_mixin.py:154} INFO - [2024-04-25T12:41:31.094+0000] {dagbag.py:536} INFO - Filling up the DagBag from /home/airflow/.local/lib/python3.8/site-packages/airflow/example_dags/example_branch_labels.py
[2024-04-25T12:41:31.111+0000] {processor.py:839} INFO - DAG(s) dict_keys(['example_branch_labels']) retrieved from /home/airflow/.local/lib/python3.8/site-packages/airflow/example_dags/example_branch_labels.py
[2024-04-25T12:41:31.144+0000] {logging_mixin.py:154} INFO - [2024-04-25T12:41:31.144+0000] {dag.py:2941} INFO - Sync 1 DAGs
[2024-04-25T12:41:31.176+0000] {logging_mixin.py:154} INFO - [2024-04-25T12:41:31.175+0000] {dag.py:3722} INFO - Setting next_dagrun for example_branch_labels to 2024-04-24T00:00:00+00:00, run_after=2024-04-25T00:00:00+00:00
[2024-04-25T12:41:31.200+0000] {processor.py:179} INFO - Processing /home/airflow/.local/lib/python3.8/site-packages/airflow/example_dags/example_branch_labels.py took 0.116 seconds
[2024-04-25T12:42:01.472+0000] {processor.py:157} INFO - Started process (PID=2125) to work on /home/airflow/.local/lib/python3.8/site-packages/airflow/example_dags/example_branch_labels.py
[2024-04-25T12:42:01.474+0000] {processor.py:829} INFO - Processing file /home/airflow/.local/lib/python3.8/site-packages/airflow/example_dags/example_branch_labels.py for tasks to queue
[2024-04-25T12:42:01.476+0000] {logging_mixin.py:154} INFO - [2024-04-25T12:42:01.475+0000] {dagbag.py:536} INFO - Filling up the DagBag from /home/airflow/.local/lib/python3.8/site-packages/airflow/example_dags/example_branch_labels.py
[2024-04-25T12:42:01.498+0000] {processor.py:839} INFO - DAG(s) dict_keys(['example_branch_labels']) retrieved from /home/airflow/.local/lib/python3.8/site-packages/airflow/example_dags/example_branch_labels.py
[2024-04-25T12:42:01.548+0000] {logging_mixin.py:154} INFO - [2024-04-25T12:42:01.548+0000] {dag.py:2941} INFO - Sync 1 DAGs
[2024-04-25T12:42:01.599+0000] {logging_mixin.py:154} INFO - [2024-04-25T12:42:01.598+0000] {dag.py:3722} INFO - Setting next_dagrun for example_branch_labels to 2024-04-24T00:00:00+00:00, run_after=2024-04-25T00:00:00+00:00
[2024-04-25T12:42:01.638+0000] {processor.py:179} INFO - Processing /home/airflow/.local/lib/python3.8/site-packages/airflow/example_dags/example_branch_labels.py took 0.175 seconds
[2024-04-25T12:42:32.381+0000] {processor.py:157} INFO - Started process (PID=2375) to work on /home/airflow/.local/lib/python3.8/site-packages/airflow/example_dags/example_branch_labels.py
[2024-04-25T12:42:32.383+0000] {processor.py:829} INFO - Processing file /home/airflow/.local/lib/python3.8/site-packages/airflow/example_dags/example_branch_labels.py for tasks to queue
[2024-04-25T12:42:32.384+0000] {logging_mixin.py:154} INFO - [2024-04-25T12:42:32.383+0000] {dagbag.py:536} INFO - Filling up the DagBag from /home/airflow/.local/lib/python3.8/site-packages/airflow/example_dags/example_branch_labels.py
[2024-04-25T12:42:32.396+0000] {processor.py:839} INFO - DAG(s) dict_keys(['example_branch_labels']) retrieved from /home/airflow/.local/lib/python3.8/site-packages/airflow/example_dags/example_branch_labels.py
[2024-04-25T12:42:32.433+0000] {logging_mixin.py:154} INFO - [2024-04-25T12:42:32.432+0000] {dag.py:2941} INFO - Sync 1 DAGs
[2024-04-25T12:42:32.469+0000] {logging_mixin.py:154} INFO - [2024-04-25T12:42:32.469+0000] {dag.py:3722} INFO - Setting next_dagrun for example_branch_labels to 2024-04-24T00:00:00+00:00, run_after=2024-04-25T00:00:00+00:00
[2024-04-25T12:42:32.496+0000] {processor.py:179} INFO - Processing /home/airflow/.local/lib/python3.8/site-packages/airflow/example_dags/example_branch_labels.py took 0.120 seconds
[2024-04-25T12:43:03.106+0000] {processor.py:157} INFO - Started process (PID=2618) to work on /home/airflow/.local/lib/python3.8/site-packages/airflow/example_dags/example_branch_labels.py
[2024-04-25T12:43:03.111+0000] {processor.py:829} INFO - Processing file /home/airflow/.local/lib/python3.8/site-packages/airflow/example_dags/example_branch_labels.py for tasks to queue
[2024-04-25T12:43:03.113+0000] {logging_mixin.py:154} INFO - [2024-04-25T12:43:03.112+0000] {dagbag.py:536} INFO - Filling up the DagBag from /home/airflow/.local/lib/python3.8/site-packages/airflow/example_dags/example_branch_labels.py
[2024-04-25T12:43:03.131+0000] {processor.py:839} INFO - DAG(s) dict_keys(['example_branch_labels']) retrieved from /home/airflow/.local/lib/python3.8/site-packages/airflow/example_dags/example_branch_labels.py
[2024-04-25T12:43:03.177+0000] {logging_mixin.py:154} INFO - [2024-04-25T12:43:03.177+0000] {dag.py:2941} INFO - Sync 1 DAGs
[2024-04-25T12:43:03.219+0000] {logging_mixin.py:154} INFO - [2024-04-25T12:43:03.219+0000] {dag.py:3722} INFO - Setting next_dagrun for example_branch_labels to 2024-04-24T00:00:00+00:00, run_after=2024-04-25T00:00:00+00:00
[2024-04-25T12:43:03.250+0000] {processor.py:179} INFO - Processing /home/airflow/.local/lib/python3.8/site-packages/airflow/example_dags/example_branch_labels.py took 0.152 seconds
[2024-04-25T12:43:33.843+0000] {processor.py:157} INFO - Started process (PID=2866) to work on /home/airflow/.local/lib/python3.8/site-packages/airflow/example_dags/example_branch_labels.py
[2024-04-25T12:43:33.848+0000] {processor.py:829} INFO - Processing file /home/airflow/.local/lib/python3.8/site-packages/airflow/example_dags/example_branch_labels.py for tasks to queue
[2024-04-25T12:43:33.850+0000] {logging_mixin.py:154} INFO - [2024-04-25T12:43:33.849+0000] {dagbag.py:536} INFO - Filling up the DagBag from /home/airflow/.local/lib/python3.8/site-packages/airflow/example_dags/example_branch_labels.py
[2024-04-25T12:43:33.887+0000] {processor.py:839} INFO - DAG(s) dict_keys(['example_branch_labels']) retrieved from /home/airflow/.local/lib/python3.8/site-packages/airflow/example_dags/example_branch_labels.py
[2024-04-25T12:43:33.957+0000] {logging_mixin.py:154} INFO - [2024-04-25T12:43:33.956+0000] {dag.py:2941} INFO - Sync 1 DAGs
[2024-04-25T12:43:34.013+0000] {logging_mixin.py:154} INFO - [2024-04-25T12:43:34.012+0000] {dag.py:3722} INFO - Setting next_dagrun for example_branch_labels to 2024-04-24T00:00:00+00:00, run_after=2024-04-25T00:00:00+00:00
[2024-04-25T12:43:34.049+0000] {processor.py:179} INFO - Processing /home/airflow/.local/lib/python3.8/site-packages/airflow/example_dags/example_branch_labels.py took 0.221 seconds
[2024-04-25T12:44:04.167+0000] {processor.py:157} INFO - Started process (PID=3110) to work on /home/airflow/.local/lib/python3.8/site-packages/airflow/example_dags/example_branch_labels.py
[2024-04-25T12:44:04.170+0000] {processor.py:829} INFO - Processing file /home/airflow/.local/lib/python3.8/site-packages/airflow/example_dags/example_branch_labels.py for tasks to queue
[2024-04-25T12:44:04.171+0000] {logging_mixin.py:154} INFO - [2024-04-25T12:44:04.171+0000] {dagbag.py:536} INFO - Filling up the DagBag from /home/airflow/.local/lib/python3.8/site-packages/airflow/example_dags/example_branch_labels.py
[2024-04-25T12:44:04.184+0000] {processor.py:839} INFO - DAG(s) dict_keys(['example_branch_labels']) retrieved from /home/airflow/.local/lib/python3.8/site-packages/airflow/example_dags/example_branch_labels.py
[2024-04-25T12:44:04.227+0000] {logging_mixin.py:154} INFO - [2024-04-25T12:44:04.226+0000] {dag.py:2941} INFO - Sync 1 DAGs
[2024-04-25T12:44:04.263+0000] {logging_mixin.py:154} INFO - [2024-04-25T12:44:04.263+0000] {dag.py:3722} INFO - Setting next_dagrun for example_branch_labels to 2024-04-24T00:00:00+00:00, run_after=2024-04-25T00:00:00+00:00
[2024-04-25T12:44:04.290+0000] {processor.py:179} INFO - Processing /home/airflow/.local/lib/python3.8/site-packages/airflow/example_dags/example_branch_labels.py took 0.129 seconds
[2024-04-25T12:44:34.867+0000] {processor.py:157} INFO - Started process (PID=3359) to work on /home/airflow/.local/lib/python3.8/site-packages/airflow/example_dags/example_branch_labels.py
[2024-04-25T12:44:34.869+0000] {processor.py:829} INFO - Processing file /home/airflow/.local/lib/python3.8/site-packages/airflow/example_dags/example_branch_labels.py for tasks to queue
[2024-04-25T12:44:34.870+0000] {logging_mixin.py:154} INFO - [2024-04-25T12:44:34.869+0000] {dagbag.py:536} INFO - Filling up the DagBag from /home/airflow/.local/lib/python3.8/site-packages/airflow/example_dags/example_branch_labels.py
[2024-04-25T12:44:34.881+0000] {processor.py:839} INFO - DAG(s) dict_keys(['example_branch_labels']) retrieved from /home/airflow/.local/lib/python3.8/site-packages/airflow/example_dags/example_branch_labels.py
[2024-04-25T12:44:34.913+0000] {logging_mixin.py:154} INFO - [2024-04-25T12:44:34.913+0000] {dag.py:2941} INFO - Sync 1 DAGs
[2024-04-25T12:44:34.945+0000] {logging_mixin.py:154} INFO - [2024-04-25T12:44:34.945+0000] {dag.py:3722} INFO - Setting next_dagrun for example_branch_labels to 2024-04-24T00:00:00+00:00, run_after=2024-04-25T00:00:00+00:00
[2024-04-25T12:44:34.976+0000] {processor.py:179} INFO - Processing /home/airflow/.local/lib/python3.8/site-packages/airflow/example_dags/example_branch_labels.py took 0.115 seconds
[2024-04-25T12:45:05.448+0000] {processor.py:157} INFO - Started process (PID=3602) to work on /home/airflow/.local/lib/python3.8/site-packages/airflow/example_dags/example_branch_labels.py
[2024-04-25T12:45:05.451+0000] {processor.py:829} INFO - Processing file /home/airflow/.local/lib/python3.8/site-packages/airflow/example_dags/example_branch_labels.py for tasks to queue
[2024-04-25T12:45:05.452+0000] {logging_mixin.py:154} INFO - [2024-04-25T12:45:05.451+0000] {dagbag.py:536} INFO - Filling up the DagBag from /home/airflow/.local/lib/python3.8/site-packages/airflow/example_dags/example_branch_labels.py
[2024-04-25T12:45:05.466+0000] {processor.py:839} INFO - DAG(s) dict_keys(['example_branch_labels']) retrieved from /home/airflow/.local/lib/python3.8/site-packages/airflow/example_dags/example_branch_labels.py
[2024-04-25T12:45:05.501+0000] {logging_mixin.py:154} INFO - [2024-04-25T12:45:05.501+0000] {dag.py:2941} INFO - Sync 1 DAGs
[2024-04-25T12:45:05.536+0000] {logging_mixin.py:154} INFO - [2024-04-25T12:45:05.536+0000] {dag.py:3722} INFO - Setting next_dagrun for example_branch_labels to 2024-04-24T00:00:00+00:00, run_after=2024-04-25T00:00:00+00:00
[2024-04-25T12:45:05.563+0000] {processor.py:179} INFO - Processing /home/airflow/.local/lib/python3.8/site-packages/airflow/example_dags/example_branch_labels.py took 0.120 seconds
[2024-04-25T12:45:36.353+0000] {processor.py:157} INFO - Started process (PID=3846) to work on /home/airflow/.local/lib/python3.8/site-packages/airflow/example_dags/example_branch_labels.py
[2024-04-25T12:45:36.354+0000] {processor.py:829} INFO - Processing file /home/airflow/.local/lib/python3.8/site-packages/airflow/example_dags/example_branch_labels.py for tasks to queue
[2024-04-25T12:45:36.356+0000] {logging_mixin.py:154} INFO - [2024-04-25T12:45:36.355+0000] {dagbag.py:536} INFO - Filling up the DagBag from /home/airflow/.local/lib/python3.8/site-packages/airflow/example_dags/example_branch_labels.py
[2024-04-25T12:45:36.369+0000] {processor.py:839} INFO - DAG(s) dict_keys(['example_branch_labels']) retrieved from /home/airflow/.local/lib/python3.8/site-packages/airflow/example_dags/example_branch_labels.py
[2024-04-25T12:45:36.407+0000] {logging_mixin.py:154} INFO - [2024-04-25T12:45:36.407+0000] {dag.py:2941} INFO - Sync 1 DAGs
[2024-04-25T12:45:36.450+0000] {logging_mixin.py:154} INFO - [2024-04-25T12:45:36.450+0000] {dag.py:3722} INFO - Setting next_dagrun for example_branch_labels to 2024-04-24T00:00:00+00:00, run_after=2024-04-25T00:00:00+00:00
[2024-04-25T12:45:36.483+0000] {processor.py:179} INFO - Processing /home/airflow/.local/lib/python3.8/site-packages/airflow/example_dags/example_branch_labels.py took 0.137 seconds
[2024-04-25T12:46:07.255+0000] {processor.py:157} INFO - Started process (PID=4089) to work on /home/airflow/.local/lib/python3.8/site-packages/airflow/example_dags/example_branch_labels.py
[2024-04-25T12:46:07.257+0000] {processor.py:829} INFO - Processing file /home/airflow/.local/lib/python3.8/site-packages/airflow/example_dags/example_branch_labels.py for tasks to queue
[2024-04-25T12:46:07.258+0000] {logging_mixin.py:154} INFO - [2024-04-25T12:46:07.258+0000] {dagbag.py:536} INFO - Filling up the DagBag from /home/airflow/.local/lib/python3.8/site-packages/airflow/example_dags/example_branch_labels.py
[2024-04-25T12:46:07.273+0000] {processor.py:839} INFO - DAG(s) dict_keys(['example_branch_labels']) retrieved from /home/airflow/.local/lib/python3.8/site-packages/airflow/example_dags/example_branch_labels.py
[2024-04-25T12:46:07.311+0000] {logging_mixin.py:154} INFO - [2024-04-25T12:46:07.310+0000] {dag.py:2941} INFO - Sync 1 DAGs
[2024-04-25T12:46:07.353+0000] {logging_mixin.py:154} INFO - [2024-04-25T12:46:07.353+0000] {dag.py:3722} INFO - Setting next_dagrun for example_branch_labels to 2024-04-24T00:00:00+00:00, run_after=2024-04-25T00:00:00+00:00
[2024-04-25T12:46:07.382+0000] {processor.py:179} INFO - Processing /home/airflow/.local/lib/python3.8/site-packages/airflow/example_dags/example_branch_labels.py took 0.134 seconds
[2024-04-25T12:46:37.973+0000] {processor.py:157} INFO - Started process (PID=4332) to work on /home/airflow/.local/lib/python3.8/site-packages/airflow/example_dags/example_branch_labels.py
[2024-04-25T12:46:37.975+0000] {processor.py:829} INFO - Processing file /home/airflow/.local/lib/python3.8/site-packages/airflow/example_dags/example_branch_labels.py for tasks to queue
[2024-04-25T12:46:37.977+0000] {logging_mixin.py:154} INFO - [2024-04-25T12:46:37.976+0000] {dagbag.py:536} INFO - Filling up the DagBag from /home/airflow/.local/lib/python3.8/site-packages/airflow/example_dags/example_branch_labels.py
[2024-04-25T12:46:37.992+0000] {processor.py:839} INFO - DAG(s) dict_keys(['example_branch_labels']) retrieved from /home/airflow/.local/lib/python3.8/site-packages/airflow/example_dags/example_branch_labels.py
[2024-04-25T12:46:38.030+0000] {logging_mixin.py:154} INFO - [2024-04-25T12:46:38.029+0000] {dag.py:2941} INFO - Sync 1 DAGs
[2024-04-25T12:46:38.067+0000] {logging_mixin.py:154} INFO - [2024-04-25T12:46:38.067+0000] {dag.py:3722} INFO - Setting next_dagrun for example_branch_labels to 2024-04-24T00:00:00+00:00, run_after=2024-04-25T00:00:00+00:00
[2024-04-25T12:46:38.095+0000] {processor.py:179} INFO - Processing /home/airflow/.local/lib/python3.8/site-packages/airflow/example_dags/example_branch_labels.py took 0.129 seconds
[2024-04-25T12:47:08.239+0000] {processor.py:157} INFO - Started process (PID=4575) to work on /home/airflow/.local/lib/python3.8/site-packages/airflow/example_dags/example_branch_labels.py
[2024-04-25T12:47:08.244+0000] {processor.py:829} INFO - Processing file /home/airflow/.local/lib/python3.8/site-packages/airflow/example_dags/example_branch_labels.py for tasks to queue
[2024-04-25T12:47:08.248+0000] {logging_mixin.py:154} INFO - [2024-04-25T12:47:08.247+0000] {dagbag.py:536} INFO - Filling up the DagBag from /home/airflow/.local/lib/python3.8/site-packages/airflow/example_dags/example_branch_labels.py
[2024-04-25T12:47:08.288+0000] {processor.py:839} INFO - DAG(s) dict_keys(['example_branch_labels']) retrieved from /home/airflow/.local/lib/python3.8/site-packages/airflow/example_dags/example_branch_labels.py
[2024-04-25T12:47:08.404+0000] {logging_mixin.py:154} INFO - [2024-04-25T12:47:08.404+0000] {dag.py:2941} INFO - Sync 1 DAGs
[2024-04-25T12:47:08.492+0000] {logging_mixin.py:154} INFO - [2024-04-25T12:47:08.492+0000] {dag.py:3722} INFO - Setting next_dagrun for example_branch_labels to 2024-04-24T00:00:00+00:00, run_after=2024-04-25T00:00:00+00:00
[2024-04-25T12:47:08.549+0000] {processor.py:179} INFO - Processing /home/airflow/.local/lib/python3.8/site-packages/airflow/example_dags/example_branch_labels.py took 0.335 seconds
[2024-04-25T12:47:39.097+0000] {processor.py:157} INFO - Started process (PID=4818) to work on /home/airflow/.local/lib/python3.8/site-packages/airflow/example_dags/example_branch_labels.py
[2024-04-25T12:47:39.099+0000] {processor.py:829} INFO - Processing file /home/airflow/.local/lib/python3.8/site-packages/airflow/example_dags/example_branch_labels.py for tasks to queue
[2024-04-25T12:47:39.100+0000] {logging_mixin.py:154} INFO - [2024-04-25T12:47:39.100+0000] {dagbag.py:536} INFO - Filling up the DagBag from /home/airflow/.local/lib/python3.8/site-packages/airflow/example_dags/example_branch_labels.py
[2024-04-25T12:47:39.116+0000] {processor.py:839} INFO - DAG(s) dict_keys(['example_branch_labels']) retrieved from /home/airflow/.local/lib/python3.8/site-packages/airflow/example_dags/example_branch_labels.py
[2024-04-25T12:47:39.155+0000] {logging_mixin.py:154} INFO - [2024-04-25T12:47:39.155+0000] {dag.py:2941} INFO - Sync 1 DAGs
[2024-04-25T12:47:39.191+0000] {logging_mixin.py:154} INFO - [2024-04-25T12:47:39.190+0000] {dag.py:3722} INFO - Setting next_dagrun for example_branch_labels to 2024-04-24T00:00:00+00:00, run_after=2024-04-25T00:00:00+00:00
[2024-04-25T12:47:39.225+0000] {processor.py:179} INFO - Processing /home/airflow/.local/lib/python3.8/site-packages/airflow/example_dags/example_branch_labels.py took 0.136 seconds
[2024-04-25T12:51:41.105+0000] {processor.py:157} INFO - Started process (PID=183) to work on /home/airflow/.local/lib/python3.8/site-packages/airflow/example_dags/example_branch_labels.py
[2024-04-25T12:51:41.108+0000] {processor.py:829} INFO - Processing file /home/airflow/.local/lib/python3.8/site-packages/airflow/example_dags/example_branch_labels.py for tasks to queue
[2024-04-25T12:51:41.109+0000] {logging_mixin.py:154} INFO - [2024-04-25T12:51:41.108+0000] {dagbag.py:536} INFO - Filling up the DagBag from /home/airflow/.local/lib/python3.8/site-packages/airflow/example_dags/example_branch_labels.py
[2024-04-25T12:51:41.127+0000] {processor.py:839} INFO - DAG(s) dict_keys(['example_branch_labels']) retrieved from /home/airflow/.local/lib/python3.8/site-packages/airflow/example_dags/example_branch_labels.py
[2024-04-25T12:51:41.148+0000] {logging_mixin.py:154} INFO - [2024-04-25T12:51:41.148+0000] {dag.py:2941} INFO - Sync 1 DAGs
[2024-04-25T12:51:41.198+0000] {logging_mixin.py:154} INFO - [2024-04-25T12:51:41.198+0000] {dag.py:3722} INFO - Setting next_dagrun for example_branch_labels to 2024-04-24T00:00:00+00:00, run_after=2024-04-25T00:00:00+00:00
[2024-04-25T12:51:41.234+0000] {processor.py:179} INFO - Processing /home/airflow/.local/lib/python3.8/site-packages/airflow/example_dags/example_branch_labels.py took 0.134 seconds
[2024-04-25T12:52:11.945+0000] {processor.py:157} INFO - Started process (PID=428) to work on /home/airflow/.local/lib/python3.8/site-packages/airflow/example_dags/example_branch_labels.py
[2024-04-25T12:52:11.946+0000] {processor.py:829} INFO - Processing file /home/airflow/.local/lib/python3.8/site-packages/airflow/example_dags/example_branch_labels.py for tasks to queue
[2024-04-25T12:52:11.948+0000] {logging_mixin.py:154} INFO - [2024-04-25T12:52:11.947+0000] {dagbag.py:536} INFO - Filling up the DagBag from /home/airflow/.local/lib/python3.8/site-packages/airflow/example_dags/example_branch_labels.py
[2024-04-25T12:52:11.969+0000] {processor.py:839} INFO - DAG(s) dict_keys(['example_branch_labels']) retrieved from /home/airflow/.local/lib/python3.8/site-packages/airflow/example_dags/example_branch_labels.py
[2024-04-25T12:52:12.008+0000] {logging_mixin.py:154} INFO - [2024-04-25T12:52:12.008+0000] {dag.py:2941} INFO - Sync 1 DAGs
[2024-04-25T12:52:12.042+0000] {logging_mixin.py:154} INFO - [2024-04-25T12:52:12.042+0000] {dag.py:3722} INFO - Setting next_dagrun for example_branch_labels to 2024-04-24T00:00:00+00:00, run_after=2024-04-25T00:00:00+00:00
[2024-04-25T12:52:12.070+0000] {processor.py:179} INFO - Processing /home/airflow/.local/lib/python3.8/site-packages/airflow/example_dags/example_branch_labels.py took 0.134 seconds
[2024-04-25T12:52:42.478+0000] {processor.py:157} INFO - Started process (PID=676) to work on /home/airflow/.local/lib/python3.8/site-packages/airflow/example_dags/example_branch_labels.py
[2024-04-25T12:52:42.480+0000] {processor.py:829} INFO - Processing file /home/airflow/.local/lib/python3.8/site-packages/airflow/example_dags/example_branch_labels.py for tasks to queue
[2024-04-25T12:52:42.482+0000] {logging_mixin.py:154} INFO - [2024-04-25T12:52:42.481+0000] {dagbag.py:536} INFO - Filling up the DagBag from /home/airflow/.local/lib/python3.8/site-packages/airflow/example_dags/example_branch_labels.py
[2024-04-25T12:52:42.499+0000] {processor.py:839} INFO - DAG(s) dict_keys(['example_branch_labels']) retrieved from /home/airflow/.local/lib/python3.8/site-packages/airflow/example_dags/example_branch_labels.py
[2024-04-25T12:52:42.545+0000] {logging_mixin.py:154} INFO - [2024-04-25T12:52:42.545+0000] {dag.py:2941} INFO - Sync 1 DAGs
[2024-04-25T12:52:42.601+0000] {logging_mixin.py:154} INFO - [2024-04-25T12:52:42.600+0000] {dag.py:3722} INFO - Setting next_dagrun for example_branch_labels to 2024-04-24T00:00:00+00:00, run_after=2024-04-25T00:00:00+00:00
[2024-04-25T12:52:42.639+0000] {processor.py:179} INFO - Processing /home/airflow/.local/lib/python3.8/site-packages/airflow/example_dags/example_branch_labels.py took 0.168 seconds
[2024-04-25T12:53:12.863+0000] {processor.py:157} INFO - Started process (PID=923) to work on /home/airflow/.local/lib/python3.8/site-packages/airflow/example_dags/example_branch_labels.py
[2024-04-25T12:53:12.868+0000] {processor.py:829} INFO - Processing file /home/airflow/.local/lib/python3.8/site-packages/airflow/example_dags/example_branch_labels.py for tasks to queue
[2024-04-25T12:53:12.870+0000] {logging_mixin.py:154} INFO - [2024-04-25T12:53:12.869+0000] {dagbag.py:536} INFO - Filling up the DagBag from /home/airflow/.local/lib/python3.8/site-packages/airflow/example_dags/example_branch_labels.py
[2024-04-25T12:53:12.893+0000] {processor.py:839} INFO - DAG(s) dict_keys(['example_branch_labels']) retrieved from /home/airflow/.local/lib/python3.8/site-packages/airflow/example_dags/example_branch_labels.py
[2024-04-25T12:53:12.945+0000] {logging_mixin.py:154} INFO - [2024-04-25T12:53:12.944+0000] {dag.py:2941} INFO - Sync 1 DAGs
[2024-04-25T12:53:13.006+0000] {logging_mixin.py:154} INFO - [2024-04-25T12:53:13.006+0000] {dag.py:3722} INFO - Setting next_dagrun for example_branch_labels to 2024-04-24T00:00:00+00:00, run_after=2024-04-25T00:00:00+00:00
[2024-04-25T12:53:13.043+0000] {processor.py:179} INFO - Processing /home/airflow/.local/lib/python3.8/site-packages/airflow/example_dags/example_branch_labels.py took 0.187 seconds
[2024-04-25T12:53:43.410+0000] {processor.py:157} INFO - Started process (PID=1161) to work on /home/airflow/.local/lib/python3.8/site-packages/airflow/example_dags/example_branch_labels.py
[2024-04-25T12:53:43.413+0000] {processor.py:829} INFO - Processing file /home/airflow/.local/lib/python3.8/site-packages/airflow/example_dags/example_branch_labels.py for tasks to queue
[2024-04-25T12:53:43.415+0000] {logging_mixin.py:154} INFO - [2024-04-25T12:53:43.414+0000] {dagbag.py:536} INFO - Filling up the DagBag from /home/airflow/.local/lib/python3.8/site-packages/airflow/example_dags/example_branch_labels.py
[2024-04-25T12:53:43.433+0000] {processor.py:839} INFO - DAG(s) dict_keys(['example_branch_labels']) retrieved from /home/airflow/.local/lib/python3.8/site-packages/airflow/example_dags/example_branch_labels.py
[2024-04-25T12:53:43.474+0000] {logging_mixin.py:154} INFO - [2024-04-25T12:53:43.473+0000] {dag.py:2941} INFO - Sync 1 DAGs
[2024-04-25T12:53:43.516+0000] {logging_mixin.py:154} INFO - [2024-04-25T12:53:43.515+0000] {dag.py:3722} INFO - Setting next_dagrun for example_branch_labels to 2024-04-24T00:00:00+00:00, run_after=2024-04-25T00:00:00+00:00
[2024-04-25T12:53:43.546+0000] {processor.py:179} INFO - Processing /home/airflow/.local/lib/python3.8/site-packages/airflow/example_dags/example_branch_labels.py took 0.145 seconds
[2024-04-25T12:54:13.989+0000] {processor.py:157} INFO - Started process (PID=1406) to work on /home/airflow/.local/lib/python3.8/site-packages/airflow/example_dags/example_branch_labels.py
[2024-04-25T12:54:13.992+0000] {processor.py:829} INFO - Processing file /home/airflow/.local/lib/python3.8/site-packages/airflow/example_dags/example_branch_labels.py for tasks to queue
[2024-04-25T12:54:13.993+0000] {logging_mixin.py:154} INFO - [2024-04-25T12:54:13.992+0000] {dagbag.py:536} INFO - Filling up the DagBag from /home/airflow/.local/lib/python3.8/site-packages/airflow/example_dags/example_branch_labels.py
[2024-04-25T12:54:14.005+0000] {processor.py:839} INFO - DAG(s) dict_keys(['example_branch_labels']) retrieved from /home/airflow/.local/lib/python3.8/site-packages/airflow/example_dags/example_branch_labels.py
[2024-04-25T12:54:14.041+0000] {logging_mixin.py:154} INFO - [2024-04-25T12:54:14.040+0000] {dag.py:2941} INFO - Sync 1 DAGs
[2024-04-25T12:54:14.076+0000] {logging_mixin.py:154} INFO - [2024-04-25T12:54:14.075+0000] {dag.py:3722} INFO - Setting next_dagrun for example_branch_labels to 2024-04-24T00:00:00+00:00, run_after=2024-04-25T00:00:00+00:00
[2024-04-25T12:54:14.103+0000] {processor.py:179} INFO - Processing /home/airflow/.local/lib/python3.8/site-packages/airflow/example_dags/example_branch_labels.py took 0.120 seconds
[2024-04-25T12:54:44.376+0000] {processor.py:157} INFO - Started process (PID=1649) to work on /home/airflow/.local/lib/python3.8/site-packages/airflow/example_dags/example_branch_labels.py
[2024-04-25T12:54:44.378+0000] {processor.py:829} INFO - Processing file /home/airflow/.local/lib/python3.8/site-packages/airflow/example_dags/example_branch_labels.py for tasks to queue
[2024-04-25T12:54:44.379+0000] {logging_mixin.py:154} INFO - [2024-04-25T12:54:44.378+0000] {dagbag.py:536} INFO - Filling up the DagBag from /home/airflow/.local/lib/python3.8/site-packages/airflow/example_dags/example_branch_labels.py
[2024-04-25T12:54:44.397+0000] {processor.py:839} INFO - DAG(s) dict_keys(['example_branch_labels']) retrieved from /home/airflow/.local/lib/python3.8/site-packages/airflow/example_dags/example_branch_labels.py
[2024-04-25T12:54:44.437+0000] {logging_mixin.py:154} INFO - [2024-04-25T12:54:44.436+0000] {dag.py:2941} INFO - Sync 1 DAGs
[2024-04-25T12:54:44.469+0000] {logging_mixin.py:154} INFO - [2024-04-25T12:54:44.469+0000] {dag.py:3722} INFO - Setting next_dagrun for example_branch_labels to 2024-04-24T00:00:00+00:00, run_after=2024-04-25T00:00:00+00:00
[2024-04-25T12:54:44.494+0000] {processor.py:179} INFO - Processing /home/airflow/.local/lib/python3.8/site-packages/airflow/example_dags/example_branch_labels.py took 0.124 seconds
[2024-04-25T12:55:14.562+0000] {processor.py:157} INFO - Started process (PID=1892) to work on /home/airflow/.local/lib/python3.8/site-packages/airflow/example_dags/example_branch_labels.py
[2024-04-25T12:55:14.564+0000] {processor.py:829} INFO - Processing file /home/airflow/.local/lib/python3.8/site-packages/airflow/example_dags/example_branch_labels.py for tasks to queue
[2024-04-25T12:55:14.565+0000] {logging_mixin.py:154} INFO - [2024-04-25T12:55:14.565+0000] {dagbag.py:536} INFO - Filling up the DagBag from /home/airflow/.local/lib/python3.8/site-packages/airflow/example_dags/example_branch_labels.py
[2024-04-25T12:55:14.583+0000] {processor.py:839} INFO - DAG(s) dict_keys(['example_branch_labels']) retrieved from /home/airflow/.local/lib/python3.8/site-packages/airflow/example_dags/example_branch_labels.py
[2024-04-25T12:55:14.623+0000] {logging_mixin.py:154} INFO - [2024-04-25T12:55:14.622+0000] {dag.py:2941} INFO - Sync 1 DAGs
[2024-04-25T12:55:14.658+0000] {logging_mixin.py:154} INFO - [2024-04-25T12:55:14.658+0000] {dag.py:3722} INFO - Setting next_dagrun for example_branch_labels to 2024-04-24T00:00:00+00:00, run_after=2024-04-25T00:00:00+00:00
[2024-04-25T12:55:14.684+0000] {processor.py:179} INFO - Processing /home/airflow/.local/lib/python3.8/site-packages/airflow/example_dags/example_branch_labels.py took 0.128 seconds
[2024-04-25T13:10:31.183+0000] {processor.py:157} INFO - Started process (PID=185) to work on /home/airflow/.local/lib/python3.8/site-packages/airflow/example_dags/example_branch_labels.py
[2024-04-25T13:10:31.185+0000] {processor.py:829} INFO - Processing file /home/airflow/.local/lib/python3.8/site-packages/airflow/example_dags/example_branch_labels.py for tasks to queue
[2024-04-25T13:10:31.187+0000] {logging_mixin.py:154} INFO - [2024-04-25T13:10:31.186+0000] {dagbag.py:536} INFO - Filling up the DagBag from /home/airflow/.local/lib/python3.8/site-packages/airflow/example_dags/example_branch_labels.py
[2024-04-25T13:10:31.211+0000] {processor.py:839} INFO - DAG(s) dict_keys(['example_branch_labels']) retrieved from /home/airflow/.local/lib/python3.8/site-packages/airflow/example_dags/example_branch_labels.py
[2024-04-25T13:10:31.236+0000] {logging_mixin.py:154} INFO - [2024-04-25T13:10:31.235+0000] {dag.py:2941} INFO - Sync 1 DAGs
[2024-04-25T13:10:31.279+0000] {logging_mixin.py:154} INFO - [2024-04-25T13:10:31.279+0000] {dag.py:3722} INFO - Setting next_dagrun for example_branch_labels to 2024-04-24T00:00:00+00:00, run_after=2024-04-25T00:00:00+00:00
[2024-04-25T13:10:31.307+0000] {processor.py:179} INFO - Processing /home/airflow/.local/lib/python3.8/site-packages/airflow/example_dags/example_branch_labels.py took 0.132 seconds
[2024-04-25T13:11:02.242+0000] {processor.py:157} INFO - Started process (PID=426) to work on /home/airflow/.local/lib/python3.8/site-packages/airflow/example_dags/example_branch_labels.py
[2024-04-25T13:11:02.244+0000] {processor.py:829} INFO - Processing file /home/airflow/.local/lib/python3.8/site-packages/airflow/example_dags/example_branch_labels.py for tasks to queue
[2024-04-25T13:11:02.246+0000] {logging_mixin.py:154} INFO - [2024-04-25T13:11:02.245+0000] {dagbag.py:536} INFO - Filling up the DagBag from /home/airflow/.local/lib/python3.8/site-packages/airflow/example_dags/example_branch_labels.py
[2024-04-25T13:11:02.264+0000] {processor.py:839} INFO - DAG(s) dict_keys(['example_branch_labels']) retrieved from /home/airflow/.local/lib/python3.8/site-packages/airflow/example_dags/example_branch_labels.py
[2024-04-25T13:11:02.309+0000] {logging_mixin.py:154} INFO - [2024-04-25T13:11:02.308+0000] {dag.py:2941} INFO - Sync 1 DAGs
[2024-04-25T13:11:02.362+0000] {logging_mixin.py:154} INFO - [2024-04-25T13:11:02.361+0000] {dag.py:3722} INFO - Setting next_dagrun for example_branch_labels to 2024-04-24T00:00:00+00:00, run_after=2024-04-25T00:00:00+00:00
[2024-04-25T13:11:02.398+0000] {processor.py:179} INFO - Processing /home/airflow/.local/lib/python3.8/site-packages/airflow/example_dags/example_branch_labels.py took 0.163 seconds
[2024-04-25T13:11:32.487+0000] {processor.py:157} INFO - Started process (PID=664) to work on /home/airflow/.local/lib/python3.8/site-packages/airflow/example_dags/example_branch_labels.py
[2024-04-25T13:11:32.491+0000] {processor.py:829} INFO - Processing file /home/airflow/.local/lib/python3.8/site-packages/airflow/example_dags/example_branch_labels.py for tasks to queue
[2024-04-25T13:11:32.492+0000] {logging_mixin.py:154} INFO - [2024-04-25T13:11:32.492+0000] {dagbag.py:536} INFO - Filling up the DagBag from /home/airflow/.local/lib/python3.8/site-packages/airflow/example_dags/example_branch_labels.py
[2024-04-25T13:11:32.511+0000] {processor.py:839} INFO - DAG(s) dict_keys(['example_branch_labels']) retrieved from /home/airflow/.local/lib/python3.8/site-packages/airflow/example_dags/example_branch_labels.py
[2024-04-25T13:11:32.544+0000] {logging_mixin.py:154} INFO - [2024-04-25T13:11:32.544+0000] {dag.py:2941} INFO - Sync 1 DAGs
[2024-04-25T13:11:32.578+0000] {logging_mixin.py:154} INFO - [2024-04-25T13:11:32.577+0000] {dag.py:3722} INFO - Setting next_dagrun for example_branch_labels to 2024-04-24T00:00:00+00:00, run_after=2024-04-25T00:00:00+00:00
[2024-04-25T13:11:32.603+0000] {processor.py:179} INFO - Processing /home/airflow/.local/lib/python3.8/site-packages/airflow/example_dags/example_branch_labels.py took 0.122 seconds
[2024-04-25T13:12:02.911+0000] {processor.py:157} INFO - Started process (PID=908) to work on /home/airflow/.local/lib/python3.8/site-packages/airflow/example_dags/example_branch_labels.py
[2024-04-25T13:12:02.913+0000] {processor.py:829} INFO - Processing file /home/airflow/.local/lib/python3.8/site-packages/airflow/example_dags/example_branch_labels.py for tasks to queue
[2024-04-25T13:12:02.915+0000] {logging_mixin.py:154} INFO - [2024-04-25T13:12:02.914+0000] {dagbag.py:536} INFO - Filling up the DagBag from /home/airflow/.local/lib/python3.8/site-packages/airflow/example_dags/example_branch_labels.py
[2024-04-25T13:12:02.932+0000] {processor.py:839} INFO - DAG(s) dict_keys(['example_branch_labels']) retrieved from /home/airflow/.local/lib/python3.8/site-packages/airflow/example_dags/example_branch_labels.py
[2024-04-25T13:12:02.993+0000] {logging_mixin.py:154} INFO - [2024-04-25T13:12:02.993+0000] {dag.py:2941} INFO - Sync 1 DAGs
[2024-04-25T13:12:03.053+0000] {logging_mixin.py:154} INFO - [2024-04-25T13:12:03.052+0000] {dag.py:3722} INFO - Setting next_dagrun for example_branch_labels to 2024-04-24T00:00:00+00:00, run_after=2024-04-25T00:00:00+00:00
[2024-04-25T13:12:03.089+0000] {processor.py:179} INFO - Processing /home/airflow/.local/lib/python3.8/site-packages/airflow/example_dags/example_branch_labels.py took 0.187 seconds
[2024-04-25T13:12:33.498+0000] {processor.py:157} INFO - Started process (PID=1160) to work on /home/airflow/.local/lib/python3.8/site-packages/airflow/example_dags/example_branch_labels.py
[2024-04-25T13:12:33.502+0000] {processor.py:829} INFO - Processing file /home/airflow/.local/lib/python3.8/site-packages/airflow/example_dags/example_branch_labels.py for tasks to queue
[2024-04-25T13:12:33.503+0000] {logging_mixin.py:154} INFO - [2024-04-25T13:12:33.503+0000] {dagbag.py:536} INFO - Filling up the DagBag from /home/airflow/.local/lib/python3.8/site-packages/airflow/example_dags/example_branch_labels.py
[2024-04-25T13:12:33.521+0000] {processor.py:839} INFO - DAG(s) dict_keys(['example_branch_labels']) retrieved from /home/airflow/.local/lib/python3.8/site-packages/airflow/example_dags/example_branch_labels.py
[2024-04-25T13:12:33.565+0000] {logging_mixin.py:154} INFO - [2024-04-25T13:12:33.564+0000] {dag.py:2941} INFO - Sync 1 DAGs
[2024-04-25T13:12:33.610+0000] {logging_mixin.py:154} INFO - [2024-04-25T13:12:33.610+0000] {dag.py:3722} INFO - Setting next_dagrun for example_branch_labels to 2024-04-24T00:00:00+00:00, run_after=2024-04-25T00:00:00+00:00
[2024-04-25T13:12:33.649+0000] {processor.py:179} INFO - Processing /home/airflow/.local/lib/python3.8/site-packages/airflow/example_dags/example_branch_labels.py took 0.158 seconds
[2024-04-25T13:13:04.310+0000] {processor.py:157} INFO - Started process (PID=1403) to work on /home/airflow/.local/lib/python3.8/site-packages/airflow/example_dags/example_branch_labels.py
[2024-04-25T13:13:04.312+0000] {processor.py:829} INFO - Processing file /home/airflow/.local/lib/python3.8/site-packages/airflow/example_dags/example_branch_labels.py for tasks to queue
[2024-04-25T13:13:04.314+0000] {logging_mixin.py:154} INFO - [2024-04-25T13:13:04.313+0000] {dagbag.py:536} INFO - Filling up the DagBag from /home/airflow/.local/lib/python3.8/site-packages/airflow/example_dags/example_branch_labels.py
[2024-04-25T13:13:04.329+0000] {processor.py:839} INFO - DAG(s) dict_keys(['example_branch_labels']) retrieved from /home/airflow/.local/lib/python3.8/site-packages/airflow/example_dags/example_branch_labels.py
[2024-04-25T13:13:04.366+0000] {logging_mixin.py:154} INFO - [2024-04-25T13:13:04.366+0000] {dag.py:2941} INFO - Sync 1 DAGs
[2024-04-25T13:13:04.402+0000] {logging_mixin.py:154} INFO - [2024-04-25T13:13:04.402+0000] {dag.py:3722} INFO - Setting next_dagrun for example_branch_labels to 2024-04-24T00:00:00+00:00, run_after=2024-04-25T00:00:00+00:00
[2024-04-25T13:13:04.433+0000] {processor.py:179} INFO - Processing /home/airflow/.local/lib/python3.8/site-packages/airflow/example_dags/example_branch_labels.py took 0.130 seconds
[2024-04-25T13:13:34.751+0000] {processor.py:157} INFO - Started process (PID=1647) to work on /home/airflow/.local/lib/python3.8/site-packages/airflow/example_dags/example_branch_labels.py
[2024-04-25T13:13:34.753+0000] {processor.py:829} INFO - Processing file /home/airflow/.local/lib/python3.8/site-packages/airflow/example_dags/example_branch_labels.py for tasks to queue
[2024-04-25T13:13:34.754+0000] {logging_mixin.py:154} INFO - [2024-04-25T13:13:34.754+0000] {dagbag.py:536} INFO - Filling up the DagBag from /home/airflow/.local/lib/python3.8/site-packages/airflow/example_dags/example_branch_labels.py
[2024-04-25T13:13:34.767+0000] {processor.py:839} INFO - DAG(s) dict_keys(['example_branch_labels']) retrieved from /home/airflow/.local/lib/python3.8/site-packages/airflow/example_dags/example_branch_labels.py
[2024-04-25T13:13:34.804+0000] {logging_mixin.py:154} INFO - [2024-04-25T13:13:34.804+0000] {dag.py:2941} INFO - Sync 1 DAGs
[2024-04-25T13:13:34.839+0000] {logging_mixin.py:154} INFO - [2024-04-25T13:13:34.838+0000] {dag.py:3722} INFO - Setting next_dagrun for example_branch_labels to 2024-04-24T00:00:00+00:00, run_after=2024-04-25T00:00:00+00:00
[2024-04-25T13:13:34.866+0000] {processor.py:179} INFO - Processing /home/airflow/.local/lib/python3.8/site-packages/airflow/example_dags/example_branch_labels.py took 0.121 seconds
[2024-04-25T13:14:05.086+0000] {processor.py:157} INFO - Started process (PID=1891) to work on /home/airflow/.local/lib/python3.8/site-packages/airflow/example_dags/example_branch_labels.py
[2024-04-25T13:14:05.089+0000] {processor.py:829} INFO - Processing file /home/airflow/.local/lib/python3.8/site-packages/airflow/example_dags/example_branch_labels.py for tasks to queue
[2024-04-25T13:14:05.090+0000] {logging_mixin.py:154} INFO - [2024-04-25T13:14:05.089+0000] {dagbag.py:536} INFO - Filling up the DagBag from /home/airflow/.local/lib/python3.8/site-packages/airflow/example_dags/example_branch_labels.py
[2024-04-25T13:14:05.103+0000] {processor.py:839} INFO - DAG(s) dict_keys(['example_branch_labels']) retrieved from /home/airflow/.local/lib/python3.8/site-packages/airflow/example_dags/example_branch_labels.py
[2024-04-25T13:14:05.143+0000] {logging_mixin.py:154} INFO - [2024-04-25T13:14:05.142+0000] {dag.py:2941} INFO - Sync 1 DAGs
[2024-04-25T13:14:05.182+0000] {logging_mixin.py:154} INFO - [2024-04-25T13:14:05.181+0000] {dag.py:3722} INFO - Setting next_dagrun for example_branch_labels to 2024-04-24T00:00:00+00:00, run_after=2024-04-25T00:00:00+00:00
[2024-04-25T13:14:05.214+0000] {processor.py:179} INFO - Processing /home/airflow/.local/lib/python3.8/site-packages/airflow/example_dags/example_branch_labels.py took 0.134 seconds
[2024-04-25T13:14:35.696+0000] {processor.py:157} INFO - Started process (PID=2134) to work on /home/airflow/.local/lib/python3.8/site-packages/airflow/example_dags/example_branch_labels.py
[2024-04-25T13:14:35.697+0000] {processor.py:829} INFO - Processing file /home/airflow/.local/lib/python3.8/site-packages/airflow/example_dags/example_branch_labels.py for tasks to queue
[2024-04-25T13:14:35.698+0000] {logging_mixin.py:154} INFO - [2024-04-25T13:14:35.698+0000] {dagbag.py:536} INFO - Filling up the DagBag from /home/airflow/.local/lib/python3.8/site-packages/airflow/example_dags/example_branch_labels.py
[2024-04-25T13:14:35.710+0000] {processor.py:839} INFO - DAG(s) dict_keys(['example_branch_labels']) retrieved from /home/airflow/.local/lib/python3.8/site-packages/airflow/example_dags/example_branch_labels.py
[2024-04-25T13:14:35.752+0000] {logging_mixin.py:154} INFO - [2024-04-25T13:14:35.751+0000] {dag.py:2941} INFO - Sync 1 DAGs
[2024-04-25T13:14:35.793+0000] {logging_mixin.py:154} INFO - [2024-04-25T13:14:35.792+0000] {dag.py:3722} INFO - Setting next_dagrun for example_branch_labels to 2024-04-24T00:00:00+00:00, run_after=2024-04-25T00:00:00+00:00
[2024-04-25T13:14:35.821+0000] {processor.py:179} INFO - Processing /home/airflow/.local/lib/python3.8/site-packages/airflow/example_dags/example_branch_labels.py took 0.130 seconds
[2024-04-25T13:15:06.200+0000] {processor.py:157} INFO - Started process (PID=2377) to work on /home/airflow/.local/lib/python3.8/site-packages/airflow/example_dags/example_branch_labels.py
[2024-04-25T13:15:06.202+0000] {processor.py:829} INFO - Processing file /home/airflow/.local/lib/python3.8/site-packages/airflow/example_dags/example_branch_labels.py for tasks to queue
[2024-04-25T13:15:06.203+0000] {logging_mixin.py:154} INFO - [2024-04-25T13:15:06.203+0000] {dagbag.py:536} INFO - Filling up the DagBag from /home/airflow/.local/lib/python3.8/site-packages/airflow/example_dags/example_branch_labels.py
[2024-04-25T13:15:06.220+0000] {processor.py:839} INFO - DAG(s) dict_keys(['example_branch_labels']) retrieved from /home/airflow/.local/lib/python3.8/site-packages/airflow/example_dags/example_branch_labels.py
[2024-04-25T13:15:06.262+0000] {logging_mixin.py:154} INFO - [2024-04-25T13:15:06.262+0000] {dag.py:2941} INFO - Sync 1 DAGs
[2024-04-25T13:15:06.302+0000] {logging_mixin.py:154} INFO - [2024-04-25T13:15:06.302+0000] {dag.py:3722} INFO - Setting next_dagrun for example_branch_labels to 2024-04-24T00:00:00+00:00, run_after=2024-04-25T00:00:00+00:00
[2024-04-25T13:15:06.327+0000] {processor.py:179} INFO - Processing /home/airflow/.local/lib/python3.8/site-packages/airflow/example_dags/example_branch_labels.py took 0.134 seconds
[2024-04-25T13:15:37.162+0000] {processor.py:157} INFO - Started process (PID=2620) to work on /home/airflow/.local/lib/python3.8/site-packages/airflow/example_dags/example_branch_labels.py
[2024-04-25T13:15:37.164+0000] {processor.py:829} INFO - Processing file /home/airflow/.local/lib/python3.8/site-packages/airflow/example_dags/example_branch_labels.py for tasks to queue
[2024-04-25T13:15:37.166+0000] {logging_mixin.py:154} INFO - [2024-04-25T13:15:37.165+0000] {dagbag.py:536} INFO - Filling up the DagBag from /home/airflow/.local/lib/python3.8/site-packages/airflow/example_dags/example_branch_labels.py
[2024-04-25T13:15:37.179+0000] {processor.py:839} INFO - DAG(s) dict_keys(['example_branch_labels']) retrieved from /home/airflow/.local/lib/python3.8/site-packages/airflow/example_dags/example_branch_labels.py
[2024-04-25T13:15:37.223+0000] {logging_mixin.py:154} INFO - [2024-04-25T13:15:37.222+0000] {dag.py:2941} INFO - Sync 1 DAGs
[2024-04-25T13:15:37.257+0000] {logging_mixin.py:154} INFO - [2024-04-25T13:15:37.257+0000] {dag.py:3722} INFO - Setting next_dagrun for example_branch_labels to 2024-04-24T00:00:00+00:00, run_after=2024-04-25T00:00:00+00:00
[2024-04-25T13:15:37.289+0000] {processor.py:179} INFO - Processing /home/airflow/.local/lib/python3.8/site-packages/airflow/example_dags/example_branch_labels.py took 0.132 seconds
[2024-04-25T13:16:08.119+0000] {processor.py:157} INFO - Started process (PID=2863) to work on /home/airflow/.local/lib/python3.8/site-packages/airflow/example_dags/example_branch_labels.py
[2024-04-25T13:16:08.121+0000] {processor.py:829} INFO - Processing file /home/airflow/.local/lib/python3.8/site-packages/airflow/example_dags/example_branch_labels.py for tasks to queue
[2024-04-25T13:16:08.123+0000] {logging_mixin.py:154} INFO - [2024-04-25T13:16:08.122+0000] {dagbag.py:536} INFO - Filling up the DagBag from /home/airflow/.local/lib/python3.8/site-packages/airflow/example_dags/example_branch_labels.py
[2024-04-25T13:16:08.135+0000] {processor.py:839} INFO - DAG(s) dict_keys(['example_branch_labels']) retrieved from /home/airflow/.local/lib/python3.8/site-packages/airflow/example_dags/example_branch_labels.py
[2024-04-25T13:16:08.170+0000] {logging_mixin.py:154} INFO - [2024-04-25T13:16:08.170+0000] {dag.py:2941} INFO - Sync 1 DAGs
[2024-04-25T13:16:08.207+0000] {logging_mixin.py:154} INFO - [2024-04-25T13:16:08.206+0000] {dag.py:3722} INFO - Setting next_dagrun for example_branch_labels to 2024-04-24T00:00:00+00:00, run_after=2024-04-25T00:00:00+00:00
[2024-04-25T13:16:08.234+0000] {processor.py:179} INFO - Processing /home/airflow/.local/lib/python3.8/site-packages/airflow/example_dags/example_branch_labels.py took 0.120 seconds
[2024-04-25T13:16:39.100+0000] {processor.py:157} INFO - Started process (PID=3107) to work on /home/airflow/.local/lib/python3.8/site-packages/airflow/example_dags/example_branch_labels.py
[2024-04-25T13:16:39.104+0000] {processor.py:829} INFO - Processing file /home/airflow/.local/lib/python3.8/site-packages/airflow/example_dags/example_branch_labels.py for tasks to queue
[2024-04-25T13:16:39.106+0000] {logging_mixin.py:154} INFO - [2024-04-25T13:16:39.105+0000] {dagbag.py:536} INFO - Filling up the DagBag from /home/airflow/.local/lib/python3.8/site-packages/airflow/example_dags/example_branch_labels.py
[2024-04-25T13:16:39.127+0000] {processor.py:839} INFO - DAG(s) dict_keys(['example_branch_labels']) retrieved from /home/airflow/.local/lib/python3.8/site-packages/airflow/example_dags/example_branch_labels.py
[2024-04-25T13:16:39.166+0000] {logging_mixin.py:154} INFO - [2024-04-25T13:16:39.166+0000] {dag.py:2941} INFO - Sync 1 DAGs
[2024-04-25T13:16:39.206+0000] {logging_mixin.py:154} INFO - [2024-04-25T13:16:39.206+0000] {dag.py:3722} INFO - Setting next_dagrun for example_branch_labels to 2024-04-24T00:00:00+00:00, run_after=2024-04-25T00:00:00+00:00
[2024-04-25T13:16:39.238+0000] {processor.py:179} INFO - Processing /home/airflow/.local/lib/python3.8/site-packages/airflow/example_dags/example_branch_labels.py took 0.146 seconds
[2024-04-25T13:17:09.333+0000] {processor.py:157} INFO - Started process (PID=3350) to work on /home/airflow/.local/lib/python3.8/site-packages/airflow/example_dags/example_branch_labels.py
[2024-04-25T13:17:09.335+0000] {processor.py:829} INFO - Processing file /home/airflow/.local/lib/python3.8/site-packages/airflow/example_dags/example_branch_labels.py for tasks to queue
[2024-04-25T13:17:09.336+0000] {logging_mixin.py:154} INFO - [2024-04-25T13:17:09.335+0000] {dagbag.py:536} INFO - Filling up the DagBag from /home/airflow/.local/lib/python3.8/site-packages/airflow/example_dags/example_branch_labels.py
[2024-04-25T13:17:09.352+0000] {processor.py:839} INFO - DAG(s) dict_keys(['example_branch_labels']) retrieved from /home/airflow/.local/lib/python3.8/site-packages/airflow/example_dags/example_branch_labels.py
[2024-04-25T13:17:09.388+0000] {logging_mixin.py:154} INFO - [2024-04-25T13:17:09.388+0000] {dag.py:2941} INFO - Sync 1 DAGs
[2024-04-25T13:17:09.426+0000] {logging_mixin.py:154} INFO - [2024-04-25T13:17:09.426+0000] {dag.py:3722} INFO - Setting next_dagrun for example_branch_labels to 2024-04-24T00:00:00+00:00, run_after=2024-04-25T00:00:00+00:00
[2024-04-25T13:17:09.454+0000] {processor.py:179} INFO - Processing /home/airflow/.local/lib/python3.8/site-packages/airflow/example_dags/example_branch_labels.py took 0.129 seconds
[2024-04-25T13:17:40.079+0000] {processor.py:157} INFO - Started process (PID=3593) to work on /home/airflow/.local/lib/python3.8/site-packages/airflow/example_dags/example_branch_labels.py
[2024-04-25T13:17:40.080+0000] {processor.py:829} INFO - Processing file /home/airflow/.local/lib/python3.8/site-packages/airflow/example_dags/example_branch_labels.py for tasks to queue
[2024-04-25T13:17:40.081+0000] {logging_mixin.py:154} INFO - [2024-04-25T13:17:40.081+0000] {dagbag.py:536} INFO - Filling up the DagBag from /home/airflow/.local/lib/python3.8/site-packages/airflow/example_dags/example_branch_labels.py
[2024-04-25T13:17:40.095+0000] {processor.py:839} INFO - DAG(s) dict_keys(['example_branch_labels']) retrieved from /home/airflow/.local/lib/python3.8/site-packages/airflow/example_dags/example_branch_labels.py
[2024-04-25T13:17:40.134+0000] {logging_mixin.py:154} INFO - [2024-04-25T13:17:40.134+0000] {dag.py:2941} INFO - Sync 1 DAGs
[2024-04-25T13:17:40.178+0000] {logging_mixin.py:154} INFO - [2024-04-25T13:17:40.177+0000] {dag.py:3722} INFO - Setting next_dagrun for example_branch_labels to 2024-04-24T00:00:00+00:00, run_after=2024-04-25T00:00:00+00:00
[2024-04-25T13:17:40.213+0000] {processor.py:179} INFO - Processing /home/airflow/.local/lib/python3.8/site-packages/airflow/example_dags/example_branch_labels.py took 0.142 seconds
[2024-04-25T13:18:11.066+0000] {processor.py:157} INFO - Started process (PID=3837) to work on /home/airflow/.local/lib/python3.8/site-packages/airflow/example_dags/example_branch_labels.py
[2024-04-25T13:18:11.068+0000] {processor.py:829} INFO - Processing file /home/airflow/.local/lib/python3.8/site-packages/airflow/example_dags/example_branch_labels.py for tasks to queue
[2024-04-25T13:18:11.069+0000] {logging_mixin.py:154} INFO - [2024-04-25T13:18:11.069+0000] {dagbag.py:536} INFO - Filling up the DagBag from /home/airflow/.local/lib/python3.8/site-packages/airflow/example_dags/example_branch_labels.py
[2024-04-25T13:18:11.086+0000] {processor.py:839} INFO - DAG(s) dict_keys(['example_branch_labels']) retrieved from /home/airflow/.local/lib/python3.8/site-packages/airflow/example_dags/example_branch_labels.py
[2024-04-25T13:18:11.121+0000] {logging_mixin.py:154} INFO - [2024-04-25T13:18:11.121+0000] {dag.py:2941} INFO - Sync 1 DAGs
[2024-04-25T13:18:11.158+0000] {logging_mixin.py:154} INFO - [2024-04-25T13:18:11.158+0000] {dag.py:3722} INFO - Setting next_dagrun for example_branch_labels to 2024-04-24T00:00:00+00:00, run_after=2024-04-25T00:00:00+00:00
[2024-04-25T13:18:11.190+0000] {processor.py:179} INFO - Processing /home/airflow/.local/lib/python3.8/site-packages/airflow/example_dags/example_branch_labels.py took 0.133 seconds
[2024-04-25T13:18:42.118+0000] {processor.py:157} INFO - Started process (PID=4081) to work on /home/airflow/.local/lib/python3.8/site-packages/airflow/example_dags/example_branch_labels.py
[2024-04-25T13:18:42.120+0000] {processor.py:829} INFO - Processing file /home/airflow/.local/lib/python3.8/site-packages/airflow/example_dags/example_branch_labels.py for tasks to queue
[2024-04-25T13:18:42.121+0000] {logging_mixin.py:154} INFO - [2024-04-25T13:18:42.121+0000] {dagbag.py:536} INFO - Filling up the DagBag from /home/airflow/.local/lib/python3.8/site-packages/airflow/example_dags/example_branch_labels.py
[2024-04-25T13:18:42.134+0000] {processor.py:839} INFO - DAG(s) dict_keys(['example_branch_labels']) retrieved from /home/airflow/.local/lib/python3.8/site-packages/airflow/example_dags/example_branch_labels.py
[2024-04-25T13:18:42.171+0000] {logging_mixin.py:154} INFO - [2024-04-25T13:18:42.170+0000] {dag.py:2941} INFO - Sync 1 DAGs
[2024-04-25T13:18:42.210+0000] {logging_mixin.py:154} INFO - [2024-04-25T13:18:42.209+0000] {dag.py:3722} INFO - Setting next_dagrun for example_branch_labels to 2024-04-24T00:00:00+00:00, run_after=2024-04-25T00:00:00+00:00
[2024-04-25T13:18:42.240+0000] {processor.py:179} INFO - Processing /home/airflow/.local/lib/python3.8/site-packages/airflow/example_dags/example_branch_labels.py took 0.128 seconds
[2024-04-25T13:27:13.474+0000] {processor.py:157} INFO - Started process (PID=183) to work on /home/airflow/.local/lib/python3.8/site-packages/airflow/example_dags/example_branch_labels.py
[2024-04-25T13:27:13.476+0000] {processor.py:829} INFO - Processing file /home/airflow/.local/lib/python3.8/site-packages/airflow/example_dags/example_branch_labels.py for tasks to queue
[2024-04-25T13:27:13.478+0000] {logging_mixin.py:154} INFO - [2024-04-25T13:27:13.477+0000] {dagbag.py:536} INFO - Filling up the DagBag from /home/airflow/.local/lib/python3.8/site-packages/airflow/example_dags/example_branch_labels.py
[2024-04-25T13:27:13.500+0000] {processor.py:839} INFO - DAG(s) dict_keys(['example_branch_labels']) retrieved from /home/airflow/.local/lib/python3.8/site-packages/airflow/example_dags/example_branch_labels.py
[2024-04-25T13:27:13.534+0000] {logging_mixin.py:154} INFO - [2024-04-25T13:27:13.534+0000] {dag.py:2941} INFO - Sync 1 DAGs
[2024-04-25T13:27:13.600+0000] {logging_mixin.py:154} INFO - [2024-04-25T13:27:13.600+0000] {dag.py:3722} INFO - Setting next_dagrun for example_branch_labels to 2024-04-24T00:00:00+00:00, run_after=2024-04-25T00:00:00+00:00
[2024-04-25T13:27:13.632+0000] {processor.py:179} INFO - Processing /home/airflow/.local/lib/python3.8/site-packages/airflow/example_dags/example_branch_labels.py took 0.163 seconds
[2024-04-25T13:27:44.043+0000] {processor.py:157} INFO - Started process (PID=426) to work on /home/airflow/.local/lib/python3.8/site-packages/airflow/example_dags/example_branch_labels.py
[2024-04-25T13:27:44.045+0000] {processor.py:829} INFO - Processing file /home/airflow/.local/lib/python3.8/site-packages/airflow/example_dags/example_branch_labels.py for tasks to queue
[2024-04-25T13:27:44.046+0000] {logging_mixin.py:154} INFO - [2024-04-25T13:27:44.046+0000] {dagbag.py:536} INFO - Filling up the DagBag from /home/airflow/.local/lib/python3.8/site-packages/airflow/example_dags/example_branch_labels.py
[2024-04-25T13:27:44.066+0000] {processor.py:839} INFO - DAG(s) dict_keys(['example_branch_labels']) retrieved from /home/airflow/.local/lib/python3.8/site-packages/airflow/example_dags/example_branch_labels.py
[2024-04-25T13:27:44.121+0000] {logging_mixin.py:154} INFO - [2024-04-25T13:27:44.120+0000] {dag.py:2941} INFO - Sync 1 DAGs
[2024-04-25T13:27:44.184+0000] {logging_mixin.py:154} INFO - [2024-04-25T13:27:44.183+0000] {dag.py:3722} INFO - Setting next_dagrun for example_branch_labels to 2024-04-24T00:00:00+00:00, run_after=2024-04-25T00:00:00+00:00
[2024-04-25T13:27:44.217+0000] {processor.py:179} INFO - Processing /home/airflow/.local/lib/python3.8/site-packages/airflow/example_dags/example_branch_labels.py took 0.182 seconds
[2024-04-25T13:28:14.632+0000] {processor.py:157} INFO - Started process (PID=666) to work on /home/airflow/.local/lib/python3.8/site-packages/airflow/example_dags/example_branch_labels.py
[2024-04-25T13:28:14.640+0000] {processor.py:829} INFO - Processing file /home/airflow/.local/lib/python3.8/site-packages/airflow/example_dags/example_branch_labels.py for tasks to queue
[2024-04-25T13:28:14.642+0000] {logging_mixin.py:154} INFO - [2024-04-25T13:28:14.641+0000] {dagbag.py:536} INFO - Filling up the DagBag from /home/airflow/.local/lib/python3.8/site-packages/airflow/example_dags/example_branch_labels.py
[2024-04-25T13:28:14.658+0000] {processor.py:839} INFO - DAG(s) dict_keys(['example_branch_labels']) retrieved from /home/airflow/.local/lib/python3.8/site-packages/airflow/example_dags/example_branch_labels.py
[2024-04-25T13:28:14.692+0000] {logging_mixin.py:154} INFO - [2024-04-25T13:28:14.692+0000] {dag.py:2941} INFO - Sync 1 DAGs
[2024-04-25T13:28:14.725+0000] {logging_mixin.py:154} INFO - [2024-04-25T13:28:14.724+0000] {dag.py:3722} INFO - Setting next_dagrun for example_branch_labels to 2024-04-24T00:00:00+00:00, run_after=2024-04-25T00:00:00+00:00
[2024-04-25T13:28:14.749+0000] {processor.py:179} INFO - Processing /home/airflow/.local/lib/python3.8/site-packages/airflow/example_dags/example_branch_labels.py took 0.124 seconds
[2024-04-25T13:28:45.020+0000] {processor.py:157} INFO - Started process (PID=914) to work on /home/airflow/.local/lib/python3.8/site-packages/airflow/example_dags/example_branch_labels.py
[2024-04-25T13:28:45.023+0000] {processor.py:829} INFO - Processing file /home/airflow/.local/lib/python3.8/site-packages/airflow/example_dags/example_branch_labels.py for tasks to queue
[2024-04-25T13:28:45.026+0000] {logging_mixin.py:154} INFO - [2024-04-25T13:28:45.024+0000] {dagbag.py:536} INFO - Filling up the DagBag from /home/airflow/.local/lib/python3.8/site-packages/airflow/example_dags/example_branch_labels.py
[2024-04-25T13:28:45.043+0000] {processor.py:839} INFO - DAG(s) dict_keys(['example_branch_labels']) retrieved from /home/airflow/.local/lib/python3.8/site-packages/airflow/example_dags/example_branch_labels.py
[2024-04-25T13:28:45.092+0000] {logging_mixin.py:154} INFO - [2024-04-25T13:28:45.091+0000] {dag.py:2941} INFO - Sync 1 DAGs
[2024-04-25T13:28:45.154+0000] {logging_mixin.py:154} INFO - [2024-04-25T13:28:45.153+0000] {dag.py:3722} INFO - Setting next_dagrun for example_branch_labels to 2024-04-24T00:00:00+00:00, run_after=2024-04-25T00:00:00+00:00
[2024-04-25T13:28:45.208+0000] {processor.py:179} INFO - Processing /home/airflow/.local/lib/python3.8/site-packages/airflow/example_dags/example_branch_labels.py took 0.198 seconds
[2024-04-25T13:29:16.212+0000] {processor.py:157} INFO - Started process (PID=1162) to work on /home/airflow/.local/lib/python3.8/site-packages/airflow/example_dags/example_branch_labels.py
[2024-04-25T13:29:16.214+0000] {processor.py:829} INFO - Processing file /home/airflow/.local/lib/python3.8/site-packages/airflow/example_dags/example_branch_labels.py for tasks to queue
[2024-04-25T13:29:16.215+0000] {logging_mixin.py:154} INFO - [2024-04-25T13:29:16.215+0000] {dagbag.py:536} INFO - Filling up the DagBag from /home/airflow/.local/lib/python3.8/site-packages/airflow/example_dags/example_branch_labels.py
[2024-04-25T13:29:16.227+0000] {processor.py:839} INFO - DAG(s) dict_keys(['example_branch_labels']) retrieved from /home/airflow/.local/lib/python3.8/site-packages/airflow/example_dags/example_branch_labels.py
[2024-04-25T13:29:16.274+0000] {logging_mixin.py:154} INFO - [2024-04-25T13:29:16.274+0000] {dag.py:2941} INFO - Sync 1 DAGs
[2024-04-25T13:29:16.307+0000] {logging_mixin.py:154} INFO - [2024-04-25T13:29:16.307+0000] {dag.py:3722} INFO - Setting next_dagrun for example_branch_labels to 2024-04-24T00:00:00+00:00, run_after=2024-04-25T00:00:00+00:00
[2024-04-25T13:29:16.337+0000] {processor.py:179} INFO - Processing /home/airflow/.local/lib/python3.8/site-packages/airflow/example_dags/example_branch_labels.py took 0.134 seconds
[2024-04-25T13:29:47.143+0000] {processor.py:157} INFO - Started process (PID=1403) to work on /home/airflow/.local/lib/python3.8/site-packages/airflow/example_dags/example_branch_labels.py
[2024-04-25T13:29:47.145+0000] {processor.py:829} INFO - Processing file /home/airflow/.local/lib/python3.8/site-packages/airflow/example_dags/example_branch_labels.py for tasks to queue
[2024-04-25T13:29:47.147+0000] {logging_mixin.py:154} INFO - [2024-04-25T13:29:47.146+0000] {dagbag.py:536} INFO - Filling up the DagBag from /home/airflow/.local/lib/python3.8/site-packages/airflow/example_dags/example_branch_labels.py
[2024-04-25T13:29:47.163+0000] {processor.py:839} INFO - DAG(s) dict_keys(['example_branch_labels']) retrieved from /home/airflow/.local/lib/python3.8/site-packages/airflow/example_dags/example_branch_labels.py
[2024-04-25T13:29:47.203+0000] {logging_mixin.py:154} INFO - [2024-04-25T13:29:47.203+0000] {dag.py:2941} INFO - Sync 1 DAGs
[2024-04-25T13:29:47.241+0000] {logging_mixin.py:154} INFO - [2024-04-25T13:29:47.241+0000] {dag.py:3722} INFO - Setting next_dagrun for example_branch_labels to 2024-04-24T00:00:00+00:00, run_after=2024-04-25T00:00:00+00:00
[2024-04-25T13:29:47.272+0000] {processor.py:179} INFO - Processing /home/airflow/.local/lib/python3.8/site-packages/airflow/example_dags/example_branch_labels.py took 0.137 seconds
[2024-04-25T13:30:17.666+0000] {processor.py:157} INFO - Started process (PID=1648) to work on /home/airflow/.local/lib/python3.8/site-packages/airflow/example_dags/example_branch_labels.py
[2024-04-25T13:30:17.668+0000] {processor.py:829} INFO - Processing file /home/airflow/.local/lib/python3.8/site-packages/airflow/example_dags/example_branch_labels.py for tasks to queue
[2024-04-25T13:30:17.670+0000] {logging_mixin.py:154} INFO - [2024-04-25T13:30:17.669+0000] {dagbag.py:536} INFO - Filling up the DagBag from /home/airflow/.local/lib/python3.8/site-packages/airflow/example_dags/example_branch_labels.py
[2024-04-25T13:30:17.682+0000] {processor.py:839} INFO - DAG(s) dict_keys(['example_branch_labels']) retrieved from /home/airflow/.local/lib/python3.8/site-packages/airflow/example_dags/example_branch_labels.py
[2024-04-25T13:30:17.719+0000] {logging_mixin.py:154} INFO - [2024-04-25T13:30:17.719+0000] {dag.py:2941} INFO - Sync 1 DAGs
[2024-04-25T13:30:17.752+0000] {logging_mixin.py:154} INFO - [2024-04-25T13:30:17.752+0000] {dag.py:3722} INFO - Setting next_dagrun for example_branch_labels to 2024-04-24T00:00:00+00:00, run_after=2024-04-25T00:00:00+00:00
[2024-04-25T13:30:17.779+0000] {processor.py:179} INFO - Processing /home/airflow/.local/lib/python3.8/site-packages/airflow/example_dags/example_branch_labels.py took 0.119 seconds
[2024-04-25T13:30:48.162+0000] {processor.py:157} INFO - Started process (PID=1892) to work on /home/airflow/.local/lib/python3.8/site-packages/airflow/example_dags/example_branch_labels.py
[2024-04-25T13:30:48.163+0000] {processor.py:829} INFO - Processing file /home/airflow/.local/lib/python3.8/site-packages/airflow/example_dags/example_branch_labels.py for tasks to queue
[2024-04-25T13:30:48.164+0000] {logging_mixin.py:154} INFO - [2024-04-25T13:30:48.164+0000] {dagbag.py:536} INFO - Filling up the DagBag from /home/airflow/.local/lib/python3.8/site-packages/airflow/example_dags/example_branch_labels.py
[2024-04-25T13:30:48.176+0000] {processor.py:839} INFO - DAG(s) dict_keys(['example_branch_labels']) retrieved from /home/airflow/.local/lib/python3.8/site-packages/airflow/example_dags/example_branch_labels.py
[2024-04-25T13:30:48.212+0000] {logging_mixin.py:154} INFO - [2024-04-25T13:30:48.212+0000] {dag.py:2941} INFO - Sync 1 DAGs
[2024-04-25T13:30:48.244+0000] {logging_mixin.py:154} INFO - [2024-04-25T13:30:48.243+0000] {dag.py:3722} INFO - Setting next_dagrun for example_branch_labels to 2024-04-24T00:00:00+00:00, run_after=2024-04-25T00:00:00+00:00
[2024-04-25T13:30:48.269+0000] {processor.py:179} INFO - Processing /home/airflow/.local/lib/python3.8/site-packages/airflow/example_dags/example_branch_labels.py took 0.113 seconds
[2024-04-25T13:31:18.351+0000] {processor.py:157} INFO - Started process (PID=2135) to work on /home/airflow/.local/lib/python3.8/site-packages/airflow/example_dags/example_branch_labels.py
[2024-04-25T13:31:18.353+0000] {processor.py:829} INFO - Processing file /home/airflow/.local/lib/python3.8/site-packages/airflow/example_dags/example_branch_labels.py for tasks to queue
[2024-04-25T13:31:18.354+0000] {logging_mixin.py:154} INFO - [2024-04-25T13:31:18.354+0000] {dagbag.py:536} INFO - Filling up the DagBag from /home/airflow/.local/lib/python3.8/site-packages/airflow/example_dags/example_branch_labels.py
[2024-04-25T13:31:18.367+0000] {processor.py:839} INFO - DAG(s) dict_keys(['example_branch_labels']) retrieved from /home/airflow/.local/lib/python3.8/site-packages/airflow/example_dags/example_branch_labels.py
[2024-04-25T13:31:18.403+0000] {logging_mixin.py:154} INFO - [2024-04-25T13:31:18.403+0000] {dag.py:2941} INFO - Sync 1 DAGs
[2024-04-25T13:31:18.439+0000] {logging_mixin.py:154} INFO - [2024-04-25T13:31:18.439+0000] {dag.py:3722} INFO - Setting next_dagrun for example_branch_labels to 2024-04-24T00:00:00+00:00, run_after=2024-04-25T00:00:00+00:00
[2024-04-25T13:31:18.466+0000] {processor.py:179} INFO - Processing /home/airflow/.local/lib/python3.8/site-packages/airflow/example_dags/example_branch_labels.py took 0.121 seconds
[2024-04-25T13:31:48.868+0000] {processor.py:157} INFO - Started process (PID=2378) to work on /home/airflow/.local/lib/python3.8/site-packages/airflow/example_dags/example_branch_labels.py
[2024-04-25T13:31:48.869+0000] {processor.py:829} INFO - Processing file /home/airflow/.local/lib/python3.8/site-packages/airflow/example_dags/example_branch_labels.py for tasks to queue
[2024-04-25T13:31:48.870+0000] {logging_mixin.py:154} INFO - [2024-04-25T13:31:48.870+0000] {dagbag.py:536} INFO - Filling up the DagBag from /home/airflow/.local/lib/python3.8/site-packages/airflow/example_dags/example_branch_labels.py
[2024-04-25T13:31:48.882+0000] {processor.py:839} INFO - DAG(s) dict_keys(['example_branch_labels']) retrieved from /home/airflow/.local/lib/python3.8/site-packages/airflow/example_dags/example_branch_labels.py
[2024-04-25T13:31:48.917+0000] {logging_mixin.py:154} INFO - [2024-04-25T13:31:48.917+0000] {dag.py:2941} INFO - Sync 1 DAGs
[2024-04-25T13:31:48.951+0000] {logging_mixin.py:154} INFO - [2024-04-25T13:31:48.951+0000] {dag.py:3722} INFO - Setting next_dagrun for example_branch_labels to 2024-04-24T00:00:00+00:00, run_after=2024-04-25T00:00:00+00:00
[2024-04-25T13:31:48.979+0000] {processor.py:179} INFO - Processing /home/airflow/.local/lib/python3.8/site-packages/airflow/example_dags/example_branch_labels.py took 0.117 seconds
[2024-04-25T13:32:19.539+0000] {processor.py:157} INFO - Started process (PID=2621) to work on /home/airflow/.local/lib/python3.8/site-packages/airflow/example_dags/example_branch_labels.py
[2024-04-25T13:32:19.542+0000] {processor.py:829} INFO - Processing file /home/airflow/.local/lib/python3.8/site-packages/airflow/example_dags/example_branch_labels.py for tasks to queue
[2024-04-25T13:32:19.543+0000] {logging_mixin.py:154} INFO - [2024-04-25T13:32:19.542+0000] {dagbag.py:536} INFO - Filling up the DagBag from /home/airflow/.local/lib/python3.8/site-packages/airflow/example_dags/example_branch_labels.py
[2024-04-25T13:32:19.556+0000] {processor.py:839} INFO - DAG(s) dict_keys(['example_branch_labels']) retrieved from /home/airflow/.local/lib/python3.8/site-packages/airflow/example_dags/example_branch_labels.py
[2024-04-25T13:32:19.599+0000] {logging_mixin.py:154} INFO - [2024-04-25T13:32:19.599+0000] {dag.py:2941} INFO - Sync 1 DAGs
[2024-04-25T13:32:19.648+0000] {logging_mixin.py:154} INFO - [2024-04-25T13:32:19.647+0000] {dag.py:3722} INFO - Setting next_dagrun for example_branch_labels to 2024-04-24T00:00:00+00:00, run_after=2024-04-25T00:00:00+00:00
[2024-04-25T13:32:19.679+0000] {processor.py:179} INFO - Processing /home/airflow/.local/lib/python3.8/site-packages/airflow/example_dags/example_branch_labels.py took 0.146 seconds
[2024-04-25T13:32:50.085+0000] {processor.py:157} INFO - Started process (PID=2864) to work on /home/airflow/.local/lib/python3.8/site-packages/airflow/example_dags/example_branch_labels.py
[2024-04-25T13:32:50.086+0000] {processor.py:829} INFO - Processing file /home/airflow/.local/lib/python3.8/site-packages/airflow/example_dags/example_branch_labels.py for tasks to queue
[2024-04-25T13:32:50.088+0000] {logging_mixin.py:154} INFO - [2024-04-25T13:32:50.087+0000] {dagbag.py:536} INFO - Filling up the DagBag from /home/airflow/.local/lib/python3.8/site-packages/airflow/example_dags/example_branch_labels.py
[2024-04-25T13:32:50.101+0000] {processor.py:839} INFO - DAG(s) dict_keys(['example_branch_labels']) retrieved from /home/airflow/.local/lib/python3.8/site-packages/airflow/example_dags/example_branch_labels.py
[2024-04-25T13:32:50.141+0000] {logging_mixin.py:154} INFO - [2024-04-25T13:32:50.140+0000] {dag.py:2941} INFO - Sync 1 DAGs
[2024-04-25T13:32:50.186+0000] {logging_mixin.py:154} INFO - [2024-04-25T13:32:50.186+0000] {dag.py:3722} INFO - Setting next_dagrun for example_branch_labels to 2024-04-24T00:00:00+00:00, run_after=2024-04-25T00:00:00+00:00
[2024-04-25T13:32:50.218+0000] {processor.py:179} INFO - Processing /home/airflow/.local/lib/python3.8/site-packages/airflow/example_dags/example_branch_labels.py took 0.141 seconds
[2024-04-25T13:33:20.403+0000] {processor.py:157} INFO - Started process (PID=3115) to work on /home/airflow/.local/lib/python3.8/site-packages/airflow/example_dags/example_branch_labels.py
[2024-04-25T13:33:20.405+0000] {processor.py:829} INFO - Processing file /home/airflow/.local/lib/python3.8/site-packages/airflow/example_dags/example_branch_labels.py for tasks to queue
[2024-04-25T13:33:20.407+0000] {logging_mixin.py:154} INFO - [2024-04-25T13:33:20.406+0000] {dagbag.py:536} INFO - Filling up the DagBag from /home/airflow/.local/lib/python3.8/site-packages/airflow/example_dags/example_branch_labels.py
[2024-04-25T13:33:20.428+0000] {processor.py:839} INFO - DAG(s) dict_keys(['example_branch_labels']) retrieved from /home/airflow/.local/lib/python3.8/site-packages/airflow/example_dags/example_branch_labels.py
[2024-04-25T13:33:20.491+0000] {logging_mixin.py:154} INFO - [2024-04-25T13:33:20.491+0000] {dag.py:2941} INFO - Sync 1 DAGs
[2024-04-25T13:33:20.545+0000] {logging_mixin.py:154} INFO - [2024-04-25T13:33:20.545+0000] {dag.py:3722} INFO - Setting next_dagrun for example_branch_labels to 2024-04-24T00:00:00+00:00, run_after=2024-04-25T00:00:00+00:00
[2024-04-25T13:33:20.582+0000] {processor.py:179} INFO - Processing /home/airflow/.local/lib/python3.8/site-packages/airflow/example_dags/example_branch_labels.py took 0.187 seconds
[2024-04-25T13:33:50.997+0000] {processor.py:157} INFO - Started process (PID=3360) to work on /home/airflow/.local/lib/python3.8/site-packages/airflow/example_dags/example_branch_labels.py
[2024-04-25T13:33:51.006+0000] {processor.py:829} INFO - Processing file /home/airflow/.local/lib/python3.8/site-packages/airflow/example_dags/example_branch_labels.py for tasks to queue
[2024-04-25T13:33:51.017+0000] {logging_mixin.py:154} INFO - [2024-04-25T13:33:51.013+0000] {dagbag.py:536} INFO - Filling up the DagBag from /home/airflow/.local/lib/python3.8/site-packages/airflow/example_dags/example_branch_labels.py
[2024-04-25T13:33:51.076+0000] {processor.py:839} INFO - DAG(s) dict_keys(['example_branch_labels']) retrieved from /home/airflow/.local/lib/python3.8/site-packages/airflow/example_dags/example_branch_labels.py
[2024-04-25T13:33:51.277+0000] {logging_mixin.py:154} INFO - [2024-04-25T13:33:51.276+0000] {dag.py:2941} INFO - Sync 1 DAGs
[2024-04-25T13:33:51.415+0000] {logging_mixin.py:154} INFO - [2024-04-25T13:33:51.413+0000] {dag.py:3722} INFO - Setting next_dagrun for example_branch_labels to 2024-04-24T00:00:00+00:00, run_after=2024-04-25T00:00:00+00:00
[2024-04-25T13:33:51.492+0000] {processor.py:179} INFO - Processing /home/airflow/.local/lib/python3.8/site-packages/airflow/example_dags/example_branch_labels.py took 0.514 seconds
[2024-04-25T13:34:21.775+0000] {processor.py:157} INFO - Started process (PID=3603) to work on /home/airflow/.local/lib/python3.8/site-packages/airflow/example_dags/example_branch_labels.py
[2024-04-25T13:34:21.779+0000] {processor.py:829} INFO - Processing file /home/airflow/.local/lib/python3.8/site-packages/airflow/example_dags/example_branch_labels.py for tasks to queue
[2024-04-25T13:34:21.783+0000] {logging_mixin.py:154} INFO - [2024-04-25T13:34:21.781+0000] {dagbag.py:536} INFO - Filling up the DagBag from /home/airflow/.local/lib/python3.8/site-packages/airflow/example_dags/example_branch_labels.py
[2024-04-25T13:34:21.835+0000] {processor.py:839} INFO - DAG(s) dict_keys(['example_branch_labels']) retrieved from /home/airflow/.local/lib/python3.8/site-packages/airflow/example_dags/example_branch_labels.py
[2024-04-25T13:34:21.956+0000] {logging_mixin.py:154} INFO - [2024-04-25T13:34:21.954+0000] {dag.py:2941} INFO - Sync 1 DAGs
[2024-04-25T13:34:22.088+0000] {logging_mixin.py:154} INFO - [2024-04-25T13:34:22.087+0000] {dag.py:3722} INFO - Setting next_dagrun for example_branch_labels to 2024-04-24T00:00:00+00:00, run_after=2024-04-25T00:00:00+00:00
[2024-04-25T13:34:22.156+0000] {processor.py:179} INFO - Processing /home/airflow/.local/lib/python3.8/site-packages/airflow/example_dags/example_branch_labels.py took 0.398 seconds
[2024-04-25T13:34:52.478+0000] {processor.py:157} INFO - Started process (PID=3846) to work on /home/airflow/.local/lib/python3.8/site-packages/airflow/example_dags/example_branch_labels.py
[2024-04-25T13:34:52.481+0000] {processor.py:829} INFO - Processing file /home/airflow/.local/lib/python3.8/site-packages/airflow/example_dags/example_branch_labels.py for tasks to queue
[2024-04-25T13:34:52.482+0000] {logging_mixin.py:154} INFO - [2024-04-25T13:34:52.482+0000] {dagbag.py:536} INFO - Filling up the DagBag from /home/airflow/.local/lib/python3.8/site-packages/airflow/example_dags/example_branch_labels.py
[2024-04-25T13:34:52.494+0000] {processor.py:839} INFO - DAG(s) dict_keys(['example_branch_labels']) retrieved from /home/airflow/.local/lib/python3.8/site-packages/airflow/example_dags/example_branch_labels.py
[2024-04-25T13:34:52.528+0000] {logging_mixin.py:154} INFO - [2024-04-25T13:34:52.528+0000] {dag.py:2941} INFO - Sync 1 DAGs
[2024-04-25T13:34:52.566+0000] {logging_mixin.py:154} INFO - [2024-04-25T13:34:52.566+0000] {dag.py:3722} INFO - Setting next_dagrun for example_branch_labels to 2024-04-24T00:00:00+00:00, run_after=2024-04-25T00:00:00+00:00
[2024-04-25T13:34:52.594+0000] {processor.py:179} INFO - Processing /home/airflow/.local/lib/python3.8/site-packages/airflow/example_dags/example_branch_labels.py took 0.124 seconds
[2024-04-25T13:35:23.322+0000] {processor.py:157} INFO - Started process (PID=4090) to work on /home/airflow/.local/lib/python3.8/site-packages/airflow/example_dags/example_branch_labels.py
[2024-04-25T13:35:23.324+0000] {processor.py:829} INFO - Processing file /home/airflow/.local/lib/python3.8/site-packages/airflow/example_dags/example_branch_labels.py for tasks to queue
[2024-04-25T13:35:23.326+0000] {logging_mixin.py:154} INFO - [2024-04-25T13:35:23.325+0000] {dagbag.py:536} INFO - Filling up the DagBag from /home/airflow/.local/lib/python3.8/site-packages/airflow/example_dags/example_branch_labels.py
[2024-04-25T13:35:23.342+0000] {processor.py:839} INFO - DAG(s) dict_keys(['example_branch_labels']) retrieved from /home/airflow/.local/lib/python3.8/site-packages/airflow/example_dags/example_branch_labels.py
[2024-04-25T13:35:23.389+0000] {logging_mixin.py:154} INFO - [2024-04-25T13:35:23.388+0000] {dag.py:2941} INFO - Sync 1 DAGs
[2024-04-25T13:35:23.433+0000] {logging_mixin.py:154} INFO - [2024-04-25T13:35:23.432+0000] {dag.py:3722} INFO - Setting next_dagrun for example_branch_labels to 2024-04-24T00:00:00+00:00, run_after=2024-04-25T00:00:00+00:00
[2024-04-25T13:35:23.469+0000] {processor.py:179} INFO - Processing /home/airflow/.local/lib/python3.8/site-packages/airflow/example_dags/example_branch_labels.py took 0.155 seconds
[2024-04-25T13:49:25.089+0000] {processor.py:157} INFO - Started process (PID=183) to work on /home/airflow/.local/lib/python3.8/site-packages/airflow/example_dags/example_branch_labels.py
[2024-04-25T13:49:25.092+0000] {processor.py:829} INFO - Processing file /home/airflow/.local/lib/python3.8/site-packages/airflow/example_dags/example_branch_labels.py for tasks to queue
[2024-04-25T13:49:25.094+0000] {logging_mixin.py:154} INFO - [2024-04-25T13:49:25.093+0000] {dagbag.py:536} INFO - Filling up the DagBag from /home/airflow/.local/lib/python3.8/site-packages/airflow/example_dags/example_branch_labels.py
[2024-04-25T13:49:25.121+0000] {processor.py:839} INFO - DAG(s) dict_keys(['example_branch_labels']) retrieved from /home/airflow/.local/lib/python3.8/site-packages/airflow/example_dags/example_branch_labels.py
[2024-04-25T13:49:25.143+0000] {logging_mixin.py:154} INFO - [2024-04-25T13:49:25.143+0000] {dag.py:2941} INFO - Sync 1 DAGs
[2024-04-25T13:49:25.211+0000] {logging_mixin.py:154} INFO - [2024-04-25T13:49:25.211+0000] {dag.py:3722} INFO - Setting next_dagrun for example_branch_labels to 2024-04-24T00:00:00+00:00, run_after=2024-04-25T00:00:00+00:00
[2024-04-25T13:49:25.246+0000] {processor.py:179} INFO - Processing /home/airflow/.local/lib/python3.8/site-packages/airflow/example_dags/example_branch_labels.py took 0.164 seconds
[2024-04-25T13:49:55.785+0000] {processor.py:157} INFO - Started process (PID=427) to work on /home/airflow/.local/lib/python3.8/site-packages/airflow/example_dags/example_branch_labels.py
[2024-04-25T13:49:55.787+0000] {processor.py:829} INFO - Processing file /home/airflow/.local/lib/python3.8/site-packages/airflow/example_dags/example_branch_labels.py for tasks to queue
[2024-04-25T13:49:55.789+0000] {logging_mixin.py:154} INFO - [2024-04-25T13:49:55.788+0000] {dagbag.py:536} INFO - Filling up the DagBag from /home/airflow/.local/lib/python3.8/site-packages/airflow/example_dags/example_branch_labels.py
[2024-04-25T13:49:55.809+0000] {processor.py:839} INFO - DAG(s) dict_keys(['example_branch_labels']) retrieved from /home/airflow/.local/lib/python3.8/site-packages/airflow/example_dags/example_branch_labels.py
[2024-04-25T13:49:55.848+0000] {logging_mixin.py:154} INFO - [2024-04-25T13:49:55.848+0000] {dag.py:2941} INFO - Sync 1 DAGs
[2024-04-25T13:49:55.881+0000] {logging_mixin.py:154} INFO - [2024-04-25T13:49:55.881+0000] {dag.py:3722} INFO - Setting next_dagrun for example_branch_labels to 2024-04-24T00:00:00+00:00, run_after=2024-04-25T00:00:00+00:00
[2024-04-25T13:49:55.908+0000] {processor.py:179} INFO - Processing /home/airflow/.local/lib/python3.8/site-packages/airflow/example_dags/example_branch_labels.py took 0.132 seconds
[2024-04-25T13:50:26.486+0000] {processor.py:157} INFO - Started process (PID=670) to work on /home/airflow/.local/lib/python3.8/site-packages/airflow/example_dags/example_branch_labels.py
[2024-04-25T13:50:26.487+0000] {processor.py:829} INFO - Processing file /home/airflow/.local/lib/python3.8/site-packages/airflow/example_dags/example_branch_labels.py for tasks to queue
[2024-04-25T13:50:26.488+0000] {logging_mixin.py:154} INFO - [2024-04-25T13:50:26.488+0000] {dagbag.py:536} INFO - Filling up the DagBag from /home/airflow/.local/lib/python3.8/site-packages/airflow/example_dags/example_branch_labels.py
[2024-04-25T13:50:26.501+0000] {processor.py:839} INFO - DAG(s) dict_keys(['example_branch_labels']) retrieved from /home/airflow/.local/lib/python3.8/site-packages/airflow/example_dags/example_branch_labels.py
[2024-04-25T13:50:26.538+0000] {logging_mixin.py:154} INFO - [2024-04-25T13:50:26.538+0000] {dag.py:2941} INFO - Sync 1 DAGs
[2024-04-25T13:50:26.597+0000] {logging_mixin.py:154} INFO - [2024-04-25T13:50:26.597+0000] {dag.py:3722} INFO - Setting next_dagrun for example_branch_labels to 2024-04-24T00:00:00+00:00, run_after=2024-04-25T00:00:00+00:00
[2024-04-25T13:50:26.640+0000] {processor.py:179} INFO - Processing /home/airflow/.local/lib/python3.8/site-packages/airflow/example_dags/example_branch_labels.py took 0.160 seconds
[2024-04-25T13:50:56.694+0000] {processor.py:157} INFO - Started process (PID=908) to work on /home/airflow/.local/lib/python3.8/site-packages/airflow/example_dags/example_branch_labels.py
[2024-04-25T13:50:56.696+0000] {processor.py:829} INFO - Processing file /home/airflow/.local/lib/python3.8/site-packages/airflow/example_dags/example_branch_labels.py for tasks to queue
[2024-04-25T13:50:56.698+0000] {logging_mixin.py:154} INFO - [2024-04-25T13:50:56.697+0000] {dagbag.py:536} INFO - Filling up the DagBag from /home/airflow/.local/lib/python3.8/site-packages/airflow/example_dags/example_branch_labels.py
[2024-04-25T13:50:56.712+0000] {processor.py:839} INFO - DAG(s) dict_keys(['example_branch_labels']) retrieved from /home/airflow/.local/lib/python3.8/site-packages/airflow/example_dags/example_branch_labels.py
[2024-04-25T13:50:56.755+0000] {logging_mixin.py:154} INFO - [2024-04-25T13:50:56.755+0000] {dag.py:2941} INFO - Sync 1 DAGs
[2024-04-25T13:50:56.797+0000] {logging_mixin.py:154} INFO - [2024-04-25T13:50:56.797+0000] {dag.py:3722} INFO - Setting next_dagrun for example_branch_labels to 2024-04-24T00:00:00+00:00, run_after=2024-04-25T00:00:00+00:00
[2024-04-25T13:50:56.828+0000] {processor.py:179} INFO - Processing /home/airflow/.local/lib/python3.8/site-packages/airflow/example_dags/example_branch_labels.py took 0.142 seconds
[2024-04-25T13:51:27.136+0000] {processor.py:157} INFO - Started process (PID=1151) to work on /home/airflow/.local/lib/python3.8/site-packages/airflow/example_dags/example_branch_labels.py
[2024-04-25T13:51:27.138+0000] {processor.py:829} INFO - Processing file /home/airflow/.local/lib/python3.8/site-packages/airflow/example_dags/example_branch_labels.py for tasks to queue
[2024-04-25T13:51:27.139+0000] {logging_mixin.py:154} INFO - [2024-04-25T13:51:27.139+0000] {dagbag.py:536} INFO - Filling up the DagBag from /home/airflow/.local/lib/python3.8/site-packages/airflow/example_dags/example_branch_labels.py
[2024-04-25T13:51:27.159+0000] {processor.py:839} INFO - DAG(s) dict_keys(['example_branch_labels']) retrieved from /home/airflow/.local/lib/python3.8/site-packages/airflow/example_dags/example_branch_labels.py
[2024-04-25T13:51:27.196+0000] {logging_mixin.py:154} INFO - [2024-04-25T13:51:27.196+0000] {dag.py:2941} INFO - Sync 1 DAGs
[2024-04-25T13:51:27.233+0000] {logging_mixin.py:154} INFO - [2024-04-25T13:51:27.233+0000] {dag.py:3722} INFO - Setting next_dagrun for example_branch_labels to 2024-04-24T00:00:00+00:00, run_after=2024-04-25T00:00:00+00:00
[2024-04-25T13:51:27.263+0000] {processor.py:179} INFO - Processing /home/airflow/.local/lib/python3.8/site-packages/airflow/example_dags/example_branch_labels.py took 0.134 seconds
[2024-04-25T13:51:57.365+0000] {processor.py:157} INFO - Started process (PID=1394) to work on /home/airflow/.local/lib/python3.8/site-packages/airflow/example_dags/example_branch_labels.py
[2024-04-25T13:51:57.366+0000] {processor.py:829} INFO - Processing file /home/airflow/.local/lib/python3.8/site-packages/airflow/example_dags/example_branch_labels.py for tasks to queue
[2024-04-25T13:51:57.367+0000] {logging_mixin.py:154} INFO - [2024-04-25T13:51:57.367+0000] {dagbag.py:536} INFO - Filling up the DagBag from /home/airflow/.local/lib/python3.8/site-packages/airflow/example_dags/example_branch_labels.py
[2024-04-25T13:51:57.382+0000] {processor.py:839} INFO - DAG(s) dict_keys(['example_branch_labels']) retrieved from /home/airflow/.local/lib/python3.8/site-packages/airflow/example_dags/example_branch_labels.py
[2024-04-25T13:51:57.429+0000] {logging_mixin.py:154} INFO - [2024-04-25T13:51:57.428+0000] {dag.py:2941} INFO - Sync 1 DAGs
[2024-04-25T13:51:57.470+0000] {logging_mixin.py:154} INFO - [2024-04-25T13:51:57.470+0000] {dag.py:3722} INFO - Setting next_dagrun for example_branch_labels to 2024-04-24T00:00:00+00:00, run_after=2024-04-25T00:00:00+00:00
[2024-04-25T13:51:57.498+0000] {processor.py:179} INFO - Processing /home/airflow/.local/lib/python3.8/site-packages/airflow/example_dags/example_branch_labels.py took 0.140 seconds
[2024-04-25T13:52:28.203+0000] {processor.py:157} INFO - Started process (PID=1641) to work on /home/airflow/.local/lib/python3.8/site-packages/airflow/example_dags/example_branch_labels.py
[2024-04-25T13:52:28.205+0000] {processor.py:829} INFO - Processing file /home/airflow/.local/lib/python3.8/site-packages/airflow/example_dags/example_branch_labels.py for tasks to queue
[2024-04-25T13:52:28.206+0000] {logging_mixin.py:154} INFO - [2024-04-25T13:52:28.206+0000] {dagbag.py:536} INFO - Filling up the DagBag from /home/airflow/.local/lib/python3.8/site-packages/airflow/example_dags/example_branch_labels.py
[2024-04-25T13:52:28.220+0000] {processor.py:839} INFO - DAG(s) dict_keys(['example_branch_labels']) retrieved from /home/airflow/.local/lib/python3.8/site-packages/airflow/example_dags/example_branch_labels.py
[2024-04-25T13:52:28.266+0000] {logging_mixin.py:154} INFO - [2024-04-25T13:52:28.265+0000] {dag.py:2941} INFO - Sync 1 DAGs
[2024-04-25T13:52:28.313+0000] {logging_mixin.py:154} INFO - [2024-04-25T13:52:28.313+0000] {dag.py:3722} INFO - Setting next_dagrun for example_branch_labels to 2024-04-24T00:00:00+00:00, run_after=2024-04-25T00:00:00+00:00
[2024-04-25T13:52:28.350+0000] {processor.py:179} INFO - Processing /home/airflow/.local/lib/python3.8/site-packages/airflow/example_dags/example_branch_labels.py took 0.154 seconds
[2024-04-25T13:52:58.972+0000] {processor.py:157} INFO - Started process (PID=1887) to work on /home/airflow/.local/lib/python3.8/site-packages/airflow/example_dags/example_branch_labels.py
[2024-04-25T13:52:58.975+0000] {processor.py:829} INFO - Processing file /home/airflow/.local/lib/python3.8/site-packages/airflow/example_dags/example_branch_labels.py for tasks to queue
[2024-04-25T13:52:58.978+0000] {logging_mixin.py:154} INFO - [2024-04-25T13:52:58.977+0000] {dagbag.py:536} INFO - Filling up the DagBag from /home/airflow/.local/lib/python3.8/site-packages/airflow/example_dags/example_branch_labels.py
[2024-04-25T13:52:59.003+0000] {processor.py:839} INFO - DAG(s) dict_keys(['example_branch_labels']) retrieved from /home/airflow/.local/lib/python3.8/site-packages/airflow/example_dags/example_branch_labels.py
[2024-04-25T13:52:59.055+0000] {logging_mixin.py:154} INFO - [2024-04-25T13:52:59.054+0000] {dag.py:2941} INFO - Sync 1 DAGs
[2024-04-25T13:52:59.101+0000] {logging_mixin.py:154} INFO - [2024-04-25T13:52:59.100+0000] {dag.py:3722} INFO - Setting next_dagrun for example_branch_labels to 2024-04-24T00:00:00+00:00, run_after=2024-04-25T00:00:00+00:00
[2024-04-25T13:52:59.134+0000] {processor.py:179} INFO - Processing /home/airflow/.local/lib/python3.8/site-packages/airflow/example_dags/example_branch_labels.py took 0.195 seconds
[2024-04-25T13:53:30.103+0000] {processor.py:157} INFO - Started process (PID=2130) to work on /home/airflow/.local/lib/python3.8/site-packages/airflow/example_dags/example_branch_labels.py
[2024-04-25T13:53:30.105+0000] {processor.py:829} INFO - Processing file /home/airflow/.local/lib/python3.8/site-packages/airflow/example_dags/example_branch_labels.py for tasks to queue
[2024-04-25T13:53:30.106+0000] {logging_mixin.py:154} INFO - [2024-04-25T13:53:30.106+0000] {dagbag.py:536} INFO - Filling up the DagBag from /home/airflow/.local/lib/python3.8/site-packages/airflow/example_dags/example_branch_labels.py
[2024-04-25T13:53:30.118+0000] {processor.py:839} INFO - DAG(s) dict_keys(['example_branch_labels']) retrieved from /home/airflow/.local/lib/python3.8/site-packages/airflow/example_dags/example_branch_labels.py
[2024-04-25T13:53:30.158+0000] {logging_mixin.py:154} INFO - [2024-04-25T13:53:30.158+0000] {dag.py:2941} INFO - Sync 1 DAGs
[2024-04-25T13:53:30.196+0000] {logging_mixin.py:154} INFO - [2024-04-25T13:53:30.196+0000] {dag.py:3722} INFO - Setting next_dagrun for example_branch_labels to 2024-04-24T00:00:00+00:00, run_after=2024-04-25T00:00:00+00:00
[2024-04-25T13:53:30.226+0000] {processor.py:179} INFO - Processing /home/airflow/.local/lib/python3.8/site-packages/airflow/example_dags/example_branch_labels.py took 0.129 seconds
