[2024-04-25T12:38:03.260+0000] {processor.py:157} INFO - Started process (PID=303) to work on /home/airflow/.local/lib/python3.8/site-packages/airflow/example_dags/example_branch_operator.py
[2024-04-25T12:38:03.262+0000] {processor.py:829} INFO - Processing file /home/airflow/.local/lib/python3.8/site-packages/airflow/example_dags/example_branch_operator.py for tasks to queue
[2024-04-25T12:38:03.264+0000] {logging_mixin.py:154} INFO - [2024-04-25T12:38:03.263+0000] {dagbag.py:536} INFO - Filling up the DagBag from /home/airflow/.local/lib/python3.8/site-packages/airflow/example_dags/example_branch_operator.py
[2024-04-25T12:38:03.288+0000] {processor.py:839} INFO - DAG(s) dict_keys(['example_branch_operator']) retrieved from /home/airflow/.local/lib/python3.8/site-packages/airflow/example_dags/example_branch_operator.py
[2024-04-25T12:38:03.495+0000] {logging_mixin.py:154} INFO - [2024-04-25T12:38:03.495+0000] {manager.py:499} INFO - Created Permission View: %s
[2024-04-25T12:38:03.512+0000] {logging_mixin.py:154} INFO - [2024-04-25T12:38:03.512+0000] {manager.py:499} INFO - Created Permission View: %s
[2024-04-25T12:38:03.523+0000] {logging_mixin.py:154} INFO - [2024-04-25T12:38:03.523+0000] {manager.py:499} INFO - Created Permission View: %s
[2024-04-25T12:38:03.524+0000] {logging_mixin.py:154} INFO - [2024-04-25T12:38:03.524+0000] {dag.py:2941} INFO - Sync 1 DAGs
[2024-04-25T12:38:03.546+0000] {logging_mixin.py:154} INFO - [2024-04-25T12:38:03.546+0000] {dag.py:2963} INFO - Creating ORM DAG for example_branch_operator
[2024-04-25T12:38:03.567+0000] {logging_mixin.py:154} INFO - [2024-04-25T12:38:03.566+0000] {dag.py:3722} INFO - Setting next_dagrun for example_branch_operator to 2024-04-24T00:00:00+00:00, run_after=2024-04-25T00:00:00+00:00
[2024-04-25T12:38:03.606+0000] {processor.py:179} INFO - Processing /home/airflow/.local/lib/python3.8/site-packages/airflow/example_dags/example_branch_operator.py took 0.354 seconds
[2024-04-25T12:38:34.394+0000] {processor.py:157} INFO - Started process (PID=546) to work on /home/airflow/.local/lib/python3.8/site-packages/airflow/example_dags/example_branch_operator.py
[2024-04-25T12:38:34.395+0000] {processor.py:829} INFO - Processing file /home/airflow/.local/lib/python3.8/site-packages/airflow/example_dags/example_branch_operator.py for tasks to queue
[2024-04-25T12:38:34.396+0000] {logging_mixin.py:154} INFO - [2024-04-25T12:38:34.396+0000] {dagbag.py:536} INFO - Filling up the DagBag from /home/airflow/.local/lib/python3.8/site-packages/airflow/example_dags/example_branch_operator.py
[2024-04-25T12:38:34.420+0000] {processor.py:839} INFO - DAG(s) dict_keys(['example_branch_operator']) retrieved from /home/airflow/.local/lib/python3.8/site-packages/airflow/example_dags/example_branch_operator.py
[2024-04-25T12:38:34.457+0000] {logging_mixin.py:154} INFO - [2024-04-25T12:38:34.457+0000] {dag.py:2941} INFO - Sync 1 DAGs
[2024-04-25T12:38:34.501+0000] {logging_mixin.py:154} INFO - [2024-04-25T12:38:34.500+0000] {dag.py:3722} INFO - Setting next_dagrun for example_branch_operator to 2024-04-24T00:00:00+00:00, run_after=2024-04-25T00:00:00+00:00
[2024-04-25T12:38:34.539+0000] {processor.py:179} INFO - Processing /home/airflow/.local/lib/python3.8/site-packages/airflow/example_dags/example_branch_operator.py took 0.151 seconds
[2024-04-25T12:39:04.829+0000] {processor.py:157} INFO - Started process (PID=790) to work on /home/airflow/.local/lib/python3.8/site-packages/airflow/example_dags/example_branch_operator.py
[2024-04-25T12:39:04.831+0000] {processor.py:829} INFO - Processing file /home/airflow/.local/lib/python3.8/site-packages/airflow/example_dags/example_branch_operator.py for tasks to queue
[2024-04-25T12:39:04.832+0000] {logging_mixin.py:154} INFO - [2024-04-25T12:39:04.832+0000] {dagbag.py:536} INFO - Filling up the DagBag from /home/airflow/.local/lib/python3.8/site-packages/airflow/example_dags/example_branch_operator.py
[2024-04-25T12:39:04.848+0000] {processor.py:839} INFO - DAG(s) dict_keys(['example_branch_operator']) retrieved from /home/airflow/.local/lib/python3.8/site-packages/airflow/example_dags/example_branch_operator.py
[2024-04-25T12:39:04.885+0000] {logging_mixin.py:154} INFO - [2024-04-25T12:39:04.885+0000] {dag.py:2941} INFO - Sync 1 DAGs
[2024-04-25T12:39:04.919+0000] {logging_mixin.py:154} INFO - [2024-04-25T12:39:04.919+0000] {dag.py:3722} INFO - Setting next_dagrun for example_branch_operator to 2024-04-24T00:00:00+00:00, run_after=2024-04-25T00:00:00+00:00
[2024-04-25T12:39:04.949+0000] {processor.py:179} INFO - Processing /home/airflow/.local/lib/python3.8/site-packages/airflow/example_dags/example_branch_operator.py took 0.125 seconds
[2024-04-25T12:39:35.232+0000] {processor.py:157} INFO - Started process (PID=1033) to work on /home/airflow/.local/lib/python3.8/site-packages/airflow/example_dags/example_branch_operator.py
[2024-04-25T12:39:35.233+0000] {processor.py:829} INFO - Processing file /home/airflow/.local/lib/python3.8/site-packages/airflow/example_dags/example_branch_operator.py for tasks to queue
[2024-04-25T12:39:35.234+0000] {logging_mixin.py:154} INFO - [2024-04-25T12:39:35.234+0000] {dagbag.py:536} INFO - Filling up the DagBag from /home/airflow/.local/lib/python3.8/site-packages/airflow/example_dags/example_branch_operator.py
[2024-04-25T12:39:35.251+0000] {processor.py:839} INFO - DAG(s) dict_keys(['example_branch_operator']) retrieved from /home/airflow/.local/lib/python3.8/site-packages/airflow/example_dags/example_branch_operator.py
[2024-04-25T12:39:35.286+0000] {logging_mixin.py:154} INFO - [2024-04-25T12:39:35.285+0000] {dag.py:2941} INFO - Sync 1 DAGs
[2024-04-25T12:39:35.323+0000] {logging_mixin.py:154} INFO - [2024-04-25T12:39:35.323+0000] {dag.py:3722} INFO - Setting next_dagrun for example_branch_operator to 2024-04-24T00:00:00+00:00, run_after=2024-04-25T00:00:00+00:00
[2024-04-25T12:39:35.351+0000] {processor.py:179} INFO - Processing /home/airflow/.local/lib/python3.8/site-packages/airflow/example_dags/example_branch_operator.py took 0.124 seconds
[2024-04-25T12:40:05.556+0000] {processor.py:157} INFO - Started process (PID=1276) to work on /home/airflow/.local/lib/python3.8/site-packages/airflow/example_dags/example_branch_operator.py
[2024-04-25T12:40:05.559+0000] {processor.py:829} INFO - Processing file /home/airflow/.local/lib/python3.8/site-packages/airflow/example_dags/example_branch_operator.py for tasks to queue
[2024-04-25T12:40:05.560+0000] {logging_mixin.py:154} INFO - [2024-04-25T12:40:05.560+0000] {dagbag.py:536} INFO - Filling up the DagBag from /home/airflow/.local/lib/python3.8/site-packages/airflow/example_dags/example_branch_operator.py
[2024-04-25T12:40:05.580+0000] {processor.py:839} INFO - DAG(s) dict_keys(['example_branch_operator']) retrieved from /home/airflow/.local/lib/python3.8/site-packages/airflow/example_dags/example_branch_operator.py
[2024-04-25T12:40:05.627+0000] {logging_mixin.py:154} INFO - [2024-04-25T12:40:05.627+0000] {dag.py:2941} INFO - Sync 1 DAGs
[2024-04-25T12:40:05.671+0000] {logging_mixin.py:154} INFO - [2024-04-25T12:40:05.671+0000] {dag.py:3722} INFO - Setting next_dagrun for example_branch_operator to 2024-04-24T00:00:00+00:00, run_after=2024-04-25T00:00:00+00:00
[2024-04-25T12:40:05.702+0000] {processor.py:179} INFO - Processing /home/airflow/.local/lib/python3.8/site-packages/airflow/example_dags/example_branch_operator.py took 0.154 seconds
[2024-04-25T12:40:36.211+0000] {processor.py:157} INFO - Started process (PID=1519) to work on /home/airflow/.local/lib/python3.8/site-packages/airflow/example_dags/example_branch_operator.py
[2024-04-25T12:40:36.213+0000] {processor.py:829} INFO - Processing file /home/airflow/.local/lib/python3.8/site-packages/airflow/example_dags/example_branch_operator.py for tasks to queue
[2024-04-25T12:40:36.214+0000] {logging_mixin.py:154} INFO - [2024-04-25T12:40:36.214+0000] {dagbag.py:536} INFO - Filling up the DagBag from /home/airflow/.local/lib/python3.8/site-packages/airflow/example_dags/example_branch_operator.py
[2024-04-25T12:40:36.230+0000] {processor.py:839} INFO - DAG(s) dict_keys(['example_branch_operator']) retrieved from /home/airflow/.local/lib/python3.8/site-packages/airflow/example_dags/example_branch_operator.py
[2024-04-25T12:40:36.269+0000] {logging_mixin.py:154} INFO - [2024-04-25T12:40:36.268+0000] {dag.py:2941} INFO - Sync 1 DAGs
[2024-04-25T12:40:36.306+0000] {logging_mixin.py:154} INFO - [2024-04-25T12:40:36.305+0000] {dag.py:3722} INFO - Setting next_dagrun for example_branch_operator to 2024-04-24T00:00:00+00:00, run_after=2024-04-25T00:00:00+00:00
[2024-04-25T12:40:36.343+0000] {processor.py:179} INFO - Processing /home/airflow/.local/lib/python3.8/site-packages/airflow/example_dags/example_branch_operator.py took 0.137 seconds
[2024-04-25T12:41:07.130+0000] {processor.py:157} INFO - Started process (PID=1762) to work on /home/airflow/.local/lib/python3.8/site-packages/airflow/example_dags/example_branch_operator.py
[2024-04-25T12:41:07.132+0000] {processor.py:829} INFO - Processing file /home/airflow/.local/lib/python3.8/site-packages/airflow/example_dags/example_branch_operator.py for tasks to queue
[2024-04-25T12:41:07.133+0000] {logging_mixin.py:154} INFO - [2024-04-25T12:41:07.132+0000] {dagbag.py:536} INFO - Filling up the DagBag from /home/airflow/.local/lib/python3.8/site-packages/airflow/example_dags/example_branch_operator.py
[2024-04-25T12:41:07.148+0000] {processor.py:839} INFO - DAG(s) dict_keys(['example_branch_operator']) retrieved from /home/airflow/.local/lib/python3.8/site-packages/airflow/example_dags/example_branch_operator.py
[2024-04-25T12:41:07.184+0000] {logging_mixin.py:154} INFO - [2024-04-25T12:41:07.184+0000] {dag.py:2941} INFO - Sync 1 DAGs
[2024-04-25T12:41:07.216+0000] {logging_mixin.py:154} INFO - [2024-04-25T12:41:07.215+0000] {dag.py:3722} INFO - Setting next_dagrun for example_branch_operator to 2024-04-24T00:00:00+00:00, run_after=2024-04-25T00:00:00+00:00
[2024-04-25T12:41:07.241+0000] {processor.py:179} INFO - Processing /home/airflow/.local/lib/python3.8/site-packages/airflow/example_dags/example_branch_operator.py took 0.117 seconds
[2024-04-25T12:41:37.811+0000] {processor.py:157} INFO - Started process (PID=2005) to work on /home/airflow/.local/lib/python3.8/site-packages/airflow/example_dags/example_branch_operator.py
[2024-04-25T12:41:37.812+0000] {processor.py:829} INFO - Processing file /home/airflow/.local/lib/python3.8/site-packages/airflow/example_dags/example_branch_operator.py for tasks to queue
[2024-04-25T12:41:37.813+0000] {logging_mixin.py:154} INFO - [2024-04-25T12:41:37.813+0000] {dagbag.py:536} INFO - Filling up the DagBag from /home/airflow/.local/lib/python3.8/site-packages/airflow/example_dags/example_branch_operator.py
[2024-04-25T12:41:37.831+0000] {processor.py:839} INFO - DAG(s) dict_keys(['example_branch_operator']) retrieved from /home/airflow/.local/lib/python3.8/site-packages/airflow/example_dags/example_branch_operator.py
[2024-04-25T12:41:37.872+0000] {logging_mixin.py:154} INFO - [2024-04-25T12:41:37.872+0000] {dag.py:2941} INFO - Sync 1 DAGs
[2024-04-25T12:41:37.909+0000] {logging_mixin.py:154} INFO - [2024-04-25T12:41:37.909+0000] {dag.py:3722} INFO - Setting next_dagrun for example_branch_operator to 2024-04-24T00:00:00+00:00, run_after=2024-04-25T00:00:00+00:00
[2024-04-25T12:41:37.939+0000] {processor.py:179} INFO - Processing /home/airflow/.local/lib/python3.8/site-packages/airflow/example_dags/example_branch_operator.py took 0.134 seconds
[2024-04-25T12:42:08.192+0000] {processor.py:157} INFO - Started process (PID=2256) to work on /home/airflow/.local/lib/python3.8/site-packages/airflow/example_dags/example_branch_operator.py
[2024-04-25T12:42:08.195+0000] {processor.py:829} INFO - Processing file /home/airflow/.local/lib/python3.8/site-packages/airflow/example_dags/example_branch_operator.py for tasks to queue
[2024-04-25T12:42:08.197+0000] {logging_mixin.py:154} INFO - [2024-04-25T12:42:08.196+0000] {dagbag.py:536} INFO - Filling up the DagBag from /home/airflow/.local/lib/python3.8/site-packages/airflow/example_dags/example_branch_operator.py
[2024-04-25T12:42:08.211+0000] {processor.py:839} INFO - DAG(s) dict_keys(['example_branch_operator']) retrieved from /home/airflow/.local/lib/python3.8/site-packages/airflow/example_dags/example_branch_operator.py
[2024-04-25T12:42:08.245+0000] {logging_mixin.py:154} INFO - [2024-04-25T12:42:08.245+0000] {dag.py:2941} INFO - Sync 1 DAGs
[2024-04-25T12:42:08.279+0000] {logging_mixin.py:154} INFO - [2024-04-25T12:42:08.279+0000] {dag.py:3722} INFO - Setting next_dagrun for example_branch_operator to 2024-04-24T00:00:00+00:00, run_after=2024-04-25T00:00:00+00:00
[2024-04-25T12:42:08.306+0000] {processor.py:179} INFO - Processing /home/airflow/.local/lib/python3.8/site-packages/airflow/example_dags/example_branch_operator.py took 0.123 seconds
[2024-04-25T12:42:38.701+0000] {processor.py:157} INFO - Started process (PID=2500) to work on /home/airflow/.local/lib/python3.8/site-packages/airflow/example_dags/example_branch_operator.py
[2024-04-25T12:42:38.702+0000] {processor.py:829} INFO - Processing file /home/airflow/.local/lib/python3.8/site-packages/airflow/example_dags/example_branch_operator.py for tasks to queue
[2024-04-25T12:42:38.703+0000] {logging_mixin.py:154} INFO - [2024-04-25T12:42:38.703+0000] {dagbag.py:536} INFO - Filling up the DagBag from /home/airflow/.local/lib/python3.8/site-packages/airflow/example_dags/example_branch_operator.py
[2024-04-25T12:42:38.718+0000] {processor.py:839} INFO - DAG(s) dict_keys(['example_branch_operator']) retrieved from /home/airflow/.local/lib/python3.8/site-packages/airflow/example_dags/example_branch_operator.py
[2024-04-25T12:42:38.759+0000] {logging_mixin.py:154} INFO - [2024-04-25T12:42:38.759+0000] {dag.py:2941} INFO - Sync 1 DAGs
[2024-04-25T12:42:38.798+0000] {logging_mixin.py:154} INFO - [2024-04-25T12:42:38.798+0000] {dag.py:3722} INFO - Setting next_dagrun for example_branch_operator to 2024-04-24T00:00:00+00:00, run_after=2024-04-25T00:00:00+00:00
[2024-04-25T12:42:38.831+0000] {processor.py:179} INFO - Processing /home/airflow/.local/lib/python3.8/site-packages/airflow/example_dags/example_branch_operator.py took 0.137 seconds
[2024-04-25T12:43:09.582+0000] {processor.py:157} INFO - Started process (PID=2743) to work on /home/airflow/.local/lib/python3.8/site-packages/airflow/example_dags/example_branch_operator.py
[2024-04-25T12:43:09.585+0000] {processor.py:829} INFO - Processing file /home/airflow/.local/lib/python3.8/site-packages/airflow/example_dags/example_branch_operator.py for tasks to queue
[2024-04-25T12:43:09.586+0000] {logging_mixin.py:154} INFO - [2024-04-25T12:43:09.586+0000] {dagbag.py:536} INFO - Filling up the DagBag from /home/airflow/.local/lib/python3.8/site-packages/airflow/example_dags/example_branch_operator.py
[2024-04-25T12:43:09.607+0000] {processor.py:839} INFO - DAG(s) dict_keys(['example_branch_operator']) retrieved from /home/airflow/.local/lib/python3.8/site-packages/airflow/example_dags/example_branch_operator.py
[2024-04-25T12:43:09.648+0000] {logging_mixin.py:154} INFO - [2024-04-25T12:43:09.648+0000] {dag.py:2941} INFO - Sync 1 DAGs
[2024-04-25T12:43:09.688+0000] {logging_mixin.py:154} INFO - [2024-04-25T12:43:09.687+0000] {dag.py:3722} INFO - Setting next_dagrun for example_branch_operator to 2024-04-24T00:00:00+00:00, run_after=2024-04-25T00:00:00+00:00
[2024-04-25T12:43:09.716+0000] {processor.py:179} INFO - Processing /home/airflow/.local/lib/python3.8/site-packages/airflow/example_dags/example_branch_operator.py took 0.140 seconds
[2024-04-25T12:43:42.036+0000] {processor.py:157} INFO - Started process (PID=2992) to work on /home/airflow/.local/lib/python3.8/site-packages/airflow/example_dags/example_branch_operator.py
[2024-04-25T12:43:42.040+0000] {processor.py:829} INFO - Processing file /home/airflow/.local/lib/python3.8/site-packages/airflow/example_dags/example_branch_operator.py for tasks to queue
[2024-04-25T12:43:42.042+0000] {logging_mixin.py:154} INFO - [2024-04-25T12:43:42.041+0000] {dagbag.py:536} INFO - Filling up the DagBag from /home/airflow/.local/lib/python3.8/site-packages/airflow/example_dags/example_branch_operator.py
[2024-04-25T12:43:42.076+0000] {processor.py:839} INFO - DAG(s) dict_keys(['example_branch_operator']) retrieved from /home/airflow/.local/lib/python3.8/site-packages/airflow/example_dags/example_branch_operator.py
[2024-04-25T12:43:42.126+0000] {logging_mixin.py:154} INFO - [2024-04-25T12:43:42.126+0000] {dag.py:2941} INFO - Sync 1 DAGs
[2024-04-25T12:43:42.185+0000] {logging_mixin.py:154} INFO - [2024-04-25T12:43:42.185+0000] {dag.py:3722} INFO - Setting next_dagrun for example_branch_operator to 2024-04-24T00:00:00+00:00, run_after=2024-04-25T00:00:00+00:00
[2024-04-25T12:43:42.227+0000] {processor.py:179} INFO - Processing /home/airflow/.local/lib/python3.8/site-packages/airflow/example_dags/example_branch_operator.py took 0.198 seconds
[2024-04-25T12:44:13.327+0000] {processor.py:157} INFO - Started process (PID=3248) to work on /home/airflow/.local/lib/python3.8/site-packages/airflow/example_dags/example_branch_operator.py
[2024-04-25T12:44:13.330+0000] {processor.py:829} INFO - Processing file /home/airflow/.local/lib/python3.8/site-packages/airflow/example_dags/example_branch_operator.py for tasks to queue
[2024-04-25T12:44:13.333+0000] {logging_mixin.py:154} INFO - [2024-04-25T12:44:13.332+0000] {dagbag.py:536} INFO - Filling up the DagBag from /home/airflow/.local/lib/python3.8/site-packages/airflow/example_dags/example_branch_operator.py
[2024-04-25T12:44:13.358+0000] {processor.py:839} INFO - DAG(s) dict_keys(['example_branch_operator']) retrieved from /home/airflow/.local/lib/python3.8/site-packages/airflow/example_dags/example_branch_operator.py
[2024-04-25T12:44:13.417+0000] {logging_mixin.py:154} INFO - [2024-04-25T12:44:13.416+0000] {dag.py:2941} INFO - Sync 1 DAGs
[2024-04-25T12:44:13.468+0000] {logging_mixin.py:154} INFO - [2024-04-25T12:44:13.468+0000] {dag.py:3722} INFO - Setting next_dagrun for example_branch_operator to 2024-04-24T00:00:00+00:00, run_after=2024-04-25T00:00:00+00:00
[2024-04-25T12:44:13.507+0000] {processor.py:179} INFO - Processing /home/airflow/.local/lib/python3.8/site-packages/airflow/example_dags/example_branch_operator.py took 0.190 seconds
[2024-04-25T12:44:43.732+0000] {processor.py:157} INFO - Started process (PID=3493) to work on /home/airflow/.local/lib/python3.8/site-packages/airflow/example_dags/example_branch_operator.py
[2024-04-25T12:44:43.735+0000] {processor.py:829} INFO - Processing file /home/airflow/.local/lib/python3.8/site-packages/airflow/example_dags/example_branch_operator.py for tasks to queue
[2024-04-25T12:44:43.736+0000] {logging_mixin.py:154} INFO - [2024-04-25T12:44:43.735+0000] {dagbag.py:536} INFO - Filling up the DagBag from /home/airflow/.local/lib/python3.8/site-packages/airflow/example_dags/example_branch_operator.py
[2024-04-25T12:44:43.750+0000] {processor.py:839} INFO - DAG(s) dict_keys(['example_branch_operator']) retrieved from /home/airflow/.local/lib/python3.8/site-packages/airflow/example_dags/example_branch_operator.py
[2024-04-25T12:44:43.788+0000] {logging_mixin.py:154} INFO - [2024-04-25T12:44:43.788+0000] {dag.py:2941} INFO - Sync 1 DAGs
[2024-04-25T12:44:43.824+0000] {logging_mixin.py:154} INFO - [2024-04-25T12:44:43.824+0000] {dag.py:3722} INFO - Setting next_dagrun for example_branch_operator to 2024-04-24T00:00:00+00:00, run_after=2024-04-25T00:00:00+00:00
[2024-04-25T12:44:43.859+0000] {processor.py:179} INFO - Processing /home/airflow/.local/lib/python3.8/site-packages/airflow/example_dags/example_branch_operator.py took 0.132 seconds
[2024-04-25T12:45:14.641+0000] {processor.py:157} INFO - Started process (PID=3735) to work on /home/airflow/.local/lib/python3.8/site-packages/airflow/example_dags/example_branch_operator.py
[2024-04-25T12:45:14.644+0000] {processor.py:829} INFO - Processing file /home/airflow/.local/lib/python3.8/site-packages/airflow/example_dags/example_branch_operator.py for tasks to queue
[2024-04-25T12:45:14.645+0000] {logging_mixin.py:154} INFO - [2024-04-25T12:45:14.645+0000] {dagbag.py:536} INFO - Filling up the DagBag from /home/airflow/.local/lib/python3.8/site-packages/airflow/example_dags/example_branch_operator.py
[2024-04-25T12:45:14.665+0000] {processor.py:839} INFO - DAG(s) dict_keys(['example_branch_operator']) retrieved from /home/airflow/.local/lib/python3.8/site-packages/airflow/example_dags/example_branch_operator.py
[2024-04-25T12:45:14.704+0000] {logging_mixin.py:154} INFO - [2024-04-25T12:45:14.704+0000] {dag.py:2941} INFO - Sync 1 DAGs
[2024-04-25T12:45:14.738+0000] {logging_mixin.py:154} INFO - [2024-04-25T12:45:14.738+0000] {dag.py:3722} INFO - Setting next_dagrun for example_branch_operator to 2024-04-24T00:00:00+00:00, run_after=2024-04-25T00:00:00+00:00
[2024-04-25T12:45:14.765+0000] {processor.py:179} INFO - Processing /home/airflow/.local/lib/python3.8/site-packages/airflow/example_dags/example_branch_operator.py took 0.132 seconds
[2024-04-25T12:45:45.768+0000] {processor.py:157} INFO - Started process (PID=3978) to work on /home/airflow/.local/lib/python3.8/site-packages/airflow/example_dags/example_branch_operator.py
[2024-04-25T12:45:45.770+0000] {processor.py:829} INFO - Processing file /home/airflow/.local/lib/python3.8/site-packages/airflow/example_dags/example_branch_operator.py for tasks to queue
[2024-04-25T12:45:45.772+0000] {logging_mixin.py:154} INFO - [2024-04-25T12:45:45.771+0000] {dagbag.py:536} INFO - Filling up the DagBag from /home/airflow/.local/lib/python3.8/site-packages/airflow/example_dags/example_branch_operator.py
[2024-04-25T12:45:45.791+0000] {processor.py:839} INFO - DAG(s) dict_keys(['example_branch_operator']) retrieved from /home/airflow/.local/lib/python3.8/site-packages/airflow/example_dags/example_branch_operator.py
[2024-04-25T12:45:45.838+0000] {logging_mixin.py:154} INFO - [2024-04-25T12:45:45.837+0000] {dag.py:2941} INFO - Sync 1 DAGs
[2024-04-25T12:45:45.889+0000] {logging_mixin.py:154} INFO - [2024-04-25T12:45:45.889+0000] {dag.py:3722} INFO - Setting next_dagrun for example_branch_operator to 2024-04-24T00:00:00+00:00, run_after=2024-04-25T00:00:00+00:00
[2024-04-25T12:45:45.919+0000] {processor.py:179} INFO - Processing /home/airflow/.local/lib/python3.8/site-packages/airflow/example_dags/example_branch_operator.py took 0.159 seconds
[2024-04-25T12:46:16.597+0000] {processor.py:157} INFO - Started process (PID=4221) to work on /home/airflow/.local/lib/python3.8/site-packages/airflow/example_dags/example_branch_operator.py
[2024-04-25T12:46:16.600+0000] {processor.py:829} INFO - Processing file /home/airflow/.local/lib/python3.8/site-packages/airflow/example_dags/example_branch_operator.py for tasks to queue
[2024-04-25T12:46:16.601+0000] {logging_mixin.py:154} INFO - [2024-04-25T12:46:16.601+0000] {dagbag.py:536} INFO - Filling up the DagBag from /home/airflow/.local/lib/python3.8/site-packages/airflow/example_dags/example_branch_operator.py
[2024-04-25T12:46:16.622+0000] {processor.py:839} INFO - DAG(s) dict_keys(['example_branch_operator']) retrieved from /home/airflow/.local/lib/python3.8/site-packages/airflow/example_dags/example_branch_operator.py
[2024-04-25T12:46:16.663+0000] {logging_mixin.py:154} INFO - [2024-04-25T12:46:16.663+0000] {dag.py:2941} INFO - Sync 1 DAGs
[2024-04-25T12:46:16.698+0000] {logging_mixin.py:154} INFO - [2024-04-25T12:46:16.698+0000] {dag.py:3722} INFO - Setting next_dagrun for example_branch_operator to 2024-04-24T00:00:00+00:00, run_after=2024-04-25T00:00:00+00:00
[2024-04-25T12:46:16.731+0000] {processor.py:179} INFO - Processing /home/airflow/.local/lib/python3.8/site-packages/airflow/example_dags/example_branch_operator.py took 0.141 seconds
[2024-04-25T12:46:48.707+0000] {processor.py:157} INFO - Started process (PID=4464) to work on /home/airflow/.local/lib/python3.8/site-packages/airflow/example_dags/example_branch_operator.py
[2024-04-25T12:46:48.711+0000] {processor.py:829} INFO - Processing file /home/airflow/.local/lib/python3.8/site-packages/airflow/example_dags/example_branch_operator.py for tasks to queue
[2024-04-25T12:46:48.714+0000] {logging_mixin.py:154} INFO - [2024-04-25T12:46:48.713+0000] {dagbag.py:536} INFO - Filling up the DagBag from /home/airflow/.local/lib/python3.8/site-packages/airflow/example_dags/example_branch_operator.py
[2024-04-25T12:46:48.755+0000] {processor.py:839} INFO - DAG(s) dict_keys(['example_branch_operator']) retrieved from /home/airflow/.local/lib/python3.8/site-packages/airflow/example_dags/example_branch_operator.py
[2024-04-25T12:46:48.887+0000] {logging_mixin.py:154} INFO - [2024-04-25T12:46:48.886+0000] {dag.py:2941} INFO - Sync 1 DAGs
[2024-04-25T12:46:49.014+0000] {logging_mixin.py:154} INFO - [2024-04-25T12:46:49.013+0000] {dag.py:3722} INFO - Setting next_dagrun for example_branch_operator to 2024-04-24T00:00:00+00:00, run_after=2024-04-25T00:00:00+00:00
[2024-04-25T12:46:49.091+0000] {processor.py:179} INFO - Processing /home/airflow/.local/lib/python3.8/site-packages/airflow/example_dags/example_branch_operator.py took 0.399 seconds
[2024-04-25T12:47:19.236+0000] {processor.py:157} INFO - Started process (PID=4707) to work on /home/airflow/.local/lib/python3.8/site-packages/airflow/example_dags/example_branch_operator.py
[2024-04-25T12:47:19.237+0000] {processor.py:829} INFO - Processing file /home/airflow/.local/lib/python3.8/site-packages/airflow/example_dags/example_branch_operator.py for tasks to queue
[2024-04-25T12:47:19.238+0000] {logging_mixin.py:154} INFO - [2024-04-25T12:47:19.238+0000] {dagbag.py:536} INFO - Filling up the DagBag from /home/airflow/.local/lib/python3.8/site-packages/airflow/example_dags/example_branch_operator.py
[2024-04-25T12:47:19.257+0000] {processor.py:839} INFO - DAG(s) dict_keys(['example_branch_operator']) retrieved from /home/airflow/.local/lib/python3.8/site-packages/airflow/example_dags/example_branch_operator.py
[2024-04-25T12:47:19.301+0000] {logging_mixin.py:154} INFO - [2024-04-25T12:47:19.300+0000] {dag.py:2941} INFO - Sync 1 DAGs
[2024-04-25T12:47:19.337+0000] {logging_mixin.py:154} INFO - [2024-04-25T12:47:19.337+0000] {dag.py:3722} INFO - Setting next_dagrun for example_branch_operator to 2024-04-24T00:00:00+00:00, run_after=2024-04-25T00:00:00+00:00
[2024-04-25T12:47:19.678+0000] {processor.py:179} INFO - Processing /home/airflow/.local/lib/python3.8/site-packages/airflow/example_dags/example_branch_operator.py took 0.449 seconds
[2024-04-25T12:51:43.389+0000] {processor.py:157} INFO - Started process (PID=303) to work on /home/airflow/.local/lib/python3.8/site-packages/airflow/example_dags/example_branch_operator.py
[2024-04-25T12:51:43.391+0000] {processor.py:829} INFO - Processing file /home/airflow/.local/lib/python3.8/site-packages/airflow/example_dags/example_branch_operator.py for tasks to queue
[2024-04-25T12:51:43.392+0000] {logging_mixin.py:154} INFO - [2024-04-25T12:51:43.392+0000] {dagbag.py:536} INFO - Filling up the DagBag from /home/airflow/.local/lib/python3.8/site-packages/airflow/example_dags/example_branch_operator.py
[2024-04-25T12:51:43.407+0000] {processor.py:839} INFO - DAG(s) dict_keys(['example_branch_operator']) retrieved from /home/airflow/.local/lib/python3.8/site-packages/airflow/example_dags/example_branch_operator.py
[2024-04-25T12:51:43.430+0000] {logging_mixin.py:154} INFO - [2024-04-25T12:51:43.430+0000] {dag.py:2941} INFO - Sync 1 DAGs
[2024-04-25T12:51:43.481+0000] {logging_mixin.py:154} INFO - [2024-04-25T12:51:43.480+0000] {dag.py:3722} INFO - Setting next_dagrun for example_branch_operator to 2024-04-24T00:00:00+00:00, run_after=2024-04-25T00:00:00+00:00
[2024-04-25T12:51:43.516+0000] {processor.py:179} INFO - Processing /home/airflow/.local/lib/python3.8/site-packages/airflow/example_dags/example_branch_operator.py took 0.133 seconds
[2024-04-25T12:52:14.231+0000] {processor.py:157} INFO - Started process (PID=546) to work on /home/airflow/.local/lib/python3.8/site-packages/airflow/example_dags/example_branch_operator.py
[2024-04-25T12:52:14.233+0000] {processor.py:829} INFO - Processing file /home/airflow/.local/lib/python3.8/site-packages/airflow/example_dags/example_branch_operator.py for tasks to queue
[2024-04-25T12:52:14.234+0000] {logging_mixin.py:154} INFO - [2024-04-25T12:52:14.233+0000] {dagbag.py:536} INFO - Filling up the DagBag from /home/airflow/.local/lib/python3.8/site-packages/airflow/example_dags/example_branch_operator.py
[2024-04-25T12:52:14.248+0000] {processor.py:839} INFO - DAG(s) dict_keys(['example_branch_operator']) retrieved from /home/airflow/.local/lib/python3.8/site-packages/airflow/example_dags/example_branch_operator.py
[2024-04-25T12:52:14.286+0000] {logging_mixin.py:154} INFO - [2024-04-25T12:52:14.285+0000] {dag.py:2941} INFO - Sync 1 DAGs
[2024-04-25T12:52:14.321+0000] {logging_mixin.py:154} INFO - [2024-04-25T12:52:14.320+0000] {dag.py:3722} INFO - Setting next_dagrun for example_branch_operator to 2024-04-24T00:00:00+00:00, run_after=2024-04-25T00:00:00+00:00
[2024-04-25T12:52:14.350+0000] {processor.py:179} INFO - Processing /home/airflow/.local/lib/python3.8/site-packages/airflow/example_dags/example_branch_operator.py took 0.125 seconds
[2024-04-25T12:52:45.294+0000] {processor.py:157} INFO - Started process (PID=796) to work on /home/airflow/.local/lib/python3.8/site-packages/airflow/example_dags/example_branch_operator.py
[2024-04-25T12:52:45.300+0000] {processor.py:829} INFO - Processing file /home/airflow/.local/lib/python3.8/site-packages/airflow/example_dags/example_branch_operator.py for tasks to queue
[2024-04-25T12:52:45.302+0000] {logging_mixin.py:154} INFO - [2024-04-25T12:52:45.301+0000] {dagbag.py:536} INFO - Filling up the DagBag from /home/airflow/.local/lib/python3.8/site-packages/airflow/example_dags/example_branch_operator.py
[2024-04-25T12:52:45.329+0000] {processor.py:839} INFO - DAG(s) dict_keys(['example_branch_operator']) retrieved from /home/airflow/.local/lib/python3.8/site-packages/airflow/example_dags/example_branch_operator.py
[2024-04-25T12:52:45.379+0000] {logging_mixin.py:154} INFO - [2024-04-25T12:52:45.378+0000] {dag.py:2941} INFO - Sync 1 DAGs
[2024-04-25T12:52:45.428+0000] {logging_mixin.py:154} INFO - [2024-04-25T12:52:45.428+0000] {dag.py:3722} INFO - Setting next_dagrun for example_branch_operator to 2024-04-24T00:00:00+00:00, run_after=2024-04-25T00:00:00+00:00
[2024-04-25T12:52:45.471+0000] {processor.py:179} INFO - Processing /home/airflow/.local/lib/python3.8/site-packages/airflow/example_dags/example_branch_operator.py took 0.185 seconds
[2024-04-25T12:53:15.967+0000] {processor.py:157} INFO - Started process (PID=1043) to work on /home/airflow/.local/lib/python3.8/site-packages/airflow/example_dags/example_branch_operator.py
[2024-04-25T12:53:15.969+0000] {processor.py:829} INFO - Processing file /home/airflow/.local/lib/python3.8/site-packages/airflow/example_dags/example_branch_operator.py for tasks to queue
[2024-04-25T12:53:15.970+0000] {logging_mixin.py:154} INFO - [2024-04-25T12:53:15.970+0000] {dagbag.py:536} INFO - Filling up the DagBag from /home/airflow/.local/lib/python3.8/site-packages/airflow/example_dags/example_branch_operator.py
[2024-04-25T12:53:15.990+0000] {processor.py:839} INFO - DAG(s) dict_keys(['example_branch_operator']) retrieved from /home/airflow/.local/lib/python3.8/site-packages/airflow/example_dags/example_branch_operator.py
[2024-04-25T12:53:16.037+0000] {logging_mixin.py:154} INFO - [2024-04-25T12:53:16.037+0000] {dag.py:2941} INFO - Sync 1 DAGs
[2024-04-25T12:53:16.085+0000] {logging_mixin.py:154} INFO - [2024-04-25T12:53:16.084+0000] {dag.py:3722} INFO - Setting next_dagrun for example_branch_operator to 2024-04-24T00:00:00+00:00, run_after=2024-04-25T00:00:00+00:00
[2024-04-25T12:53:16.121+0000] {processor.py:179} INFO - Processing /home/airflow/.local/lib/python3.8/site-packages/airflow/example_dags/example_branch_operator.py took 0.162 seconds
[2024-04-25T12:53:46.263+0000] {processor.py:157} INFO - Started process (PID=1288) to work on /home/airflow/.local/lib/python3.8/site-packages/airflow/example_dags/example_branch_operator.py
[2024-04-25T12:53:46.265+0000] {processor.py:829} INFO - Processing file /home/airflow/.local/lib/python3.8/site-packages/airflow/example_dags/example_branch_operator.py for tasks to queue
[2024-04-25T12:53:46.266+0000] {logging_mixin.py:154} INFO - [2024-04-25T12:53:46.266+0000] {dagbag.py:536} INFO - Filling up the DagBag from /home/airflow/.local/lib/python3.8/site-packages/airflow/example_dags/example_branch_operator.py
[2024-04-25T12:53:46.280+0000] {processor.py:839} INFO - DAG(s) dict_keys(['example_branch_operator']) retrieved from /home/airflow/.local/lib/python3.8/site-packages/airflow/example_dags/example_branch_operator.py
[2024-04-25T12:53:46.318+0000] {logging_mixin.py:154} INFO - [2024-04-25T12:53:46.318+0000] {dag.py:2941} INFO - Sync 1 DAGs
[2024-04-25T12:53:46.351+0000] {logging_mixin.py:154} INFO - [2024-04-25T12:53:46.351+0000] {dag.py:3722} INFO - Setting next_dagrun for example_branch_operator to 2024-04-24T00:00:00+00:00, run_after=2024-04-25T00:00:00+00:00
[2024-04-25T12:53:46.379+0000] {processor.py:179} INFO - Processing /home/airflow/.local/lib/python3.8/site-packages/airflow/example_dags/example_branch_operator.py took 0.122 seconds
[2024-04-25T12:54:16.601+0000] {processor.py:157} INFO - Started process (PID=1529) to work on /home/airflow/.local/lib/python3.8/site-packages/airflow/example_dags/example_branch_operator.py
[2024-04-25T12:54:16.603+0000] {processor.py:829} INFO - Processing file /home/airflow/.local/lib/python3.8/site-packages/airflow/example_dags/example_branch_operator.py for tasks to queue
[2024-04-25T12:54:16.604+0000] {logging_mixin.py:154} INFO - [2024-04-25T12:54:16.604+0000] {dagbag.py:536} INFO - Filling up the DagBag from /home/airflow/.local/lib/python3.8/site-packages/airflow/example_dags/example_branch_operator.py
[2024-04-25T12:54:16.630+0000] {processor.py:839} INFO - DAG(s) dict_keys(['example_branch_operator']) retrieved from /home/airflow/.local/lib/python3.8/site-packages/airflow/example_dags/example_branch_operator.py
[2024-04-25T12:54:16.668+0000] {logging_mixin.py:154} INFO - [2024-04-25T12:54:16.668+0000] {dag.py:2941} INFO - Sync 1 DAGs
[2024-04-25T12:54:16.718+0000] {logging_mixin.py:154} INFO - [2024-04-25T12:54:16.718+0000] {dag.py:3722} INFO - Setting next_dagrun for example_branch_operator to 2024-04-24T00:00:00+00:00, run_after=2024-04-25T00:00:00+00:00
[2024-04-25T12:54:16.750+0000] {processor.py:179} INFO - Processing /home/airflow/.local/lib/python3.8/site-packages/airflow/example_dags/example_branch_operator.py took 0.157 seconds
[2024-04-25T12:54:47.808+0000] {processor.py:157} INFO - Started process (PID=1772) to work on /home/airflow/.local/lib/python3.8/site-packages/airflow/example_dags/example_branch_operator.py
[2024-04-25T12:54:47.810+0000] {processor.py:829} INFO - Processing file /home/airflow/.local/lib/python3.8/site-packages/airflow/example_dags/example_branch_operator.py for tasks to queue
[2024-04-25T12:54:47.811+0000] {logging_mixin.py:154} INFO - [2024-04-25T12:54:47.811+0000] {dagbag.py:536} INFO - Filling up the DagBag from /home/airflow/.local/lib/python3.8/site-packages/airflow/example_dags/example_branch_operator.py
[2024-04-25T12:54:47.835+0000] {processor.py:839} INFO - DAG(s) dict_keys(['example_branch_operator']) retrieved from /home/airflow/.local/lib/python3.8/site-packages/airflow/example_dags/example_branch_operator.py
[2024-04-25T12:54:47.874+0000] {logging_mixin.py:154} INFO - [2024-04-25T12:54:47.874+0000] {dag.py:2941} INFO - Sync 1 DAGs
[2024-04-25T12:54:47.908+0000] {logging_mixin.py:154} INFO - [2024-04-25T12:54:47.908+0000] {dag.py:3722} INFO - Setting next_dagrun for example_branch_operator to 2024-04-24T00:00:00+00:00, run_after=2024-04-25T00:00:00+00:00
[2024-04-25T12:54:47.935+0000] {processor.py:179} INFO - Processing /home/airflow/.local/lib/python3.8/site-packages/airflow/example_dags/example_branch_operator.py took 0.134 seconds
[2024-04-25T12:55:18.113+0000] {processor.py:157} INFO - Started process (PID=2015) to work on /home/airflow/.local/lib/python3.8/site-packages/airflow/example_dags/example_branch_operator.py
[2024-04-25T12:55:18.115+0000] {processor.py:829} INFO - Processing file /home/airflow/.local/lib/python3.8/site-packages/airflow/example_dags/example_branch_operator.py for tasks to queue
[2024-04-25T12:55:18.117+0000] {logging_mixin.py:154} INFO - [2024-04-25T12:55:18.116+0000] {dagbag.py:536} INFO - Filling up the DagBag from /home/airflow/.local/lib/python3.8/site-packages/airflow/example_dags/example_branch_operator.py
[2024-04-25T12:55:18.135+0000] {processor.py:839} INFO - DAG(s) dict_keys(['example_branch_operator']) retrieved from /home/airflow/.local/lib/python3.8/site-packages/airflow/example_dags/example_branch_operator.py
[2024-04-25T12:55:18.177+0000] {logging_mixin.py:154} INFO - [2024-04-25T12:55:18.177+0000] {dag.py:2941} INFO - Sync 1 DAGs
[2024-04-25T12:55:18.220+0000] {logging_mixin.py:154} INFO - [2024-04-25T12:55:18.220+0000] {dag.py:3722} INFO - Setting next_dagrun for example_branch_operator to 2024-04-24T00:00:00+00:00, run_after=2024-04-25T00:00:00+00:00
[2024-04-25T12:55:18.252+0000] {processor.py:179} INFO - Processing /home/airflow/.local/lib/python3.8/site-packages/airflow/example_dags/example_branch_operator.py took 0.147 seconds
[2024-04-25T13:10:33.279+0000] {processor.py:157} INFO - Started process (PID=303) to work on /home/airflow/.local/lib/python3.8/site-packages/airflow/example_dags/example_branch_operator.py
[2024-04-25T13:10:33.282+0000] {processor.py:829} INFO - Processing file /home/airflow/.local/lib/python3.8/site-packages/airflow/example_dags/example_branch_operator.py for tasks to queue
[2024-04-25T13:10:33.283+0000] {logging_mixin.py:154} INFO - [2024-04-25T13:10:33.283+0000] {dagbag.py:536} INFO - Filling up the DagBag from /home/airflow/.local/lib/python3.8/site-packages/airflow/example_dags/example_branch_operator.py
[2024-04-25T13:10:33.304+0000] {processor.py:839} INFO - DAG(s) dict_keys(['example_branch_operator']) retrieved from /home/airflow/.local/lib/python3.8/site-packages/airflow/example_dags/example_branch_operator.py
[2024-04-25T13:10:33.324+0000] {logging_mixin.py:154} INFO - [2024-04-25T13:10:33.324+0000] {dag.py:2941} INFO - Sync 1 DAGs
[2024-04-25T13:10:33.369+0000] {logging_mixin.py:154} INFO - [2024-04-25T13:10:33.368+0000] {dag.py:3722} INFO - Setting next_dagrun for example_branch_operator to 2024-04-24T00:00:00+00:00, run_after=2024-04-25T00:00:00+00:00
[2024-04-25T13:10:33.407+0000] {processor.py:179} INFO - Processing /home/airflow/.local/lib/python3.8/site-packages/airflow/example_dags/example_branch_operator.py took 0.136 seconds
[2024-04-25T13:11:04.914+0000] {processor.py:157} INFO - Started process (PID=546) to work on /home/airflow/.local/lib/python3.8/site-packages/airflow/example_dags/example_branch_operator.py
[2024-04-25T13:11:04.917+0000] {processor.py:829} INFO - Processing file /home/airflow/.local/lib/python3.8/site-packages/airflow/example_dags/example_branch_operator.py for tasks to queue
[2024-04-25T13:11:04.918+0000] {logging_mixin.py:154} INFO - [2024-04-25T13:11:04.917+0000] {dagbag.py:536} INFO - Filling up the DagBag from /home/airflow/.local/lib/python3.8/site-packages/airflow/example_dags/example_branch_operator.py
[2024-04-25T13:11:04.937+0000] {processor.py:839} INFO - DAG(s) dict_keys(['example_branch_operator']) retrieved from /home/airflow/.local/lib/python3.8/site-packages/airflow/example_dags/example_branch_operator.py
[2024-04-25T13:11:04.976+0000] {logging_mixin.py:154} INFO - [2024-04-25T13:11:04.975+0000] {dag.py:2941} INFO - Sync 1 DAGs
[2024-04-25T13:11:05.018+0000] {logging_mixin.py:154} INFO - [2024-04-25T13:11:05.018+0000] {dag.py:3722} INFO - Setting next_dagrun for example_branch_operator to 2024-04-24T00:00:00+00:00, run_after=2024-04-25T00:00:00+00:00
[2024-04-25T13:11:05.055+0000] {processor.py:179} INFO - Processing /home/airflow/.local/lib/python3.8/site-packages/airflow/example_dags/example_branch_operator.py took 0.149 seconds
[2024-04-25T13:11:35.143+0000] {processor.py:157} INFO - Started process (PID=789) to work on /home/airflow/.local/lib/python3.8/site-packages/airflow/example_dags/example_branch_operator.py
[2024-04-25T13:11:35.144+0000] {processor.py:829} INFO - Processing file /home/airflow/.local/lib/python3.8/site-packages/airflow/example_dags/example_branch_operator.py for tasks to queue
[2024-04-25T13:11:35.145+0000] {logging_mixin.py:154} INFO - [2024-04-25T13:11:35.145+0000] {dagbag.py:536} INFO - Filling up the DagBag from /home/airflow/.local/lib/python3.8/site-packages/airflow/example_dags/example_branch_operator.py
[2024-04-25T13:11:35.161+0000] {processor.py:839} INFO - DAG(s) dict_keys(['example_branch_operator']) retrieved from /home/airflow/.local/lib/python3.8/site-packages/airflow/example_dags/example_branch_operator.py
[2024-04-25T13:11:35.200+0000] {logging_mixin.py:154} INFO - [2024-04-25T13:11:35.200+0000] {dag.py:2941} INFO - Sync 1 DAGs
[2024-04-25T13:11:35.240+0000] {logging_mixin.py:154} INFO - [2024-04-25T13:11:35.240+0000] {dag.py:3722} INFO - Setting next_dagrun for example_branch_operator to 2024-04-24T00:00:00+00:00, run_after=2024-04-25T00:00:00+00:00
[2024-04-25T13:11:35.266+0000] {processor.py:179} INFO - Processing /home/airflow/.local/lib/python3.8/site-packages/airflow/example_dags/example_branch_operator.py took 0.129 seconds
[2024-04-25T13:12:06.000+0000] {processor.py:157} INFO - Started process (PID=1037) to work on /home/airflow/.local/lib/python3.8/site-packages/airflow/example_dags/example_branch_operator.py
[2024-04-25T13:12:06.003+0000] {processor.py:829} INFO - Processing file /home/airflow/.local/lib/python3.8/site-packages/airflow/example_dags/example_branch_operator.py for tasks to queue
[2024-04-25T13:12:06.004+0000] {logging_mixin.py:154} INFO - [2024-04-25T13:12:06.004+0000] {dagbag.py:536} INFO - Filling up the DagBag from /home/airflow/.local/lib/python3.8/site-packages/airflow/example_dags/example_branch_operator.py
[2024-04-25T13:12:06.024+0000] {processor.py:839} INFO - DAG(s) dict_keys(['example_branch_operator']) retrieved from /home/airflow/.local/lib/python3.8/site-packages/airflow/example_dags/example_branch_operator.py
[2024-04-25T13:12:06.078+0000] {logging_mixin.py:154} INFO - [2024-04-25T13:12:06.077+0000] {dag.py:2941} INFO - Sync 1 DAGs
[2024-04-25T13:12:06.128+0000] {logging_mixin.py:154} INFO - [2024-04-25T13:12:06.128+0000] {dag.py:3722} INFO - Setting next_dagrun for example_branch_operator to 2024-04-24T00:00:00+00:00, run_after=2024-04-25T00:00:00+00:00
[2024-04-25T13:12:06.172+0000] {processor.py:179} INFO - Processing /home/airflow/.local/lib/python3.8/site-packages/airflow/example_dags/example_branch_operator.py took 0.180 seconds
[2024-04-25T13:12:36.711+0000] {processor.py:157} INFO - Started process (PID=1285) to work on /home/airflow/.local/lib/python3.8/site-packages/airflow/example_dags/example_branch_operator.py
[2024-04-25T13:12:36.713+0000] {processor.py:829} INFO - Processing file /home/airflow/.local/lib/python3.8/site-packages/airflow/example_dags/example_branch_operator.py for tasks to queue
[2024-04-25T13:12:36.715+0000] {logging_mixin.py:154} INFO - [2024-04-25T13:12:36.714+0000] {dagbag.py:536} INFO - Filling up the DagBag from /home/airflow/.local/lib/python3.8/site-packages/airflow/example_dags/example_branch_operator.py
[2024-04-25T13:12:36.735+0000] {processor.py:839} INFO - DAG(s) dict_keys(['example_branch_operator']) retrieved from /home/airflow/.local/lib/python3.8/site-packages/airflow/example_dags/example_branch_operator.py
[2024-04-25T13:12:36.809+0000] {logging_mixin.py:154} INFO - [2024-04-25T13:12:36.809+0000] {dag.py:2941} INFO - Sync 1 DAGs
[2024-04-25T13:12:36.859+0000] {logging_mixin.py:154} INFO - [2024-04-25T13:12:36.859+0000] {dag.py:3722} INFO - Setting next_dagrun for example_branch_operator to 2024-04-24T00:00:00+00:00, run_after=2024-04-25T00:00:00+00:00
[2024-04-25T13:12:36.902+0000] {processor.py:179} INFO - Processing /home/airflow/.local/lib/python3.8/site-packages/airflow/example_dags/example_branch_operator.py took 0.200 seconds
[2024-04-25T13:13:07.095+0000] {processor.py:157} INFO - Started process (PID=1530) to work on /home/airflow/.local/lib/python3.8/site-packages/airflow/example_dags/example_branch_operator.py
[2024-04-25T13:13:07.098+0000] {processor.py:829} INFO - Processing file /home/airflow/.local/lib/python3.8/site-packages/airflow/example_dags/example_branch_operator.py for tasks to queue
[2024-04-25T13:13:07.100+0000] {logging_mixin.py:154} INFO - [2024-04-25T13:13:07.099+0000] {dagbag.py:536} INFO - Filling up the DagBag from /home/airflow/.local/lib/python3.8/site-packages/airflow/example_dags/example_branch_operator.py
[2024-04-25T13:13:07.123+0000] {processor.py:839} INFO - DAG(s) dict_keys(['example_branch_operator']) retrieved from /home/airflow/.local/lib/python3.8/site-packages/airflow/example_dags/example_branch_operator.py
[2024-04-25T13:13:07.171+0000] {logging_mixin.py:154} INFO - [2024-04-25T13:13:07.170+0000] {dag.py:2941} INFO - Sync 1 DAGs
[2024-04-25T13:13:07.209+0000] {logging_mixin.py:154} INFO - [2024-04-25T13:13:07.208+0000] {dag.py:3722} INFO - Setting next_dagrun for example_branch_operator to 2024-04-24T00:00:00+00:00, run_after=2024-04-25T00:00:00+00:00
[2024-04-25T13:13:07.236+0000] {processor.py:179} INFO - Processing /home/airflow/.local/lib/python3.8/site-packages/airflow/example_dags/example_branch_operator.py took 0.149 seconds
[2024-04-25T13:13:37.415+0000] {processor.py:157} INFO - Started process (PID=1772) to work on /home/airflow/.local/lib/python3.8/site-packages/airflow/example_dags/example_branch_operator.py
[2024-04-25T13:13:37.418+0000] {processor.py:829} INFO - Processing file /home/airflow/.local/lib/python3.8/site-packages/airflow/example_dags/example_branch_operator.py for tasks to queue
[2024-04-25T13:13:37.419+0000] {logging_mixin.py:154} INFO - [2024-04-25T13:13:37.418+0000] {dagbag.py:536} INFO - Filling up the DagBag from /home/airflow/.local/lib/python3.8/site-packages/airflow/example_dags/example_branch_operator.py
[2024-04-25T13:13:37.432+0000] {processor.py:839} INFO - DAG(s) dict_keys(['example_branch_operator']) retrieved from /home/airflow/.local/lib/python3.8/site-packages/airflow/example_dags/example_branch_operator.py
[2024-04-25T13:13:37.471+0000] {logging_mixin.py:154} INFO - [2024-04-25T13:13:37.470+0000] {dag.py:2941} INFO - Sync 1 DAGs
[2024-04-25T13:13:37.506+0000] {logging_mixin.py:154} INFO - [2024-04-25T13:13:37.506+0000] {dag.py:3722} INFO - Setting next_dagrun for example_branch_operator to 2024-04-24T00:00:00+00:00, run_after=2024-04-25T00:00:00+00:00
[2024-04-25T13:13:37.533+0000] {processor.py:179} INFO - Processing /home/airflow/.local/lib/python3.8/site-packages/airflow/example_dags/example_branch_operator.py took 0.124 seconds
[2024-04-25T13:14:07.686+0000] {processor.py:157} INFO - Started process (PID=2016) to work on /home/airflow/.local/lib/python3.8/site-packages/airflow/example_dags/example_branch_operator.py
[2024-04-25T13:14:07.688+0000] {processor.py:829} INFO - Processing file /home/airflow/.local/lib/python3.8/site-packages/airflow/example_dags/example_branch_operator.py for tasks to queue
[2024-04-25T13:14:07.689+0000] {logging_mixin.py:154} INFO - [2024-04-25T13:14:07.688+0000] {dagbag.py:536} INFO - Filling up the DagBag from /home/airflow/.local/lib/python3.8/site-packages/airflow/example_dags/example_branch_operator.py
[2024-04-25T13:14:07.702+0000] {processor.py:839} INFO - DAG(s) dict_keys(['example_branch_operator']) retrieved from /home/airflow/.local/lib/python3.8/site-packages/airflow/example_dags/example_branch_operator.py
[2024-04-25T13:14:07.747+0000] {logging_mixin.py:154} INFO - [2024-04-25T13:14:07.747+0000] {dag.py:2941} INFO - Sync 1 DAGs
[2024-04-25T13:14:07.786+0000] {logging_mixin.py:154} INFO - [2024-04-25T13:14:07.786+0000] {dag.py:3722} INFO - Setting next_dagrun for example_branch_operator to 2024-04-24T00:00:00+00:00, run_after=2024-04-25T00:00:00+00:00
[2024-04-25T13:14:07.814+0000] {processor.py:179} INFO - Processing /home/airflow/.local/lib/python3.8/site-packages/airflow/example_dags/example_branch_operator.py took 0.134 seconds
[2024-04-25T13:14:38.325+0000] {processor.py:157} INFO - Started process (PID=2259) to work on /home/airflow/.local/lib/python3.8/site-packages/airflow/example_dags/example_branch_operator.py
[2024-04-25T13:14:38.327+0000] {processor.py:829} INFO - Processing file /home/airflow/.local/lib/python3.8/site-packages/airflow/example_dags/example_branch_operator.py for tasks to queue
[2024-04-25T13:14:38.329+0000] {logging_mixin.py:154} INFO - [2024-04-25T13:14:38.328+0000] {dagbag.py:536} INFO - Filling up the DagBag from /home/airflow/.local/lib/python3.8/site-packages/airflow/example_dags/example_branch_operator.py
[2024-04-25T13:14:38.350+0000] {processor.py:839} INFO - DAG(s) dict_keys(['example_branch_operator']) retrieved from /home/airflow/.local/lib/python3.8/site-packages/airflow/example_dags/example_branch_operator.py
[2024-04-25T13:14:38.391+0000] {logging_mixin.py:154} INFO - [2024-04-25T13:14:38.391+0000] {dag.py:2941} INFO - Sync 1 DAGs
[2024-04-25T13:14:38.427+0000] {logging_mixin.py:154} INFO - [2024-04-25T13:14:38.426+0000] {dag.py:3722} INFO - Setting next_dagrun for example_branch_operator to 2024-04-24T00:00:00+00:00, run_after=2024-04-25T00:00:00+00:00
[2024-04-25T13:14:38.456+0000] {processor.py:179} INFO - Processing /home/airflow/.local/lib/python3.8/site-packages/airflow/example_dags/example_branch_operator.py took 0.139 seconds
[2024-04-25T13:15:08.801+0000] {processor.py:157} INFO - Started process (PID=2502) to work on /home/airflow/.local/lib/python3.8/site-packages/airflow/example_dags/example_branch_operator.py
[2024-04-25T13:15:08.803+0000] {processor.py:829} INFO - Processing file /home/airflow/.local/lib/python3.8/site-packages/airflow/example_dags/example_branch_operator.py for tasks to queue
[2024-04-25T13:15:08.805+0000] {logging_mixin.py:154} INFO - [2024-04-25T13:15:08.805+0000] {dagbag.py:536} INFO - Filling up the DagBag from /home/airflow/.local/lib/python3.8/site-packages/airflow/example_dags/example_branch_operator.py
[2024-04-25T13:15:08.826+0000] {processor.py:839} INFO - DAG(s) dict_keys(['example_branch_operator']) retrieved from /home/airflow/.local/lib/python3.8/site-packages/airflow/example_dags/example_branch_operator.py
[2024-04-25T13:15:08.868+0000] {logging_mixin.py:154} INFO - [2024-04-25T13:15:08.867+0000] {dag.py:2941} INFO - Sync 1 DAGs
[2024-04-25T13:15:08.905+0000] {logging_mixin.py:154} INFO - [2024-04-25T13:15:08.904+0000] {dag.py:3722} INFO - Setting next_dagrun for example_branch_operator to 2024-04-24T00:00:00+00:00, run_after=2024-04-25T00:00:00+00:00
[2024-04-25T13:15:08.932+0000] {processor.py:179} INFO - Processing /home/airflow/.local/lib/python3.8/site-packages/airflow/example_dags/example_branch_operator.py took 0.139 seconds
[2024-04-25T13:15:40.269+0000] {processor.py:157} INFO - Started process (PID=2747) to work on /home/airflow/.local/lib/python3.8/site-packages/airflow/example_dags/example_branch_operator.py
[2024-04-25T13:15:40.270+0000] {processor.py:829} INFO - Processing file /home/airflow/.local/lib/python3.8/site-packages/airflow/example_dags/example_branch_operator.py for tasks to queue
[2024-04-25T13:15:40.272+0000] {logging_mixin.py:154} INFO - [2024-04-25T13:15:40.271+0000] {dagbag.py:536} INFO - Filling up the DagBag from /home/airflow/.local/lib/python3.8/site-packages/airflow/example_dags/example_branch_operator.py
[2024-04-25T13:15:40.295+0000] {processor.py:839} INFO - DAG(s) dict_keys(['example_branch_operator']) retrieved from /home/airflow/.local/lib/python3.8/site-packages/airflow/example_dags/example_branch_operator.py
[2024-04-25T13:15:40.337+0000] {logging_mixin.py:154} INFO - [2024-04-25T13:15:40.336+0000] {dag.py:2941} INFO - Sync 1 DAGs
[2024-04-25T13:15:40.373+0000] {logging_mixin.py:154} INFO - [2024-04-25T13:15:40.373+0000] {dag.py:3722} INFO - Setting next_dagrun for example_branch_operator to 2024-04-24T00:00:00+00:00, run_after=2024-04-25T00:00:00+00:00
[2024-04-25T13:15:40.404+0000] {processor.py:179} INFO - Processing /home/airflow/.local/lib/python3.8/site-packages/airflow/example_dags/example_branch_operator.py took 0.144 seconds
[2024-04-25T13:16:11.187+0000] {processor.py:157} INFO - Started process (PID=2988) to work on /home/airflow/.local/lib/python3.8/site-packages/airflow/example_dags/example_branch_operator.py
[2024-04-25T13:16:11.189+0000] {processor.py:829} INFO - Processing file /home/airflow/.local/lib/python3.8/site-packages/airflow/example_dags/example_branch_operator.py for tasks to queue
[2024-04-25T13:16:11.191+0000] {logging_mixin.py:154} INFO - [2024-04-25T13:16:11.190+0000] {dagbag.py:536} INFO - Filling up the DagBag from /home/airflow/.local/lib/python3.8/site-packages/airflow/example_dags/example_branch_operator.py
[2024-04-25T13:16:11.207+0000] {processor.py:839} INFO - DAG(s) dict_keys(['example_branch_operator']) retrieved from /home/airflow/.local/lib/python3.8/site-packages/airflow/example_dags/example_branch_operator.py
[2024-04-25T13:16:11.246+0000] {logging_mixin.py:154} INFO - [2024-04-25T13:16:11.245+0000] {dag.py:2941} INFO - Sync 1 DAGs
[2024-04-25T13:16:11.287+0000] {logging_mixin.py:154} INFO - [2024-04-25T13:16:11.287+0000] {dag.py:3722} INFO - Setting next_dagrun for example_branch_operator to 2024-04-24T00:00:00+00:00, run_after=2024-04-25T00:00:00+00:00
[2024-04-25T13:16:11.327+0000] {processor.py:179} INFO - Processing /home/airflow/.local/lib/python3.8/site-packages/airflow/example_dags/example_branch_operator.py took 0.146 seconds
[2024-04-25T13:16:42.304+0000] {processor.py:157} INFO - Started process (PID=3232) to work on /home/airflow/.local/lib/python3.8/site-packages/airflow/example_dags/example_branch_operator.py
[2024-04-25T13:16:42.306+0000] {processor.py:829} INFO - Processing file /home/airflow/.local/lib/python3.8/site-packages/airflow/example_dags/example_branch_operator.py for tasks to queue
[2024-04-25T13:16:42.307+0000] {logging_mixin.py:154} INFO - [2024-04-25T13:16:42.307+0000] {dagbag.py:536} INFO - Filling up the DagBag from /home/airflow/.local/lib/python3.8/site-packages/airflow/example_dags/example_branch_operator.py
[2024-04-25T13:16:42.328+0000] {processor.py:839} INFO - DAG(s) dict_keys(['example_branch_operator']) retrieved from /home/airflow/.local/lib/python3.8/site-packages/airflow/example_dags/example_branch_operator.py
[2024-04-25T13:16:42.378+0000] {logging_mixin.py:154} INFO - [2024-04-25T13:16:42.377+0000] {dag.py:2941} INFO - Sync 1 DAGs
[2024-04-25T13:16:42.418+0000] {logging_mixin.py:154} INFO - [2024-04-25T13:16:42.418+0000] {dag.py:3722} INFO - Setting next_dagrun for example_branch_operator to 2024-04-24T00:00:00+00:00, run_after=2024-04-25T00:00:00+00:00
[2024-04-25T13:16:42.452+0000] {processor.py:179} INFO - Processing /home/airflow/.local/lib/python3.8/site-packages/airflow/example_dags/example_branch_operator.py took 0.157 seconds
[2024-04-25T13:17:13.235+0000] {processor.py:157} INFO - Started process (PID=3475) to work on /home/airflow/.local/lib/python3.8/site-packages/airflow/example_dags/example_branch_operator.py
[2024-04-25T13:17:13.237+0000] {processor.py:829} INFO - Processing file /home/airflow/.local/lib/python3.8/site-packages/airflow/example_dags/example_branch_operator.py for tasks to queue
[2024-04-25T13:17:13.239+0000] {logging_mixin.py:154} INFO - [2024-04-25T13:17:13.238+0000] {dagbag.py:536} INFO - Filling up the DagBag from /home/airflow/.local/lib/python3.8/site-packages/airflow/example_dags/example_branch_operator.py
[2024-04-25T13:17:13.254+0000] {processor.py:839} INFO - DAG(s) dict_keys(['example_branch_operator']) retrieved from /home/airflow/.local/lib/python3.8/site-packages/airflow/example_dags/example_branch_operator.py
[2024-04-25T13:17:13.291+0000] {logging_mixin.py:154} INFO - [2024-04-25T13:17:13.291+0000] {dag.py:2941} INFO - Sync 1 DAGs
[2024-04-25T13:17:13.329+0000] {logging_mixin.py:154} INFO - [2024-04-25T13:17:13.328+0000] {dag.py:3722} INFO - Setting next_dagrun for example_branch_operator to 2024-04-24T00:00:00+00:00, run_after=2024-04-25T00:00:00+00:00
[2024-04-25T13:17:13.356+0000] {processor.py:179} INFO - Processing /home/airflow/.local/lib/python3.8/site-packages/airflow/example_dags/example_branch_operator.py took 0.130 seconds
[2024-04-25T13:17:43.705+0000] {processor.py:157} INFO - Started process (PID=3718) to work on /home/airflow/.local/lib/python3.8/site-packages/airflow/example_dags/example_branch_operator.py
[2024-04-25T13:17:43.706+0000] {processor.py:829} INFO - Processing file /home/airflow/.local/lib/python3.8/site-packages/airflow/example_dags/example_branch_operator.py for tasks to queue
[2024-04-25T13:17:43.707+0000] {logging_mixin.py:154} INFO - [2024-04-25T13:17:43.707+0000] {dagbag.py:536} INFO - Filling up the DagBag from /home/airflow/.local/lib/python3.8/site-packages/airflow/example_dags/example_branch_operator.py
[2024-04-25T13:17:43.722+0000] {processor.py:839} INFO - DAG(s) dict_keys(['example_branch_operator']) retrieved from /home/airflow/.local/lib/python3.8/site-packages/airflow/example_dags/example_branch_operator.py
[2024-04-25T13:17:43.762+0000] {logging_mixin.py:154} INFO - [2024-04-25T13:17:43.761+0000] {dag.py:2941} INFO - Sync 1 DAGs
[2024-04-25T13:17:43.810+0000] {logging_mixin.py:154} INFO - [2024-04-25T13:17:43.810+0000] {dag.py:3722} INFO - Setting next_dagrun for example_branch_operator to 2024-04-24T00:00:00+00:00, run_after=2024-04-25T00:00:00+00:00
[2024-04-25T13:17:43.837+0000] {processor.py:179} INFO - Processing /home/airflow/.local/lib/python3.8/site-packages/airflow/example_dags/example_branch_operator.py took 0.138 seconds
[2024-04-25T13:18:14.774+0000] {processor.py:157} INFO - Started process (PID=3962) to work on /home/airflow/.local/lib/python3.8/site-packages/airflow/example_dags/example_branch_operator.py
[2024-04-25T13:18:14.777+0000] {processor.py:829} INFO - Processing file /home/airflow/.local/lib/python3.8/site-packages/airflow/example_dags/example_branch_operator.py for tasks to queue
[2024-04-25T13:18:14.779+0000] {logging_mixin.py:154} INFO - [2024-04-25T13:18:14.778+0000] {dagbag.py:536} INFO - Filling up the DagBag from /home/airflow/.local/lib/python3.8/site-packages/airflow/example_dags/example_branch_operator.py
[2024-04-25T13:18:14.795+0000] {processor.py:839} INFO - DAG(s) dict_keys(['example_branch_operator']) retrieved from /home/airflow/.local/lib/python3.8/site-packages/airflow/example_dags/example_branch_operator.py
[2024-04-25T13:18:14.831+0000] {logging_mixin.py:154} INFO - [2024-04-25T13:18:14.831+0000] {dag.py:2941} INFO - Sync 1 DAGs
[2024-04-25T13:18:14.868+0000] {logging_mixin.py:154} INFO - [2024-04-25T13:18:14.868+0000] {dag.py:3722} INFO - Setting next_dagrun for example_branch_operator to 2024-04-24T00:00:00+00:00, run_after=2024-04-25T00:00:00+00:00
[2024-04-25T13:18:14.896+0000] {processor.py:179} INFO - Processing /home/airflow/.local/lib/python3.8/site-packages/airflow/example_dags/example_branch_operator.py took 0.131 seconds
[2024-04-25T13:18:45.801+0000] {processor.py:157} INFO - Started process (PID=4206) to work on /home/airflow/.local/lib/python3.8/site-packages/airflow/example_dags/example_branch_operator.py
[2024-04-25T13:18:45.804+0000] {processor.py:829} INFO - Processing file /home/airflow/.local/lib/python3.8/site-packages/airflow/example_dags/example_branch_operator.py for tasks to queue
[2024-04-25T13:18:45.806+0000] {logging_mixin.py:154} INFO - [2024-04-25T13:18:45.805+0000] {dagbag.py:536} INFO - Filling up the DagBag from /home/airflow/.local/lib/python3.8/site-packages/airflow/example_dags/example_branch_operator.py
[2024-04-25T13:18:45.829+0000] {processor.py:839} INFO - DAG(s) dict_keys(['example_branch_operator']) retrieved from /home/airflow/.local/lib/python3.8/site-packages/airflow/example_dags/example_branch_operator.py
[2024-04-25T13:18:45.866+0000] {logging_mixin.py:154} INFO - [2024-04-25T13:18:45.866+0000] {dag.py:2941} INFO - Sync 1 DAGs
[2024-04-25T13:18:45.902+0000] {logging_mixin.py:154} INFO - [2024-04-25T13:18:45.902+0000] {dag.py:3722} INFO - Setting next_dagrun for example_branch_operator to 2024-04-24T00:00:00+00:00, run_after=2024-04-25T00:00:00+00:00
[2024-04-25T13:18:45.929+0000] {processor.py:179} INFO - Processing /home/airflow/.local/lib/python3.8/site-packages/airflow/example_dags/example_branch_operator.py took 0.136 seconds
[2024-04-25T13:27:16.119+0000] {processor.py:157} INFO - Started process (PID=305) to work on /home/airflow/.local/lib/python3.8/site-packages/airflow/example_dags/example_branch_operator.py
[2024-04-25T13:27:16.121+0000] {processor.py:829} INFO - Processing file /home/airflow/.local/lib/python3.8/site-packages/airflow/example_dags/example_branch_operator.py for tasks to queue
[2024-04-25T13:27:16.123+0000] {logging_mixin.py:154} INFO - [2024-04-25T13:27:16.122+0000] {dagbag.py:536} INFO - Filling up the DagBag from /home/airflow/.local/lib/python3.8/site-packages/airflow/example_dags/example_branch_operator.py
[2024-04-25T13:27:16.139+0000] {processor.py:839} INFO - DAG(s) dict_keys(['example_branch_operator']) retrieved from /home/airflow/.local/lib/python3.8/site-packages/airflow/example_dags/example_branch_operator.py
[2024-04-25T13:27:16.164+0000] {logging_mixin.py:154} INFO - [2024-04-25T13:27:16.163+0000] {dag.py:2941} INFO - Sync 1 DAGs
[2024-04-25T13:27:16.227+0000] {logging_mixin.py:154} INFO - [2024-04-25T13:27:16.226+0000] {dag.py:3722} INFO - Setting next_dagrun for example_branch_operator to 2024-04-24T00:00:00+00:00, run_after=2024-04-25T00:00:00+00:00
[2024-04-25T13:27:16.272+0000] {processor.py:179} INFO - Processing /home/airflow/.local/lib/python3.8/site-packages/airflow/example_dags/example_branch_operator.py took 0.159 seconds
[2024-04-25T13:27:46.626+0000] {processor.py:157} INFO - Started process (PID=546) to work on /home/airflow/.local/lib/python3.8/site-packages/airflow/example_dags/example_branch_operator.py
[2024-04-25T13:27:46.628+0000] {processor.py:829} INFO - Processing file /home/airflow/.local/lib/python3.8/site-packages/airflow/example_dags/example_branch_operator.py for tasks to queue
[2024-04-25T13:27:46.630+0000] {logging_mixin.py:154} INFO - [2024-04-25T13:27:46.629+0000] {dagbag.py:536} INFO - Filling up the DagBag from /home/airflow/.local/lib/python3.8/site-packages/airflow/example_dags/example_branch_operator.py
[2024-04-25T13:27:46.650+0000] {processor.py:839} INFO - DAG(s) dict_keys(['example_branch_operator']) retrieved from /home/airflow/.local/lib/python3.8/site-packages/airflow/example_dags/example_branch_operator.py
[2024-04-25T13:27:46.698+0000] {logging_mixin.py:154} INFO - [2024-04-25T13:27:46.698+0000] {dag.py:2941} INFO - Sync 1 DAGs
[2024-04-25T13:27:46.733+0000] {logging_mixin.py:154} INFO - [2024-04-25T13:27:46.733+0000] {dag.py:3722} INFO - Setting next_dagrun for example_branch_operator to 2024-04-24T00:00:00+00:00, run_after=2024-04-25T00:00:00+00:00
[2024-04-25T13:27:46.765+0000] {processor.py:179} INFO - Processing /home/airflow/.local/lib/python3.8/site-packages/airflow/example_dags/example_branch_operator.py took 0.146 seconds
[2024-04-25T13:28:17.143+0000] {processor.py:157} INFO - Started process (PID=789) to work on /home/airflow/.local/lib/python3.8/site-packages/airflow/example_dags/example_branch_operator.py
[2024-04-25T13:28:17.146+0000] {processor.py:829} INFO - Processing file /home/airflow/.local/lib/python3.8/site-packages/airflow/example_dags/example_branch_operator.py for tasks to queue
[2024-04-25T13:28:17.148+0000] {logging_mixin.py:154} INFO - [2024-04-25T13:28:17.147+0000] {dagbag.py:536} INFO - Filling up the DagBag from /home/airflow/.local/lib/python3.8/site-packages/airflow/example_dags/example_branch_operator.py
[2024-04-25T13:28:17.164+0000] {processor.py:839} INFO - DAG(s) dict_keys(['example_branch_operator']) retrieved from /home/airflow/.local/lib/python3.8/site-packages/airflow/example_dags/example_branch_operator.py
[2024-04-25T13:28:17.198+0000] {logging_mixin.py:154} INFO - [2024-04-25T13:28:17.198+0000] {dag.py:2941} INFO - Sync 1 DAGs
[2024-04-25T13:28:17.238+0000] {logging_mixin.py:154} INFO - [2024-04-25T13:28:17.238+0000] {dag.py:3722} INFO - Setting next_dagrun for example_branch_operator to 2024-04-24T00:00:00+00:00, run_after=2024-04-25T00:00:00+00:00
[2024-04-25T13:28:17.267+0000] {processor.py:179} INFO - Processing /home/airflow/.local/lib/python3.8/site-packages/airflow/example_dags/example_branch_operator.py took 0.131 seconds
[2024-04-25T13:28:48.258+0000] {processor.py:157} INFO - Started process (PID=1039) to work on /home/airflow/.local/lib/python3.8/site-packages/airflow/example_dags/example_branch_operator.py
[2024-04-25T13:28:48.260+0000] {processor.py:829} INFO - Processing file /home/airflow/.local/lib/python3.8/site-packages/airflow/example_dags/example_branch_operator.py for tasks to queue
[2024-04-25T13:28:48.262+0000] {logging_mixin.py:154} INFO - [2024-04-25T13:28:48.261+0000] {dagbag.py:536} INFO - Filling up the DagBag from /home/airflow/.local/lib/python3.8/site-packages/airflow/example_dags/example_branch_operator.py
[2024-04-25T13:28:48.279+0000] {processor.py:839} INFO - DAG(s) dict_keys(['example_branch_operator']) retrieved from /home/airflow/.local/lib/python3.8/site-packages/airflow/example_dags/example_branch_operator.py
[2024-04-25T13:28:48.329+0000] {logging_mixin.py:154} INFO - [2024-04-25T13:28:48.328+0000] {dag.py:2941} INFO - Sync 1 DAGs
[2024-04-25T13:28:48.390+0000] {logging_mixin.py:154} INFO - [2024-04-25T13:28:48.390+0000] {dag.py:3722} INFO - Setting next_dagrun for example_branch_operator to 2024-04-24T00:00:00+00:00, run_after=2024-04-25T00:00:00+00:00
[2024-04-25T13:28:48.433+0000] {processor.py:179} INFO - Processing /home/airflow/.local/lib/python3.8/site-packages/airflow/example_dags/example_branch_operator.py took 0.183 seconds
[2024-04-25T13:29:19.492+0000] {processor.py:157} INFO - Started process (PID=1284) to work on /home/airflow/.local/lib/python3.8/site-packages/airflow/example_dags/example_branch_operator.py
[2024-04-25T13:29:19.495+0000] {processor.py:829} INFO - Processing file /home/airflow/.local/lib/python3.8/site-packages/airflow/example_dags/example_branch_operator.py for tasks to queue
[2024-04-25T13:29:19.496+0000] {logging_mixin.py:154} INFO - [2024-04-25T13:29:19.496+0000] {dagbag.py:536} INFO - Filling up the DagBag from /home/airflow/.local/lib/python3.8/site-packages/airflow/example_dags/example_branch_operator.py
[2024-04-25T13:29:19.523+0000] {processor.py:839} INFO - DAG(s) dict_keys(['example_branch_operator']) retrieved from /home/airflow/.local/lib/python3.8/site-packages/airflow/example_dags/example_branch_operator.py
[2024-04-25T13:29:19.578+0000] {logging_mixin.py:154} INFO - [2024-04-25T13:29:19.578+0000] {dag.py:2941} INFO - Sync 1 DAGs
[2024-04-25T13:29:19.623+0000] {logging_mixin.py:154} INFO - [2024-04-25T13:29:19.623+0000] {dag.py:3722} INFO - Setting next_dagrun for example_branch_operator to 2024-04-24T00:00:00+00:00, run_after=2024-04-25T00:00:00+00:00
[2024-04-25T13:29:19.660+0000] {processor.py:179} INFO - Processing /home/airflow/.local/lib/python3.8/site-packages/airflow/example_dags/example_branch_operator.py took 0.176 seconds
[2024-04-25T13:29:49.840+0000] {processor.py:157} INFO - Started process (PID=1528) to work on /home/airflow/.local/lib/python3.8/site-packages/airflow/example_dags/example_branch_operator.py
[2024-04-25T13:29:49.843+0000] {processor.py:829} INFO - Processing file /home/airflow/.local/lib/python3.8/site-packages/airflow/example_dags/example_branch_operator.py for tasks to queue
[2024-04-25T13:29:49.844+0000] {logging_mixin.py:154} INFO - [2024-04-25T13:29:49.844+0000] {dagbag.py:536} INFO - Filling up the DagBag from /home/airflow/.local/lib/python3.8/site-packages/airflow/example_dags/example_branch_operator.py
[2024-04-25T13:29:49.863+0000] {processor.py:839} INFO - DAG(s) dict_keys(['example_branch_operator']) retrieved from /home/airflow/.local/lib/python3.8/site-packages/airflow/example_dags/example_branch_operator.py
[2024-04-25T13:29:49.905+0000] {logging_mixin.py:154} INFO - [2024-04-25T13:29:49.905+0000] {dag.py:2941} INFO - Sync 1 DAGs
[2024-04-25T13:29:49.943+0000] {logging_mixin.py:154} INFO - [2024-04-25T13:29:49.943+0000] {dag.py:3722} INFO - Setting next_dagrun for example_branch_operator to 2024-04-24T00:00:00+00:00, run_after=2024-04-25T00:00:00+00:00
[2024-04-25T13:29:49.974+0000] {processor.py:179} INFO - Processing /home/airflow/.local/lib/python3.8/site-packages/airflow/example_dags/example_branch_operator.py took 0.141 seconds
[2024-04-25T13:30:20.459+0000] {processor.py:157} INFO - Started process (PID=1771) to work on /home/airflow/.local/lib/python3.8/site-packages/airflow/example_dags/example_branch_operator.py
[2024-04-25T13:30:20.461+0000] {processor.py:829} INFO - Processing file /home/airflow/.local/lib/python3.8/site-packages/airflow/example_dags/example_branch_operator.py for tasks to queue
[2024-04-25T13:30:20.463+0000] {logging_mixin.py:154} INFO - [2024-04-25T13:30:20.462+0000] {dagbag.py:536} INFO - Filling up the DagBag from /home/airflow/.local/lib/python3.8/site-packages/airflow/example_dags/example_branch_operator.py
[2024-04-25T13:30:20.479+0000] {processor.py:839} INFO - DAG(s) dict_keys(['example_branch_operator']) retrieved from /home/airflow/.local/lib/python3.8/site-packages/airflow/example_dags/example_branch_operator.py
[2024-04-25T13:30:20.518+0000] {logging_mixin.py:154} INFO - [2024-04-25T13:30:20.518+0000] {dag.py:2941} INFO - Sync 1 DAGs
[2024-04-25T13:30:20.557+0000] {logging_mixin.py:154} INFO - [2024-04-25T13:30:20.557+0000] {dag.py:3722} INFO - Setting next_dagrun for example_branch_operator to 2024-04-24T00:00:00+00:00, run_after=2024-04-25T00:00:00+00:00
[2024-04-25T13:30:20.588+0000] {processor.py:179} INFO - Processing /home/airflow/.local/lib/python3.8/site-packages/airflow/example_dags/example_branch_operator.py took 0.137 seconds
[2024-04-25T13:30:51.172+0000] {processor.py:157} INFO - Started process (PID=2015) to work on /home/airflow/.local/lib/python3.8/site-packages/airflow/example_dags/example_branch_operator.py
[2024-04-25T13:30:51.173+0000] {processor.py:829} INFO - Processing file /home/airflow/.local/lib/python3.8/site-packages/airflow/example_dags/example_branch_operator.py for tasks to queue
[2024-04-25T13:30:51.174+0000] {logging_mixin.py:154} INFO - [2024-04-25T13:30:51.174+0000] {dagbag.py:536} INFO - Filling up the DagBag from /home/airflow/.local/lib/python3.8/site-packages/airflow/example_dags/example_branch_operator.py
[2024-04-25T13:30:51.189+0000] {processor.py:839} INFO - DAG(s) dict_keys(['example_branch_operator']) retrieved from /home/airflow/.local/lib/python3.8/site-packages/airflow/example_dags/example_branch_operator.py
[2024-04-25T13:30:51.227+0000] {logging_mixin.py:154} INFO - [2024-04-25T13:30:51.227+0000] {dag.py:2941} INFO - Sync 1 DAGs
[2024-04-25T13:30:51.269+0000] {logging_mixin.py:154} INFO - [2024-04-25T13:30:51.269+0000] {dag.py:3722} INFO - Setting next_dagrun for example_branch_operator to 2024-04-24T00:00:00+00:00, run_after=2024-04-25T00:00:00+00:00
[2024-04-25T13:30:51.304+0000] {processor.py:179} INFO - Processing /home/airflow/.local/lib/python3.8/site-packages/airflow/example_dags/example_branch_operator.py took 0.138 seconds
[2024-04-25T13:31:21.880+0000] {processor.py:157} INFO - Started process (PID=2258) to work on /home/airflow/.local/lib/python3.8/site-packages/airflow/example_dags/example_branch_operator.py
[2024-04-25T13:31:21.882+0000] {processor.py:829} INFO - Processing file /home/airflow/.local/lib/python3.8/site-packages/airflow/example_dags/example_branch_operator.py for tasks to queue
[2024-04-25T13:31:21.883+0000] {logging_mixin.py:154} INFO - [2024-04-25T13:31:21.883+0000] {dagbag.py:536} INFO - Filling up the DagBag from /home/airflow/.local/lib/python3.8/site-packages/airflow/example_dags/example_branch_operator.py
[2024-04-25T13:31:21.902+0000] {processor.py:839} INFO - DAG(s) dict_keys(['example_branch_operator']) retrieved from /home/airflow/.local/lib/python3.8/site-packages/airflow/example_dags/example_branch_operator.py
[2024-04-25T13:31:21.947+0000] {logging_mixin.py:154} INFO - [2024-04-25T13:31:21.947+0000] {dag.py:2941} INFO - Sync 1 DAGs
[2024-04-25T13:31:22.001+0000] {logging_mixin.py:154} INFO - [2024-04-25T13:31:22.001+0000] {dag.py:3722} INFO - Setting next_dagrun for example_branch_operator to 2024-04-24T00:00:00+00:00, run_after=2024-04-25T00:00:00+00:00
[2024-04-25T13:31:22.037+0000] {processor.py:179} INFO - Processing /home/airflow/.local/lib/python3.8/site-packages/airflow/example_dags/example_branch_operator.py took 0.164 seconds
[2024-04-25T13:31:52.425+0000] {processor.py:157} INFO - Started process (PID=2501) to work on /home/airflow/.local/lib/python3.8/site-packages/airflow/example_dags/example_branch_operator.py
[2024-04-25T13:31:52.427+0000] {processor.py:829} INFO - Processing file /home/airflow/.local/lib/python3.8/site-packages/airflow/example_dags/example_branch_operator.py for tasks to queue
[2024-04-25T13:31:52.428+0000] {logging_mixin.py:154} INFO - [2024-04-25T13:31:52.427+0000] {dagbag.py:536} INFO - Filling up the DagBag from /home/airflow/.local/lib/python3.8/site-packages/airflow/example_dags/example_branch_operator.py
[2024-04-25T13:31:52.449+0000] {processor.py:839} INFO - DAG(s) dict_keys(['example_branch_operator']) retrieved from /home/airflow/.local/lib/python3.8/site-packages/airflow/example_dags/example_branch_operator.py
[2024-04-25T13:31:52.495+0000] {logging_mixin.py:154} INFO - [2024-04-25T13:31:52.494+0000] {dag.py:2941} INFO - Sync 1 DAGs
[2024-04-25T13:31:52.531+0000] {logging_mixin.py:154} INFO - [2024-04-25T13:31:52.530+0000] {dag.py:3722} INFO - Setting next_dagrun for example_branch_operator to 2024-04-24T00:00:00+00:00, run_after=2024-04-25T00:00:00+00:00
[2024-04-25T13:31:52.560+0000] {processor.py:179} INFO - Processing /home/airflow/.local/lib/python3.8/site-packages/airflow/example_dags/example_branch_operator.py took 0.143 seconds
[2024-04-25T13:32:22.920+0000] {processor.py:157} INFO - Started process (PID=2744) to work on /home/airflow/.local/lib/python3.8/site-packages/airflow/example_dags/example_branch_operator.py
[2024-04-25T13:32:22.922+0000] {processor.py:829} INFO - Processing file /home/airflow/.local/lib/python3.8/site-packages/airflow/example_dags/example_branch_operator.py for tasks to queue
[2024-04-25T13:32:22.924+0000] {logging_mixin.py:154} INFO - [2024-04-25T13:32:22.923+0000] {dagbag.py:536} INFO - Filling up the DagBag from /home/airflow/.local/lib/python3.8/site-packages/airflow/example_dags/example_branch_operator.py
[2024-04-25T13:32:22.938+0000] {processor.py:839} INFO - DAG(s) dict_keys(['example_branch_operator']) retrieved from /home/airflow/.local/lib/python3.8/site-packages/airflow/example_dags/example_branch_operator.py
[2024-04-25T13:32:22.977+0000] {logging_mixin.py:154} INFO - [2024-04-25T13:32:22.976+0000] {dag.py:2941} INFO - Sync 1 DAGs
[2024-04-25T13:32:23.021+0000] {logging_mixin.py:154} INFO - [2024-04-25T13:32:23.020+0000] {dag.py:3722} INFO - Setting next_dagrun for example_branch_operator to 2024-04-24T00:00:00+00:00, run_after=2024-04-25T00:00:00+00:00
[2024-04-25T13:32:23.054+0000] {processor.py:179} INFO - Processing /home/airflow/.local/lib/python3.8/site-packages/airflow/example_dags/example_branch_operator.py took 0.140 seconds
[2024-04-25T13:32:53.983+0000] {processor.py:157} INFO - Started process (PID=2990) to work on /home/airflow/.local/lib/python3.8/site-packages/airflow/example_dags/example_branch_operator.py
[2024-04-25T13:32:53.985+0000] {processor.py:829} INFO - Processing file /home/airflow/.local/lib/python3.8/site-packages/airflow/example_dags/example_branch_operator.py for tasks to queue
[2024-04-25T13:32:53.986+0000] {logging_mixin.py:154} INFO - [2024-04-25T13:32:53.986+0000] {dagbag.py:536} INFO - Filling up the DagBag from /home/airflow/.local/lib/python3.8/site-packages/airflow/example_dags/example_branch_operator.py
[2024-04-25T13:32:54.008+0000] {processor.py:839} INFO - DAG(s) dict_keys(['example_branch_operator']) retrieved from /home/airflow/.local/lib/python3.8/site-packages/airflow/example_dags/example_branch_operator.py
[2024-04-25T13:32:54.052+0000] {logging_mixin.py:154} INFO - [2024-04-25T13:32:54.051+0000] {dag.py:2941} INFO - Sync 1 DAGs
[2024-04-25T13:32:54.096+0000] {logging_mixin.py:154} INFO - [2024-04-25T13:32:54.096+0000] {dag.py:3722} INFO - Setting next_dagrun for example_branch_operator to 2024-04-24T00:00:00+00:00, run_after=2024-04-25T00:00:00+00:00
[2024-04-25T13:32:54.132+0000] {processor.py:179} INFO - Processing /home/airflow/.local/lib/python3.8/site-packages/airflow/example_dags/example_branch_operator.py took 0.157 seconds
[2024-04-25T13:33:25.075+0000] {processor.py:157} INFO - Started process (PID=3238) to work on /home/airflow/.local/lib/python3.8/site-packages/airflow/example_dags/example_branch_operator.py
[2024-04-25T13:33:25.078+0000] {processor.py:829} INFO - Processing file /home/airflow/.local/lib/python3.8/site-packages/airflow/example_dags/example_branch_operator.py for tasks to queue
[2024-04-25T13:33:25.079+0000] {logging_mixin.py:154} INFO - [2024-04-25T13:33:25.079+0000] {dagbag.py:536} INFO - Filling up the DagBag from /home/airflow/.local/lib/python3.8/site-packages/airflow/example_dags/example_branch_operator.py
[2024-04-25T13:33:25.101+0000] {processor.py:839} INFO - DAG(s) dict_keys(['example_branch_operator']) retrieved from /home/airflow/.local/lib/python3.8/site-packages/airflow/example_dags/example_branch_operator.py
[2024-04-25T13:33:25.151+0000] {logging_mixin.py:154} INFO - [2024-04-25T13:33:25.151+0000] {dag.py:2941} INFO - Sync 1 DAGs
[2024-04-25T13:33:25.207+0000] {logging_mixin.py:154} INFO - [2024-04-25T13:33:25.207+0000] {dag.py:3722} INFO - Setting next_dagrun for example_branch_operator to 2024-04-24T00:00:00+00:00, run_after=2024-04-25T00:00:00+00:00
[2024-04-25T13:33:25.249+0000] {processor.py:179} INFO - Processing /home/airflow/.local/lib/python3.8/site-packages/airflow/example_dags/example_branch_operator.py took 0.182 seconds
[2024-04-25T13:33:58.969+0000] {processor.py:157} INFO - Started process (PID=3492) to work on /home/airflow/.local/lib/python3.8/site-packages/airflow/example_dags/example_branch_operator.py
[2024-04-25T13:33:58.978+0000] {processor.py:829} INFO - Processing file /home/airflow/.local/lib/python3.8/site-packages/airflow/example_dags/example_branch_operator.py for tasks to queue
[2024-04-25T13:33:58.982+0000] {logging_mixin.py:154} INFO - [2024-04-25T13:33:58.980+0000] {dagbag.py:536} INFO - Filling up the DagBag from /home/airflow/.local/lib/python3.8/site-packages/airflow/example_dags/example_branch_operator.py
[2024-04-25T13:33:59.049+0000] {processor.py:839} INFO - DAG(s) dict_keys(['example_branch_operator']) retrieved from /home/airflow/.local/lib/python3.8/site-packages/airflow/example_dags/example_branch_operator.py
[2024-04-25T13:33:59.197+0000] {logging_mixin.py:154} INFO - [2024-04-25T13:33:59.196+0000] {dag.py:2941} INFO - Sync 1 DAGs
[2024-04-25T13:33:59.313+0000] {logging_mixin.py:154} INFO - [2024-04-25T13:33:59.312+0000] {dag.py:3722} INFO - Setting next_dagrun for example_branch_operator to 2024-04-24T00:00:00+00:00, run_after=2024-04-25T00:00:00+00:00
[2024-04-25T13:33:59.387+0000] {processor.py:179} INFO - Processing /home/airflow/.local/lib/python3.8/site-packages/airflow/example_dags/example_branch_operator.py took 0.457 seconds
[2024-04-25T13:34:30.305+0000] {processor.py:157} INFO - Started process (PID=3737) to work on /home/airflow/.local/lib/python3.8/site-packages/airflow/example_dags/example_branch_operator.py
[2024-04-25T13:34:30.307+0000] {processor.py:829} INFO - Processing file /home/airflow/.local/lib/python3.8/site-packages/airflow/example_dags/example_branch_operator.py for tasks to queue
[2024-04-25T13:34:30.308+0000] {logging_mixin.py:154} INFO - [2024-04-25T13:34:30.308+0000] {dagbag.py:536} INFO - Filling up the DagBag from /home/airflow/.local/lib/python3.8/site-packages/airflow/example_dags/example_branch_operator.py
[2024-04-25T13:34:30.330+0000] {processor.py:839} INFO - DAG(s) dict_keys(['example_branch_operator']) retrieved from /home/airflow/.local/lib/python3.8/site-packages/airflow/example_dags/example_branch_operator.py
[2024-04-25T13:34:30.378+0000] {logging_mixin.py:154} INFO - [2024-04-25T13:34:30.378+0000] {dag.py:2941} INFO - Sync 1 DAGs
[2024-04-25T13:34:30.432+0000] {logging_mixin.py:154} INFO - [2024-04-25T13:34:30.431+0000] {dag.py:3722} INFO - Setting next_dagrun for example_branch_operator to 2024-04-24T00:00:00+00:00, run_after=2024-04-25T00:00:00+00:00
[2024-04-25T13:34:30.465+0000] {processor.py:179} INFO - Processing /home/airflow/.local/lib/python3.8/site-packages/airflow/example_dags/example_branch_operator.py took 0.167 seconds
[2024-04-25T13:35:01.139+0000] {processor.py:157} INFO - Started process (PID=3981) to work on /home/airflow/.local/lib/python3.8/site-packages/airflow/example_dags/example_branch_operator.py
[2024-04-25T13:35:01.140+0000] {processor.py:829} INFO - Processing file /home/airflow/.local/lib/python3.8/site-packages/airflow/example_dags/example_branch_operator.py for tasks to queue
[2024-04-25T13:35:01.142+0000] {logging_mixin.py:154} INFO - [2024-04-25T13:35:01.142+0000] {dagbag.py:536} INFO - Filling up the DagBag from /home/airflow/.local/lib/python3.8/site-packages/airflow/example_dags/example_branch_operator.py
[2024-04-25T13:35:01.166+0000] {processor.py:839} INFO - DAG(s) dict_keys(['example_branch_operator']) retrieved from /home/airflow/.local/lib/python3.8/site-packages/airflow/example_dags/example_branch_operator.py
[2024-04-25T13:35:01.208+0000] {logging_mixin.py:154} INFO - [2024-04-25T13:35:01.208+0000] {dag.py:2941} INFO - Sync 1 DAGs
[2024-04-25T13:35:01.245+0000] {logging_mixin.py:154} INFO - [2024-04-25T13:35:01.245+0000] {dag.py:3722} INFO - Setting next_dagrun for example_branch_operator to 2024-04-24T00:00:00+00:00, run_after=2024-04-25T00:00:00+00:00
[2024-04-25T13:35:01.274+0000] {processor.py:179} INFO - Processing /home/airflow/.local/lib/python3.8/site-packages/airflow/example_dags/example_branch_operator.py took 0.144 seconds
[2024-04-25T13:35:31.502+0000] {processor.py:157} INFO - Started process (PID=4225) to work on /home/airflow/.local/lib/python3.8/site-packages/airflow/example_dags/example_branch_operator.py
[2024-04-25T13:35:31.504+0000] {processor.py:829} INFO - Processing file /home/airflow/.local/lib/python3.8/site-packages/airflow/example_dags/example_branch_operator.py for tasks to queue
[2024-04-25T13:35:31.505+0000] {logging_mixin.py:154} INFO - [2024-04-25T13:35:31.505+0000] {dagbag.py:536} INFO - Filling up the DagBag from /home/airflow/.local/lib/python3.8/site-packages/airflow/example_dags/example_branch_operator.py
[2024-04-25T13:35:31.520+0000] {processor.py:839} INFO - DAG(s) dict_keys(['example_branch_operator']) retrieved from /home/airflow/.local/lib/python3.8/site-packages/airflow/example_dags/example_branch_operator.py
[2024-04-25T13:35:31.562+0000] {logging_mixin.py:154} INFO - [2024-04-25T13:35:31.562+0000] {dag.py:2941} INFO - Sync 1 DAGs
[2024-04-25T13:35:31.601+0000] {logging_mixin.py:154} INFO - [2024-04-25T13:35:31.601+0000] {dag.py:3722} INFO - Setting next_dagrun for example_branch_operator to 2024-04-24T00:00:00+00:00, run_after=2024-04-25T00:00:00+00:00
[2024-04-25T13:35:31.631+0000] {processor.py:179} INFO - Processing /home/airflow/.local/lib/python3.8/site-packages/airflow/example_dags/example_branch_operator.py took 0.135 seconds
[2024-04-25T13:49:27.262+0000] {processor.py:157} INFO - Started process (PID=303) to work on /home/airflow/.local/lib/python3.8/site-packages/airflow/example_dags/example_branch_operator.py
[2024-04-25T13:49:27.265+0000] {processor.py:829} INFO - Processing file /home/airflow/.local/lib/python3.8/site-packages/airflow/example_dags/example_branch_operator.py for tasks to queue
[2024-04-25T13:49:27.266+0000] {logging_mixin.py:154} INFO - [2024-04-25T13:49:27.266+0000] {dagbag.py:536} INFO - Filling up the DagBag from /home/airflow/.local/lib/python3.8/site-packages/airflow/example_dags/example_branch_operator.py
[2024-04-25T13:49:27.282+0000] {processor.py:839} INFO - DAG(s) dict_keys(['example_branch_operator']) retrieved from /home/airflow/.local/lib/python3.8/site-packages/airflow/example_dags/example_branch_operator.py
[2024-04-25T13:49:27.303+0000] {logging_mixin.py:154} INFO - [2024-04-25T13:49:27.302+0000] {dag.py:2941} INFO - Sync 1 DAGs
[2024-04-25T13:49:27.361+0000] {logging_mixin.py:154} INFO - [2024-04-25T13:49:27.360+0000] {dag.py:3722} INFO - Setting next_dagrun for example_branch_operator to 2024-04-24T00:00:00+00:00, run_after=2024-04-25T00:00:00+00:00
[2024-04-25T13:49:27.401+0000] {processor.py:179} INFO - Processing /home/airflow/.local/lib/python3.8/site-packages/airflow/example_dags/example_branch_operator.py took 0.147 seconds
[2024-04-25T13:49:58.330+0000] {processor.py:157} INFO - Started process (PID=549) to work on /home/airflow/.local/lib/python3.8/site-packages/airflow/example_dags/example_branch_operator.py
[2024-04-25T13:49:58.332+0000] {processor.py:829} INFO - Processing file /home/airflow/.local/lib/python3.8/site-packages/airflow/example_dags/example_branch_operator.py for tasks to queue
[2024-04-25T13:49:58.333+0000] {logging_mixin.py:154} INFO - [2024-04-25T13:49:58.333+0000] {dagbag.py:536} INFO - Filling up the DagBag from /home/airflow/.local/lib/python3.8/site-packages/airflow/example_dags/example_branch_operator.py
[2024-04-25T13:49:58.347+0000] {processor.py:839} INFO - DAG(s) dict_keys(['example_branch_operator']) retrieved from /home/airflow/.local/lib/python3.8/site-packages/airflow/example_dags/example_branch_operator.py
[2024-04-25T13:49:58.384+0000] {logging_mixin.py:154} INFO - [2024-04-25T13:49:58.384+0000] {dag.py:2941} INFO - Sync 1 DAGs
[2024-04-25T13:49:58.416+0000] {logging_mixin.py:154} INFO - [2024-04-25T13:49:58.416+0000] {dag.py:3722} INFO - Setting next_dagrun for example_branch_operator to 2024-04-24T00:00:00+00:00, run_after=2024-04-25T00:00:00+00:00
[2024-04-25T13:49:58.444+0000] {processor.py:179} INFO - Processing /home/airflow/.local/lib/python3.8/site-packages/airflow/example_dags/example_branch_operator.py took 0.120 seconds
[2024-04-25T13:50:28.905+0000] {processor.py:157} INFO - Started process (PID=790) to work on /home/airflow/.local/lib/python3.8/site-packages/airflow/example_dags/example_branch_operator.py
[2024-04-25T13:50:28.907+0000] {processor.py:829} INFO - Processing file /home/airflow/.local/lib/python3.8/site-packages/airflow/example_dags/example_branch_operator.py for tasks to queue
[2024-04-25T13:50:28.909+0000] {logging_mixin.py:154} INFO - [2024-04-25T13:50:28.908+0000] {dagbag.py:536} INFO - Filling up the DagBag from /home/airflow/.local/lib/python3.8/site-packages/airflow/example_dags/example_branch_operator.py
[2024-04-25T13:50:28.928+0000] {processor.py:839} INFO - DAG(s) dict_keys(['example_branch_operator']) retrieved from /home/airflow/.local/lib/python3.8/site-packages/airflow/example_dags/example_branch_operator.py
[2024-04-25T13:50:28.972+0000] {logging_mixin.py:154} INFO - [2024-04-25T13:50:28.972+0000] {dag.py:2941} INFO - Sync 1 DAGs
[2024-04-25T13:50:29.021+0000] {logging_mixin.py:154} INFO - [2024-04-25T13:50:29.020+0000] {dag.py:3722} INFO - Setting next_dagrun for example_branch_operator to 2024-04-24T00:00:00+00:00, run_after=2024-04-25T00:00:00+00:00
[2024-04-25T13:50:29.056+0000] {processor.py:179} INFO - Processing /home/airflow/.local/lib/python3.8/site-packages/airflow/example_dags/example_branch_operator.py took 0.158 seconds
[2024-04-25T13:51:00.129+0000] {processor.py:157} INFO - Started process (PID=1033) to work on /home/airflow/.local/lib/python3.8/site-packages/airflow/example_dags/example_branch_operator.py
[2024-04-25T13:51:00.133+0000] {processor.py:829} INFO - Processing file /home/airflow/.local/lib/python3.8/site-packages/airflow/example_dags/example_branch_operator.py for tasks to queue
[2024-04-25T13:51:00.135+0000] {logging_mixin.py:154} INFO - [2024-04-25T13:51:00.134+0000] {dagbag.py:536} INFO - Filling up the DagBag from /home/airflow/.local/lib/python3.8/site-packages/airflow/example_dags/example_branch_operator.py
[2024-04-25T13:51:00.154+0000] {processor.py:839} INFO - DAG(s) dict_keys(['example_branch_operator']) retrieved from /home/airflow/.local/lib/python3.8/site-packages/airflow/example_dags/example_branch_operator.py
[2024-04-25T13:51:00.208+0000] {logging_mixin.py:154} INFO - [2024-04-25T13:51:00.207+0000] {dag.py:2941} INFO - Sync 1 DAGs
[2024-04-25T13:51:00.257+0000] {logging_mixin.py:154} INFO - [2024-04-25T13:51:00.256+0000] {dag.py:3722} INFO - Setting next_dagrun for example_branch_operator to 2024-04-24T00:00:00+00:00, run_after=2024-04-25T00:00:00+00:00
[2024-04-25T13:51:00.283+0000] {processor.py:179} INFO - Processing /home/airflow/.local/lib/python3.8/site-packages/airflow/example_dags/example_branch_operator.py took 0.161 seconds
[2024-04-25T13:51:30.713+0000] {processor.py:157} INFO - Started process (PID=1276) to work on /home/airflow/.local/lib/python3.8/site-packages/airflow/example_dags/example_branch_operator.py
[2024-04-25T13:51:30.716+0000] {processor.py:829} INFO - Processing file /home/airflow/.local/lib/python3.8/site-packages/airflow/example_dags/example_branch_operator.py for tasks to queue
[2024-04-25T13:51:30.717+0000] {logging_mixin.py:154} INFO - [2024-04-25T13:51:30.716+0000] {dagbag.py:536} INFO - Filling up the DagBag from /home/airflow/.local/lib/python3.8/site-packages/airflow/example_dags/example_branch_operator.py
[2024-04-25T13:51:30.730+0000] {processor.py:839} INFO - DAG(s) dict_keys(['example_branch_operator']) retrieved from /home/airflow/.local/lib/python3.8/site-packages/airflow/example_dags/example_branch_operator.py
[2024-04-25T13:51:30.778+0000] {logging_mixin.py:154} INFO - [2024-04-25T13:51:30.777+0000] {dag.py:2941} INFO - Sync 1 DAGs
[2024-04-25T13:51:30.811+0000] {logging_mixin.py:154} INFO - [2024-04-25T13:51:30.811+0000] {dag.py:3722} INFO - Setting next_dagrun for example_branch_operator to 2024-04-24T00:00:00+00:00, run_after=2024-04-25T00:00:00+00:00
[2024-04-25T13:51:30.836+0000] {processor.py:179} INFO - Processing /home/airflow/.local/lib/python3.8/site-packages/airflow/example_dags/example_branch_operator.py took 0.129 seconds
[2024-04-25T13:52:01.173+0000] {processor.py:157} INFO - Started process (PID=1519) to work on /home/airflow/.local/lib/python3.8/site-packages/airflow/example_dags/example_branch_operator.py
[2024-04-25T13:52:01.174+0000] {processor.py:829} INFO - Processing file /home/airflow/.local/lib/python3.8/site-packages/airflow/example_dags/example_branch_operator.py for tasks to queue
[2024-04-25T13:52:01.175+0000] {logging_mixin.py:154} INFO - [2024-04-25T13:52:01.175+0000] {dagbag.py:536} INFO - Filling up the DagBag from /home/airflow/.local/lib/python3.8/site-packages/airflow/example_dags/example_branch_operator.py
[2024-04-25T13:52:01.192+0000] {processor.py:839} INFO - DAG(s) dict_keys(['example_branch_operator']) retrieved from /home/airflow/.local/lib/python3.8/site-packages/airflow/example_dags/example_branch_operator.py
[2024-04-25T13:52:01.230+0000] {logging_mixin.py:154} INFO - [2024-04-25T13:52:01.230+0000] {dag.py:2941} INFO - Sync 1 DAGs
[2024-04-25T13:52:01.286+0000] {logging_mixin.py:154} INFO - [2024-04-25T13:52:01.286+0000] {dag.py:3722} INFO - Setting next_dagrun for example_branch_operator to 2024-04-24T00:00:00+00:00, run_after=2024-04-25T00:00:00+00:00
[2024-04-25T13:52:01.324+0000] {processor.py:179} INFO - Processing /home/airflow/.local/lib/python3.8/site-packages/airflow/example_dags/example_branch_operator.py took 0.157 seconds
[2024-04-25T13:52:32.489+0000] {processor.py:157} INFO - Started process (PID=1766) to work on /home/airflow/.local/lib/python3.8/site-packages/airflow/example_dags/example_branch_operator.py
[2024-04-25T13:52:32.491+0000] {processor.py:829} INFO - Processing file /home/airflow/.local/lib/python3.8/site-packages/airflow/example_dags/example_branch_operator.py for tasks to queue
[2024-04-25T13:52:32.492+0000] {logging_mixin.py:154} INFO - [2024-04-25T13:52:32.491+0000] {dagbag.py:536} INFO - Filling up the DagBag from /home/airflow/.local/lib/python3.8/site-packages/airflow/example_dags/example_branch_operator.py
[2024-04-25T13:52:32.506+0000] {processor.py:839} INFO - DAG(s) dict_keys(['example_branch_operator']) retrieved from /home/airflow/.local/lib/python3.8/site-packages/airflow/example_dags/example_branch_operator.py
[2024-04-25T13:52:32.552+0000] {logging_mixin.py:154} INFO - [2024-04-25T13:52:32.551+0000] {dag.py:2941} INFO - Sync 1 DAGs
[2024-04-25T13:52:32.584+0000] {logging_mixin.py:154} INFO - [2024-04-25T13:52:32.584+0000] {dag.py:3722} INFO - Setting next_dagrun for example_branch_operator to 2024-04-24T00:00:00+00:00, run_after=2024-04-25T00:00:00+00:00
[2024-04-25T13:52:32.614+0000] {processor.py:179} INFO - Processing /home/airflow/.local/lib/python3.8/site-packages/airflow/example_dags/example_branch_operator.py took 0.131 seconds
[2024-04-25T13:53:04.336+0000] {processor.py:157} INFO - Started process (PID=2014) to work on /home/airflow/.local/lib/python3.8/site-packages/airflow/example_dags/example_branch_operator.py
[2024-04-25T13:53:04.340+0000] {processor.py:829} INFO - Processing file /home/airflow/.local/lib/python3.8/site-packages/airflow/example_dags/example_branch_operator.py for tasks to queue
[2024-04-25T13:53:04.342+0000] {logging_mixin.py:154} INFO - [2024-04-25T13:53:04.341+0000] {dagbag.py:536} INFO - Filling up the DagBag from /home/airflow/.local/lib/python3.8/site-packages/airflow/example_dags/example_branch_operator.py
[2024-04-25T13:53:04.366+0000] {processor.py:839} INFO - DAG(s) dict_keys(['example_branch_operator']) retrieved from /home/airflow/.local/lib/python3.8/site-packages/airflow/example_dags/example_branch_operator.py
[2024-04-25T13:53:04.424+0000] {logging_mixin.py:154} INFO - [2024-04-25T13:53:04.424+0000] {dag.py:2941} INFO - Sync 1 DAGs
[2024-04-25T13:53:04.501+0000] {logging_mixin.py:154} INFO - [2024-04-25T13:53:04.500+0000] {dag.py:3722} INFO - Setting next_dagrun for example_branch_operator to 2024-04-24T00:00:00+00:00, run_after=2024-04-25T00:00:00+00:00
[2024-04-25T13:53:04.550+0000] {processor.py:179} INFO - Processing /home/airflow/.local/lib/python3.8/site-packages/airflow/example_dags/example_branch_operator.py took 0.222 seconds
[2024-04-25T13:53:34.967+0000] {processor.py:157} INFO - Started process (PID=2255) to work on /home/airflow/.local/lib/python3.8/site-packages/airflow/example_dags/example_branch_operator.py
[2024-04-25T13:53:34.970+0000] {processor.py:829} INFO - Processing file /home/airflow/.local/lib/python3.8/site-packages/airflow/example_dags/example_branch_operator.py for tasks to queue
[2024-04-25T13:53:34.971+0000] {logging_mixin.py:154} INFO - [2024-04-25T13:53:34.971+0000] {dagbag.py:536} INFO - Filling up the DagBag from /home/airflow/.local/lib/python3.8/site-packages/airflow/example_dags/example_branch_operator.py
[2024-04-25T13:53:34.992+0000] {processor.py:839} INFO - DAG(s) dict_keys(['example_branch_operator']) retrieved from /home/airflow/.local/lib/python3.8/site-packages/airflow/example_dags/example_branch_operator.py
[2024-04-25T13:53:35.032+0000] {logging_mixin.py:154} INFO - [2024-04-25T13:53:35.032+0000] {dag.py:2941} INFO - Sync 1 DAGs
[2024-04-25T13:53:35.070+0000] {logging_mixin.py:154} INFO - [2024-04-25T13:53:35.070+0000] {dag.py:3722} INFO - Setting next_dagrun for example_branch_operator to 2024-04-24T00:00:00+00:00, run_after=2024-04-25T00:00:00+00:00
[2024-04-25T13:53:35.102+0000] {processor.py:179} INFO - Processing /home/airflow/.local/lib/python3.8/site-packages/airflow/example_dags/example_branch_operator.py took 0.142 seconds
