[2024-04-25T12:38:01.566+0000] {processor.py:157} INFO - Started process (PID=258) to work on /home/airflow/.local/lib/python3.8/site-packages/airflow/example_dags/example_xcom.py
[2024-04-25T12:38:01.567+0000] {processor.py:829} INFO - Processing file /home/airflow/.local/lib/python3.8/site-packages/airflow/example_dags/example_xcom.py for tasks to queue
[2024-04-25T12:38:01.569+0000] {logging_mixin.py:154} INFO - [2024-04-25T12:38:01.568+0000] {dagbag.py:536} INFO - Filling up the DagBag from /home/airflow/.local/lib/python3.8/site-packages/airflow/example_dags/example_xcom.py
[2024-04-25T12:38:01.583+0000] {processor.py:839} INFO - DAG(s) dict_keys(['example_xcom']) retrieved from /home/airflow/.local/lib/python3.8/site-packages/airflow/example_dags/example_xcom.py
[2024-04-25T12:38:01.807+0000] {logging_mixin.py:154} INFO - [2024-04-25T12:38:01.807+0000] {manager.py:499} INFO - Created Permission View: %s
[2024-04-25T12:38:01.828+0000] {logging_mixin.py:154} INFO - [2024-04-25T12:38:01.828+0000] {manager.py:499} INFO - Created Permission View: %s
[2024-04-25T12:38:01.840+0000] {logging_mixin.py:154} INFO - [2024-04-25T12:38:01.840+0000] {manager.py:499} INFO - Created Permission View: %s
[2024-04-25T12:38:01.841+0000] {logging_mixin.py:154} INFO - [2024-04-25T12:38:01.841+0000] {dag.py:2941} INFO - Sync 1 DAGs
[2024-04-25T12:38:01.868+0000] {logging_mixin.py:154} INFO - [2024-04-25T12:38:01.868+0000] {dag.py:2963} INFO - Creating ORM DAG for example_xcom
[2024-04-25T12:38:01.887+0000] {logging_mixin.py:154} INFO - [2024-04-25T12:38:01.887+0000] {dag.py:3722} INFO - Setting next_dagrun for example_xcom to 2021-01-01T00:00:00+00:00, run_after=2021-01-01T00:00:00+00:00
[2024-04-25T12:38:01.924+0000] {processor.py:179} INFO - Processing /home/airflow/.local/lib/python3.8/site-packages/airflow/example_dags/example_xcom.py took 0.364 seconds
[2024-04-25T12:38:32.588+0000] {processor.py:157} INFO - Started process (PID=503) to work on /home/airflow/.local/lib/python3.8/site-packages/airflow/example_dags/example_xcom.py
[2024-04-25T12:38:32.591+0000] {processor.py:829} INFO - Processing file /home/airflow/.local/lib/python3.8/site-packages/airflow/example_dags/example_xcom.py for tasks to queue
[2024-04-25T12:38:32.592+0000] {logging_mixin.py:154} INFO - [2024-04-25T12:38:32.591+0000] {dagbag.py:536} INFO - Filling up the DagBag from /home/airflow/.local/lib/python3.8/site-packages/airflow/example_dags/example_xcom.py
[2024-04-25T12:38:32.604+0000] {processor.py:839} INFO - DAG(s) dict_keys(['example_xcom']) retrieved from /home/airflow/.local/lib/python3.8/site-packages/airflow/example_dags/example_xcom.py
[2024-04-25T12:38:32.640+0000] {logging_mixin.py:154} INFO - [2024-04-25T12:38:32.639+0000] {dag.py:2941} INFO - Sync 1 DAGs
[2024-04-25T12:38:32.672+0000] {logging_mixin.py:154} INFO - [2024-04-25T12:38:32.671+0000] {dag.py:3722} INFO - Setting next_dagrun for example_xcom to 2021-01-01T00:00:00+00:00, run_after=2021-01-01T00:00:00+00:00
[2024-04-25T12:38:32.700+0000] {processor.py:179} INFO - Processing /home/airflow/.local/lib/python3.8/site-packages/airflow/example_dags/example_xcom.py took 0.117 seconds
[2024-04-25T12:39:03.126+0000] {processor.py:157} INFO - Started process (PID=747) to work on /home/airflow/.local/lib/python3.8/site-packages/airflow/example_dags/example_xcom.py
[2024-04-25T12:39:03.128+0000] {processor.py:829} INFO - Processing file /home/airflow/.local/lib/python3.8/site-packages/airflow/example_dags/example_xcom.py for tasks to queue
[2024-04-25T12:39:03.129+0000] {logging_mixin.py:154} INFO - [2024-04-25T12:39:03.128+0000] {dagbag.py:536} INFO - Filling up the DagBag from /home/airflow/.local/lib/python3.8/site-packages/airflow/example_dags/example_xcom.py
[2024-04-25T12:39:03.140+0000] {processor.py:839} INFO - DAG(s) dict_keys(['example_xcom']) retrieved from /home/airflow/.local/lib/python3.8/site-packages/airflow/example_dags/example_xcom.py
[2024-04-25T12:39:03.174+0000] {logging_mixin.py:154} INFO - [2024-04-25T12:39:03.174+0000] {dag.py:2941} INFO - Sync 1 DAGs
[2024-04-25T12:39:03.203+0000] {logging_mixin.py:154} INFO - [2024-04-25T12:39:03.203+0000] {dag.py:3722} INFO - Setting next_dagrun for example_xcom to 2021-01-01T00:00:00+00:00, run_after=2021-01-01T00:00:00+00:00
[2024-04-25T12:39:03.227+0000] {processor.py:179} INFO - Processing /home/airflow/.local/lib/python3.8/site-packages/airflow/example_dags/example_xcom.py took 0.107 seconds
[2024-04-25T12:39:33.561+0000] {processor.py:157} INFO - Started process (PID=990) to work on /home/airflow/.local/lib/python3.8/site-packages/airflow/example_dags/example_xcom.py
[2024-04-25T12:39:33.564+0000] {processor.py:829} INFO - Processing file /home/airflow/.local/lib/python3.8/site-packages/airflow/example_dags/example_xcom.py for tasks to queue
[2024-04-25T12:39:33.566+0000] {logging_mixin.py:154} INFO - [2024-04-25T12:39:33.565+0000] {dagbag.py:536} INFO - Filling up the DagBag from /home/airflow/.local/lib/python3.8/site-packages/airflow/example_dags/example_xcom.py
[2024-04-25T12:39:33.577+0000] {processor.py:839} INFO - DAG(s) dict_keys(['example_xcom']) retrieved from /home/airflow/.local/lib/python3.8/site-packages/airflow/example_dags/example_xcom.py
[2024-04-25T12:39:33.611+0000] {logging_mixin.py:154} INFO - [2024-04-25T12:39:33.611+0000] {dag.py:2941} INFO - Sync 1 DAGs
[2024-04-25T12:39:33.643+0000] {logging_mixin.py:154} INFO - [2024-04-25T12:39:33.643+0000] {dag.py:3722} INFO - Setting next_dagrun for example_xcom to 2021-01-01T00:00:00+00:00, run_after=2021-01-01T00:00:00+00:00
[2024-04-25T12:39:33.668+0000] {processor.py:179} INFO - Processing /home/airflow/.local/lib/python3.8/site-packages/airflow/example_dags/example_xcom.py took 0.114 seconds
[2024-04-25T12:40:03.866+0000] {processor.py:157} INFO - Started process (PID=1233) to work on /home/airflow/.local/lib/python3.8/site-packages/airflow/example_dags/example_xcom.py
[2024-04-25T12:40:03.868+0000] {processor.py:829} INFO - Processing file /home/airflow/.local/lib/python3.8/site-packages/airflow/example_dags/example_xcom.py for tasks to queue
[2024-04-25T12:40:03.870+0000] {logging_mixin.py:154} INFO - [2024-04-25T12:40:03.869+0000] {dagbag.py:536} INFO - Filling up the DagBag from /home/airflow/.local/lib/python3.8/site-packages/airflow/example_dags/example_xcom.py
[2024-04-25T12:40:03.883+0000] {processor.py:839} INFO - DAG(s) dict_keys(['example_xcom']) retrieved from /home/airflow/.local/lib/python3.8/site-packages/airflow/example_dags/example_xcom.py
[2024-04-25T12:40:03.917+0000] {logging_mixin.py:154} INFO - [2024-04-25T12:40:03.916+0000] {dag.py:2941} INFO - Sync 1 DAGs
[2024-04-25T12:40:03.948+0000] {logging_mixin.py:154} INFO - [2024-04-25T12:40:03.948+0000] {dag.py:3722} INFO - Setting next_dagrun for example_xcom to 2021-01-01T00:00:00+00:00, run_after=2021-01-01T00:00:00+00:00
[2024-04-25T12:40:03.976+0000] {processor.py:179} INFO - Processing /home/airflow/.local/lib/python3.8/site-packages/airflow/example_dags/example_xcom.py took 0.117 seconds
[2024-04-25T12:40:34.464+0000] {processor.py:157} INFO - Started process (PID=1476) to work on /home/airflow/.local/lib/python3.8/site-packages/airflow/example_dags/example_xcom.py
[2024-04-25T12:40:34.466+0000] {processor.py:829} INFO - Processing file /home/airflow/.local/lib/python3.8/site-packages/airflow/example_dags/example_xcom.py for tasks to queue
[2024-04-25T12:40:34.467+0000] {logging_mixin.py:154} INFO - [2024-04-25T12:40:34.466+0000] {dagbag.py:536} INFO - Filling up the DagBag from /home/airflow/.local/lib/python3.8/site-packages/airflow/example_dags/example_xcom.py
[2024-04-25T12:40:34.478+0000] {processor.py:839} INFO - DAG(s) dict_keys(['example_xcom']) retrieved from /home/airflow/.local/lib/python3.8/site-packages/airflow/example_dags/example_xcom.py
[2024-04-25T12:40:34.511+0000] {logging_mixin.py:154} INFO - [2024-04-25T12:40:34.511+0000] {dag.py:2941} INFO - Sync 1 DAGs
[2024-04-25T12:40:34.541+0000] {logging_mixin.py:154} INFO - [2024-04-25T12:40:34.541+0000] {dag.py:3722} INFO - Setting next_dagrun for example_xcom to 2021-01-01T00:00:00+00:00, run_after=2021-01-01T00:00:00+00:00
[2024-04-25T12:40:34.568+0000] {processor.py:179} INFO - Processing /home/airflow/.local/lib/python3.8/site-packages/airflow/example_dags/example_xcom.py took 0.110 seconds
[2024-04-25T12:41:05.451+0000] {processor.py:157} INFO - Started process (PID=1719) to work on /home/airflow/.local/lib/python3.8/site-packages/airflow/example_dags/example_xcom.py
[2024-04-25T12:41:05.453+0000] {processor.py:829} INFO - Processing file /home/airflow/.local/lib/python3.8/site-packages/airflow/example_dags/example_xcom.py for tasks to queue
[2024-04-25T12:41:05.454+0000] {logging_mixin.py:154} INFO - [2024-04-25T12:41:05.454+0000] {dagbag.py:536} INFO - Filling up the DagBag from /home/airflow/.local/lib/python3.8/site-packages/airflow/example_dags/example_xcom.py
[2024-04-25T12:41:05.466+0000] {processor.py:839} INFO - DAG(s) dict_keys(['example_xcom']) retrieved from /home/airflow/.local/lib/python3.8/site-packages/airflow/example_dags/example_xcom.py
[2024-04-25T12:41:05.500+0000] {logging_mixin.py:154} INFO - [2024-04-25T12:41:05.499+0000] {dag.py:2941} INFO - Sync 1 DAGs
[2024-04-25T12:41:05.535+0000] {logging_mixin.py:154} INFO - [2024-04-25T12:41:05.535+0000] {dag.py:3722} INFO - Setting next_dagrun for example_xcom to 2021-01-01T00:00:00+00:00, run_after=2021-01-01T00:00:00+00:00
[2024-04-25T12:41:05.562+0000] {processor.py:179} INFO - Processing /home/airflow/.local/lib/python3.8/site-packages/airflow/example_dags/example_xcom.py took 0.117 seconds
[2024-04-25T12:41:36.062+0000] {processor.py:157} INFO - Started process (PID=1962) to work on /home/airflow/.local/lib/python3.8/site-packages/airflow/example_dags/example_xcom.py
[2024-04-25T12:41:36.063+0000] {processor.py:829} INFO - Processing file /home/airflow/.local/lib/python3.8/site-packages/airflow/example_dags/example_xcom.py for tasks to queue
[2024-04-25T12:41:36.065+0000] {logging_mixin.py:154} INFO - [2024-04-25T12:41:36.064+0000] {dagbag.py:536} INFO - Filling up the DagBag from /home/airflow/.local/lib/python3.8/site-packages/airflow/example_dags/example_xcom.py
[2024-04-25T12:41:36.077+0000] {processor.py:839} INFO - DAG(s) dict_keys(['example_xcom']) retrieved from /home/airflow/.local/lib/python3.8/site-packages/airflow/example_dags/example_xcom.py
[2024-04-25T12:41:36.116+0000] {logging_mixin.py:154} INFO - [2024-04-25T12:41:36.116+0000] {dag.py:2941} INFO - Sync 1 DAGs
[2024-04-25T12:41:36.148+0000] {logging_mixin.py:154} INFO - [2024-04-25T12:41:36.148+0000] {dag.py:3722} INFO - Setting next_dagrun for example_xcom to 2021-01-01T00:00:00+00:00, run_after=2021-01-01T00:00:00+00:00
[2024-04-25T12:41:36.179+0000] {processor.py:179} INFO - Processing /home/airflow/.local/lib/python3.8/site-packages/airflow/example_dags/example_xcom.py took 0.123 seconds
[2024-04-25T12:42:07.335+0000] {processor.py:157} INFO - Started process (PID=2213) to work on /home/airflow/.local/lib/python3.8/site-packages/airflow/example_dags/example_xcom.py
[2024-04-25T12:42:07.337+0000] {processor.py:829} INFO - Processing file /home/airflow/.local/lib/python3.8/site-packages/airflow/example_dags/example_xcom.py for tasks to queue
[2024-04-25T12:42:07.339+0000] {logging_mixin.py:154} INFO - [2024-04-25T12:42:07.338+0000] {dagbag.py:536} INFO - Filling up the DagBag from /home/airflow/.local/lib/python3.8/site-packages/airflow/example_dags/example_xcom.py
[2024-04-25T12:42:07.350+0000] {processor.py:839} INFO - DAG(s) dict_keys(['example_xcom']) retrieved from /home/airflow/.local/lib/python3.8/site-packages/airflow/example_dags/example_xcom.py
[2024-04-25T12:42:07.386+0000] {logging_mixin.py:154} INFO - [2024-04-25T12:42:07.386+0000] {dag.py:2941} INFO - Sync 1 DAGs
[2024-04-25T12:42:07.421+0000] {logging_mixin.py:154} INFO - [2024-04-25T12:42:07.421+0000] {dag.py:3722} INFO - Setting next_dagrun for example_xcom to 2021-01-01T00:00:00+00:00, run_after=2021-01-01T00:00:00+00:00
[2024-04-25T12:42:07.453+0000] {processor.py:179} INFO - Processing /home/airflow/.local/lib/python3.8/site-packages/airflow/example_dags/example_xcom.py took 0.127 seconds
[2024-04-25T12:42:37.939+0000] {processor.py:157} INFO - Started process (PID=2455) to work on /home/airflow/.local/lib/python3.8/site-packages/airflow/example_dags/example_xcom.py
[2024-04-25T12:42:37.940+0000] {processor.py:829} INFO - Processing file /home/airflow/.local/lib/python3.8/site-packages/airflow/example_dags/example_xcom.py for tasks to queue
[2024-04-25T12:42:37.942+0000] {logging_mixin.py:154} INFO - [2024-04-25T12:42:37.941+0000] {dagbag.py:536} INFO - Filling up the DagBag from /home/airflow/.local/lib/python3.8/site-packages/airflow/example_dags/example_xcom.py
[2024-04-25T12:42:37.955+0000] {processor.py:839} INFO - DAG(s) dict_keys(['example_xcom']) retrieved from /home/airflow/.local/lib/python3.8/site-packages/airflow/example_dags/example_xcom.py
[2024-04-25T12:42:37.994+0000] {logging_mixin.py:154} INFO - [2024-04-25T12:42:37.993+0000] {dag.py:2941} INFO - Sync 1 DAGs
[2024-04-25T12:42:38.040+0000] {logging_mixin.py:154} INFO - [2024-04-25T12:42:38.039+0000] {dag.py:3722} INFO - Setting next_dagrun for example_xcom to 2021-01-01T00:00:00+00:00, run_after=2021-01-01T00:00:00+00:00
[2024-04-25T12:42:38.077+0000] {processor.py:179} INFO - Processing /home/airflow/.local/lib/python3.8/site-packages/airflow/example_dags/example_xcom.py took 0.144 seconds
[2024-04-25T12:43:08.810+0000] {processor.py:157} INFO - Started process (PID=2698) to work on /home/airflow/.local/lib/python3.8/site-packages/airflow/example_dags/example_xcom.py
[2024-04-25T12:43:08.812+0000] {processor.py:829} INFO - Processing file /home/airflow/.local/lib/python3.8/site-packages/airflow/example_dags/example_xcom.py for tasks to queue
[2024-04-25T12:43:08.814+0000] {logging_mixin.py:154} INFO - [2024-04-25T12:43:08.813+0000] {dagbag.py:536} INFO - Filling up the DagBag from /home/airflow/.local/lib/python3.8/site-packages/airflow/example_dags/example_xcom.py
[2024-04-25T12:43:08.833+0000] {processor.py:839} INFO - DAG(s) dict_keys(['example_xcom']) retrieved from /home/airflow/.local/lib/python3.8/site-packages/airflow/example_dags/example_xcom.py
[2024-04-25T12:43:08.872+0000] {logging_mixin.py:154} INFO - [2024-04-25T12:43:08.872+0000] {dag.py:2941} INFO - Sync 1 DAGs
[2024-04-25T12:43:08.908+0000] {logging_mixin.py:154} INFO - [2024-04-25T12:43:08.908+0000] {dag.py:3722} INFO - Setting next_dagrun for example_xcom to 2021-01-01T00:00:00+00:00, run_after=2021-01-01T00:00:00+00:00
[2024-04-25T12:43:08.939+0000] {processor.py:179} INFO - Processing /home/airflow/.local/lib/python3.8/site-packages/airflow/example_dags/example_xcom.py took 0.136 seconds
[2024-04-25T12:43:40.349+0000] {processor.py:157} INFO - Started process (PID=2947) to work on /home/airflow/.local/lib/python3.8/site-packages/airflow/example_dags/example_xcom.py
[2024-04-25T12:43:40.357+0000] {processor.py:829} INFO - Processing file /home/airflow/.local/lib/python3.8/site-packages/airflow/example_dags/example_xcom.py for tasks to queue
[2024-04-25T12:43:40.359+0000] {logging_mixin.py:154} INFO - [2024-04-25T12:43:40.358+0000] {dagbag.py:536} INFO - Filling up the DagBag from /home/airflow/.local/lib/python3.8/site-packages/airflow/example_dags/example_xcom.py
[2024-04-25T12:43:40.395+0000] {processor.py:839} INFO - DAG(s) dict_keys(['example_xcom']) retrieved from /home/airflow/.local/lib/python3.8/site-packages/airflow/example_dags/example_xcom.py
[2024-04-25T12:43:40.551+0000] {logging_mixin.py:154} INFO - [2024-04-25T12:43:40.550+0000] {dag.py:2941} INFO - Sync 1 DAGs
[2024-04-25T12:43:40.635+0000] {logging_mixin.py:154} INFO - [2024-04-25T12:43:40.635+0000] {dag.py:3722} INFO - Setting next_dagrun for example_xcom to 2021-01-01T00:00:00+00:00, run_after=2021-01-01T00:00:00+00:00
[2024-04-25T12:43:40.703+0000] {processor.py:179} INFO - Processing /home/airflow/.local/lib/python3.8/site-packages/airflow/example_dags/example_xcom.py took 0.363 seconds
[2024-04-25T12:44:11.402+0000] {processor.py:157} INFO - Started process (PID=3196) to work on /home/airflow/.local/lib/python3.8/site-packages/airflow/example_dags/example_xcom.py
[2024-04-25T12:44:11.405+0000] {processor.py:829} INFO - Processing file /home/airflow/.local/lib/python3.8/site-packages/airflow/example_dags/example_xcom.py for tasks to queue
[2024-04-25T12:44:11.407+0000] {logging_mixin.py:154} INFO - [2024-04-25T12:44:11.407+0000] {dagbag.py:536} INFO - Filling up the DagBag from /home/airflow/.local/lib/python3.8/site-packages/airflow/example_dags/example_xcom.py
[2024-04-25T12:44:11.426+0000] {processor.py:839} INFO - DAG(s) dict_keys(['example_xcom']) retrieved from /home/airflow/.local/lib/python3.8/site-packages/airflow/example_dags/example_xcom.py
[2024-04-25T12:44:11.495+0000] {logging_mixin.py:154} INFO - [2024-04-25T12:44:11.494+0000] {dag.py:2941} INFO - Sync 1 DAGs
[2024-04-25T12:44:11.558+0000] {logging_mixin.py:154} INFO - [2024-04-25T12:44:11.558+0000] {dag.py:3722} INFO - Setting next_dagrun for example_xcom to 2021-01-01T00:00:00+00:00, run_after=2021-01-01T00:00:00+00:00
[2024-04-25T12:44:11.612+0000] {processor.py:179} INFO - Processing /home/airflow/.local/lib/python3.8/site-packages/airflow/example_dags/example_xcom.py took 0.236 seconds
[2024-04-25T12:44:42.165+0000] {processor.py:157} INFO - Started process (PID=3436) to work on /home/airflow/.local/lib/python3.8/site-packages/airflow/example_dags/example_xcom.py
[2024-04-25T12:44:42.168+0000] {processor.py:829} INFO - Processing file /home/airflow/.local/lib/python3.8/site-packages/airflow/example_dags/example_xcom.py for tasks to queue
[2024-04-25T12:44:42.170+0000] {logging_mixin.py:154} INFO - [2024-04-25T12:44:42.169+0000] {dagbag.py:536} INFO - Filling up the DagBag from /home/airflow/.local/lib/python3.8/site-packages/airflow/example_dags/example_xcom.py
[2024-04-25T12:44:42.188+0000] {processor.py:839} INFO - DAG(s) dict_keys(['example_xcom']) retrieved from /home/airflow/.local/lib/python3.8/site-packages/airflow/example_dags/example_xcom.py
[2024-04-25T12:44:42.239+0000] {logging_mixin.py:154} INFO - [2024-04-25T12:44:42.239+0000] {dag.py:2941} INFO - Sync 1 DAGs
[2024-04-25T12:44:42.279+0000] {logging_mixin.py:154} INFO - [2024-04-25T12:44:42.278+0000] {dag.py:3722} INFO - Setting next_dagrun for example_xcom to 2021-01-01T00:00:00+00:00, run_after=2021-01-01T00:00:00+00:00
[2024-04-25T12:44:42.314+0000] {processor.py:179} INFO - Processing /home/airflow/.local/lib/python3.8/site-packages/airflow/example_dags/example_xcom.py took 0.154 seconds
[2024-04-25T12:45:12.640+0000] {processor.py:157} INFO - Started process (PID=3679) to work on /home/airflow/.local/lib/python3.8/site-packages/airflow/example_dags/example_xcom.py
[2024-04-25T12:45:12.643+0000] {processor.py:829} INFO - Processing file /home/airflow/.local/lib/python3.8/site-packages/airflow/example_dags/example_xcom.py for tasks to queue
[2024-04-25T12:45:12.645+0000] {logging_mixin.py:154} INFO - [2024-04-25T12:45:12.644+0000] {dagbag.py:536} INFO - Filling up the DagBag from /home/airflow/.local/lib/python3.8/site-packages/airflow/example_dags/example_xcom.py
[2024-04-25T12:45:12.663+0000] {processor.py:839} INFO - DAG(s) dict_keys(['example_xcom']) retrieved from /home/airflow/.local/lib/python3.8/site-packages/airflow/example_dags/example_xcom.py
[2024-04-25T12:45:12.712+0000] {logging_mixin.py:154} INFO - [2024-04-25T12:45:12.712+0000] {dag.py:2941} INFO - Sync 1 DAGs
[2024-04-25T12:45:12.758+0000] {logging_mixin.py:154} INFO - [2024-04-25T12:45:12.758+0000] {dag.py:3722} INFO - Setting next_dagrun for example_xcom to 2021-01-01T00:00:00+00:00, run_after=2021-01-01T00:00:00+00:00
[2024-04-25T12:45:12.793+0000] {processor.py:179} INFO - Processing /home/airflow/.local/lib/python3.8/site-packages/airflow/example_dags/example_xcom.py took 0.162 seconds
[2024-04-25T12:45:43.746+0000] {processor.py:157} INFO - Started process (PID=3930) to work on /home/airflow/.local/lib/python3.8/site-packages/airflow/example_dags/example_xcom.py
[2024-04-25T12:45:43.749+0000] {processor.py:829} INFO - Processing file /home/airflow/.local/lib/python3.8/site-packages/airflow/example_dags/example_xcom.py for tasks to queue
[2024-04-25T12:45:43.751+0000] {logging_mixin.py:154} INFO - [2024-04-25T12:45:43.751+0000] {dagbag.py:536} INFO - Filling up the DagBag from /home/airflow/.local/lib/python3.8/site-packages/airflow/example_dags/example_xcom.py
[2024-04-25T12:45:43.765+0000] {processor.py:839} INFO - DAG(s) dict_keys(['example_xcom']) retrieved from /home/airflow/.local/lib/python3.8/site-packages/airflow/example_dags/example_xcom.py
[2024-04-25T12:45:43.803+0000] {logging_mixin.py:154} INFO - [2024-04-25T12:45:43.802+0000] {dag.py:2941} INFO - Sync 1 DAGs
[2024-04-25T12:45:43.835+0000] {logging_mixin.py:154} INFO - [2024-04-25T12:45:43.834+0000] {dag.py:3722} INFO - Setting next_dagrun for example_xcom to 2021-01-01T00:00:00+00:00, run_after=2021-01-01T00:00:00+00:00
[2024-04-25T12:45:43.866+0000] {processor.py:179} INFO - Processing /home/airflow/.local/lib/python3.8/site-packages/airflow/example_dags/example_xcom.py took 0.129 seconds
[2024-04-25T12:46:14.539+0000] {processor.py:157} INFO - Started process (PID=4173) to work on /home/airflow/.local/lib/python3.8/site-packages/airflow/example_dags/example_xcom.py
[2024-04-25T12:46:14.542+0000] {processor.py:829} INFO - Processing file /home/airflow/.local/lib/python3.8/site-packages/airflow/example_dags/example_xcom.py for tasks to queue
[2024-04-25T12:46:14.543+0000] {logging_mixin.py:154} INFO - [2024-04-25T12:46:14.542+0000] {dagbag.py:536} INFO - Filling up the DagBag from /home/airflow/.local/lib/python3.8/site-packages/airflow/example_dags/example_xcom.py
[2024-04-25T12:46:14.555+0000] {processor.py:839} INFO - DAG(s) dict_keys(['example_xcom']) retrieved from /home/airflow/.local/lib/python3.8/site-packages/airflow/example_dags/example_xcom.py
[2024-04-25T12:46:14.594+0000] {logging_mixin.py:154} INFO - [2024-04-25T12:46:14.594+0000] {dag.py:2941} INFO - Sync 1 DAGs
[2024-04-25T12:46:14.633+0000] {logging_mixin.py:154} INFO - [2024-04-25T12:46:14.633+0000] {dag.py:3722} INFO - Setting next_dagrun for example_xcom to 2021-01-01T00:00:00+00:00, run_after=2021-01-01T00:00:00+00:00
[2024-04-25T12:46:14.669+0000] {processor.py:179} INFO - Processing /home/airflow/.local/lib/python3.8/site-packages/airflow/example_dags/example_xcom.py took 0.135 seconds
[2024-04-25T12:46:45.473+0000] {processor.py:157} INFO - Started process (PID=4416) to work on /home/airflow/.local/lib/python3.8/site-packages/airflow/example_dags/example_xcom.py
[2024-04-25T12:46:45.476+0000] {processor.py:829} INFO - Processing file /home/airflow/.local/lib/python3.8/site-packages/airflow/example_dags/example_xcom.py for tasks to queue
[2024-04-25T12:46:45.478+0000] {logging_mixin.py:154} INFO - [2024-04-25T12:46:45.477+0000] {dagbag.py:536} INFO - Filling up the DagBag from /home/airflow/.local/lib/python3.8/site-packages/airflow/example_dags/example_xcom.py
[2024-04-25T12:46:45.496+0000] {processor.py:839} INFO - DAG(s) dict_keys(['example_xcom']) retrieved from /home/airflow/.local/lib/python3.8/site-packages/airflow/example_dags/example_xcom.py
[2024-04-25T12:46:45.537+0000] {logging_mixin.py:154} INFO - [2024-04-25T12:46:45.537+0000] {dag.py:2941} INFO - Sync 1 DAGs
[2024-04-25T12:46:45.586+0000] {logging_mixin.py:154} INFO - [2024-04-25T12:46:45.586+0000] {dag.py:3722} INFO - Setting next_dagrun for example_xcom to 2021-01-01T00:00:00+00:00, run_after=2021-01-01T00:00:00+00:00
[2024-04-25T12:46:45.623+0000] {processor.py:179} INFO - Processing /home/airflow/.local/lib/python3.8/site-packages/airflow/example_dags/example_xcom.py took 0.159 seconds
[2024-04-25T12:47:15.793+0000] {processor.py:157} INFO - Started process (PID=4657) to work on /home/airflow/.local/lib/python3.8/site-packages/airflow/example_dags/example_xcom.py
[2024-04-25T12:47:15.798+0000] {processor.py:829} INFO - Processing file /home/airflow/.local/lib/python3.8/site-packages/airflow/example_dags/example_xcom.py for tasks to queue
[2024-04-25T12:47:15.801+0000] {logging_mixin.py:154} INFO - [2024-04-25T12:47:15.799+0000] {dagbag.py:536} INFO - Filling up the DagBag from /home/airflow/.local/lib/python3.8/site-packages/airflow/example_dags/example_xcom.py
[2024-04-25T12:47:15.833+0000] {processor.py:839} INFO - DAG(s) dict_keys(['example_xcom']) retrieved from /home/airflow/.local/lib/python3.8/site-packages/airflow/example_dags/example_xcom.py
[2024-04-25T12:47:15.928+0000] {logging_mixin.py:154} INFO - [2024-04-25T12:47:15.928+0000] {dag.py:2941} INFO - Sync 1 DAGs
[2024-04-25T12:47:16.005+0000] {logging_mixin.py:154} INFO - [2024-04-25T12:47:16.004+0000] {dag.py:3722} INFO - Setting next_dagrun for example_xcom to 2021-01-01T00:00:00+00:00, run_after=2021-01-01T00:00:00+00:00
[2024-04-25T12:47:16.061+0000] {processor.py:179} INFO - Processing /home/airflow/.local/lib/python3.8/site-packages/airflow/example_dags/example_xcom.py took 0.287 seconds
[2024-04-25T12:47:46.383+0000] {processor.py:157} INFO - Started process (PID=4900) to work on /home/airflow/.local/lib/python3.8/site-packages/airflow/example_dags/example_xcom.py
[2024-04-25T12:47:46.385+0000] {processor.py:829} INFO - Processing file /home/airflow/.local/lib/python3.8/site-packages/airflow/example_dags/example_xcom.py for tasks to queue
[2024-04-25T12:47:46.387+0000] {logging_mixin.py:154} INFO - [2024-04-25T12:47:46.387+0000] {dagbag.py:536} INFO - Filling up the DagBag from /home/airflow/.local/lib/python3.8/site-packages/airflow/example_dags/example_xcom.py
[2024-04-25T12:47:46.408+0000] {processor.py:839} INFO - DAG(s) dict_keys(['example_xcom']) retrieved from /home/airflow/.local/lib/python3.8/site-packages/airflow/example_dags/example_xcom.py
[2024-04-25T12:47:46.446+0000] {logging_mixin.py:154} INFO - [2024-04-25T12:47:46.445+0000] {dag.py:2941} INFO - Sync 1 DAGs
[2024-04-25T12:47:46.481+0000] {logging_mixin.py:154} INFO - [2024-04-25T12:47:46.481+0000] {dag.py:3722} INFO - Setting next_dagrun for example_xcom to 2021-01-01T00:00:00+00:00, run_after=2021-01-01T00:00:00+00:00
[2024-04-25T12:47:46.520+0000] {processor.py:179} INFO - Processing /home/airflow/.local/lib/python3.8/site-packages/airflow/example_dags/example_xcom.py took 0.143 seconds
[2024-04-25T12:51:42.517+0000] {processor.py:157} INFO - Started process (PID=258) to work on /home/airflow/.local/lib/python3.8/site-packages/airflow/example_dags/example_xcom.py
[2024-04-25T12:51:42.519+0000] {processor.py:829} INFO - Processing file /home/airflow/.local/lib/python3.8/site-packages/airflow/example_dags/example_xcom.py for tasks to queue
[2024-04-25T12:51:42.521+0000] {logging_mixin.py:154} INFO - [2024-04-25T12:51:42.520+0000] {dagbag.py:536} INFO - Filling up the DagBag from /home/airflow/.local/lib/python3.8/site-packages/airflow/example_dags/example_xcom.py
[2024-04-25T12:51:42.539+0000] {processor.py:839} INFO - DAG(s) dict_keys(['example_xcom']) retrieved from /home/airflow/.local/lib/python3.8/site-packages/airflow/example_dags/example_xcom.py
[2024-04-25T12:51:42.562+0000] {logging_mixin.py:154} INFO - [2024-04-25T12:51:42.562+0000] {dag.py:2941} INFO - Sync 1 DAGs
[2024-04-25T12:51:42.610+0000] {logging_mixin.py:154} INFO - [2024-04-25T12:51:42.610+0000] {dag.py:3722} INFO - Setting next_dagrun for example_xcom to 2021-01-01T00:00:00+00:00, run_after=2021-01-01T00:00:00+00:00
[2024-04-25T12:51:42.647+0000] {processor.py:179} INFO - Processing /home/airflow/.local/lib/python3.8/site-packages/airflow/example_dags/example_xcom.py took 0.138 seconds
[2024-04-25T12:52:13.341+0000] {processor.py:157} INFO - Started process (PID=503) to work on /home/airflow/.local/lib/python3.8/site-packages/airflow/example_dags/example_xcom.py
[2024-04-25T12:52:13.343+0000] {processor.py:829} INFO - Processing file /home/airflow/.local/lib/python3.8/site-packages/airflow/example_dags/example_xcom.py for tasks to queue
[2024-04-25T12:52:13.344+0000] {logging_mixin.py:154} INFO - [2024-04-25T12:52:13.344+0000] {dagbag.py:536} INFO - Filling up the DagBag from /home/airflow/.local/lib/python3.8/site-packages/airflow/example_dags/example_xcom.py
[2024-04-25T12:52:13.362+0000] {processor.py:839} INFO - DAG(s) dict_keys(['example_xcom']) retrieved from /home/airflow/.local/lib/python3.8/site-packages/airflow/example_dags/example_xcom.py
[2024-04-25T12:52:13.404+0000] {logging_mixin.py:154} INFO - [2024-04-25T12:52:13.404+0000] {dag.py:2941} INFO - Sync 1 DAGs
[2024-04-25T12:52:13.437+0000] {logging_mixin.py:154} INFO - [2024-04-25T12:52:13.436+0000] {dag.py:3722} INFO - Setting next_dagrun for example_xcom to 2021-01-01T00:00:00+00:00, run_after=2021-01-01T00:00:00+00:00
[2024-04-25T12:52:13.470+0000] {processor.py:179} INFO - Processing /home/airflow/.local/lib/python3.8/site-packages/airflow/example_dags/example_xcom.py took 0.138 seconds
[2024-04-25T12:52:44.357+0000] {processor.py:157} INFO - Started process (PID=751) to work on /home/airflow/.local/lib/python3.8/site-packages/airflow/example_dags/example_xcom.py
[2024-04-25T12:52:44.360+0000] {processor.py:829} INFO - Processing file /home/airflow/.local/lib/python3.8/site-packages/airflow/example_dags/example_xcom.py for tasks to queue
[2024-04-25T12:52:44.361+0000] {logging_mixin.py:154} INFO - [2024-04-25T12:52:44.361+0000] {dagbag.py:536} INFO - Filling up the DagBag from /home/airflow/.local/lib/python3.8/site-packages/airflow/example_dags/example_xcom.py
[2024-04-25T12:52:44.377+0000] {processor.py:839} INFO - DAG(s) dict_keys(['example_xcom']) retrieved from /home/airflow/.local/lib/python3.8/site-packages/airflow/example_dags/example_xcom.py
[2024-04-25T12:52:44.420+0000] {logging_mixin.py:154} INFO - [2024-04-25T12:52:44.419+0000] {dag.py:2941} INFO - Sync 1 DAGs
[2024-04-25T12:52:44.454+0000] {logging_mixin.py:154} INFO - [2024-04-25T12:52:44.454+0000] {dag.py:3722} INFO - Setting next_dagrun for example_xcom to 2021-01-01T00:00:00+00:00, run_after=2021-01-01T00:00:00+00:00
[2024-04-25T12:52:44.483+0000] {processor.py:179} INFO - Processing /home/airflow/.local/lib/python3.8/site-packages/airflow/example_dags/example_xcom.py took 0.133 seconds
[2024-04-25T12:53:14.844+0000] {processor.py:157} INFO - Started process (PID=998) to work on /home/airflow/.local/lib/python3.8/site-packages/airflow/example_dags/example_xcom.py
[2024-04-25T12:53:14.848+0000] {processor.py:829} INFO - Processing file /home/airflow/.local/lib/python3.8/site-packages/airflow/example_dags/example_xcom.py for tasks to queue
[2024-04-25T12:53:14.849+0000] {logging_mixin.py:154} INFO - [2024-04-25T12:53:14.849+0000] {dagbag.py:536} INFO - Filling up the DagBag from /home/airflow/.local/lib/python3.8/site-packages/airflow/example_dags/example_xcom.py
[2024-04-25T12:53:14.865+0000] {processor.py:839} INFO - DAG(s) dict_keys(['example_xcom']) retrieved from /home/airflow/.local/lib/python3.8/site-packages/airflow/example_dags/example_xcom.py
[2024-04-25T12:53:14.910+0000] {logging_mixin.py:154} INFO - [2024-04-25T12:53:14.909+0000] {dag.py:2941} INFO - Sync 1 DAGs
[2024-04-25T12:53:14.954+0000] {logging_mixin.py:154} INFO - [2024-04-25T12:53:14.954+0000] {dag.py:3722} INFO - Setting next_dagrun for example_xcom to 2021-01-01T00:00:00+00:00, run_after=2021-01-01T00:00:00+00:00
[2024-04-25T12:53:14.990+0000] {processor.py:179} INFO - Processing /home/airflow/.local/lib/python3.8/site-packages/airflow/example_dags/example_xcom.py took 0.160 seconds
[2024-04-25T12:53:45.189+0000] {processor.py:157} INFO - Started process (PID=1241) to work on /home/airflow/.local/lib/python3.8/site-packages/airflow/example_dags/example_xcom.py
[2024-04-25T12:53:45.195+0000] {processor.py:829} INFO - Processing file /home/airflow/.local/lib/python3.8/site-packages/airflow/example_dags/example_xcom.py for tasks to queue
[2024-04-25T12:53:45.197+0000] {logging_mixin.py:154} INFO - [2024-04-25T12:53:45.196+0000] {dagbag.py:536} INFO - Filling up the DagBag from /home/airflow/.local/lib/python3.8/site-packages/airflow/example_dags/example_xcom.py
[2024-04-25T12:53:45.213+0000] {processor.py:839} INFO - DAG(s) dict_keys(['example_xcom']) retrieved from /home/airflow/.local/lib/python3.8/site-packages/airflow/example_dags/example_xcom.py
[2024-04-25T12:53:45.248+0000] {logging_mixin.py:154} INFO - [2024-04-25T12:53:45.248+0000] {dag.py:2941} INFO - Sync 1 DAGs
[2024-04-25T12:53:45.280+0000] {logging_mixin.py:154} INFO - [2024-04-25T12:53:45.280+0000] {dag.py:3722} INFO - Setting next_dagrun for example_xcom to 2021-01-01T00:00:00+00:00, run_after=2021-01-01T00:00:00+00:00
[2024-04-25T12:53:45.307+0000] {processor.py:179} INFO - Processing /home/airflow/.local/lib/python3.8/site-packages/airflow/example_dags/example_xcom.py took 0.126 seconds
[2024-04-25T12:54:15.742+0000] {processor.py:157} INFO - Started process (PID=1486) to work on /home/airflow/.local/lib/python3.8/site-packages/airflow/example_dags/example_xcom.py
[2024-04-25T12:54:15.744+0000] {processor.py:829} INFO - Processing file /home/airflow/.local/lib/python3.8/site-packages/airflow/example_dags/example_xcom.py for tasks to queue
[2024-04-25T12:54:15.745+0000] {logging_mixin.py:154} INFO - [2024-04-25T12:54:15.745+0000] {dagbag.py:536} INFO - Filling up the DagBag from /home/airflow/.local/lib/python3.8/site-packages/airflow/example_dags/example_xcom.py
[2024-04-25T12:54:15.757+0000] {processor.py:839} INFO - DAG(s) dict_keys(['example_xcom']) retrieved from /home/airflow/.local/lib/python3.8/site-packages/airflow/example_dags/example_xcom.py
[2024-04-25T12:54:15.792+0000] {logging_mixin.py:154} INFO - [2024-04-25T12:54:15.792+0000] {dag.py:2941} INFO - Sync 1 DAGs
[2024-04-25T12:54:15.823+0000] {logging_mixin.py:154} INFO - [2024-04-25T12:54:15.823+0000] {dag.py:3722} INFO - Setting next_dagrun for example_xcom to 2021-01-01T00:00:00+00:00, run_after=2021-01-01T00:00:00+00:00
[2024-04-25T12:54:15.852+0000] {processor.py:179} INFO - Processing /home/airflow/.local/lib/python3.8/site-packages/airflow/example_dags/example_xcom.py took 0.115 seconds
[2024-04-25T12:54:47.015+0000] {processor.py:157} INFO - Started process (PID=1729) to work on /home/airflow/.local/lib/python3.8/site-packages/airflow/example_dags/example_xcom.py
[2024-04-25T12:54:47.018+0000] {processor.py:829} INFO - Processing file /home/airflow/.local/lib/python3.8/site-packages/airflow/example_dags/example_xcom.py for tasks to queue
[2024-04-25T12:54:47.019+0000] {logging_mixin.py:154} INFO - [2024-04-25T12:54:47.019+0000] {dagbag.py:536} INFO - Filling up the DagBag from /home/airflow/.local/lib/python3.8/site-packages/airflow/example_dags/example_xcom.py
[2024-04-25T12:54:47.037+0000] {processor.py:839} INFO - DAG(s) dict_keys(['example_xcom']) retrieved from /home/airflow/.local/lib/python3.8/site-packages/airflow/example_dags/example_xcom.py
[2024-04-25T12:54:47.078+0000] {logging_mixin.py:154} INFO - [2024-04-25T12:54:47.078+0000] {dag.py:2941} INFO - Sync 1 DAGs
[2024-04-25T12:54:47.112+0000] {logging_mixin.py:154} INFO - [2024-04-25T12:54:47.112+0000] {dag.py:3722} INFO - Setting next_dagrun for example_xcom to 2021-01-01T00:00:00+00:00, run_after=2021-01-01T00:00:00+00:00
[2024-04-25T12:54:47.147+0000] {processor.py:179} INFO - Processing /home/airflow/.local/lib/python3.8/site-packages/airflow/example_dags/example_xcom.py took 0.140 seconds
[2024-04-25T12:55:17.347+0000] {processor.py:157} INFO - Started process (PID=1970) to work on /home/airflow/.local/lib/python3.8/site-packages/airflow/example_dags/example_xcom.py
[2024-04-25T12:55:17.350+0000] {processor.py:829} INFO - Processing file /home/airflow/.local/lib/python3.8/site-packages/airflow/example_dags/example_xcom.py for tasks to queue
[2024-04-25T12:55:17.351+0000] {logging_mixin.py:154} INFO - [2024-04-25T12:55:17.351+0000] {dagbag.py:536} INFO - Filling up the DagBag from /home/airflow/.local/lib/python3.8/site-packages/airflow/example_dags/example_xcom.py
[2024-04-25T12:55:17.366+0000] {processor.py:839} INFO - DAG(s) dict_keys(['example_xcom']) retrieved from /home/airflow/.local/lib/python3.8/site-packages/airflow/example_dags/example_xcom.py
[2024-04-25T12:55:17.408+0000] {logging_mixin.py:154} INFO - [2024-04-25T12:55:17.407+0000] {dag.py:2941} INFO - Sync 1 DAGs
[2024-04-25T12:55:17.454+0000] {logging_mixin.py:154} INFO - [2024-04-25T12:55:17.453+0000] {dag.py:3722} INFO - Setting next_dagrun for example_xcom to 2021-01-01T00:00:00+00:00, run_after=2021-01-01T00:00:00+00:00
[2024-04-25T12:55:17.488+0000] {processor.py:179} INFO - Processing /home/airflow/.local/lib/python3.8/site-packages/airflow/example_dags/example_xcom.py took 0.148 seconds
[2024-04-25T13:10:32.539+0000] {processor.py:157} INFO - Started process (PID=258) to work on /home/airflow/.local/lib/python3.8/site-packages/airflow/example_dags/example_xcom.py
[2024-04-25T13:10:32.542+0000] {processor.py:829} INFO - Processing file /home/airflow/.local/lib/python3.8/site-packages/airflow/example_dags/example_xcom.py for tasks to queue
[2024-04-25T13:10:32.544+0000] {logging_mixin.py:154} INFO - [2024-04-25T13:10:32.543+0000] {dagbag.py:536} INFO - Filling up the DagBag from /home/airflow/.local/lib/python3.8/site-packages/airflow/example_dags/example_xcom.py
[2024-04-25T13:10:32.558+0000] {processor.py:839} INFO - DAG(s) dict_keys(['example_xcom']) retrieved from /home/airflow/.local/lib/python3.8/site-packages/airflow/example_dags/example_xcom.py
[2024-04-25T13:10:32.579+0000] {logging_mixin.py:154} INFO - [2024-04-25T13:10:32.579+0000] {dag.py:2941} INFO - Sync 1 DAGs
[2024-04-25T13:10:32.629+0000] {logging_mixin.py:154} INFO - [2024-04-25T13:10:32.629+0000] {dag.py:3722} INFO - Setting next_dagrun for example_xcom to 2021-01-01T00:00:00+00:00, run_after=2021-01-01T00:00:00+00:00
[2024-04-25T13:10:32.662+0000] {processor.py:179} INFO - Processing /home/airflow/.local/lib/python3.8/site-packages/airflow/example_dags/example_xcom.py took 0.131 seconds
[2024-04-25T13:11:04.038+0000] {processor.py:157} INFO - Started process (PID=503) to work on /home/airflow/.local/lib/python3.8/site-packages/airflow/example_dags/example_xcom.py
[2024-04-25T13:11:04.040+0000] {processor.py:829} INFO - Processing file /home/airflow/.local/lib/python3.8/site-packages/airflow/example_dags/example_xcom.py for tasks to queue
[2024-04-25T13:11:04.042+0000] {logging_mixin.py:154} INFO - [2024-04-25T13:11:04.041+0000] {dagbag.py:536} INFO - Filling up the DagBag from /home/airflow/.local/lib/python3.8/site-packages/airflow/example_dags/example_xcom.py
[2024-04-25T13:11:04.055+0000] {processor.py:839} INFO - DAG(s) dict_keys(['example_xcom']) retrieved from /home/airflow/.local/lib/python3.8/site-packages/airflow/example_dags/example_xcom.py
[2024-04-25T13:11:04.099+0000] {logging_mixin.py:154} INFO - [2024-04-25T13:11:04.098+0000] {dag.py:2941} INFO - Sync 1 DAGs
[2024-04-25T13:11:04.143+0000] {logging_mixin.py:154} INFO - [2024-04-25T13:11:04.143+0000] {dag.py:3722} INFO - Setting next_dagrun for example_xcom to 2021-01-01T00:00:00+00:00, run_after=2021-01-01T00:00:00+00:00
[2024-04-25T13:11:04.178+0000] {processor.py:179} INFO - Processing /home/airflow/.local/lib/python3.8/site-packages/airflow/example_dags/example_xcom.py took 0.148 seconds
[2024-04-25T13:11:34.319+0000] {processor.py:157} INFO - Started process (PID=746) to work on /home/airflow/.local/lib/python3.8/site-packages/airflow/example_dags/example_xcom.py
[2024-04-25T13:11:34.321+0000] {processor.py:829} INFO - Processing file /home/airflow/.local/lib/python3.8/site-packages/airflow/example_dags/example_xcom.py for tasks to queue
[2024-04-25T13:11:34.323+0000] {logging_mixin.py:154} INFO - [2024-04-25T13:11:34.322+0000] {dagbag.py:536} INFO - Filling up the DagBag from /home/airflow/.local/lib/python3.8/site-packages/airflow/example_dags/example_xcom.py
[2024-04-25T13:11:34.334+0000] {processor.py:839} INFO - DAG(s) dict_keys(['example_xcom']) retrieved from /home/airflow/.local/lib/python3.8/site-packages/airflow/example_dags/example_xcom.py
[2024-04-25T13:11:34.371+0000] {logging_mixin.py:154} INFO - [2024-04-25T13:11:34.370+0000] {dag.py:2941} INFO - Sync 1 DAGs
[2024-04-25T13:11:34.402+0000] {logging_mixin.py:154} INFO - [2024-04-25T13:11:34.402+0000] {dag.py:3722} INFO - Setting next_dagrun for example_xcom to 2021-01-01T00:00:00+00:00, run_after=2021-01-01T00:00:00+00:00
[2024-04-25T13:11:34.427+0000] {processor.py:179} INFO - Processing /home/airflow/.local/lib/python3.8/site-packages/airflow/example_dags/example_xcom.py took 0.114 seconds
[2024-04-25T13:12:04.999+0000] {processor.py:157} INFO - Started process (PID=991) to work on /home/airflow/.local/lib/python3.8/site-packages/airflow/example_dags/example_xcom.py
[2024-04-25T13:12:05.001+0000] {processor.py:829} INFO - Processing file /home/airflow/.local/lib/python3.8/site-packages/airflow/example_dags/example_xcom.py for tasks to queue
[2024-04-25T13:12:05.002+0000] {logging_mixin.py:154} INFO - [2024-04-25T13:12:05.001+0000] {dagbag.py:536} INFO - Filling up the DagBag from /home/airflow/.local/lib/python3.8/site-packages/airflow/example_dags/example_xcom.py
[2024-04-25T13:12:05.019+0000] {processor.py:839} INFO - DAG(s) dict_keys(['example_xcom']) retrieved from /home/airflow/.local/lib/python3.8/site-packages/airflow/example_dags/example_xcom.py
[2024-04-25T13:12:05.066+0000] {logging_mixin.py:154} INFO - [2024-04-25T13:12:05.065+0000] {dag.py:2941} INFO - Sync 1 DAGs
[2024-04-25T13:12:05.114+0000] {logging_mixin.py:154} INFO - [2024-04-25T13:12:05.114+0000] {dag.py:3722} INFO - Setting next_dagrun for example_xcom to 2021-01-01T00:00:00+00:00, run_after=2021-01-01T00:00:00+00:00
[2024-04-25T13:12:05.144+0000] {processor.py:179} INFO - Processing /home/airflow/.local/lib/python3.8/site-packages/airflow/example_dags/example_xcom.py took 0.152 seconds
[2024-04-25T13:12:35.618+0000] {processor.py:157} INFO - Started process (PID=1240) to work on /home/airflow/.local/lib/python3.8/site-packages/airflow/example_dags/example_xcom.py
[2024-04-25T13:12:35.622+0000] {processor.py:829} INFO - Processing file /home/airflow/.local/lib/python3.8/site-packages/airflow/example_dags/example_xcom.py for tasks to queue
[2024-04-25T13:12:35.624+0000] {logging_mixin.py:154} INFO - [2024-04-25T13:12:35.623+0000] {dagbag.py:536} INFO - Filling up the DagBag from /home/airflow/.local/lib/python3.8/site-packages/airflow/example_dags/example_xcom.py
[2024-04-25T13:12:35.640+0000] {processor.py:839} INFO - DAG(s) dict_keys(['example_xcom']) retrieved from /home/airflow/.local/lib/python3.8/site-packages/airflow/example_dags/example_xcom.py
[2024-04-25T13:12:35.691+0000] {logging_mixin.py:154} INFO - [2024-04-25T13:12:35.691+0000] {dag.py:2941} INFO - Sync 1 DAGs
[2024-04-25T13:12:35.736+0000] {logging_mixin.py:154} INFO - [2024-04-25T13:12:35.735+0000] {dag.py:3722} INFO - Setting next_dagrun for example_xcom to 2021-01-01T00:00:00+00:00, run_after=2021-01-01T00:00:00+00:00
[2024-04-25T13:12:35.775+0000] {processor.py:179} INFO - Processing /home/airflow/.local/lib/python3.8/site-packages/airflow/example_dags/example_xcom.py took 0.164 seconds
[2024-04-25T13:13:06.007+0000] {processor.py:157} INFO - Started process (PID=1483) to work on /home/airflow/.local/lib/python3.8/site-packages/airflow/example_dags/example_xcom.py
[2024-04-25T13:13:06.010+0000] {processor.py:829} INFO - Processing file /home/airflow/.local/lib/python3.8/site-packages/airflow/example_dags/example_xcom.py for tasks to queue
[2024-04-25T13:13:06.011+0000] {logging_mixin.py:154} INFO - [2024-04-25T13:13:06.011+0000] {dagbag.py:536} INFO - Filling up the DagBag from /home/airflow/.local/lib/python3.8/site-packages/airflow/example_dags/example_xcom.py
[2024-04-25T13:13:06.023+0000] {processor.py:839} INFO - DAG(s) dict_keys(['example_xcom']) retrieved from /home/airflow/.local/lib/python3.8/site-packages/airflow/example_dags/example_xcom.py
[2024-04-25T13:13:06.059+0000] {logging_mixin.py:154} INFO - [2024-04-25T13:13:06.059+0000] {dag.py:2941} INFO - Sync 1 DAGs
[2024-04-25T13:13:06.100+0000] {logging_mixin.py:154} INFO - [2024-04-25T13:13:06.099+0000] {dag.py:3722} INFO - Setting next_dagrun for example_xcom to 2021-01-01T00:00:00+00:00, run_after=2021-01-01T00:00:00+00:00
[2024-04-25T13:13:06.128+0000] {processor.py:179} INFO - Processing /home/airflow/.local/lib/python3.8/site-packages/airflow/example_dags/example_xcom.py took 0.129 seconds
[2024-04-25T13:13:36.571+0000] {processor.py:157} INFO - Started process (PID=1729) to work on /home/airflow/.local/lib/python3.8/site-packages/airflow/example_dags/example_xcom.py
[2024-04-25T13:13:36.573+0000] {processor.py:829} INFO - Processing file /home/airflow/.local/lib/python3.8/site-packages/airflow/example_dags/example_xcom.py for tasks to queue
[2024-04-25T13:13:36.575+0000] {logging_mixin.py:154} INFO - [2024-04-25T13:13:36.575+0000] {dagbag.py:536} INFO - Filling up the DagBag from /home/airflow/.local/lib/python3.8/site-packages/airflow/example_dags/example_xcom.py
[2024-04-25T13:13:36.593+0000] {processor.py:839} INFO - DAG(s) dict_keys(['example_xcom']) retrieved from /home/airflow/.local/lib/python3.8/site-packages/airflow/example_dags/example_xcom.py
[2024-04-25T13:13:36.640+0000] {logging_mixin.py:154} INFO - [2024-04-25T13:13:36.639+0000] {dag.py:2941} INFO - Sync 1 DAGs
[2024-04-25T13:13:36.682+0000] {logging_mixin.py:154} INFO - [2024-04-25T13:13:36.681+0000] {dag.py:3722} INFO - Setting next_dagrun for example_xcom to 2021-01-01T00:00:00+00:00, run_after=2021-01-01T00:00:00+00:00
[2024-04-25T13:13:36.714+0000] {processor.py:179} INFO - Processing /home/airflow/.local/lib/python3.8/site-packages/airflow/example_dags/example_xcom.py took 0.148 seconds
[2024-04-25T13:14:06.844+0000] {processor.py:157} INFO - Started process (PID=1971) to work on /home/airflow/.local/lib/python3.8/site-packages/airflow/example_dags/example_xcom.py
[2024-04-25T13:14:06.846+0000] {processor.py:829} INFO - Processing file /home/airflow/.local/lib/python3.8/site-packages/airflow/example_dags/example_xcom.py for tasks to queue
[2024-04-25T13:14:06.847+0000] {logging_mixin.py:154} INFO - [2024-04-25T13:14:06.847+0000] {dagbag.py:536} INFO - Filling up the DagBag from /home/airflow/.local/lib/python3.8/site-packages/airflow/example_dags/example_xcom.py
[2024-04-25T13:14:06.859+0000] {processor.py:839} INFO - DAG(s) dict_keys(['example_xcom']) retrieved from /home/airflow/.local/lib/python3.8/site-packages/airflow/example_dags/example_xcom.py
[2024-04-25T13:14:06.895+0000] {logging_mixin.py:154} INFO - [2024-04-25T13:14:06.895+0000] {dag.py:2941} INFO - Sync 1 DAGs
[2024-04-25T13:14:06.926+0000] {logging_mixin.py:154} INFO - [2024-04-25T13:14:06.925+0000] {dag.py:3722} INFO - Setting next_dagrun for example_xcom to 2021-01-01T00:00:00+00:00, run_after=2021-01-01T00:00:00+00:00
[2024-04-25T13:14:06.953+0000] {processor.py:179} INFO - Processing /home/airflow/.local/lib/python3.8/site-packages/airflow/example_dags/example_xcom.py took 0.115 seconds
[2024-04-25T13:14:37.519+0000] {processor.py:157} INFO - Started process (PID=2214) to work on /home/airflow/.local/lib/python3.8/site-packages/airflow/example_dags/example_xcom.py
[2024-04-25T13:14:37.521+0000] {processor.py:829} INFO - Processing file /home/airflow/.local/lib/python3.8/site-packages/airflow/example_dags/example_xcom.py for tasks to queue
[2024-04-25T13:14:37.522+0000] {logging_mixin.py:154} INFO - [2024-04-25T13:14:37.522+0000] {dagbag.py:536} INFO - Filling up the DagBag from /home/airflow/.local/lib/python3.8/site-packages/airflow/example_dags/example_xcom.py
[2024-04-25T13:14:37.537+0000] {processor.py:839} INFO - DAG(s) dict_keys(['example_xcom']) retrieved from /home/airflow/.local/lib/python3.8/site-packages/airflow/example_dags/example_xcom.py
[2024-04-25T13:14:37.572+0000] {logging_mixin.py:154} INFO - [2024-04-25T13:14:37.572+0000] {dag.py:2941} INFO - Sync 1 DAGs
[2024-04-25T13:14:37.602+0000] {logging_mixin.py:154} INFO - [2024-04-25T13:14:37.602+0000] {dag.py:3722} INFO - Setting next_dagrun for example_xcom to 2021-01-01T00:00:00+00:00, run_after=2021-01-01T00:00:00+00:00
[2024-04-25T13:14:37.627+0000] {processor.py:179} INFO - Processing /home/airflow/.local/lib/python3.8/site-packages/airflow/example_dags/example_xcom.py took 0.117 seconds
[2024-04-25T13:15:07.708+0000] {processor.py:157} INFO - Started process (PID=2454) to work on /home/airflow/.local/lib/python3.8/site-packages/airflow/example_dags/example_xcom.py
[2024-04-25T13:15:07.710+0000] {processor.py:829} INFO - Processing file /home/airflow/.local/lib/python3.8/site-packages/airflow/example_dags/example_xcom.py for tasks to queue
[2024-04-25T13:15:07.711+0000] {logging_mixin.py:154} INFO - [2024-04-25T13:15:07.711+0000] {dagbag.py:536} INFO - Filling up the DagBag from /home/airflow/.local/lib/python3.8/site-packages/airflow/example_dags/example_xcom.py
[2024-04-25T13:15:07.723+0000] {processor.py:839} INFO - DAG(s) dict_keys(['example_xcom']) retrieved from /home/airflow/.local/lib/python3.8/site-packages/airflow/example_dags/example_xcom.py
[2024-04-25T13:15:07.756+0000] {logging_mixin.py:154} INFO - [2024-04-25T13:15:07.756+0000] {dag.py:2941} INFO - Sync 1 DAGs
[2024-04-25T13:15:07.787+0000] {logging_mixin.py:154} INFO - [2024-04-25T13:15:07.786+0000] {dag.py:3722} INFO - Setting next_dagrun for example_xcom to 2021-01-01T00:00:00+00:00, run_after=2021-01-01T00:00:00+00:00
[2024-04-25T13:15:07.814+0000] {processor.py:179} INFO - Processing /home/airflow/.local/lib/python3.8/site-packages/airflow/example_dags/example_xcom.py took 0.112 seconds
[2024-04-25T13:15:38.800+0000] {processor.py:157} INFO - Started process (PID=2697) to work on /home/airflow/.local/lib/python3.8/site-packages/airflow/example_dags/example_xcom.py
[2024-04-25T13:15:38.802+0000] {processor.py:829} INFO - Processing file /home/airflow/.local/lib/python3.8/site-packages/airflow/example_dags/example_xcom.py for tasks to queue
[2024-04-25T13:15:38.803+0000] {logging_mixin.py:154} INFO - [2024-04-25T13:15:38.802+0000] {dagbag.py:536} INFO - Filling up the DagBag from /home/airflow/.local/lib/python3.8/site-packages/airflow/example_dags/example_xcom.py
[2024-04-25T13:15:38.816+0000] {processor.py:839} INFO - DAG(s) dict_keys(['example_xcom']) retrieved from /home/airflow/.local/lib/python3.8/site-packages/airflow/example_dags/example_xcom.py
[2024-04-25T13:15:38.855+0000] {logging_mixin.py:154} INFO - [2024-04-25T13:15:38.855+0000] {dag.py:2941} INFO - Sync 1 DAGs
[2024-04-25T13:15:38.886+0000] {logging_mixin.py:154} INFO - [2024-04-25T13:15:38.886+0000] {dag.py:3722} INFO - Setting next_dagrun for example_xcom to 2021-01-01T00:00:00+00:00, run_after=2021-01-01T00:00:00+00:00
[2024-04-25T13:15:38.912+0000] {processor.py:179} INFO - Processing /home/airflow/.local/lib/python3.8/site-packages/airflow/example_dags/example_xcom.py took 0.119 seconds
[2024-04-25T13:16:09.817+0000] {processor.py:157} INFO - Started process (PID=2940) to work on /home/airflow/.local/lib/python3.8/site-packages/airflow/example_dags/example_xcom.py
[2024-04-25T13:16:09.819+0000] {processor.py:829} INFO - Processing file /home/airflow/.local/lib/python3.8/site-packages/airflow/example_dags/example_xcom.py for tasks to queue
[2024-04-25T13:16:09.821+0000] {logging_mixin.py:154} INFO - [2024-04-25T13:16:09.820+0000] {dagbag.py:536} INFO - Filling up the DagBag from /home/airflow/.local/lib/python3.8/site-packages/airflow/example_dags/example_xcom.py
[2024-04-25T13:16:09.839+0000] {processor.py:839} INFO - DAG(s) dict_keys(['example_xcom']) retrieved from /home/airflow/.local/lib/python3.8/site-packages/airflow/example_dags/example_xcom.py
[2024-04-25T13:16:09.877+0000] {logging_mixin.py:154} INFO - [2024-04-25T13:16:09.877+0000] {dag.py:2941} INFO - Sync 1 DAGs
[2024-04-25T13:16:09.910+0000] {logging_mixin.py:154} INFO - [2024-04-25T13:16:09.910+0000] {dag.py:3722} INFO - Setting next_dagrun for example_xcom to 2021-01-01T00:00:00+00:00, run_after=2021-01-01T00:00:00+00:00
[2024-04-25T13:16:09.939+0000] {processor.py:179} INFO - Processing /home/airflow/.local/lib/python3.8/site-packages/airflow/example_dags/example_xcom.py took 0.127 seconds
[2024-04-25T13:16:41.463+0000] {processor.py:157} INFO - Started process (PID=3194) to work on /home/airflow/.local/lib/python3.8/site-packages/airflow/example_dags/example_xcom.py
[2024-04-25T13:16:41.465+0000] {processor.py:829} INFO - Processing file /home/airflow/.local/lib/python3.8/site-packages/airflow/example_dags/example_xcom.py for tasks to queue
[2024-04-25T13:16:41.466+0000] {logging_mixin.py:154} INFO - [2024-04-25T13:16:41.466+0000] {dagbag.py:536} INFO - Filling up the DagBag from /home/airflow/.local/lib/python3.8/site-packages/airflow/example_dags/example_xcom.py
[2024-04-25T13:16:41.478+0000] {processor.py:839} INFO - DAG(s) dict_keys(['example_xcom']) retrieved from /home/airflow/.local/lib/python3.8/site-packages/airflow/example_dags/example_xcom.py
[2024-04-25T13:16:41.519+0000] {logging_mixin.py:154} INFO - [2024-04-25T13:16:41.518+0000] {dag.py:2941} INFO - Sync 1 DAGs
[2024-04-25T13:16:41.553+0000] {logging_mixin.py:154} INFO - [2024-04-25T13:16:41.552+0000] {dag.py:3722} INFO - Setting next_dagrun for example_xcom to 2021-01-01T00:00:00+00:00, run_after=2021-01-01T00:00:00+00:00
[2024-04-25T13:16:41.581+0000] {processor.py:179} INFO - Processing /home/airflow/.local/lib/python3.8/site-packages/airflow/example_dags/example_xcom.py took 0.124 seconds
[2024-04-25T13:17:12.262+0000] {processor.py:157} INFO - Started process (PID=3435) to work on /home/airflow/.local/lib/python3.8/site-packages/airflow/example_dags/example_xcom.py
[2024-04-25T13:17:12.264+0000] {processor.py:829} INFO - Processing file /home/airflow/.local/lib/python3.8/site-packages/airflow/example_dags/example_xcom.py for tasks to queue
[2024-04-25T13:17:12.266+0000] {logging_mixin.py:154} INFO - [2024-04-25T13:17:12.265+0000] {dagbag.py:536} INFO - Filling up the DagBag from /home/airflow/.local/lib/python3.8/site-packages/airflow/example_dags/example_xcom.py
[2024-04-25T13:17:12.282+0000] {processor.py:839} INFO - DAG(s) dict_keys(['example_xcom']) retrieved from /home/airflow/.local/lib/python3.8/site-packages/airflow/example_dags/example_xcom.py
[2024-04-25T13:17:12.324+0000] {logging_mixin.py:154} INFO - [2024-04-25T13:17:12.324+0000] {dag.py:2941} INFO - Sync 1 DAGs
[2024-04-25T13:17:12.356+0000] {logging_mixin.py:154} INFO - [2024-04-25T13:17:12.356+0000] {dag.py:3722} INFO - Setting next_dagrun for example_xcom to 2021-01-01T00:00:00+00:00, run_after=2021-01-01T00:00:00+00:00
[2024-04-25T13:17:12.396+0000] {processor.py:179} INFO - Processing /home/airflow/.local/lib/python3.8/site-packages/airflow/example_dags/example_xcom.py took 0.141 seconds
[2024-04-25T13:17:42.737+0000] {processor.py:157} INFO - Started process (PID=3675) to work on /home/airflow/.local/lib/python3.8/site-packages/airflow/example_dags/example_xcom.py
[2024-04-25T13:17:42.738+0000] {processor.py:829} INFO - Processing file /home/airflow/.local/lib/python3.8/site-packages/airflow/example_dags/example_xcom.py for tasks to queue
[2024-04-25T13:17:42.739+0000] {logging_mixin.py:154} INFO - [2024-04-25T13:17:42.739+0000] {dagbag.py:536} INFO - Filling up the DagBag from /home/airflow/.local/lib/python3.8/site-packages/airflow/example_dags/example_xcom.py
[2024-04-25T13:17:42.756+0000] {processor.py:839} INFO - DAG(s) dict_keys(['example_xcom']) retrieved from /home/airflow/.local/lib/python3.8/site-packages/airflow/example_dags/example_xcom.py
[2024-04-25T13:17:42.795+0000] {logging_mixin.py:154} INFO - [2024-04-25T13:17:42.795+0000] {dag.py:2941} INFO - Sync 1 DAGs
[2024-04-25T13:17:42.827+0000] {logging_mixin.py:154} INFO - [2024-04-25T13:17:42.827+0000] {dag.py:3722} INFO - Setting next_dagrun for example_xcom to 2021-01-01T00:00:00+00:00, run_after=2021-01-01T00:00:00+00:00
[2024-04-25T13:17:42.857+0000] {processor.py:179} INFO - Processing /home/airflow/.local/lib/python3.8/site-packages/airflow/example_dags/example_xcom.py took 0.126 seconds
[2024-04-25T13:18:13.788+0000] {processor.py:157} INFO - Started process (PID=3922) to work on /home/airflow/.local/lib/python3.8/site-packages/airflow/example_dags/example_xcom.py
[2024-04-25T13:18:13.791+0000] {processor.py:829} INFO - Processing file /home/airflow/.local/lib/python3.8/site-packages/airflow/example_dags/example_xcom.py for tasks to queue
[2024-04-25T13:18:13.792+0000] {logging_mixin.py:154} INFO - [2024-04-25T13:18:13.791+0000] {dagbag.py:536} INFO - Filling up the DagBag from /home/airflow/.local/lib/python3.8/site-packages/airflow/example_dags/example_xcom.py
[2024-04-25T13:18:13.804+0000] {processor.py:839} INFO - DAG(s) dict_keys(['example_xcom']) retrieved from /home/airflow/.local/lib/python3.8/site-packages/airflow/example_dags/example_xcom.py
[2024-04-25T13:18:13.840+0000] {logging_mixin.py:154} INFO - [2024-04-25T13:18:13.840+0000] {dag.py:2941} INFO - Sync 1 DAGs
[2024-04-25T13:18:13.875+0000] {logging_mixin.py:154} INFO - [2024-04-25T13:18:13.874+0000] {dag.py:3722} INFO - Setting next_dagrun for example_xcom to 2021-01-01T00:00:00+00:00, run_after=2021-01-01T00:00:00+00:00
[2024-04-25T13:18:13.905+0000] {processor.py:179} INFO - Processing /home/airflow/.local/lib/python3.8/site-packages/airflow/example_dags/example_xcom.py took 0.123 seconds
[2024-04-25T13:18:44.800+0000] {processor.py:157} INFO - Started process (PID=4166) to work on /home/airflow/.local/lib/python3.8/site-packages/airflow/example_dags/example_xcom.py
[2024-04-25T13:18:44.802+0000] {processor.py:829} INFO - Processing file /home/airflow/.local/lib/python3.8/site-packages/airflow/example_dags/example_xcom.py for tasks to queue
[2024-04-25T13:18:44.803+0000] {logging_mixin.py:154} INFO - [2024-04-25T13:18:44.803+0000] {dagbag.py:536} INFO - Filling up the DagBag from /home/airflow/.local/lib/python3.8/site-packages/airflow/example_dags/example_xcom.py
[2024-04-25T13:18:44.815+0000] {processor.py:839} INFO - DAG(s) dict_keys(['example_xcom']) retrieved from /home/airflow/.local/lib/python3.8/site-packages/airflow/example_dags/example_xcom.py
[2024-04-25T13:18:44.849+0000] {logging_mixin.py:154} INFO - [2024-04-25T13:18:44.848+0000] {dag.py:2941} INFO - Sync 1 DAGs
[2024-04-25T13:18:44.881+0000] {logging_mixin.py:154} INFO - [2024-04-25T13:18:44.880+0000] {dag.py:3722} INFO - Setting next_dagrun for example_xcom to 2021-01-01T00:00:00+00:00, run_after=2021-01-01T00:00:00+00:00
[2024-04-25T13:18:44.911+0000] {processor.py:179} INFO - Processing /home/airflow/.local/lib/python3.8/site-packages/airflow/example_dags/example_xcom.py took 0.117 seconds
[2024-04-25T13:27:15.118+0000] {processor.py:157} INFO - Started process (PID=260) to work on /home/airflow/.local/lib/python3.8/site-packages/airflow/example_dags/example_xcom.py
[2024-04-25T13:27:15.121+0000] {processor.py:829} INFO - Processing file /home/airflow/.local/lib/python3.8/site-packages/airflow/example_dags/example_xcom.py for tasks to queue
[2024-04-25T13:27:15.122+0000] {logging_mixin.py:154} INFO - [2024-04-25T13:27:15.122+0000] {dagbag.py:536} INFO - Filling up the DagBag from /home/airflow/.local/lib/python3.8/site-packages/airflow/example_dags/example_xcom.py
[2024-04-25T13:27:15.142+0000] {processor.py:839} INFO - DAG(s) dict_keys(['example_xcom']) retrieved from /home/airflow/.local/lib/python3.8/site-packages/airflow/example_dags/example_xcom.py
[2024-04-25T13:27:15.167+0000] {logging_mixin.py:154} INFO - [2024-04-25T13:27:15.167+0000] {dag.py:2941} INFO - Sync 1 DAGs
[2024-04-25T13:27:15.203+0000] {logging_mixin.py:154} INFO - [2024-04-25T13:27:15.203+0000] {dag.py:3722} INFO - Setting next_dagrun for example_xcom to 2021-01-01T00:00:00+00:00, run_after=2021-01-01T00:00:00+00:00
[2024-04-25T13:27:15.238+0000] {processor.py:179} INFO - Processing /home/airflow/.local/lib/python3.8/site-packages/airflow/example_dags/example_xcom.py took 0.129 seconds
[2024-04-25T13:27:45.730+0000] {processor.py:157} INFO - Started process (PID=501) to work on /home/airflow/.local/lib/python3.8/site-packages/airflow/example_dags/example_xcom.py
[2024-04-25T13:27:45.732+0000] {processor.py:829} INFO - Processing file /home/airflow/.local/lib/python3.8/site-packages/airflow/example_dags/example_xcom.py for tasks to queue
[2024-04-25T13:27:45.733+0000] {logging_mixin.py:154} INFO - [2024-04-25T13:27:45.733+0000] {dagbag.py:536} INFO - Filling up the DagBag from /home/airflow/.local/lib/python3.8/site-packages/airflow/example_dags/example_xcom.py
[2024-04-25T13:27:45.750+0000] {processor.py:839} INFO - DAG(s) dict_keys(['example_xcom']) retrieved from /home/airflow/.local/lib/python3.8/site-packages/airflow/example_dags/example_xcom.py
[2024-04-25T13:27:45.789+0000] {logging_mixin.py:154} INFO - [2024-04-25T13:27:45.789+0000] {dag.py:2941} INFO - Sync 1 DAGs
[2024-04-25T13:27:45.830+0000] {logging_mixin.py:154} INFO - [2024-04-25T13:27:45.830+0000] {dag.py:3722} INFO - Setting next_dagrun for example_xcom to 2021-01-01T00:00:00+00:00, run_after=2021-01-01T00:00:00+00:00
[2024-04-25T13:27:45.861+0000] {processor.py:179} INFO - Processing /home/airflow/.local/lib/python3.8/site-packages/airflow/example_dags/example_xcom.py took 0.139 seconds
[2024-04-25T13:28:16.337+0000] {processor.py:157} INFO - Started process (PID=744) to work on /home/airflow/.local/lib/python3.8/site-packages/airflow/example_dags/example_xcom.py
[2024-04-25T13:28:16.340+0000] {processor.py:829} INFO - Processing file /home/airflow/.local/lib/python3.8/site-packages/airflow/example_dags/example_xcom.py for tasks to queue
[2024-04-25T13:28:16.341+0000] {logging_mixin.py:154} INFO - [2024-04-25T13:28:16.340+0000] {dagbag.py:536} INFO - Filling up the DagBag from /home/airflow/.local/lib/python3.8/site-packages/airflow/example_dags/example_xcom.py
[2024-04-25T13:28:16.353+0000] {processor.py:839} INFO - DAG(s) dict_keys(['example_xcom']) retrieved from /home/airflow/.local/lib/python3.8/site-packages/airflow/example_dags/example_xcom.py
[2024-04-25T13:28:16.389+0000] {logging_mixin.py:154} INFO - [2024-04-25T13:28:16.389+0000] {dag.py:2941} INFO - Sync 1 DAGs
[2024-04-25T13:28:16.421+0000] {logging_mixin.py:154} INFO - [2024-04-25T13:28:16.421+0000] {dag.py:3722} INFO - Setting next_dagrun for example_xcom to 2021-01-01T00:00:00+00:00, run_after=2021-01-01T00:00:00+00:00
[2024-04-25T13:28:16.478+0000] {processor.py:179} INFO - Processing /home/airflow/.local/lib/python3.8/site-packages/airflow/example_dags/example_xcom.py took 0.147 seconds
[2024-04-25T13:28:47.323+0000] {processor.py:157} INFO - Started process (PID=994) to work on /home/airflow/.local/lib/python3.8/site-packages/airflow/example_dags/example_xcom.py
[2024-04-25T13:28:47.325+0000] {processor.py:829} INFO - Processing file /home/airflow/.local/lib/python3.8/site-packages/airflow/example_dags/example_xcom.py for tasks to queue
[2024-04-25T13:28:47.327+0000] {logging_mixin.py:154} INFO - [2024-04-25T13:28:47.326+0000] {dagbag.py:536} INFO - Filling up the DagBag from /home/airflow/.local/lib/python3.8/site-packages/airflow/example_dags/example_xcom.py
[2024-04-25T13:28:47.344+0000] {processor.py:839} INFO - DAG(s) dict_keys(['example_xcom']) retrieved from /home/airflow/.local/lib/python3.8/site-packages/airflow/example_dags/example_xcom.py
[2024-04-25T13:28:47.393+0000] {logging_mixin.py:154} INFO - [2024-04-25T13:28:47.393+0000] {dag.py:2941} INFO - Sync 1 DAGs
[2024-04-25T13:28:47.441+0000] {logging_mixin.py:154} INFO - [2024-04-25T13:28:47.441+0000] {dag.py:3722} INFO - Setting next_dagrun for example_xcom to 2021-01-01T00:00:00+00:00, run_after=2021-01-01T00:00:00+00:00
[2024-04-25T13:28:47.477+0000] {processor.py:179} INFO - Processing /home/airflow/.local/lib/python3.8/site-packages/airflow/example_dags/example_xcom.py took 0.162 seconds
[2024-04-25T13:29:18.248+0000] {processor.py:157} INFO - Started process (PID=1240) to work on /home/airflow/.local/lib/python3.8/site-packages/airflow/example_dags/example_xcom.py
[2024-04-25T13:29:18.251+0000] {processor.py:829} INFO - Processing file /home/airflow/.local/lib/python3.8/site-packages/airflow/example_dags/example_xcom.py for tasks to queue
[2024-04-25T13:29:18.252+0000] {logging_mixin.py:154} INFO - [2024-04-25T13:29:18.252+0000] {dagbag.py:536} INFO - Filling up the DagBag from /home/airflow/.local/lib/python3.8/site-packages/airflow/example_dags/example_xcom.py
[2024-04-25T13:29:18.267+0000] {processor.py:839} INFO - DAG(s) dict_keys(['example_xcom']) retrieved from /home/airflow/.local/lib/python3.8/site-packages/airflow/example_dags/example_xcom.py
[2024-04-25T13:29:18.316+0000] {logging_mixin.py:154} INFO - [2024-04-25T13:29:18.316+0000] {dag.py:2941} INFO - Sync 1 DAGs
[2024-04-25T13:29:18.361+0000] {logging_mixin.py:154} INFO - [2024-04-25T13:29:18.360+0000] {dag.py:3722} INFO - Setting next_dagrun for example_xcom to 2021-01-01T00:00:00+00:00, run_after=2021-01-01T00:00:00+00:00
[2024-04-25T13:29:18.394+0000] {processor.py:179} INFO - Processing /home/airflow/.local/lib/python3.8/site-packages/airflow/example_dags/example_xcom.py took 0.154 seconds
[2024-04-25T13:29:48.977+0000] {processor.py:157} INFO - Started process (PID=1483) to work on /home/airflow/.local/lib/python3.8/site-packages/airflow/example_dags/example_xcom.py
[2024-04-25T13:29:48.980+0000] {processor.py:829} INFO - Processing file /home/airflow/.local/lib/python3.8/site-packages/airflow/example_dags/example_xcom.py for tasks to queue
[2024-04-25T13:29:48.982+0000] {logging_mixin.py:154} INFO - [2024-04-25T13:29:48.981+0000] {dagbag.py:536} INFO - Filling up the DagBag from /home/airflow/.local/lib/python3.8/site-packages/airflow/example_dags/example_xcom.py
[2024-04-25T13:29:48.995+0000] {processor.py:839} INFO - DAG(s) dict_keys(['example_xcom']) retrieved from /home/airflow/.local/lib/python3.8/site-packages/airflow/example_dags/example_xcom.py
[2024-04-25T13:29:49.036+0000] {logging_mixin.py:154} INFO - [2024-04-25T13:29:49.036+0000] {dag.py:2941} INFO - Sync 1 DAGs
[2024-04-25T13:29:49.072+0000] {logging_mixin.py:154} INFO - [2024-04-25T13:29:49.071+0000] {dag.py:3722} INFO - Setting next_dagrun for example_xcom to 2021-01-01T00:00:00+00:00, run_after=2021-01-01T00:00:00+00:00
[2024-04-25T13:29:49.110+0000] {processor.py:179} INFO - Processing /home/airflow/.local/lib/python3.8/site-packages/airflow/example_dags/example_xcom.py took 0.140 seconds
[2024-04-25T13:30:19.640+0000] {processor.py:157} INFO - Started process (PID=1726) to work on /home/airflow/.local/lib/python3.8/site-packages/airflow/example_dags/example_xcom.py
[2024-04-25T13:30:19.644+0000] {processor.py:829} INFO - Processing file /home/airflow/.local/lib/python3.8/site-packages/airflow/example_dags/example_xcom.py for tasks to queue
[2024-04-25T13:30:19.646+0000] {logging_mixin.py:154} INFO - [2024-04-25T13:30:19.645+0000] {dagbag.py:536} INFO - Filling up the DagBag from /home/airflow/.local/lib/python3.8/site-packages/airflow/example_dags/example_xcom.py
[2024-04-25T13:30:19.658+0000] {processor.py:839} INFO - DAG(s) dict_keys(['example_xcom']) retrieved from /home/airflow/.local/lib/python3.8/site-packages/airflow/example_dags/example_xcom.py
[2024-04-25T13:30:19.692+0000] {logging_mixin.py:154} INFO - [2024-04-25T13:30:19.692+0000] {dag.py:2941} INFO - Sync 1 DAGs
[2024-04-25T13:30:19.724+0000] {logging_mixin.py:154} INFO - [2024-04-25T13:30:19.723+0000] {dag.py:3722} INFO - Setting next_dagrun for example_xcom to 2021-01-01T00:00:00+00:00, run_after=2021-01-01T00:00:00+00:00
[2024-04-25T13:30:19.754+0000] {processor.py:179} INFO - Processing /home/airflow/.local/lib/python3.8/site-packages/airflow/example_dags/example_xcom.py took 0.121 seconds
[2024-04-25T13:30:50.368+0000] {processor.py:157} INFO - Started process (PID=1972) to work on /home/airflow/.local/lib/python3.8/site-packages/airflow/example_dags/example_xcom.py
[2024-04-25T13:30:50.370+0000] {processor.py:829} INFO - Processing file /home/airflow/.local/lib/python3.8/site-packages/airflow/example_dags/example_xcom.py for tasks to queue
[2024-04-25T13:30:50.372+0000] {logging_mixin.py:154} INFO - [2024-04-25T13:30:50.371+0000] {dagbag.py:536} INFO - Filling up the DagBag from /home/airflow/.local/lib/python3.8/site-packages/airflow/example_dags/example_xcom.py
[2024-04-25T13:30:50.390+0000] {processor.py:839} INFO - DAG(s) dict_keys(['example_xcom']) retrieved from /home/airflow/.local/lib/python3.8/site-packages/airflow/example_dags/example_xcom.py
[2024-04-25T13:30:50.433+0000] {logging_mixin.py:154} INFO - [2024-04-25T13:30:50.433+0000] {dag.py:2941} INFO - Sync 1 DAGs
[2024-04-25T13:30:50.467+0000] {logging_mixin.py:154} INFO - [2024-04-25T13:30:50.467+0000] {dag.py:3722} INFO - Setting next_dagrun for example_xcom to 2021-01-01T00:00:00+00:00, run_after=2021-01-01T00:00:00+00:00
[2024-04-25T13:30:50.496+0000] {processor.py:179} INFO - Processing /home/airflow/.local/lib/python3.8/site-packages/airflow/example_dags/example_xcom.py took 0.137 seconds
[2024-04-25T13:31:21.055+0000] {processor.py:157} INFO - Started process (PID=2213) to work on /home/airflow/.local/lib/python3.8/site-packages/airflow/example_dags/example_xcom.py
[2024-04-25T13:31:21.058+0000] {processor.py:829} INFO - Processing file /home/airflow/.local/lib/python3.8/site-packages/airflow/example_dags/example_xcom.py for tasks to queue
[2024-04-25T13:31:21.060+0000] {logging_mixin.py:154} INFO - [2024-04-25T13:31:21.059+0000] {dagbag.py:536} INFO - Filling up the DagBag from /home/airflow/.local/lib/python3.8/site-packages/airflow/example_dags/example_xcom.py
[2024-04-25T13:31:21.075+0000] {processor.py:839} INFO - DAG(s) dict_keys(['example_xcom']) retrieved from /home/airflow/.local/lib/python3.8/site-packages/airflow/example_dags/example_xcom.py
[2024-04-25T13:31:21.117+0000] {logging_mixin.py:154} INFO - [2024-04-25T13:31:21.117+0000] {dag.py:2941} INFO - Sync 1 DAGs
[2024-04-25T13:31:21.160+0000] {logging_mixin.py:154} INFO - [2024-04-25T13:31:21.160+0000] {dag.py:3722} INFO - Setting next_dagrun for example_xcom to 2021-01-01T00:00:00+00:00, run_after=2021-01-01T00:00:00+00:00
[2024-04-25T13:31:21.199+0000] {processor.py:179} INFO - Processing /home/airflow/.local/lib/python3.8/site-packages/airflow/example_dags/example_xcom.py took 0.152 seconds
[2024-04-25T13:31:51.602+0000] {processor.py:157} INFO - Started process (PID=2456) to work on /home/airflow/.local/lib/python3.8/site-packages/airflow/example_dags/example_xcom.py
[2024-04-25T13:31:51.603+0000] {processor.py:829} INFO - Processing file /home/airflow/.local/lib/python3.8/site-packages/airflow/example_dags/example_xcom.py for tasks to queue
[2024-04-25T13:31:51.604+0000] {logging_mixin.py:154} INFO - [2024-04-25T13:31:51.604+0000] {dagbag.py:536} INFO - Filling up the DagBag from /home/airflow/.local/lib/python3.8/site-packages/airflow/example_dags/example_xcom.py
[2024-04-25T13:31:51.618+0000] {processor.py:839} INFO - DAG(s) dict_keys(['example_xcom']) retrieved from /home/airflow/.local/lib/python3.8/site-packages/airflow/example_dags/example_xcom.py
[2024-04-25T13:31:51.662+0000] {logging_mixin.py:154} INFO - [2024-04-25T13:31:51.661+0000] {dag.py:2941} INFO - Sync 1 DAGs
[2024-04-25T13:31:51.700+0000] {logging_mixin.py:154} INFO - [2024-04-25T13:31:51.700+0000] {dag.py:3722} INFO - Setting next_dagrun for example_xcom to 2021-01-01T00:00:00+00:00, run_after=2021-01-01T00:00:00+00:00
[2024-04-25T13:31:51.732+0000] {processor.py:179} INFO - Processing /home/airflow/.local/lib/python3.8/site-packages/airflow/example_dags/example_xcom.py took 0.137 seconds
[2024-04-25T13:32:22.176+0000] {processor.py:157} INFO - Started process (PID=2699) to work on /home/airflow/.local/lib/python3.8/site-packages/airflow/example_dags/example_xcom.py
[2024-04-25T13:32:22.178+0000] {processor.py:829} INFO - Processing file /home/airflow/.local/lib/python3.8/site-packages/airflow/example_dags/example_xcom.py for tasks to queue
[2024-04-25T13:32:22.179+0000] {logging_mixin.py:154} INFO - [2024-04-25T13:32:22.179+0000] {dagbag.py:536} INFO - Filling up the DagBag from /home/airflow/.local/lib/python3.8/site-packages/airflow/example_dags/example_xcom.py
[2024-04-25T13:32:22.199+0000] {processor.py:839} INFO - DAG(s) dict_keys(['example_xcom']) retrieved from /home/airflow/.local/lib/python3.8/site-packages/airflow/example_dags/example_xcom.py
[2024-04-25T13:32:22.233+0000] {logging_mixin.py:154} INFO - [2024-04-25T13:32:22.232+0000] {dag.py:2941} INFO - Sync 1 DAGs
[2024-04-25T13:32:22.266+0000] {logging_mixin.py:154} INFO - [2024-04-25T13:32:22.265+0000] {dag.py:3722} INFO - Setting next_dagrun for example_xcom to 2021-01-01T00:00:00+00:00, run_after=2021-01-01T00:00:00+00:00
[2024-04-25T13:32:22.290+0000] {processor.py:179} INFO - Processing /home/airflow/.local/lib/python3.8/site-packages/airflow/example_dags/example_xcom.py took 0.120 seconds
[2024-04-25T13:32:52.985+0000] {processor.py:157} INFO - Started process (PID=2943) to work on /home/airflow/.local/lib/python3.8/site-packages/airflow/example_dags/example_xcom.py
[2024-04-25T13:32:52.986+0000] {processor.py:829} INFO - Processing file /home/airflow/.local/lib/python3.8/site-packages/airflow/example_dags/example_xcom.py for tasks to queue
[2024-04-25T13:32:52.988+0000] {logging_mixin.py:154} INFO - [2024-04-25T13:32:52.988+0000] {dagbag.py:536} INFO - Filling up the DagBag from /home/airflow/.local/lib/python3.8/site-packages/airflow/example_dags/example_xcom.py
[2024-04-25T13:32:53.006+0000] {processor.py:839} INFO - DAG(s) dict_keys(['example_xcom']) retrieved from /home/airflow/.local/lib/python3.8/site-packages/airflow/example_dags/example_xcom.py
[2024-04-25T13:32:53.054+0000] {logging_mixin.py:154} INFO - [2024-04-25T13:32:53.053+0000] {dag.py:2941} INFO - Sync 1 DAGs
[2024-04-25T13:32:53.101+0000] {logging_mixin.py:154} INFO - [2024-04-25T13:32:53.101+0000] {dag.py:3722} INFO - Setting next_dagrun for example_xcom to 2021-01-01T00:00:00+00:00, run_after=2021-01-01T00:00:00+00:00
[2024-04-25T13:32:53.172+0000] {processor.py:179} INFO - Processing /home/airflow/.local/lib/python3.8/site-packages/airflow/example_dags/example_xcom.py took 0.195 seconds
[2024-04-25T13:33:24.089+0000] {processor.py:157} INFO - Started process (PID=3195) to work on /home/airflow/.local/lib/python3.8/site-packages/airflow/example_dags/example_xcom.py
[2024-04-25T13:33:24.092+0000] {processor.py:829} INFO - Processing file /home/airflow/.local/lib/python3.8/site-packages/airflow/example_dags/example_xcom.py for tasks to queue
[2024-04-25T13:33:24.094+0000] {logging_mixin.py:154} INFO - [2024-04-25T13:33:24.093+0000] {dagbag.py:536} INFO - Filling up the DagBag from /home/airflow/.local/lib/python3.8/site-packages/airflow/example_dags/example_xcom.py
[2024-04-25T13:33:24.110+0000] {processor.py:839} INFO - DAG(s) dict_keys(['example_xcom']) retrieved from /home/airflow/.local/lib/python3.8/site-packages/airflow/example_dags/example_xcom.py
[2024-04-25T13:33:24.173+0000] {logging_mixin.py:154} INFO - [2024-04-25T13:33:24.173+0000] {dag.py:2941} INFO - Sync 1 DAGs
[2024-04-25T13:33:24.222+0000] {logging_mixin.py:154} INFO - [2024-04-25T13:33:24.222+0000] {dag.py:3722} INFO - Setting next_dagrun for example_xcom to 2021-01-01T00:00:00+00:00, run_after=2021-01-01T00:00:00+00:00
[2024-04-25T13:33:24.259+0000] {processor.py:179} INFO - Processing /home/airflow/.local/lib/python3.8/site-packages/airflow/example_dags/example_xcom.py took 0.178 seconds
[2024-04-25T13:33:55.595+0000] {processor.py:157} INFO - Started process (PID=3440) to work on /home/airflow/.local/lib/python3.8/site-packages/airflow/example_dags/example_xcom.py
[2024-04-25T13:33:55.600+0000] {processor.py:829} INFO - Processing file /home/airflow/.local/lib/python3.8/site-packages/airflow/example_dags/example_xcom.py for tasks to queue
[2024-04-25T13:33:55.604+0000] {logging_mixin.py:154} INFO - [2024-04-25T13:33:55.602+0000] {dagbag.py:536} INFO - Filling up the DagBag from /home/airflow/.local/lib/python3.8/site-packages/airflow/example_dags/example_xcom.py
[2024-04-25T13:33:55.671+0000] {processor.py:839} INFO - DAG(s) dict_keys(['example_xcom']) retrieved from /home/airflow/.local/lib/python3.8/site-packages/airflow/example_dags/example_xcom.py
[2024-04-25T13:33:55.770+0000] {logging_mixin.py:154} INFO - [2024-04-25T13:33:55.769+0000] {dag.py:2941} INFO - Sync 1 DAGs
[2024-04-25T13:33:55.868+0000] {logging_mixin.py:154} INFO - [2024-04-25T13:33:55.867+0000] {dag.py:3722} INFO - Setting next_dagrun for example_xcom to 2021-01-01T00:00:00+00:00, run_after=2021-01-01T00:00:00+00:00
[2024-04-25T13:33:55.936+0000] {processor.py:179} INFO - Processing /home/airflow/.local/lib/python3.8/site-packages/airflow/example_dags/example_xcom.py took 0.361 seconds
[2024-04-25T13:34:26.755+0000] {processor.py:157} INFO - Started process (PID=3683) to work on /home/airflow/.local/lib/python3.8/site-packages/airflow/example_dags/example_xcom.py
[2024-04-25T13:34:26.757+0000] {processor.py:829} INFO - Processing file /home/airflow/.local/lib/python3.8/site-packages/airflow/example_dags/example_xcom.py for tasks to queue
[2024-04-25T13:34:26.758+0000] {logging_mixin.py:154} INFO - [2024-04-25T13:34:26.758+0000] {dagbag.py:536} INFO - Filling up the DagBag from /home/airflow/.local/lib/python3.8/site-packages/airflow/example_dags/example_xcom.py
[2024-04-25T13:34:26.784+0000] {processor.py:839} INFO - DAG(s) dict_keys(['example_xcom']) retrieved from /home/airflow/.local/lib/python3.8/site-packages/airflow/example_dags/example_xcom.py
[2024-04-25T13:34:26.855+0000] {logging_mixin.py:154} INFO - [2024-04-25T13:34:26.854+0000] {dag.py:2941} INFO - Sync 1 DAGs
[2024-04-25T13:34:26.961+0000] {logging_mixin.py:154} INFO - [2024-04-25T13:34:26.961+0000] {dag.py:3722} INFO - Setting next_dagrun for example_xcom to 2021-01-01T00:00:00+00:00, run_after=2021-01-01T00:00:00+00:00
[2024-04-25T13:34:27.007+0000] {processor.py:179} INFO - Processing /home/airflow/.local/lib/python3.8/site-packages/airflow/example_dags/example_xcom.py took 0.264 seconds
[2024-04-25T13:34:57.102+0000] {processor.py:157} INFO - Started process (PID=3923) to work on /home/airflow/.local/lib/python3.8/site-packages/airflow/example_dags/example_xcom.py
[2024-04-25T13:34:57.104+0000] {processor.py:829} INFO - Processing file /home/airflow/.local/lib/python3.8/site-packages/airflow/example_dags/example_xcom.py for tasks to queue
[2024-04-25T13:34:57.105+0000] {logging_mixin.py:154} INFO - [2024-04-25T13:34:57.105+0000] {dagbag.py:536} INFO - Filling up the DagBag from /home/airflow/.local/lib/python3.8/site-packages/airflow/example_dags/example_xcom.py
[2024-04-25T13:34:57.117+0000] {processor.py:839} INFO - DAG(s) dict_keys(['example_xcom']) retrieved from /home/airflow/.local/lib/python3.8/site-packages/airflow/example_dags/example_xcom.py
[2024-04-25T13:34:57.151+0000] {logging_mixin.py:154} INFO - [2024-04-25T13:34:57.151+0000] {dag.py:2941} INFO - Sync 1 DAGs
[2024-04-25T13:34:57.183+0000] {logging_mixin.py:154} INFO - [2024-04-25T13:34:57.182+0000] {dag.py:3722} INFO - Setting next_dagrun for example_xcom to 2021-01-01T00:00:00+00:00, run_after=2021-01-01T00:00:00+00:00
[2024-04-25T13:34:57.208+0000] {processor.py:179} INFO - Processing /home/airflow/.local/lib/python3.8/site-packages/airflow/example_dags/example_xcom.py took 0.112 seconds
[2024-04-25T13:35:27.638+0000] {processor.py:157} INFO - Started process (PID=4167) to work on /home/airflow/.local/lib/python3.8/site-packages/airflow/example_dags/example_xcom.py
[2024-04-25T13:35:27.640+0000] {processor.py:829} INFO - Processing file /home/airflow/.local/lib/python3.8/site-packages/airflow/example_dags/example_xcom.py for tasks to queue
[2024-04-25T13:35:27.641+0000] {logging_mixin.py:154} INFO - [2024-04-25T13:35:27.640+0000] {dagbag.py:536} INFO - Filling up the DagBag from /home/airflow/.local/lib/python3.8/site-packages/airflow/example_dags/example_xcom.py
[2024-04-25T13:35:27.652+0000] {processor.py:839} INFO - DAG(s) dict_keys(['example_xcom']) retrieved from /home/airflow/.local/lib/python3.8/site-packages/airflow/example_dags/example_xcom.py
[2024-04-25T13:35:27.686+0000] {logging_mixin.py:154} INFO - [2024-04-25T13:35:27.686+0000] {dag.py:2941} INFO - Sync 1 DAGs
[2024-04-25T13:35:27.717+0000] {logging_mixin.py:154} INFO - [2024-04-25T13:35:27.716+0000] {dag.py:3722} INFO - Setting next_dagrun for example_xcom to 2021-01-01T00:00:00+00:00, run_after=2021-01-01T00:00:00+00:00
[2024-04-25T13:35:27.742+0000] {processor.py:179} INFO - Processing /home/airflow/.local/lib/python3.8/site-packages/airflow/example_dags/example_xcom.py took 0.110 seconds
[2024-04-25T13:49:26.504+0000] {processor.py:157} INFO - Started process (PID=258) to work on /home/airflow/.local/lib/python3.8/site-packages/airflow/example_dags/example_xcom.py
[2024-04-25T13:49:26.507+0000] {processor.py:829} INFO - Processing file /home/airflow/.local/lib/python3.8/site-packages/airflow/example_dags/example_xcom.py for tasks to queue
[2024-04-25T13:49:26.509+0000] {logging_mixin.py:154} INFO - [2024-04-25T13:49:26.508+0000] {dagbag.py:536} INFO - Filling up the DagBag from /home/airflow/.local/lib/python3.8/site-packages/airflow/example_dags/example_xcom.py
[2024-04-25T13:49:26.525+0000] {processor.py:839} INFO - DAG(s) dict_keys(['example_xcom']) retrieved from /home/airflow/.local/lib/python3.8/site-packages/airflow/example_dags/example_xcom.py
[2024-04-25T13:49:26.550+0000] {logging_mixin.py:154} INFO - [2024-04-25T13:49:26.549+0000] {dag.py:2941} INFO - Sync 1 DAGs
[2024-04-25T13:49:26.598+0000] {logging_mixin.py:154} INFO - [2024-04-25T13:49:26.597+0000] {dag.py:3722} INFO - Setting next_dagrun for example_xcom to 2021-01-01T00:00:00+00:00, run_after=2021-01-01T00:00:00+00:00
[2024-04-25T13:49:26.622+0000] {processor.py:179} INFO - Processing /home/airflow/.local/lib/python3.8/site-packages/airflow/example_dags/example_xcom.py took 0.125 seconds
[2024-04-25T13:49:57.288+0000] {processor.py:157} INFO - Started process (PID=504) to work on /home/airflow/.local/lib/python3.8/site-packages/airflow/example_dags/example_xcom.py
[2024-04-25T13:49:57.291+0000] {processor.py:829} INFO - Processing file /home/airflow/.local/lib/python3.8/site-packages/airflow/example_dags/example_xcom.py for tasks to queue
[2024-04-25T13:49:57.293+0000] {logging_mixin.py:154} INFO - [2024-04-25T13:49:57.292+0000] {dagbag.py:536} INFO - Filling up the DagBag from /home/airflow/.local/lib/python3.8/site-packages/airflow/example_dags/example_xcom.py
[2024-04-25T13:49:57.307+0000] {processor.py:839} INFO - DAG(s) dict_keys(['example_xcom']) retrieved from /home/airflow/.local/lib/python3.8/site-packages/airflow/example_dags/example_xcom.py
[2024-04-25T13:49:57.343+0000] {logging_mixin.py:154} INFO - [2024-04-25T13:49:57.343+0000] {dag.py:2941} INFO - Sync 1 DAGs
[2024-04-25T13:49:57.373+0000] {logging_mixin.py:154} INFO - [2024-04-25T13:49:57.373+0000] {dag.py:3722} INFO - Setting next_dagrun for example_xcom to 2021-01-01T00:00:00+00:00, run_after=2021-01-01T00:00:00+00:00
[2024-04-25T13:49:57.400+0000] {processor.py:179} INFO - Processing /home/airflow/.local/lib/python3.8/site-packages/airflow/example_dags/example_xcom.py took 0.120 seconds
[2024-04-25T13:50:28.089+0000] {processor.py:157} INFO - Started process (PID=745) to work on /home/airflow/.local/lib/python3.8/site-packages/airflow/example_dags/example_xcom.py
[2024-04-25T13:50:28.090+0000] {processor.py:829} INFO - Processing file /home/airflow/.local/lib/python3.8/site-packages/airflow/example_dags/example_xcom.py for tasks to queue
[2024-04-25T13:50:28.091+0000] {logging_mixin.py:154} INFO - [2024-04-25T13:50:28.091+0000] {dagbag.py:536} INFO - Filling up the DagBag from /home/airflow/.local/lib/python3.8/site-packages/airflow/example_dags/example_xcom.py
[2024-04-25T13:50:28.108+0000] {processor.py:839} INFO - DAG(s) dict_keys(['example_xcom']) retrieved from /home/airflow/.local/lib/python3.8/site-packages/airflow/example_dags/example_xcom.py
[2024-04-25T13:50:28.146+0000] {logging_mixin.py:154} INFO - [2024-04-25T13:50:28.146+0000] {dag.py:2941} INFO - Sync 1 DAGs
[2024-04-25T13:50:28.179+0000] {logging_mixin.py:154} INFO - [2024-04-25T13:50:28.179+0000] {dag.py:3722} INFO - Setting next_dagrun for example_xcom to 2021-01-01T00:00:00+00:00, run_after=2021-01-01T00:00:00+00:00
[2024-04-25T13:50:28.206+0000] {processor.py:179} INFO - Processing /home/airflow/.local/lib/python3.8/site-packages/airflow/example_dags/example_xcom.py took 0.124 seconds
[2024-04-25T13:50:59.345+0000] {processor.py:157} INFO - Started process (PID=988) to work on /home/airflow/.local/lib/python3.8/site-packages/airflow/example_dags/example_xcom.py
[2024-04-25T13:50:59.352+0000] {processor.py:829} INFO - Processing file /home/airflow/.local/lib/python3.8/site-packages/airflow/example_dags/example_xcom.py for tasks to queue
[2024-04-25T13:50:59.353+0000] {logging_mixin.py:154} INFO - [2024-04-25T13:50:59.352+0000] {dagbag.py:536} INFO - Filling up the DagBag from /home/airflow/.local/lib/python3.8/site-packages/airflow/example_dags/example_xcom.py
[2024-04-25T13:50:59.364+0000] {processor.py:839} INFO - DAG(s) dict_keys(['example_xcom']) retrieved from /home/airflow/.local/lib/python3.8/site-packages/airflow/example_dags/example_xcom.py
[2024-04-25T13:50:59.398+0000] {logging_mixin.py:154} INFO - [2024-04-25T13:50:59.397+0000] {dag.py:2941} INFO - Sync 1 DAGs
[2024-04-25T13:50:59.430+0000] {logging_mixin.py:154} INFO - [2024-04-25T13:50:59.429+0000] {dag.py:3722} INFO - Setting next_dagrun for example_xcom to 2021-01-01T00:00:00+00:00, run_after=2021-01-01T00:00:00+00:00
[2024-04-25T13:50:59.459+0000] {processor.py:179} INFO - Processing /home/airflow/.local/lib/python3.8/site-packages/airflow/example_dags/example_xcom.py took 0.120 seconds
[2024-04-25T13:51:29.788+0000] {processor.py:157} INFO - Started process (PID=1231) to work on /home/airflow/.local/lib/python3.8/site-packages/airflow/example_dags/example_xcom.py
[2024-04-25T13:51:29.791+0000] {processor.py:829} INFO - Processing file /home/airflow/.local/lib/python3.8/site-packages/airflow/example_dags/example_xcom.py for tasks to queue
[2024-04-25T13:51:29.793+0000] {logging_mixin.py:154} INFO - [2024-04-25T13:51:29.792+0000] {dagbag.py:536} INFO - Filling up the DagBag from /home/airflow/.local/lib/python3.8/site-packages/airflow/example_dags/example_xcom.py
[2024-04-25T13:51:29.805+0000] {processor.py:839} INFO - DAG(s) dict_keys(['example_xcom']) retrieved from /home/airflow/.local/lib/python3.8/site-packages/airflow/example_dags/example_xcom.py
[2024-04-25T13:51:29.846+0000] {logging_mixin.py:154} INFO - [2024-04-25T13:51:29.846+0000] {dag.py:2941} INFO - Sync 1 DAGs
[2024-04-25T13:51:29.888+0000] {logging_mixin.py:154} INFO - [2024-04-25T13:51:29.887+0000] {dag.py:3722} INFO - Setting next_dagrun for example_xcom to 2021-01-01T00:00:00+00:00, run_after=2021-01-01T00:00:00+00:00
[2024-04-25T13:51:29.916+0000] {processor.py:179} INFO - Processing /home/airflow/.local/lib/python3.8/site-packages/airflow/example_dags/example_xcom.py took 0.136 seconds
[2024-04-25T13:52:00.352+0000] {processor.py:157} INFO - Started process (PID=1474) to work on /home/airflow/.local/lib/python3.8/site-packages/airflow/example_dags/example_xcom.py
[2024-04-25T13:52:00.354+0000] {processor.py:829} INFO - Processing file /home/airflow/.local/lib/python3.8/site-packages/airflow/example_dags/example_xcom.py for tasks to queue
[2024-04-25T13:52:00.355+0000] {logging_mixin.py:154} INFO - [2024-04-25T13:52:00.355+0000] {dagbag.py:536} INFO - Filling up the DagBag from /home/airflow/.local/lib/python3.8/site-packages/airflow/example_dags/example_xcom.py
[2024-04-25T13:52:00.369+0000] {processor.py:839} INFO - DAG(s) dict_keys(['example_xcom']) retrieved from /home/airflow/.local/lib/python3.8/site-packages/airflow/example_dags/example_xcom.py
[2024-04-25T13:52:00.414+0000] {logging_mixin.py:154} INFO - [2024-04-25T13:52:00.414+0000] {dag.py:2941} INFO - Sync 1 DAGs
[2024-04-25T13:52:00.453+0000] {logging_mixin.py:154} INFO - [2024-04-25T13:52:00.452+0000] {dag.py:3722} INFO - Setting next_dagrun for example_xcom to 2021-01-01T00:00:00+00:00, run_after=2021-01-01T00:00:00+00:00
[2024-04-25T13:52:00.495+0000] {processor.py:179} INFO - Processing /home/airflow/.local/lib/python3.8/site-packages/airflow/example_dags/example_xcom.py took 0.150 seconds
[2024-04-25T13:52:31.696+0000] {processor.py:157} INFO - Started process (PID=1723) to work on /home/airflow/.local/lib/python3.8/site-packages/airflow/example_dags/example_xcom.py
[2024-04-25T13:52:31.698+0000] {processor.py:829} INFO - Processing file /home/airflow/.local/lib/python3.8/site-packages/airflow/example_dags/example_xcom.py for tasks to queue
[2024-04-25T13:52:31.699+0000] {logging_mixin.py:154} INFO - [2024-04-25T13:52:31.699+0000] {dagbag.py:536} INFO - Filling up the DagBag from /home/airflow/.local/lib/python3.8/site-packages/airflow/example_dags/example_xcom.py
[2024-04-25T13:52:31.711+0000] {processor.py:839} INFO - DAG(s) dict_keys(['example_xcom']) retrieved from /home/airflow/.local/lib/python3.8/site-packages/airflow/example_dags/example_xcom.py
[2024-04-25T13:52:31.753+0000] {logging_mixin.py:154} INFO - [2024-04-25T13:52:31.752+0000] {dag.py:2941} INFO - Sync 1 DAGs
[2024-04-25T13:52:31.799+0000] {logging_mixin.py:154} INFO - [2024-04-25T13:52:31.798+0000] {dag.py:3722} INFO - Setting next_dagrun for example_xcom to 2021-01-01T00:00:00+00:00, run_after=2021-01-01T00:00:00+00:00
[2024-04-25T13:52:31.835+0000] {processor.py:179} INFO - Processing /home/airflow/.local/lib/python3.8/site-packages/airflow/example_dags/example_xcom.py took 0.150 seconds
[2024-04-25T13:53:02.664+0000] {processor.py:157} INFO - Started process (PID=1969) to work on /home/airflow/.local/lib/python3.8/site-packages/airflow/example_dags/example_xcom.py
[2024-04-25T13:53:02.668+0000] {processor.py:829} INFO - Processing file /home/airflow/.local/lib/python3.8/site-packages/airflow/example_dags/example_xcom.py for tasks to queue
[2024-04-25T13:53:02.670+0000] {logging_mixin.py:154} INFO - [2024-04-25T13:53:02.669+0000] {dagbag.py:536} INFO - Filling up the DagBag from /home/airflow/.local/lib/python3.8/site-packages/airflow/example_dags/example_xcom.py
[2024-04-25T13:53:02.693+0000] {processor.py:839} INFO - DAG(s) dict_keys(['example_xcom']) retrieved from /home/airflow/.local/lib/python3.8/site-packages/airflow/example_dags/example_xcom.py
[2024-04-25T13:53:02.758+0000] {logging_mixin.py:154} INFO - [2024-04-25T13:53:02.758+0000] {dag.py:2941} INFO - Sync 1 DAGs
[2024-04-25T13:53:02.812+0000] {logging_mixin.py:154} INFO - [2024-04-25T13:53:02.812+0000] {dag.py:3722} INFO - Setting next_dagrun for example_xcom to 2021-01-01T00:00:00+00:00, run_after=2021-01-01T00:00:00+00:00
[2024-04-25T13:53:02.860+0000] {processor.py:179} INFO - Processing /home/airflow/.local/lib/python3.8/site-packages/airflow/example_dags/example_xcom.py took 0.216 seconds
[2024-04-25T13:53:33.170+0000] {processor.py:157} INFO - Started process (PID=2212) to work on /home/airflow/.local/lib/python3.8/site-packages/airflow/example_dags/example_xcom.py
[2024-04-25T13:53:33.172+0000] {processor.py:829} INFO - Processing file /home/airflow/.local/lib/python3.8/site-packages/airflow/example_dags/example_xcom.py for tasks to queue
[2024-04-25T13:53:33.173+0000] {logging_mixin.py:154} INFO - [2024-04-25T13:53:33.173+0000] {dagbag.py:536} INFO - Filling up the DagBag from /home/airflow/.local/lib/python3.8/site-packages/airflow/example_dags/example_xcom.py
[2024-04-25T13:53:33.185+0000] {processor.py:839} INFO - DAG(s) dict_keys(['example_xcom']) retrieved from /home/airflow/.local/lib/python3.8/site-packages/airflow/example_dags/example_xcom.py
[2024-04-25T13:53:33.217+0000] {logging_mixin.py:154} INFO - [2024-04-25T13:53:33.217+0000] {dag.py:2941} INFO - Sync 1 DAGs
[2024-04-25T13:53:33.248+0000] {logging_mixin.py:154} INFO - [2024-04-25T13:53:33.248+0000] {dag.py:3722} INFO - Setting next_dagrun for example_xcom to 2021-01-01T00:00:00+00:00, run_after=2021-01-01T00:00:00+00:00
[2024-04-25T13:53:33.274+0000] {processor.py:179} INFO - Processing /home/airflow/.local/lib/python3.8/site-packages/airflow/example_dags/example_xcom.py took 0.110 seconds
