[2024-04-25T12:38:05.636+0000] {processor.py:157} INFO - Started process (PID=353) to work on /home/airflow/.local/lib/python3.8/site-packages/airflow/example_dags/example_params_ui_tutorial.py
[2024-04-25T12:38:05.638+0000] {processor.py:829} INFO - Processing file /home/airflow/.local/lib/python3.8/site-packages/airflow/example_dags/example_params_ui_tutorial.py for tasks to queue
[2024-04-25T12:38:05.640+0000] {logging_mixin.py:154} INFO - [2024-04-25T12:38:05.639+0000] {dagbag.py:536} INFO - Filling up the DagBag from /home/airflow/.local/lib/python3.8/site-packages/airflow/example_dags/example_params_ui_tutorial.py
[2024-04-25T12:38:05.733+0000] {processor.py:839} INFO - DAG(s) dict_keys(['example_params_ui_tutorial']) retrieved from /home/airflow/.local/lib/python3.8/site-packages/airflow/example_dags/example_params_ui_tutorial.py
[2024-04-25T12:38:06.079+0000] {logging_mixin.py:154} INFO - [2024-04-25T12:38:06.078+0000] {manager.py:499} INFO - Created Permission View: %s
[2024-04-25T12:38:06.100+0000] {logging_mixin.py:154} INFO - [2024-04-25T12:38:06.099+0000] {manager.py:499} INFO - Created Permission View: %s
[2024-04-25T12:38:06.114+0000] {logging_mixin.py:154} INFO - [2024-04-25T12:38:06.114+0000] {manager.py:499} INFO - Created Permission View: %s
[2024-04-25T12:38:06.115+0000] {logging_mixin.py:154} INFO - [2024-04-25T12:38:06.115+0000] {dag.py:2941} INFO - Sync 1 DAGs
[2024-04-25T12:38:06.138+0000] {logging_mixin.py:154} INFO - [2024-04-25T12:38:06.138+0000] {dag.py:2963} INFO - Creating ORM DAG for example_params_ui_tutorial
[2024-04-25T12:38:06.139+0000] {logging_mixin.py:154} INFO - [2024-04-25T12:38:06.139+0000] {dag.py:3722} INFO - Setting next_dagrun for example_params_ui_tutorial to None, run_after=None
[2024-04-25T12:38:06.171+0000] {processor.py:179} INFO - Processing /home/airflow/.local/lib/python3.8/site-packages/airflow/example_dags/example_params_ui_tutorial.py took 0.543 seconds
[2024-04-25T12:38:36.500+0000] {processor.py:157} INFO - Started process (PID=596) to work on /home/airflow/.local/lib/python3.8/site-packages/airflow/example_dags/example_params_ui_tutorial.py
[2024-04-25T12:38:36.501+0000] {processor.py:829} INFO - Processing file /home/airflow/.local/lib/python3.8/site-packages/airflow/example_dags/example_params_ui_tutorial.py for tasks to queue
[2024-04-25T12:38:36.502+0000] {logging_mixin.py:154} INFO - [2024-04-25T12:38:36.502+0000] {dagbag.py:536} INFO - Filling up the DagBag from /home/airflow/.local/lib/python3.8/site-packages/airflow/example_dags/example_params_ui_tutorial.py
[2024-04-25T12:38:36.565+0000] {processor.py:839} INFO - DAG(s) dict_keys(['example_params_ui_tutorial']) retrieved from /home/airflow/.local/lib/python3.8/site-packages/airflow/example_dags/example_params_ui_tutorial.py
[2024-04-25T12:38:36.639+0000] {logging_mixin.py:154} INFO - [2024-04-25T12:38:36.639+0000] {dag.py:2941} INFO - Sync 1 DAGs
[2024-04-25T12:38:36.663+0000] {logging_mixin.py:154} INFO - [2024-04-25T12:38:36.662+0000] {dag.py:3722} INFO - Setting next_dagrun for example_params_ui_tutorial to None, run_after=None
[2024-04-25T12:38:36.694+0000] {processor.py:179} INFO - Processing /home/airflow/.local/lib/python3.8/site-packages/airflow/example_dags/example_params_ui_tutorial.py took 0.200 seconds
[2024-04-25T12:39:07.153+0000] {processor.py:157} INFO - Started process (PID=847) to work on /home/airflow/.local/lib/python3.8/site-packages/airflow/example_dags/example_params_ui_tutorial.py
[2024-04-25T12:39:07.156+0000] {processor.py:829} INFO - Processing file /home/airflow/.local/lib/python3.8/site-packages/airflow/example_dags/example_params_ui_tutorial.py for tasks to queue
[2024-04-25T12:39:07.157+0000] {logging_mixin.py:154} INFO - [2024-04-25T12:39:07.157+0000] {dagbag.py:536} INFO - Filling up the DagBag from /home/airflow/.local/lib/python3.8/site-packages/airflow/example_dags/example_params_ui_tutorial.py
[2024-04-25T12:39:07.228+0000] {processor.py:839} INFO - DAG(s) dict_keys(['example_params_ui_tutorial']) retrieved from /home/airflow/.local/lib/python3.8/site-packages/airflow/example_dags/example_params_ui_tutorial.py
[2024-04-25T12:39:07.304+0000] {logging_mixin.py:154} INFO - [2024-04-25T12:39:07.303+0000] {dag.py:2941} INFO - Sync 1 DAGs
[2024-04-25T12:39:07.325+0000] {logging_mixin.py:154} INFO - [2024-04-25T12:39:07.325+0000] {dag.py:3722} INFO - Setting next_dagrun for example_params_ui_tutorial to None, run_after=None
[2024-04-25T12:39:07.354+0000] {processor.py:179} INFO - Processing /home/airflow/.local/lib/python3.8/site-packages/airflow/example_dags/example_params_ui_tutorial.py took 0.210 seconds
[2024-04-25T12:39:37.597+0000] {processor.py:157} INFO - Started process (PID=1085) to work on /home/airflow/.local/lib/python3.8/site-packages/airflow/example_dags/example_params_ui_tutorial.py
[2024-04-25T12:39:37.599+0000] {processor.py:829} INFO - Processing file /home/airflow/.local/lib/python3.8/site-packages/airflow/example_dags/example_params_ui_tutorial.py for tasks to queue
[2024-04-25T12:39:37.600+0000] {logging_mixin.py:154} INFO - [2024-04-25T12:39:37.599+0000] {dagbag.py:536} INFO - Filling up the DagBag from /home/airflow/.local/lib/python3.8/site-packages/airflow/example_dags/example_params_ui_tutorial.py
[2024-04-25T12:39:37.665+0000] {processor.py:839} INFO - DAG(s) dict_keys(['example_params_ui_tutorial']) retrieved from /home/airflow/.local/lib/python3.8/site-packages/airflow/example_dags/example_params_ui_tutorial.py
[2024-04-25T12:39:37.755+0000] {logging_mixin.py:154} INFO - [2024-04-25T12:39:37.754+0000] {dag.py:2941} INFO - Sync 1 DAGs
[2024-04-25T12:39:37.773+0000] {logging_mixin.py:154} INFO - [2024-04-25T12:39:37.772+0000] {dag.py:3722} INFO - Setting next_dagrun for example_params_ui_tutorial to None, run_after=None
[2024-04-25T12:39:37.797+0000] {processor.py:179} INFO - Processing /home/airflow/.local/lib/python3.8/site-packages/airflow/example_dags/example_params_ui_tutorial.py took 0.206 seconds
[2024-04-25T12:40:08.338+0000] {processor.py:157} INFO - Started process (PID=1326) to work on /home/airflow/.local/lib/python3.8/site-packages/airflow/example_dags/example_params_ui_tutorial.py
[2024-04-25T12:40:08.340+0000] {processor.py:829} INFO - Processing file /home/airflow/.local/lib/python3.8/site-packages/airflow/example_dags/example_params_ui_tutorial.py for tasks to queue
[2024-04-25T12:40:08.341+0000] {logging_mixin.py:154} INFO - [2024-04-25T12:40:08.341+0000] {dagbag.py:536} INFO - Filling up the DagBag from /home/airflow/.local/lib/python3.8/site-packages/airflow/example_dags/example_params_ui_tutorial.py
[2024-04-25T12:40:08.390+0000] {processor.py:839} INFO - DAG(s) dict_keys(['example_params_ui_tutorial']) retrieved from /home/airflow/.local/lib/python3.8/site-packages/airflow/example_dags/example_params_ui_tutorial.py
[2024-04-25T12:40:08.482+0000] {logging_mixin.py:154} INFO - [2024-04-25T12:40:08.481+0000] {dag.py:2941} INFO - Sync 1 DAGs
[2024-04-25T12:40:08.499+0000] {logging_mixin.py:154} INFO - [2024-04-25T12:40:08.498+0000] {dag.py:3722} INFO - Setting next_dagrun for example_params_ui_tutorial to None, run_after=None
[2024-04-25T12:40:08.524+0000] {processor.py:179} INFO - Processing /home/airflow/.local/lib/python3.8/site-packages/airflow/example_dags/example_params_ui_tutorial.py took 0.192 seconds
[2024-04-25T12:40:38.927+0000] {processor.py:157} INFO - Started process (PID=1566) to work on /home/airflow/.local/lib/python3.8/site-packages/airflow/example_dags/example_params_ui_tutorial.py
[2024-04-25T12:40:38.929+0000] {processor.py:829} INFO - Processing file /home/airflow/.local/lib/python3.8/site-packages/airflow/example_dags/example_params_ui_tutorial.py for tasks to queue
[2024-04-25T12:40:38.931+0000] {logging_mixin.py:154} INFO - [2024-04-25T12:40:38.930+0000] {dagbag.py:536} INFO - Filling up the DagBag from /home/airflow/.local/lib/python3.8/site-packages/airflow/example_dags/example_params_ui_tutorial.py
[2024-04-25T12:40:38.993+0000] {processor.py:839} INFO - DAG(s) dict_keys(['example_params_ui_tutorial']) retrieved from /home/airflow/.local/lib/python3.8/site-packages/airflow/example_dags/example_params_ui_tutorial.py
[2024-04-25T12:40:39.079+0000] {logging_mixin.py:154} INFO - [2024-04-25T12:40:39.079+0000] {dag.py:2941} INFO - Sync 1 DAGs
[2024-04-25T12:40:39.098+0000] {logging_mixin.py:154} INFO - [2024-04-25T12:40:39.097+0000] {dag.py:3722} INFO - Setting next_dagrun for example_params_ui_tutorial to None, run_after=None
[2024-04-25T12:40:39.125+0000] {processor.py:179} INFO - Processing /home/airflow/.local/lib/python3.8/site-packages/airflow/example_dags/example_params_ui_tutorial.py took 0.204 seconds
[2024-04-25T12:41:09.875+0000] {processor.py:157} INFO - Started process (PID=1809) to work on /home/airflow/.local/lib/python3.8/site-packages/airflow/example_dags/example_params_ui_tutorial.py
[2024-04-25T12:41:09.877+0000] {processor.py:829} INFO - Processing file /home/airflow/.local/lib/python3.8/site-packages/airflow/example_dags/example_params_ui_tutorial.py for tasks to queue
[2024-04-25T12:41:09.879+0000] {logging_mixin.py:154} INFO - [2024-04-25T12:41:09.878+0000] {dagbag.py:536} INFO - Filling up the DagBag from /home/airflow/.local/lib/python3.8/site-packages/airflow/example_dags/example_params_ui_tutorial.py
[2024-04-25T12:41:09.948+0000] {processor.py:839} INFO - DAG(s) dict_keys(['example_params_ui_tutorial']) retrieved from /home/airflow/.local/lib/python3.8/site-packages/airflow/example_dags/example_params_ui_tutorial.py
[2024-04-25T12:41:10.043+0000] {logging_mixin.py:154} INFO - [2024-04-25T12:41:10.042+0000] {dag.py:2941} INFO - Sync 1 DAGs
[2024-04-25T12:41:10.071+0000] {logging_mixin.py:154} INFO - [2024-04-25T12:41:10.071+0000] {dag.py:3722} INFO - Setting next_dagrun for example_params_ui_tutorial to None, run_after=None
[2024-04-25T12:41:10.103+0000] {processor.py:179} INFO - Processing /home/airflow/.local/lib/python3.8/site-packages/airflow/example_dags/example_params_ui_tutorial.py took 0.237 seconds
[2024-04-25T12:41:40.610+0000] {processor.py:157} INFO - Started process (PID=2052) to work on /home/airflow/.local/lib/python3.8/site-packages/airflow/example_dags/example_params_ui_tutorial.py
[2024-04-25T12:41:40.613+0000] {processor.py:829} INFO - Processing file /home/airflow/.local/lib/python3.8/site-packages/airflow/example_dags/example_params_ui_tutorial.py for tasks to queue
[2024-04-25T12:41:40.615+0000] {logging_mixin.py:154} INFO - [2024-04-25T12:41:40.614+0000] {dagbag.py:536} INFO - Filling up the DagBag from /home/airflow/.local/lib/python3.8/site-packages/airflow/example_dags/example_params_ui_tutorial.py
[2024-04-25T12:41:40.685+0000] {processor.py:839} INFO - DAG(s) dict_keys(['example_params_ui_tutorial']) retrieved from /home/airflow/.local/lib/python3.8/site-packages/airflow/example_dags/example_params_ui_tutorial.py
[2024-04-25T12:41:40.772+0000] {logging_mixin.py:154} INFO - [2024-04-25T12:41:40.772+0000] {dag.py:2941} INFO - Sync 1 DAGs
[2024-04-25T12:41:40.794+0000] {logging_mixin.py:154} INFO - [2024-04-25T12:41:40.793+0000] {dag.py:3722} INFO - Setting next_dagrun for example_params_ui_tutorial to None, run_after=None
[2024-04-25T12:41:40.824+0000] {processor.py:179} INFO - Processing /home/airflow/.local/lib/python3.8/site-packages/airflow/example_dags/example_params_ui_tutorial.py took 0.222 seconds
[2024-04-25T12:42:10.905+0000] {processor.py:157} INFO - Started process (PID=2303) to work on /home/airflow/.local/lib/python3.8/site-packages/airflow/example_dags/example_params_ui_tutorial.py
[2024-04-25T12:42:10.906+0000] {processor.py:829} INFO - Processing file /home/airflow/.local/lib/python3.8/site-packages/airflow/example_dags/example_params_ui_tutorial.py for tasks to queue
[2024-04-25T12:42:10.907+0000] {logging_mixin.py:154} INFO - [2024-04-25T12:42:10.907+0000] {dagbag.py:536} INFO - Filling up the DagBag from /home/airflow/.local/lib/python3.8/site-packages/airflow/example_dags/example_params_ui_tutorial.py
[2024-04-25T12:42:10.963+0000] {processor.py:839} INFO - DAG(s) dict_keys(['example_params_ui_tutorial']) retrieved from /home/airflow/.local/lib/python3.8/site-packages/airflow/example_dags/example_params_ui_tutorial.py
[2024-04-25T12:42:11.069+0000] {logging_mixin.py:154} INFO - [2024-04-25T12:42:11.068+0000] {dag.py:2941} INFO - Sync 1 DAGs
[2024-04-25T12:42:11.099+0000] {logging_mixin.py:154} INFO - [2024-04-25T12:42:11.098+0000] {dag.py:3722} INFO - Setting next_dagrun for example_params_ui_tutorial to None, run_after=None
[2024-04-25T12:42:11.134+0000] {processor.py:179} INFO - Processing /home/airflow/.local/lib/python3.8/site-packages/airflow/example_dags/example_params_ui_tutorial.py took 0.235 seconds
[2024-04-25T12:42:41.572+0000] {processor.py:157} INFO - Started process (PID=2547) to work on /home/airflow/.local/lib/python3.8/site-packages/airflow/example_dags/example_params_ui_tutorial.py
[2024-04-25T12:42:41.574+0000] {processor.py:829} INFO - Processing file /home/airflow/.local/lib/python3.8/site-packages/airflow/example_dags/example_params_ui_tutorial.py for tasks to queue
[2024-04-25T12:42:41.576+0000] {logging_mixin.py:154} INFO - [2024-04-25T12:42:41.575+0000] {dagbag.py:536} INFO - Filling up the DagBag from /home/airflow/.local/lib/python3.8/site-packages/airflow/example_dags/example_params_ui_tutorial.py
[2024-04-25T12:42:41.645+0000] {processor.py:839} INFO - DAG(s) dict_keys(['example_params_ui_tutorial']) retrieved from /home/airflow/.local/lib/python3.8/site-packages/airflow/example_dags/example_params_ui_tutorial.py
[2024-04-25T12:42:41.749+0000] {logging_mixin.py:154} INFO - [2024-04-25T12:42:41.748+0000] {dag.py:2941} INFO - Sync 1 DAGs
[2024-04-25T12:42:41.780+0000] {logging_mixin.py:154} INFO - [2024-04-25T12:42:41.780+0000] {dag.py:3722} INFO - Setting next_dagrun for example_params_ui_tutorial to None, run_after=None
[2024-04-25T12:42:41.819+0000] {processor.py:179} INFO - Processing /home/airflow/.local/lib/python3.8/site-packages/airflow/example_dags/example_params_ui_tutorial.py took 0.253 seconds
[2024-04-25T12:43:12.516+0000] {processor.py:157} INFO - Started process (PID=2797) to work on /home/airflow/.local/lib/python3.8/site-packages/airflow/example_dags/example_params_ui_tutorial.py
[2024-04-25T12:43:12.536+0000] {processor.py:829} INFO - Processing file /home/airflow/.local/lib/python3.8/site-packages/airflow/example_dags/example_params_ui_tutorial.py for tasks to queue
[2024-04-25T12:43:12.538+0000] {logging_mixin.py:154} INFO - [2024-04-25T12:43:12.538+0000] {dagbag.py:536} INFO - Filling up the DagBag from /home/airflow/.local/lib/python3.8/site-packages/airflow/example_dags/example_params_ui_tutorial.py
[2024-04-25T12:43:12.644+0000] {processor.py:839} INFO - DAG(s) dict_keys(['example_params_ui_tutorial']) retrieved from /home/airflow/.local/lib/python3.8/site-packages/airflow/example_dags/example_params_ui_tutorial.py
[2024-04-25T12:43:12.757+0000] {logging_mixin.py:154} INFO - [2024-04-25T12:43:12.757+0000] {dag.py:2941} INFO - Sync 1 DAGs
[2024-04-25T12:43:12.792+0000] {logging_mixin.py:154} INFO - [2024-04-25T12:43:12.791+0000] {dag.py:3722} INFO - Setting next_dagrun for example_params_ui_tutorial to None, run_after=None
[2024-04-25T12:43:12.851+0000] {processor.py:179} INFO - Processing /home/airflow/.local/lib/python3.8/site-packages/airflow/example_dags/example_params_ui_tutorial.py took 0.342 seconds
[2024-04-25T12:43:43.637+0000] {processor.py:157} INFO - Started process (PID=3044) to work on /home/airflow/.local/lib/python3.8/site-packages/airflow/example_dags/example_params_ui_tutorial.py
[2024-04-25T12:43:43.641+0000] {processor.py:829} INFO - Processing file /home/airflow/.local/lib/python3.8/site-packages/airflow/example_dags/example_params_ui_tutorial.py for tasks to queue
[2024-04-25T12:43:43.642+0000] {logging_mixin.py:154} INFO - [2024-04-25T12:43:43.641+0000] {dagbag.py:536} INFO - Filling up the DagBag from /home/airflow/.local/lib/python3.8/site-packages/airflow/example_dags/example_params_ui_tutorial.py
[2024-04-25T12:43:43.737+0000] {processor.py:839} INFO - DAG(s) dict_keys(['example_params_ui_tutorial']) retrieved from /home/airflow/.local/lib/python3.8/site-packages/airflow/example_dags/example_params_ui_tutorial.py
[2024-04-25T12:43:43.884+0000] {logging_mixin.py:154} INFO - [2024-04-25T12:43:43.884+0000] {dag.py:2941} INFO - Sync 1 DAGs
[2024-04-25T12:43:43.917+0000] {logging_mixin.py:154} INFO - [2024-04-25T12:43:43.917+0000] {dag.py:3722} INFO - Setting next_dagrun for example_params_ui_tutorial to None, run_after=None
[2024-04-25T12:43:43.965+0000] {processor.py:179} INFO - Processing /home/airflow/.local/lib/python3.8/site-packages/airflow/example_dags/example_params_ui_tutorial.py took 0.345 seconds
[2024-04-25T12:44:14.779+0000] {processor.py:157} INFO - Started process (PID=3294) to work on /home/airflow/.local/lib/python3.8/site-packages/airflow/example_dags/example_params_ui_tutorial.py
[2024-04-25T12:44:14.782+0000] {processor.py:829} INFO - Processing file /home/airflow/.local/lib/python3.8/site-packages/airflow/example_dags/example_params_ui_tutorial.py for tasks to queue
[2024-04-25T12:44:14.783+0000] {logging_mixin.py:154} INFO - [2024-04-25T12:44:14.782+0000] {dagbag.py:536} INFO - Filling up the DagBag from /home/airflow/.local/lib/python3.8/site-packages/airflow/example_dags/example_params_ui_tutorial.py
[2024-04-25T12:44:14.881+0000] {processor.py:839} INFO - DAG(s) dict_keys(['example_params_ui_tutorial']) retrieved from /home/airflow/.local/lib/python3.8/site-packages/airflow/example_dags/example_params_ui_tutorial.py
[2024-04-25T12:44:15.018+0000] {logging_mixin.py:154} INFO - [2024-04-25T12:44:15.018+0000] {dag.py:2941} INFO - Sync 1 DAGs
[2024-04-25T12:44:15.046+0000] {logging_mixin.py:154} INFO - [2024-04-25T12:44:15.046+0000] {dag.py:3722} INFO - Setting next_dagrun for example_params_ui_tutorial to None, run_after=None
[2024-04-25T12:44:15.108+0000] {processor.py:179} INFO - Processing /home/airflow/.local/lib/python3.8/site-packages/airflow/example_dags/example_params_ui_tutorial.py took 0.336 seconds
[2024-04-25T12:44:45.657+0000] {processor.py:157} INFO - Started process (PID=3541) to work on /home/airflow/.local/lib/python3.8/site-packages/airflow/example_dags/example_params_ui_tutorial.py
[2024-04-25T12:44:45.660+0000] {processor.py:829} INFO - Processing file /home/airflow/.local/lib/python3.8/site-packages/airflow/example_dags/example_params_ui_tutorial.py for tasks to queue
[2024-04-25T12:44:45.661+0000] {logging_mixin.py:154} INFO - [2024-04-25T12:44:45.661+0000] {dagbag.py:536} INFO - Filling up the DagBag from /home/airflow/.local/lib/python3.8/site-packages/airflow/example_dags/example_params_ui_tutorial.py
[2024-04-25T12:44:45.735+0000] {processor.py:839} INFO - DAG(s) dict_keys(['example_params_ui_tutorial']) retrieved from /home/airflow/.local/lib/python3.8/site-packages/airflow/example_dags/example_params_ui_tutorial.py
[2024-04-25T12:44:45.812+0000] {logging_mixin.py:154} INFO - [2024-04-25T12:44:45.812+0000] {dag.py:2941} INFO - Sync 1 DAGs
[2024-04-25T12:44:45.836+0000] {logging_mixin.py:154} INFO - [2024-04-25T12:44:45.835+0000] {dag.py:3722} INFO - Setting next_dagrun for example_params_ui_tutorial to None, run_after=None
[2024-04-25T12:44:45.871+0000] {processor.py:179} INFO - Processing /home/airflow/.local/lib/python3.8/site-packages/airflow/example_dags/example_params_ui_tutorial.py took 0.222 seconds
[2024-04-25T12:45:16.475+0000] {processor.py:157} INFO - Started process (PID=3785) to work on /home/airflow/.local/lib/python3.8/site-packages/airflow/example_dags/example_params_ui_tutorial.py
[2024-04-25T12:45:16.477+0000] {processor.py:829} INFO - Processing file /home/airflow/.local/lib/python3.8/site-packages/airflow/example_dags/example_params_ui_tutorial.py for tasks to queue
[2024-04-25T12:45:16.479+0000] {logging_mixin.py:154} INFO - [2024-04-25T12:45:16.478+0000] {dagbag.py:536} INFO - Filling up the DagBag from /home/airflow/.local/lib/python3.8/site-packages/airflow/example_dags/example_params_ui_tutorial.py
[2024-04-25T12:45:16.533+0000] {processor.py:839} INFO - DAG(s) dict_keys(['example_params_ui_tutorial']) retrieved from /home/airflow/.local/lib/python3.8/site-packages/airflow/example_dags/example_params_ui_tutorial.py
[2024-04-25T12:45:16.610+0000] {logging_mixin.py:154} INFO - [2024-04-25T12:45:16.610+0000] {dag.py:2941} INFO - Sync 1 DAGs
[2024-04-25T12:45:16.633+0000] {logging_mixin.py:154} INFO - [2024-04-25T12:45:16.633+0000] {dag.py:3722} INFO - Setting next_dagrun for example_params_ui_tutorial to None, run_after=None
[2024-04-25T12:45:16.662+0000] {processor.py:179} INFO - Processing /home/airflow/.local/lib/python3.8/site-packages/airflow/example_dags/example_params_ui_tutorial.py took 0.193 seconds
[2024-04-25T12:45:46.820+0000] {processor.py:157} INFO - Started process (PID=4028) to work on /home/airflow/.local/lib/python3.8/site-packages/airflow/example_dags/example_params_ui_tutorial.py
[2024-04-25T12:45:46.822+0000] {processor.py:829} INFO - Processing file /home/airflow/.local/lib/python3.8/site-packages/airflow/example_dags/example_params_ui_tutorial.py for tasks to queue
[2024-04-25T12:45:46.824+0000] {logging_mixin.py:154} INFO - [2024-04-25T12:45:46.823+0000] {dagbag.py:536} INFO - Filling up the DagBag from /home/airflow/.local/lib/python3.8/site-packages/airflow/example_dags/example_params_ui_tutorial.py
[2024-04-25T12:45:46.884+0000] {processor.py:839} INFO - DAG(s) dict_keys(['example_params_ui_tutorial']) retrieved from /home/airflow/.local/lib/python3.8/site-packages/airflow/example_dags/example_params_ui_tutorial.py
[2024-04-25T12:45:46.959+0000] {logging_mixin.py:154} INFO - [2024-04-25T12:45:46.959+0000] {dag.py:2941} INFO - Sync 1 DAGs
[2024-04-25T12:45:46.977+0000] {logging_mixin.py:154} INFO - [2024-04-25T12:45:46.977+0000] {dag.py:3722} INFO - Setting next_dagrun for example_params_ui_tutorial to None, run_after=None
[2024-04-25T12:45:47.006+0000] {processor.py:179} INFO - Processing /home/airflow/.local/lib/python3.8/site-packages/airflow/example_dags/example_params_ui_tutorial.py took 0.192 seconds
[2024-04-25T12:46:17.469+0000] {processor.py:157} INFO - Started process (PID=4266) to work on /home/airflow/.local/lib/python3.8/site-packages/airflow/example_dags/example_params_ui_tutorial.py
[2024-04-25T12:46:17.471+0000] {processor.py:829} INFO - Processing file /home/airflow/.local/lib/python3.8/site-packages/airflow/example_dags/example_params_ui_tutorial.py for tasks to queue
[2024-04-25T12:46:17.473+0000] {logging_mixin.py:154} INFO - [2024-04-25T12:46:17.472+0000] {dagbag.py:536} INFO - Filling up the DagBag from /home/airflow/.local/lib/python3.8/site-packages/airflow/example_dags/example_params_ui_tutorial.py
[2024-04-25T12:46:17.525+0000] {processor.py:839} INFO - DAG(s) dict_keys(['example_params_ui_tutorial']) retrieved from /home/airflow/.local/lib/python3.8/site-packages/airflow/example_dags/example_params_ui_tutorial.py
[2024-04-25T12:46:17.639+0000] {logging_mixin.py:154} INFO - [2024-04-25T12:46:17.638+0000] {dag.py:2941} INFO - Sync 1 DAGs
[2024-04-25T12:46:17.661+0000] {logging_mixin.py:154} INFO - [2024-04-25T12:46:17.661+0000] {dag.py:3722} INFO - Setting next_dagrun for example_params_ui_tutorial to None, run_after=None
[2024-04-25T12:46:17.695+0000] {processor.py:179} INFO - Processing /home/airflow/.local/lib/python3.8/site-packages/airflow/example_dags/example_params_ui_tutorial.py took 0.234 seconds
[2024-04-25T12:46:50.937+0000] {processor.py:157} INFO - Started process (PID=4509) to work on /home/airflow/.local/lib/python3.8/site-packages/airflow/example_dags/example_params_ui_tutorial.py
[2024-04-25T12:46:50.942+0000] {processor.py:829} INFO - Processing file /home/airflow/.local/lib/python3.8/site-packages/airflow/example_dags/example_params_ui_tutorial.py for tasks to queue
[2024-04-25T12:46:50.947+0000] {logging_mixin.py:154} INFO - [2024-04-25T12:46:50.945+0000] {dagbag.py:536} INFO - Filling up the DagBag from /home/airflow/.local/lib/python3.8/site-packages/airflow/example_dags/example_params_ui_tutorial.py
[2024-04-25T12:46:51.128+0000] {processor.py:839} INFO - DAG(s) dict_keys(['example_params_ui_tutorial']) retrieved from /home/airflow/.local/lib/python3.8/site-packages/airflow/example_dags/example_params_ui_tutorial.py
[2024-04-25T12:46:51.340+0000] {logging_mixin.py:154} INFO - [2024-04-25T12:46:51.340+0000] {dag.py:2941} INFO - Sync 1 DAGs
[2024-04-25T12:46:51.391+0000] {logging_mixin.py:154} INFO - [2024-04-25T12:46:51.391+0000] {dag.py:3722} INFO - Setting next_dagrun for example_params_ui_tutorial to None, run_after=None
[2024-04-25T12:46:51.462+0000] {processor.py:179} INFO - Processing /home/airflow/.local/lib/python3.8/site-packages/airflow/example_dags/example_params_ui_tutorial.py took 0.540 seconds
[2024-04-25T12:47:22.104+0000] {processor.py:157} INFO - Started process (PID=4752) to work on /home/airflow/.local/lib/python3.8/site-packages/airflow/example_dags/example_params_ui_tutorial.py
[2024-04-25T12:47:22.106+0000] {processor.py:829} INFO - Processing file /home/airflow/.local/lib/python3.8/site-packages/airflow/example_dags/example_params_ui_tutorial.py for tasks to queue
[2024-04-25T12:47:22.107+0000] {logging_mixin.py:154} INFO - [2024-04-25T12:47:22.107+0000] {dagbag.py:536} INFO - Filling up the DagBag from /home/airflow/.local/lib/python3.8/site-packages/airflow/example_dags/example_params_ui_tutorial.py
[2024-04-25T12:47:22.157+0000] {processor.py:839} INFO - DAG(s) dict_keys(['example_params_ui_tutorial']) retrieved from /home/airflow/.local/lib/python3.8/site-packages/airflow/example_dags/example_params_ui_tutorial.py
[2024-04-25T12:47:22.236+0000] {logging_mixin.py:154} INFO - [2024-04-25T12:47:22.236+0000] {dag.py:2941} INFO - Sync 1 DAGs
[2024-04-25T12:47:22.254+0000] {logging_mixin.py:154} INFO - [2024-04-25T12:47:22.254+0000] {dag.py:3722} INFO - Setting next_dagrun for example_params_ui_tutorial to None, run_after=None
[2024-04-25T12:47:22.292+0000] {processor.py:179} INFO - Processing /home/airflow/.local/lib/python3.8/site-packages/airflow/example_dags/example_params_ui_tutorial.py took 0.194 seconds
[2024-04-25T12:51:44.545+0000] {processor.py:157} INFO - Started process (PID=353) to work on /home/airflow/.local/lib/python3.8/site-packages/airflow/example_dags/example_params_ui_tutorial.py
[2024-04-25T12:51:44.547+0000] {processor.py:829} INFO - Processing file /home/airflow/.local/lib/python3.8/site-packages/airflow/example_dags/example_params_ui_tutorial.py for tasks to queue
[2024-04-25T12:51:44.550+0000] {logging_mixin.py:154} INFO - [2024-04-25T12:51:44.549+0000] {dagbag.py:536} INFO - Filling up the DagBag from /home/airflow/.local/lib/python3.8/site-packages/airflow/example_dags/example_params_ui_tutorial.py
[2024-04-25T12:51:44.632+0000] {processor.py:839} INFO - DAG(s) dict_keys(['example_params_ui_tutorial']) retrieved from /home/airflow/.local/lib/python3.8/site-packages/airflow/example_dags/example_params_ui_tutorial.py
[2024-04-25T12:51:44.655+0000] {logging_mixin.py:154} INFO - [2024-04-25T12:51:44.655+0000] {dag.py:2941} INFO - Sync 1 DAGs
[2024-04-25T12:51:44.687+0000] {logging_mixin.py:154} INFO - [2024-04-25T12:51:44.687+0000] {dag.py:3722} INFO - Setting next_dagrun for example_params_ui_tutorial to None, run_after=None
[2024-04-25T12:51:44.724+0000] {processor.py:179} INFO - Processing /home/airflow/.local/lib/python3.8/site-packages/airflow/example_dags/example_params_ui_tutorial.py took 0.186 seconds
[2024-04-25T12:52:15.229+0000] {processor.py:157} INFO - Started process (PID=596) to work on /home/airflow/.local/lib/python3.8/site-packages/airflow/example_dags/example_params_ui_tutorial.py
[2024-04-25T12:52:15.232+0000] {processor.py:829} INFO - Processing file /home/airflow/.local/lib/python3.8/site-packages/airflow/example_dags/example_params_ui_tutorial.py for tasks to queue
[2024-04-25T12:52:15.233+0000] {logging_mixin.py:154} INFO - [2024-04-25T12:52:15.233+0000] {dagbag.py:536} INFO - Filling up the DagBag from /home/airflow/.local/lib/python3.8/site-packages/airflow/example_dags/example_params_ui_tutorial.py
[2024-04-25T12:52:15.310+0000] {processor.py:839} INFO - DAG(s) dict_keys(['example_params_ui_tutorial']) retrieved from /home/airflow/.local/lib/python3.8/site-packages/airflow/example_dags/example_params_ui_tutorial.py
[2024-04-25T12:52:15.413+0000] {logging_mixin.py:154} INFO - [2024-04-25T12:52:15.413+0000] {dag.py:2941} INFO - Sync 1 DAGs
[2024-04-25T12:52:15.434+0000] {logging_mixin.py:154} INFO - [2024-04-25T12:52:15.434+0000] {dag.py:3722} INFO - Setting next_dagrun for example_params_ui_tutorial to None, run_after=None
[2024-04-25T12:52:15.464+0000] {processor.py:179} INFO - Processing /home/airflow/.local/lib/python3.8/site-packages/airflow/example_dags/example_params_ui_tutorial.py took 0.243 seconds
[2024-04-25T12:52:46.692+0000] {processor.py:157} INFO - Started process (PID=846) to work on /home/airflow/.local/lib/python3.8/site-packages/airflow/example_dags/example_params_ui_tutorial.py
[2024-04-25T12:52:46.694+0000] {processor.py:829} INFO - Processing file /home/airflow/.local/lib/python3.8/site-packages/airflow/example_dags/example_params_ui_tutorial.py for tasks to queue
[2024-04-25T12:52:46.696+0000] {logging_mixin.py:154} INFO - [2024-04-25T12:52:46.695+0000] {dagbag.py:536} INFO - Filling up the DagBag from /home/airflow/.local/lib/python3.8/site-packages/airflow/example_dags/example_params_ui_tutorial.py
[2024-04-25T12:52:46.748+0000] {processor.py:839} INFO - DAG(s) dict_keys(['example_params_ui_tutorial']) retrieved from /home/airflow/.local/lib/python3.8/site-packages/airflow/example_dags/example_params_ui_tutorial.py
[2024-04-25T12:52:46.852+0000] {logging_mixin.py:154} INFO - [2024-04-25T12:52:46.851+0000] {dag.py:2941} INFO - Sync 1 DAGs
[2024-04-25T12:52:46.885+0000] {logging_mixin.py:154} INFO - [2024-04-25T12:52:46.885+0000] {dag.py:3722} INFO - Setting next_dagrun for example_params_ui_tutorial to None, run_after=None
[2024-04-25T12:52:46.913+0000] {processor.py:179} INFO - Processing /home/airflow/.local/lib/python3.8/site-packages/airflow/example_dags/example_params_ui_tutorial.py took 0.226 seconds
[2024-04-25T12:53:17.069+0000] {processor.py:157} INFO - Started process (PID=1093) to work on /home/airflow/.local/lib/python3.8/site-packages/airflow/example_dags/example_params_ui_tutorial.py
[2024-04-25T12:53:17.072+0000] {processor.py:829} INFO - Processing file /home/airflow/.local/lib/python3.8/site-packages/airflow/example_dags/example_params_ui_tutorial.py for tasks to queue
[2024-04-25T12:53:17.073+0000] {logging_mixin.py:154} INFO - [2024-04-25T12:53:17.073+0000] {dagbag.py:536} INFO - Filling up the DagBag from /home/airflow/.local/lib/python3.8/site-packages/airflow/example_dags/example_params_ui_tutorial.py
[2024-04-25T12:53:17.123+0000] {processor.py:839} INFO - DAG(s) dict_keys(['example_params_ui_tutorial']) retrieved from /home/airflow/.local/lib/python3.8/site-packages/airflow/example_dags/example_params_ui_tutorial.py
[2024-04-25T12:53:17.204+0000] {logging_mixin.py:154} INFO - [2024-04-25T12:53:17.204+0000] {dag.py:2941} INFO - Sync 1 DAGs
[2024-04-25T12:53:17.232+0000] {logging_mixin.py:154} INFO - [2024-04-25T12:53:17.231+0000] {dag.py:3722} INFO - Setting next_dagrun for example_params_ui_tutorial to None, run_after=None
[2024-04-25T12:53:17.266+0000] {processor.py:179} INFO - Processing /home/airflow/.local/lib/python3.8/site-packages/airflow/example_dags/example_params_ui_tutorial.py took 0.203 seconds
[2024-04-25T12:53:47.461+0000] {processor.py:157} INFO - Started process (PID=1333) to work on /home/airflow/.local/lib/python3.8/site-packages/airflow/example_dags/example_params_ui_tutorial.py
[2024-04-25T12:53:47.464+0000] {processor.py:829} INFO - Processing file /home/airflow/.local/lib/python3.8/site-packages/airflow/example_dags/example_params_ui_tutorial.py for tasks to queue
[2024-04-25T12:53:47.466+0000] {logging_mixin.py:154} INFO - [2024-04-25T12:53:47.465+0000] {dagbag.py:536} INFO - Filling up the DagBag from /home/airflow/.local/lib/python3.8/site-packages/airflow/example_dags/example_params_ui_tutorial.py
[2024-04-25T12:53:47.523+0000] {processor.py:839} INFO - DAG(s) dict_keys(['example_params_ui_tutorial']) retrieved from /home/airflow/.local/lib/python3.8/site-packages/airflow/example_dags/example_params_ui_tutorial.py
[2024-04-25T12:53:47.596+0000] {logging_mixin.py:154} INFO - [2024-04-25T12:53:47.596+0000] {dag.py:2941} INFO - Sync 1 DAGs
[2024-04-25T12:53:47.614+0000] {logging_mixin.py:154} INFO - [2024-04-25T12:53:47.613+0000] {dag.py:3722} INFO - Setting next_dagrun for example_params_ui_tutorial to None, run_after=None
[2024-04-25T12:53:47.642+0000] {processor.py:179} INFO - Processing /home/airflow/.local/lib/python3.8/site-packages/airflow/example_dags/example_params_ui_tutorial.py took 0.187 seconds
[2024-04-25T12:54:18.524+0000] {processor.py:157} INFO - Started process (PID=1579) to work on /home/airflow/.local/lib/python3.8/site-packages/airflow/example_dags/example_params_ui_tutorial.py
[2024-04-25T12:54:18.526+0000] {processor.py:829} INFO - Processing file /home/airflow/.local/lib/python3.8/site-packages/airflow/example_dags/example_params_ui_tutorial.py for tasks to queue
[2024-04-25T12:54:18.527+0000] {logging_mixin.py:154} INFO - [2024-04-25T12:54:18.527+0000] {dagbag.py:536} INFO - Filling up the DagBag from /home/airflow/.local/lib/python3.8/site-packages/airflow/example_dags/example_params_ui_tutorial.py
[2024-04-25T12:54:18.584+0000] {processor.py:839} INFO - DAG(s) dict_keys(['example_params_ui_tutorial']) retrieved from /home/airflow/.local/lib/python3.8/site-packages/airflow/example_dags/example_params_ui_tutorial.py
[2024-04-25T12:54:18.668+0000] {logging_mixin.py:154} INFO - [2024-04-25T12:54:18.668+0000] {dag.py:2941} INFO - Sync 1 DAGs
[2024-04-25T12:54:18.687+0000] {logging_mixin.py:154} INFO - [2024-04-25T12:54:18.687+0000] {dag.py:3722} INFO - Setting next_dagrun for example_params_ui_tutorial to None, run_after=None
[2024-04-25T12:54:18.716+0000] {processor.py:179} INFO - Processing /home/airflow/.local/lib/python3.8/site-packages/airflow/example_dags/example_params_ui_tutorial.py took 0.198 seconds
[2024-04-25T12:54:49.655+0000] {processor.py:157} INFO - Started process (PID=1822) to work on /home/airflow/.local/lib/python3.8/site-packages/airflow/example_dags/example_params_ui_tutorial.py
[2024-04-25T12:54:49.657+0000] {processor.py:829} INFO - Processing file /home/airflow/.local/lib/python3.8/site-packages/airflow/example_dags/example_params_ui_tutorial.py for tasks to queue
[2024-04-25T12:54:49.659+0000] {logging_mixin.py:154} INFO - [2024-04-25T12:54:49.658+0000] {dagbag.py:536} INFO - Filling up the DagBag from /home/airflow/.local/lib/python3.8/site-packages/airflow/example_dags/example_params_ui_tutorial.py
[2024-04-25T12:54:49.712+0000] {processor.py:839} INFO - DAG(s) dict_keys(['example_params_ui_tutorial']) retrieved from /home/airflow/.local/lib/python3.8/site-packages/airflow/example_dags/example_params_ui_tutorial.py
[2024-04-25T12:54:49.811+0000] {logging_mixin.py:154} INFO - [2024-04-25T12:54:49.810+0000] {dag.py:2941} INFO - Sync 1 DAGs
[2024-04-25T12:54:49.829+0000] {logging_mixin.py:154} INFO - [2024-04-25T12:54:49.829+0000] {dag.py:3722} INFO - Setting next_dagrun for example_params_ui_tutorial to None, run_after=None
[2024-04-25T12:54:49.857+0000] {processor.py:179} INFO - Processing /home/airflow/.local/lib/python3.8/site-packages/airflow/example_dags/example_params_ui_tutorial.py took 0.209 seconds
[2024-04-25T12:55:19.946+0000] {processor.py:157} INFO - Started process (PID=2062) to work on /home/airflow/.local/lib/python3.8/site-packages/airflow/example_dags/example_params_ui_tutorial.py
[2024-04-25T12:55:19.949+0000] {processor.py:829} INFO - Processing file /home/airflow/.local/lib/python3.8/site-packages/airflow/example_dags/example_params_ui_tutorial.py for tasks to queue
[2024-04-25T12:55:19.950+0000] {logging_mixin.py:154} INFO - [2024-04-25T12:55:19.950+0000] {dagbag.py:536} INFO - Filling up the DagBag from /home/airflow/.local/lib/python3.8/site-packages/airflow/example_dags/example_params_ui_tutorial.py
[2024-04-25T12:55:19.999+0000] {processor.py:839} INFO - DAG(s) dict_keys(['example_params_ui_tutorial']) retrieved from /home/airflow/.local/lib/python3.8/site-packages/airflow/example_dags/example_params_ui_tutorial.py
[2024-04-25T12:55:20.073+0000] {logging_mixin.py:154} INFO - [2024-04-25T12:55:20.072+0000] {dag.py:2941} INFO - Sync 1 DAGs
[2024-04-25T12:55:20.090+0000] {logging_mixin.py:154} INFO - [2024-04-25T12:55:20.090+0000] {dag.py:3722} INFO - Setting next_dagrun for example_params_ui_tutorial to None, run_after=None
[2024-04-25T12:55:20.120+0000] {processor.py:179} INFO - Processing /home/airflow/.local/lib/python3.8/site-packages/airflow/example_dags/example_params_ui_tutorial.py took 0.179 seconds
[2024-04-25T13:10:34.310+0000] {processor.py:157} INFO - Started process (PID=353) to work on /home/airflow/.local/lib/python3.8/site-packages/airflow/example_dags/example_params_ui_tutorial.py
[2024-04-25T13:10:34.313+0000] {processor.py:829} INFO - Processing file /home/airflow/.local/lib/python3.8/site-packages/airflow/example_dags/example_params_ui_tutorial.py for tasks to queue
[2024-04-25T13:10:34.315+0000] {logging_mixin.py:154} INFO - [2024-04-25T13:10:34.314+0000] {dagbag.py:536} INFO - Filling up the DagBag from /home/airflow/.local/lib/python3.8/site-packages/airflow/example_dags/example_params_ui_tutorial.py
[2024-04-25T13:10:34.396+0000] {processor.py:839} INFO - DAG(s) dict_keys(['example_params_ui_tutorial']) retrieved from /home/airflow/.local/lib/python3.8/site-packages/airflow/example_dags/example_params_ui_tutorial.py
[2024-04-25T13:10:34.420+0000] {logging_mixin.py:154} INFO - [2024-04-25T13:10:34.419+0000] {dag.py:2941} INFO - Sync 1 DAGs
[2024-04-25T13:10:34.453+0000] {logging_mixin.py:154} INFO - [2024-04-25T13:10:34.452+0000] {dag.py:3722} INFO - Setting next_dagrun for example_params_ui_tutorial to None, run_after=None
[2024-04-25T13:10:34.481+0000] {processor.py:179} INFO - Processing /home/airflow/.local/lib/python3.8/site-packages/airflow/example_dags/example_params_ui_tutorial.py took 0.178 seconds
[2024-04-25T13:11:05.913+0000] {processor.py:157} INFO - Started process (PID=596) to work on /home/airflow/.local/lib/python3.8/site-packages/airflow/example_dags/example_params_ui_tutorial.py
[2024-04-25T13:11:05.916+0000] {processor.py:829} INFO - Processing file /home/airflow/.local/lib/python3.8/site-packages/airflow/example_dags/example_params_ui_tutorial.py for tasks to queue
[2024-04-25T13:11:05.917+0000] {logging_mixin.py:154} INFO - [2024-04-25T13:11:05.916+0000] {dagbag.py:536} INFO - Filling up the DagBag from /home/airflow/.local/lib/python3.8/site-packages/airflow/example_dags/example_params_ui_tutorial.py
[2024-04-25T13:11:05.964+0000] {processor.py:839} INFO - DAG(s) dict_keys(['example_params_ui_tutorial']) retrieved from /home/airflow/.local/lib/python3.8/site-packages/airflow/example_dags/example_params_ui_tutorial.py
[2024-04-25T13:11:06.034+0000] {logging_mixin.py:154} INFO - [2024-04-25T13:11:06.034+0000] {dag.py:2941} INFO - Sync 1 DAGs
[2024-04-25T13:11:06.060+0000] {logging_mixin.py:154} INFO - [2024-04-25T13:11:06.060+0000] {dag.py:3722} INFO - Setting next_dagrun for example_params_ui_tutorial to None, run_after=None
[2024-04-25T13:11:06.099+0000] {processor.py:179} INFO - Processing /home/airflow/.local/lib/python3.8/site-packages/airflow/example_dags/example_params_ui_tutorial.py took 0.192 seconds
[2024-04-25T13:11:36.445+0000] {processor.py:157} INFO - Started process (PID=841) to work on /home/airflow/.local/lib/python3.8/site-packages/airflow/example_dags/example_params_ui_tutorial.py
[2024-04-25T13:11:36.447+0000] {processor.py:829} INFO - Processing file /home/airflow/.local/lib/python3.8/site-packages/airflow/example_dags/example_params_ui_tutorial.py for tasks to queue
[2024-04-25T13:11:36.448+0000] {logging_mixin.py:154} INFO - [2024-04-25T13:11:36.448+0000] {dagbag.py:536} INFO - Filling up the DagBag from /home/airflow/.local/lib/python3.8/site-packages/airflow/example_dags/example_params_ui_tutorial.py
[2024-04-25T13:11:36.516+0000] {processor.py:839} INFO - DAG(s) dict_keys(['example_params_ui_tutorial']) retrieved from /home/airflow/.local/lib/python3.8/site-packages/airflow/example_dags/example_params_ui_tutorial.py
[2024-04-25T13:11:36.618+0000] {logging_mixin.py:154} INFO - [2024-04-25T13:11:36.618+0000] {dag.py:2941} INFO - Sync 1 DAGs
[2024-04-25T13:11:36.638+0000] {logging_mixin.py:154} INFO - [2024-04-25T13:11:36.638+0000] {dag.py:3722} INFO - Setting next_dagrun for example_params_ui_tutorial to None, run_after=None
[2024-04-25T13:11:36.672+0000] {processor.py:179} INFO - Processing /home/airflow/.local/lib/python3.8/site-packages/airflow/example_dags/example_params_ui_tutorial.py took 0.236 seconds
[2024-04-25T13:12:07.262+0000] {processor.py:157} INFO - Started process (PID=1089) to work on /home/airflow/.local/lib/python3.8/site-packages/airflow/example_dags/example_params_ui_tutorial.py
[2024-04-25T13:12:07.265+0000] {processor.py:829} INFO - Processing file /home/airflow/.local/lib/python3.8/site-packages/airflow/example_dags/example_params_ui_tutorial.py for tasks to queue
[2024-04-25T13:12:07.266+0000] {logging_mixin.py:154} INFO - [2024-04-25T13:12:07.265+0000] {dagbag.py:536} INFO - Filling up the DagBag from /home/airflow/.local/lib/python3.8/site-packages/airflow/example_dags/example_params_ui_tutorial.py
[2024-04-25T13:12:07.323+0000] {processor.py:839} INFO - DAG(s) dict_keys(['example_params_ui_tutorial']) retrieved from /home/airflow/.local/lib/python3.8/site-packages/airflow/example_dags/example_params_ui_tutorial.py
[2024-04-25T13:12:07.438+0000] {logging_mixin.py:154} INFO - [2024-04-25T13:12:07.437+0000] {dag.py:2941} INFO - Sync 1 DAGs
[2024-04-25T13:12:07.468+0000] {logging_mixin.py:154} INFO - [2024-04-25T13:12:07.468+0000] {dag.py:3722} INFO - Setting next_dagrun for example_params_ui_tutorial to None, run_after=None
[2024-04-25T13:12:07.539+0000] {processor.py:179} INFO - Processing /home/airflow/.local/lib/python3.8/site-packages/airflow/example_dags/example_params_ui_tutorial.py took 0.283 seconds
[2024-04-25T13:12:38.134+0000] {processor.py:157} INFO - Started process (PID=1335) to work on /home/airflow/.local/lib/python3.8/site-packages/airflow/example_dags/example_params_ui_tutorial.py
[2024-04-25T13:12:38.138+0000] {processor.py:829} INFO - Processing file /home/airflow/.local/lib/python3.8/site-packages/airflow/example_dags/example_params_ui_tutorial.py for tasks to queue
[2024-04-25T13:12:38.140+0000] {logging_mixin.py:154} INFO - [2024-04-25T13:12:38.140+0000] {dagbag.py:536} INFO - Filling up the DagBag from /home/airflow/.local/lib/python3.8/site-packages/airflow/example_dags/example_params_ui_tutorial.py
[2024-04-25T13:12:38.247+0000] {processor.py:839} INFO - DAG(s) dict_keys(['example_params_ui_tutorial']) retrieved from /home/airflow/.local/lib/python3.8/site-packages/airflow/example_dags/example_params_ui_tutorial.py
[2024-04-25T13:12:38.365+0000] {logging_mixin.py:154} INFO - [2024-04-25T13:12:38.364+0000] {dag.py:2941} INFO - Sync 1 DAGs
[2024-04-25T13:12:38.391+0000] {logging_mixin.py:154} INFO - [2024-04-25T13:12:38.390+0000] {dag.py:3722} INFO - Setting next_dagrun for example_params_ui_tutorial to None, run_after=None
[2024-04-25T13:12:38.427+0000] {processor.py:179} INFO - Processing /home/airflow/.local/lib/python3.8/site-packages/airflow/example_dags/example_params_ui_tutorial.py took 0.300 seconds
[2024-04-25T13:13:09.159+0000] {processor.py:157} INFO - Started process (PID=1578) to work on /home/airflow/.local/lib/python3.8/site-packages/airflow/example_dags/example_params_ui_tutorial.py
[2024-04-25T13:13:09.161+0000] {processor.py:829} INFO - Processing file /home/airflow/.local/lib/python3.8/site-packages/airflow/example_dags/example_params_ui_tutorial.py for tasks to queue
[2024-04-25T13:13:09.162+0000] {logging_mixin.py:154} INFO - [2024-04-25T13:13:09.162+0000] {dagbag.py:536} INFO - Filling up the DagBag from /home/airflow/.local/lib/python3.8/site-packages/airflow/example_dags/example_params_ui_tutorial.py
[2024-04-25T13:13:09.211+0000] {processor.py:839} INFO - DAG(s) dict_keys(['example_params_ui_tutorial']) retrieved from /home/airflow/.local/lib/python3.8/site-packages/airflow/example_dags/example_params_ui_tutorial.py
[2024-04-25T13:13:09.302+0000] {logging_mixin.py:154} INFO - [2024-04-25T13:13:09.302+0000] {dag.py:2941} INFO - Sync 1 DAGs
[2024-04-25T13:13:09.320+0000] {logging_mixin.py:154} INFO - [2024-04-25T13:13:09.320+0000] {dag.py:3722} INFO - Setting next_dagrun for example_params_ui_tutorial to None, run_after=None
[2024-04-25T13:13:09.346+0000] {processor.py:179} INFO - Processing /home/airflow/.local/lib/python3.8/site-packages/airflow/example_dags/example_params_ui_tutorial.py took 0.193 seconds
[2024-04-25T13:13:39.437+0000] {processor.py:157} INFO - Started process (PID=1819) to work on /home/airflow/.local/lib/python3.8/site-packages/airflow/example_dags/example_params_ui_tutorial.py
[2024-04-25T13:13:39.439+0000] {processor.py:829} INFO - Processing file /home/airflow/.local/lib/python3.8/site-packages/airflow/example_dags/example_params_ui_tutorial.py for tasks to queue
[2024-04-25T13:13:39.440+0000] {logging_mixin.py:154} INFO - [2024-04-25T13:13:39.440+0000] {dagbag.py:536} INFO - Filling up the DagBag from /home/airflow/.local/lib/python3.8/site-packages/airflow/example_dags/example_params_ui_tutorial.py
[2024-04-25T13:13:39.490+0000] {processor.py:839} INFO - DAG(s) dict_keys(['example_params_ui_tutorial']) retrieved from /home/airflow/.local/lib/python3.8/site-packages/airflow/example_dags/example_params_ui_tutorial.py
[2024-04-25T13:13:39.560+0000] {logging_mixin.py:154} INFO - [2024-04-25T13:13:39.560+0000] {dag.py:2941} INFO - Sync 1 DAGs
[2024-04-25T13:13:39.579+0000] {logging_mixin.py:154} INFO - [2024-04-25T13:13:39.579+0000] {dag.py:3722} INFO - Setting next_dagrun for example_params_ui_tutorial to None, run_after=None
[2024-04-25T13:13:39.607+0000] {processor.py:179} INFO - Processing /home/airflow/.local/lib/python3.8/site-packages/airflow/example_dags/example_params_ui_tutorial.py took 0.176 seconds
[2024-04-25T13:14:09.771+0000] {processor.py:157} INFO - Started process (PID=2063) to work on /home/airflow/.local/lib/python3.8/site-packages/airflow/example_dags/example_params_ui_tutorial.py
[2024-04-25T13:14:09.773+0000] {processor.py:829} INFO - Processing file /home/airflow/.local/lib/python3.8/site-packages/airflow/example_dags/example_params_ui_tutorial.py for tasks to queue
[2024-04-25T13:14:09.774+0000] {logging_mixin.py:154} INFO - [2024-04-25T13:14:09.774+0000] {dagbag.py:536} INFO - Filling up the DagBag from /home/airflow/.local/lib/python3.8/site-packages/airflow/example_dags/example_params_ui_tutorial.py
[2024-04-25T13:14:09.821+0000] {processor.py:839} INFO - DAG(s) dict_keys(['example_params_ui_tutorial']) retrieved from /home/airflow/.local/lib/python3.8/site-packages/airflow/example_dags/example_params_ui_tutorial.py
[2024-04-25T13:14:09.891+0000] {logging_mixin.py:154} INFO - [2024-04-25T13:14:09.890+0000] {dag.py:2941} INFO - Sync 1 DAGs
[2024-04-25T13:14:09.908+0000] {logging_mixin.py:154} INFO - [2024-04-25T13:14:09.907+0000] {dag.py:3722} INFO - Setting next_dagrun for example_params_ui_tutorial to None, run_after=None
[2024-04-25T13:14:09.934+0000] {processor.py:179} INFO - Processing /home/airflow/.local/lib/python3.8/site-packages/airflow/example_dags/example_params_ui_tutorial.py took 0.168 seconds
[2024-04-25T13:14:40.165+0000] {processor.py:157} INFO - Started process (PID=2306) to work on /home/airflow/.local/lib/python3.8/site-packages/airflow/example_dags/example_params_ui_tutorial.py
[2024-04-25T13:14:40.167+0000] {processor.py:829} INFO - Processing file /home/airflow/.local/lib/python3.8/site-packages/airflow/example_dags/example_params_ui_tutorial.py for tasks to queue
[2024-04-25T13:14:40.168+0000] {logging_mixin.py:154} INFO - [2024-04-25T13:14:40.167+0000] {dagbag.py:536} INFO - Filling up the DagBag from /home/airflow/.local/lib/python3.8/site-packages/airflow/example_dags/example_params_ui_tutorial.py
[2024-04-25T13:14:40.222+0000] {processor.py:839} INFO - DAG(s) dict_keys(['example_params_ui_tutorial']) retrieved from /home/airflow/.local/lib/python3.8/site-packages/airflow/example_dags/example_params_ui_tutorial.py
[2024-04-25T13:14:40.294+0000] {logging_mixin.py:154} INFO - [2024-04-25T13:14:40.294+0000] {dag.py:2941} INFO - Sync 1 DAGs
[2024-04-25T13:14:40.311+0000] {logging_mixin.py:154} INFO - [2024-04-25T13:14:40.311+0000] {dag.py:3722} INFO - Setting next_dagrun for example_params_ui_tutorial to None, run_after=None
[2024-04-25T13:14:40.349+0000] {processor.py:179} INFO - Processing /home/airflow/.local/lib/python3.8/site-packages/airflow/example_dags/example_params_ui_tutorial.py took 0.190 seconds
[2024-04-25T13:15:10.594+0000] {processor.py:157} INFO - Started process (PID=2549) to work on /home/airflow/.local/lib/python3.8/site-packages/airflow/example_dags/example_params_ui_tutorial.py
[2024-04-25T13:15:10.597+0000] {processor.py:829} INFO - Processing file /home/airflow/.local/lib/python3.8/site-packages/airflow/example_dags/example_params_ui_tutorial.py for tasks to queue
[2024-04-25T13:15:10.598+0000] {logging_mixin.py:154} INFO - [2024-04-25T13:15:10.598+0000] {dagbag.py:536} INFO - Filling up the DagBag from /home/airflow/.local/lib/python3.8/site-packages/airflow/example_dags/example_params_ui_tutorial.py
[2024-04-25T13:15:10.668+0000] {processor.py:839} INFO - DAG(s) dict_keys(['example_params_ui_tutorial']) retrieved from /home/airflow/.local/lib/python3.8/site-packages/airflow/example_dags/example_params_ui_tutorial.py
[2024-04-25T13:15:10.749+0000] {logging_mixin.py:154} INFO - [2024-04-25T13:15:10.749+0000] {dag.py:2941} INFO - Sync 1 DAGs
[2024-04-25T13:15:10.769+0000] {logging_mixin.py:154} INFO - [2024-04-25T13:15:10.769+0000] {dag.py:3722} INFO - Setting next_dagrun for example_params_ui_tutorial to None, run_after=None
[2024-04-25T13:15:10.796+0000] {processor.py:179} INFO - Processing /home/airflow/.local/lib/python3.8/site-packages/airflow/example_dags/example_params_ui_tutorial.py took 0.211 seconds
[2024-04-25T13:15:41.122+0000] {processor.py:157} INFO - Started process (PID=2790) to work on /home/airflow/.local/lib/python3.8/site-packages/airflow/example_dags/example_params_ui_tutorial.py
[2024-04-25T13:15:41.123+0000] {processor.py:829} INFO - Processing file /home/airflow/.local/lib/python3.8/site-packages/airflow/example_dags/example_params_ui_tutorial.py for tasks to queue
[2024-04-25T13:15:41.124+0000] {logging_mixin.py:154} INFO - [2024-04-25T13:15:41.124+0000] {dagbag.py:536} INFO - Filling up the DagBag from /home/airflow/.local/lib/python3.8/site-packages/airflow/example_dags/example_params_ui_tutorial.py
[2024-04-25T13:15:41.180+0000] {processor.py:839} INFO - DAG(s) dict_keys(['example_params_ui_tutorial']) retrieved from /home/airflow/.local/lib/python3.8/site-packages/airflow/example_dags/example_params_ui_tutorial.py
[2024-04-25T13:15:41.277+0000] {logging_mixin.py:154} INFO - [2024-04-25T13:15:41.277+0000] {dag.py:2941} INFO - Sync 1 DAGs
[2024-04-25T13:15:41.303+0000] {logging_mixin.py:154} INFO - [2024-04-25T13:15:41.302+0000] {dag.py:3722} INFO - Setting next_dagrun for example_params_ui_tutorial to None, run_after=None
[2024-04-25T13:15:41.334+0000] {processor.py:179} INFO - Processing /home/airflow/.local/lib/python3.8/site-packages/airflow/example_dags/example_params_ui_tutorial.py took 0.218 seconds
[2024-04-25T13:16:12.046+0000] {processor.py:157} INFO - Started process (PID=3033) to work on /home/airflow/.local/lib/python3.8/site-packages/airflow/example_dags/example_params_ui_tutorial.py
[2024-04-25T13:16:12.048+0000] {processor.py:829} INFO - Processing file /home/airflow/.local/lib/python3.8/site-packages/airflow/example_dags/example_params_ui_tutorial.py for tasks to queue
[2024-04-25T13:16:12.049+0000] {logging_mixin.py:154} INFO - [2024-04-25T13:16:12.049+0000] {dagbag.py:536} INFO - Filling up the DagBag from /home/airflow/.local/lib/python3.8/site-packages/airflow/example_dags/example_params_ui_tutorial.py
[2024-04-25T13:16:12.116+0000] {processor.py:839} INFO - DAG(s) dict_keys(['example_params_ui_tutorial']) retrieved from /home/airflow/.local/lib/python3.8/site-packages/airflow/example_dags/example_params_ui_tutorial.py
[2024-04-25T13:16:12.205+0000] {logging_mixin.py:154} INFO - [2024-04-25T13:16:12.205+0000] {dag.py:2941} INFO - Sync 1 DAGs
[2024-04-25T13:16:12.227+0000] {logging_mixin.py:154} INFO - [2024-04-25T13:16:12.227+0000] {dag.py:3722} INFO - Setting next_dagrun for example_params_ui_tutorial to None, run_after=None
[2024-04-25T13:16:12.252+0000] {processor.py:179} INFO - Processing /home/airflow/.local/lib/python3.8/site-packages/airflow/example_dags/example_params_ui_tutorial.py took 0.214 seconds
[2024-04-25T13:16:43.223+0000] {processor.py:157} INFO - Started process (PID=3277) to work on /home/airflow/.local/lib/python3.8/site-packages/airflow/example_dags/example_params_ui_tutorial.py
[2024-04-25T13:16:43.225+0000] {processor.py:829} INFO - Processing file /home/airflow/.local/lib/python3.8/site-packages/airflow/example_dags/example_params_ui_tutorial.py for tasks to queue
[2024-04-25T13:16:43.226+0000] {logging_mixin.py:154} INFO - [2024-04-25T13:16:43.225+0000] {dagbag.py:536} INFO - Filling up the DagBag from /home/airflow/.local/lib/python3.8/site-packages/airflow/example_dags/example_params_ui_tutorial.py
[2024-04-25T13:16:43.279+0000] {processor.py:839} INFO - DAG(s) dict_keys(['example_params_ui_tutorial']) retrieved from /home/airflow/.local/lib/python3.8/site-packages/airflow/example_dags/example_params_ui_tutorial.py
[2024-04-25T13:16:43.374+0000] {logging_mixin.py:154} INFO - [2024-04-25T13:16:43.374+0000] {dag.py:2941} INFO - Sync 1 DAGs
[2024-04-25T13:16:43.401+0000] {logging_mixin.py:154} INFO - [2024-04-25T13:16:43.401+0000] {dag.py:3722} INFO - Setting next_dagrun for example_params_ui_tutorial to None, run_after=None
[2024-04-25T13:16:43.430+0000] {processor.py:179} INFO - Processing /home/airflow/.local/lib/python3.8/site-packages/airflow/example_dags/example_params_ui_tutorial.py took 0.214 seconds
[2024-04-25T13:17:14.054+0000] {processor.py:157} INFO - Started process (PID=3522) to work on /home/airflow/.local/lib/python3.8/site-packages/airflow/example_dags/example_params_ui_tutorial.py
[2024-04-25T13:17:14.056+0000] {processor.py:829} INFO - Processing file /home/airflow/.local/lib/python3.8/site-packages/airflow/example_dags/example_params_ui_tutorial.py for tasks to queue
[2024-04-25T13:17:14.057+0000] {logging_mixin.py:154} INFO - [2024-04-25T13:17:14.057+0000] {dagbag.py:536} INFO - Filling up the DagBag from /home/airflow/.local/lib/python3.8/site-packages/airflow/example_dags/example_params_ui_tutorial.py
[2024-04-25T13:17:14.134+0000] {processor.py:839} INFO - DAG(s) dict_keys(['example_params_ui_tutorial']) retrieved from /home/airflow/.local/lib/python3.8/site-packages/airflow/example_dags/example_params_ui_tutorial.py
[2024-04-25T13:17:14.208+0000] {logging_mixin.py:154} INFO - [2024-04-25T13:17:14.208+0000] {dag.py:2941} INFO - Sync 1 DAGs
[2024-04-25T13:17:14.231+0000] {logging_mixin.py:154} INFO - [2024-04-25T13:17:14.231+0000] {dag.py:3722} INFO - Setting next_dagrun for example_params_ui_tutorial to None, run_after=None
[2024-04-25T13:17:14.268+0000] {processor.py:179} INFO - Processing /home/airflow/.local/lib/python3.8/site-packages/airflow/example_dags/example_params_ui_tutorial.py took 0.221 seconds
[2024-04-25T13:17:44.552+0000] {processor.py:157} INFO - Started process (PID=3765) to work on /home/airflow/.local/lib/python3.8/site-packages/airflow/example_dags/example_params_ui_tutorial.py
[2024-04-25T13:17:44.554+0000] {processor.py:829} INFO - Processing file /home/airflow/.local/lib/python3.8/site-packages/airflow/example_dags/example_params_ui_tutorial.py for tasks to queue
[2024-04-25T13:17:44.560+0000] {logging_mixin.py:154} INFO - [2024-04-25T13:17:44.555+0000] {dagbag.py:536} INFO - Filling up the DagBag from /home/airflow/.local/lib/python3.8/site-packages/airflow/example_dags/example_params_ui_tutorial.py
[2024-04-25T13:17:44.626+0000] {processor.py:839} INFO - DAG(s) dict_keys(['example_params_ui_tutorial']) retrieved from /home/airflow/.local/lib/python3.8/site-packages/airflow/example_dags/example_params_ui_tutorial.py
[2024-04-25T13:17:44.728+0000] {logging_mixin.py:154} INFO - [2024-04-25T13:17:44.727+0000] {dag.py:2941} INFO - Sync 1 DAGs
[2024-04-25T13:17:44.747+0000] {logging_mixin.py:154} INFO - [2024-04-25T13:17:44.747+0000] {dag.py:3722} INFO - Setting next_dagrun for example_params_ui_tutorial to None, run_after=None
[2024-04-25T13:17:44.774+0000] {processor.py:179} INFO - Processing /home/airflow/.local/lib/python3.8/site-packages/airflow/example_dags/example_params_ui_tutorial.py took 0.233 seconds
[2024-04-25T13:18:15.623+0000] {processor.py:157} INFO - Started process (PID=4012) to work on /home/airflow/.local/lib/python3.8/site-packages/airflow/example_dags/example_params_ui_tutorial.py
[2024-04-25T13:18:15.626+0000] {processor.py:829} INFO - Processing file /home/airflow/.local/lib/python3.8/site-packages/airflow/example_dags/example_params_ui_tutorial.py for tasks to queue
[2024-04-25T13:18:15.627+0000] {logging_mixin.py:154} INFO - [2024-04-25T13:18:15.626+0000] {dagbag.py:536} INFO - Filling up the DagBag from /home/airflow/.local/lib/python3.8/site-packages/airflow/example_dags/example_params_ui_tutorial.py
[2024-04-25T13:18:15.679+0000] {processor.py:839} INFO - DAG(s) dict_keys(['example_params_ui_tutorial']) retrieved from /home/airflow/.local/lib/python3.8/site-packages/airflow/example_dags/example_params_ui_tutorial.py
[2024-04-25T13:18:15.784+0000] {logging_mixin.py:154} INFO - [2024-04-25T13:18:15.784+0000] {dag.py:2941} INFO - Sync 1 DAGs
[2024-04-25T13:18:15.801+0000] {logging_mixin.py:154} INFO - [2024-04-25T13:18:15.801+0000] {dag.py:3722} INFO - Setting next_dagrun for example_params_ui_tutorial to None, run_after=None
[2024-04-25T13:18:15.857+0000] {processor.py:179} INFO - Processing /home/airflow/.local/lib/python3.8/site-packages/airflow/example_dags/example_params_ui_tutorial.py took 0.240 seconds
[2024-04-25T13:18:46.651+0000] {processor.py:157} INFO - Started process (PID=4259) to work on /home/airflow/.local/lib/python3.8/site-packages/airflow/example_dags/example_params_ui_tutorial.py
[2024-04-25T13:18:46.653+0000] {processor.py:829} INFO - Processing file /home/airflow/.local/lib/python3.8/site-packages/airflow/example_dags/example_params_ui_tutorial.py for tasks to queue
[2024-04-25T13:18:46.654+0000] {logging_mixin.py:154} INFO - [2024-04-25T13:18:46.654+0000] {dagbag.py:536} INFO - Filling up the DagBag from /home/airflow/.local/lib/python3.8/site-packages/airflow/example_dags/example_params_ui_tutorial.py
[2024-04-25T13:18:46.725+0000] {processor.py:839} INFO - DAG(s) dict_keys(['example_params_ui_tutorial']) retrieved from /home/airflow/.local/lib/python3.8/site-packages/airflow/example_dags/example_params_ui_tutorial.py
[2024-04-25T13:18:46.834+0000] {logging_mixin.py:154} INFO - [2024-04-25T13:18:46.834+0000] {dag.py:2941} INFO - Sync 1 DAGs
[2024-04-25T13:18:46.852+0000] {logging_mixin.py:154} INFO - [2024-04-25T13:18:46.851+0000] {dag.py:3722} INFO - Setting next_dagrun for example_params_ui_tutorial to None, run_after=None
[2024-04-25T13:18:46.878+0000] {processor.py:179} INFO - Processing /home/airflow/.local/lib/python3.8/site-packages/airflow/example_dags/example_params_ui_tutorial.py took 0.233 seconds
[2024-04-25T13:27:17.174+0000] {processor.py:157} INFO - Started process (PID=353) to work on /home/airflow/.local/lib/python3.8/site-packages/airflow/example_dags/example_params_ui_tutorial.py
[2024-04-25T13:27:17.176+0000] {processor.py:829} INFO - Processing file /home/airflow/.local/lib/python3.8/site-packages/airflow/example_dags/example_params_ui_tutorial.py for tasks to queue
[2024-04-25T13:27:17.177+0000] {logging_mixin.py:154} INFO - [2024-04-25T13:27:17.177+0000] {dagbag.py:536} INFO - Filling up the DagBag from /home/airflow/.local/lib/python3.8/site-packages/airflow/example_dags/example_params_ui_tutorial.py
[2024-04-25T13:27:17.240+0000] {processor.py:839} INFO - DAG(s) dict_keys(['example_params_ui_tutorial']) retrieved from /home/airflow/.local/lib/python3.8/site-packages/airflow/example_dags/example_params_ui_tutorial.py
[2024-04-25T13:27:17.266+0000] {logging_mixin.py:154} INFO - [2024-04-25T13:27:17.265+0000] {dag.py:2941} INFO - Sync 1 DAGs
[2024-04-25T13:27:17.300+0000] {logging_mixin.py:154} INFO - [2024-04-25T13:27:17.300+0000] {dag.py:3722} INFO - Setting next_dagrun for example_params_ui_tutorial to None, run_after=None
[2024-04-25T13:27:17.337+0000] {processor.py:179} INFO - Processing /home/airflow/.local/lib/python3.8/site-packages/airflow/example_dags/example_params_ui_tutorial.py took 0.169 seconds
[2024-04-25T13:27:47.853+0000] {processor.py:157} INFO - Started process (PID=596) to work on /home/airflow/.local/lib/python3.8/site-packages/airflow/example_dags/example_params_ui_tutorial.py
[2024-04-25T13:27:47.855+0000] {processor.py:829} INFO - Processing file /home/airflow/.local/lib/python3.8/site-packages/airflow/example_dags/example_params_ui_tutorial.py for tasks to queue
[2024-04-25T13:27:47.856+0000] {logging_mixin.py:154} INFO - [2024-04-25T13:27:47.855+0000] {dagbag.py:536} INFO - Filling up the DagBag from /home/airflow/.local/lib/python3.8/site-packages/airflow/example_dags/example_params_ui_tutorial.py
[2024-04-25T13:27:47.943+0000] {processor.py:839} INFO - DAG(s) dict_keys(['example_params_ui_tutorial']) retrieved from /home/airflow/.local/lib/python3.8/site-packages/airflow/example_dags/example_params_ui_tutorial.py
[2024-04-25T13:27:48.028+0000] {logging_mixin.py:154} INFO - [2024-04-25T13:27:48.028+0000] {dag.py:2941} INFO - Sync 1 DAGs
[2024-04-25T13:27:48.053+0000] {logging_mixin.py:154} INFO - [2024-04-25T13:27:48.053+0000] {dag.py:3722} INFO - Setting next_dagrun for example_params_ui_tutorial to None, run_after=None
[2024-04-25T13:27:48.095+0000] {processor.py:179} INFO - Processing /home/airflow/.local/lib/python3.8/site-packages/airflow/example_dags/example_params_ui_tutorial.py took 0.247 seconds
[2024-04-25T13:28:18.180+0000] {processor.py:157} INFO - Started process (PID=839) to work on /home/airflow/.local/lib/python3.8/site-packages/airflow/example_dags/example_params_ui_tutorial.py
[2024-04-25T13:28:18.182+0000] {processor.py:829} INFO - Processing file /home/airflow/.local/lib/python3.8/site-packages/airflow/example_dags/example_params_ui_tutorial.py for tasks to queue
[2024-04-25T13:28:18.183+0000] {logging_mixin.py:154} INFO - [2024-04-25T13:28:18.183+0000] {dagbag.py:536} INFO - Filling up the DagBag from /home/airflow/.local/lib/python3.8/site-packages/airflow/example_dags/example_params_ui_tutorial.py
[2024-04-25T13:28:18.231+0000] {processor.py:839} INFO - DAG(s) dict_keys(['example_params_ui_tutorial']) retrieved from /home/airflow/.local/lib/python3.8/site-packages/airflow/example_dags/example_params_ui_tutorial.py
[2024-04-25T13:28:18.304+0000] {logging_mixin.py:154} INFO - [2024-04-25T13:28:18.304+0000] {dag.py:2941} INFO - Sync 1 DAGs
[2024-04-25T13:28:18.328+0000] {logging_mixin.py:154} INFO - [2024-04-25T13:28:18.328+0000] {dag.py:3722} INFO - Setting next_dagrun for example_params_ui_tutorial to None, run_after=None
[2024-04-25T13:28:18.356+0000] {processor.py:179} INFO - Processing /home/airflow/.local/lib/python3.8/site-packages/airflow/example_dags/example_params_ui_tutorial.py took 0.181 seconds
[2024-04-25T13:28:49.614+0000] {processor.py:157} INFO - Started process (PID=1089) to work on /home/airflow/.local/lib/python3.8/site-packages/airflow/example_dags/example_params_ui_tutorial.py
[2024-04-25T13:28:49.621+0000] {processor.py:829} INFO - Processing file /home/airflow/.local/lib/python3.8/site-packages/airflow/example_dags/example_params_ui_tutorial.py for tasks to queue
[2024-04-25T13:28:49.623+0000] {logging_mixin.py:154} INFO - [2024-04-25T13:28:49.622+0000] {dagbag.py:536} INFO - Filling up the DagBag from /home/airflow/.local/lib/python3.8/site-packages/airflow/example_dags/example_params_ui_tutorial.py
[2024-04-25T13:28:49.718+0000] {processor.py:839} INFO - DAG(s) dict_keys(['example_params_ui_tutorial']) retrieved from /home/airflow/.local/lib/python3.8/site-packages/airflow/example_dags/example_params_ui_tutorial.py
[2024-04-25T13:28:49.854+0000] {logging_mixin.py:154} INFO - [2024-04-25T13:28:49.854+0000] {dag.py:2941} INFO - Sync 1 DAGs
[2024-04-25T13:28:49.887+0000] {logging_mixin.py:154} INFO - [2024-04-25T13:28:49.886+0000] {dag.py:3722} INFO - Setting next_dagrun for example_params_ui_tutorial to None, run_after=None
[2024-04-25T13:28:49.924+0000] {processor.py:179} INFO - Processing /home/airflow/.local/lib/python3.8/site-packages/airflow/example_dags/example_params_ui_tutorial.py took 0.319 seconds
[2024-04-25T13:29:20.850+0000] {processor.py:157} INFO - Started process (PID=1335) to work on /home/airflow/.local/lib/python3.8/site-packages/airflow/example_dags/example_params_ui_tutorial.py
[2024-04-25T13:29:20.856+0000] {processor.py:829} INFO - Processing file /home/airflow/.local/lib/python3.8/site-packages/airflow/example_dags/example_params_ui_tutorial.py for tasks to queue
[2024-04-25T13:29:20.858+0000] {logging_mixin.py:154} INFO - [2024-04-25T13:29:20.857+0000] {dagbag.py:536} INFO - Filling up the DagBag from /home/airflow/.local/lib/python3.8/site-packages/airflow/example_dags/example_params_ui_tutorial.py
[2024-04-25T13:29:20.956+0000] {processor.py:839} INFO - DAG(s) dict_keys(['example_params_ui_tutorial']) retrieved from /home/airflow/.local/lib/python3.8/site-packages/airflow/example_dags/example_params_ui_tutorial.py
[2024-04-25T13:29:21.061+0000] {logging_mixin.py:154} INFO - [2024-04-25T13:29:21.060+0000] {dag.py:2941} INFO - Sync 1 DAGs
[2024-04-25T13:29:21.082+0000] {logging_mixin.py:154} INFO - [2024-04-25T13:29:21.081+0000] {dag.py:3722} INFO - Setting next_dagrun for example_params_ui_tutorial to None, run_after=None
[2024-04-25T13:29:21.107+0000] {processor.py:179} INFO - Processing /home/airflow/.local/lib/python3.8/site-packages/airflow/example_dags/example_params_ui_tutorial.py took 0.265 seconds
[2024-04-25T13:29:51.836+0000] {processor.py:157} INFO - Started process (PID=1578) to work on /home/airflow/.local/lib/python3.8/site-packages/airflow/example_dags/example_params_ui_tutorial.py
[2024-04-25T13:29:51.841+0000] {processor.py:829} INFO - Processing file /home/airflow/.local/lib/python3.8/site-packages/airflow/example_dags/example_params_ui_tutorial.py for tasks to queue
[2024-04-25T13:29:51.842+0000] {logging_mixin.py:154} INFO - [2024-04-25T13:29:51.841+0000] {dagbag.py:536} INFO - Filling up the DagBag from /home/airflow/.local/lib/python3.8/site-packages/airflow/example_dags/example_params_ui_tutorial.py
[2024-04-25T13:29:51.893+0000] {processor.py:839} INFO - DAG(s) dict_keys(['example_params_ui_tutorial']) retrieved from /home/airflow/.local/lib/python3.8/site-packages/airflow/example_dags/example_params_ui_tutorial.py
[2024-04-25T13:29:51.986+0000] {logging_mixin.py:154} INFO - [2024-04-25T13:29:51.985+0000] {dag.py:2941} INFO - Sync 1 DAGs
[2024-04-25T13:29:52.004+0000] {logging_mixin.py:154} INFO - [2024-04-25T13:29:52.004+0000] {dag.py:3722} INFO - Setting next_dagrun for example_params_ui_tutorial to None, run_after=None
[2024-04-25T13:29:52.038+0000] {processor.py:179} INFO - Processing /home/airflow/.local/lib/python3.8/site-packages/airflow/example_dags/example_params_ui_tutorial.py took 0.208 seconds
[2024-04-25T13:30:22.353+0000] {processor.py:157} INFO - Started process (PID=1821) to work on /home/airflow/.local/lib/python3.8/site-packages/airflow/example_dags/example_params_ui_tutorial.py
[2024-04-25T13:30:22.355+0000] {processor.py:829} INFO - Processing file /home/airflow/.local/lib/python3.8/site-packages/airflow/example_dags/example_params_ui_tutorial.py for tasks to queue
[2024-04-25T13:30:22.356+0000] {logging_mixin.py:154} INFO - [2024-04-25T13:30:22.356+0000] {dagbag.py:536} INFO - Filling up the DagBag from /home/airflow/.local/lib/python3.8/site-packages/airflow/example_dags/example_params_ui_tutorial.py
[2024-04-25T13:30:22.410+0000] {processor.py:839} INFO - DAG(s) dict_keys(['example_params_ui_tutorial']) retrieved from /home/airflow/.local/lib/python3.8/site-packages/airflow/example_dags/example_params_ui_tutorial.py
[2024-04-25T13:30:22.502+0000] {logging_mixin.py:154} INFO - [2024-04-25T13:30:22.502+0000] {dag.py:2941} INFO - Sync 1 DAGs
[2024-04-25T13:30:22.525+0000] {logging_mixin.py:154} INFO - [2024-04-25T13:30:22.525+0000] {dag.py:3722} INFO - Setting next_dagrun for example_params_ui_tutorial to None, run_after=None
[2024-04-25T13:30:22.562+0000] {processor.py:179} INFO - Processing /home/airflow/.local/lib/python3.8/site-packages/airflow/example_dags/example_params_ui_tutorial.py took 0.215 seconds
[2024-04-25T13:30:53.047+0000] {processor.py:157} INFO - Started process (PID=2065) to work on /home/airflow/.local/lib/python3.8/site-packages/airflow/example_dags/example_params_ui_tutorial.py
[2024-04-25T13:30:53.048+0000] {processor.py:829} INFO - Processing file /home/airflow/.local/lib/python3.8/site-packages/airflow/example_dags/example_params_ui_tutorial.py for tasks to queue
[2024-04-25T13:30:53.049+0000] {logging_mixin.py:154} INFO - [2024-04-25T13:30:53.049+0000] {dagbag.py:536} INFO - Filling up the DagBag from /home/airflow/.local/lib/python3.8/site-packages/airflow/example_dags/example_params_ui_tutorial.py
[2024-04-25T13:30:53.100+0000] {processor.py:839} INFO - DAG(s) dict_keys(['example_params_ui_tutorial']) retrieved from /home/airflow/.local/lib/python3.8/site-packages/airflow/example_dags/example_params_ui_tutorial.py
[2024-04-25T13:30:53.172+0000] {logging_mixin.py:154} INFO - [2024-04-25T13:30:53.172+0000] {dag.py:2941} INFO - Sync 1 DAGs
[2024-04-25T13:30:53.190+0000] {logging_mixin.py:154} INFO - [2024-04-25T13:30:53.189+0000] {dag.py:3722} INFO - Setting next_dagrun for example_params_ui_tutorial to None, run_after=None
[2024-04-25T13:30:53.217+0000] {processor.py:179} INFO - Processing /home/airflow/.local/lib/python3.8/site-packages/airflow/example_dags/example_params_ui_tutorial.py took 0.176 seconds
[2024-04-25T13:31:23.964+0000] {processor.py:157} INFO - Started process (PID=2308) to work on /home/airflow/.local/lib/python3.8/site-packages/airflow/example_dags/example_params_ui_tutorial.py
[2024-04-25T13:31:23.966+0000] {processor.py:829} INFO - Processing file /home/airflow/.local/lib/python3.8/site-packages/airflow/example_dags/example_params_ui_tutorial.py for tasks to queue
[2024-04-25T13:31:23.967+0000] {logging_mixin.py:154} INFO - [2024-04-25T13:31:23.966+0000] {dagbag.py:536} INFO - Filling up the DagBag from /home/airflow/.local/lib/python3.8/site-packages/airflow/example_dags/example_params_ui_tutorial.py
[2024-04-25T13:31:24.016+0000] {processor.py:839} INFO - DAG(s) dict_keys(['example_params_ui_tutorial']) retrieved from /home/airflow/.local/lib/python3.8/site-packages/airflow/example_dags/example_params_ui_tutorial.py
[2024-04-25T13:31:24.088+0000] {logging_mixin.py:154} INFO - [2024-04-25T13:31:24.088+0000] {dag.py:2941} INFO - Sync 1 DAGs
[2024-04-25T13:31:24.108+0000] {logging_mixin.py:154} INFO - [2024-04-25T13:31:24.108+0000] {dag.py:3722} INFO - Setting next_dagrun for example_params_ui_tutorial to None, run_after=None
[2024-04-25T13:31:24.137+0000] {processor.py:179} INFO - Processing /home/airflow/.local/lib/python3.8/site-packages/airflow/example_dags/example_params_ui_tutorial.py took 0.179 seconds
[2024-04-25T13:31:54.196+0000] {processor.py:157} INFO - Started process (PID=2546) to work on /home/airflow/.local/lib/python3.8/site-packages/airflow/example_dags/example_params_ui_tutorial.py
[2024-04-25T13:31:54.197+0000] {processor.py:829} INFO - Processing file /home/airflow/.local/lib/python3.8/site-packages/airflow/example_dags/example_params_ui_tutorial.py for tasks to queue
[2024-04-25T13:31:54.199+0000] {logging_mixin.py:154} INFO - [2024-04-25T13:31:54.198+0000] {dagbag.py:536} INFO - Filling up the DagBag from /home/airflow/.local/lib/python3.8/site-packages/airflow/example_dags/example_params_ui_tutorial.py
[2024-04-25T13:31:54.249+0000] {processor.py:839} INFO - DAG(s) dict_keys(['example_params_ui_tutorial']) retrieved from /home/airflow/.local/lib/python3.8/site-packages/airflow/example_dags/example_params_ui_tutorial.py
[2024-04-25T13:31:54.326+0000] {logging_mixin.py:154} INFO - [2024-04-25T13:31:54.326+0000] {dag.py:2941} INFO - Sync 1 DAGs
[2024-04-25T13:31:54.345+0000] {logging_mixin.py:154} INFO - [2024-04-25T13:31:54.344+0000] {dag.py:3722} INFO - Setting next_dagrun for example_params_ui_tutorial to None, run_after=None
[2024-04-25T13:31:54.376+0000] {processor.py:179} INFO - Processing /home/airflow/.local/lib/python3.8/site-packages/airflow/example_dags/example_params_ui_tutorial.py took 0.186 seconds
[2024-04-25T13:32:24.796+0000] {processor.py:157} INFO - Started process (PID=2789) to work on /home/airflow/.local/lib/python3.8/site-packages/airflow/example_dags/example_params_ui_tutorial.py
[2024-04-25T13:32:24.798+0000] {processor.py:829} INFO - Processing file /home/airflow/.local/lib/python3.8/site-packages/airflow/example_dags/example_params_ui_tutorial.py for tasks to queue
[2024-04-25T13:32:24.799+0000] {logging_mixin.py:154} INFO - [2024-04-25T13:32:24.799+0000] {dagbag.py:536} INFO - Filling up the DagBag from /home/airflow/.local/lib/python3.8/site-packages/airflow/example_dags/example_params_ui_tutorial.py
[2024-04-25T13:32:24.851+0000] {processor.py:839} INFO - DAG(s) dict_keys(['example_params_ui_tutorial']) retrieved from /home/airflow/.local/lib/python3.8/site-packages/airflow/example_dags/example_params_ui_tutorial.py
[2024-04-25T13:32:24.934+0000] {logging_mixin.py:154} INFO - [2024-04-25T13:32:24.934+0000] {dag.py:2941} INFO - Sync 1 DAGs
[2024-04-25T13:32:24.951+0000] {logging_mixin.py:154} INFO - [2024-04-25T13:32:24.951+0000] {dag.py:3722} INFO - Setting next_dagrun for example_params_ui_tutorial to None, run_after=None
[2024-04-25T13:32:24.982+0000] {processor.py:179} INFO - Processing /home/airflow/.local/lib/python3.8/site-packages/airflow/example_dags/example_params_ui_tutorial.py took 0.194 seconds
[2024-04-25T13:32:55.986+0000] {processor.py:157} INFO - Started process (PID=3042) to work on /home/airflow/.local/lib/python3.8/site-packages/airflow/example_dags/example_params_ui_tutorial.py
[2024-04-25T13:32:55.988+0000] {processor.py:829} INFO - Processing file /home/airflow/.local/lib/python3.8/site-packages/airflow/example_dags/example_params_ui_tutorial.py for tasks to queue
[2024-04-25T13:32:55.990+0000] {logging_mixin.py:154} INFO - [2024-04-25T13:32:55.989+0000] {dagbag.py:536} INFO - Filling up the DagBag from /home/airflow/.local/lib/python3.8/site-packages/airflow/example_dags/example_params_ui_tutorial.py
[2024-04-25T13:32:56.077+0000] {processor.py:839} INFO - DAG(s) dict_keys(['example_params_ui_tutorial']) retrieved from /home/airflow/.local/lib/python3.8/site-packages/airflow/example_dags/example_params_ui_tutorial.py
[2024-04-25T13:32:56.241+0000] {logging_mixin.py:154} INFO - [2024-04-25T13:32:56.240+0000] {dag.py:2941} INFO - Sync 1 DAGs
[2024-04-25T13:32:56.273+0000] {logging_mixin.py:154} INFO - [2024-04-25T13:32:56.273+0000] {dag.py:3722} INFO - Setting next_dagrun for example_params_ui_tutorial to None, run_after=None
[2024-04-25T13:32:56.310+0000] {processor.py:179} INFO - Processing /home/airflow/.local/lib/python3.8/site-packages/airflow/example_dags/example_params_ui_tutorial.py took 0.332 seconds
[2024-04-25T13:33:26.527+0000] {processor.py:157} INFO - Started process (PID=3285) to work on /home/airflow/.local/lib/python3.8/site-packages/airflow/example_dags/example_params_ui_tutorial.py
[2024-04-25T13:33:26.530+0000] {processor.py:829} INFO - Processing file /home/airflow/.local/lib/python3.8/site-packages/airflow/example_dags/example_params_ui_tutorial.py for tasks to queue
[2024-04-25T13:33:26.532+0000] {logging_mixin.py:154} INFO - [2024-04-25T13:33:26.531+0000] {dagbag.py:536} INFO - Filling up the DagBag from /home/airflow/.local/lib/python3.8/site-packages/airflow/example_dags/example_params_ui_tutorial.py
[2024-04-25T13:33:26.622+0000] {processor.py:839} INFO - DAG(s) dict_keys(['example_params_ui_tutorial']) retrieved from /home/airflow/.local/lib/python3.8/site-packages/airflow/example_dags/example_params_ui_tutorial.py
[2024-04-25T13:33:26.720+0000] {logging_mixin.py:154} INFO - [2024-04-25T13:33:26.720+0000] {dag.py:2941} INFO - Sync 1 DAGs
[2024-04-25T13:33:26.745+0000] {logging_mixin.py:154} INFO - [2024-04-25T13:33:26.745+0000] {dag.py:3722} INFO - Setting next_dagrun for example_params_ui_tutorial to None, run_after=None
[2024-04-25T13:33:26.780+0000] {processor.py:179} INFO - Processing /home/airflow/.local/lib/python3.8/site-packages/airflow/example_dags/example_params_ui_tutorial.py took 0.269 seconds
[2024-04-25T13:34:01.711+0000] {processor.py:157} INFO - Started process (PID=3537) to work on /home/airflow/.local/lib/python3.8/site-packages/airflow/example_dags/example_params_ui_tutorial.py
[2024-04-25T13:34:01.717+0000] {processor.py:829} INFO - Processing file /home/airflow/.local/lib/python3.8/site-packages/airflow/example_dags/example_params_ui_tutorial.py for tasks to queue
[2024-04-25T13:34:01.721+0000] {logging_mixin.py:154} INFO - [2024-04-25T13:34:01.719+0000] {dagbag.py:536} INFO - Filling up the DagBag from /home/airflow/.local/lib/python3.8/site-packages/airflow/example_dags/example_params_ui_tutorial.py
[2024-04-25T13:34:01.885+0000] {processor.py:839} INFO - DAG(s) dict_keys(['example_params_ui_tutorial']) retrieved from /home/airflow/.local/lib/python3.8/site-packages/airflow/example_dags/example_params_ui_tutorial.py
[2024-04-25T13:34:02.170+0000] {logging_mixin.py:154} INFO - [2024-04-25T13:34:02.170+0000] {dag.py:2941} INFO - Sync 1 DAGs
[2024-04-25T13:34:02.227+0000] {logging_mixin.py:154} INFO - [2024-04-25T13:34:02.226+0000] {dag.py:3722} INFO - Setting next_dagrun for example_params_ui_tutorial to None, run_after=None
[2024-04-25T13:34:02.323+0000] {processor.py:179} INFO - Processing /home/airflow/.local/lib/python3.8/site-packages/airflow/example_dags/example_params_ui_tutorial.py took 0.628 seconds
[2024-04-25T13:34:33.166+0000] {processor.py:157} INFO - Started process (PID=3782) to work on /home/airflow/.local/lib/python3.8/site-packages/airflow/example_dags/example_params_ui_tutorial.py
[2024-04-25T13:34:33.168+0000] {processor.py:829} INFO - Processing file /home/airflow/.local/lib/python3.8/site-packages/airflow/example_dags/example_params_ui_tutorial.py for tasks to queue
[2024-04-25T13:34:33.170+0000] {logging_mixin.py:154} INFO - [2024-04-25T13:34:33.169+0000] {dagbag.py:536} INFO - Filling up the DagBag from /home/airflow/.local/lib/python3.8/site-packages/airflow/example_dags/example_params_ui_tutorial.py
[2024-04-25T13:34:33.231+0000] {processor.py:839} INFO - DAG(s) dict_keys(['example_params_ui_tutorial']) retrieved from /home/airflow/.local/lib/python3.8/site-packages/airflow/example_dags/example_params_ui_tutorial.py
[2024-04-25T13:34:33.319+0000] {logging_mixin.py:154} INFO - [2024-04-25T13:34:33.318+0000] {dag.py:2941} INFO - Sync 1 DAGs
[2024-04-25T13:34:33.337+0000] {logging_mixin.py:154} INFO - [2024-04-25T13:34:33.336+0000] {dag.py:3722} INFO - Setting next_dagrun for example_params_ui_tutorial to None, run_after=None
[2024-04-25T13:34:33.368+0000] {processor.py:179} INFO - Processing /home/airflow/.local/lib/python3.8/site-packages/airflow/example_dags/example_params_ui_tutorial.py took 0.207 seconds
[2024-04-25T13:35:04.025+0000] {processor.py:157} INFO - Started process (PID=4026) to work on /home/airflow/.local/lib/python3.8/site-packages/airflow/example_dags/example_params_ui_tutorial.py
[2024-04-25T13:35:04.026+0000] {processor.py:829} INFO - Processing file /home/airflow/.local/lib/python3.8/site-packages/airflow/example_dags/example_params_ui_tutorial.py for tasks to queue
[2024-04-25T13:35:04.027+0000] {logging_mixin.py:154} INFO - [2024-04-25T13:35:04.027+0000] {dagbag.py:536} INFO - Filling up the DagBag from /home/airflow/.local/lib/python3.8/site-packages/airflow/example_dags/example_params_ui_tutorial.py
[2024-04-25T13:35:04.082+0000] {processor.py:839} INFO - DAG(s) dict_keys(['example_params_ui_tutorial']) retrieved from /home/airflow/.local/lib/python3.8/site-packages/airflow/example_dags/example_params_ui_tutorial.py
[2024-04-25T13:35:04.165+0000] {logging_mixin.py:154} INFO - [2024-04-25T13:35:04.165+0000] {dag.py:2941} INFO - Sync 1 DAGs
[2024-04-25T13:35:04.182+0000] {logging_mixin.py:154} INFO - [2024-04-25T13:35:04.182+0000] {dag.py:3722} INFO - Setting next_dagrun for example_params_ui_tutorial to None, run_after=None
[2024-04-25T13:35:04.207+0000] {processor.py:179} INFO - Processing /home/airflow/.local/lib/python3.8/site-packages/airflow/example_dags/example_params_ui_tutorial.py took 0.188 seconds
[2024-04-25T13:35:34.362+0000] {processor.py:157} INFO - Started process (PID=4270) to work on /home/airflow/.local/lib/python3.8/site-packages/airflow/example_dags/example_params_ui_tutorial.py
[2024-04-25T13:35:34.365+0000] {processor.py:829} INFO - Processing file /home/airflow/.local/lib/python3.8/site-packages/airflow/example_dags/example_params_ui_tutorial.py for tasks to queue
[2024-04-25T13:35:34.367+0000] {logging_mixin.py:154} INFO - [2024-04-25T13:35:34.366+0000] {dagbag.py:536} INFO - Filling up the DagBag from /home/airflow/.local/lib/python3.8/site-packages/airflow/example_dags/example_params_ui_tutorial.py
[2024-04-25T13:35:34.451+0000] {processor.py:839} INFO - DAG(s) dict_keys(['example_params_ui_tutorial']) retrieved from /home/airflow/.local/lib/python3.8/site-packages/airflow/example_dags/example_params_ui_tutorial.py
[2024-04-25T13:35:34.553+0000] {logging_mixin.py:154} INFO - [2024-04-25T13:35:34.553+0000] {dag.py:2941} INFO - Sync 1 DAGs
[2024-04-25T13:35:34.582+0000] {logging_mixin.py:154} INFO - [2024-04-25T13:35:34.581+0000] {dag.py:3722} INFO - Setting next_dagrun for example_params_ui_tutorial to None, run_after=None
[2024-04-25T13:35:34.619+0000] {processor.py:179} INFO - Processing /home/airflow/.local/lib/python3.8/site-packages/airflow/example_dags/example_params_ui_tutorial.py took 0.266 seconds
[2024-04-25T13:49:28.309+0000] {processor.py:157} INFO - Started process (PID=353) to work on /home/airflow/.local/lib/python3.8/site-packages/airflow/example_dags/example_params_ui_tutorial.py
[2024-04-25T13:49:28.311+0000] {processor.py:829} INFO - Processing file /home/airflow/.local/lib/python3.8/site-packages/airflow/example_dags/example_params_ui_tutorial.py for tasks to queue
[2024-04-25T13:49:28.312+0000] {logging_mixin.py:154} INFO - [2024-04-25T13:49:28.312+0000] {dagbag.py:536} INFO - Filling up the DagBag from /home/airflow/.local/lib/python3.8/site-packages/airflow/example_dags/example_params_ui_tutorial.py
[2024-04-25T13:49:28.362+0000] {processor.py:839} INFO - DAG(s) dict_keys(['example_params_ui_tutorial']) retrieved from /home/airflow/.local/lib/python3.8/site-packages/airflow/example_dags/example_params_ui_tutorial.py
[2024-04-25T13:49:28.379+0000] {logging_mixin.py:154} INFO - [2024-04-25T13:49:28.379+0000] {dag.py:2941} INFO - Sync 1 DAGs
[2024-04-25T13:49:28.401+0000] {logging_mixin.py:154} INFO - [2024-04-25T13:49:28.401+0000] {dag.py:3722} INFO - Setting next_dagrun for example_params_ui_tutorial to None, run_after=None
[2024-04-25T13:49:28.426+0000] {processor.py:179} INFO - Processing /home/airflow/.local/lib/python3.8/site-packages/airflow/example_dags/example_params_ui_tutorial.py took 0.123 seconds
[2024-04-25T13:49:59.529+0000] {processor.py:157} INFO - Started process (PID=597) to work on /home/airflow/.local/lib/python3.8/site-packages/airflow/example_dags/example_params_ui_tutorial.py
[2024-04-25T13:49:59.531+0000] {processor.py:829} INFO - Processing file /home/airflow/.local/lib/python3.8/site-packages/airflow/example_dags/example_params_ui_tutorial.py for tasks to queue
[2024-04-25T13:49:59.532+0000] {logging_mixin.py:154} INFO - [2024-04-25T13:49:59.532+0000] {dagbag.py:536} INFO - Filling up the DagBag from /home/airflow/.local/lib/python3.8/site-packages/airflow/example_dags/example_params_ui_tutorial.py
[2024-04-25T13:49:59.611+0000] {processor.py:839} INFO - DAG(s) dict_keys(['example_params_ui_tutorial']) retrieved from /home/airflow/.local/lib/python3.8/site-packages/airflow/example_dags/example_params_ui_tutorial.py
[2024-04-25T13:49:59.712+0000] {logging_mixin.py:154} INFO - [2024-04-25T13:49:59.712+0000] {dag.py:2941} INFO - Sync 1 DAGs
[2024-04-25T13:49:59.731+0000] {logging_mixin.py:154} INFO - [2024-04-25T13:49:59.731+0000] {dag.py:3722} INFO - Setting next_dagrun for example_params_ui_tutorial to None, run_after=None
[2024-04-25T13:49:59.764+0000] {processor.py:179} INFO - Processing /home/airflow/.local/lib/python3.8/site-packages/airflow/example_dags/example_params_ui_tutorial.py took 0.242 seconds
[2024-04-25T13:50:29.915+0000] {processor.py:157} INFO - Started process (PID=840) to work on /home/airflow/.local/lib/python3.8/site-packages/airflow/example_dags/example_params_ui_tutorial.py
[2024-04-25T13:50:29.919+0000] {processor.py:829} INFO - Processing file /home/airflow/.local/lib/python3.8/site-packages/airflow/example_dags/example_params_ui_tutorial.py for tasks to queue
[2024-04-25T13:50:29.921+0000] {logging_mixin.py:154} INFO - [2024-04-25T13:50:29.920+0000] {dagbag.py:536} INFO - Filling up the DagBag from /home/airflow/.local/lib/python3.8/site-packages/airflow/example_dags/example_params_ui_tutorial.py
[2024-04-25T13:50:30.005+0000] {processor.py:839} INFO - DAG(s) dict_keys(['example_params_ui_tutorial']) retrieved from /home/airflow/.local/lib/python3.8/site-packages/airflow/example_dags/example_params_ui_tutorial.py
[2024-04-25T13:50:30.116+0000] {logging_mixin.py:154} INFO - [2024-04-25T13:50:30.115+0000] {dag.py:2941} INFO - Sync 1 DAGs
[2024-04-25T13:50:30.142+0000] {logging_mixin.py:154} INFO - [2024-04-25T13:50:30.141+0000] {dag.py:3722} INFO - Setting next_dagrun for example_params_ui_tutorial to None, run_after=None
[2024-04-25T13:50:30.175+0000] {processor.py:179} INFO - Processing /home/airflow/.local/lib/python3.8/site-packages/airflow/example_dags/example_params_ui_tutorial.py took 0.266 seconds
[2024-04-25T13:51:01.193+0000] {processor.py:157} INFO - Started process (PID=1083) to work on /home/airflow/.local/lib/python3.8/site-packages/airflow/example_dags/example_params_ui_tutorial.py
[2024-04-25T13:51:01.197+0000] {processor.py:829} INFO - Processing file /home/airflow/.local/lib/python3.8/site-packages/airflow/example_dags/example_params_ui_tutorial.py for tasks to queue
[2024-04-25T13:51:01.199+0000] {logging_mixin.py:154} INFO - [2024-04-25T13:51:01.198+0000] {dagbag.py:536} INFO - Filling up the DagBag from /home/airflow/.local/lib/python3.8/site-packages/airflow/example_dags/example_params_ui_tutorial.py
[2024-04-25T13:51:01.274+0000] {processor.py:839} INFO - DAG(s) dict_keys(['example_params_ui_tutorial']) retrieved from /home/airflow/.local/lib/python3.8/site-packages/airflow/example_dags/example_params_ui_tutorial.py
[2024-04-25T13:51:01.384+0000] {logging_mixin.py:154} INFO - [2024-04-25T13:51:01.384+0000] {dag.py:2941} INFO - Sync 1 DAGs
[2024-04-25T13:51:01.404+0000] {logging_mixin.py:154} INFO - [2024-04-25T13:51:01.404+0000] {dag.py:3722} INFO - Setting next_dagrun for example_params_ui_tutorial to None, run_after=None
[2024-04-25T13:51:01.434+0000] {processor.py:179} INFO - Processing /home/airflow/.local/lib/python3.8/site-packages/airflow/example_dags/example_params_ui_tutorial.py took 0.248 seconds
[2024-04-25T13:51:31.529+0000] {processor.py:157} INFO - Started process (PID=1321) to work on /home/airflow/.local/lib/python3.8/site-packages/airflow/example_dags/example_params_ui_tutorial.py
[2024-04-25T13:51:31.531+0000] {processor.py:829} INFO - Processing file /home/airflow/.local/lib/python3.8/site-packages/airflow/example_dags/example_params_ui_tutorial.py for tasks to queue
[2024-04-25T13:51:31.532+0000] {logging_mixin.py:154} INFO - [2024-04-25T13:51:31.532+0000] {dagbag.py:536} INFO - Filling up the DagBag from /home/airflow/.local/lib/python3.8/site-packages/airflow/example_dags/example_params_ui_tutorial.py
[2024-04-25T13:51:31.579+0000] {processor.py:839} INFO - DAG(s) dict_keys(['example_params_ui_tutorial']) retrieved from /home/airflow/.local/lib/python3.8/site-packages/airflow/example_dags/example_params_ui_tutorial.py
[2024-04-25T13:51:31.649+0000] {logging_mixin.py:154} INFO - [2024-04-25T13:51:31.649+0000] {dag.py:2941} INFO - Sync 1 DAGs
[2024-04-25T13:51:31.667+0000] {logging_mixin.py:154} INFO - [2024-04-25T13:51:31.667+0000] {dag.py:3722} INFO - Setting next_dagrun for example_params_ui_tutorial to None, run_after=None
[2024-04-25T13:51:31.694+0000] {processor.py:179} INFO - Processing /home/airflow/.local/lib/python3.8/site-packages/airflow/example_dags/example_params_ui_tutorial.py took 0.173 seconds
[2024-04-25T13:52:02.137+0000] {processor.py:157} INFO - Started process (PID=1566) to work on /home/airflow/.local/lib/python3.8/site-packages/airflow/example_dags/example_params_ui_tutorial.py
[2024-04-25T13:52:02.138+0000] {processor.py:829} INFO - Processing file /home/airflow/.local/lib/python3.8/site-packages/airflow/example_dags/example_params_ui_tutorial.py for tasks to queue
[2024-04-25T13:52:02.140+0000] {logging_mixin.py:154} INFO - [2024-04-25T13:52:02.139+0000] {dagbag.py:536} INFO - Filling up the DagBag from /home/airflow/.local/lib/python3.8/site-packages/airflow/example_dags/example_params_ui_tutorial.py
[2024-04-25T13:52:02.193+0000] {processor.py:839} INFO - DAG(s) dict_keys(['example_params_ui_tutorial']) retrieved from /home/airflow/.local/lib/python3.8/site-packages/airflow/example_dags/example_params_ui_tutorial.py
[2024-04-25T13:52:02.265+0000] {logging_mixin.py:154} INFO - [2024-04-25T13:52:02.265+0000] {dag.py:2941} INFO - Sync 1 DAGs
[2024-04-25T13:52:02.286+0000] {logging_mixin.py:154} INFO - [2024-04-25T13:52:02.286+0000] {dag.py:3722} INFO - Setting next_dagrun for example_params_ui_tutorial to None, run_after=None
[2024-04-25T13:52:02.313+0000] {processor.py:179} INFO - Processing /home/airflow/.local/lib/python3.8/site-packages/airflow/example_dags/example_params_ui_tutorial.py took 0.184 seconds
[2024-04-25T13:52:33.535+0000] {processor.py:157} INFO - Started process (PID=1817) to work on /home/airflow/.local/lib/python3.8/site-packages/airflow/example_dags/example_params_ui_tutorial.py
[2024-04-25T13:52:33.538+0000] {processor.py:829} INFO - Processing file /home/airflow/.local/lib/python3.8/site-packages/airflow/example_dags/example_params_ui_tutorial.py for tasks to queue
[2024-04-25T13:52:33.539+0000] {logging_mixin.py:154} INFO - [2024-04-25T13:52:33.538+0000] {dagbag.py:536} INFO - Filling up the DagBag from /home/airflow/.local/lib/python3.8/site-packages/airflow/example_dags/example_params_ui_tutorial.py
[2024-04-25T13:52:33.618+0000] {processor.py:839} INFO - DAG(s) dict_keys(['example_params_ui_tutorial']) retrieved from /home/airflow/.local/lib/python3.8/site-packages/airflow/example_dags/example_params_ui_tutorial.py
[2024-04-25T13:52:33.761+0000] {logging_mixin.py:154} INFO - [2024-04-25T13:52:33.760+0000] {dag.py:2941} INFO - Sync 1 DAGs
[2024-04-25T13:52:33.793+0000] {logging_mixin.py:154} INFO - [2024-04-25T13:52:33.793+0000] {dag.py:3722} INFO - Setting next_dagrun for example_params_ui_tutorial to None, run_after=None
[2024-04-25T13:52:33.837+0000] {processor.py:179} INFO - Processing /home/airflow/.local/lib/python3.8/site-packages/airflow/example_dags/example_params_ui_tutorial.py took 0.307 seconds
[2024-04-25T13:53:05.990+0000] {processor.py:157} INFO - Started process (PID=2062) to work on /home/airflow/.local/lib/python3.8/site-packages/airflow/example_dags/example_params_ui_tutorial.py
[2024-04-25T13:53:05.992+0000] {processor.py:829} INFO - Processing file /home/airflow/.local/lib/python3.8/site-packages/airflow/example_dags/example_params_ui_tutorial.py for tasks to queue
[2024-04-25T13:53:05.994+0000] {logging_mixin.py:154} INFO - [2024-04-25T13:53:05.993+0000] {dagbag.py:536} INFO - Filling up the DagBag from /home/airflow/.local/lib/python3.8/site-packages/airflow/example_dags/example_params_ui_tutorial.py
[2024-04-25T13:53:06.086+0000] {processor.py:839} INFO - DAG(s) dict_keys(['example_params_ui_tutorial']) retrieved from /home/airflow/.local/lib/python3.8/site-packages/airflow/example_dags/example_params_ui_tutorial.py
[2024-04-25T13:53:06.305+0000] {logging_mixin.py:154} INFO - [2024-04-25T13:53:06.305+0000] {dag.py:2941} INFO - Sync 1 DAGs
[2024-04-25T13:53:06.353+0000] {logging_mixin.py:154} INFO - [2024-04-25T13:53:06.353+0000] {dag.py:3722} INFO - Setting next_dagrun for example_params_ui_tutorial to None, run_after=None
[2024-04-25T13:53:06.443+0000] {processor.py:179} INFO - Processing /home/airflow/.local/lib/python3.8/site-packages/airflow/example_dags/example_params_ui_tutorial.py took 0.461 seconds
[2024-04-25T13:53:36.995+0000] {processor.py:157} INFO - Started process (PID=2302) to work on /home/airflow/.local/lib/python3.8/site-packages/airflow/example_dags/example_params_ui_tutorial.py
[2024-04-25T13:53:36.997+0000] {processor.py:829} INFO - Processing file /home/airflow/.local/lib/python3.8/site-packages/airflow/example_dags/example_params_ui_tutorial.py for tasks to queue
[2024-04-25T13:53:36.998+0000] {logging_mixin.py:154} INFO - [2024-04-25T13:53:36.998+0000] {dagbag.py:536} INFO - Filling up the DagBag from /home/airflow/.local/lib/python3.8/site-packages/airflow/example_dags/example_params_ui_tutorial.py
[2024-04-25T13:53:37.078+0000] {processor.py:839} INFO - DAG(s) dict_keys(['example_params_ui_tutorial']) retrieved from /home/airflow/.local/lib/python3.8/site-packages/airflow/example_dags/example_params_ui_tutorial.py
[2024-04-25T13:53:37.181+0000] {logging_mixin.py:154} INFO - [2024-04-25T13:53:37.181+0000] {dag.py:2941} INFO - Sync 1 DAGs
[2024-04-25T13:53:37.200+0000] {logging_mixin.py:154} INFO - [2024-04-25T13:53:37.199+0000] {dag.py:3722} INFO - Setting next_dagrun for example_params_ui_tutorial to None, run_after=None
[2024-04-25T13:53:37.226+0000] {processor.py:179} INFO - Processing /home/airflow/.local/lib/python3.8/site-packages/airflow/example_dags/example_params_ui_tutorial.py took 0.237 seconds
