[2024-04-25T12:38:01.731+0000] {processor.py:157} INFO - Started process (PID=263) to work on /home/airflow/.local/lib/python3.8/site-packages/airflow/example_dags/example_sensor_decorator.py
[2024-04-25T12:38:01.732+0000] {processor.py:829} INFO - Processing file /home/airflow/.local/lib/python3.8/site-packages/airflow/example_dags/example_sensor_decorator.py for tasks to queue
[2024-04-25T12:38:01.734+0000] {logging_mixin.py:154} INFO - [2024-04-25T12:38:01.733+0000] {dagbag.py:536} INFO - Filling up the DagBag from /home/airflow/.local/lib/python3.8/site-packages/airflow/example_dags/example_sensor_decorator.py
[2024-04-25T12:38:01.745+0000] {processor.py:839} INFO - DAG(s) dict_keys(['example_sensor_decorator']) retrieved from /home/airflow/.local/lib/python3.8/site-packages/airflow/example_dags/example_sensor_decorator.py
[2024-04-25T12:38:01.963+0000] {logging_mixin.py:154} INFO - [2024-04-25T12:38:01.962+0000] {manager.py:499} INFO - Created Permission View: %s
[2024-04-25T12:38:01.984+0000] {logging_mixin.py:154} INFO - [2024-04-25T12:38:01.984+0000] {manager.py:499} INFO - Created Permission View: %s
[2024-04-25T12:38:02.002+0000] {logging_mixin.py:154} INFO - [2024-04-25T12:38:02.001+0000] {manager.py:499} INFO - Created Permission View: %s
[2024-04-25T12:38:02.002+0000] {logging_mixin.py:154} INFO - [2024-04-25T12:38:02.002+0000] {dag.py:2941} INFO - Sync 1 DAGs
[2024-04-25T12:38:02.019+0000] {logging_mixin.py:154} INFO - [2024-04-25T12:38:02.018+0000] {dag.py:2963} INFO - Creating ORM DAG for example_sensor_decorator
[2024-04-25T12:38:02.019+0000] {logging_mixin.py:154} INFO - [2024-04-25T12:38:02.019+0000] {dag.py:3722} INFO - Setting next_dagrun for example_sensor_decorator to None, run_after=None
[2024-04-25T12:38:02.057+0000] {processor.py:179} INFO - Processing /home/airflow/.local/lib/python3.8/site-packages/airflow/example_dags/example_sensor_decorator.py took 0.332 seconds
[2024-04-25T12:38:32.741+0000] {processor.py:157} INFO - Started process (PID=508) to work on /home/airflow/.local/lib/python3.8/site-packages/airflow/example_dags/example_sensor_decorator.py
[2024-04-25T12:38:32.743+0000] {processor.py:829} INFO - Processing file /home/airflow/.local/lib/python3.8/site-packages/airflow/example_dags/example_sensor_decorator.py for tasks to queue
[2024-04-25T12:38:32.745+0000] {logging_mixin.py:154} INFO - [2024-04-25T12:38:32.744+0000] {dagbag.py:536} INFO - Filling up the DagBag from /home/airflow/.local/lib/python3.8/site-packages/airflow/example_dags/example_sensor_decorator.py
[2024-04-25T12:38:32.759+0000] {processor.py:839} INFO - DAG(s) dict_keys(['example_sensor_decorator']) retrieved from /home/airflow/.local/lib/python3.8/site-packages/airflow/example_dags/example_sensor_decorator.py
[2024-04-25T12:38:32.802+0000] {logging_mixin.py:154} INFO - [2024-04-25T12:38:32.802+0000] {dag.py:2941} INFO - Sync 1 DAGs
[2024-04-25T12:38:32.829+0000] {logging_mixin.py:154} INFO - [2024-04-25T12:38:32.828+0000] {dag.py:3722} INFO - Setting next_dagrun for example_sensor_decorator to None, run_after=None
[2024-04-25T12:38:32.861+0000] {processor.py:179} INFO - Processing /home/airflow/.local/lib/python3.8/site-packages/airflow/example_dags/example_sensor_decorator.py took 0.129 seconds
[2024-04-25T12:39:03.269+0000] {processor.py:157} INFO - Started process (PID=752) to work on /home/airflow/.local/lib/python3.8/site-packages/airflow/example_dags/example_sensor_decorator.py
[2024-04-25T12:39:03.270+0000] {processor.py:829} INFO - Processing file /home/airflow/.local/lib/python3.8/site-packages/airflow/example_dags/example_sensor_decorator.py for tasks to queue
[2024-04-25T12:39:03.272+0000] {logging_mixin.py:154} INFO - [2024-04-25T12:39:03.271+0000] {dagbag.py:536} INFO - Filling up the DagBag from /home/airflow/.local/lib/python3.8/site-packages/airflow/example_dags/example_sensor_decorator.py
[2024-04-25T12:39:03.285+0000] {processor.py:839} INFO - DAG(s) dict_keys(['example_sensor_decorator']) retrieved from /home/airflow/.local/lib/python3.8/site-packages/airflow/example_dags/example_sensor_decorator.py
[2024-04-25T12:39:03.325+0000] {logging_mixin.py:154} INFO - [2024-04-25T12:39:03.325+0000] {dag.py:2941} INFO - Sync 1 DAGs
[2024-04-25T12:39:03.343+0000] {logging_mixin.py:154} INFO - [2024-04-25T12:39:03.343+0000] {dag.py:3722} INFO - Setting next_dagrun for example_sensor_decorator to None, run_after=None
[2024-04-25T12:39:03.370+0000] {processor.py:179} INFO - Processing /home/airflow/.local/lib/python3.8/site-packages/airflow/example_dags/example_sensor_decorator.py took 0.110 seconds
[2024-04-25T12:39:33.711+0000] {processor.py:157} INFO - Started process (PID=995) to work on /home/airflow/.local/lib/python3.8/site-packages/airflow/example_dags/example_sensor_decorator.py
[2024-04-25T12:39:33.713+0000] {processor.py:829} INFO - Processing file /home/airflow/.local/lib/python3.8/site-packages/airflow/example_dags/example_sensor_decorator.py for tasks to queue
[2024-04-25T12:39:33.714+0000] {logging_mixin.py:154} INFO - [2024-04-25T12:39:33.714+0000] {dagbag.py:536} INFO - Filling up the DagBag from /home/airflow/.local/lib/python3.8/site-packages/airflow/example_dags/example_sensor_decorator.py
[2024-04-25T12:39:33.724+0000] {processor.py:839} INFO - DAG(s) dict_keys(['example_sensor_decorator']) retrieved from /home/airflow/.local/lib/python3.8/site-packages/airflow/example_dags/example_sensor_decorator.py
[2024-04-25T12:39:33.761+0000] {logging_mixin.py:154} INFO - [2024-04-25T12:39:33.761+0000] {dag.py:2941} INFO - Sync 1 DAGs
[2024-04-25T12:39:33.781+0000] {logging_mixin.py:154} INFO - [2024-04-25T12:39:33.781+0000] {dag.py:3722} INFO - Setting next_dagrun for example_sensor_decorator to None, run_after=None
[2024-04-25T12:39:33.807+0000] {processor.py:179} INFO - Processing /home/airflow/.local/lib/python3.8/site-packages/airflow/example_dags/example_sensor_decorator.py took 0.101 seconds
[2024-04-25T12:40:04.017+0000] {processor.py:157} INFO - Started process (PID=1238) to work on /home/airflow/.local/lib/python3.8/site-packages/airflow/example_dags/example_sensor_decorator.py
[2024-04-25T12:40:04.020+0000] {processor.py:829} INFO - Processing file /home/airflow/.local/lib/python3.8/site-packages/airflow/example_dags/example_sensor_decorator.py for tasks to queue
[2024-04-25T12:40:04.021+0000] {logging_mixin.py:154} INFO - [2024-04-25T12:40:04.021+0000] {dagbag.py:536} INFO - Filling up the DagBag from /home/airflow/.local/lib/python3.8/site-packages/airflow/example_dags/example_sensor_decorator.py
[2024-04-25T12:40:04.034+0000] {processor.py:839} INFO - DAG(s) dict_keys(['example_sensor_decorator']) retrieved from /home/airflow/.local/lib/python3.8/site-packages/airflow/example_dags/example_sensor_decorator.py
[2024-04-25T12:40:04.074+0000] {logging_mixin.py:154} INFO - [2024-04-25T12:40:04.074+0000] {dag.py:2941} INFO - Sync 1 DAGs
[2024-04-25T12:40:04.101+0000] {logging_mixin.py:154} INFO - [2024-04-25T12:40:04.100+0000] {dag.py:3722} INFO - Setting next_dagrun for example_sensor_decorator to None, run_after=None
[2024-04-25T12:40:04.129+0000] {processor.py:179} INFO - Processing /home/airflow/.local/lib/python3.8/site-packages/airflow/example_dags/example_sensor_decorator.py took 0.120 seconds
[2024-04-25T12:40:34.609+0000] {processor.py:157} INFO - Started process (PID=1481) to work on /home/airflow/.local/lib/python3.8/site-packages/airflow/example_dags/example_sensor_decorator.py
[2024-04-25T12:40:34.611+0000] {processor.py:829} INFO - Processing file /home/airflow/.local/lib/python3.8/site-packages/airflow/example_dags/example_sensor_decorator.py for tasks to queue
[2024-04-25T12:40:34.613+0000] {logging_mixin.py:154} INFO - [2024-04-25T12:40:34.613+0000] {dagbag.py:536} INFO - Filling up the DagBag from /home/airflow/.local/lib/python3.8/site-packages/airflow/example_dags/example_sensor_decorator.py
[2024-04-25T12:40:34.627+0000] {processor.py:839} INFO - DAG(s) dict_keys(['example_sensor_decorator']) retrieved from /home/airflow/.local/lib/python3.8/site-packages/airflow/example_dags/example_sensor_decorator.py
[2024-04-25T12:40:34.667+0000] {logging_mixin.py:154} INFO - [2024-04-25T12:40:34.667+0000] {dag.py:2941} INFO - Sync 1 DAGs
[2024-04-25T12:40:34.693+0000] {logging_mixin.py:154} INFO - [2024-04-25T12:40:34.693+0000] {dag.py:3722} INFO - Setting next_dagrun for example_sensor_decorator to None, run_after=None
[2024-04-25T12:40:34.728+0000] {processor.py:179} INFO - Processing /home/airflow/.local/lib/python3.8/site-packages/airflow/example_dags/example_sensor_decorator.py took 0.127 seconds
[2024-04-25T12:41:05.600+0000] {processor.py:157} INFO - Started process (PID=1724) to work on /home/airflow/.local/lib/python3.8/site-packages/airflow/example_dags/example_sensor_decorator.py
[2024-04-25T12:41:05.602+0000] {processor.py:829} INFO - Processing file /home/airflow/.local/lib/python3.8/site-packages/airflow/example_dags/example_sensor_decorator.py for tasks to queue
[2024-04-25T12:41:05.603+0000] {logging_mixin.py:154} INFO - [2024-04-25T12:41:05.603+0000] {dagbag.py:536} INFO - Filling up the DagBag from /home/airflow/.local/lib/python3.8/site-packages/airflow/example_dags/example_sensor_decorator.py
[2024-04-25T12:41:05.617+0000] {processor.py:839} INFO - DAG(s) dict_keys(['example_sensor_decorator']) retrieved from /home/airflow/.local/lib/python3.8/site-packages/airflow/example_dags/example_sensor_decorator.py
[2024-04-25T12:41:05.653+0000] {logging_mixin.py:154} INFO - [2024-04-25T12:41:05.652+0000] {dag.py:2941} INFO - Sync 1 DAGs
[2024-04-25T12:41:05.670+0000] {logging_mixin.py:154} INFO - [2024-04-25T12:41:05.669+0000] {dag.py:3722} INFO - Setting next_dagrun for example_sensor_decorator to None, run_after=None
[2024-04-25T12:41:05.695+0000] {processor.py:179} INFO - Processing /home/airflow/.local/lib/python3.8/site-packages/airflow/example_dags/example_sensor_decorator.py took 0.101 seconds
[2024-04-25T12:41:36.220+0000] {processor.py:157} INFO - Started process (PID=1967) to work on /home/airflow/.local/lib/python3.8/site-packages/airflow/example_dags/example_sensor_decorator.py
[2024-04-25T12:41:36.221+0000] {processor.py:829} INFO - Processing file /home/airflow/.local/lib/python3.8/site-packages/airflow/example_dags/example_sensor_decorator.py for tasks to queue
[2024-04-25T12:41:36.222+0000] {logging_mixin.py:154} INFO - [2024-04-25T12:41:36.222+0000] {dagbag.py:536} INFO - Filling up the DagBag from /home/airflow/.local/lib/python3.8/site-packages/airflow/example_dags/example_sensor_decorator.py
[2024-04-25T12:41:36.236+0000] {processor.py:839} INFO - DAG(s) dict_keys(['example_sensor_decorator']) retrieved from /home/airflow/.local/lib/python3.8/site-packages/airflow/example_dags/example_sensor_decorator.py
[2024-04-25T12:41:36.278+0000] {logging_mixin.py:154} INFO - [2024-04-25T12:41:36.278+0000] {dag.py:2941} INFO - Sync 1 DAGs
[2024-04-25T12:41:36.306+0000] {logging_mixin.py:154} INFO - [2024-04-25T12:41:36.305+0000] {dag.py:3722} INFO - Setting next_dagrun for example_sensor_decorator to None, run_after=None
[2024-04-25T12:41:36.339+0000] {processor.py:179} INFO - Processing /home/airflow/.local/lib/python3.8/site-packages/airflow/example_dags/example_sensor_decorator.py took 0.125 seconds
[2024-04-25T12:42:07.346+0000] {processor.py:157} INFO - Started process (PID=2216) to work on /home/airflow/.local/lib/python3.8/site-packages/airflow/example_dags/example_sensor_decorator.py
[2024-04-25T12:42:07.348+0000] {processor.py:829} INFO - Processing file /home/airflow/.local/lib/python3.8/site-packages/airflow/example_dags/example_sensor_decorator.py for tasks to queue
[2024-04-25T12:42:07.349+0000] {logging_mixin.py:154} INFO - [2024-04-25T12:42:07.348+0000] {dagbag.py:536} INFO - Filling up the DagBag from /home/airflow/.local/lib/python3.8/site-packages/airflow/example_dags/example_sensor_decorator.py
[2024-04-25T12:42:07.359+0000] {processor.py:839} INFO - DAG(s) dict_keys(['example_sensor_decorator']) retrieved from /home/airflow/.local/lib/python3.8/site-packages/airflow/example_dags/example_sensor_decorator.py
[2024-04-25T12:42:07.395+0000] {logging_mixin.py:154} INFO - [2024-04-25T12:42:07.394+0000] {dag.py:2941} INFO - Sync 1 DAGs
[2024-04-25T12:42:07.416+0000] {logging_mixin.py:154} INFO - [2024-04-25T12:42:07.416+0000] {dag.py:3722} INFO - Setting next_dagrun for example_sensor_decorator to None, run_after=None
[2024-04-25T12:42:07.447+0000] {processor.py:179} INFO - Processing /home/airflow/.local/lib/python3.8/site-packages/airflow/example_dags/example_sensor_decorator.py took 0.107 seconds
[2024-04-25T12:42:38.001+0000] {processor.py:157} INFO - Started process (PID=2460) to work on /home/airflow/.local/lib/python3.8/site-packages/airflow/example_dags/example_sensor_decorator.py
[2024-04-25T12:42:38.003+0000] {processor.py:829} INFO - Processing file /home/airflow/.local/lib/python3.8/site-packages/airflow/example_dags/example_sensor_decorator.py for tasks to queue
[2024-04-25T12:42:38.004+0000] {logging_mixin.py:154} INFO - [2024-04-25T12:42:38.004+0000] {dagbag.py:536} INFO - Filling up the DagBag from /home/airflow/.local/lib/python3.8/site-packages/airflow/example_dags/example_sensor_decorator.py
[2024-04-25T12:42:38.017+0000] {processor.py:839} INFO - DAG(s) dict_keys(['example_sensor_decorator']) retrieved from /home/airflow/.local/lib/python3.8/site-packages/airflow/example_dags/example_sensor_decorator.py
[2024-04-25T12:42:38.057+0000] {logging_mixin.py:154} INFO - [2024-04-25T12:42:38.057+0000] {dag.py:2941} INFO - Sync 1 DAGs
[2024-04-25T12:42:38.082+0000] {logging_mixin.py:154} INFO - [2024-04-25T12:42:38.082+0000] {dag.py:3722} INFO - Setting next_dagrun for example_sensor_decorator to None, run_after=None
[2024-04-25T12:42:38.124+0000] {processor.py:179} INFO - Processing /home/airflow/.local/lib/python3.8/site-packages/airflow/example_dags/example_sensor_decorator.py took 0.131 seconds
[2024-04-25T12:43:08.871+0000] {processor.py:157} INFO - Started process (PID=2703) to work on /home/airflow/.local/lib/python3.8/site-packages/airflow/example_dags/example_sensor_decorator.py
[2024-04-25T12:43:08.873+0000] {processor.py:829} INFO - Processing file /home/airflow/.local/lib/python3.8/site-packages/airflow/example_dags/example_sensor_decorator.py for tasks to queue
[2024-04-25T12:43:08.875+0000] {logging_mixin.py:154} INFO - [2024-04-25T12:43:08.874+0000] {dagbag.py:536} INFO - Filling up the DagBag from /home/airflow/.local/lib/python3.8/site-packages/airflow/example_dags/example_sensor_decorator.py
[2024-04-25T12:43:08.884+0000] {processor.py:839} INFO - DAG(s) dict_keys(['example_sensor_decorator']) retrieved from /home/airflow/.local/lib/python3.8/site-packages/airflow/example_dags/example_sensor_decorator.py
[2024-04-25T12:43:08.921+0000] {logging_mixin.py:154} INFO - [2024-04-25T12:43:08.920+0000] {dag.py:2941} INFO - Sync 1 DAGs
[2024-04-25T12:43:08.942+0000] {logging_mixin.py:154} INFO - [2024-04-25T12:43:08.942+0000] {dag.py:3722} INFO - Setting next_dagrun for example_sensor_decorator to None, run_after=None
[2024-04-25T12:43:08.980+0000] {processor.py:179} INFO - Processing /home/airflow/.local/lib/python3.8/site-packages/airflow/example_dags/example_sensor_decorator.py took 0.115 seconds
[2024-04-25T12:43:40.797+0000] {processor.py:157} INFO - Started process (PID=2952) to work on /home/airflow/.local/lib/python3.8/site-packages/airflow/example_dags/example_sensor_decorator.py
[2024-04-25T12:43:40.803+0000] {processor.py:829} INFO - Processing file /home/airflow/.local/lib/python3.8/site-packages/airflow/example_dags/example_sensor_decorator.py for tasks to queue
[2024-04-25T12:43:40.804+0000] {logging_mixin.py:154} INFO - [2024-04-25T12:43:40.804+0000] {dagbag.py:536} INFO - Filling up the DagBag from /home/airflow/.local/lib/python3.8/site-packages/airflow/example_dags/example_sensor_decorator.py
[2024-04-25T12:43:40.821+0000] {processor.py:839} INFO - DAG(s) dict_keys(['example_sensor_decorator']) retrieved from /home/airflow/.local/lib/python3.8/site-packages/airflow/example_dags/example_sensor_decorator.py
[2024-04-25T12:43:40.889+0000] {logging_mixin.py:154} INFO - [2024-04-25T12:43:40.888+0000] {dag.py:2941} INFO - Sync 1 DAGs
[2024-04-25T12:43:40.914+0000] {logging_mixin.py:154} INFO - [2024-04-25T12:43:40.913+0000] {dag.py:3722} INFO - Setting next_dagrun for example_sensor_decorator to None, run_after=None
[2024-04-25T12:43:40.954+0000] {processor.py:179} INFO - Processing /home/airflow/.local/lib/python3.8/site-packages/airflow/example_dags/example_sensor_decorator.py took 0.167 seconds
[2024-04-25T12:44:11.711+0000] {processor.py:157} INFO - Started process (PID=3201) to work on /home/airflow/.local/lib/python3.8/site-packages/airflow/example_dags/example_sensor_decorator.py
[2024-04-25T12:44:11.715+0000] {processor.py:829} INFO - Processing file /home/airflow/.local/lib/python3.8/site-packages/airflow/example_dags/example_sensor_decorator.py for tasks to queue
[2024-04-25T12:44:11.717+0000] {logging_mixin.py:154} INFO - [2024-04-25T12:44:11.716+0000] {dagbag.py:536} INFO - Filling up the DagBag from /home/airflow/.local/lib/python3.8/site-packages/airflow/example_dags/example_sensor_decorator.py
[2024-04-25T12:44:11.730+0000] {processor.py:839} INFO - DAG(s) dict_keys(['example_sensor_decorator']) retrieved from /home/airflow/.local/lib/python3.8/site-packages/airflow/example_dags/example_sensor_decorator.py
[2024-04-25T12:44:11.779+0000] {logging_mixin.py:154} INFO - [2024-04-25T12:44:11.779+0000] {dag.py:2941} INFO - Sync 1 DAGs
[2024-04-25T12:44:11.807+0000] {logging_mixin.py:154} INFO - [2024-04-25T12:44:11.806+0000] {dag.py:3722} INFO - Setting next_dagrun for example_sensor_decorator to None, run_after=None
[2024-04-25T12:44:11.888+0000] {processor.py:179} INFO - Processing /home/airflow/.local/lib/python3.8/site-packages/airflow/example_dags/example_sensor_decorator.py took 0.189 seconds
[2024-04-25T12:44:42.182+0000] {processor.py:157} INFO - Started process (PID=3439) to work on /home/airflow/.local/lib/python3.8/site-packages/airflow/example_dags/example_sensor_decorator.py
[2024-04-25T12:44:42.184+0000] {processor.py:829} INFO - Processing file /home/airflow/.local/lib/python3.8/site-packages/airflow/example_dags/example_sensor_decorator.py for tasks to queue
[2024-04-25T12:44:42.186+0000] {logging_mixin.py:154} INFO - [2024-04-25T12:44:42.185+0000] {dagbag.py:536} INFO - Filling up the DagBag from /home/airflow/.local/lib/python3.8/site-packages/airflow/example_dags/example_sensor_decorator.py
[2024-04-25T12:44:42.201+0000] {processor.py:839} INFO - DAG(s) dict_keys(['example_sensor_decorator']) retrieved from /home/airflow/.local/lib/python3.8/site-packages/airflow/example_dags/example_sensor_decorator.py
[2024-04-25T12:44:42.243+0000] {logging_mixin.py:154} INFO - [2024-04-25T12:44:42.243+0000] {dag.py:2941} INFO - Sync 1 DAGs
[2024-04-25T12:44:42.265+0000] {logging_mixin.py:154} INFO - [2024-04-25T12:44:42.264+0000] {dag.py:3722} INFO - Setting next_dagrun for example_sensor_decorator to None, run_after=None
[2024-04-25T12:44:42.297+0000] {processor.py:179} INFO - Processing /home/airflow/.local/lib/python3.8/site-packages/airflow/example_dags/example_sensor_decorator.py took 0.124 seconds
[2024-04-25T12:45:12.656+0000] {processor.py:157} INFO - Started process (PID=3682) to work on /home/airflow/.local/lib/python3.8/site-packages/airflow/example_dags/example_sensor_decorator.py
[2024-04-25T12:45:12.658+0000] {processor.py:829} INFO - Processing file /home/airflow/.local/lib/python3.8/site-packages/airflow/example_dags/example_sensor_decorator.py for tasks to queue
[2024-04-25T12:45:12.660+0000] {logging_mixin.py:154} INFO - [2024-04-25T12:45:12.659+0000] {dagbag.py:536} INFO - Filling up the DagBag from /home/airflow/.local/lib/python3.8/site-packages/airflow/example_dags/example_sensor_decorator.py
[2024-04-25T12:45:12.675+0000] {processor.py:839} INFO - DAG(s) dict_keys(['example_sensor_decorator']) retrieved from /home/airflow/.local/lib/python3.8/site-packages/airflow/example_dags/example_sensor_decorator.py
[2024-04-25T12:45:12.720+0000] {logging_mixin.py:154} INFO - [2024-04-25T12:45:12.719+0000] {dag.py:2941} INFO - Sync 1 DAGs
[2024-04-25T12:45:12.746+0000] {logging_mixin.py:154} INFO - [2024-04-25T12:45:12.746+0000] {dag.py:3722} INFO - Setting next_dagrun for example_sensor_decorator to None, run_after=None
[2024-04-25T12:45:12.778+0000] {processor.py:179} INFO - Processing /home/airflow/.local/lib/python3.8/site-packages/airflow/example_dags/example_sensor_decorator.py took 0.131 seconds
[2024-04-25T12:45:43.755+0000] {processor.py:157} INFO - Started process (PID=3933) to work on /home/airflow/.local/lib/python3.8/site-packages/airflow/example_dags/example_sensor_decorator.py
[2024-04-25T12:45:43.758+0000] {processor.py:829} INFO - Processing file /home/airflow/.local/lib/python3.8/site-packages/airflow/example_dags/example_sensor_decorator.py for tasks to queue
[2024-04-25T12:45:43.759+0000] {logging_mixin.py:154} INFO - [2024-04-25T12:45:43.758+0000] {dagbag.py:536} INFO - Filling up the DagBag from /home/airflow/.local/lib/python3.8/site-packages/airflow/example_dags/example_sensor_decorator.py
[2024-04-25T12:45:43.769+0000] {processor.py:839} INFO - DAG(s) dict_keys(['example_sensor_decorator']) retrieved from /home/airflow/.local/lib/python3.8/site-packages/airflow/example_dags/example_sensor_decorator.py
[2024-04-25T12:45:43.803+0000] {logging_mixin.py:154} INFO - [2024-04-25T12:45:43.802+0000] {dag.py:2941} INFO - Sync 1 DAGs
[2024-04-25T12:45:43.821+0000] {logging_mixin.py:154} INFO - [2024-04-25T12:45:43.820+0000] {dag.py:3722} INFO - Setting next_dagrun for example_sensor_decorator to None, run_after=None
[2024-04-25T12:45:43.849+0000] {processor.py:179} INFO - Processing /home/airflow/.local/lib/python3.8/site-packages/airflow/example_dags/example_sensor_decorator.py took 0.100 seconds
[2024-04-25T12:46:14.551+0000] {processor.py:157} INFO - Started process (PID=4176) to work on /home/airflow/.local/lib/python3.8/site-packages/airflow/example_dags/example_sensor_decorator.py
[2024-04-25T12:46:14.553+0000] {processor.py:829} INFO - Processing file /home/airflow/.local/lib/python3.8/site-packages/airflow/example_dags/example_sensor_decorator.py for tasks to queue
[2024-04-25T12:46:14.554+0000] {logging_mixin.py:154} INFO - [2024-04-25T12:46:14.554+0000] {dagbag.py:536} INFO - Filling up the DagBag from /home/airflow/.local/lib/python3.8/site-packages/airflow/example_dags/example_sensor_decorator.py
[2024-04-25T12:46:14.565+0000] {processor.py:839} INFO - DAG(s) dict_keys(['example_sensor_decorator']) retrieved from /home/airflow/.local/lib/python3.8/site-packages/airflow/example_dags/example_sensor_decorator.py
[2024-04-25T12:46:14.604+0000] {logging_mixin.py:154} INFO - [2024-04-25T12:46:14.603+0000] {dag.py:2941} INFO - Sync 1 DAGs
[2024-04-25T12:46:14.627+0000] {logging_mixin.py:154} INFO - [2024-04-25T12:46:14.626+0000] {dag.py:3722} INFO - Setting next_dagrun for example_sensor_decorator to None, run_after=None
[2024-04-25T12:46:14.661+0000] {processor.py:179} INFO - Processing /home/airflow/.local/lib/python3.8/site-packages/airflow/example_dags/example_sensor_decorator.py took 0.116 seconds
[2024-04-25T12:46:45.487+0000] {processor.py:157} INFO - Started process (PID=4419) to work on /home/airflow/.local/lib/python3.8/site-packages/airflow/example_dags/example_sensor_decorator.py
[2024-04-25T12:46:45.490+0000] {processor.py:829} INFO - Processing file /home/airflow/.local/lib/python3.8/site-packages/airflow/example_dags/example_sensor_decorator.py for tasks to queue
[2024-04-25T12:46:45.492+0000] {logging_mixin.py:154} INFO - [2024-04-25T12:46:45.491+0000] {dagbag.py:536} INFO - Filling up the DagBag from /home/airflow/.local/lib/python3.8/site-packages/airflow/example_dags/example_sensor_decorator.py
[2024-04-25T12:46:45.506+0000] {processor.py:839} INFO - DAG(s) dict_keys(['example_sensor_decorator']) retrieved from /home/airflow/.local/lib/python3.8/site-packages/airflow/example_dags/example_sensor_decorator.py
[2024-04-25T12:46:45.546+0000] {logging_mixin.py:154} INFO - [2024-04-25T12:46:45.545+0000] {dag.py:2941} INFO - Sync 1 DAGs
[2024-04-25T12:46:45.574+0000] {logging_mixin.py:154} INFO - [2024-04-25T12:46:45.574+0000] {dag.py:3722} INFO - Setting next_dagrun for example_sensor_decorator to None, run_after=None
[2024-04-25T12:46:45.611+0000] {processor.py:179} INFO - Processing /home/airflow/.local/lib/python3.8/site-packages/airflow/example_dags/example_sensor_decorator.py took 0.133 seconds
[2024-04-25T12:47:15.940+0000] {processor.py:157} INFO - Started process (PID=4662) to work on /home/airflow/.local/lib/python3.8/site-packages/airflow/example_dags/example_sensor_decorator.py
[2024-04-25T12:47:15.945+0000] {processor.py:829} INFO - Processing file /home/airflow/.local/lib/python3.8/site-packages/airflow/example_dags/example_sensor_decorator.py for tasks to queue
[2024-04-25T12:47:15.948+0000] {logging_mixin.py:154} INFO - [2024-04-25T12:47:15.947+0000] {dagbag.py:536} INFO - Filling up the DagBag from /home/airflow/.local/lib/python3.8/site-packages/airflow/example_dags/example_sensor_decorator.py
[2024-04-25T12:47:15.983+0000] {processor.py:839} INFO - DAG(s) dict_keys(['example_sensor_decorator']) retrieved from /home/airflow/.local/lib/python3.8/site-packages/airflow/example_dags/example_sensor_decorator.py
[2024-04-25T12:47:16.088+0000] {logging_mixin.py:154} INFO - [2024-04-25T12:47:16.087+0000] {dag.py:2941} INFO - Sync 1 DAGs
[2024-04-25T12:47:16.134+0000] {logging_mixin.py:154} INFO - [2024-04-25T12:47:16.134+0000] {dag.py:3722} INFO - Setting next_dagrun for example_sensor_decorator to None, run_after=None
[2024-04-25T12:47:16.189+0000] {processor.py:179} INFO - Processing /home/airflow/.local/lib/python3.8/site-packages/airflow/example_dags/example_sensor_decorator.py took 0.269 seconds
[2024-04-25T12:47:46.446+0000] {processor.py:157} INFO - Started process (PID=4905) to work on /home/airflow/.local/lib/python3.8/site-packages/airflow/example_dags/example_sensor_decorator.py
[2024-04-25T12:47:46.448+0000] {processor.py:829} INFO - Processing file /home/airflow/.local/lib/python3.8/site-packages/airflow/example_dags/example_sensor_decorator.py for tasks to queue
[2024-04-25T12:47:46.450+0000] {logging_mixin.py:154} INFO - [2024-04-25T12:47:46.449+0000] {dagbag.py:536} INFO - Filling up the DagBag from /home/airflow/.local/lib/python3.8/site-packages/airflow/example_dags/example_sensor_decorator.py
[2024-04-25T12:47:46.461+0000] {processor.py:839} INFO - DAG(s) dict_keys(['example_sensor_decorator']) retrieved from /home/airflow/.local/lib/python3.8/site-packages/airflow/example_dags/example_sensor_decorator.py
[2024-04-25T12:47:46.502+0000] {logging_mixin.py:154} INFO - [2024-04-25T12:47:46.501+0000] {dag.py:2941} INFO - Sync 1 DAGs
[2024-04-25T12:47:46.527+0000] {logging_mixin.py:154} INFO - [2024-04-25T12:47:46.527+0000] {dag.py:3722} INFO - Setting next_dagrun for example_sensor_decorator to None, run_after=None
[2024-04-25T12:47:46.557+0000] {processor.py:179} INFO - Processing /home/airflow/.local/lib/python3.8/site-packages/airflow/example_dags/example_sensor_decorator.py took 0.117 seconds
[2024-04-25T12:51:42.591+0000] {processor.py:157} INFO - Started process (PID=263) to work on /home/airflow/.local/lib/python3.8/site-packages/airflow/example_dags/example_sensor_decorator.py
[2024-04-25T12:51:42.594+0000] {processor.py:829} INFO - Processing file /home/airflow/.local/lib/python3.8/site-packages/airflow/example_dags/example_sensor_decorator.py for tasks to queue
[2024-04-25T12:51:42.595+0000] {logging_mixin.py:154} INFO - [2024-04-25T12:51:42.595+0000] {dagbag.py:536} INFO - Filling up the DagBag from /home/airflow/.local/lib/python3.8/site-packages/airflow/example_dags/example_sensor_decorator.py
[2024-04-25T12:51:42.607+0000] {processor.py:839} INFO - DAG(s) dict_keys(['example_sensor_decorator']) retrieved from /home/airflow/.local/lib/python3.8/site-packages/airflow/example_dags/example_sensor_decorator.py
[2024-04-25T12:51:42.629+0000] {logging_mixin.py:154} INFO - [2024-04-25T12:51:42.628+0000] {dag.py:2941} INFO - Sync 1 DAGs
[2024-04-25T12:51:42.658+0000] {logging_mixin.py:154} INFO - [2024-04-25T12:51:42.658+0000] {dag.py:3722} INFO - Setting next_dagrun for example_sensor_decorator to None, run_after=None
[2024-04-25T12:51:42.686+0000] {processor.py:179} INFO - Processing /home/airflow/.local/lib/python3.8/site-packages/airflow/example_dags/example_sensor_decorator.py took 0.103 seconds
[2024-04-25T12:52:13.355+0000] {processor.py:157} INFO - Started process (PID=506) to work on /home/airflow/.local/lib/python3.8/site-packages/airflow/example_dags/example_sensor_decorator.py
[2024-04-25T12:52:13.357+0000] {processor.py:829} INFO - Processing file /home/airflow/.local/lib/python3.8/site-packages/airflow/example_dags/example_sensor_decorator.py for tasks to queue
[2024-04-25T12:52:13.358+0000] {logging_mixin.py:154} INFO - [2024-04-25T12:52:13.358+0000] {dagbag.py:536} INFO - Filling up the DagBag from /home/airflow/.local/lib/python3.8/site-packages/airflow/example_dags/example_sensor_decorator.py
[2024-04-25T12:52:13.372+0000] {processor.py:839} INFO - DAG(s) dict_keys(['example_sensor_decorator']) retrieved from /home/airflow/.local/lib/python3.8/site-packages/airflow/example_dags/example_sensor_decorator.py
[2024-04-25T12:52:13.409+0000] {logging_mixin.py:154} INFO - [2024-04-25T12:52:13.409+0000] {dag.py:2941} INFO - Sync 1 DAGs
[2024-04-25T12:52:13.428+0000] {logging_mixin.py:154} INFO - [2024-04-25T12:52:13.428+0000] {dag.py:3722} INFO - Setting next_dagrun for example_sensor_decorator to None, run_after=None
[2024-04-25T12:52:13.460+0000] {processor.py:179} INFO - Processing /home/airflow/.local/lib/python3.8/site-packages/airflow/example_dags/example_sensor_decorator.py took 0.113 seconds
[2024-04-25T12:52:44.456+0000] {processor.py:157} INFO - Started process (PID=756) to work on /home/airflow/.local/lib/python3.8/site-packages/airflow/example_dags/example_sensor_decorator.py
[2024-04-25T12:52:44.458+0000] {processor.py:829} INFO - Processing file /home/airflow/.local/lib/python3.8/site-packages/airflow/example_dags/example_sensor_decorator.py for tasks to queue
[2024-04-25T12:52:44.459+0000] {logging_mixin.py:154} INFO - [2024-04-25T12:52:44.458+0000] {dagbag.py:536} INFO - Filling up the DagBag from /home/airflow/.local/lib/python3.8/site-packages/airflow/example_dags/example_sensor_decorator.py
[2024-04-25T12:52:44.469+0000] {processor.py:839} INFO - DAG(s) dict_keys(['example_sensor_decorator']) retrieved from /home/airflow/.local/lib/python3.8/site-packages/airflow/example_dags/example_sensor_decorator.py
[2024-04-25T12:52:44.514+0000] {logging_mixin.py:154} INFO - [2024-04-25T12:52:44.513+0000] {dag.py:2941} INFO - Sync 1 DAGs
[2024-04-25T12:52:44.539+0000] {logging_mixin.py:154} INFO - [2024-04-25T12:52:44.539+0000] {dag.py:3722} INFO - Setting next_dagrun for example_sensor_decorator to None, run_after=None
[2024-04-25T12:52:44.576+0000] {processor.py:179} INFO - Processing /home/airflow/.local/lib/python3.8/site-packages/airflow/example_dags/example_sensor_decorator.py took 0.126 seconds
[2024-04-25T12:53:15.027+0000] {processor.py:157} INFO - Started process (PID=1005) to work on /home/airflow/.local/lib/python3.8/site-packages/airflow/example_dags/example_sensor_decorator.py
[2024-04-25T12:53:15.030+0000] {processor.py:829} INFO - Processing file /home/airflow/.local/lib/python3.8/site-packages/airflow/example_dags/example_sensor_decorator.py for tasks to queue
[2024-04-25T12:53:15.031+0000] {logging_mixin.py:154} INFO - [2024-04-25T12:53:15.031+0000] {dagbag.py:536} INFO - Filling up the DagBag from /home/airflow/.local/lib/python3.8/site-packages/airflow/example_dags/example_sensor_decorator.py
[2024-04-25T12:53:15.043+0000] {processor.py:839} INFO - DAG(s) dict_keys(['example_sensor_decorator']) retrieved from /home/airflow/.local/lib/python3.8/site-packages/airflow/example_dags/example_sensor_decorator.py
[2024-04-25T12:53:15.087+0000] {logging_mixin.py:154} INFO - [2024-04-25T12:53:15.086+0000] {dag.py:2941} INFO - Sync 1 DAGs
[2024-04-25T12:53:15.113+0000] {logging_mixin.py:154} INFO - [2024-04-25T12:53:15.113+0000] {dag.py:3722} INFO - Setting next_dagrun for example_sensor_decorator to None, run_after=None
[2024-04-25T12:53:15.153+0000] {processor.py:179} INFO - Processing /home/airflow/.local/lib/python3.8/site-packages/airflow/example_dags/example_sensor_decorator.py took 0.133 seconds
[2024-04-25T12:53:45.299+0000] {processor.py:157} INFO - Started process (PID=1246) to work on /home/airflow/.local/lib/python3.8/site-packages/airflow/example_dags/example_sensor_decorator.py
[2024-04-25T12:53:45.303+0000] {processor.py:829} INFO - Processing file /home/airflow/.local/lib/python3.8/site-packages/airflow/example_dags/example_sensor_decorator.py for tasks to queue
[2024-04-25T12:53:45.304+0000] {logging_mixin.py:154} INFO - [2024-04-25T12:53:45.304+0000] {dagbag.py:536} INFO - Filling up the DagBag from /home/airflow/.local/lib/python3.8/site-packages/airflow/example_dags/example_sensor_decorator.py
[2024-04-25T12:53:45.315+0000] {processor.py:839} INFO - DAG(s) dict_keys(['example_sensor_decorator']) retrieved from /home/airflow/.local/lib/python3.8/site-packages/airflow/example_dags/example_sensor_decorator.py
[2024-04-25T12:53:45.353+0000] {logging_mixin.py:154} INFO - [2024-04-25T12:53:45.352+0000] {dag.py:2941} INFO - Sync 1 DAGs
[2024-04-25T12:53:45.380+0000] {logging_mixin.py:154} INFO - [2024-04-25T12:53:45.380+0000] {dag.py:3722} INFO - Setting next_dagrun for example_sensor_decorator to None, run_after=None
[2024-04-25T12:53:45.415+0000] {processor.py:179} INFO - Processing /home/airflow/.local/lib/python3.8/site-packages/airflow/example_dags/example_sensor_decorator.py took 0.121 seconds
[2024-04-25T12:54:15.896+0000] {processor.py:157} INFO - Started process (PID=1491) to work on /home/airflow/.local/lib/python3.8/site-packages/airflow/example_dags/example_sensor_decorator.py
[2024-04-25T12:54:15.899+0000] {processor.py:829} INFO - Processing file /home/airflow/.local/lib/python3.8/site-packages/airflow/example_dags/example_sensor_decorator.py for tasks to queue
[2024-04-25T12:54:15.901+0000] {logging_mixin.py:154} INFO - [2024-04-25T12:54:15.900+0000] {dagbag.py:536} INFO - Filling up the DagBag from /home/airflow/.local/lib/python3.8/site-packages/airflow/example_dags/example_sensor_decorator.py
[2024-04-25T12:54:15.911+0000] {processor.py:839} INFO - DAG(s) dict_keys(['example_sensor_decorator']) retrieved from /home/airflow/.local/lib/python3.8/site-packages/airflow/example_dags/example_sensor_decorator.py
[2024-04-25T12:54:15.950+0000] {logging_mixin.py:154} INFO - [2024-04-25T12:54:15.950+0000] {dag.py:2941} INFO - Sync 1 DAGs
[2024-04-25T12:54:15.969+0000] {logging_mixin.py:154} INFO - [2024-04-25T12:54:15.969+0000] {dag.py:3722} INFO - Setting next_dagrun for example_sensor_decorator to None, run_after=None
[2024-04-25T12:54:15.996+0000] {processor.py:179} INFO - Processing /home/airflow/.local/lib/python3.8/site-packages/airflow/example_dags/example_sensor_decorator.py took 0.107 seconds
[2024-04-25T12:54:47.029+0000] {processor.py:157} INFO - Started process (PID=1732) to work on /home/airflow/.local/lib/python3.8/site-packages/airflow/example_dags/example_sensor_decorator.py
[2024-04-25T12:54:47.031+0000] {processor.py:829} INFO - Processing file /home/airflow/.local/lib/python3.8/site-packages/airflow/example_dags/example_sensor_decorator.py for tasks to queue
[2024-04-25T12:54:47.033+0000] {logging_mixin.py:154} INFO - [2024-04-25T12:54:47.032+0000] {dagbag.py:536} INFO - Filling up the DagBag from /home/airflow/.local/lib/python3.8/site-packages/airflow/example_dags/example_sensor_decorator.py
[2024-04-25T12:54:47.047+0000] {processor.py:839} INFO - DAG(s) dict_keys(['example_sensor_decorator']) retrieved from /home/airflow/.local/lib/python3.8/site-packages/airflow/example_dags/example_sensor_decorator.py
[2024-04-25T12:54:47.083+0000] {logging_mixin.py:154} INFO - [2024-04-25T12:54:47.083+0000] {dag.py:2941} INFO - Sync 1 DAGs
[2024-04-25T12:54:47.103+0000] {logging_mixin.py:154} INFO - [2024-04-25T12:54:47.102+0000] {dag.py:3722} INFO - Setting next_dagrun for example_sensor_decorator to None, run_after=None
[2024-04-25T12:54:47.134+0000] {processor.py:179} INFO - Processing /home/airflow/.local/lib/python3.8/site-packages/airflow/example_dags/example_sensor_decorator.py took 0.113 seconds
[2024-04-25T12:55:17.447+0000] {processor.py:157} INFO - Started process (PID=1975) to work on /home/airflow/.local/lib/python3.8/site-packages/airflow/example_dags/example_sensor_decorator.py
[2024-04-25T12:55:17.449+0000] {processor.py:829} INFO - Processing file /home/airflow/.local/lib/python3.8/site-packages/airflow/example_dags/example_sensor_decorator.py for tasks to queue
[2024-04-25T12:55:17.451+0000] {logging_mixin.py:154} INFO - [2024-04-25T12:55:17.451+0000] {dagbag.py:536} INFO - Filling up the DagBag from /home/airflow/.local/lib/python3.8/site-packages/airflow/example_dags/example_sensor_decorator.py
[2024-04-25T12:55:17.463+0000] {processor.py:839} INFO - DAG(s) dict_keys(['example_sensor_decorator']) retrieved from /home/airflow/.local/lib/python3.8/site-packages/airflow/example_dags/example_sensor_decorator.py
[2024-04-25T12:55:17.502+0000] {logging_mixin.py:154} INFO - [2024-04-25T12:55:17.502+0000] {dag.py:2941} INFO - Sync 1 DAGs
[2024-04-25T12:55:17.520+0000] {logging_mixin.py:154} INFO - [2024-04-25T12:55:17.520+0000] {dag.py:3722} INFO - Setting next_dagrun for example_sensor_decorator to None, run_after=None
[2024-04-25T12:55:17.548+0000] {processor.py:179} INFO - Processing /home/airflow/.local/lib/python3.8/site-packages/airflow/example_dags/example_sensor_decorator.py took 0.108 seconds
[2024-04-25T13:10:32.591+0000] {processor.py:157} INFO - Started process (PID=263) to work on /home/airflow/.local/lib/python3.8/site-packages/airflow/example_dags/example_sensor_decorator.py
[2024-04-25T13:10:32.593+0000] {processor.py:829} INFO - Processing file /home/airflow/.local/lib/python3.8/site-packages/airflow/example_dags/example_sensor_decorator.py for tasks to queue
[2024-04-25T13:10:32.595+0000] {logging_mixin.py:154} INFO - [2024-04-25T13:10:32.594+0000] {dagbag.py:536} INFO - Filling up the DagBag from /home/airflow/.local/lib/python3.8/site-packages/airflow/example_dags/example_sensor_decorator.py
[2024-04-25T13:10:32.609+0000] {processor.py:839} INFO - DAG(s) dict_keys(['example_sensor_decorator']) retrieved from /home/airflow/.local/lib/python3.8/site-packages/airflow/example_dags/example_sensor_decorator.py
[2024-04-25T13:10:32.636+0000] {logging_mixin.py:154} INFO - [2024-04-25T13:10:32.635+0000] {dag.py:2941} INFO - Sync 1 DAGs
[2024-04-25T13:10:32.664+0000] {logging_mixin.py:154} INFO - [2024-04-25T13:10:32.664+0000] {dag.py:3722} INFO - Setting next_dagrun for example_sensor_decorator to None, run_after=None
[2024-04-25T13:10:32.700+0000] {processor.py:179} INFO - Processing /home/airflow/.local/lib/python3.8/site-packages/airflow/example_dags/example_sensor_decorator.py took 0.117 seconds
[2024-04-25T13:11:04.051+0000] {processor.py:157} INFO - Started process (PID=506) to work on /home/airflow/.local/lib/python3.8/site-packages/airflow/example_dags/example_sensor_decorator.py
[2024-04-25T13:11:04.053+0000] {processor.py:829} INFO - Processing file /home/airflow/.local/lib/python3.8/site-packages/airflow/example_dags/example_sensor_decorator.py for tasks to queue
[2024-04-25T13:11:04.054+0000] {logging_mixin.py:154} INFO - [2024-04-25T13:11:04.053+0000] {dagbag.py:536} INFO - Filling up the DagBag from /home/airflow/.local/lib/python3.8/site-packages/airflow/example_dags/example_sensor_decorator.py
[2024-04-25T13:11:04.065+0000] {processor.py:839} INFO - DAG(s) dict_keys(['example_sensor_decorator']) retrieved from /home/airflow/.local/lib/python3.8/site-packages/airflow/example_dags/example_sensor_decorator.py
[2024-04-25T13:11:04.106+0000] {logging_mixin.py:154} INFO - [2024-04-25T13:11:04.106+0000] {dag.py:2941} INFO - Sync 1 DAGs
[2024-04-25T13:11:04.130+0000] {logging_mixin.py:154} INFO - [2024-04-25T13:11:04.130+0000] {dag.py:3722} INFO - Setting next_dagrun for example_sensor_decorator to None, run_after=None
[2024-04-25T13:11:04.163+0000] {processor.py:179} INFO - Processing /home/airflow/.local/lib/python3.8/site-packages/airflow/example_dags/example_sensor_decorator.py took 0.119 seconds
[2024-04-25T13:11:34.331+0000] {processor.py:157} INFO - Started process (PID=749) to work on /home/airflow/.local/lib/python3.8/site-packages/airflow/example_dags/example_sensor_decorator.py
[2024-04-25T13:11:34.333+0000] {processor.py:829} INFO - Processing file /home/airflow/.local/lib/python3.8/site-packages/airflow/example_dags/example_sensor_decorator.py for tasks to queue
[2024-04-25T13:11:34.334+0000] {logging_mixin.py:154} INFO - [2024-04-25T13:11:34.334+0000] {dagbag.py:536} INFO - Filling up the DagBag from /home/airflow/.local/lib/python3.8/site-packages/airflow/example_dags/example_sensor_decorator.py
[2024-04-25T13:11:34.345+0000] {processor.py:839} INFO - DAG(s) dict_keys(['example_sensor_decorator']) retrieved from /home/airflow/.local/lib/python3.8/site-packages/airflow/example_dags/example_sensor_decorator.py
[2024-04-25T13:11:34.378+0000] {logging_mixin.py:154} INFO - [2024-04-25T13:11:34.378+0000] {dag.py:2941} INFO - Sync 1 DAGs
[2024-04-25T13:11:34.397+0000] {logging_mixin.py:154} INFO - [2024-04-25T13:11:34.397+0000] {dag.py:3722} INFO - Setting next_dagrun for example_sensor_decorator to None, run_after=None
[2024-04-25T13:11:34.422+0000] {processor.py:179} INFO - Processing /home/airflow/.local/lib/python3.8/site-packages/airflow/example_dags/example_sensor_decorator.py took 0.097 seconds
[2024-04-25T13:12:05.066+0000] {processor.py:157} INFO - Started process (PID=996) to work on /home/airflow/.local/lib/python3.8/site-packages/airflow/example_dags/example_sensor_decorator.py
[2024-04-25T13:12:05.068+0000] {processor.py:829} INFO - Processing file /home/airflow/.local/lib/python3.8/site-packages/airflow/example_dags/example_sensor_decorator.py for tasks to queue
[2024-04-25T13:12:05.069+0000] {logging_mixin.py:154} INFO - [2024-04-25T13:12:05.068+0000] {dagbag.py:536} INFO - Filling up the DagBag from /home/airflow/.local/lib/python3.8/site-packages/airflow/example_dags/example_sensor_decorator.py
[2024-04-25T13:12:05.083+0000] {processor.py:839} INFO - DAG(s) dict_keys(['example_sensor_decorator']) retrieved from /home/airflow/.local/lib/python3.8/site-packages/airflow/example_dags/example_sensor_decorator.py
[2024-04-25T13:12:05.132+0000] {logging_mixin.py:154} INFO - [2024-04-25T13:12:05.132+0000] {dag.py:2941} INFO - Sync 1 DAGs
[2024-04-25T13:12:05.154+0000] {logging_mixin.py:154} INFO - [2024-04-25T13:12:05.153+0000] {dag.py:3722} INFO - Setting next_dagrun for example_sensor_decorator to None, run_after=None
[2024-04-25T13:12:05.192+0000] {processor.py:179} INFO - Processing /home/airflow/.local/lib/python3.8/site-packages/airflow/example_dags/example_sensor_decorator.py took 0.134 seconds
[2024-04-25T13:12:35.815+0000] {processor.py:157} INFO - Started process (PID=1246) to work on /home/airflow/.local/lib/python3.8/site-packages/airflow/example_dags/example_sensor_decorator.py
[2024-04-25T13:12:35.827+0000] {processor.py:829} INFO - Processing file /home/airflow/.local/lib/python3.8/site-packages/airflow/example_dags/example_sensor_decorator.py for tasks to queue
[2024-04-25T13:12:35.829+0000] {logging_mixin.py:154} INFO - [2024-04-25T13:12:35.828+0000] {dagbag.py:536} INFO - Filling up the DagBag from /home/airflow/.local/lib/python3.8/site-packages/airflow/example_dags/example_sensor_decorator.py
[2024-04-25T13:12:35.842+0000] {processor.py:839} INFO - DAG(s) dict_keys(['example_sensor_decorator']) retrieved from /home/airflow/.local/lib/python3.8/site-packages/airflow/example_dags/example_sensor_decorator.py
[2024-04-25T13:12:35.893+0000] {logging_mixin.py:154} INFO - [2024-04-25T13:12:35.893+0000] {dag.py:2941} INFO - Sync 1 DAGs
[2024-04-25T13:12:35.924+0000] {logging_mixin.py:154} INFO - [2024-04-25T13:12:35.923+0000] {dag.py:3722} INFO - Setting next_dagrun for example_sensor_decorator to None, run_after=None
[2024-04-25T13:12:35.966+0000] {processor.py:179} INFO - Processing /home/airflow/.local/lib/python3.8/site-packages/airflow/example_dags/example_sensor_decorator.py took 0.158 seconds
[2024-04-25T13:13:06.148+0000] {processor.py:157} INFO - Started process (PID=1489) to work on /home/airflow/.local/lib/python3.8/site-packages/airflow/example_dags/example_sensor_decorator.py
[2024-04-25T13:13:06.150+0000] {processor.py:829} INFO - Processing file /home/airflow/.local/lib/python3.8/site-packages/airflow/example_dags/example_sensor_decorator.py for tasks to queue
[2024-04-25T13:13:06.152+0000] {logging_mixin.py:154} INFO - [2024-04-25T13:13:06.151+0000] {dagbag.py:536} INFO - Filling up the DagBag from /home/airflow/.local/lib/python3.8/site-packages/airflow/example_dags/example_sensor_decorator.py
[2024-04-25T13:13:06.161+0000] {processor.py:839} INFO - DAG(s) dict_keys(['example_sensor_decorator']) retrieved from /home/airflow/.local/lib/python3.8/site-packages/airflow/example_dags/example_sensor_decorator.py
[2024-04-25T13:13:06.193+0000] {logging_mixin.py:154} INFO - [2024-04-25T13:13:06.192+0000] {dag.py:2941} INFO - Sync 1 DAGs
[2024-04-25T13:13:06.213+0000] {logging_mixin.py:154} INFO - [2024-04-25T13:13:06.212+0000] {dag.py:3722} INFO - Setting next_dagrun for example_sensor_decorator to None, run_after=None
[2024-04-25T13:13:06.246+0000] {processor.py:179} INFO - Processing /home/airflow/.local/lib/python3.8/site-packages/airflow/example_dags/example_sensor_decorator.py took 0.104 seconds
[2024-04-25T13:13:36.587+0000] {processor.py:157} INFO - Started process (PID=1732) to work on /home/airflow/.local/lib/python3.8/site-packages/airflow/example_dags/example_sensor_decorator.py
[2024-04-25T13:13:36.589+0000] {processor.py:829} INFO - Processing file /home/airflow/.local/lib/python3.8/site-packages/airflow/example_dags/example_sensor_decorator.py for tasks to queue
[2024-04-25T13:13:36.591+0000] {logging_mixin.py:154} INFO - [2024-04-25T13:13:36.590+0000] {dagbag.py:536} INFO - Filling up the DagBag from /home/airflow/.local/lib/python3.8/site-packages/airflow/example_dags/example_sensor_decorator.py
[2024-04-25T13:13:36.604+0000] {processor.py:839} INFO - DAG(s) dict_keys(['example_sensor_decorator']) retrieved from /home/airflow/.local/lib/python3.8/site-packages/airflow/example_dags/example_sensor_decorator.py
[2024-04-25T13:13:36.647+0000] {logging_mixin.py:154} INFO - [2024-04-25T13:13:36.646+0000] {dag.py:2941} INFO - Sync 1 DAGs
[2024-04-25T13:13:36.670+0000] {logging_mixin.py:154} INFO - [2024-04-25T13:13:36.670+0000] {dag.py:3722} INFO - Setting next_dagrun for example_sensor_decorator to None, run_after=None
[2024-04-25T13:13:36.703+0000] {processor.py:179} INFO - Processing /home/airflow/.local/lib/python3.8/site-packages/airflow/example_dags/example_sensor_decorator.py took 0.125 seconds
[2024-04-25T13:14:06.994+0000] {processor.py:157} INFO - Started process (PID=1976) to work on /home/airflow/.local/lib/python3.8/site-packages/airflow/example_dags/example_sensor_decorator.py
[2024-04-25T13:14:06.997+0000] {processor.py:829} INFO - Processing file /home/airflow/.local/lib/python3.8/site-packages/airflow/example_dags/example_sensor_decorator.py for tasks to queue
[2024-04-25T13:14:06.998+0000] {logging_mixin.py:154} INFO - [2024-04-25T13:14:06.997+0000] {dagbag.py:536} INFO - Filling up the DagBag from /home/airflow/.local/lib/python3.8/site-packages/airflow/example_dags/example_sensor_decorator.py
[2024-04-25T13:14:07.010+0000] {processor.py:839} INFO - DAG(s) dict_keys(['example_sensor_decorator']) retrieved from /home/airflow/.local/lib/python3.8/site-packages/airflow/example_dags/example_sensor_decorator.py
[2024-04-25T13:14:07.046+0000] {logging_mixin.py:154} INFO - [2024-04-25T13:14:07.045+0000] {dag.py:2941} INFO - Sync 1 DAGs
[2024-04-25T13:14:07.074+0000] {logging_mixin.py:154} INFO - [2024-04-25T13:14:07.074+0000] {dag.py:3722} INFO - Setting next_dagrun for example_sensor_decorator to None, run_after=None
[2024-04-25T13:14:07.105+0000] {processor.py:179} INFO - Processing /home/airflow/.local/lib/python3.8/site-packages/airflow/example_dags/example_sensor_decorator.py took 0.118 seconds
[2024-04-25T13:14:37.668+0000] {processor.py:157} INFO - Started process (PID=2219) to work on /home/airflow/.local/lib/python3.8/site-packages/airflow/example_dags/example_sensor_decorator.py
[2024-04-25T13:14:37.669+0000] {processor.py:829} INFO - Processing file /home/airflow/.local/lib/python3.8/site-packages/airflow/example_dags/example_sensor_decorator.py for tasks to queue
[2024-04-25T13:14:37.670+0000] {logging_mixin.py:154} INFO - [2024-04-25T13:14:37.670+0000] {dagbag.py:536} INFO - Filling up the DagBag from /home/airflow/.local/lib/python3.8/site-packages/airflow/example_dags/example_sensor_decorator.py
[2024-04-25T13:14:37.680+0000] {processor.py:839} INFO - DAG(s) dict_keys(['example_sensor_decorator']) retrieved from /home/airflow/.local/lib/python3.8/site-packages/airflow/example_dags/example_sensor_decorator.py
[2024-04-25T13:14:37.714+0000] {logging_mixin.py:154} INFO - [2024-04-25T13:14:37.713+0000] {dag.py:2941} INFO - Sync 1 DAGs
[2024-04-25T13:14:37.735+0000] {logging_mixin.py:154} INFO - [2024-04-25T13:14:37.734+0000] {dag.py:3722} INFO - Setting next_dagrun for example_sensor_decorator to None, run_after=None
[2024-04-25T13:14:37.761+0000] {processor.py:179} INFO - Processing /home/airflow/.local/lib/python3.8/site-packages/airflow/example_dags/example_sensor_decorator.py took 0.099 seconds
[2024-04-25T13:15:07.867+0000] {processor.py:157} INFO - Started process (PID=2462) to work on /home/airflow/.local/lib/python3.8/site-packages/airflow/example_dags/example_sensor_decorator.py
[2024-04-25T13:15:07.869+0000] {processor.py:829} INFO - Processing file /home/airflow/.local/lib/python3.8/site-packages/airflow/example_dags/example_sensor_decorator.py for tasks to queue
[2024-04-25T13:15:07.871+0000] {logging_mixin.py:154} INFO - [2024-04-25T13:15:07.870+0000] {dagbag.py:536} INFO - Filling up the DagBag from /home/airflow/.local/lib/python3.8/site-packages/airflow/example_dags/example_sensor_decorator.py
[2024-04-25T13:15:07.880+0000] {processor.py:839} INFO - DAG(s) dict_keys(['example_sensor_decorator']) retrieved from /home/airflow/.local/lib/python3.8/site-packages/airflow/example_dags/example_sensor_decorator.py
[2024-04-25T13:15:07.915+0000] {logging_mixin.py:154} INFO - [2024-04-25T13:15:07.914+0000] {dag.py:2941} INFO - Sync 1 DAGs
[2024-04-25T13:15:07.933+0000] {logging_mixin.py:154} INFO - [2024-04-25T13:15:07.933+0000] {dag.py:3722} INFO - Setting next_dagrun for example_sensor_decorator to None, run_after=None
[2024-04-25T13:15:07.959+0000] {processor.py:179} INFO - Processing /home/airflow/.local/lib/python3.8/site-packages/airflow/example_dags/example_sensor_decorator.py took 0.098 seconds
[2024-04-25T13:15:38.810+0000] {processor.py:157} INFO - Started process (PID=2700) to work on /home/airflow/.local/lib/python3.8/site-packages/airflow/example_dags/example_sensor_decorator.py
[2024-04-25T13:15:38.811+0000] {processor.py:829} INFO - Processing file /home/airflow/.local/lib/python3.8/site-packages/airflow/example_dags/example_sensor_decorator.py for tasks to queue
[2024-04-25T13:15:38.812+0000] {logging_mixin.py:154} INFO - [2024-04-25T13:15:38.812+0000] {dagbag.py:536} INFO - Filling up the DagBag from /home/airflow/.local/lib/python3.8/site-packages/airflow/example_dags/example_sensor_decorator.py
[2024-04-25T13:15:38.823+0000] {processor.py:839} INFO - DAG(s) dict_keys(['example_sensor_decorator']) retrieved from /home/airflow/.local/lib/python3.8/site-packages/airflow/example_dags/example_sensor_decorator.py
[2024-04-25T13:15:38.858+0000] {logging_mixin.py:154} INFO - [2024-04-25T13:15:38.857+0000] {dag.py:2941} INFO - Sync 1 DAGs
[2024-04-25T13:15:38.877+0000] {logging_mixin.py:154} INFO - [2024-04-25T13:15:38.876+0000] {dag.py:3722} INFO - Setting next_dagrun for example_sensor_decorator to None, run_after=None
[2024-04-25T13:15:38.902+0000] {processor.py:179} INFO - Processing /home/airflow/.local/lib/python3.8/site-packages/airflow/example_dags/example_sensor_decorator.py took 0.097 seconds
[2024-04-25T13:16:09.833+0000] {processor.py:157} INFO - Started process (PID=2943) to work on /home/airflow/.local/lib/python3.8/site-packages/airflow/example_dags/example_sensor_decorator.py
[2024-04-25T13:16:09.836+0000] {processor.py:829} INFO - Processing file /home/airflow/.local/lib/python3.8/site-packages/airflow/example_dags/example_sensor_decorator.py for tasks to queue
[2024-04-25T13:16:09.837+0000] {logging_mixin.py:154} INFO - [2024-04-25T13:16:09.837+0000] {dagbag.py:536} INFO - Filling up the DagBag from /home/airflow/.local/lib/python3.8/site-packages/airflow/example_dags/example_sensor_decorator.py
[2024-04-25T13:16:09.851+0000] {processor.py:839} INFO - DAG(s) dict_keys(['example_sensor_decorator']) retrieved from /home/airflow/.local/lib/python3.8/site-packages/airflow/example_dags/example_sensor_decorator.py
[2024-04-25T13:16:09.884+0000] {logging_mixin.py:154} INFO - [2024-04-25T13:16:09.884+0000] {dag.py:2941} INFO - Sync 1 DAGs
[2024-04-25T13:16:09.904+0000] {logging_mixin.py:154} INFO - [2024-04-25T13:16:09.903+0000] {dag.py:3722} INFO - Setting next_dagrun for example_sensor_decorator to None, run_after=None
[2024-04-25T13:16:09.931+0000] {processor.py:179} INFO - Processing /home/airflow/.local/lib/python3.8/site-packages/airflow/example_dags/example_sensor_decorator.py took 0.106 seconds
[2024-04-25T13:16:40.762+0000] {processor.py:157} INFO - Started process (PID=3182) to work on /home/airflow/.local/lib/python3.8/site-packages/airflow/example_dags/example_sensor_decorator.py
[2024-04-25T13:16:40.764+0000] {processor.py:829} INFO - Processing file /home/airflow/.local/lib/python3.8/site-packages/airflow/example_dags/example_sensor_decorator.py for tasks to queue
[2024-04-25T13:16:40.765+0000] {logging_mixin.py:154} INFO - [2024-04-25T13:16:40.764+0000] {dagbag.py:536} INFO - Filling up the DagBag from /home/airflow/.local/lib/python3.8/site-packages/airflow/example_dags/example_sensor_decorator.py
[2024-04-25T13:16:40.774+0000] {processor.py:839} INFO - DAG(s) dict_keys(['example_sensor_decorator']) retrieved from /home/airflow/.local/lib/python3.8/site-packages/airflow/example_dags/example_sensor_decorator.py
[2024-04-25T13:16:40.811+0000] {logging_mixin.py:154} INFO - [2024-04-25T13:16:40.810+0000] {dag.py:2941} INFO - Sync 1 DAGs
[2024-04-25T13:16:40.832+0000] {logging_mixin.py:154} INFO - [2024-04-25T13:16:40.831+0000] {dag.py:3722} INFO - Setting next_dagrun for example_sensor_decorator to None, run_after=None
[2024-04-25T13:16:40.875+0000] {processor.py:179} INFO - Processing /home/airflow/.local/lib/python3.8/site-packages/airflow/example_dags/example_sensor_decorator.py took 0.119 seconds
[2024-04-25T13:17:11.085+0000] {processor.py:157} INFO - Started process (PID=3425) to work on /home/airflow/.local/lib/python3.8/site-packages/airflow/example_dags/example_sensor_decorator.py
[2024-04-25T13:17:11.087+0000] {processor.py:829} INFO - Processing file /home/airflow/.local/lib/python3.8/site-packages/airflow/example_dags/example_sensor_decorator.py for tasks to queue
[2024-04-25T13:17:11.089+0000] {logging_mixin.py:154} INFO - [2024-04-25T13:17:11.088+0000] {dagbag.py:536} INFO - Filling up the DagBag from /home/airflow/.local/lib/python3.8/site-packages/airflow/example_dags/example_sensor_decorator.py
[2024-04-25T13:17:11.102+0000] {processor.py:839} INFO - DAG(s) dict_keys(['example_sensor_decorator']) retrieved from /home/airflow/.local/lib/python3.8/site-packages/airflow/example_dags/example_sensor_decorator.py
[2024-04-25T13:17:11.144+0000] {logging_mixin.py:154} INFO - [2024-04-25T13:17:11.144+0000] {dag.py:2941} INFO - Sync 1 DAGs
[2024-04-25T13:17:11.170+0000] {logging_mixin.py:154} INFO - [2024-04-25T13:17:11.169+0000] {dag.py:3722} INFO - Setting next_dagrun for example_sensor_decorator to None, run_after=None
[2024-04-25T13:17:11.199+0000] {processor.py:179} INFO - Processing /home/airflow/.local/lib/python3.8/site-packages/airflow/example_dags/example_sensor_decorator.py took 0.122 seconds
[2024-04-25T13:17:41.722+0000] {processor.py:157} INFO - Started process (PID=3670) to work on /home/airflow/.local/lib/python3.8/site-packages/airflow/example_dags/example_sensor_decorator.py
[2024-04-25T13:17:41.724+0000] {processor.py:829} INFO - Processing file /home/airflow/.local/lib/python3.8/site-packages/airflow/example_dags/example_sensor_decorator.py for tasks to queue
[2024-04-25T13:17:41.725+0000] {logging_mixin.py:154} INFO - [2024-04-25T13:17:41.724+0000] {dagbag.py:536} INFO - Filling up the DagBag from /home/airflow/.local/lib/python3.8/site-packages/airflow/example_dags/example_sensor_decorator.py
[2024-04-25T13:17:41.735+0000] {processor.py:839} INFO - DAG(s) dict_keys(['example_sensor_decorator']) retrieved from /home/airflow/.local/lib/python3.8/site-packages/airflow/example_dags/example_sensor_decorator.py
[2024-04-25T13:17:41.768+0000] {logging_mixin.py:154} INFO - [2024-04-25T13:17:41.767+0000] {dag.py:2941} INFO - Sync 1 DAGs
[2024-04-25T13:17:41.785+0000] {logging_mixin.py:154} INFO - [2024-04-25T13:17:41.785+0000] {dag.py:3722} INFO - Setting next_dagrun for example_sensor_decorator to None, run_after=None
[2024-04-25T13:17:41.811+0000] {processor.py:179} INFO - Processing /home/airflow/.local/lib/python3.8/site-packages/airflow/example_dags/example_sensor_decorator.py took 0.094 seconds
[2024-04-25T13:18:12.642+0000] {processor.py:157} INFO - Started process (PID=3912) to work on /home/airflow/.local/lib/python3.8/site-packages/airflow/example_dags/example_sensor_decorator.py
[2024-04-25T13:18:12.645+0000] {processor.py:829} INFO - Processing file /home/airflow/.local/lib/python3.8/site-packages/airflow/example_dags/example_sensor_decorator.py for tasks to queue
[2024-04-25T13:18:12.646+0000] {logging_mixin.py:154} INFO - [2024-04-25T13:18:12.645+0000] {dagbag.py:536} INFO - Filling up the DagBag from /home/airflow/.local/lib/python3.8/site-packages/airflow/example_dags/example_sensor_decorator.py
[2024-04-25T13:18:12.656+0000] {processor.py:839} INFO - DAG(s) dict_keys(['example_sensor_decorator']) retrieved from /home/airflow/.local/lib/python3.8/site-packages/airflow/example_dags/example_sensor_decorator.py
[2024-04-25T13:18:12.693+0000] {logging_mixin.py:154} INFO - [2024-04-25T13:18:12.692+0000] {dag.py:2941} INFO - Sync 1 DAGs
[2024-04-25T13:18:12.711+0000] {logging_mixin.py:154} INFO - [2024-04-25T13:18:12.711+0000] {dag.py:3722} INFO - Setting next_dagrun for example_sensor_decorator to None, run_after=None
[2024-04-25T13:18:12.741+0000] {processor.py:179} INFO - Processing /home/airflow/.local/lib/python3.8/site-packages/airflow/example_dags/example_sensor_decorator.py took 0.105 seconds
[2024-04-25T13:18:43.773+0000] {processor.py:157} INFO - Started process (PID=4158) to work on /home/airflow/.local/lib/python3.8/site-packages/airflow/example_dags/example_sensor_decorator.py
[2024-04-25T13:18:43.775+0000] {processor.py:829} INFO - Processing file /home/airflow/.local/lib/python3.8/site-packages/airflow/example_dags/example_sensor_decorator.py for tasks to queue
[2024-04-25T13:18:43.776+0000] {logging_mixin.py:154} INFO - [2024-04-25T13:18:43.776+0000] {dagbag.py:536} INFO - Filling up the DagBag from /home/airflow/.local/lib/python3.8/site-packages/airflow/example_dags/example_sensor_decorator.py
[2024-04-25T13:18:43.787+0000] {processor.py:839} INFO - DAG(s) dict_keys(['example_sensor_decorator']) retrieved from /home/airflow/.local/lib/python3.8/site-packages/airflow/example_dags/example_sensor_decorator.py
[2024-04-25T13:18:43.820+0000] {logging_mixin.py:154} INFO - [2024-04-25T13:18:43.820+0000] {dag.py:2941} INFO - Sync 1 DAGs
[2024-04-25T13:18:43.838+0000] {logging_mixin.py:154} INFO - [2024-04-25T13:18:43.837+0000] {dag.py:3722} INFO - Setting next_dagrun for example_sensor_decorator to None, run_after=None
[2024-04-25T13:18:43.865+0000] {processor.py:179} INFO - Processing /home/airflow/.local/lib/python3.8/site-packages/airflow/example_dags/example_sensor_decorator.py took 0.098 seconds
[2024-04-25T13:27:15.132+0000] {processor.py:157} INFO - Started process (PID=263) to work on /home/airflow/.local/lib/python3.8/site-packages/airflow/example_dags/example_sensor_decorator.py
[2024-04-25T13:27:15.135+0000] {processor.py:829} INFO - Processing file /home/airflow/.local/lib/python3.8/site-packages/airflow/example_dags/example_sensor_decorator.py for tasks to queue
[2024-04-25T13:27:15.136+0000] {logging_mixin.py:154} INFO - [2024-04-25T13:27:15.136+0000] {dagbag.py:536} INFO - Filling up the DagBag from /home/airflow/.local/lib/python3.8/site-packages/airflow/example_dags/example_sensor_decorator.py
[2024-04-25T13:27:15.151+0000] {processor.py:839} INFO - DAG(s) dict_keys(['example_sensor_decorator']) retrieved from /home/airflow/.local/lib/python3.8/site-packages/airflow/example_dags/example_sensor_decorator.py
[2024-04-25T13:27:15.174+0000] {logging_mixin.py:154} INFO - [2024-04-25T13:27:15.173+0000] {dag.py:2941} INFO - Sync 1 DAGs
[2024-04-25T13:27:15.211+0000] {logging_mixin.py:154} INFO - [2024-04-25T13:27:15.210+0000] {dag.py:3722} INFO - Setting next_dagrun for example_sensor_decorator to None, run_after=None
[2024-04-25T13:27:15.245+0000] {processor.py:179} INFO - Processing /home/airflow/.local/lib/python3.8/site-packages/airflow/example_dags/example_sensor_decorator.py took 0.122 seconds
[2024-04-25T13:27:45.865+0000] {processor.py:157} INFO - Started process (PID=506) to work on /home/airflow/.local/lib/python3.8/site-packages/airflow/example_dags/example_sensor_decorator.py
[2024-04-25T13:27:45.866+0000] {processor.py:829} INFO - Processing file /home/airflow/.local/lib/python3.8/site-packages/airflow/example_dags/example_sensor_decorator.py for tasks to queue
[2024-04-25T13:27:45.867+0000] {logging_mixin.py:154} INFO - [2024-04-25T13:27:45.867+0000] {dagbag.py:536} INFO - Filling up the DagBag from /home/airflow/.local/lib/python3.8/site-packages/airflow/example_dags/example_sensor_decorator.py
[2024-04-25T13:27:45.880+0000] {processor.py:839} INFO - DAG(s) dict_keys(['example_sensor_decorator']) retrieved from /home/airflow/.local/lib/python3.8/site-packages/airflow/example_dags/example_sensor_decorator.py
[2024-04-25T13:27:45.917+0000] {logging_mixin.py:154} INFO - [2024-04-25T13:27:45.916+0000] {dag.py:2941} INFO - Sync 1 DAGs
[2024-04-25T13:27:45.936+0000] {logging_mixin.py:154} INFO - [2024-04-25T13:27:45.936+0000] {dag.py:3722} INFO - Setting next_dagrun for example_sensor_decorator to None, run_after=None
[2024-04-25T13:27:45.968+0000] {processor.py:179} INFO - Processing /home/airflow/.local/lib/python3.8/site-packages/airflow/example_dags/example_sensor_decorator.py took 0.109 seconds
[2024-04-25T13:28:16.451+0000] {processor.py:157} INFO - Started process (PID=749) to work on /home/airflow/.local/lib/python3.8/site-packages/airflow/example_dags/example_sensor_decorator.py
[2024-04-25T13:28:16.454+0000] {processor.py:829} INFO - Processing file /home/airflow/.local/lib/python3.8/site-packages/airflow/example_dags/example_sensor_decorator.py for tasks to queue
[2024-04-25T13:28:16.456+0000] {logging_mixin.py:154} INFO - [2024-04-25T13:28:16.455+0000] {dagbag.py:536} INFO - Filling up the DagBag from /home/airflow/.local/lib/python3.8/site-packages/airflow/example_dags/example_sensor_decorator.py
[2024-04-25T13:28:16.470+0000] {processor.py:839} INFO - DAG(s) dict_keys(['example_sensor_decorator']) retrieved from /home/airflow/.local/lib/python3.8/site-packages/airflow/example_dags/example_sensor_decorator.py
[2024-04-25T13:28:16.519+0000] {logging_mixin.py:154} INFO - [2024-04-25T13:28:16.519+0000] {dag.py:2941} INFO - Sync 1 DAGs
[2024-04-25T13:28:16.536+0000] {logging_mixin.py:154} INFO - [2024-04-25T13:28:16.536+0000] {dag.py:3722} INFO - Setting next_dagrun for example_sensor_decorator to None, run_after=None
[2024-04-25T13:28:16.563+0000] {processor.py:179} INFO - Processing /home/airflow/.local/lib/python3.8/site-packages/airflow/example_dags/example_sensor_decorator.py took 0.120 seconds
[2024-04-25T13:28:47.468+0000] {processor.py:157} INFO - Started process (PID=999) to work on /home/airflow/.local/lib/python3.8/site-packages/airflow/example_dags/example_sensor_decorator.py
[2024-04-25T13:28:47.470+0000] {processor.py:829} INFO - Processing file /home/airflow/.local/lib/python3.8/site-packages/airflow/example_dags/example_sensor_decorator.py for tasks to queue
[2024-04-25T13:28:47.471+0000] {logging_mixin.py:154} INFO - [2024-04-25T13:28:47.471+0000] {dagbag.py:536} INFO - Filling up the DagBag from /home/airflow/.local/lib/python3.8/site-packages/airflow/example_dags/example_sensor_decorator.py
[2024-04-25T13:28:47.484+0000] {processor.py:839} INFO - DAG(s) dict_keys(['example_sensor_decorator']) retrieved from /home/airflow/.local/lib/python3.8/site-packages/airflow/example_dags/example_sensor_decorator.py
[2024-04-25T13:28:47.532+0000] {logging_mixin.py:154} INFO - [2024-04-25T13:28:47.531+0000] {dag.py:2941} INFO - Sync 1 DAGs
[2024-04-25T13:28:47.554+0000] {logging_mixin.py:154} INFO - [2024-04-25T13:28:47.553+0000] {dag.py:3722} INFO - Setting next_dagrun for example_sensor_decorator to None, run_after=None
[2024-04-25T13:28:47.579+0000] {processor.py:179} INFO - Processing /home/airflow/.local/lib/python3.8/site-packages/airflow/example_dags/example_sensor_decorator.py took 0.118 seconds
[2024-04-25T13:29:18.426+0000] {processor.py:157} INFO - Started process (PID=1247) to work on /home/airflow/.local/lib/python3.8/site-packages/airflow/example_dags/example_sensor_decorator.py
[2024-04-25T13:29:18.428+0000] {processor.py:829} INFO - Processing file /home/airflow/.local/lib/python3.8/site-packages/airflow/example_dags/example_sensor_decorator.py for tasks to queue
[2024-04-25T13:29:18.429+0000] {logging_mixin.py:154} INFO - [2024-04-25T13:29:18.429+0000] {dagbag.py:536} INFO - Filling up the DagBag from /home/airflow/.local/lib/python3.8/site-packages/airflow/example_dags/example_sensor_decorator.py
[2024-04-25T13:29:18.440+0000] {processor.py:839} INFO - DAG(s) dict_keys(['example_sensor_decorator']) retrieved from /home/airflow/.local/lib/python3.8/site-packages/airflow/example_dags/example_sensor_decorator.py
[2024-04-25T13:29:18.482+0000] {logging_mixin.py:154} INFO - [2024-04-25T13:29:18.482+0000] {dag.py:2941} INFO - Sync 1 DAGs
[2024-04-25T13:29:18.509+0000] {logging_mixin.py:154} INFO - [2024-04-25T13:29:18.508+0000] {dag.py:3722} INFO - Setting next_dagrun for example_sensor_decorator to None, run_after=None
[2024-04-25T13:29:18.552+0000] {processor.py:179} INFO - Processing /home/airflow/.local/lib/python3.8/site-packages/airflow/example_dags/example_sensor_decorator.py took 0.133 seconds
[2024-04-25T13:29:49.135+0000] {processor.py:157} INFO - Started process (PID=1490) to work on /home/airflow/.local/lib/python3.8/site-packages/airflow/example_dags/example_sensor_decorator.py
[2024-04-25T13:29:49.138+0000] {processor.py:829} INFO - Processing file /home/airflow/.local/lib/python3.8/site-packages/airflow/example_dags/example_sensor_decorator.py for tasks to queue
[2024-04-25T13:29:49.139+0000] {logging_mixin.py:154} INFO - [2024-04-25T13:29:49.139+0000] {dagbag.py:536} INFO - Filling up the DagBag from /home/airflow/.local/lib/python3.8/site-packages/airflow/example_dags/example_sensor_decorator.py
[2024-04-25T13:29:49.153+0000] {processor.py:839} INFO - DAG(s) dict_keys(['example_sensor_decorator']) retrieved from /home/airflow/.local/lib/python3.8/site-packages/airflow/example_dags/example_sensor_decorator.py
[2024-04-25T13:29:49.190+0000] {logging_mixin.py:154} INFO - [2024-04-25T13:29:49.190+0000] {dag.py:2941} INFO - Sync 1 DAGs
[2024-04-25T13:29:49.211+0000] {logging_mixin.py:154} INFO - [2024-04-25T13:29:49.211+0000] {dag.py:3722} INFO - Setting next_dagrun for example_sensor_decorator to None, run_after=None
[2024-04-25T13:29:49.242+0000] {processor.py:179} INFO - Processing /home/airflow/.local/lib/python3.8/site-packages/airflow/example_dags/example_sensor_decorator.py took 0.114 seconds
[2024-04-25T13:30:19.777+0000] {processor.py:157} INFO - Started process (PID=1733) to work on /home/airflow/.local/lib/python3.8/site-packages/airflow/example_dags/example_sensor_decorator.py
[2024-04-25T13:30:19.780+0000] {processor.py:829} INFO - Processing file /home/airflow/.local/lib/python3.8/site-packages/airflow/example_dags/example_sensor_decorator.py for tasks to queue
[2024-04-25T13:30:19.781+0000] {logging_mixin.py:154} INFO - [2024-04-25T13:30:19.781+0000] {dagbag.py:536} INFO - Filling up the DagBag from /home/airflow/.local/lib/python3.8/site-packages/airflow/example_dags/example_sensor_decorator.py
[2024-04-25T13:30:19.794+0000] {processor.py:839} INFO - DAG(s) dict_keys(['example_sensor_decorator']) retrieved from /home/airflow/.local/lib/python3.8/site-packages/airflow/example_dags/example_sensor_decorator.py
[2024-04-25T13:30:19.830+0000] {logging_mixin.py:154} INFO - [2024-04-25T13:30:19.830+0000] {dag.py:2941} INFO - Sync 1 DAGs
[2024-04-25T13:30:19.850+0000] {logging_mixin.py:154} INFO - [2024-04-25T13:30:19.849+0000] {dag.py:3722} INFO - Setting next_dagrun for example_sensor_decorator to None, run_after=None
[2024-04-25T13:30:19.878+0000] {processor.py:179} INFO - Processing /home/airflow/.local/lib/python3.8/site-packages/airflow/example_dags/example_sensor_decorator.py took 0.109 seconds
[2024-04-25T13:30:50.383+0000] {processor.py:157} INFO - Started process (PID=1975) to work on /home/airflow/.local/lib/python3.8/site-packages/airflow/example_dags/example_sensor_decorator.py
[2024-04-25T13:30:50.384+0000] {processor.py:829} INFO - Processing file /home/airflow/.local/lib/python3.8/site-packages/airflow/example_dags/example_sensor_decorator.py for tasks to queue
[2024-04-25T13:30:50.386+0000] {logging_mixin.py:154} INFO - [2024-04-25T13:30:50.385+0000] {dagbag.py:536} INFO - Filling up the DagBag from /home/airflow/.local/lib/python3.8/site-packages/airflow/example_dags/example_sensor_decorator.py
[2024-04-25T13:30:50.400+0000] {processor.py:839} INFO - DAG(s) dict_keys(['example_sensor_decorator']) retrieved from /home/airflow/.local/lib/python3.8/site-packages/airflow/example_dags/example_sensor_decorator.py
[2024-04-25T13:30:50.435+0000] {logging_mixin.py:154} INFO - [2024-04-25T13:30:50.435+0000] {dag.py:2941} INFO - Sync 1 DAGs
[2024-04-25T13:30:50.455+0000] {logging_mixin.py:154} INFO - [2024-04-25T13:30:50.455+0000] {dag.py:3722} INFO - Setting next_dagrun for example_sensor_decorator to None, run_after=None
[2024-04-25T13:30:50.484+0000] {processor.py:179} INFO - Processing /home/airflow/.local/lib/python3.8/site-packages/airflow/example_dags/example_sensor_decorator.py took 0.110 seconds
[2024-04-25T13:31:21.188+0000] {processor.py:157} INFO - Started process (PID=2218) to work on /home/airflow/.local/lib/python3.8/site-packages/airflow/example_dags/example_sensor_decorator.py
[2024-04-25T13:31:21.190+0000] {processor.py:829} INFO - Processing file /home/airflow/.local/lib/python3.8/site-packages/airflow/example_dags/example_sensor_decorator.py for tasks to queue
[2024-04-25T13:31:21.192+0000] {logging_mixin.py:154} INFO - [2024-04-25T13:31:21.191+0000] {dagbag.py:536} INFO - Filling up the DagBag from /home/airflow/.local/lib/python3.8/site-packages/airflow/example_dags/example_sensor_decorator.py
[2024-04-25T13:31:21.205+0000] {processor.py:839} INFO - DAG(s) dict_keys(['example_sensor_decorator']) retrieved from /home/airflow/.local/lib/python3.8/site-packages/airflow/example_dags/example_sensor_decorator.py
[2024-04-25T13:31:21.242+0000] {logging_mixin.py:154} INFO - [2024-04-25T13:31:21.242+0000] {dag.py:2941} INFO - Sync 1 DAGs
[2024-04-25T13:31:21.262+0000] {logging_mixin.py:154} INFO - [2024-04-25T13:31:21.261+0000] {dag.py:3722} INFO - Setting next_dagrun for example_sensor_decorator to None, run_after=None
[2024-04-25T13:31:21.289+0000] {processor.py:179} INFO - Processing /home/airflow/.local/lib/python3.8/site-packages/airflow/example_dags/example_sensor_decorator.py took 0.108 seconds
[2024-04-25T13:31:51.699+0000] {processor.py:157} INFO - Started process (PID=2461) to work on /home/airflow/.local/lib/python3.8/site-packages/airflow/example_dags/example_sensor_decorator.py
[2024-04-25T13:31:51.700+0000] {processor.py:829} INFO - Processing file /home/airflow/.local/lib/python3.8/site-packages/airflow/example_dags/example_sensor_decorator.py for tasks to queue
[2024-04-25T13:31:51.701+0000] {logging_mixin.py:154} INFO - [2024-04-25T13:31:51.701+0000] {dagbag.py:536} INFO - Filling up the DagBag from /home/airflow/.local/lib/python3.8/site-packages/airflow/example_dags/example_sensor_decorator.py
[2024-04-25T13:31:51.712+0000] {processor.py:839} INFO - DAG(s) dict_keys(['example_sensor_decorator']) retrieved from /home/airflow/.local/lib/python3.8/site-packages/airflow/example_dags/example_sensor_decorator.py
[2024-04-25T13:31:51.749+0000] {logging_mixin.py:154} INFO - [2024-04-25T13:31:51.749+0000] {dag.py:2941} INFO - Sync 1 DAGs
[2024-04-25T13:31:51.769+0000] {logging_mixin.py:154} INFO - [2024-04-25T13:31:51.769+0000] {dag.py:3722} INFO - Setting next_dagrun for example_sensor_decorator to None, run_after=None
[2024-04-25T13:31:51.808+0000] {processor.py:179} INFO - Processing /home/airflow/.local/lib/python3.8/site-packages/airflow/example_dags/example_sensor_decorator.py took 0.116 seconds
[2024-04-25T13:32:22.232+0000] {processor.py:157} INFO - Started process (PID=2704) to work on /home/airflow/.local/lib/python3.8/site-packages/airflow/example_dags/example_sensor_decorator.py
[2024-04-25T13:32:22.235+0000] {processor.py:829} INFO - Processing file /home/airflow/.local/lib/python3.8/site-packages/airflow/example_dags/example_sensor_decorator.py for tasks to queue
[2024-04-25T13:32:22.236+0000] {logging_mixin.py:154} INFO - [2024-04-25T13:32:22.235+0000] {dagbag.py:536} INFO - Filling up the DagBag from /home/airflow/.local/lib/python3.8/site-packages/airflow/example_dags/example_sensor_decorator.py
[2024-04-25T13:32:22.245+0000] {processor.py:839} INFO - DAG(s) dict_keys(['example_sensor_decorator']) retrieved from /home/airflow/.local/lib/python3.8/site-packages/airflow/example_dags/example_sensor_decorator.py
[2024-04-25T13:32:22.279+0000] {logging_mixin.py:154} INFO - [2024-04-25T13:32:22.279+0000] {dag.py:2941} INFO - Sync 1 DAGs
[2024-04-25T13:32:22.300+0000] {logging_mixin.py:154} INFO - [2024-04-25T13:32:22.299+0000] {dag.py:3722} INFO - Setting next_dagrun for example_sensor_decorator to None, run_after=None
[2024-04-25T13:32:22.335+0000] {processor.py:179} INFO - Processing /home/airflow/.local/lib/python3.8/site-packages/airflow/example_dags/example_sensor_decorator.py took 0.109 seconds
[2024-04-25T13:32:53.173+0000] {processor.py:157} INFO - Started process (PID=2949) to work on /home/airflow/.local/lib/python3.8/site-packages/airflow/example_dags/example_sensor_decorator.py
[2024-04-25T13:32:53.175+0000] {processor.py:829} INFO - Processing file /home/airflow/.local/lib/python3.8/site-packages/airflow/example_dags/example_sensor_decorator.py for tasks to queue
[2024-04-25T13:32:53.177+0000] {logging_mixin.py:154} INFO - [2024-04-25T13:32:53.177+0000] {dagbag.py:536} INFO - Filling up the DagBag from /home/airflow/.local/lib/python3.8/site-packages/airflow/example_dags/example_sensor_decorator.py
[2024-04-25T13:32:53.191+0000] {processor.py:839} INFO - DAG(s) dict_keys(['example_sensor_decorator']) retrieved from /home/airflow/.local/lib/python3.8/site-packages/airflow/example_dags/example_sensor_decorator.py
[2024-04-25T13:32:53.235+0000] {logging_mixin.py:154} INFO - [2024-04-25T13:32:53.234+0000] {dag.py:2941} INFO - Sync 1 DAGs
[2024-04-25T13:32:53.262+0000] {logging_mixin.py:154} INFO - [2024-04-25T13:32:53.262+0000] {dag.py:3722} INFO - Setting next_dagrun for example_sensor_decorator to None, run_after=None
[2024-04-25T13:32:53.301+0000] {processor.py:179} INFO - Processing /home/airflow/.local/lib/python3.8/site-packages/airflow/example_dags/example_sensor_decorator.py took 0.135 seconds
[2024-04-25T13:33:24.132+0000] {processor.py:157} INFO - Started process (PID=3198) to work on /home/airflow/.local/lib/python3.8/site-packages/airflow/example_dags/example_sensor_decorator.py
[2024-04-25T13:33:24.136+0000] {processor.py:829} INFO - Processing file /home/airflow/.local/lib/python3.8/site-packages/airflow/example_dags/example_sensor_decorator.py for tasks to queue
[2024-04-25T13:33:24.138+0000] {logging_mixin.py:154} INFO - [2024-04-25T13:33:24.137+0000] {dagbag.py:536} INFO - Filling up the DagBag from /home/airflow/.local/lib/python3.8/site-packages/airflow/example_dags/example_sensor_decorator.py
[2024-04-25T13:33:24.152+0000] {processor.py:839} INFO - DAG(s) dict_keys(['example_sensor_decorator']) retrieved from /home/airflow/.local/lib/python3.8/site-packages/airflow/example_dags/example_sensor_decorator.py
[2024-04-25T13:33:24.213+0000] {logging_mixin.py:154} INFO - [2024-04-25T13:33:24.212+0000] {dag.py:2941} INFO - Sync 1 DAGs
[2024-04-25T13:33:24.240+0000] {logging_mixin.py:154} INFO - [2024-04-25T13:33:24.239+0000] {dag.py:3722} INFO - Setting next_dagrun for example_sensor_decorator to None, run_after=None
[2024-04-25T13:33:24.288+0000] {processor.py:179} INFO - Processing /home/airflow/.local/lib/python3.8/site-packages/airflow/example_dags/example_sensor_decorator.py took 0.163 seconds
[2024-04-25T13:33:56.413+0000] {processor.py:157} INFO - Started process (PID=3447) to work on /home/airflow/.local/lib/python3.8/site-packages/airflow/example_dags/example_sensor_decorator.py
[2024-04-25T13:33:56.419+0000] {processor.py:829} INFO - Processing file /home/airflow/.local/lib/python3.8/site-packages/airflow/example_dags/example_sensor_decorator.py for tasks to queue
[2024-04-25T13:33:56.423+0000] {logging_mixin.py:154} INFO - [2024-04-25T13:33:56.421+0000] {dagbag.py:536} INFO - Filling up the DagBag from /home/airflow/.local/lib/python3.8/site-packages/airflow/example_dags/example_sensor_decorator.py
[2024-04-25T13:33:56.453+0000] {processor.py:839} INFO - DAG(s) dict_keys(['example_sensor_decorator']) retrieved from /home/airflow/.local/lib/python3.8/site-packages/airflow/example_dags/example_sensor_decorator.py
[2024-04-25T13:33:56.559+0000] {logging_mixin.py:154} INFO - [2024-04-25T13:33:56.558+0000] {dag.py:2941} INFO - Sync 1 DAGs
[2024-04-25T13:33:56.631+0000] {logging_mixin.py:154} INFO - [2024-04-25T13:33:56.630+0000] {dag.py:3722} INFO - Setting next_dagrun for example_sensor_decorator to None, run_after=None
[2024-04-25T13:33:56.716+0000] {processor.py:179} INFO - Processing /home/airflow/.local/lib/python3.8/site-packages/airflow/example_dags/example_sensor_decorator.py took 0.322 seconds
[2024-04-25T13:34:27.101+0000] {processor.py:157} INFO - Started process (PID=3688) to work on /home/airflow/.local/lib/python3.8/site-packages/airflow/example_dags/example_sensor_decorator.py
[2024-04-25T13:34:27.113+0000] {processor.py:829} INFO - Processing file /home/airflow/.local/lib/python3.8/site-packages/airflow/example_dags/example_sensor_decorator.py for tasks to queue
[2024-04-25T13:34:27.115+0000] {logging_mixin.py:154} INFO - [2024-04-25T13:34:27.114+0000] {dagbag.py:536} INFO - Filling up the DagBag from /home/airflow/.local/lib/python3.8/site-packages/airflow/example_dags/example_sensor_decorator.py
[2024-04-25T13:34:27.143+0000] {processor.py:839} INFO - DAG(s) dict_keys(['example_sensor_decorator']) retrieved from /home/airflow/.local/lib/python3.8/site-packages/airflow/example_dags/example_sensor_decorator.py
[2024-04-25T13:34:27.201+0000] {logging_mixin.py:154} INFO - [2024-04-25T13:34:27.200+0000] {dag.py:2941} INFO - Sync 1 DAGs
[2024-04-25T13:34:27.235+0000] {logging_mixin.py:154} INFO - [2024-04-25T13:34:27.235+0000] {dag.py:3722} INFO - Setting next_dagrun for example_sensor_decorator to None, run_after=None
[2024-04-25T13:34:27.276+0000] {processor.py:179} INFO - Processing /home/airflow/.local/lib/python3.8/site-packages/airflow/example_dags/example_sensor_decorator.py took 0.192 seconds
[2024-04-25T13:34:58.136+0000] {processor.py:157} INFO - Started process (PID=3931) to work on /home/airflow/.local/lib/python3.8/site-packages/airflow/example_dags/example_sensor_decorator.py
[2024-04-25T13:34:58.139+0000] {processor.py:829} INFO - Processing file /home/airflow/.local/lib/python3.8/site-packages/airflow/example_dags/example_sensor_decorator.py for tasks to queue
[2024-04-25T13:34:58.140+0000] {logging_mixin.py:154} INFO - [2024-04-25T13:34:58.140+0000] {dagbag.py:536} INFO - Filling up the DagBag from /home/airflow/.local/lib/python3.8/site-packages/airflow/example_dags/example_sensor_decorator.py
[2024-04-25T13:34:58.153+0000] {processor.py:839} INFO - DAG(s) dict_keys(['example_sensor_decorator']) retrieved from /home/airflow/.local/lib/python3.8/site-packages/airflow/example_dags/example_sensor_decorator.py
[2024-04-25T13:34:58.197+0000] {logging_mixin.py:154} INFO - [2024-04-25T13:34:58.197+0000] {dag.py:2941} INFO - Sync 1 DAGs
[2024-04-25T13:34:58.225+0000] {logging_mixin.py:154} INFO - [2024-04-25T13:34:58.224+0000] {dag.py:3722} INFO - Setting next_dagrun for example_sensor_decorator to None, run_after=None
[2024-04-25T13:34:58.269+0000] {processor.py:179} INFO - Processing /home/airflow/.local/lib/python3.8/site-packages/airflow/example_dags/example_sensor_decorator.py took 0.141 seconds
[2024-04-25T13:35:28.657+0000] {processor.py:157} INFO - Started process (PID=4180) to work on /home/airflow/.local/lib/python3.8/site-packages/airflow/example_dags/example_sensor_decorator.py
[2024-04-25T13:35:28.659+0000] {processor.py:829} INFO - Processing file /home/airflow/.local/lib/python3.8/site-packages/airflow/example_dags/example_sensor_decorator.py for tasks to queue
[2024-04-25T13:35:28.660+0000] {logging_mixin.py:154} INFO - [2024-04-25T13:35:28.660+0000] {dagbag.py:536} INFO - Filling up the DagBag from /home/airflow/.local/lib/python3.8/site-packages/airflow/example_dags/example_sensor_decorator.py
[2024-04-25T13:35:28.675+0000] {processor.py:839} INFO - DAG(s) dict_keys(['example_sensor_decorator']) retrieved from /home/airflow/.local/lib/python3.8/site-packages/airflow/example_dags/example_sensor_decorator.py
[2024-04-25T13:35:28.714+0000] {logging_mixin.py:154} INFO - [2024-04-25T13:35:28.713+0000] {dag.py:2941} INFO - Sync 1 DAGs
[2024-04-25T13:35:28.734+0000] {logging_mixin.py:154} INFO - [2024-04-25T13:35:28.734+0000] {dag.py:3722} INFO - Setting next_dagrun for example_sensor_decorator to None, run_after=None
[2024-04-25T13:35:28.765+0000] {processor.py:179} INFO - Processing /home/airflow/.local/lib/python3.8/site-packages/airflow/example_dags/example_sensor_decorator.py took 0.117 seconds
[2024-04-25T13:49:26.608+0000] {processor.py:157} INFO - Started process (PID=263) to work on /home/airflow/.local/lib/python3.8/site-packages/airflow/example_dags/example_sensor_decorator.py
[2024-04-25T13:49:26.610+0000] {processor.py:829} INFO - Processing file /home/airflow/.local/lib/python3.8/site-packages/airflow/example_dags/example_sensor_decorator.py for tasks to queue
[2024-04-25T13:49:26.612+0000] {logging_mixin.py:154} INFO - [2024-04-25T13:49:26.611+0000] {dagbag.py:536} INFO - Filling up the DagBag from /home/airflow/.local/lib/python3.8/site-packages/airflow/example_dags/example_sensor_decorator.py
[2024-04-25T13:49:26.625+0000] {processor.py:839} INFO - DAG(s) dict_keys(['example_sensor_decorator']) retrieved from /home/airflow/.local/lib/python3.8/site-packages/airflow/example_dags/example_sensor_decorator.py
[2024-04-25T13:49:26.647+0000] {logging_mixin.py:154} INFO - [2024-04-25T13:49:26.646+0000] {dag.py:2941} INFO - Sync 1 DAGs
[2024-04-25T13:49:26.669+0000] {logging_mixin.py:154} INFO - [2024-04-25T13:49:26.669+0000] {dag.py:3722} INFO - Setting next_dagrun for example_sensor_decorator to None, run_after=None
[2024-04-25T13:49:26.709+0000] {processor.py:179} INFO - Processing /home/airflow/.local/lib/python3.8/site-packages/airflow/example_dags/example_sensor_decorator.py took 0.108 seconds
[2024-04-25T13:49:57.302+0000] {processor.py:157} INFO - Started process (PID=507) to work on /home/airflow/.local/lib/python3.8/site-packages/airflow/example_dags/example_sensor_decorator.py
[2024-04-25T13:49:57.306+0000] {processor.py:829} INFO - Processing file /home/airflow/.local/lib/python3.8/site-packages/airflow/example_dags/example_sensor_decorator.py for tasks to queue
[2024-04-25T13:49:57.307+0000] {logging_mixin.py:154} INFO - [2024-04-25T13:49:57.307+0000] {dagbag.py:536} INFO - Filling up the DagBag from /home/airflow/.local/lib/python3.8/site-packages/airflow/example_dags/example_sensor_decorator.py
[2024-04-25T13:49:57.319+0000] {processor.py:839} INFO - DAG(s) dict_keys(['example_sensor_decorator']) retrieved from /home/airflow/.local/lib/python3.8/site-packages/airflow/example_dags/example_sensor_decorator.py
[2024-04-25T13:49:57.352+0000] {logging_mixin.py:154} INFO - [2024-04-25T13:49:57.352+0000] {dag.py:2941} INFO - Sync 1 DAGs
[2024-04-25T13:49:57.370+0000] {logging_mixin.py:154} INFO - [2024-04-25T13:49:57.369+0000] {dag.py:3722} INFO - Setting next_dagrun for example_sensor_decorator to None, run_after=None
[2024-04-25T13:49:57.396+0000] {processor.py:179} INFO - Processing /home/airflow/.local/lib/python3.8/site-packages/airflow/example_dags/example_sensor_decorator.py took 0.102 seconds
[2024-04-25T13:50:28.190+0000] {processor.py:157} INFO - Started process (PID=750) to work on /home/airflow/.local/lib/python3.8/site-packages/airflow/example_dags/example_sensor_decorator.py
[2024-04-25T13:50:28.192+0000] {processor.py:829} INFO - Processing file /home/airflow/.local/lib/python3.8/site-packages/airflow/example_dags/example_sensor_decorator.py for tasks to queue
[2024-04-25T13:50:28.193+0000] {logging_mixin.py:154} INFO - [2024-04-25T13:50:28.192+0000] {dagbag.py:536} INFO - Filling up the DagBag from /home/airflow/.local/lib/python3.8/site-packages/airflow/example_dags/example_sensor_decorator.py
[2024-04-25T13:50:28.202+0000] {processor.py:839} INFO - DAG(s) dict_keys(['example_sensor_decorator']) retrieved from /home/airflow/.local/lib/python3.8/site-packages/airflow/example_dags/example_sensor_decorator.py
[2024-04-25T13:50:28.239+0000] {logging_mixin.py:154} INFO - [2024-04-25T13:50:28.239+0000] {dag.py:2941} INFO - Sync 1 DAGs
[2024-04-25T13:50:28.265+0000] {logging_mixin.py:154} INFO - [2024-04-25T13:50:28.264+0000] {dag.py:3722} INFO - Setting next_dagrun for example_sensor_decorator to None, run_after=None
[2024-04-25T13:50:28.294+0000] {processor.py:179} INFO - Processing /home/airflow/.local/lib/python3.8/site-packages/airflow/example_dags/example_sensor_decorator.py took 0.110 seconds
[2024-04-25T13:50:59.454+0000] {processor.py:157} INFO - Started process (PID=993) to work on /home/airflow/.local/lib/python3.8/site-packages/airflow/example_dags/example_sensor_decorator.py
[2024-04-25T13:50:59.456+0000] {processor.py:829} INFO - Processing file /home/airflow/.local/lib/python3.8/site-packages/airflow/example_dags/example_sensor_decorator.py for tasks to queue
[2024-04-25T13:50:59.457+0000] {logging_mixin.py:154} INFO - [2024-04-25T13:50:59.457+0000] {dagbag.py:536} INFO - Filling up the DagBag from /home/airflow/.local/lib/python3.8/site-packages/airflow/example_dags/example_sensor_decorator.py
[2024-04-25T13:50:59.469+0000] {processor.py:839} INFO - DAG(s) dict_keys(['example_sensor_decorator']) retrieved from /home/airflow/.local/lib/python3.8/site-packages/airflow/example_dags/example_sensor_decorator.py
[2024-04-25T13:50:59.506+0000] {logging_mixin.py:154} INFO - [2024-04-25T13:50:59.505+0000] {dag.py:2941} INFO - Sync 1 DAGs
[2024-04-25T13:50:59.533+0000] {logging_mixin.py:154} INFO - [2024-04-25T13:50:59.533+0000] {dag.py:3722} INFO - Setting next_dagrun for example_sensor_decorator to None, run_after=None
[2024-04-25T13:50:59.565+0000] {processor.py:179} INFO - Processing /home/airflow/.local/lib/python3.8/site-packages/airflow/example_dags/example_sensor_decorator.py took 0.118 seconds
[2024-04-25T13:51:29.944+0000] {processor.py:157} INFO - Started process (PID=1238) to work on /home/airflow/.local/lib/python3.8/site-packages/airflow/example_dags/example_sensor_decorator.py
[2024-04-25T13:51:29.946+0000] {processor.py:829} INFO - Processing file /home/airflow/.local/lib/python3.8/site-packages/airflow/example_dags/example_sensor_decorator.py for tasks to queue
[2024-04-25T13:51:29.947+0000] {logging_mixin.py:154} INFO - [2024-04-25T13:51:29.947+0000] {dagbag.py:536} INFO - Filling up the DagBag from /home/airflow/.local/lib/python3.8/site-packages/airflow/example_dags/example_sensor_decorator.py
[2024-04-25T13:51:29.960+0000] {processor.py:839} INFO - DAG(s) dict_keys(['example_sensor_decorator']) retrieved from /home/airflow/.local/lib/python3.8/site-packages/airflow/example_dags/example_sensor_decorator.py
[2024-04-25T13:51:29.992+0000] {logging_mixin.py:154} INFO - [2024-04-25T13:51:29.992+0000] {dag.py:2941} INFO - Sync 1 DAGs
[2024-04-25T13:51:30.009+0000] {logging_mixin.py:154} INFO - [2024-04-25T13:51:30.009+0000] {dag.py:3722} INFO - Setting next_dagrun for example_sensor_decorator to None, run_after=None
[2024-04-25T13:51:30.035+0000] {processor.py:179} INFO - Processing /home/airflow/.local/lib/python3.8/site-packages/airflow/example_dags/example_sensor_decorator.py took 0.097 seconds
[2024-04-25T13:52:00.526+0000] {processor.py:157} INFO - Started process (PID=1481) to work on /home/airflow/.local/lib/python3.8/site-packages/airflow/example_dags/example_sensor_decorator.py
[2024-04-25T13:52:00.527+0000] {processor.py:829} INFO - Processing file /home/airflow/.local/lib/python3.8/site-packages/airflow/example_dags/example_sensor_decorator.py for tasks to queue
[2024-04-25T13:52:00.528+0000] {logging_mixin.py:154} INFO - [2024-04-25T13:52:00.528+0000] {dagbag.py:536} INFO - Filling up the DagBag from /home/airflow/.local/lib/python3.8/site-packages/airflow/example_dags/example_sensor_decorator.py
[2024-04-25T13:52:00.538+0000] {processor.py:839} INFO - DAG(s) dict_keys(['example_sensor_decorator']) retrieved from /home/airflow/.local/lib/python3.8/site-packages/airflow/example_dags/example_sensor_decorator.py
[2024-04-25T13:52:00.577+0000] {logging_mixin.py:154} INFO - [2024-04-25T13:52:00.576+0000] {dag.py:2941} INFO - Sync 1 DAGs
[2024-04-25T13:52:00.597+0000] {logging_mixin.py:154} INFO - [2024-04-25T13:52:00.597+0000] {dag.py:3722} INFO - Setting next_dagrun for example_sensor_decorator to None, run_after=None
[2024-04-25T13:52:00.629+0000] {processor.py:179} INFO - Processing /home/airflow/.local/lib/python3.8/site-packages/airflow/example_dags/example_sensor_decorator.py took 0.110 seconds
[2024-04-25T13:52:31.708+0000] {processor.py:157} INFO - Started process (PID=1726) to work on /home/airflow/.local/lib/python3.8/site-packages/airflow/example_dags/example_sensor_decorator.py
[2024-04-25T13:52:31.711+0000] {processor.py:829} INFO - Processing file /home/airflow/.local/lib/python3.8/site-packages/airflow/example_dags/example_sensor_decorator.py for tasks to queue
[2024-04-25T13:52:31.712+0000] {logging_mixin.py:154} INFO - [2024-04-25T13:52:31.712+0000] {dagbag.py:536} INFO - Filling up the DagBag from /home/airflow/.local/lib/python3.8/site-packages/airflow/example_dags/example_sensor_decorator.py
[2024-04-25T13:52:31.725+0000] {processor.py:839} INFO - DAG(s) dict_keys(['example_sensor_decorator']) retrieved from /home/airflow/.local/lib/python3.8/site-packages/airflow/example_dags/example_sensor_decorator.py
[2024-04-25T13:52:31.760+0000] {logging_mixin.py:154} INFO - [2024-04-25T13:52:31.759+0000] {dag.py:2941} INFO - Sync 1 DAGs
[2024-04-25T13:52:31.781+0000] {logging_mixin.py:154} INFO - [2024-04-25T13:52:31.781+0000] {dag.py:3722} INFO - Setting next_dagrun for example_sensor_decorator to None, run_after=None
[2024-04-25T13:52:31.816+0000] {processor.py:179} INFO - Processing /home/airflow/.local/lib/python3.8/site-packages/airflow/example_dags/example_sensor_decorator.py took 0.114 seconds
[2024-04-25T13:53:02.669+0000] {processor.py:157} INFO - Started process (PID=1971) to work on /home/airflow/.local/lib/python3.8/site-packages/airflow/example_dags/example_sensor_decorator.py
[2024-04-25T13:53:02.676+0000] {processor.py:829} INFO - Processing file /home/airflow/.local/lib/python3.8/site-packages/airflow/example_dags/example_sensor_decorator.py for tasks to queue
[2024-04-25T13:53:02.678+0000] {logging_mixin.py:154} INFO - [2024-04-25T13:53:02.677+0000] {dagbag.py:536} INFO - Filling up the DagBag from /home/airflow/.local/lib/python3.8/site-packages/airflow/example_dags/example_sensor_decorator.py
[2024-04-25T13:53:02.692+0000] {processor.py:839} INFO - DAG(s) dict_keys(['example_sensor_decorator']) retrieved from /home/airflow/.local/lib/python3.8/site-packages/airflow/example_dags/example_sensor_decorator.py
[2024-04-25T13:53:02.756+0000] {logging_mixin.py:154} INFO - [2024-04-25T13:53:02.755+0000] {dag.py:2941} INFO - Sync 1 DAGs
[2024-04-25T13:53:02.787+0000] {logging_mixin.py:154} INFO - [2024-04-25T13:53:02.786+0000] {dag.py:3722} INFO - Setting next_dagrun for example_sensor_decorator to None, run_after=None
[2024-04-25T13:53:02.842+0000] {processor.py:179} INFO - Processing /home/airflow/.local/lib/python3.8/site-packages/airflow/example_dags/example_sensor_decorator.py took 0.191 seconds
[2024-04-25T13:53:33.312+0000] {processor.py:157} INFO - Started process (PID=2217) to work on /home/airflow/.local/lib/python3.8/site-packages/airflow/example_dags/example_sensor_decorator.py
[2024-04-25T13:53:33.314+0000] {processor.py:829} INFO - Processing file /home/airflow/.local/lib/python3.8/site-packages/airflow/example_dags/example_sensor_decorator.py for tasks to queue
[2024-04-25T13:53:33.315+0000] {logging_mixin.py:154} INFO - [2024-04-25T13:53:33.315+0000] {dagbag.py:536} INFO - Filling up the DagBag from /home/airflow/.local/lib/python3.8/site-packages/airflow/example_dags/example_sensor_decorator.py
[2024-04-25T13:53:33.325+0000] {processor.py:839} INFO - DAG(s) dict_keys(['example_sensor_decorator']) retrieved from /home/airflow/.local/lib/python3.8/site-packages/airflow/example_dags/example_sensor_decorator.py
[2024-04-25T13:53:33.358+0000] {logging_mixin.py:154} INFO - [2024-04-25T13:53:33.358+0000] {dag.py:2941} INFO - Sync 1 DAGs
[2024-04-25T13:53:33.376+0000] {logging_mixin.py:154} INFO - [2024-04-25T13:53:33.376+0000] {dag.py:3722} INFO - Setting next_dagrun for example_sensor_decorator to None, run_after=None
[2024-04-25T13:53:33.406+0000] {processor.py:179} INFO - Processing /home/airflow/.local/lib/python3.8/site-packages/airflow/example_dags/example_sensor_decorator.py took 0.100 seconds
