[2024-04-25T12:38:05.102+0000] {processor.py:157} INFO - Started process (PID=343) to work on /home/airflow/.local/lib/python3.8/site-packages/airflow/example_dags/example_dag_decorator.py
[2024-04-25T12:38:05.104+0000] {processor.py:829} INFO - Processing file /home/airflow/.local/lib/python3.8/site-packages/airflow/example_dags/example_dag_decorator.py for tasks to queue
[2024-04-25T12:38:05.105+0000] {logging_mixin.py:154} INFO - [2024-04-25T12:38:05.105+0000] {dagbag.py:536} INFO - Filling up the DagBag from /home/airflow/.local/lib/python3.8/site-packages/airflow/example_dags/example_dag_decorator.py
[2024-04-25T12:38:05.338+0000] {processor.py:839} INFO - DAG(s) dict_keys(['example_dag_decorator']) retrieved from /home/airflow/.local/lib/python3.8/site-packages/airflow/example_dags/example_dag_decorator.py
[2024-04-25T12:38:05.565+0000] {logging_mixin.py:154} INFO - [2024-04-25T12:38:05.564+0000] {manager.py:499} INFO - Created Permission View: %s
[2024-04-25T12:38:05.586+0000] {logging_mixin.py:154} INFO - [2024-04-25T12:38:05.586+0000] {manager.py:499} INFO - Created Permission View: %s
[2024-04-25T12:38:05.596+0000] {logging_mixin.py:154} INFO - [2024-04-25T12:38:05.596+0000] {manager.py:499} INFO - Created Permission View: %s
[2024-04-25T12:38:05.597+0000] {logging_mixin.py:154} INFO - [2024-04-25T12:38:05.597+0000] {dag.py:2941} INFO - Sync 1 DAGs
[2024-04-25T12:38:05.878+0000] {logging_mixin.py:154} INFO - [2024-04-25T12:38:05.878+0000] {dag.py:2963} INFO - Creating ORM DAG for example_dag_decorator
[2024-04-25T12:38:05.879+0000] {logging_mixin.py:154} INFO - [2024-04-25T12:38:05.879+0000] {dag.py:3722} INFO - Setting next_dagrun for example_dag_decorator to None, run_after=None
[2024-04-25T12:38:05.906+0000] {processor.py:179} INFO - Processing /home/airflow/.local/lib/python3.8/site-packages/airflow/example_dags/example_dag_decorator.py took 0.809 seconds
[2024-04-25T12:38:36.136+0000] {processor.py:157} INFO - Started process (PID=586) to work on /home/airflow/.local/lib/python3.8/site-packages/airflow/example_dags/example_dag_decorator.py
[2024-04-25T12:38:36.138+0000] {processor.py:829} INFO - Processing file /home/airflow/.local/lib/python3.8/site-packages/airflow/example_dags/example_dag_decorator.py for tasks to queue
[2024-04-25T12:38:36.140+0000] {logging_mixin.py:154} INFO - [2024-04-25T12:38:36.139+0000] {dagbag.py:536} INFO - Filling up the DagBag from /home/airflow/.local/lib/python3.8/site-packages/airflow/example_dags/example_dag_decorator.py
[2024-04-25T12:38:36.258+0000] {processor.py:839} INFO - DAG(s) dict_keys(['example_dag_decorator']) retrieved from /home/airflow/.local/lib/python3.8/site-packages/airflow/example_dags/example_dag_decorator.py
[2024-04-25T12:38:36.429+0000] {logging_mixin.py:154} INFO - [2024-04-25T12:38:36.428+0000] {dag.py:2941} INFO - Sync 1 DAGs
[2024-04-25T12:38:36.453+0000] {logging_mixin.py:154} INFO - [2024-04-25T12:38:36.452+0000] {dag.py:3722} INFO - Setting next_dagrun for example_dag_decorator to None, run_after=None
[2024-04-25T12:38:36.492+0000] {processor.py:179} INFO - Processing /home/airflow/.local/lib/python3.8/site-packages/airflow/example_dags/example_dag_decorator.py took 0.364 seconds
[2024-04-25T12:39:06.686+0000] {processor.py:157} INFO - Started process (PID=837) to work on /home/airflow/.local/lib/python3.8/site-packages/airflow/example_dags/example_dag_decorator.py
[2024-04-25T12:39:06.689+0000] {processor.py:829} INFO - Processing file /home/airflow/.local/lib/python3.8/site-packages/airflow/example_dags/example_dag_decorator.py for tasks to queue
[2024-04-25T12:39:06.690+0000] {logging_mixin.py:154} INFO - [2024-04-25T12:39:06.689+0000] {dagbag.py:536} INFO - Filling up the DagBag from /home/airflow/.local/lib/python3.8/site-packages/airflow/example_dags/example_dag_decorator.py
[2024-04-25T12:39:06.784+0000] {processor.py:839} INFO - DAG(s) dict_keys(['example_dag_decorator']) retrieved from /home/airflow/.local/lib/python3.8/site-packages/airflow/example_dags/example_dag_decorator.py
[2024-04-25T12:39:06.926+0000] {logging_mixin.py:154} INFO - [2024-04-25T12:39:06.926+0000] {dag.py:2941} INFO - Sync 1 DAGs
[2024-04-25T12:39:06.939+0000] {logging_mixin.py:154} INFO - [2024-04-25T12:39:06.939+0000] {dag.py:3722} INFO - Setting next_dagrun for example_dag_decorator to None, run_after=None
[2024-04-25T12:39:06.966+0000] {processor.py:179} INFO - Processing /home/airflow/.local/lib/python3.8/site-packages/airflow/example_dags/example_dag_decorator.py took 0.285 seconds
[2024-04-25T12:39:37.067+0000] {processor.py:157} INFO - Started process (PID=1080) to work on /home/airflow/.local/lib/python3.8/site-packages/airflow/example_dags/example_dag_decorator.py
[2024-04-25T12:39:37.068+0000] {processor.py:829} INFO - Processing file /home/airflow/.local/lib/python3.8/site-packages/airflow/example_dags/example_dag_decorator.py for tasks to queue
[2024-04-25T12:39:37.069+0000] {logging_mixin.py:154} INFO - [2024-04-25T12:39:37.068+0000] {dagbag.py:536} INFO - Filling up the DagBag from /home/airflow/.local/lib/python3.8/site-packages/airflow/example_dags/example_dag_decorator.py
[2024-04-25T12:39:37.162+0000] {processor.py:839} INFO - DAG(s) dict_keys(['example_dag_decorator']) retrieved from /home/airflow/.local/lib/python3.8/site-packages/airflow/example_dags/example_dag_decorator.py
[2024-04-25T12:39:37.517+0000] {logging_mixin.py:154} INFO - [2024-04-25T12:39:37.517+0000] {dag.py:2941} INFO - Sync 1 DAGs
[2024-04-25T12:39:37.529+0000] {logging_mixin.py:154} INFO - [2024-04-25T12:39:37.529+0000] {dag.py:3722} INFO - Setting next_dagrun for example_dag_decorator to None, run_after=None
[2024-04-25T12:39:37.554+0000] {processor.py:179} INFO - Processing /home/airflow/.local/lib/python3.8/site-packages/airflow/example_dags/example_dag_decorator.py took 0.493 seconds
[2024-04-25T12:40:08.324+0000] {processor.py:157} INFO - Started process (PID=1323) to work on /home/airflow/.local/lib/python3.8/site-packages/airflow/example_dags/example_dag_decorator.py
[2024-04-25T12:40:08.326+0000] {processor.py:829} INFO - Processing file /home/airflow/.local/lib/python3.8/site-packages/airflow/example_dags/example_dag_decorator.py for tasks to queue
[2024-04-25T12:40:08.328+0000] {logging_mixin.py:154} INFO - [2024-04-25T12:40:08.327+0000] {dagbag.py:536} INFO - Filling up the DagBag from /home/airflow/.local/lib/python3.8/site-packages/airflow/example_dags/example_dag_decorator.py
[2024-04-25T12:40:08.426+0000] {processor.py:839} INFO - DAG(s) dict_keys(['example_dag_decorator']) retrieved from /home/airflow/.local/lib/python3.8/site-packages/airflow/example_dags/example_dag_decorator.py
[2024-04-25T12:40:08.592+0000] {logging_mixin.py:154} INFO - [2024-04-25T12:40:08.592+0000] {dag.py:2941} INFO - Sync 1 DAGs
[2024-04-25T12:40:08.616+0000] {logging_mixin.py:154} INFO - [2024-04-25T12:40:08.616+0000] {dag.py:3722} INFO - Setting next_dagrun for example_dag_decorator to None, run_after=None
[2024-04-25T12:40:08.892+0000] {processor.py:179} INFO - Processing /home/airflow/.local/lib/python3.8/site-packages/airflow/example_dags/example_dag_decorator.py took 0.577 seconds
[2024-04-25T12:40:39.178+0000] {processor.py:157} INFO - Started process (PID=1579) to work on /home/airflow/.local/lib/python3.8/site-packages/airflow/example_dags/example_dag_decorator.py
[2024-04-25T12:40:39.181+0000] {processor.py:829} INFO - Processing file /home/airflow/.local/lib/python3.8/site-packages/airflow/example_dags/example_dag_decorator.py for tasks to queue
[2024-04-25T12:40:39.182+0000] {logging_mixin.py:154} INFO - [2024-04-25T12:40:39.182+0000] {dagbag.py:536} INFO - Filling up the DagBag from /home/airflow/.local/lib/python3.8/site-packages/airflow/example_dags/example_dag_decorator.py
[2024-04-25T12:40:39.305+0000] {processor.py:839} INFO - DAG(s) dict_keys(['example_dag_decorator']) retrieved from /home/airflow/.local/lib/python3.8/site-packages/airflow/example_dags/example_dag_decorator.py
[2024-04-25T12:40:39.500+0000] {logging_mixin.py:154} INFO - [2024-04-25T12:40:39.500+0000] {dag.py:2941} INFO - Sync 1 DAGs
[2024-04-25T12:40:39.525+0000] {logging_mixin.py:154} INFO - [2024-04-25T12:40:39.524+0000] {dag.py:3722} INFO - Setting next_dagrun for example_dag_decorator to None, run_after=None
[2024-04-25T12:40:39.855+0000] {processor.py:179} INFO - Processing /home/airflow/.local/lib/python3.8/site-packages/airflow/example_dags/example_dag_decorator.py took 0.684 seconds
[2024-04-25T12:41:10.477+0000] {processor.py:157} INFO - Started process (PID=1844) to work on /home/airflow/.local/lib/python3.8/site-packages/airflow/example_dags/example_dag_decorator.py
[2024-04-25T12:41:10.478+0000] {processor.py:829} INFO - Processing file /home/airflow/.local/lib/python3.8/site-packages/airflow/example_dags/example_dag_decorator.py for tasks to queue
[2024-04-25T12:41:10.480+0000] {logging_mixin.py:154} INFO - [2024-04-25T12:41:10.480+0000] {dagbag.py:536} INFO - Filling up the DagBag from /home/airflow/.local/lib/python3.8/site-packages/airflow/example_dags/example_dag_decorator.py
[2024-04-25T12:41:10.596+0000] {processor.py:839} INFO - DAG(s) dict_keys(['example_dag_decorator']) retrieved from /home/airflow/.local/lib/python3.8/site-packages/airflow/example_dags/example_dag_decorator.py
[2024-04-25T12:41:10.743+0000] {logging_mixin.py:154} INFO - [2024-04-25T12:41:10.743+0000] {dag.py:2941} INFO - Sync 1 DAGs
[2024-04-25T12:41:10.758+0000] {logging_mixin.py:154} INFO - [2024-04-25T12:41:10.757+0000] {dag.py:3722} INFO - Setting next_dagrun for example_dag_decorator to None, run_after=None
[2024-04-25T12:41:10.785+0000] {processor.py:179} INFO - Processing /home/airflow/.local/lib/python3.8/site-packages/airflow/example_dags/example_dag_decorator.py took 0.317 seconds
[2024-04-25T12:41:41.258+0000] {processor.py:157} INFO - Started process (PID=2092) to work on /home/airflow/.local/lib/python3.8/site-packages/airflow/example_dags/example_dag_decorator.py
[2024-04-25T12:41:41.260+0000] {processor.py:829} INFO - Processing file /home/airflow/.local/lib/python3.8/site-packages/airflow/example_dags/example_dag_decorator.py for tasks to queue
[2024-04-25T12:41:41.261+0000] {logging_mixin.py:154} INFO - [2024-04-25T12:41:41.261+0000] {dagbag.py:536} INFO - Filling up the DagBag from /home/airflow/.local/lib/python3.8/site-packages/airflow/example_dags/example_dag_decorator.py
[2024-04-25T12:41:41.358+0000] {processor.py:839} INFO - DAG(s) dict_keys(['example_dag_decorator']) retrieved from /home/airflow/.local/lib/python3.8/site-packages/airflow/example_dags/example_dag_decorator.py
[2024-04-25T12:41:41.755+0000] {logging_mixin.py:154} INFO - [2024-04-25T12:41:41.755+0000] {dag.py:2941} INFO - Sync 1 DAGs
[2024-04-25T12:41:41.775+0000] {logging_mixin.py:154} INFO - [2024-04-25T12:41:41.775+0000] {dag.py:3722} INFO - Setting next_dagrun for example_dag_decorator to None, run_after=None
[2024-04-25T12:41:41.808+0000] {processor.py:179} INFO - Processing /home/airflow/.local/lib/python3.8/site-packages/airflow/example_dags/example_dag_decorator.py took 0.556 seconds
[2024-04-25T12:42:12.528+0000] {processor.py:157} INFO - Started process (PID=2351) to work on /home/airflow/.local/lib/python3.8/site-packages/airflow/example_dags/example_dag_decorator.py
[2024-04-25T12:42:12.529+0000] {processor.py:829} INFO - Processing file /home/airflow/.local/lib/python3.8/site-packages/airflow/example_dags/example_dag_decorator.py for tasks to queue
[2024-04-25T12:42:12.531+0000] {logging_mixin.py:154} INFO - [2024-04-25T12:42:12.530+0000] {dagbag.py:536} INFO - Filling up the DagBag from /home/airflow/.local/lib/python3.8/site-packages/airflow/example_dags/example_dag_decorator.py
[2024-04-25T12:42:12.634+0000] {processor.py:839} INFO - DAG(s) dict_keys(['example_dag_decorator']) retrieved from /home/airflow/.local/lib/python3.8/site-packages/airflow/example_dags/example_dag_decorator.py
[2024-04-25T12:42:12.788+0000] {logging_mixin.py:154} INFO - [2024-04-25T12:42:12.788+0000] {dag.py:2941} INFO - Sync 1 DAGs
[2024-04-25T12:42:13.030+0000] {logging_mixin.py:154} INFO - [2024-04-25T12:42:13.030+0000] {dag.py:3722} INFO - Setting next_dagrun for example_dag_decorator to None, run_after=None
[2024-04-25T12:42:13.057+0000] {processor.py:179} INFO - Processing /home/airflow/.local/lib/python3.8/site-packages/airflow/example_dags/example_dag_decorator.py took 0.535 seconds
[2024-04-25T12:42:43.251+0000] {processor.py:157} INFO - Started process (PID=2594) to work on /home/airflow/.local/lib/python3.8/site-packages/airflow/example_dags/example_dag_decorator.py
[2024-04-25T12:42:43.253+0000] {processor.py:829} INFO - Processing file /home/airflow/.local/lib/python3.8/site-packages/airflow/example_dags/example_dag_decorator.py for tasks to queue
[2024-04-25T12:42:43.255+0000] {logging_mixin.py:154} INFO - [2024-04-25T12:42:43.254+0000] {dagbag.py:536} INFO - Filling up the DagBag from /home/airflow/.local/lib/python3.8/site-packages/airflow/example_dags/example_dag_decorator.py
[2024-04-25T12:42:43.364+0000] {processor.py:839} INFO - DAG(s) dict_keys(['example_dag_decorator']) retrieved from /home/airflow/.local/lib/python3.8/site-packages/airflow/example_dags/example_dag_decorator.py
[2024-04-25T12:42:43.757+0000] {logging_mixin.py:154} INFO - [2024-04-25T12:42:43.756+0000] {dag.py:2941} INFO - Sync 1 DAGs
[2024-04-25T12:42:43.771+0000] {logging_mixin.py:154} INFO - [2024-04-25T12:42:43.771+0000] {dag.py:3722} INFO - Setting next_dagrun for example_dag_decorator to None, run_after=None
[2024-04-25T12:42:43.801+0000] {processor.py:179} INFO - Processing /home/airflow/.local/lib/python3.8/site-packages/airflow/example_dags/example_dag_decorator.py took 0.556 seconds
[2024-04-25T12:43:14.577+0000] {processor.py:157} INFO - Started process (PID=2837) to work on /home/airflow/.local/lib/python3.8/site-packages/airflow/example_dags/example_dag_decorator.py
[2024-04-25T12:43:14.579+0000] {processor.py:829} INFO - Processing file /home/airflow/.local/lib/python3.8/site-packages/airflow/example_dags/example_dag_decorator.py for tasks to queue
[2024-04-25T12:43:14.581+0000] {logging_mixin.py:154} INFO - [2024-04-25T12:43:14.580+0000] {dagbag.py:536} INFO - Filling up the DagBag from /home/airflow/.local/lib/python3.8/site-packages/airflow/example_dags/example_dag_decorator.py
[2024-04-25T12:43:14.796+0000] {processor.py:839} INFO - DAG(s) dict_keys(['example_dag_decorator']) retrieved from /home/airflow/.local/lib/python3.8/site-packages/airflow/example_dags/example_dag_decorator.py
[2024-04-25T12:43:15.400+0000] {logging_mixin.py:154} INFO - [2024-04-25T12:43:15.400+0000] {dag.py:2941} INFO - Sync 1 DAGs
[2024-04-25T12:43:15.417+0000] {logging_mixin.py:154} INFO - [2024-04-25T12:43:15.417+0000] {dag.py:3722} INFO - Setting next_dagrun for example_dag_decorator to None, run_after=None
[2024-04-25T12:43:15.449+0000] {processor.py:179} INFO - Processing /home/airflow/.local/lib/python3.8/site-packages/airflow/example_dags/example_dag_decorator.py took 0.882 seconds
[2024-04-25T12:43:45.842+0000] {processor.py:157} INFO - Started process (PID=3086) to work on /home/airflow/.local/lib/python3.8/site-packages/airflow/example_dags/example_dag_decorator.py
[2024-04-25T12:43:45.846+0000] {processor.py:829} INFO - Processing file /home/airflow/.local/lib/python3.8/site-packages/airflow/example_dags/example_dag_decorator.py for tasks to queue
[2024-04-25T12:43:45.849+0000] {logging_mixin.py:154} INFO - [2024-04-25T12:43:45.848+0000] {dagbag.py:536} INFO - Filling up the DagBag from /home/airflow/.local/lib/python3.8/site-packages/airflow/example_dags/example_dag_decorator.py
[2024-04-25T12:43:46.029+0000] {processor.py:839} INFO - DAG(s) dict_keys(['example_dag_decorator']) retrieved from /home/airflow/.local/lib/python3.8/site-packages/airflow/example_dags/example_dag_decorator.py
[2024-04-25T12:43:46.730+0000] {logging_mixin.py:154} INFO - [2024-04-25T12:43:46.729+0000] {dag.py:2941} INFO - Sync 1 DAGs
[2024-04-25T12:43:46.755+0000] {logging_mixin.py:154} INFO - [2024-04-25T12:43:46.754+0000] {dag.py:3722} INFO - Setting next_dagrun for example_dag_decorator to None, run_after=None
[2024-04-25T12:43:46.801+0000] {processor.py:179} INFO - Processing /home/airflow/.local/lib/python3.8/site-packages/airflow/example_dags/example_dag_decorator.py took 0.974 seconds
[2024-04-25T12:44:17.829+0000] {processor.py:157} INFO - Started process (PID=3335) to work on /home/airflow/.local/lib/python3.8/site-packages/airflow/example_dags/example_dag_decorator.py
[2024-04-25T12:44:17.832+0000] {processor.py:829} INFO - Processing file /home/airflow/.local/lib/python3.8/site-packages/airflow/example_dags/example_dag_decorator.py for tasks to queue
[2024-04-25T12:44:17.833+0000] {logging_mixin.py:154} INFO - [2024-04-25T12:44:17.833+0000] {dagbag.py:536} INFO - Filling up the DagBag from /home/airflow/.local/lib/python3.8/site-packages/airflow/example_dags/example_dag_decorator.py
[2024-04-25T12:44:17.990+0000] {processor.py:839} INFO - DAG(s) dict_keys(['example_dag_decorator']) retrieved from /home/airflow/.local/lib/python3.8/site-packages/airflow/example_dags/example_dag_decorator.py
[2024-04-25T12:44:18.526+0000] {logging_mixin.py:154} INFO - [2024-04-25T12:44:18.526+0000] {dag.py:2941} INFO - Sync 1 DAGs
[2024-04-25T12:44:18.545+0000] {logging_mixin.py:154} INFO - [2024-04-25T12:44:18.545+0000] {dag.py:3722} INFO - Setting next_dagrun for example_dag_decorator to None, run_after=None
[2024-04-25T12:44:18.583+0000] {processor.py:179} INFO - Processing /home/airflow/.local/lib/python3.8/site-packages/airflow/example_dags/example_dag_decorator.py took 0.769 seconds
[2024-04-25T12:44:49.253+0000] {processor.py:157} INFO - Started process (PID=3578) to work on /home/airflow/.local/lib/python3.8/site-packages/airflow/example_dags/example_dag_decorator.py
[2024-04-25T12:44:49.256+0000] {processor.py:829} INFO - Processing file /home/airflow/.local/lib/python3.8/site-packages/airflow/example_dags/example_dag_decorator.py for tasks to queue
[2024-04-25T12:44:49.258+0000] {logging_mixin.py:154} INFO - [2024-04-25T12:44:49.257+0000] {dagbag.py:536} INFO - Filling up the DagBag from /home/airflow/.local/lib/python3.8/site-packages/airflow/example_dags/example_dag_decorator.py
[2024-04-25T12:44:49.354+0000] {processor.py:839} INFO - DAG(s) dict_keys(['example_dag_decorator']) retrieved from /home/airflow/.local/lib/python3.8/site-packages/airflow/example_dags/example_dag_decorator.py
[2024-04-25T12:44:49.729+0000] {logging_mixin.py:154} INFO - [2024-04-25T12:44:49.728+0000] {dag.py:2941} INFO - Sync 1 DAGs
[2024-04-25T12:44:49.744+0000] {logging_mixin.py:154} INFO - [2024-04-25T12:44:49.743+0000] {dag.py:3722} INFO - Setting next_dagrun for example_dag_decorator to None, run_after=None
[2024-04-25T12:44:49.771+0000] {processor.py:179} INFO - Processing /home/airflow/.local/lib/python3.8/site-packages/airflow/example_dags/example_dag_decorator.py took 0.526 seconds
[2024-04-25T12:45:20.035+0000] {processor.py:157} INFO - Started process (PID=3822) to work on /home/airflow/.local/lib/python3.8/site-packages/airflow/example_dags/example_dag_decorator.py
[2024-04-25T12:45:20.037+0000] {processor.py:829} INFO - Processing file /home/airflow/.local/lib/python3.8/site-packages/airflow/example_dags/example_dag_decorator.py for tasks to queue
[2024-04-25T12:45:20.038+0000] {logging_mixin.py:154} INFO - [2024-04-25T12:45:20.038+0000] {dagbag.py:536} INFO - Filling up the DagBag from /home/airflow/.local/lib/python3.8/site-packages/airflow/example_dags/example_dag_decorator.py
[2024-04-25T12:45:20.133+0000] {processor.py:839} INFO - DAG(s) dict_keys(['example_dag_decorator']) retrieved from /home/airflow/.local/lib/python3.8/site-packages/airflow/example_dags/example_dag_decorator.py
[2024-04-25T12:45:20.504+0000] {logging_mixin.py:154} INFO - [2024-04-25T12:45:20.503+0000] {dag.py:2941} INFO - Sync 1 DAGs
[2024-04-25T12:45:20.517+0000] {logging_mixin.py:154} INFO - [2024-04-25T12:45:20.516+0000] {dag.py:3722} INFO - Setting next_dagrun for example_dag_decorator to None, run_after=None
[2024-04-25T12:45:20.544+0000] {processor.py:179} INFO - Processing /home/airflow/.local/lib/python3.8/site-packages/airflow/example_dags/example_dag_decorator.py took 0.515 seconds
[2024-04-25T12:45:51.421+0000] {processor.py:157} INFO - Started process (PID=4065) to work on /home/airflow/.local/lib/python3.8/site-packages/airflow/example_dags/example_dag_decorator.py
[2024-04-25T12:45:51.424+0000] {processor.py:829} INFO - Processing file /home/airflow/.local/lib/python3.8/site-packages/airflow/example_dags/example_dag_decorator.py for tasks to queue
[2024-04-25T12:45:51.425+0000] {logging_mixin.py:154} INFO - [2024-04-25T12:45:51.425+0000] {dagbag.py:536} INFO - Filling up the DagBag from /home/airflow/.local/lib/python3.8/site-packages/airflow/example_dags/example_dag_decorator.py
[2024-04-25T12:45:51.537+0000] {processor.py:839} INFO - DAG(s) dict_keys(['example_dag_decorator']) retrieved from /home/airflow/.local/lib/python3.8/site-packages/airflow/example_dags/example_dag_decorator.py
[2024-04-25T12:45:51.905+0000] {logging_mixin.py:154} INFO - [2024-04-25T12:45:51.904+0000] {dag.py:2941} INFO - Sync 1 DAGs
[2024-04-25T12:45:51.917+0000] {logging_mixin.py:154} INFO - [2024-04-25T12:45:51.917+0000] {dag.py:3722} INFO - Setting next_dagrun for example_dag_decorator to None, run_after=None
[2024-04-25T12:45:51.945+0000] {processor.py:179} INFO - Processing /home/airflow/.local/lib/python3.8/site-packages/airflow/example_dags/example_dag_decorator.py took 0.529 seconds
[2024-04-25T12:46:22.124+0000] {processor.py:157} INFO - Started process (PID=4308) to work on /home/airflow/.local/lib/python3.8/site-packages/airflow/example_dags/example_dag_decorator.py
[2024-04-25T12:46:22.126+0000] {processor.py:829} INFO - Processing file /home/airflow/.local/lib/python3.8/site-packages/airflow/example_dags/example_dag_decorator.py for tasks to queue
[2024-04-25T12:46:22.128+0000] {logging_mixin.py:154} INFO - [2024-04-25T12:46:22.127+0000] {dagbag.py:536} INFO - Filling up the DagBag from /home/airflow/.local/lib/python3.8/site-packages/airflow/example_dags/example_dag_decorator.py
[2024-04-25T12:46:22.224+0000] {processor.py:839} INFO - DAG(s) dict_keys(['example_dag_decorator']) retrieved from /home/airflow/.local/lib/python3.8/site-packages/airflow/example_dags/example_dag_decorator.py
[2024-04-25T12:46:22.605+0000] {logging_mixin.py:154} INFO - [2024-04-25T12:46:22.605+0000] {dag.py:2941} INFO - Sync 1 DAGs
[2024-04-25T12:46:22.620+0000] {logging_mixin.py:154} INFO - [2024-04-25T12:46:22.620+0000] {dag.py:3722} INFO - Setting next_dagrun for example_dag_decorator to None, run_after=None
[2024-04-25T12:46:22.651+0000] {processor.py:179} INFO - Processing /home/airflow/.local/lib/python3.8/site-packages/airflow/example_dags/example_dag_decorator.py took 0.533 seconds
[2024-04-25T12:46:53.459+0000] {processor.py:157} INFO - Started process (PID=4551) to work on /home/airflow/.local/lib/python3.8/site-packages/airflow/example_dags/example_dag_decorator.py
[2024-04-25T12:46:53.461+0000] {processor.py:829} INFO - Processing file /home/airflow/.local/lib/python3.8/site-packages/airflow/example_dags/example_dag_decorator.py for tasks to queue
[2024-04-25T12:46:53.464+0000] {logging_mixin.py:154} INFO - [2024-04-25T12:46:53.463+0000] {dagbag.py:536} INFO - Filling up the DagBag from /home/airflow/.local/lib/python3.8/site-packages/airflow/example_dags/example_dag_decorator.py
[2024-04-25T12:46:53.682+0000] {processor.py:839} INFO - DAG(s) dict_keys(['example_dag_decorator']) retrieved from /home/airflow/.local/lib/python3.8/site-packages/airflow/example_dags/example_dag_decorator.py
[2024-04-25T12:46:54.418+0000] {logging_mixin.py:154} INFO - [2024-04-25T12:46:54.417+0000] {dag.py:2941} INFO - Sync 1 DAGs
[2024-04-25T12:46:54.444+0000] {logging_mixin.py:154} INFO - [2024-04-25T12:46:54.444+0000] {dag.py:3722} INFO - Setting next_dagrun for example_dag_decorator to None, run_after=None
[2024-04-25T12:46:54.491+0000] {processor.py:179} INFO - Processing /home/airflow/.local/lib/python3.8/site-packages/airflow/example_dags/example_dag_decorator.py took 1.044 seconds
[2024-04-25T12:47:24.798+0000] {processor.py:157} INFO - Started process (PID=4794) to work on /home/airflow/.local/lib/python3.8/site-packages/airflow/example_dags/example_dag_decorator.py
[2024-04-25T12:47:24.800+0000] {processor.py:829} INFO - Processing file /home/airflow/.local/lib/python3.8/site-packages/airflow/example_dags/example_dag_decorator.py for tasks to queue
[2024-04-25T12:47:24.801+0000] {logging_mixin.py:154} INFO - [2024-04-25T12:47:24.801+0000] {dagbag.py:536} INFO - Filling up the DagBag from /home/airflow/.local/lib/python3.8/site-packages/airflow/example_dags/example_dag_decorator.py
[2024-04-25T12:47:24.898+0000] {processor.py:839} INFO - DAG(s) dict_keys(['example_dag_decorator']) retrieved from /home/airflow/.local/lib/python3.8/site-packages/airflow/example_dags/example_dag_decorator.py
[2024-04-25T12:47:25.271+0000] {logging_mixin.py:154} INFO - [2024-04-25T12:47:25.270+0000] {dag.py:2941} INFO - Sync 1 DAGs
[2024-04-25T12:47:25.284+0000] {logging_mixin.py:154} INFO - [2024-04-25T12:47:25.283+0000] {dag.py:3722} INFO - Setting next_dagrun for example_dag_decorator to None, run_after=None
[2024-04-25T12:47:25.312+0000] {processor.py:179} INFO - Processing /home/airflow/.local/lib/python3.8/site-packages/airflow/example_dags/example_dag_decorator.py took 0.521 seconds
[2024-04-25T12:51:44.198+0000] {processor.py:157} INFO - Started process (PID=343) to work on /home/airflow/.local/lib/python3.8/site-packages/airflow/example_dags/example_dag_decorator.py
[2024-04-25T12:51:44.201+0000] {processor.py:829} INFO - Processing file /home/airflow/.local/lib/python3.8/site-packages/airflow/example_dags/example_dag_decorator.py for tasks to queue
[2024-04-25T12:51:44.202+0000] {logging_mixin.py:154} INFO - [2024-04-25T12:51:44.202+0000] {dagbag.py:536} INFO - Filling up the DagBag from /home/airflow/.local/lib/python3.8/site-packages/airflow/example_dags/example_dag_decorator.py
[2024-04-25T12:51:44.461+0000] {processor.py:839} INFO - DAG(s) dict_keys(['example_dag_decorator']) retrieved from /home/airflow/.local/lib/python3.8/site-packages/airflow/example_dags/example_dag_decorator.py
[2024-04-25T12:51:44.481+0000] {logging_mixin.py:154} INFO - [2024-04-25T12:51:44.481+0000] {dag.py:2941} INFO - Sync 1 DAGs
[2024-04-25T12:51:44.509+0000] {logging_mixin.py:154} INFO - [2024-04-25T12:51:44.509+0000] {dag.py:3722} INFO - Setting next_dagrun for example_dag_decorator to None, run_after=None
[2024-04-25T12:51:44.540+0000] {processor.py:179} INFO - Processing /home/airflow/.local/lib/python3.8/site-packages/airflow/example_dags/example_dag_decorator.py took 0.349 seconds
[2024-04-25T12:52:15.026+0000] {processor.py:157} INFO - Started process (PID=588) to work on /home/airflow/.local/lib/python3.8/site-packages/airflow/example_dags/example_dag_decorator.py
[2024-04-25T12:52:15.028+0000] {processor.py:829} INFO - Processing file /home/airflow/.local/lib/python3.8/site-packages/airflow/example_dags/example_dag_decorator.py for tasks to queue
[2024-04-25T12:52:15.029+0000] {logging_mixin.py:154} INFO - [2024-04-25T12:52:15.029+0000] {dagbag.py:536} INFO - Filling up the DagBag from /home/airflow/.local/lib/python3.8/site-packages/airflow/example_dags/example_dag_decorator.py
[2024-04-25T12:52:15.139+0000] {processor.py:839} INFO - DAG(s) dict_keys(['example_dag_decorator']) retrieved from /home/airflow/.local/lib/python3.8/site-packages/airflow/example_dags/example_dag_decorator.py
[2024-04-25T12:52:15.345+0000] {logging_mixin.py:154} INFO - [2024-04-25T12:52:15.344+0000] {dag.py:2941} INFO - Sync 1 DAGs
[2024-04-25T12:52:15.367+0000] {logging_mixin.py:154} INFO - [2024-04-25T12:52:15.366+0000] {dag.py:3722} INFO - Setting next_dagrun for example_dag_decorator to None, run_after=None
[2024-04-25T12:52:15.402+0000] {processor.py:179} INFO - Processing /home/airflow/.local/lib/python3.8/site-packages/airflow/example_dags/example_dag_decorator.py took 0.382 seconds
[2024-04-25T12:52:46.467+0000] {processor.py:157} INFO - Started process (PID=836) to work on /home/airflow/.local/lib/python3.8/site-packages/airflow/example_dags/example_dag_decorator.py
[2024-04-25T12:52:46.469+0000] {processor.py:829} INFO - Processing file /home/airflow/.local/lib/python3.8/site-packages/airflow/example_dags/example_dag_decorator.py for tasks to queue
[2024-04-25T12:52:46.470+0000] {logging_mixin.py:154} INFO - [2024-04-25T12:52:46.470+0000] {dagbag.py:536} INFO - Filling up the DagBag from /home/airflow/.local/lib/python3.8/site-packages/airflow/example_dags/example_dag_decorator.py
[2024-04-25T12:52:46.621+0000] {processor.py:839} INFO - DAG(s) dict_keys(['example_dag_decorator']) retrieved from /home/airflow/.local/lib/python3.8/site-packages/airflow/example_dags/example_dag_decorator.py
[2024-04-25T12:52:46.783+0000] {logging_mixin.py:154} INFO - [2024-04-25T12:52:46.783+0000] {dag.py:2941} INFO - Sync 1 DAGs
[2024-04-25T12:52:46.805+0000] {logging_mixin.py:154} INFO - [2024-04-25T12:52:46.804+0000] {dag.py:3722} INFO - Setting next_dagrun for example_dag_decorator to None, run_after=None
[2024-04-25T12:52:46.850+0000] {processor.py:179} INFO - Processing /home/airflow/.local/lib/python3.8/site-packages/airflow/example_dags/example_dag_decorator.py took 0.389 seconds
[2024-04-25T12:53:16.939+0000] {processor.py:157} INFO - Started process (PID=1088) to work on /home/airflow/.local/lib/python3.8/site-packages/airflow/example_dags/example_dag_decorator.py
[2024-04-25T12:53:16.942+0000] {processor.py:829} INFO - Processing file /home/airflow/.local/lib/python3.8/site-packages/airflow/example_dags/example_dag_decorator.py for tasks to queue
[2024-04-25T12:53:16.943+0000] {logging_mixin.py:154} INFO - [2024-04-25T12:53:16.943+0000] {dagbag.py:536} INFO - Filling up the DagBag from /home/airflow/.local/lib/python3.8/site-packages/airflow/example_dags/example_dag_decorator.py
[2024-04-25T12:53:17.056+0000] {processor.py:839} INFO - DAG(s) dict_keys(['example_dag_decorator']) retrieved from /home/airflow/.local/lib/python3.8/site-packages/airflow/example_dags/example_dag_decorator.py
[2024-04-25T12:53:17.278+0000] {logging_mixin.py:154} INFO - [2024-04-25T12:53:17.277+0000] {dag.py:2941} INFO - Sync 1 DAGs
[2024-04-25T12:53:17.569+0000] {logging_mixin.py:154} INFO - [2024-04-25T12:53:17.569+0000] {dag.py:3722} INFO - Setting next_dagrun for example_dag_decorator to None, run_after=None
[2024-04-25T12:53:17.610+0000] {processor.py:179} INFO - Processing /home/airflow/.local/lib/python3.8/site-packages/airflow/example_dags/example_dag_decorator.py took 0.677 seconds
[2024-04-25T12:53:47.683+0000] {processor.py:157} INFO - Started process (PID=1338) to work on /home/airflow/.local/lib/python3.8/site-packages/airflow/example_dags/example_dag_decorator.py
[2024-04-25T12:53:47.685+0000] {processor.py:829} INFO - Processing file /home/airflow/.local/lib/python3.8/site-packages/airflow/example_dags/example_dag_decorator.py for tasks to queue
[2024-04-25T12:53:47.686+0000] {logging_mixin.py:154} INFO - [2024-04-25T12:53:47.686+0000] {dagbag.py:536} INFO - Filling up the DagBag from /home/airflow/.local/lib/python3.8/site-packages/airflow/example_dags/example_dag_decorator.py
[2024-04-25T12:53:47.793+0000] {processor.py:839} INFO - DAG(s) dict_keys(['example_dag_decorator']) retrieved from /home/airflow/.local/lib/python3.8/site-packages/airflow/example_dags/example_dag_decorator.py
[2024-04-25T12:53:47.956+0000] {logging_mixin.py:154} INFO - [2024-04-25T12:53:47.956+0000] {dag.py:2941} INFO - Sync 1 DAGs
[2024-04-25T12:53:48.222+0000] {logging_mixin.py:154} INFO - [2024-04-25T12:53:48.221+0000] {dag.py:3722} INFO - Setting next_dagrun for example_dag_decorator to None, run_after=None
[2024-04-25T12:53:48.254+0000] {processor.py:179} INFO - Processing /home/airflow/.local/lib/python3.8/site-packages/airflow/example_dags/example_dag_decorator.py took 0.577 seconds
[2024-04-25T12:54:18.509+0000] {processor.py:157} INFO - Started process (PID=1576) to work on /home/airflow/.local/lib/python3.8/site-packages/airflow/example_dags/example_dag_decorator.py
[2024-04-25T12:54:18.512+0000] {processor.py:829} INFO - Processing file /home/airflow/.local/lib/python3.8/site-packages/airflow/example_dags/example_dag_decorator.py for tasks to queue
[2024-04-25T12:54:18.513+0000] {logging_mixin.py:154} INFO - [2024-04-25T12:54:18.513+0000] {dagbag.py:536} INFO - Filling up the DagBag from /home/airflow/.local/lib/python3.8/site-packages/airflow/example_dags/example_dag_decorator.py
[2024-04-25T12:54:18.622+0000] {processor.py:839} INFO - DAG(s) dict_keys(['example_dag_decorator']) retrieved from /home/airflow/.local/lib/python3.8/site-packages/airflow/example_dags/example_dag_decorator.py
[2024-04-25T12:54:18.798+0000] {logging_mixin.py:154} INFO - [2024-04-25T12:54:18.797+0000] {dag.py:2941} INFO - Sync 1 DAGs
[2024-04-25T12:54:18.814+0000] {logging_mixin.py:154} INFO - [2024-04-25T12:54:18.813+0000] {dag.py:3722} INFO - Setting next_dagrun for example_dag_decorator to None, run_after=None
[2024-04-25T12:54:18.843+0000] {processor.py:179} INFO - Processing /home/airflow/.local/lib/python3.8/site-packages/airflow/example_dags/example_dag_decorator.py took 0.343 seconds
[2024-04-25T12:54:49.634+0000] {processor.py:157} INFO - Started process (PID=1819) to work on /home/airflow/.local/lib/python3.8/site-packages/airflow/example_dags/example_dag_decorator.py
[2024-04-25T12:54:49.636+0000] {processor.py:829} INFO - Processing file /home/airflow/.local/lib/python3.8/site-packages/airflow/example_dags/example_dag_decorator.py for tasks to queue
[2024-04-25T12:54:49.637+0000] {logging_mixin.py:154} INFO - [2024-04-25T12:54:49.637+0000] {dagbag.py:536} INFO - Filling up the DagBag from /home/airflow/.local/lib/python3.8/site-packages/airflow/example_dags/example_dag_decorator.py
[2024-04-25T12:54:49.746+0000] {processor.py:839} INFO - DAG(s) dict_keys(['example_dag_decorator']) retrieved from /home/airflow/.local/lib/python3.8/site-packages/airflow/example_dags/example_dag_decorator.py
[2024-04-25T12:54:49.933+0000] {logging_mixin.py:154} INFO - [2024-04-25T12:54:49.933+0000] {dag.py:2941} INFO - Sync 1 DAGs
[2024-04-25T12:54:49.947+0000] {logging_mixin.py:154} INFO - [2024-04-25T12:54:49.947+0000] {dag.py:3722} INFO - Setting next_dagrun for example_dag_decorator to None, run_after=None
[2024-04-25T12:54:49.977+0000] {processor.py:179} INFO - Processing /home/airflow/.local/lib/python3.8/site-packages/airflow/example_dags/example_dag_decorator.py took 0.348 seconds
[2024-04-25T12:55:20.091+0000] {processor.py:157} INFO - Started process (PID=2065) to work on /home/airflow/.local/lib/python3.8/site-packages/airflow/example_dags/example_dag_decorator.py
[2024-04-25T12:55:20.093+0000] {processor.py:829} INFO - Processing file /home/airflow/.local/lib/python3.8/site-packages/airflow/example_dags/example_dag_decorator.py for tasks to queue
[2024-04-25T12:55:20.095+0000] {logging_mixin.py:154} INFO - [2024-04-25T12:55:20.094+0000] {dagbag.py:536} INFO - Filling up the DagBag from /home/airflow/.local/lib/python3.8/site-packages/airflow/example_dags/example_dag_decorator.py
[2024-04-25T12:55:20.248+0000] {processor.py:839} INFO - DAG(s) dict_keys(['example_dag_decorator']) retrieved from /home/airflow/.local/lib/python3.8/site-packages/airflow/example_dags/example_dag_decorator.py
[2024-04-25T12:55:20.703+0000] {logging_mixin.py:154} INFO - [2024-04-25T12:55:20.703+0000] {dag.py:2941} INFO - Sync 1 DAGs
[2024-04-25T12:55:20.718+0000] {logging_mixin.py:154} INFO - [2024-04-25T12:55:20.717+0000] {dag.py:3722} INFO - Setting next_dagrun for example_dag_decorator to None, run_after=None
[2024-04-25T12:55:20.747+0000] {processor.py:179} INFO - Processing /home/airflow/.local/lib/python3.8/site-packages/airflow/example_dags/example_dag_decorator.py took 0.662 seconds
[2024-04-25T13:10:34.101+0000] {processor.py:157} INFO - Started process (PID=345) to work on /home/airflow/.local/lib/python3.8/site-packages/airflow/example_dags/example_dag_decorator.py
[2024-04-25T13:10:34.104+0000] {processor.py:829} INFO - Processing file /home/airflow/.local/lib/python3.8/site-packages/airflow/example_dags/example_dag_decorator.py for tasks to queue
[2024-04-25T13:10:34.106+0000] {logging_mixin.py:154} INFO - [2024-04-25T13:10:34.105+0000] {dagbag.py:536} INFO - Filling up the DagBag from /home/airflow/.local/lib/python3.8/site-packages/airflow/example_dags/example_dag_decorator.py
[2024-04-25T13:10:34.421+0000] {processor.py:839} INFO - DAG(s) dict_keys(['example_dag_decorator']) retrieved from /home/airflow/.local/lib/python3.8/site-packages/airflow/example_dags/example_dag_decorator.py
[2024-04-25T13:10:34.447+0000] {logging_mixin.py:154} INFO - [2024-04-25T13:10:34.447+0000] {dag.py:2941} INFO - Sync 1 DAGs
[2024-04-25T13:10:34.484+0000] {logging_mixin.py:154} INFO - [2024-04-25T13:10:34.484+0000] {dag.py:3722} INFO - Setting next_dagrun for example_dag_decorator to None, run_after=None
[2024-04-25T13:10:34.516+0000] {processor.py:179} INFO - Processing /home/airflow/.local/lib/python3.8/site-packages/airflow/example_dags/example_dag_decorator.py took 0.423 seconds
[2024-04-25T13:11:05.723+0000] {processor.py:157} INFO - Started process (PID=588) to work on /home/airflow/.local/lib/python3.8/site-packages/airflow/example_dags/example_dag_decorator.py
[2024-04-25T13:11:05.725+0000] {processor.py:829} INFO - Processing file /home/airflow/.local/lib/python3.8/site-packages/airflow/example_dags/example_dag_decorator.py for tasks to queue
[2024-04-25T13:11:05.726+0000] {logging_mixin.py:154} INFO - [2024-04-25T13:11:05.725+0000] {dagbag.py:536} INFO - Filling up the DagBag from /home/airflow/.local/lib/python3.8/site-packages/airflow/example_dags/example_dag_decorator.py
[2024-04-25T13:11:05.849+0000] {processor.py:839} INFO - DAG(s) dict_keys(['example_dag_decorator']) retrieved from /home/airflow/.local/lib/python3.8/site-packages/airflow/example_dags/example_dag_decorator.py
[2024-04-25T13:11:05.992+0000] {logging_mixin.py:154} INFO - [2024-04-25T13:11:05.992+0000] {dag.py:2941} INFO - Sync 1 DAGs
[2024-04-25T13:11:06.008+0000] {logging_mixin.py:154} INFO - [2024-04-25T13:11:06.007+0000] {dag.py:3722} INFO - Setting next_dagrun for example_dag_decorator to None, run_after=None
[2024-04-25T13:11:06.034+0000] {processor.py:179} INFO - Processing /home/airflow/.local/lib/python3.8/site-packages/airflow/example_dags/example_dag_decorator.py took 0.316 seconds
[2024-04-25T13:11:36.115+0000] {processor.py:157} INFO - Started process (PID=836) to work on /home/airflow/.local/lib/python3.8/site-packages/airflow/example_dags/example_dag_decorator.py
[2024-04-25T13:11:36.116+0000] {processor.py:829} INFO - Processing file /home/airflow/.local/lib/python3.8/site-packages/airflow/example_dags/example_dag_decorator.py for tasks to queue
[2024-04-25T13:11:36.117+0000] {logging_mixin.py:154} INFO - [2024-04-25T13:11:36.117+0000] {dagbag.py:536} INFO - Filling up the DagBag from /home/airflow/.local/lib/python3.8/site-packages/airflow/example_dags/example_dag_decorator.py
[2024-04-25T13:11:36.211+0000] {processor.py:839} INFO - DAG(s) dict_keys(['example_dag_decorator']) retrieved from /home/airflow/.local/lib/python3.8/site-packages/airflow/example_dags/example_dag_decorator.py
[2024-04-25T13:11:36.352+0000] {logging_mixin.py:154} INFO - [2024-04-25T13:11:36.351+0000] {dag.py:2941} INFO - Sync 1 DAGs
[2024-04-25T13:11:36.366+0000] {logging_mixin.py:154} INFO - [2024-04-25T13:11:36.366+0000] {dag.py:3722} INFO - Setting next_dagrun for example_dag_decorator to None, run_after=None
[2024-04-25T13:11:36.397+0000] {processor.py:179} INFO - Processing /home/airflow/.local/lib/python3.8/site-packages/airflow/example_dags/example_dag_decorator.py took 0.287 seconds
[2024-04-25T13:12:06.851+0000] {processor.py:157} INFO - Started process (PID=1078) to work on /home/airflow/.local/lib/python3.8/site-packages/airflow/example_dags/example_dag_decorator.py
[2024-04-25T13:12:06.854+0000] {processor.py:829} INFO - Processing file /home/airflow/.local/lib/python3.8/site-packages/airflow/example_dags/example_dag_decorator.py for tasks to queue
[2024-04-25T13:12:06.855+0000] {logging_mixin.py:154} INFO - [2024-04-25T13:12:06.855+0000] {dagbag.py:536} INFO - Filling up the DagBag from /home/airflow/.local/lib/python3.8/site-packages/airflow/example_dags/example_dag_decorator.py
[2024-04-25T13:12:07.015+0000] {processor.py:839} INFO - DAG(s) dict_keys(['example_dag_decorator']) retrieved from /home/airflow/.local/lib/python3.8/site-packages/airflow/example_dags/example_dag_decorator.py
[2024-04-25T13:12:07.482+0000] {logging_mixin.py:154} INFO - [2024-04-25T13:12:07.481+0000] {dag.py:2941} INFO - Sync 1 DAGs
[2024-04-25T13:12:07.515+0000] {logging_mixin.py:154} INFO - [2024-04-25T13:12:07.515+0000] {dag.py:3722} INFO - Setting next_dagrun for example_dag_decorator to None, run_after=None
[2024-04-25T13:12:07.580+0000] {processor.py:179} INFO - Processing /home/airflow/.local/lib/python3.8/site-packages/airflow/example_dags/example_dag_decorator.py took 0.737 seconds
[2024-04-25T13:12:37.777+0000] {processor.py:157} INFO - Started process (PID=1325) to work on /home/airflow/.local/lib/python3.8/site-packages/airflow/example_dags/example_dag_decorator.py
[2024-04-25T13:12:37.783+0000] {processor.py:829} INFO - Processing file /home/airflow/.local/lib/python3.8/site-packages/airflow/example_dags/example_dag_decorator.py for tasks to queue
[2024-04-25T13:12:37.785+0000] {logging_mixin.py:154} INFO - [2024-04-25T13:12:37.784+0000] {dagbag.py:536} INFO - Filling up the DagBag from /home/airflow/.local/lib/python3.8/site-packages/airflow/example_dags/example_dag_decorator.py
[2024-04-25T13:12:37.940+0000] {processor.py:839} INFO - DAG(s) dict_keys(['example_dag_decorator']) retrieved from /home/airflow/.local/lib/python3.8/site-packages/airflow/example_dags/example_dag_decorator.py
[2024-04-25T13:12:38.133+0000] {logging_mixin.py:154} INFO - [2024-04-25T13:12:38.133+0000] {dag.py:2941} INFO - Sync 1 DAGs
[2024-04-25T13:12:38.160+0000] {logging_mixin.py:154} INFO - [2024-04-25T13:12:38.160+0000] {dag.py:3722} INFO - Setting next_dagrun for example_dag_decorator to None, run_after=None
[2024-04-25T13:12:38.510+0000] {processor.py:179} INFO - Processing /home/airflow/.local/lib/python3.8/site-packages/airflow/example_dags/example_dag_decorator.py took 0.741 seconds
[2024-04-25T13:13:09.143+0000] {processor.py:157} INFO - Started process (PID=1575) to work on /home/airflow/.local/lib/python3.8/site-packages/airflow/example_dags/example_dag_decorator.py
[2024-04-25T13:13:09.146+0000] {processor.py:829} INFO - Processing file /home/airflow/.local/lib/python3.8/site-packages/airflow/example_dags/example_dag_decorator.py for tasks to queue
[2024-04-25T13:13:09.147+0000] {logging_mixin.py:154} INFO - [2024-04-25T13:13:09.146+0000] {dagbag.py:536} INFO - Filling up the DagBag from /home/airflow/.local/lib/python3.8/site-packages/airflow/example_dags/example_dag_decorator.py
[2024-04-25T13:13:09.254+0000] {processor.py:839} INFO - DAG(s) dict_keys(['example_dag_decorator']) retrieved from /home/airflow/.local/lib/python3.8/site-packages/airflow/example_dags/example_dag_decorator.py
[2024-04-25T13:13:09.418+0000] {logging_mixin.py:154} INFO - [2024-04-25T13:13:09.418+0000] {dag.py:2941} INFO - Sync 1 DAGs
[2024-04-25T13:13:09.433+0000] {logging_mixin.py:154} INFO - [2024-04-25T13:13:09.433+0000] {dag.py:3722} INFO - Setting next_dagrun for example_dag_decorator to None, run_after=None
[2024-04-25T13:13:09.463+0000] {processor.py:179} INFO - Processing /home/airflow/.local/lib/python3.8/site-packages/airflow/example_dags/example_dag_decorator.py took 0.325 seconds
[2024-04-25T13:13:39.578+0000] {processor.py:157} INFO - Started process (PID=1822) to work on /home/airflow/.local/lib/python3.8/site-packages/airflow/example_dags/example_dag_decorator.py
[2024-04-25T13:13:39.581+0000] {processor.py:829} INFO - Processing file /home/airflow/.local/lib/python3.8/site-packages/airflow/example_dags/example_dag_decorator.py for tasks to queue
[2024-04-25T13:13:39.582+0000] {logging_mixin.py:154} INFO - [2024-04-25T13:13:39.582+0000] {dagbag.py:536} INFO - Filling up the DagBag from /home/airflow/.local/lib/python3.8/site-packages/airflow/example_dags/example_dag_decorator.py
[2024-04-25T13:13:39.720+0000] {processor.py:839} INFO - DAG(s) dict_keys(['example_dag_decorator']) retrieved from /home/airflow/.local/lib/python3.8/site-packages/airflow/example_dags/example_dag_decorator.py
[2024-04-25T13:13:39.893+0000] {logging_mixin.py:154} INFO - [2024-04-25T13:13:39.893+0000] {dag.py:2941} INFO - Sync 1 DAGs
[2024-04-25T13:13:39.907+0000] {logging_mixin.py:154} INFO - [2024-04-25T13:13:39.907+0000] {dag.py:3722} INFO - Setting next_dagrun for example_dag_decorator to None, run_after=None
[2024-04-25T13:13:39.932+0000] {processor.py:179} INFO - Processing /home/airflow/.local/lib/python3.8/site-packages/airflow/example_dags/example_dag_decorator.py took 0.361 seconds
[2024-04-25T13:14:09.973+0000] {processor.py:157} INFO - Started process (PID=2068) to work on /home/airflow/.local/lib/python3.8/site-packages/airflow/example_dags/example_dag_decorator.py
[2024-04-25T13:14:09.975+0000] {processor.py:829} INFO - Processing file /home/airflow/.local/lib/python3.8/site-packages/airflow/example_dags/example_dag_decorator.py for tasks to queue
[2024-04-25T13:14:09.976+0000] {logging_mixin.py:154} INFO - [2024-04-25T13:14:09.976+0000] {dagbag.py:536} INFO - Filling up the DagBag from /home/airflow/.local/lib/python3.8/site-packages/airflow/example_dags/example_dag_decorator.py
[2024-04-25T13:14:10.114+0000] {processor.py:839} INFO - DAG(s) dict_keys(['example_dag_decorator']) retrieved from /home/airflow/.local/lib/python3.8/site-packages/airflow/example_dags/example_dag_decorator.py
[2024-04-25T13:14:10.500+0000] {logging_mixin.py:154} INFO - [2024-04-25T13:14:10.499+0000] {dag.py:2941} INFO - Sync 1 DAGs
[2024-04-25T13:14:10.512+0000] {logging_mixin.py:154} INFO - [2024-04-25T13:14:10.512+0000] {dag.py:3722} INFO - Setting next_dagrun for example_dag_decorator to None, run_after=None
[2024-04-25T13:14:10.540+0000] {processor.py:179} INFO - Processing /home/airflow/.local/lib/python3.8/site-packages/airflow/example_dags/example_dag_decorator.py took 0.573 seconds
[2024-04-25T13:14:40.596+0000] {processor.py:157} INFO - Started process (PID=2326) to work on /home/airflow/.local/lib/python3.8/site-packages/airflow/example_dags/example_dag_decorator.py
[2024-04-25T13:14:40.598+0000] {processor.py:829} INFO - Processing file /home/airflow/.local/lib/python3.8/site-packages/airflow/example_dags/example_dag_decorator.py for tasks to queue
[2024-04-25T13:14:40.600+0000] {logging_mixin.py:154} INFO - [2024-04-25T13:14:40.600+0000] {dagbag.py:536} INFO - Filling up the DagBag from /home/airflow/.local/lib/python3.8/site-packages/airflow/example_dags/example_dag_decorator.py
[2024-04-25T13:14:40.730+0000] {processor.py:839} INFO - DAG(s) dict_keys(['example_dag_decorator']) retrieved from /home/airflow/.local/lib/python3.8/site-packages/airflow/example_dags/example_dag_decorator.py
[2024-04-25T13:14:40.894+0000] {logging_mixin.py:154} INFO - [2024-04-25T13:14:40.894+0000] {dag.py:2941} INFO - Sync 1 DAGs
[2024-04-25T13:14:41.162+0000] {logging_mixin.py:154} INFO - [2024-04-25T13:14:41.162+0000] {dag.py:3722} INFO - Setting next_dagrun for example_dag_decorator to None, run_after=None
[2024-04-25T13:14:41.190+0000] {processor.py:179} INFO - Processing /home/airflow/.local/lib/python3.8/site-packages/airflow/example_dags/example_dag_decorator.py took 0.605 seconds
[2024-04-25T13:15:11.245+0000] {processor.py:157} INFO - Started process (PID=2587) to work on /home/airflow/.local/lib/python3.8/site-packages/airflow/example_dags/example_dag_decorator.py
[2024-04-25T13:15:11.246+0000] {processor.py:829} INFO - Processing file /home/airflow/.local/lib/python3.8/site-packages/airflow/example_dags/example_dag_decorator.py for tasks to queue
[2024-04-25T13:15:11.247+0000] {logging_mixin.py:154} INFO - [2024-04-25T13:15:11.247+0000] {dagbag.py:536} INFO - Filling up the DagBag from /home/airflow/.local/lib/python3.8/site-packages/airflow/example_dags/example_dag_decorator.py
[2024-04-25T13:15:11.359+0000] {processor.py:839} INFO - DAG(s) dict_keys(['example_dag_decorator']) retrieved from /home/airflow/.local/lib/python3.8/site-packages/airflow/example_dags/example_dag_decorator.py
[2024-04-25T13:15:11.503+0000] {logging_mixin.py:154} INFO - [2024-04-25T13:15:11.503+0000] {dag.py:2941} INFO - Sync 1 DAGs
[2024-04-25T13:15:11.736+0000] {logging_mixin.py:154} INFO - [2024-04-25T13:15:11.736+0000] {dag.py:3722} INFO - Setting next_dagrun for example_dag_decorator to None, run_after=None
[2024-04-25T13:15:11.761+0000] {processor.py:179} INFO - Processing /home/airflow/.local/lib/python3.8/site-packages/airflow/example_dags/example_dag_decorator.py took 0.523 seconds
[2024-04-25T13:15:42.756+0000] {processor.py:157} INFO - Started process (PID=2832) to work on /home/airflow/.local/lib/python3.8/site-packages/airflow/example_dags/example_dag_decorator.py
[2024-04-25T13:15:42.758+0000] {processor.py:829} INFO - Processing file /home/airflow/.local/lib/python3.8/site-packages/airflow/example_dags/example_dag_decorator.py for tasks to queue
[2024-04-25T13:15:42.759+0000] {logging_mixin.py:154} INFO - [2024-04-25T13:15:42.759+0000] {dagbag.py:536} INFO - Filling up the DagBag from /home/airflow/.local/lib/python3.8/site-packages/airflow/example_dags/example_dag_decorator.py
[2024-04-25T13:15:42.854+0000] {processor.py:839} INFO - DAG(s) dict_keys(['example_dag_decorator']) retrieved from /home/airflow/.local/lib/python3.8/site-packages/airflow/example_dags/example_dag_decorator.py
[2024-04-25T13:15:43.246+0000] {logging_mixin.py:154} INFO - [2024-04-25T13:15:43.246+0000] {dag.py:2941} INFO - Sync 1 DAGs
[2024-04-25T13:15:43.261+0000] {logging_mixin.py:154} INFO - [2024-04-25T13:15:43.260+0000] {dag.py:3722} INFO - Setting next_dagrun for example_dag_decorator to None, run_after=None
[2024-04-25T13:15:43.291+0000] {processor.py:179} INFO - Processing /home/airflow/.local/lib/python3.8/site-packages/airflow/example_dags/example_dag_decorator.py took 0.540 seconds
[2024-04-25T13:16:13.745+0000] {processor.py:157} INFO - Started process (PID=3075) to work on /home/airflow/.local/lib/python3.8/site-packages/airflow/example_dags/example_dag_decorator.py
[2024-04-25T13:16:13.747+0000] {processor.py:829} INFO - Processing file /home/airflow/.local/lib/python3.8/site-packages/airflow/example_dags/example_dag_decorator.py for tasks to queue
[2024-04-25T13:16:13.748+0000] {logging_mixin.py:154} INFO - [2024-04-25T13:16:13.747+0000] {dagbag.py:536} INFO - Filling up the DagBag from /home/airflow/.local/lib/python3.8/site-packages/airflow/example_dags/example_dag_decorator.py
[2024-04-25T13:16:13.842+0000] {processor.py:839} INFO - DAG(s) dict_keys(['example_dag_decorator']) retrieved from /home/airflow/.local/lib/python3.8/site-packages/airflow/example_dags/example_dag_decorator.py
[2024-04-25T13:16:14.205+0000] {logging_mixin.py:154} INFO - [2024-04-25T13:16:14.204+0000] {dag.py:2941} INFO - Sync 1 DAGs
[2024-04-25T13:16:14.217+0000] {logging_mixin.py:154} INFO - [2024-04-25T13:16:14.217+0000] {dag.py:3722} INFO - Setting next_dagrun for example_dag_decorator to None, run_after=None
[2024-04-25T13:16:14.243+0000] {processor.py:179} INFO - Processing /home/airflow/.local/lib/python3.8/site-packages/airflow/example_dags/example_dag_decorator.py took 0.504 seconds
[2024-04-25T13:16:44.830+0000] {processor.py:157} INFO - Started process (PID=3319) to work on /home/airflow/.local/lib/python3.8/site-packages/airflow/example_dags/example_dag_decorator.py
[2024-04-25T13:16:44.832+0000] {processor.py:829} INFO - Processing file /home/airflow/.local/lib/python3.8/site-packages/airflow/example_dags/example_dag_decorator.py for tasks to queue
[2024-04-25T13:16:44.833+0000] {logging_mixin.py:154} INFO - [2024-04-25T13:16:44.833+0000] {dagbag.py:536} INFO - Filling up the DagBag from /home/airflow/.local/lib/python3.8/site-packages/airflow/example_dags/example_dag_decorator.py
[2024-04-25T13:16:44.934+0000] {processor.py:839} INFO - DAG(s) dict_keys(['example_dag_decorator']) retrieved from /home/airflow/.local/lib/python3.8/site-packages/airflow/example_dags/example_dag_decorator.py
[2024-04-25T13:16:45.305+0000] {logging_mixin.py:154} INFO - [2024-04-25T13:16:45.305+0000] {dag.py:2941} INFO - Sync 1 DAGs
[2024-04-25T13:16:45.318+0000] {logging_mixin.py:154} INFO - [2024-04-25T13:16:45.318+0000] {dag.py:3722} INFO - Setting next_dagrun for example_dag_decorator to None, run_after=None
[2024-04-25T13:16:45.345+0000] {processor.py:179} INFO - Processing /home/airflow/.local/lib/python3.8/site-packages/airflow/example_dags/example_dag_decorator.py took 0.521 seconds
[2024-04-25T13:17:15.713+0000] {processor.py:157} INFO - Started process (PID=3569) to work on /home/airflow/.local/lib/python3.8/site-packages/airflow/example_dags/example_dag_decorator.py
[2024-04-25T13:17:15.715+0000] {processor.py:829} INFO - Processing file /home/airflow/.local/lib/python3.8/site-packages/airflow/example_dags/example_dag_decorator.py for tasks to queue
[2024-04-25T13:17:15.716+0000] {logging_mixin.py:154} INFO - [2024-04-25T13:17:15.715+0000] {dagbag.py:536} INFO - Filling up the DagBag from /home/airflow/.local/lib/python3.8/site-packages/airflow/example_dags/example_dag_decorator.py
[2024-04-25T13:17:15.811+0000] {processor.py:839} INFO - DAG(s) dict_keys(['example_dag_decorator']) retrieved from /home/airflow/.local/lib/python3.8/site-packages/airflow/example_dags/example_dag_decorator.py
[2024-04-25T13:17:16.176+0000] {logging_mixin.py:154} INFO - [2024-04-25T13:17:16.176+0000] {dag.py:2941} INFO - Sync 1 DAGs
[2024-04-25T13:17:16.192+0000] {logging_mixin.py:154} INFO - [2024-04-25T13:17:16.192+0000] {dag.py:3722} INFO - Setting next_dagrun for example_dag_decorator to None, run_after=None
[2024-04-25T13:17:16.218+0000] {processor.py:179} INFO - Processing /home/airflow/.local/lib/python3.8/site-packages/airflow/example_dags/example_dag_decorator.py took 0.511 seconds
[2024-04-25T13:17:47.192+0000] {processor.py:157} INFO - Started process (PID=3813) to work on /home/airflow/.local/lib/python3.8/site-packages/airflow/example_dags/example_dag_decorator.py
[2024-04-25T13:17:47.195+0000] {processor.py:829} INFO - Processing file /home/airflow/.local/lib/python3.8/site-packages/airflow/example_dags/example_dag_decorator.py for tasks to queue
[2024-04-25T13:17:47.196+0000] {logging_mixin.py:154} INFO - [2024-04-25T13:17:47.195+0000] {dagbag.py:536} INFO - Filling up the DagBag from /home/airflow/.local/lib/python3.8/site-packages/airflow/example_dags/example_dag_decorator.py
[2024-04-25T13:17:47.289+0000] {processor.py:839} INFO - DAG(s) dict_keys(['example_dag_decorator']) retrieved from /home/airflow/.local/lib/python3.8/site-packages/airflow/example_dags/example_dag_decorator.py
[2024-04-25T13:17:47.765+0000] {logging_mixin.py:154} INFO - [2024-04-25T13:17:47.765+0000] {dag.py:2941} INFO - Sync 1 DAGs
[2024-04-25T13:17:47.780+0000] {logging_mixin.py:154} INFO - [2024-04-25T13:17:47.780+0000] {dag.py:3722} INFO - Setting next_dagrun for example_dag_decorator to None, run_after=None
[2024-04-25T13:17:47.814+0000] {processor.py:179} INFO - Processing /home/airflow/.local/lib/python3.8/site-packages/airflow/example_dags/example_dag_decorator.py took 0.627 seconds
[2024-04-25T13:18:18.269+0000] {processor.py:157} INFO - Started process (PID=4057) to work on /home/airflow/.local/lib/python3.8/site-packages/airflow/example_dags/example_dag_decorator.py
[2024-04-25T13:18:18.271+0000] {processor.py:829} INFO - Processing file /home/airflow/.local/lib/python3.8/site-packages/airflow/example_dags/example_dag_decorator.py for tasks to queue
[2024-04-25T13:18:18.272+0000] {logging_mixin.py:154} INFO - [2024-04-25T13:18:18.271+0000] {dagbag.py:536} INFO - Filling up the DagBag from /home/airflow/.local/lib/python3.8/site-packages/airflow/example_dags/example_dag_decorator.py
[2024-04-25T13:18:18.369+0000] {processor.py:839} INFO - DAG(s) dict_keys(['example_dag_decorator']) retrieved from /home/airflow/.local/lib/python3.8/site-packages/airflow/example_dags/example_dag_decorator.py
[2024-04-25T13:18:18.740+0000] {logging_mixin.py:154} INFO - [2024-04-25T13:18:18.740+0000] {dag.py:2941} INFO - Sync 1 DAGs
[2024-04-25T13:18:18.753+0000] {logging_mixin.py:154} INFO - [2024-04-25T13:18:18.752+0000] {dag.py:3722} INFO - Setting next_dagrun for example_dag_decorator to None, run_after=None
[2024-04-25T13:18:18.779+0000] {processor.py:179} INFO - Processing /home/airflow/.local/lib/python3.8/site-packages/airflow/example_dags/example_dag_decorator.py took 0.517 seconds
[2024-04-25T13:18:49.288+0000] {processor.py:157} INFO - Started process (PID=4300) to work on /home/airflow/.local/lib/python3.8/site-packages/airflow/example_dags/example_dag_decorator.py
[2024-04-25T13:18:49.291+0000] {processor.py:829} INFO - Processing file /home/airflow/.local/lib/python3.8/site-packages/airflow/example_dags/example_dag_decorator.py for tasks to queue
[2024-04-25T13:18:49.292+0000] {logging_mixin.py:154} INFO - [2024-04-25T13:18:49.291+0000] {dagbag.py:536} INFO - Filling up the DagBag from /home/airflow/.local/lib/python3.8/site-packages/airflow/example_dags/example_dag_decorator.py
[2024-04-25T13:18:49.386+0000] {processor.py:839} INFO - DAG(s) dict_keys(['example_dag_decorator']) retrieved from /home/airflow/.local/lib/python3.8/site-packages/airflow/example_dags/example_dag_decorator.py
[2024-04-25T13:18:49.749+0000] {logging_mixin.py:154} INFO - [2024-04-25T13:18:49.748+0000] {dag.py:2941} INFO - Sync 1 DAGs
[2024-04-25T13:18:49.761+0000] {logging_mixin.py:154} INFO - [2024-04-25T13:18:49.761+0000] {dag.py:3722} INFO - Setting next_dagrun for example_dag_decorator to None, run_after=None
[2024-04-25T13:18:49.787+0000] {processor.py:179} INFO - Processing /home/airflow/.local/lib/python3.8/site-packages/airflow/example_dags/example_dag_decorator.py took 0.505 seconds
[2024-04-25T13:27:16.831+0000] {processor.py:157} INFO - Started process (PID=343) to work on /home/airflow/.local/lib/python3.8/site-packages/airflow/example_dags/example_dag_decorator.py
[2024-04-25T13:27:16.834+0000] {processor.py:829} INFO - Processing file /home/airflow/.local/lib/python3.8/site-packages/airflow/example_dags/example_dag_decorator.py for tasks to queue
[2024-04-25T13:27:16.835+0000] {logging_mixin.py:154} INFO - [2024-04-25T13:27:16.835+0000] {dagbag.py:536} INFO - Filling up the DagBag from /home/airflow/.local/lib/python3.8/site-packages/airflow/example_dags/example_dag_decorator.py
[2024-04-25T13:27:17.120+0000] {processor.py:839} INFO - DAG(s) dict_keys(['example_dag_decorator']) retrieved from /home/airflow/.local/lib/python3.8/site-packages/airflow/example_dags/example_dag_decorator.py
[2024-04-25T13:27:17.143+0000] {logging_mixin.py:154} INFO - [2024-04-25T13:27:17.142+0000] {dag.py:2941} INFO - Sync 1 DAGs
[2024-04-25T13:27:17.168+0000] {logging_mixin.py:154} INFO - [2024-04-25T13:27:17.168+0000] {dag.py:3722} INFO - Setting next_dagrun for example_dag_decorator to None, run_after=None
[2024-04-25T13:27:17.207+0000] {processor.py:179} INFO - Processing /home/airflow/.local/lib/python3.8/site-packages/airflow/example_dags/example_dag_decorator.py took 0.382 seconds
[2024-04-25T13:27:47.480+0000] {processor.py:157} INFO - Started process (PID=586) to work on /home/airflow/.local/lib/python3.8/site-packages/airflow/example_dags/example_dag_decorator.py
[2024-04-25T13:27:47.481+0000] {processor.py:829} INFO - Processing file /home/airflow/.local/lib/python3.8/site-packages/airflow/example_dags/example_dag_decorator.py for tasks to queue
[2024-04-25T13:27:47.483+0000] {logging_mixin.py:154} INFO - [2024-04-25T13:27:47.482+0000] {dagbag.py:536} INFO - Filling up the DagBag from /home/airflow/.local/lib/python3.8/site-packages/airflow/example_dags/example_dag_decorator.py
[2024-04-25T13:27:47.631+0000] {processor.py:839} INFO - DAG(s) dict_keys(['example_dag_decorator']) retrieved from /home/airflow/.local/lib/python3.8/site-packages/airflow/example_dags/example_dag_decorator.py
[2024-04-25T13:27:47.807+0000] {logging_mixin.py:154} INFO - [2024-04-25T13:27:47.807+0000] {dag.py:2941} INFO - Sync 1 DAGs
[2024-04-25T13:27:47.830+0000] {logging_mixin.py:154} INFO - [2024-04-25T13:27:47.830+0000] {dag.py:3722} INFO - Setting next_dagrun for example_dag_decorator to None, run_after=None
[2024-04-25T13:27:47.860+0000] {processor.py:179} INFO - Processing /home/airflow/.local/lib/python3.8/site-packages/airflow/example_dags/example_dag_decorator.py took 0.389 seconds
[2024-04-25T13:28:18.000+0000] {processor.py:157} INFO - Started process (PID=831) to work on /home/airflow/.local/lib/python3.8/site-packages/airflow/example_dags/example_dag_decorator.py
[2024-04-25T13:28:18.002+0000] {processor.py:829} INFO - Processing file /home/airflow/.local/lib/python3.8/site-packages/airflow/example_dags/example_dag_decorator.py for tasks to queue
[2024-04-25T13:28:18.004+0000] {logging_mixin.py:154} INFO - [2024-04-25T13:28:18.003+0000] {dagbag.py:536} INFO - Filling up the DagBag from /home/airflow/.local/lib/python3.8/site-packages/airflow/example_dags/example_dag_decorator.py
[2024-04-25T13:28:18.125+0000] {processor.py:839} INFO - DAG(s) dict_keys(['example_dag_decorator']) retrieved from /home/airflow/.local/lib/python3.8/site-packages/airflow/example_dags/example_dag_decorator.py
[2024-04-25T13:28:18.271+0000] {logging_mixin.py:154} INFO - [2024-04-25T13:28:18.270+0000] {dag.py:2941} INFO - Sync 1 DAGs
[2024-04-25T13:28:18.285+0000] {logging_mixin.py:154} INFO - [2024-04-25T13:28:18.285+0000] {dag.py:3722} INFO - Setting next_dagrun for example_dag_decorator to None, run_after=None
[2024-04-25T13:28:18.312+0000] {processor.py:179} INFO - Processing /home/airflow/.local/lib/python3.8/site-packages/airflow/example_dags/example_dag_decorator.py took 0.320 seconds
[2024-04-25T13:28:49.142+0000] {processor.py:157} INFO - Started process (PID=1079) to work on /home/airflow/.local/lib/python3.8/site-packages/airflow/example_dags/example_dag_decorator.py
[2024-04-25T13:28:49.148+0000] {processor.py:829} INFO - Processing file /home/airflow/.local/lib/python3.8/site-packages/airflow/example_dags/example_dag_decorator.py for tasks to queue
[2024-04-25T13:28:49.150+0000] {logging_mixin.py:154} INFO - [2024-04-25T13:28:49.149+0000] {dagbag.py:536} INFO - Filling up the DagBag from /home/airflow/.local/lib/python3.8/site-packages/airflow/example_dags/example_dag_decorator.py
[2024-04-25T13:28:49.301+0000] {processor.py:839} INFO - DAG(s) dict_keys(['example_dag_decorator']) retrieved from /home/airflow/.local/lib/python3.8/site-packages/airflow/example_dags/example_dag_decorator.py
[2024-04-25T13:28:49.874+0000] {logging_mixin.py:154} INFO - [2024-04-25T13:28:49.873+0000] {dag.py:2941} INFO - Sync 1 DAGs
[2024-04-25T13:28:49.894+0000] {logging_mixin.py:154} INFO - [2024-04-25T13:28:49.893+0000] {dag.py:3722} INFO - Setting next_dagrun for example_dag_decorator to None, run_after=None
[2024-04-25T13:28:49.931+0000] {processor.py:179} INFO - Processing /home/airflow/.local/lib/python3.8/site-packages/airflow/example_dags/example_dag_decorator.py took 0.797 seconds
[2024-04-25T13:29:20.423+0000] {processor.py:157} INFO - Started process (PID=1325) to work on /home/airflow/.local/lib/python3.8/site-packages/airflow/example_dags/example_dag_decorator.py
[2024-04-25T13:29:20.426+0000] {processor.py:829} INFO - Processing file /home/airflow/.local/lib/python3.8/site-packages/airflow/example_dags/example_dag_decorator.py for tasks to queue
[2024-04-25T13:29:20.427+0000] {logging_mixin.py:154} INFO - [2024-04-25T13:29:20.427+0000] {dagbag.py:536} INFO - Filling up the DagBag from /home/airflow/.local/lib/python3.8/site-packages/airflow/example_dags/example_dag_decorator.py
[2024-04-25T13:29:20.574+0000] {processor.py:839} INFO - DAG(s) dict_keys(['example_dag_decorator']) retrieved from /home/airflow/.local/lib/python3.8/site-packages/airflow/example_dags/example_dag_decorator.py
[2024-04-25T13:29:20.820+0000] {logging_mixin.py:154} INFO - [2024-04-25T13:29:20.820+0000] {dag.py:2941} INFO - Sync 1 DAGs
[2024-04-25T13:29:21.122+0000] {logging_mixin.py:154} INFO - [2024-04-25T13:29:21.121+0000] {dag.py:3722} INFO - Setting next_dagrun for example_dag_decorator to None, run_after=None
[2024-04-25T13:29:21.160+0000] {processor.py:179} INFO - Processing /home/airflow/.local/lib/python3.8/site-packages/airflow/example_dags/example_dag_decorator.py took 0.746 seconds
[2024-04-25T13:29:51.620+0000] {processor.py:157} INFO - Started process (PID=1570) to work on /home/airflow/.local/lib/python3.8/site-packages/airflow/example_dags/example_dag_decorator.py
[2024-04-25T13:29:51.623+0000] {processor.py:829} INFO - Processing file /home/airflow/.local/lib/python3.8/site-packages/airflow/example_dags/example_dag_decorator.py for tasks to queue
[2024-04-25T13:29:51.625+0000] {logging_mixin.py:154} INFO - [2024-04-25T13:29:51.624+0000] {dagbag.py:536} INFO - Filling up the DagBag from /home/airflow/.local/lib/python3.8/site-packages/airflow/example_dags/example_dag_decorator.py
[2024-04-25T13:29:51.781+0000] {processor.py:839} INFO - DAG(s) dict_keys(['example_dag_decorator']) retrieved from /home/airflow/.local/lib/python3.8/site-packages/airflow/example_dags/example_dag_decorator.py
[2024-04-25T13:29:51.956+0000] {logging_mixin.py:154} INFO - [2024-04-25T13:29:51.956+0000] {dag.py:2941} INFO - Sync 1 DAGs
[2024-04-25T13:29:51.971+0000] {logging_mixin.py:154} INFO - [2024-04-25T13:29:51.970+0000] {dag.py:3722} INFO - Setting next_dagrun for example_dag_decorator to None, run_after=None
[2024-04-25T13:29:52.000+0000] {processor.py:179} INFO - Processing /home/airflow/.local/lib/python3.8/site-packages/airflow/example_dags/example_dag_decorator.py took 0.389 seconds
[2024-04-25T13:30:22.154+0000] {processor.py:157} INFO - Started process (PID=1813) to work on /home/airflow/.local/lib/python3.8/site-packages/airflow/example_dags/example_dag_decorator.py
[2024-04-25T13:30:22.157+0000] {processor.py:829} INFO - Processing file /home/airflow/.local/lib/python3.8/site-packages/airflow/example_dags/example_dag_decorator.py for tasks to queue
[2024-04-25T13:30:22.158+0000] {logging_mixin.py:154} INFO - [2024-04-25T13:30:22.158+0000] {dagbag.py:536} INFO - Filling up the DagBag from /home/airflow/.local/lib/python3.8/site-packages/airflow/example_dags/example_dag_decorator.py
[2024-04-25T13:30:22.291+0000] {processor.py:839} INFO - DAG(s) dict_keys(['example_dag_decorator']) retrieved from /home/airflow/.local/lib/python3.8/site-packages/airflow/example_dags/example_dag_decorator.py
[2024-04-25T13:30:22.461+0000] {logging_mixin.py:154} INFO - [2024-04-25T13:30:22.461+0000] {dag.py:2941} INFO - Sync 1 DAGs
[2024-04-25T13:30:22.477+0000] {logging_mixin.py:154} INFO - [2024-04-25T13:30:22.477+0000] {dag.py:3722} INFO - Setting next_dagrun for example_dag_decorator to None, run_after=None
[2024-04-25T13:30:22.509+0000] {processor.py:179} INFO - Processing /home/airflow/.local/lib/python3.8/site-packages/airflow/example_dags/example_dag_decorator.py took 0.361 seconds
[2024-04-25T13:30:52.855+0000] {processor.py:157} INFO - Started process (PID=2057) to work on /home/airflow/.local/lib/python3.8/site-packages/airflow/example_dags/example_dag_decorator.py
[2024-04-25T13:30:52.857+0000] {processor.py:829} INFO - Processing file /home/airflow/.local/lib/python3.8/site-packages/airflow/example_dags/example_dag_decorator.py for tasks to queue
[2024-04-25T13:30:52.859+0000] {logging_mixin.py:154} INFO - [2024-04-25T13:30:52.858+0000] {dagbag.py:536} INFO - Filling up the DagBag from /home/airflow/.local/lib/python3.8/site-packages/airflow/example_dags/example_dag_decorator.py
[2024-04-25T13:30:52.995+0000] {processor.py:839} INFO - DAG(s) dict_keys(['example_dag_decorator']) retrieved from /home/airflow/.local/lib/python3.8/site-packages/airflow/example_dags/example_dag_decorator.py
[2024-04-25T13:30:53.376+0000] {logging_mixin.py:154} INFO - [2024-04-25T13:30:53.376+0000] {dag.py:2941} INFO - Sync 1 DAGs
[2024-04-25T13:30:53.392+0000] {logging_mixin.py:154} INFO - [2024-04-25T13:30:53.392+0000] {dag.py:3722} INFO - Setting next_dagrun for example_dag_decorator to None, run_after=None
[2024-04-25T13:30:53.433+0000] {processor.py:179} INFO - Processing /home/airflow/.local/lib/python3.8/site-packages/airflow/example_dags/example_dag_decorator.py took 0.586 seconds
[2024-04-25T13:31:23.764+0000] {processor.py:157} INFO - Started process (PID=2300) to work on /home/airflow/.local/lib/python3.8/site-packages/airflow/example_dags/example_dag_decorator.py
[2024-04-25T13:31:23.766+0000] {processor.py:829} INFO - Processing file /home/airflow/.local/lib/python3.8/site-packages/airflow/example_dags/example_dag_decorator.py for tasks to queue
[2024-04-25T13:31:23.767+0000] {logging_mixin.py:154} INFO - [2024-04-25T13:31:23.767+0000] {dagbag.py:536} INFO - Filling up the DagBag from /home/airflow/.local/lib/python3.8/site-packages/airflow/example_dags/example_dag_decorator.py
[2024-04-25T13:31:23.900+0000] {processor.py:839} INFO - DAG(s) dict_keys(['example_dag_decorator']) retrieved from /home/airflow/.local/lib/python3.8/site-packages/airflow/example_dags/example_dag_decorator.py
[2024-04-25T13:31:24.059+0000] {logging_mixin.py:154} INFO - [2024-04-25T13:31:24.059+0000] {dag.py:2941} INFO - Sync 1 DAGs
[2024-04-25T13:31:24.304+0000] {logging_mixin.py:154} INFO - [2024-04-25T13:31:24.304+0000] {dag.py:3722} INFO - Setting next_dagrun for example_dag_decorator to None, run_after=None
[2024-04-25T13:31:24.331+0000] {processor.py:179} INFO - Processing /home/airflow/.local/lib/python3.8/site-packages/airflow/example_dags/example_dag_decorator.py took 0.575 seconds
[2024-04-25T13:31:54.423+0000] {processor.py:157} INFO - Started process (PID=2556) to work on /home/airflow/.local/lib/python3.8/site-packages/airflow/example_dags/example_dag_decorator.py
[2024-04-25T13:31:54.424+0000] {processor.py:829} INFO - Processing file /home/airflow/.local/lib/python3.8/site-packages/airflow/example_dags/example_dag_decorator.py for tasks to queue
[2024-04-25T13:31:54.426+0000] {logging_mixin.py:154} INFO - [2024-04-25T13:31:54.425+0000] {dagbag.py:536} INFO - Filling up the DagBag from /home/airflow/.local/lib/python3.8/site-packages/airflow/example_dags/example_dag_decorator.py
[2024-04-25T13:31:54.542+0000] {processor.py:839} INFO - DAG(s) dict_keys(['example_dag_decorator']) retrieved from /home/airflow/.local/lib/python3.8/site-packages/airflow/example_dags/example_dag_decorator.py
[2024-04-25T13:31:54.931+0000] {logging_mixin.py:154} INFO - [2024-04-25T13:31:54.930+0000] {dag.py:2941} INFO - Sync 1 DAGs
[2024-04-25T13:31:54.945+0000] {logging_mixin.py:154} INFO - [2024-04-25T13:31:54.945+0000] {dag.py:3722} INFO - Setting next_dagrun for example_dag_decorator to None, run_after=None
[2024-04-25T13:31:54.978+0000] {processor.py:179} INFO - Processing /home/airflow/.local/lib/python3.8/site-packages/airflow/example_dags/example_dag_decorator.py took 0.562 seconds
[2024-04-25T13:32:25.033+0000] {processor.py:157} INFO - Started process (PID=2799) to work on /home/airflow/.local/lib/python3.8/site-packages/airflow/example_dags/example_dag_decorator.py
[2024-04-25T13:32:25.035+0000] {processor.py:829} INFO - Processing file /home/airflow/.local/lib/python3.8/site-packages/airflow/example_dags/example_dag_decorator.py for tasks to queue
[2024-04-25T13:32:25.036+0000] {logging_mixin.py:154} INFO - [2024-04-25T13:32:25.036+0000] {dagbag.py:536} INFO - Filling up the DagBag from /home/airflow/.local/lib/python3.8/site-packages/airflow/example_dags/example_dag_decorator.py
[2024-04-25T13:32:25.166+0000] {processor.py:839} INFO - DAG(s) dict_keys(['example_dag_decorator']) retrieved from /home/airflow/.local/lib/python3.8/site-packages/airflow/example_dags/example_dag_decorator.py
[2024-04-25T13:32:25.535+0000] {logging_mixin.py:154} INFO - [2024-04-25T13:32:25.534+0000] {dag.py:2941} INFO - Sync 1 DAGs
[2024-04-25T13:32:25.548+0000] {logging_mixin.py:154} INFO - [2024-04-25T13:32:25.547+0000] {dag.py:3722} INFO - Setting next_dagrun for example_dag_decorator to None, run_after=None
[2024-04-25T13:32:25.574+0000] {processor.py:179} INFO - Processing /home/airflow/.local/lib/python3.8/site-packages/airflow/example_dags/example_dag_decorator.py took 0.548 seconds
[2024-04-25T13:32:55.745+0000] {processor.py:157} INFO - Started process (PID=3034) to work on /home/airflow/.local/lib/python3.8/site-packages/airflow/example_dags/example_dag_decorator.py
[2024-04-25T13:32:55.747+0000] {processor.py:829} INFO - Processing file /home/airflow/.local/lib/python3.8/site-packages/airflow/example_dags/example_dag_decorator.py for tasks to queue
[2024-04-25T13:32:55.749+0000] {logging_mixin.py:154} INFO - [2024-04-25T13:32:55.749+0000] {dagbag.py:536} INFO - Filling up the DagBag from /home/airflow/.local/lib/python3.8/site-packages/airflow/example_dags/example_dag_decorator.py
[2024-04-25T13:32:55.905+0000] {processor.py:839} INFO - DAG(s) dict_keys(['example_dag_decorator']) retrieved from /home/airflow/.local/lib/python3.8/site-packages/airflow/example_dags/example_dag_decorator.py
[2024-04-25T13:32:56.430+0000] {logging_mixin.py:154} INFO - [2024-04-25T13:32:56.430+0000] {dag.py:2941} INFO - Sync 1 DAGs
[2024-04-25T13:32:56.445+0000] {logging_mixin.py:154} INFO - [2024-04-25T13:32:56.444+0000] {dag.py:3722} INFO - Setting next_dagrun for example_dag_decorator to None, run_after=None
[2024-04-25T13:32:56.476+0000] {processor.py:179} INFO - Processing /home/airflow/.local/lib/python3.8/site-packages/airflow/example_dags/example_dag_decorator.py took 0.740 seconds
[2024-04-25T13:33:26.833+0000] {processor.py:157} INFO - Started process (PID=3290) to work on /home/airflow/.local/lib/python3.8/site-packages/airflow/example_dags/example_dag_decorator.py
[2024-04-25T13:33:26.836+0000] {processor.py:829} INFO - Processing file /home/airflow/.local/lib/python3.8/site-packages/airflow/example_dags/example_dag_decorator.py for tasks to queue
[2024-04-25T13:33:26.838+0000] {logging_mixin.py:154} INFO - [2024-04-25T13:33:26.837+0000] {dagbag.py:536} INFO - Filling up the DagBag from /home/airflow/.local/lib/python3.8/site-packages/airflow/example_dags/example_dag_decorator.py
[2024-04-25T13:33:26.990+0000] {processor.py:839} INFO - DAG(s) dict_keys(['example_dag_decorator']) retrieved from /home/airflow/.local/lib/python3.8/site-packages/airflow/example_dags/example_dag_decorator.py
[2024-04-25T13:33:27.513+0000] {logging_mixin.py:154} INFO - [2024-04-25T13:33:27.512+0000] {dag.py:2941} INFO - Sync 1 DAGs
[2024-04-25T13:33:27.533+0000] {logging_mixin.py:154} INFO - [2024-04-25T13:33:27.532+0000] {dag.py:3722} INFO - Setting next_dagrun for example_dag_decorator to None, run_after=None
[2024-04-25T13:33:27.593+0000] {processor.py:179} INFO - Processing /home/airflow/.local/lib/python3.8/site-packages/airflow/example_dags/example_dag_decorator.py took 0.768 seconds
[2024-04-25T13:34:02.769+0000] {processor.py:157} INFO - Started process (PID=3552) to work on /home/airflow/.local/lib/python3.8/site-packages/airflow/example_dags/example_dag_decorator.py
[2024-04-25T13:34:02.774+0000] {processor.py:829} INFO - Processing file /home/airflow/.local/lib/python3.8/site-packages/airflow/example_dags/example_dag_decorator.py for tasks to queue
[2024-04-25T13:34:02.778+0000] {logging_mixin.py:154} INFO - [2024-04-25T13:34:02.776+0000] {dagbag.py:536} INFO - Filling up the DagBag from /home/airflow/.local/lib/python3.8/site-packages/airflow/example_dags/example_dag_decorator.py
[2024-04-25T13:34:03.166+0000] {processor.py:839} INFO - DAG(s) dict_keys(['example_dag_decorator']) retrieved from /home/airflow/.local/lib/python3.8/site-packages/airflow/example_dags/example_dag_decorator.py
[2024-04-25T13:34:04.437+0000] {logging_mixin.py:154} INFO - [2024-04-25T13:34:04.436+0000] {dag.py:2941} INFO - Sync 1 DAGs
[2024-04-25T13:34:04.602+0000] {logging_mixin.py:154} INFO - [2024-04-25T13:34:04.599+0000] {dag.py:3722} INFO - Setting next_dagrun for example_dag_decorator to None, run_after=None
[2024-04-25T13:34:04.800+0000] {processor.py:179} INFO - Processing /home/airflow/.local/lib/python3.8/site-packages/airflow/example_dags/example_dag_decorator.py took 2.063 seconds
[2024-04-25T13:34:35.629+0000] {processor.py:157} INFO - Started process (PID=3812) to work on /home/airflow/.local/lib/python3.8/site-packages/airflow/example_dags/example_dag_decorator.py
[2024-04-25T13:34:35.632+0000] {processor.py:829} INFO - Processing file /home/airflow/.local/lib/python3.8/site-packages/airflow/example_dags/example_dag_decorator.py for tasks to queue
[2024-04-25T13:34:35.634+0000] {logging_mixin.py:154} INFO - [2024-04-25T13:34:35.633+0000] {dagbag.py:536} INFO - Filling up the DagBag from /home/airflow/.local/lib/python3.8/site-packages/airflow/example_dags/example_dag_decorator.py
[2024-04-25T13:34:35.756+0000] {processor.py:839} INFO - DAG(s) dict_keys(['example_dag_decorator']) retrieved from /home/airflow/.local/lib/python3.8/site-packages/airflow/example_dags/example_dag_decorator.py
[2024-04-25T13:34:36.128+0000] {logging_mixin.py:154} INFO - [2024-04-25T13:34:36.127+0000] {dag.py:2941} INFO - Sync 1 DAGs
[2024-04-25T13:34:36.140+0000] {logging_mixin.py:154} INFO - [2024-04-25T13:34:36.140+0000] {dag.py:3722} INFO - Setting next_dagrun for example_dag_decorator to None, run_after=None
[2024-04-25T13:34:36.166+0000] {processor.py:179} INFO - Processing /home/airflow/.local/lib/python3.8/site-packages/airflow/example_dags/example_dag_decorator.py took 0.543 seconds
[2024-04-25T13:35:06.466+0000] {processor.py:157} INFO - Started process (PID=4056) to work on /home/airflow/.local/lib/python3.8/site-packages/airflow/example_dags/example_dag_decorator.py
[2024-04-25T13:35:06.468+0000] {processor.py:829} INFO - Processing file /home/airflow/.local/lib/python3.8/site-packages/airflow/example_dags/example_dag_decorator.py for tasks to queue
[2024-04-25T13:35:06.469+0000] {logging_mixin.py:154} INFO - [2024-04-25T13:35:06.469+0000] {dagbag.py:536} INFO - Filling up the DagBag from /home/airflow/.local/lib/python3.8/site-packages/airflow/example_dags/example_dag_decorator.py
[2024-04-25T13:35:06.591+0000] {processor.py:839} INFO - DAG(s) dict_keys(['example_dag_decorator']) retrieved from /home/airflow/.local/lib/python3.8/site-packages/airflow/example_dags/example_dag_decorator.py
[2024-04-25T13:35:06.969+0000] {logging_mixin.py:154} INFO - [2024-04-25T13:35:06.969+0000] {dag.py:2941} INFO - Sync 1 DAGs
[2024-04-25T13:35:06.983+0000] {logging_mixin.py:154} INFO - [2024-04-25T13:35:06.983+0000] {dag.py:3722} INFO - Setting next_dagrun for example_dag_decorator to None, run_after=None
[2024-04-25T13:35:07.011+0000] {processor.py:179} INFO - Processing /home/airflow/.local/lib/python3.8/site-packages/airflow/example_dags/example_dag_decorator.py took 0.553 seconds
[2024-04-25T13:49:28.137+0000] {processor.py:157} INFO - Started process (PID=345) to work on /home/airflow/.local/lib/python3.8/site-packages/airflow/example_dags/example_dag_decorator.py
[2024-04-25T13:49:28.140+0000] {processor.py:829} INFO - Processing file /home/airflow/.local/lib/python3.8/site-packages/airflow/example_dags/example_dag_decorator.py for tasks to queue
[2024-04-25T13:49:28.142+0000] {logging_mixin.py:154} INFO - [2024-04-25T13:49:28.141+0000] {dagbag.py:536} INFO - Filling up the DagBag from /home/airflow/.local/lib/python3.8/site-packages/airflow/example_dags/example_dag_decorator.py
[2024-04-25T13:49:28.450+0000] {processor.py:839} INFO - DAG(s) dict_keys(['example_dag_decorator']) retrieved from /home/airflow/.local/lib/python3.8/site-packages/airflow/example_dags/example_dag_decorator.py
[2024-04-25T13:49:28.471+0000] {logging_mixin.py:154} INFO - [2024-04-25T13:49:28.471+0000] {dag.py:2941} INFO - Sync 1 DAGs
[2024-04-25T13:49:28.498+0000] {logging_mixin.py:154} INFO - [2024-04-25T13:49:28.498+0000] {dag.py:3722} INFO - Setting next_dagrun for example_dag_decorator to None, run_after=None
[2024-04-25T13:49:28.531+0000] {processor.py:179} INFO - Processing /home/airflow/.local/lib/python3.8/site-packages/airflow/example_dags/example_dag_decorator.py took 0.402 seconds
[2024-04-25T13:49:59.354+0000] {processor.py:157} INFO - Started process (PID=589) to work on /home/airflow/.local/lib/python3.8/site-packages/airflow/example_dags/example_dag_decorator.py
[2024-04-25T13:49:59.356+0000] {processor.py:829} INFO - Processing file /home/airflow/.local/lib/python3.8/site-packages/airflow/example_dags/example_dag_decorator.py for tasks to queue
[2024-04-25T13:49:59.357+0000] {logging_mixin.py:154} INFO - [2024-04-25T13:49:59.357+0000] {dagbag.py:536} INFO - Filling up the DagBag from /home/airflow/.local/lib/python3.8/site-packages/airflow/example_dags/example_dag_decorator.py
[2024-04-25T13:49:59.461+0000] {processor.py:839} INFO - DAG(s) dict_keys(['example_dag_decorator']) retrieved from /home/airflow/.local/lib/python3.8/site-packages/airflow/example_dags/example_dag_decorator.py
[2024-04-25T13:49:59.679+0000] {logging_mixin.py:154} INFO - [2024-04-25T13:49:59.679+0000] {dag.py:2941} INFO - Sync 1 DAGs
[2024-04-25T13:49:59.698+0000] {logging_mixin.py:154} INFO - [2024-04-25T13:49:59.698+0000] {dag.py:3722} INFO - Setting next_dagrun for example_dag_decorator to None, run_after=None
[2024-04-25T13:49:59.725+0000] {processor.py:179} INFO - Processing /home/airflow/.local/lib/python3.8/site-packages/airflow/example_dags/example_dag_decorator.py took 0.376 seconds
[2024-04-25T13:50:29.786+0000] {processor.py:157} INFO - Started process (PID=835) to work on /home/airflow/.local/lib/python3.8/site-packages/airflow/example_dags/example_dag_decorator.py
[2024-04-25T13:50:29.787+0000] {processor.py:829} INFO - Processing file /home/airflow/.local/lib/python3.8/site-packages/airflow/example_dags/example_dag_decorator.py for tasks to queue
[2024-04-25T13:50:29.789+0000] {logging_mixin.py:154} INFO - [2024-04-25T13:50:29.788+0000] {dagbag.py:536} INFO - Filling up the DagBag from /home/airflow/.local/lib/python3.8/site-packages/airflow/example_dags/example_dag_decorator.py
[2024-04-25T13:50:29.901+0000] {processor.py:839} INFO - DAG(s) dict_keys(['example_dag_decorator']) retrieved from /home/airflow/.local/lib/python3.8/site-packages/airflow/example_dags/example_dag_decorator.py
[2024-04-25T13:50:30.117+0000] {logging_mixin.py:154} INFO - [2024-04-25T13:50:30.117+0000] {dag.py:2941} INFO - Sync 1 DAGs
[2024-04-25T13:50:30.139+0000] {logging_mixin.py:154} INFO - [2024-04-25T13:50:30.139+0000] {dag.py:3722} INFO - Setting next_dagrun for example_dag_decorator to None, run_after=None
[2024-04-25T13:50:30.175+0000] {processor.py:179} INFO - Processing /home/airflow/.local/lib/python3.8/site-packages/airflow/example_dags/example_dag_decorator.py took 0.395 seconds
[2024-04-25T13:51:01.174+0000] {processor.py:157} INFO - Started process (PID=1080) to work on /home/airflow/.local/lib/python3.8/site-packages/airflow/example_dags/example_dag_decorator.py
[2024-04-25T13:51:01.177+0000] {processor.py:829} INFO - Processing file /home/airflow/.local/lib/python3.8/site-packages/airflow/example_dags/example_dag_decorator.py for tasks to queue
[2024-04-25T13:51:01.178+0000] {logging_mixin.py:154} INFO - [2024-04-25T13:51:01.178+0000] {dagbag.py:536} INFO - Filling up the DagBag from /home/airflow/.local/lib/python3.8/site-packages/airflow/example_dags/example_dag_decorator.py
[2024-04-25T13:51:01.340+0000] {processor.py:839} INFO - DAG(s) dict_keys(['example_dag_decorator']) retrieved from /home/airflow/.local/lib/python3.8/site-packages/airflow/example_dags/example_dag_decorator.py
[2024-04-25T13:51:01.743+0000] {logging_mixin.py:154} INFO - [2024-04-25T13:51:01.742+0000] {dag.py:2941} INFO - Sync 1 DAGs
[2024-04-25T13:51:01.758+0000] {logging_mixin.py:154} INFO - [2024-04-25T13:51:01.758+0000] {dag.py:3722} INFO - Setting next_dagrun for example_dag_decorator to None, run_after=None
[2024-04-25T13:51:01.790+0000] {processor.py:179} INFO - Processing /home/airflow/.local/lib/python3.8/site-packages/airflow/example_dags/example_dag_decorator.py took 0.624 seconds
[2024-04-25T13:51:31.876+0000] {processor.py:157} INFO - Started process (PID=1333) to work on /home/airflow/.local/lib/python3.8/site-packages/airflow/example_dags/example_dag_decorator.py
[2024-04-25T13:51:31.878+0000] {processor.py:829} INFO - Processing file /home/airflow/.local/lib/python3.8/site-packages/airflow/example_dags/example_dag_decorator.py for tasks to queue
[2024-04-25T13:51:31.880+0000] {logging_mixin.py:154} INFO - [2024-04-25T13:51:31.879+0000] {dagbag.py:536} INFO - Filling up the DagBag from /home/airflow/.local/lib/python3.8/site-packages/airflow/example_dags/example_dag_decorator.py
[2024-04-25T13:51:31.990+0000] {processor.py:839} INFO - DAG(s) dict_keys(['example_dag_decorator']) retrieved from /home/airflow/.local/lib/python3.8/site-packages/airflow/example_dags/example_dag_decorator.py
[2024-04-25T13:51:32.028+0000] {logging_mixin.py:154} INFO - [2024-04-25T13:51:32.028+0000] {dag.py:2941} INFO - Sync 1 DAGs
[2024-04-25T13:51:32.048+0000] {logging_mixin.py:154} INFO - [2024-04-25T13:51:32.048+0000] {dag.py:3722} INFO - Setting next_dagrun for example_dag_decorator to None, run_after=None
[2024-04-25T13:51:32.075+0000] {processor.py:179} INFO - Processing /home/airflow/.local/lib/python3.8/site-packages/airflow/example_dags/example_dag_decorator.py took 0.205 seconds
[2024-04-25T13:52:02.166+0000] {processor.py:157} INFO - Started process (PID=1569) to work on /home/airflow/.local/lib/python3.8/site-packages/airflow/example_dags/example_dag_decorator.py
[2024-04-25T13:52:02.167+0000] {processor.py:829} INFO - Processing file /home/airflow/.local/lib/python3.8/site-packages/airflow/example_dags/example_dag_decorator.py for tasks to queue
[2024-04-25T13:52:02.169+0000] {logging_mixin.py:154} INFO - [2024-04-25T13:52:02.168+0000] {dagbag.py:536} INFO - Filling up the DagBag from /home/airflow/.local/lib/python3.8/site-packages/airflow/example_dags/example_dag_decorator.py
[2024-04-25T13:52:02.267+0000] {processor.py:839} INFO - DAG(s) dict_keys(['example_dag_decorator']) retrieved from /home/airflow/.local/lib/python3.8/site-packages/airflow/example_dags/example_dag_decorator.py
[2024-04-25T13:52:02.451+0000] {logging_mixin.py:154} INFO - [2024-04-25T13:52:02.451+0000] {dag.py:2941} INFO - Sync 1 DAGs
[2024-04-25T13:52:02.472+0000] {logging_mixin.py:154} INFO - [2024-04-25T13:52:02.472+0000] {dag.py:3722} INFO - Setting next_dagrun for example_dag_decorator to None, run_after=None
[2024-04-25T13:52:02.773+0000] {processor.py:179} INFO - Processing /home/airflow/.local/lib/python3.8/site-packages/airflow/example_dags/example_dag_decorator.py took 0.613 seconds
[2024-04-25T13:52:33.387+0000] {processor.py:157} INFO - Started process (PID=1812) to work on /home/airflow/.local/lib/python3.8/site-packages/airflow/example_dags/example_dag_decorator.py
[2024-04-25T13:52:33.390+0000] {processor.py:829} INFO - Processing file /home/airflow/.local/lib/python3.8/site-packages/airflow/example_dags/example_dag_decorator.py for tasks to queue
[2024-04-25T13:52:33.391+0000] {logging_mixin.py:154} INFO - [2024-04-25T13:52:33.390+0000] {dagbag.py:536} INFO - Filling up the DagBag from /home/airflow/.local/lib/python3.8/site-packages/airflow/example_dags/example_dag_decorator.py
[2024-04-25T13:52:33.546+0000] {processor.py:839} INFO - DAG(s) dict_keys(['example_dag_decorator']) retrieved from /home/airflow/.local/lib/python3.8/site-packages/airflow/example_dags/example_dag_decorator.py
[2024-04-25T13:52:34.043+0000] {logging_mixin.py:154} INFO - [2024-04-25T13:52:34.042+0000] {dag.py:2941} INFO - Sync 1 DAGs
[2024-04-25T13:52:34.064+0000] {logging_mixin.py:154} INFO - [2024-04-25T13:52:34.063+0000] {dag.py:3722} INFO - Setting next_dagrun for example_dag_decorator to None, run_after=None
[2024-04-25T13:52:34.108+0000] {processor.py:179} INFO - Processing /home/airflow/.local/lib/python3.8/site-packages/airflow/example_dags/example_dag_decorator.py took 0.726 seconds
[2024-04-25T13:53:05.936+0000] {processor.py:157} INFO - Started process (PID=2057) to work on /home/airflow/.local/lib/python3.8/site-packages/airflow/example_dags/example_dag_decorator.py
[2024-04-25T13:53:05.939+0000] {processor.py:829} INFO - Processing file /home/airflow/.local/lib/python3.8/site-packages/airflow/example_dags/example_dag_decorator.py for tasks to queue
[2024-04-25T13:53:05.940+0000] {logging_mixin.py:154} INFO - [2024-04-25T13:53:05.940+0000] {dagbag.py:536} INFO - Filling up the DagBag from /home/airflow/.local/lib/python3.8/site-packages/airflow/example_dags/example_dag_decorator.py
[2024-04-25T13:53:06.153+0000] {processor.py:839} INFO - DAG(s) dict_keys(['example_dag_decorator']) retrieved from /home/airflow/.local/lib/python3.8/site-packages/airflow/example_dags/example_dag_decorator.py
[2024-04-25T13:53:06.901+0000] {logging_mixin.py:154} INFO - [2024-04-25T13:53:06.901+0000] {dag.py:2941} INFO - Sync 1 DAGs
[2024-04-25T13:53:06.927+0000] {logging_mixin.py:154} INFO - [2024-04-25T13:53:06.927+0000] {dag.py:3722} INFO - Setting next_dagrun for example_dag_decorator to None, run_after=None
[2024-04-25T13:53:06.975+0000] {processor.py:179} INFO - Processing /home/airflow/.local/lib/python3.8/site-packages/airflow/example_dags/example_dag_decorator.py took 1.051 seconds
[2024-04-25T13:53:37.191+0000] {processor.py:157} INFO - Started process (PID=2310) to work on /home/airflow/.local/lib/python3.8/site-packages/airflow/example_dags/example_dag_decorator.py
[2024-04-25T13:53:37.194+0000] {processor.py:829} INFO - Processing file /home/airflow/.local/lib/python3.8/site-packages/airflow/example_dags/example_dag_decorator.py for tasks to queue
[2024-04-25T13:53:37.195+0000] {logging_mixin.py:154} INFO - [2024-04-25T13:53:37.195+0000] {dagbag.py:536} INFO - Filling up the DagBag from /home/airflow/.local/lib/python3.8/site-packages/airflow/example_dags/example_dag_decorator.py
[2024-04-25T13:53:37.307+0000] {processor.py:839} INFO - DAG(s) dict_keys(['example_dag_decorator']) retrieved from /home/airflow/.local/lib/python3.8/site-packages/airflow/example_dags/example_dag_decorator.py
[2024-04-25T13:53:37.484+0000] {logging_mixin.py:154} INFO - [2024-04-25T13:53:37.484+0000] {dag.py:2941} INFO - Sync 1 DAGs
[2024-04-25T13:53:37.753+0000] {logging_mixin.py:154} INFO - [2024-04-25T13:53:37.753+0000] {dag.py:3722} INFO - Setting next_dagrun for example_dag_decorator to None, run_after=None
[2024-04-25T13:53:37.784+0000] {processor.py:179} INFO - Processing /home/airflow/.local/lib/python3.8/site-packages/airflow/example_dags/example_dag_decorator.py took 0.599 seconds
