[2024-04-25T12:38:01.988+0000] {processor.py:157} INFO - Started process (PID=268) to work on /home/airflow/.local/lib/python3.8/site-packages/airflow/example_dags/example_sensors.py
[2024-04-25T12:38:01.989+0000] {processor.py:829} INFO - Processing file /home/airflow/.local/lib/python3.8/site-packages/airflow/example_dags/example_sensors.py for tasks to queue
[2024-04-25T12:38:01.991+0000] {logging_mixin.py:154} INFO - [2024-04-25T12:38:01.990+0000] {dagbag.py:536} INFO - Filling up the DagBag from /home/airflow/.local/lib/python3.8/site-packages/airflow/example_dags/example_sensors.py
[2024-04-25T12:38:02.014+0000] {processor.py:839} INFO - DAG(s) dict_keys(['example_sensors']) retrieved from /home/airflow/.local/lib/python3.8/site-packages/airflow/example_dags/example_sensors.py
[2024-04-25T12:38:02.236+0000] {logging_mixin.py:154} INFO - [2024-04-25T12:38:02.235+0000] {manager.py:499} INFO - Created Permission View: %s
[2024-04-25T12:38:02.252+0000] {logging_mixin.py:154} INFO - [2024-04-25T12:38:02.252+0000] {manager.py:499} INFO - Created Permission View: %s
[2024-04-25T12:38:02.262+0000] {logging_mixin.py:154} INFO - [2024-04-25T12:38:02.262+0000] {manager.py:499} INFO - Created Permission View: %s
[2024-04-25T12:38:02.263+0000] {logging_mixin.py:154} INFO - [2024-04-25T12:38:02.263+0000] {dag.py:2941} INFO - Sync 1 DAGs
[2024-04-25T12:38:02.281+0000] {logging_mixin.py:154} INFO - [2024-04-25T12:38:02.281+0000] {dag.py:2963} INFO - Creating ORM DAG for example_sensors
[2024-04-25T12:38:02.282+0000] {logging_mixin.py:154} INFO - [2024-04-25T12:38:02.282+0000] {dag.py:3722} INFO - Setting next_dagrun for example_sensors to None, run_after=None
[2024-04-25T12:38:02.307+0000] {processor.py:179} INFO - Processing /home/airflow/.local/lib/python3.8/site-packages/airflow/example_dags/example_sensors.py took 0.326 seconds
[2024-04-25T12:38:32.758+0000] {processor.py:157} INFO - Started process (PID=511) to work on /home/airflow/.local/lib/python3.8/site-packages/airflow/example_dags/example_sensors.py
[2024-04-25T12:38:32.760+0000] {processor.py:829} INFO - Processing file /home/airflow/.local/lib/python3.8/site-packages/airflow/example_dags/example_sensors.py for tasks to queue
[2024-04-25T12:38:32.761+0000] {logging_mixin.py:154} INFO - [2024-04-25T12:38:32.761+0000] {dagbag.py:536} INFO - Filling up the DagBag from /home/airflow/.local/lib/python3.8/site-packages/airflow/example_dags/example_sensors.py
[2024-04-25T12:38:32.782+0000] {processor.py:839} INFO - DAG(s) dict_keys(['example_sensors']) retrieved from /home/airflow/.local/lib/python3.8/site-packages/airflow/example_dags/example_sensors.py
[2024-04-25T12:38:32.835+0000] {logging_mixin.py:154} INFO - [2024-04-25T12:38:32.834+0000] {dag.py:2941} INFO - Sync 1 DAGs
[2024-04-25T12:38:32.854+0000] {logging_mixin.py:154} INFO - [2024-04-25T12:38:32.853+0000] {dag.py:3722} INFO - Setting next_dagrun for example_sensors to None, run_after=None
[2024-04-25T12:38:32.888+0000] {processor.py:179} INFO - Processing /home/airflow/.local/lib/python3.8/site-packages/airflow/example_dags/example_sensors.py took 0.139 seconds
[2024-04-25T12:39:03.284+0000] {processor.py:157} INFO - Started process (PID=755) to work on /home/airflow/.local/lib/python3.8/site-packages/airflow/example_dags/example_sensors.py
[2024-04-25T12:39:03.288+0000] {processor.py:829} INFO - Processing file /home/airflow/.local/lib/python3.8/site-packages/airflow/example_dags/example_sensors.py for tasks to queue
[2024-04-25T12:39:03.289+0000] {logging_mixin.py:154} INFO - [2024-04-25T12:39:03.289+0000] {dagbag.py:536} INFO - Filling up the DagBag from /home/airflow/.local/lib/python3.8/site-packages/airflow/example_dags/example_sensors.py
[2024-04-25T12:39:03.310+0000] {processor.py:839} INFO - DAG(s) dict_keys(['example_sensors']) retrieved from /home/airflow/.local/lib/python3.8/site-packages/airflow/example_dags/example_sensors.py
[2024-04-25T12:39:03.352+0000] {logging_mixin.py:154} INFO - [2024-04-25T12:39:03.351+0000] {dag.py:2941} INFO - Sync 1 DAGs
[2024-04-25T12:39:03.370+0000] {logging_mixin.py:154} INFO - [2024-04-25T12:39:03.369+0000] {dag.py:3722} INFO - Setting next_dagrun for example_sensors to None, run_after=None
[2024-04-25T12:39:03.406+0000] {processor.py:179} INFO - Processing /home/airflow/.local/lib/python3.8/site-packages/airflow/example_dags/example_sensors.py took 0.129 seconds
[2024-04-25T12:39:33.726+0000] {processor.py:157} INFO - Started process (PID=998) to work on /home/airflow/.local/lib/python3.8/site-packages/airflow/example_dags/example_sensors.py
[2024-04-25T12:39:33.727+0000] {processor.py:829} INFO - Processing file /home/airflow/.local/lib/python3.8/site-packages/airflow/example_dags/example_sensors.py for tasks to queue
[2024-04-25T12:39:33.728+0000] {logging_mixin.py:154} INFO - [2024-04-25T12:39:33.728+0000] {dagbag.py:536} INFO - Filling up the DagBag from /home/airflow/.local/lib/python3.8/site-packages/airflow/example_dags/example_sensors.py
[2024-04-25T12:39:33.744+0000] {processor.py:839} INFO - DAG(s) dict_keys(['example_sensors']) retrieved from /home/airflow/.local/lib/python3.8/site-packages/airflow/example_dags/example_sensors.py
[2024-04-25T12:39:33.782+0000] {logging_mixin.py:154} INFO - [2024-04-25T12:39:33.782+0000] {dag.py:2941} INFO - Sync 1 DAGs
[2024-04-25T12:39:33.798+0000] {logging_mixin.py:154} INFO - [2024-04-25T12:39:33.798+0000] {dag.py:3722} INFO - Setting next_dagrun for example_sensors to None, run_after=None
[2024-04-25T12:39:33.824+0000] {processor.py:179} INFO - Processing /home/airflow/.local/lib/python3.8/site-packages/airflow/example_dags/example_sensors.py took 0.104 seconds
[2024-04-25T12:40:04.034+0000] {processor.py:157} INFO - Started process (PID=1241) to work on /home/airflow/.local/lib/python3.8/site-packages/airflow/example_dags/example_sensors.py
[2024-04-25T12:40:04.037+0000] {processor.py:829} INFO - Processing file /home/airflow/.local/lib/python3.8/site-packages/airflow/example_dags/example_sensors.py for tasks to queue
[2024-04-25T12:40:04.038+0000] {logging_mixin.py:154} INFO - [2024-04-25T12:40:04.038+0000] {dagbag.py:536} INFO - Filling up the DagBag from /home/airflow/.local/lib/python3.8/site-packages/airflow/example_dags/example_sensors.py
[2024-04-25T12:40:04.059+0000] {processor.py:839} INFO - DAG(s) dict_keys(['example_sensors']) retrieved from /home/airflow/.local/lib/python3.8/site-packages/airflow/example_dags/example_sensors.py
[2024-04-25T12:40:04.108+0000] {logging_mixin.py:154} INFO - [2024-04-25T12:40:04.108+0000] {dag.py:2941} INFO - Sync 1 DAGs
[2024-04-25T12:40:04.128+0000] {logging_mixin.py:154} INFO - [2024-04-25T12:40:04.127+0000] {dag.py:3722} INFO - Setting next_dagrun for example_sensors to None, run_after=None
[2024-04-25T12:40:04.153+0000] {processor.py:179} INFO - Processing /home/airflow/.local/lib/python3.8/site-packages/airflow/example_dags/example_sensors.py took 0.127 seconds
[2024-04-25T12:40:34.624+0000] {processor.py:157} INFO - Started process (PID=1484) to work on /home/airflow/.local/lib/python3.8/site-packages/airflow/example_dags/example_sensors.py
[2024-04-25T12:40:34.627+0000] {processor.py:829} INFO - Processing file /home/airflow/.local/lib/python3.8/site-packages/airflow/example_dags/example_sensors.py for tasks to queue
[2024-04-25T12:40:34.629+0000] {logging_mixin.py:154} INFO - [2024-04-25T12:40:34.628+0000] {dagbag.py:536} INFO - Filling up the DagBag from /home/airflow/.local/lib/python3.8/site-packages/airflow/example_dags/example_sensors.py
[2024-04-25T12:40:34.650+0000] {processor.py:839} INFO - DAG(s) dict_keys(['example_sensors']) retrieved from /home/airflow/.local/lib/python3.8/site-packages/airflow/example_dags/example_sensors.py
[2024-04-25T12:40:34.699+0000] {logging_mixin.py:154} INFO - [2024-04-25T12:40:34.699+0000] {dag.py:2941} INFO - Sync 1 DAGs
[2024-04-25T12:40:34.723+0000] {logging_mixin.py:154} INFO - [2024-04-25T12:40:34.723+0000] {dag.py:3722} INFO - Setting next_dagrun for example_sensors to None, run_after=None
[2024-04-25T12:40:34.757+0000] {processor.py:179} INFO - Processing /home/airflow/.local/lib/python3.8/site-packages/airflow/example_dags/example_sensors.py took 0.141 seconds
[2024-04-25T12:41:05.617+0000] {processor.py:157} INFO - Started process (PID=1727) to work on /home/airflow/.local/lib/python3.8/site-packages/airflow/example_dags/example_sensors.py
[2024-04-25T12:41:05.619+0000] {processor.py:829} INFO - Processing file /home/airflow/.local/lib/python3.8/site-packages/airflow/example_dags/example_sensors.py for tasks to queue
[2024-04-25T12:41:05.621+0000] {logging_mixin.py:154} INFO - [2024-04-25T12:41:05.620+0000] {dagbag.py:536} INFO - Filling up the DagBag from /home/airflow/.local/lib/python3.8/site-packages/airflow/example_dags/example_sensors.py
[2024-04-25T12:41:05.637+0000] {processor.py:839} INFO - DAG(s) dict_keys(['example_sensors']) retrieved from /home/airflow/.local/lib/python3.8/site-packages/airflow/example_dags/example_sensors.py
[2024-04-25T12:41:05.675+0000] {logging_mixin.py:154} INFO - [2024-04-25T12:41:05.675+0000] {dag.py:2941} INFO - Sync 1 DAGs
[2024-04-25T12:41:05.692+0000] {logging_mixin.py:154} INFO - [2024-04-25T12:41:05.692+0000] {dag.py:3722} INFO - Setting next_dagrun for example_sensors to None, run_after=None
[2024-04-25T12:41:05.724+0000] {processor.py:179} INFO - Processing /home/airflow/.local/lib/python3.8/site-packages/airflow/example_dags/example_sensors.py took 0.116 seconds
[2024-04-25T12:41:36.237+0000] {processor.py:157} INFO - Started process (PID=1970) to work on /home/airflow/.local/lib/python3.8/site-packages/airflow/example_dags/example_sensors.py
[2024-04-25T12:41:36.239+0000] {processor.py:829} INFO - Processing file /home/airflow/.local/lib/python3.8/site-packages/airflow/example_dags/example_sensors.py for tasks to queue
[2024-04-25T12:41:36.240+0000] {logging_mixin.py:154} INFO - [2024-04-25T12:41:36.240+0000] {dagbag.py:536} INFO - Filling up the DagBag from /home/airflow/.local/lib/python3.8/site-packages/airflow/example_dags/example_sensors.py
[2024-04-25T12:41:36.259+0000] {processor.py:839} INFO - DAG(s) dict_keys(['example_sensors']) retrieved from /home/airflow/.local/lib/python3.8/site-packages/airflow/example_dags/example_sensors.py
[2024-04-25T12:41:36.314+0000] {logging_mixin.py:154} INFO - [2024-04-25T12:41:36.314+0000] {dag.py:2941} INFO - Sync 1 DAGs
[2024-04-25T12:41:36.335+0000] {logging_mixin.py:154} INFO - [2024-04-25T12:41:36.335+0000] {dag.py:3722} INFO - Setting next_dagrun for example_sensors to None, run_after=None
[2024-04-25T12:41:36.364+0000] {processor.py:179} INFO - Processing /home/airflow/.local/lib/python3.8/site-packages/airflow/example_dags/example_sensors.py took 0.135 seconds
[2024-04-25T12:42:07.489+0000] {processor.py:157} INFO - Started process (PID=2223) to work on /home/airflow/.local/lib/python3.8/site-packages/airflow/example_dags/example_sensors.py
[2024-04-25T12:42:07.491+0000] {processor.py:829} INFO - Processing file /home/airflow/.local/lib/python3.8/site-packages/airflow/example_dags/example_sensors.py for tasks to queue
[2024-04-25T12:42:07.492+0000] {logging_mixin.py:154} INFO - [2024-04-25T12:42:07.492+0000] {dagbag.py:536} INFO - Filling up the DagBag from /home/airflow/.local/lib/python3.8/site-packages/airflow/example_dags/example_sensors.py
[2024-04-25T12:42:07.508+0000] {processor.py:839} INFO - DAG(s) dict_keys(['example_sensors']) retrieved from /home/airflow/.local/lib/python3.8/site-packages/airflow/example_dags/example_sensors.py
[2024-04-25T12:42:07.550+0000] {logging_mixin.py:154} INFO - [2024-04-25T12:42:07.550+0000] {dag.py:2941} INFO - Sync 1 DAGs
[2024-04-25T12:42:07.570+0000] {logging_mixin.py:154} INFO - [2024-04-25T12:42:07.570+0000] {dag.py:3722} INFO - Setting next_dagrun for example_sensors to None, run_after=None
[2024-04-25T12:42:07.596+0000] {processor.py:179} INFO - Processing /home/airflow/.local/lib/python3.8/site-packages/airflow/example_dags/example_sensors.py took 0.113 seconds
[2024-04-25T12:42:38.136+0000] {processor.py:157} INFO - Started process (PID=2465) to work on /home/airflow/.local/lib/python3.8/site-packages/airflow/example_dags/example_sensors.py
[2024-04-25T12:42:38.138+0000] {processor.py:829} INFO - Processing file /home/airflow/.local/lib/python3.8/site-packages/airflow/example_dags/example_sensors.py for tasks to queue
[2024-04-25T12:42:38.139+0000] {logging_mixin.py:154} INFO - [2024-04-25T12:42:38.139+0000] {dagbag.py:536} INFO - Filling up the DagBag from /home/airflow/.local/lib/python3.8/site-packages/airflow/example_dags/example_sensors.py
[2024-04-25T12:42:38.167+0000] {processor.py:839} INFO - DAG(s) dict_keys(['example_sensors']) retrieved from /home/airflow/.local/lib/python3.8/site-packages/airflow/example_dags/example_sensors.py
[2024-04-25T12:42:38.206+0000] {logging_mixin.py:154} INFO - [2024-04-25T12:42:38.205+0000] {dag.py:2941} INFO - Sync 1 DAGs
[2024-04-25T12:42:38.231+0000] {logging_mixin.py:154} INFO - [2024-04-25T12:42:38.231+0000] {dag.py:3722} INFO - Setting next_dagrun for example_sensors to None, run_after=None
[2024-04-25T12:42:38.266+0000] {processor.py:179} INFO - Processing /home/airflow/.local/lib/python3.8/site-packages/airflow/example_dags/example_sensors.py took 0.139 seconds
[2024-04-25T12:43:08.987+0000] {processor.py:157} INFO - Started process (PID=2708) to work on /home/airflow/.local/lib/python3.8/site-packages/airflow/example_dags/example_sensors.py
[2024-04-25T12:43:08.990+0000] {processor.py:829} INFO - Processing file /home/airflow/.local/lib/python3.8/site-packages/airflow/example_dags/example_sensors.py for tasks to queue
[2024-04-25T12:43:08.992+0000] {logging_mixin.py:154} INFO - [2024-04-25T12:43:08.991+0000] {dagbag.py:536} INFO - Filling up the DagBag from /home/airflow/.local/lib/python3.8/site-packages/airflow/example_dags/example_sensors.py
[2024-04-25T12:43:09.009+0000] {processor.py:839} INFO - DAG(s) dict_keys(['example_sensors']) retrieved from /home/airflow/.local/lib/python3.8/site-packages/airflow/example_dags/example_sensors.py
[2024-04-25T12:43:09.062+0000] {logging_mixin.py:154} INFO - [2024-04-25T12:43:09.062+0000] {dag.py:2941} INFO - Sync 1 DAGs
[2024-04-25T12:43:09.085+0000] {logging_mixin.py:154} INFO - [2024-04-25T12:43:09.085+0000] {dag.py:3722} INFO - Setting next_dagrun for example_sensors to None, run_after=None
[2024-04-25T12:43:09.114+0000] {processor.py:179} INFO - Processing /home/airflow/.local/lib/python3.8/site-packages/airflow/example_dags/example_sensors.py took 0.135 seconds
[2024-04-25T12:43:40.946+0000] {processor.py:157} INFO - Started process (PID=2957) to work on /home/airflow/.local/lib/python3.8/site-packages/airflow/example_dags/example_sensors.py
[2024-04-25T12:43:40.949+0000] {processor.py:829} INFO - Processing file /home/airflow/.local/lib/python3.8/site-packages/airflow/example_dags/example_sensors.py for tasks to queue
[2024-04-25T12:43:40.950+0000] {logging_mixin.py:154} INFO - [2024-04-25T12:43:40.949+0000] {dagbag.py:536} INFO - Filling up the DagBag from /home/airflow/.local/lib/python3.8/site-packages/airflow/example_dags/example_sensors.py
[2024-04-25T12:43:40.978+0000] {processor.py:839} INFO - DAG(s) dict_keys(['example_sensors']) retrieved from /home/airflow/.local/lib/python3.8/site-packages/airflow/example_dags/example_sensors.py
[2024-04-25T12:43:41.036+0000] {logging_mixin.py:154} INFO - [2024-04-25T12:43:41.036+0000] {dag.py:2941} INFO - Sync 1 DAGs
[2024-04-25T12:43:41.064+0000] {logging_mixin.py:154} INFO - [2024-04-25T12:43:41.063+0000] {dag.py:3722} INFO - Setting next_dagrun for example_sensors to None, run_after=None
[2024-04-25T12:43:41.110+0000] {processor.py:179} INFO - Processing /home/airflow/.local/lib/python3.8/site-packages/airflow/example_dags/example_sensors.py took 0.170 seconds
[2024-04-25T12:44:12.021+0000] {processor.py:157} INFO - Started process (PID=3206) to work on /home/airflow/.local/lib/python3.8/site-packages/airflow/example_dags/example_sensors.py
[2024-04-25T12:44:12.036+0000] {processor.py:829} INFO - Processing file /home/airflow/.local/lib/python3.8/site-packages/airflow/example_dags/example_sensors.py for tasks to queue
[2024-04-25T12:44:12.038+0000] {logging_mixin.py:154} INFO - [2024-04-25T12:44:12.037+0000] {dagbag.py:536} INFO - Filling up the DagBag from /home/airflow/.local/lib/python3.8/site-packages/airflow/example_dags/example_sensors.py
[2024-04-25T12:44:12.063+0000] {processor.py:839} INFO - DAG(s) dict_keys(['example_sensors']) retrieved from /home/airflow/.local/lib/python3.8/site-packages/airflow/example_dags/example_sensors.py
[2024-04-25T12:44:12.143+0000] {logging_mixin.py:154} INFO - [2024-04-25T12:44:12.143+0000] {dag.py:2941} INFO - Sync 1 DAGs
[2024-04-25T12:44:12.191+0000] {logging_mixin.py:154} INFO - [2024-04-25T12:44:12.191+0000] {dag.py:3722} INFO - Setting next_dagrun for example_sensors to None, run_after=None
[2024-04-25T12:44:12.265+0000] {processor.py:179} INFO - Processing /home/airflow/.local/lib/python3.8/site-packages/airflow/example_dags/example_sensors.py took 0.253 seconds
[2024-04-25T12:44:42.342+0000] {processor.py:157} INFO - Started process (PID=3446) to work on /home/airflow/.local/lib/python3.8/site-packages/airflow/example_dags/example_sensors.py
[2024-04-25T12:44:42.344+0000] {processor.py:829} INFO - Processing file /home/airflow/.local/lib/python3.8/site-packages/airflow/example_dags/example_sensors.py for tasks to queue
[2024-04-25T12:44:42.345+0000] {logging_mixin.py:154} INFO - [2024-04-25T12:44:42.345+0000] {dagbag.py:536} INFO - Filling up the DagBag from /home/airflow/.local/lib/python3.8/site-packages/airflow/example_dags/example_sensors.py
[2024-04-25T12:44:42.360+0000] {processor.py:839} INFO - DAG(s) dict_keys(['example_sensors']) retrieved from /home/airflow/.local/lib/python3.8/site-packages/airflow/example_dags/example_sensors.py
[2024-04-25T12:44:42.399+0000] {logging_mixin.py:154} INFO - [2024-04-25T12:44:42.399+0000] {dag.py:2941} INFO - Sync 1 DAGs
[2024-04-25T12:44:42.417+0000] {logging_mixin.py:154} INFO - [2024-04-25T12:44:42.417+0000] {dag.py:3722} INFO - Setting next_dagrun for example_sensors to None, run_after=None
[2024-04-25T12:44:42.448+0000] {processor.py:179} INFO - Processing /home/airflow/.local/lib/python3.8/site-packages/airflow/example_dags/example_sensors.py took 0.114 seconds
[2024-04-25T12:45:12.828+0000] {processor.py:157} INFO - Started process (PID=3697) to work on /home/airflow/.local/lib/python3.8/site-packages/airflow/example_dags/example_sensors.py
[2024-04-25T12:45:12.830+0000] {processor.py:829} INFO - Processing file /home/airflow/.local/lib/python3.8/site-packages/airflow/example_dags/example_sensors.py for tasks to queue
[2024-04-25T12:45:12.832+0000] {logging_mixin.py:154} INFO - [2024-04-25T12:45:12.831+0000] {dagbag.py:536} INFO - Filling up the DagBag from /home/airflow/.local/lib/python3.8/site-packages/airflow/example_dags/example_sensors.py
[2024-04-25T12:45:12.850+0000] {processor.py:839} INFO - DAG(s) dict_keys(['example_sensors']) retrieved from /home/airflow/.local/lib/python3.8/site-packages/airflow/example_dags/example_sensors.py
[2024-04-25T12:45:12.902+0000] {logging_mixin.py:154} INFO - [2024-04-25T12:45:12.902+0000] {dag.py:2941} INFO - Sync 1 DAGs
[2024-04-25T12:45:12.923+0000] {logging_mixin.py:154} INFO - [2024-04-25T12:45:12.923+0000] {dag.py:3722} INFO - Setting next_dagrun for example_sensors to None, run_after=None
[2024-04-25T12:45:12.951+0000] {processor.py:179} INFO - Processing /home/airflow/.local/lib/python3.8/site-packages/airflow/example_dags/example_sensors.py took 0.131 seconds
[2024-04-25T12:45:43.890+0000] {processor.py:157} INFO - Started process (PID=3940) to work on /home/airflow/.local/lib/python3.8/site-packages/airflow/example_dags/example_sensors.py
[2024-04-25T12:45:43.892+0000] {processor.py:829} INFO - Processing file /home/airflow/.local/lib/python3.8/site-packages/airflow/example_dags/example_sensors.py for tasks to queue
[2024-04-25T12:45:43.894+0000] {logging_mixin.py:154} INFO - [2024-04-25T12:45:43.893+0000] {dagbag.py:536} INFO - Filling up the DagBag from /home/airflow/.local/lib/python3.8/site-packages/airflow/example_dags/example_sensors.py
[2024-04-25T12:45:43.909+0000] {processor.py:839} INFO - DAG(s) dict_keys(['example_sensors']) retrieved from /home/airflow/.local/lib/python3.8/site-packages/airflow/example_dags/example_sensors.py
[2024-04-25T12:45:43.945+0000] {logging_mixin.py:154} INFO - [2024-04-25T12:45:43.945+0000] {dag.py:2941} INFO - Sync 1 DAGs
[2024-04-25T12:45:43.963+0000] {logging_mixin.py:154} INFO - [2024-04-25T12:45:43.963+0000] {dag.py:3722} INFO - Setting next_dagrun for example_sensors to None, run_after=None
[2024-04-25T12:45:43.989+0000] {processor.py:179} INFO - Processing /home/airflow/.local/lib/python3.8/site-packages/airflow/example_dags/example_sensors.py took 0.104 seconds
[2024-04-25T12:46:14.703+0000] {processor.py:157} INFO - Started process (PID=4183) to work on /home/airflow/.local/lib/python3.8/site-packages/airflow/example_dags/example_sensors.py
[2024-04-25T12:46:14.705+0000] {processor.py:829} INFO - Processing file /home/airflow/.local/lib/python3.8/site-packages/airflow/example_dags/example_sensors.py for tasks to queue
[2024-04-25T12:46:14.706+0000] {logging_mixin.py:154} INFO - [2024-04-25T12:46:14.706+0000] {dagbag.py:536} INFO - Filling up the DagBag from /home/airflow/.local/lib/python3.8/site-packages/airflow/example_dags/example_sensors.py
[2024-04-25T12:46:14.722+0000] {processor.py:839} INFO - DAG(s) dict_keys(['example_sensors']) retrieved from /home/airflow/.local/lib/python3.8/site-packages/airflow/example_dags/example_sensors.py
[2024-04-25T12:46:14.761+0000] {logging_mixin.py:154} INFO - [2024-04-25T12:46:14.760+0000] {dag.py:2941} INFO - Sync 1 DAGs
[2024-04-25T12:46:14.778+0000] {logging_mixin.py:154} INFO - [2024-04-25T12:46:14.778+0000] {dag.py:3722} INFO - Setting next_dagrun for example_sensors to None, run_after=None
[2024-04-25T12:46:14.806+0000] {processor.py:179} INFO - Processing /home/airflow/.local/lib/python3.8/site-packages/airflow/example_dags/example_sensors.py took 0.109 seconds
[2024-04-25T12:46:45.653+0000] {processor.py:157} INFO - Started process (PID=4426) to work on /home/airflow/.local/lib/python3.8/site-packages/airflow/example_dags/example_sensors.py
[2024-04-25T12:46:45.655+0000] {processor.py:829} INFO - Processing file /home/airflow/.local/lib/python3.8/site-packages/airflow/example_dags/example_sensors.py for tasks to queue
[2024-04-25T12:46:45.657+0000] {logging_mixin.py:154} INFO - [2024-04-25T12:46:45.656+0000] {dagbag.py:536} INFO - Filling up the DagBag from /home/airflow/.local/lib/python3.8/site-packages/airflow/example_dags/example_sensors.py
[2024-04-25T12:46:45.672+0000] {processor.py:839} INFO - DAG(s) dict_keys(['example_sensors']) retrieved from /home/airflow/.local/lib/python3.8/site-packages/airflow/example_dags/example_sensors.py
[2024-04-25T12:46:45.712+0000] {logging_mixin.py:154} INFO - [2024-04-25T12:46:45.712+0000] {dag.py:2941} INFO - Sync 1 DAGs
[2024-04-25T12:46:45.731+0000] {logging_mixin.py:154} INFO - [2024-04-25T12:46:45.731+0000] {dag.py:3722} INFO - Setting next_dagrun for example_sensors to None, run_after=None
[2024-04-25T12:46:45.760+0000] {processor.py:179} INFO - Processing /home/airflow/.local/lib/python3.8/site-packages/airflow/example_dags/example_sensors.py took 0.113 seconds
[2024-04-25T12:47:16.153+0000] {processor.py:157} INFO - Started process (PID=4667) to work on /home/airflow/.local/lib/python3.8/site-packages/airflow/example_dags/example_sensors.py
[2024-04-25T12:47:16.157+0000] {processor.py:829} INFO - Processing file /home/airflow/.local/lib/python3.8/site-packages/airflow/example_dags/example_sensors.py for tasks to queue
[2024-04-25T12:47:16.160+0000] {logging_mixin.py:154} INFO - [2024-04-25T12:47:16.159+0000] {dagbag.py:536} INFO - Filling up the DagBag from /home/airflow/.local/lib/python3.8/site-packages/airflow/example_dags/example_sensors.py
[2024-04-25T12:47:16.212+0000] {processor.py:839} INFO - DAG(s) dict_keys(['example_sensors']) retrieved from /home/airflow/.local/lib/python3.8/site-packages/airflow/example_dags/example_sensors.py
[2024-04-25T12:47:16.327+0000] {logging_mixin.py:154} INFO - [2024-04-25T12:47:16.327+0000] {dag.py:2941} INFO - Sync 1 DAGs
[2024-04-25T12:47:16.365+0000] {logging_mixin.py:154} INFO - [2024-04-25T12:47:16.365+0000] {dag.py:3722} INFO - Setting next_dagrun for example_sensors to None, run_after=None
[2024-04-25T12:47:16.409+0000] {processor.py:179} INFO - Processing /home/airflow/.local/lib/python3.8/site-packages/airflow/example_dags/example_sensors.py took 0.274 seconds
[2024-04-25T12:47:46.566+0000] {processor.py:157} INFO - Started process (PID=4910) to work on /home/airflow/.local/lib/python3.8/site-packages/airflow/example_dags/example_sensors.py
[2024-04-25T12:47:46.568+0000] {processor.py:829} INFO - Processing file /home/airflow/.local/lib/python3.8/site-packages/airflow/example_dags/example_sensors.py for tasks to queue
[2024-04-25T12:47:46.569+0000] {logging_mixin.py:154} INFO - [2024-04-25T12:47:46.569+0000] {dagbag.py:536} INFO - Filling up the DagBag from /home/airflow/.local/lib/python3.8/site-packages/airflow/example_dags/example_sensors.py
[2024-04-25T12:47:46.585+0000] {processor.py:839} INFO - DAG(s) dict_keys(['example_sensors']) retrieved from /home/airflow/.local/lib/python3.8/site-packages/airflow/example_dags/example_sensors.py
[2024-04-25T12:47:46.627+0000] {logging_mixin.py:154} INFO - [2024-04-25T12:47:46.626+0000] {dag.py:2941} INFO - Sync 1 DAGs
[2024-04-25T12:47:46.645+0000] {logging_mixin.py:154} INFO - [2024-04-25T12:47:46.645+0000] {dag.py:3722} INFO - Setting next_dagrun for example_sensors to None, run_after=None
[2024-04-25T12:47:46.673+0000] {processor.py:179} INFO - Processing /home/airflow/.local/lib/python3.8/site-packages/airflow/example_dags/example_sensors.py took 0.113 seconds
[2024-04-25T12:51:42.709+0000] {processor.py:157} INFO - Started process (PID=269) to work on /home/airflow/.local/lib/python3.8/site-packages/airflow/example_dags/example_sensors.py
[2024-04-25T12:51:42.712+0000] {processor.py:829} INFO - Processing file /home/airflow/.local/lib/python3.8/site-packages/airflow/example_dags/example_sensors.py for tasks to queue
[2024-04-25T12:51:42.713+0000] {logging_mixin.py:154} INFO - [2024-04-25T12:51:42.713+0000] {dagbag.py:536} INFO - Filling up the DagBag from /home/airflow/.local/lib/python3.8/site-packages/airflow/example_dags/example_sensors.py
[2024-04-25T12:51:42.735+0000] {processor.py:839} INFO - DAG(s) dict_keys(['example_sensors']) retrieved from /home/airflow/.local/lib/python3.8/site-packages/airflow/example_dags/example_sensors.py
[2024-04-25T12:51:42.757+0000] {logging_mixin.py:154} INFO - [2024-04-25T12:51:42.757+0000] {dag.py:2941} INFO - Sync 1 DAGs
[2024-04-25T12:51:42.783+0000] {logging_mixin.py:154} INFO - [2024-04-25T12:51:42.782+0000] {dag.py:3722} INFO - Setting next_dagrun for example_sensors to None, run_after=None
[2024-04-25T12:51:42.817+0000] {processor.py:179} INFO - Processing /home/airflow/.local/lib/python3.8/site-packages/airflow/example_dags/example_sensors.py took 0.114 seconds
[2024-04-25T12:52:13.505+0000] {processor.py:157} INFO - Started process (PID=513) to work on /home/airflow/.local/lib/python3.8/site-packages/airflow/example_dags/example_sensors.py
[2024-04-25T12:52:13.506+0000] {processor.py:829} INFO - Processing file /home/airflow/.local/lib/python3.8/site-packages/airflow/example_dags/example_sensors.py for tasks to queue
[2024-04-25T12:52:13.507+0000] {logging_mixin.py:154} INFO - [2024-04-25T12:52:13.506+0000] {dagbag.py:536} INFO - Filling up the DagBag from /home/airflow/.local/lib/python3.8/site-packages/airflow/example_dags/example_sensors.py
[2024-04-25T12:52:13.523+0000] {processor.py:839} INFO - DAG(s) dict_keys(['example_sensors']) retrieved from /home/airflow/.local/lib/python3.8/site-packages/airflow/example_dags/example_sensors.py
[2024-04-25T12:52:13.561+0000] {logging_mixin.py:154} INFO - [2024-04-25T12:52:13.560+0000] {dag.py:2941} INFO - Sync 1 DAGs
[2024-04-25T12:52:13.578+0000] {logging_mixin.py:154} INFO - [2024-04-25T12:52:13.578+0000] {dag.py:3722} INFO - Setting next_dagrun for example_sensors to None, run_after=None
[2024-04-25T12:52:13.610+0000] {processor.py:179} INFO - Processing /home/airflow/.local/lib/python3.8/site-packages/airflow/example_dags/example_sensors.py took 0.111 seconds
[2024-04-25T12:52:44.551+0000] {processor.py:157} INFO - Started process (PID=761) to work on /home/airflow/.local/lib/python3.8/site-packages/airflow/example_dags/example_sensors.py
[2024-04-25T12:52:44.555+0000] {processor.py:829} INFO - Processing file /home/airflow/.local/lib/python3.8/site-packages/airflow/example_dags/example_sensors.py for tasks to queue
[2024-04-25T12:52:44.556+0000] {logging_mixin.py:154} INFO - [2024-04-25T12:52:44.555+0000] {dagbag.py:536} INFO - Filling up the DagBag from /home/airflow/.local/lib/python3.8/site-packages/airflow/example_dags/example_sensors.py
[2024-04-25T12:52:44.577+0000] {processor.py:839} INFO - DAG(s) dict_keys(['example_sensors']) retrieved from /home/airflow/.local/lib/python3.8/site-packages/airflow/example_dags/example_sensors.py
[2024-04-25T12:52:44.630+0000] {logging_mixin.py:154} INFO - [2024-04-25T12:52:44.630+0000] {dag.py:2941} INFO - Sync 1 DAGs
[2024-04-25T12:52:44.655+0000] {logging_mixin.py:154} INFO - [2024-04-25T12:52:44.655+0000] {dag.py:3722} INFO - Setting next_dagrun for example_sensors to None, run_after=None
[2024-04-25T12:52:44.690+0000] {processor.py:179} INFO - Processing /home/airflow/.local/lib/python3.8/site-packages/airflow/example_dags/example_sensors.py took 0.146 seconds
[2024-04-25T12:53:15.067+0000] {processor.py:157} INFO - Started process (PID=1008) to work on /home/airflow/.local/lib/python3.8/site-packages/airflow/example_dags/example_sensors.py
[2024-04-25T12:53:15.071+0000] {processor.py:829} INFO - Processing file /home/airflow/.local/lib/python3.8/site-packages/airflow/example_dags/example_sensors.py for tasks to queue
[2024-04-25T12:53:15.072+0000] {logging_mixin.py:154} INFO - [2024-04-25T12:53:15.072+0000] {dagbag.py:536} INFO - Filling up the DagBag from /home/airflow/.local/lib/python3.8/site-packages/airflow/example_dags/example_sensors.py
[2024-04-25T12:53:15.094+0000] {processor.py:839} INFO - DAG(s) dict_keys(['example_sensors']) retrieved from /home/airflow/.local/lib/python3.8/site-packages/airflow/example_dags/example_sensors.py
[2024-04-25T12:53:15.148+0000] {logging_mixin.py:154} INFO - [2024-04-25T12:53:15.147+0000] {dag.py:2941} INFO - Sync 1 DAGs
[2024-04-25T12:53:15.175+0000] {logging_mixin.py:154} INFO - [2024-04-25T12:53:15.175+0000] {dag.py:3722} INFO - Setting next_dagrun for example_sensors to None, run_after=None
[2024-04-25T12:53:15.217+0000] {processor.py:179} INFO - Processing /home/airflow/.local/lib/python3.8/site-packages/airflow/example_dags/example_sensors.py took 0.157 seconds
[2024-04-25T12:53:45.356+0000] {processor.py:157} INFO - Started process (PID=1251) to work on /home/airflow/.local/lib/python3.8/site-packages/airflow/example_dags/example_sensors.py
[2024-04-25T12:53:45.361+0000] {processor.py:829} INFO - Processing file /home/airflow/.local/lib/python3.8/site-packages/airflow/example_dags/example_sensors.py for tasks to queue
[2024-04-25T12:53:45.362+0000] {logging_mixin.py:154} INFO - [2024-04-25T12:53:45.362+0000] {dagbag.py:536} INFO - Filling up the DagBag from /home/airflow/.local/lib/python3.8/site-packages/airflow/example_dags/example_sensors.py
[2024-04-25T12:53:45.384+0000] {processor.py:839} INFO - DAG(s) dict_keys(['example_sensors']) retrieved from /home/airflow/.local/lib/python3.8/site-packages/airflow/example_dags/example_sensors.py
[2024-04-25T12:53:45.431+0000] {logging_mixin.py:154} INFO - [2024-04-25T12:53:45.431+0000] {dag.py:2941} INFO - Sync 1 DAGs
[2024-04-25T12:53:45.454+0000] {logging_mixin.py:154} INFO - [2024-04-25T12:53:45.453+0000] {dag.py:3722} INFO - Setting next_dagrun for example_sensors to None, run_after=None
[2024-04-25T12:53:45.492+0000] {processor.py:179} INFO - Processing /home/airflow/.local/lib/python3.8/site-packages/airflow/example_dags/example_sensors.py took 0.144 seconds
[2024-04-25T12:54:15.911+0000] {processor.py:157} INFO - Started process (PID=1494) to work on /home/airflow/.local/lib/python3.8/site-packages/airflow/example_dags/example_sensors.py
[2024-04-25T12:54:15.914+0000] {processor.py:829} INFO - Processing file /home/airflow/.local/lib/python3.8/site-packages/airflow/example_dags/example_sensors.py for tasks to queue
[2024-04-25T12:54:15.915+0000] {logging_mixin.py:154} INFO - [2024-04-25T12:54:15.915+0000] {dagbag.py:536} INFO - Filling up the DagBag from /home/airflow/.local/lib/python3.8/site-packages/airflow/example_dags/example_sensors.py
[2024-04-25T12:54:15.935+0000] {processor.py:839} INFO - DAG(s) dict_keys(['example_sensors']) retrieved from /home/airflow/.local/lib/python3.8/site-packages/airflow/example_dags/example_sensors.py
[2024-04-25T12:54:15.975+0000] {logging_mixin.py:154} INFO - [2024-04-25T12:54:15.975+0000] {dag.py:2941} INFO - Sync 1 DAGs
[2024-04-25T12:54:15.994+0000] {logging_mixin.py:154} INFO - [2024-04-25T12:54:15.993+0000] {dag.py:3722} INFO - Setting next_dagrun for example_sensors to None, run_after=None
[2024-04-25T12:54:16.026+0000] {processor.py:179} INFO - Processing /home/airflow/.local/lib/python3.8/site-packages/airflow/example_dags/example_sensors.py took 0.122 seconds
[2024-04-25T12:54:47.177+0000] {processor.py:157} INFO - Started process (PID=1739) to work on /home/airflow/.local/lib/python3.8/site-packages/airflow/example_dags/example_sensors.py
[2024-04-25T12:54:47.179+0000] {processor.py:829} INFO - Processing file /home/airflow/.local/lib/python3.8/site-packages/airflow/example_dags/example_sensors.py for tasks to queue
[2024-04-25T12:54:47.181+0000] {logging_mixin.py:154} INFO - [2024-04-25T12:54:47.180+0000] {dagbag.py:536} INFO - Filling up the DagBag from /home/airflow/.local/lib/python3.8/site-packages/airflow/example_dags/example_sensors.py
[2024-04-25T12:54:47.199+0000] {processor.py:839} INFO - DAG(s) dict_keys(['example_sensors']) retrieved from /home/airflow/.local/lib/python3.8/site-packages/airflow/example_dags/example_sensors.py
[2024-04-25T12:54:47.240+0000] {logging_mixin.py:154} INFO - [2024-04-25T12:54:47.240+0000] {dag.py:2941} INFO - Sync 1 DAGs
[2024-04-25T12:54:47.259+0000] {logging_mixin.py:154} INFO - [2024-04-25T12:54:47.259+0000] {dag.py:3722} INFO - Setting next_dagrun for example_sensors to None, run_after=None
[2024-04-25T12:54:47.286+0000] {processor.py:179} INFO - Processing /home/airflow/.local/lib/python3.8/site-packages/airflow/example_dags/example_sensors.py took 0.115 seconds
[2024-04-25T12:55:17.530+0000] {processor.py:157} INFO - Started process (PID=1980) to work on /home/airflow/.local/lib/python3.8/site-packages/airflow/example_dags/example_sensors.py
[2024-04-25T12:55:17.532+0000] {processor.py:829} INFO - Processing file /home/airflow/.local/lib/python3.8/site-packages/airflow/example_dags/example_sensors.py for tasks to queue
[2024-04-25T12:55:17.533+0000] {logging_mixin.py:154} INFO - [2024-04-25T12:55:17.533+0000] {dagbag.py:536} INFO - Filling up the DagBag from /home/airflow/.local/lib/python3.8/site-packages/airflow/example_dags/example_sensors.py
[2024-04-25T12:55:17.553+0000] {processor.py:839} INFO - DAG(s) dict_keys(['example_sensors']) retrieved from /home/airflow/.local/lib/python3.8/site-packages/airflow/example_dags/example_sensors.py
[2024-04-25T12:55:17.594+0000] {logging_mixin.py:154} INFO - [2024-04-25T12:55:17.594+0000] {dag.py:2941} INFO - Sync 1 DAGs
[2024-04-25T12:55:17.613+0000] {logging_mixin.py:154} INFO - [2024-04-25T12:55:17.613+0000] {dag.py:3722} INFO - Setting next_dagrun for example_sensors to None, run_after=None
[2024-04-25T12:55:17.646+0000] {processor.py:179} INFO - Processing /home/airflow/.local/lib/python3.8/site-packages/airflow/example_dags/example_sensors.py took 0.122 seconds
[2024-04-25T13:10:32.718+0000] {processor.py:157} INFO - Started process (PID=268) to work on /home/airflow/.local/lib/python3.8/site-packages/airflow/example_dags/example_sensors.py
[2024-04-25T13:10:32.721+0000] {processor.py:829} INFO - Processing file /home/airflow/.local/lib/python3.8/site-packages/airflow/example_dags/example_sensors.py for tasks to queue
[2024-04-25T13:10:32.723+0000] {logging_mixin.py:154} INFO - [2024-04-25T13:10:32.722+0000] {dagbag.py:536} INFO - Filling up the DagBag from /home/airflow/.local/lib/python3.8/site-packages/airflow/example_dags/example_sensors.py
[2024-04-25T13:10:32.748+0000] {processor.py:839} INFO - DAG(s) dict_keys(['example_sensors']) retrieved from /home/airflow/.local/lib/python3.8/site-packages/airflow/example_dags/example_sensors.py
[2024-04-25T13:10:32.766+0000] {logging_mixin.py:154} INFO - [2024-04-25T13:10:32.765+0000] {dag.py:2941} INFO - Sync 1 DAGs
[2024-04-25T13:10:32.783+0000] {logging_mixin.py:154} INFO - [2024-04-25T13:10:32.783+0000] {dag.py:3722} INFO - Setting next_dagrun for example_sensors to None, run_after=None
[2024-04-25T13:10:32.815+0000] {processor.py:179} INFO - Processing /home/airflow/.local/lib/python3.8/site-packages/airflow/example_dags/example_sensors.py took 0.104 seconds
[2024-04-25T13:11:04.208+0000] {processor.py:157} INFO - Started process (PID=513) to work on /home/airflow/.local/lib/python3.8/site-packages/airflow/example_dags/example_sensors.py
[2024-04-25T13:11:04.209+0000] {processor.py:829} INFO - Processing file /home/airflow/.local/lib/python3.8/site-packages/airflow/example_dags/example_sensors.py for tasks to queue
[2024-04-25T13:11:04.210+0000] {logging_mixin.py:154} INFO - [2024-04-25T13:11:04.210+0000] {dagbag.py:536} INFO - Filling up the DagBag from /home/airflow/.local/lib/python3.8/site-packages/airflow/example_dags/example_sensors.py
[2024-04-25T13:11:04.226+0000] {processor.py:839} INFO - DAG(s) dict_keys(['example_sensors']) retrieved from /home/airflow/.local/lib/python3.8/site-packages/airflow/example_dags/example_sensors.py
[2024-04-25T13:11:04.263+0000] {logging_mixin.py:154} INFO - [2024-04-25T13:11:04.263+0000] {dag.py:2941} INFO - Sync 1 DAGs
[2024-04-25T13:11:04.280+0000] {logging_mixin.py:154} INFO - [2024-04-25T13:11:04.280+0000] {dag.py:3722} INFO - Setting next_dagrun for example_sensors to None, run_after=None
[2024-04-25T13:11:04.306+0000] {processor.py:179} INFO - Processing /home/airflow/.local/lib/python3.8/site-packages/airflow/example_dags/example_sensors.py took 0.104 seconds
[2024-04-25T13:11:34.468+0000] {processor.py:157} INFO - Started process (PID=756) to work on /home/airflow/.local/lib/python3.8/site-packages/airflow/example_dags/example_sensors.py
[2024-04-25T13:11:34.471+0000] {processor.py:829} INFO - Processing file /home/airflow/.local/lib/python3.8/site-packages/airflow/example_dags/example_sensors.py for tasks to queue
[2024-04-25T13:11:34.472+0000] {logging_mixin.py:154} INFO - [2024-04-25T13:11:34.471+0000] {dagbag.py:536} INFO - Filling up the DagBag from /home/airflow/.local/lib/python3.8/site-packages/airflow/example_dags/example_sensors.py
[2024-04-25T13:11:34.488+0000] {processor.py:839} INFO - DAG(s) dict_keys(['example_sensors']) retrieved from /home/airflow/.local/lib/python3.8/site-packages/airflow/example_dags/example_sensors.py
[2024-04-25T13:11:34.525+0000] {logging_mixin.py:154} INFO - [2024-04-25T13:11:34.525+0000] {dag.py:2941} INFO - Sync 1 DAGs
[2024-04-25T13:11:34.542+0000] {logging_mixin.py:154} INFO - [2024-04-25T13:11:34.542+0000] {dag.py:3722} INFO - Setting next_dagrun for example_sensors to None, run_after=None
[2024-04-25T13:11:34.568+0000] {processor.py:179} INFO - Processing /home/airflow/.local/lib/python3.8/site-packages/airflow/example_dags/example_sensors.py took 0.105 seconds
[2024-04-25T13:12:05.202+0000] {processor.py:157} INFO - Started process (PID=1001) to work on /home/airflow/.local/lib/python3.8/site-packages/airflow/example_dags/example_sensors.py
[2024-04-25T13:12:05.204+0000] {processor.py:829} INFO - Processing file /home/airflow/.local/lib/python3.8/site-packages/airflow/example_dags/example_sensors.py for tasks to queue
[2024-04-25T13:12:05.205+0000] {logging_mixin.py:154} INFO - [2024-04-25T13:12:05.205+0000] {dagbag.py:536} INFO - Filling up the DagBag from /home/airflow/.local/lib/python3.8/site-packages/airflow/example_dags/example_sensors.py
[2024-04-25T13:12:05.229+0000] {processor.py:839} INFO - DAG(s) dict_keys(['example_sensors']) retrieved from /home/airflow/.local/lib/python3.8/site-packages/airflow/example_dags/example_sensors.py
[2024-04-25T13:12:05.278+0000] {logging_mixin.py:154} INFO - [2024-04-25T13:12:05.278+0000] {dag.py:2941} INFO - Sync 1 DAGs
[2024-04-25T13:12:05.312+0000] {logging_mixin.py:154} INFO - [2024-04-25T13:12:05.311+0000] {dag.py:3722} INFO - Setting next_dagrun for example_sensors to None, run_after=None
[2024-04-25T13:12:05.361+0000] {processor.py:179} INFO - Processing /home/airflow/.local/lib/python3.8/site-packages/airflow/example_dags/example_sensors.py took 0.168 seconds
[2024-04-25T13:12:35.863+0000] {processor.py:157} INFO - Started process (PID=1250) to work on /home/airflow/.local/lib/python3.8/site-packages/airflow/example_dags/example_sensors.py
[2024-04-25T13:12:35.865+0000] {processor.py:829} INFO - Processing file /home/airflow/.local/lib/python3.8/site-packages/airflow/example_dags/example_sensors.py for tasks to queue
[2024-04-25T13:12:35.867+0000] {logging_mixin.py:154} INFO - [2024-04-25T13:12:35.866+0000] {dagbag.py:536} INFO - Filling up the DagBag from /home/airflow/.local/lib/python3.8/site-packages/airflow/example_dags/example_sensors.py
[2024-04-25T13:12:35.893+0000] {processor.py:839} INFO - DAG(s) dict_keys(['example_sensors']) retrieved from /home/airflow/.local/lib/python3.8/site-packages/airflow/example_dags/example_sensors.py
[2024-04-25T13:12:35.944+0000] {logging_mixin.py:154} INFO - [2024-04-25T13:12:35.944+0000] {dag.py:2941} INFO - Sync 1 DAGs
[2024-04-25T13:12:35.970+0000] {logging_mixin.py:154} INFO - [2024-04-25T13:12:35.970+0000] {dag.py:3722} INFO - Setting next_dagrun for example_sensors to None, run_after=None
[2024-04-25T13:12:36.013+0000] {processor.py:179} INFO - Processing /home/airflow/.local/lib/python3.8/site-packages/airflow/example_dags/example_sensors.py took 0.158 seconds
[2024-04-25T13:13:06.178+0000] {processor.py:157} INFO - Started process (PID=1493) to work on /home/airflow/.local/lib/python3.8/site-packages/airflow/example_dags/example_sensors.py
[2024-04-25T13:13:06.180+0000] {processor.py:829} INFO - Processing file /home/airflow/.local/lib/python3.8/site-packages/airflow/example_dags/example_sensors.py for tasks to queue
[2024-04-25T13:13:06.181+0000] {logging_mixin.py:154} INFO - [2024-04-25T13:13:06.180+0000] {dagbag.py:536} INFO - Filling up the DagBag from /home/airflow/.local/lib/python3.8/site-packages/airflow/example_dags/example_sensors.py
[2024-04-25T13:13:06.196+0000] {processor.py:839} INFO - DAG(s) dict_keys(['example_sensors']) retrieved from /home/airflow/.local/lib/python3.8/site-packages/airflow/example_dags/example_sensors.py
[2024-04-25T13:13:06.243+0000] {logging_mixin.py:154} INFO - [2024-04-25T13:13:06.242+0000] {dag.py:2941} INFO - Sync 1 DAGs
[2024-04-25T13:13:06.270+0000] {logging_mixin.py:154} INFO - [2024-04-25T13:13:06.269+0000] {dag.py:3722} INFO - Setting next_dagrun for example_sensors to None, run_after=None
[2024-04-25T13:13:06.302+0000] {processor.py:179} INFO - Processing /home/airflow/.local/lib/python3.8/site-packages/airflow/example_dags/example_sensors.py took 0.131 seconds
[2024-04-25T13:13:36.749+0000] {processor.py:157} INFO - Started process (PID=1739) to work on /home/airflow/.local/lib/python3.8/site-packages/airflow/example_dags/example_sensors.py
[2024-04-25T13:13:36.753+0000] {processor.py:829} INFO - Processing file /home/airflow/.local/lib/python3.8/site-packages/airflow/example_dags/example_sensors.py for tasks to queue
[2024-04-25T13:13:36.754+0000] {logging_mixin.py:154} INFO - [2024-04-25T13:13:36.753+0000] {dagbag.py:536} INFO - Filling up the DagBag from /home/airflow/.local/lib/python3.8/site-packages/airflow/example_dags/example_sensors.py
[2024-04-25T13:13:36.769+0000] {processor.py:839} INFO - DAG(s) dict_keys(['example_sensors']) retrieved from /home/airflow/.local/lib/python3.8/site-packages/airflow/example_dags/example_sensors.py
[2024-04-25T13:13:36.805+0000] {logging_mixin.py:154} INFO - [2024-04-25T13:13:36.805+0000] {dag.py:2941} INFO - Sync 1 DAGs
[2024-04-25T13:13:36.822+0000] {logging_mixin.py:154} INFO - [2024-04-25T13:13:36.822+0000] {dag.py:3722} INFO - Setting next_dagrun for example_sensors to None, run_after=None
[2024-04-25T13:13:36.847+0000] {processor.py:179} INFO - Processing /home/airflow/.local/lib/python3.8/site-packages/airflow/example_dags/example_sensors.py took 0.104 seconds
[2024-04-25T13:14:07.104+0000] {processor.py:157} INFO - Started process (PID=1981) to work on /home/airflow/.local/lib/python3.8/site-packages/airflow/example_dags/example_sensors.py
[2024-04-25T13:14:07.107+0000] {processor.py:829} INFO - Processing file /home/airflow/.local/lib/python3.8/site-packages/airflow/example_dags/example_sensors.py for tasks to queue
[2024-04-25T13:14:07.108+0000] {logging_mixin.py:154} INFO - [2024-04-25T13:14:07.108+0000] {dagbag.py:536} INFO - Filling up the DagBag from /home/airflow/.local/lib/python3.8/site-packages/airflow/example_dags/example_sensors.py
[2024-04-25T13:14:07.129+0000] {processor.py:839} INFO - DAG(s) dict_keys(['example_sensors']) retrieved from /home/airflow/.local/lib/python3.8/site-packages/airflow/example_dags/example_sensors.py
[2024-04-25T13:14:07.167+0000] {logging_mixin.py:154} INFO - [2024-04-25T13:14:07.166+0000] {dag.py:2941} INFO - Sync 1 DAGs
[2024-04-25T13:14:07.184+0000] {logging_mixin.py:154} INFO - [2024-04-25T13:14:07.184+0000] {dag.py:3722} INFO - Setting next_dagrun for example_sensors to None, run_after=None
[2024-04-25T13:14:07.210+0000] {processor.py:179} INFO - Processing /home/airflow/.local/lib/python3.8/site-packages/airflow/example_dags/example_sensors.py took 0.114 seconds
[2024-04-25T13:14:37.767+0000] {processor.py:157} INFO - Started process (PID=2224) to work on /home/airflow/.local/lib/python3.8/site-packages/airflow/example_dags/example_sensors.py
[2024-04-25T13:14:37.768+0000] {processor.py:829} INFO - Processing file /home/airflow/.local/lib/python3.8/site-packages/airflow/example_dags/example_sensors.py for tasks to queue
[2024-04-25T13:14:37.769+0000] {logging_mixin.py:154} INFO - [2024-04-25T13:14:37.769+0000] {dagbag.py:536} INFO - Filling up the DagBag from /home/airflow/.local/lib/python3.8/site-packages/airflow/example_dags/example_sensors.py
[2024-04-25T13:14:37.792+0000] {processor.py:839} INFO - DAG(s) dict_keys(['example_sensors']) retrieved from /home/airflow/.local/lib/python3.8/site-packages/airflow/example_dags/example_sensors.py
[2024-04-25T13:14:37.846+0000] {logging_mixin.py:154} INFO - [2024-04-25T13:14:37.845+0000] {dag.py:2941} INFO - Sync 1 DAGs
[2024-04-25T13:14:37.871+0000] {logging_mixin.py:154} INFO - [2024-04-25T13:14:37.870+0000] {dag.py:3722} INFO - Setting next_dagrun for example_sensors to None, run_after=None
[2024-04-25T13:14:37.907+0000] {processor.py:179} INFO - Processing /home/airflow/.local/lib/python3.8/site-packages/airflow/example_dags/example_sensors.py took 0.145 seconds
[2024-04-25T13:15:08.008+0000] {processor.py:157} INFO - Started process (PID=2467) to work on /home/airflow/.local/lib/python3.8/site-packages/airflow/example_dags/example_sensors.py
[2024-04-25T13:15:08.011+0000] {processor.py:829} INFO - Processing file /home/airflow/.local/lib/python3.8/site-packages/airflow/example_dags/example_sensors.py for tasks to queue
[2024-04-25T13:15:08.012+0000] {logging_mixin.py:154} INFO - [2024-04-25T13:15:08.012+0000] {dagbag.py:536} INFO - Filling up the DagBag from /home/airflow/.local/lib/python3.8/site-packages/airflow/example_dags/example_sensors.py
[2024-04-25T13:15:08.040+0000] {processor.py:839} INFO - DAG(s) dict_keys(['example_sensors']) retrieved from /home/airflow/.local/lib/python3.8/site-packages/airflow/example_dags/example_sensors.py
[2024-04-25T13:15:08.082+0000] {logging_mixin.py:154} INFO - [2024-04-25T13:15:08.081+0000] {dag.py:2941} INFO - Sync 1 DAGs
[2024-04-25T13:15:08.099+0000] {logging_mixin.py:154} INFO - [2024-04-25T13:15:08.099+0000] {dag.py:3722} INFO - Setting next_dagrun for example_sensors to None, run_after=None
[2024-04-25T13:15:08.127+0000] {processor.py:179} INFO - Processing /home/airflow/.local/lib/python3.8/site-packages/airflow/example_dags/example_sensors.py took 0.126 seconds
[2024-04-25T13:15:39.473+0000] {processor.py:157} INFO - Started process (PID=2712) to work on /home/airflow/.local/lib/python3.8/site-packages/airflow/example_dags/example_sensors.py
[2024-04-25T13:15:39.475+0000] {processor.py:829} INFO - Processing file /home/airflow/.local/lib/python3.8/site-packages/airflow/example_dags/example_sensors.py for tasks to queue
[2024-04-25T13:15:39.476+0000] {logging_mixin.py:154} INFO - [2024-04-25T13:15:39.475+0000] {dagbag.py:536} INFO - Filling up the DagBag from /home/airflow/.local/lib/python3.8/site-packages/airflow/example_dags/example_sensors.py
[2024-04-25T13:15:39.501+0000] {processor.py:839} INFO - DAG(s) dict_keys(['example_sensors']) retrieved from /home/airflow/.local/lib/python3.8/site-packages/airflow/example_dags/example_sensors.py
[2024-04-25T13:15:39.550+0000] {logging_mixin.py:154} INFO - [2024-04-25T13:15:39.550+0000] {dag.py:2941} INFO - Sync 1 DAGs
[2024-04-25T13:15:39.576+0000] {logging_mixin.py:154} INFO - [2024-04-25T13:15:39.575+0000] {dag.py:3722} INFO - Setting next_dagrun for example_sensors to None, run_after=None
[2024-04-25T13:15:39.606+0000] {processor.py:179} INFO - Processing /home/airflow/.local/lib/python3.8/site-packages/airflow/example_dags/example_sensors.py took 0.141 seconds
[2024-04-25T13:16:10.518+0000] {processor.py:157} INFO - Started process (PID=2955) to work on /home/airflow/.local/lib/python3.8/site-packages/airflow/example_dags/example_sensors.py
[2024-04-25T13:16:10.521+0000] {processor.py:829} INFO - Processing file /home/airflow/.local/lib/python3.8/site-packages/airflow/example_dags/example_sensors.py for tasks to queue
[2024-04-25T13:16:10.522+0000] {logging_mixin.py:154} INFO - [2024-04-25T13:16:10.522+0000] {dagbag.py:536} INFO - Filling up the DagBag from /home/airflow/.local/lib/python3.8/site-packages/airflow/example_dags/example_sensors.py
[2024-04-25T13:16:10.549+0000] {processor.py:839} INFO - DAG(s) dict_keys(['example_sensors']) retrieved from /home/airflow/.local/lib/python3.8/site-packages/airflow/example_dags/example_sensors.py
[2024-04-25T13:16:10.591+0000] {logging_mixin.py:154} INFO - [2024-04-25T13:16:10.591+0000] {dag.py:2941} INFO - Sync 1 DAGs
[2024-04-25T13:16:10.609+0000] {logging_mixin.py:154} INFO - [2024-04-25T13:16:10.608+0000] {dag.py:3722} INFO - Setting next_dagrun for example_sensors to None, run_after=None
[2024-04-25T13:16:10.635+0000] {processor.py:179} INFO - Processing /home/airflow/.local/lib/python3.8/site-packages/airflow/example_dags/example_sensors.py took 0.122 seconds
[2024-04-25T13:16:41.479+0000] {processor.py:157} INFO - Started process (PID=3197) to work on /home/airflow/.local/lib/python3.8/site-packages/airflow/example_dags/example_sensors.py
[2024-04-25T13:16:41.480+0000] {processor.py:829} INFO - Processing file /home/airflow/.local/lib/python3.8/site-packages/airflow/example_dags/example_sensors.py for tasks to queue
[2024-04-25T13:16:41.481+0000] {logging_mixin.py:154} INFO - [2024-04-25T13:16:41.481+0000] {dagbag.py:536} INFO - Filling up the DagBag from /home/airflow/.local/lib/python3.8/site-packages/airflow/example_dags/example_sensors.py
[2024-04-25T13:16:41.500+0000] {processor.py:839} INFO - DAG(s) dict_keys(['example_sensors']) retrieved from /home/airflow/.local/lib/python3.8/site-packages/airflow/example_dags/example_sensors.py
[2024-04-25T13:16:41.543+0000] {logging_mixin.py:154} INFO - [2024-04-25T13:16:41.543+0000] {dag.py:2941} INFO - Sync 1 DAGs
[2024-04-25T13:16:41.562+0000] {logging_mixin.py:154} INFO - [2024-04-25T13:16:41.562+0000] {dag.py:3722} INFO - Setting next_dagrun for example_sensors to None, run_after=None
[2024-04-25T13:16:41.593+0000] {processor.py:179} INFO - Processing /home/airflow/.local/lib/python3.8/site-packages/airflow/example_dags/example_sensors.py took 0.120 seconds
[2024-04-25T13:17:12.440+0000] {processor.py:157} INFO - Started process (PID=3440) to work on /home/airflow/.local/lib/python3.8/site-packages/airflow/example_dags/example_sensors.py
[2024-04-25T13:17:12.442+0000] {processor.py:829} INFO - Processing file /home/airflow/.local/lib/python3.8/site-packages/airflow/example_dags/example_sensors.py for tasks to queue
[2024-04-25T13:17:12.444+0000] {logging_mixin.py:154} INFO - [2024-04-25T13:17:12.443+0000] {dagbag.py:536} INFO - Filling up the DagBag from /home/airflow/.local/lib/python3.8/site-packages/airflow/example_dags/example_sensors.py
[2024-04-25T13:17:12.459+0000] {processor.py:839} INFO - DAG(s) dict_keys(['example_sensors']) retrieved from /home/airflow/.local/lib/python3.8/site-packages/airflow/example_dags/example_sensors.py
[2024-04-25T13:17:12.498+0000] {logging_mixin.py:154} INFO - [2024-04-25T13:17:12.497+0000] {dag.py:2941} INFO - Sync 1 DAGs
[2024-04-25T13:17:12.516+0000] {logging_mixin.py:154} INFO - [2024-04-25T13:17:12.515+0000] {dag.py:3722} INFO - Setting next_dagrun for example_sensors to None, run_after=None
[2024-04-25T13:17:12.542+0000] {processor.py:179} INFO - Processing /home/airflow/.local/lib/python3.8/site-packages/airflow/example_dags/example_sensors.py took 0.108 seconds
[2024-04-25T13:17:42.755+0000] {processor.py:157} INFO - Started process (PID=3678) to work on /home/airflow/.local/lib/python3.8/site-packages/airflow/example_dags/example_sensors.py
[2024-04-25T13:17:42.756+0000] {processor.py:829} INFO - Processing file /home/airflow/.local/lib/python3.8/site-packages/airflow/example_dags/example_sensors.py for tasks to queue
[2024-04-25T13:17:42.758+0000] {logging_mixin.py:154} INFO - [2024-04-25T13:17:42.757+0000] {dagbag.py:536} INFO - Filling up the DagBag from /home/airflow/.local/lib/python3.8/site-packages/airflow/example_dags/example_sensors.py
[2024-04-25T13:17:42.776+0000] {processor.py:839} INFO - DAG(s) dict_keys(['example_sensors']) retrieved from /home/airflow/.local/lib/python3.8/site-packages/airflow/example_dags/example_sensors.py
[2024-04-25T13:17:42.815+0000] {logging_mixin.py:154} INFO - [2024-04-25T13:17:42.815+0000] {dag.py:2941} INFO - Sync 1 DAGs
[2024-04-25T13:17:42.835+0000] {logging_mixin.py:154} INFO - [2024-04-25T13:17:42.834+0000] {dag.py:3722} INFO - Setting next_dagrun for example_sensors to None, run_after=None
[2024-04-25T13:17:42.868+0000] {processor.py:179} INFO - Processing /home/airflow/.local/lib/python3.8/site-packages/airflow/example_dags/example_sensors.py took 0.122 seconds
[2024-04-25T13:18:13.958+0000] {processor.py:157} INFO - Started process (PID=3927) to work on /home/airflow/.local/lib/python3.8/site-packages/airflow/example_dags/example_sensors.py
[2024-04-25T13:18:13.961+0000] {processor.py:829} INFO - Processing file /home/airflow/.local/lib/python3.8/site-packages/airflow/example_dags/example_sensors.py for tasks to queue
[2024-04-25T13:18:13.963+0000] {logging_mixin.py:154} INFO - [2024-04-25T13:18:13.962+0000] {dagbag.py:536} INFO - Filling up the DagBag from /home/airflow/.local/lib/python3.8/site-packages/airflow/example_dags/example_sensors.py
[2024-04-25T13:18:13.992+0000] {processor.py:839} INFO - DAG(s) dict_keys(['example_sensors']) retrieved from /home/airflow/.local/lib/python3.8/site-packages/airflow/example_dags/example_sensors.py
[2024-04-25T13:18:14.031+0000] {logging_mixin.py:154} INFO - [2024-04-25T13:18:14.030+0000] {dag.py:2941} INFO - Sync 1 DAGs
[2024-04-25T13:18:14.048+0000] {logging_mixin.py:154} INFO - [2024-04-25T13:18:14.047+0000] {dag.py:3722} INFO - Setting next_dagrun for example_sensors to None, run_after=None
[2024-04-25T13:18:14.075+0000] {processor.py:179} INFO - Processing /home/airflow/.local/lib/python3.8/site-packages/airflow/example_dags/example_sensors.py took 0.127 seconds
[2024-04-25T13:18:44.954+0000] {processor.py:157} INFO - Started process (PID=4171) to work on /home/airflow/.local/lib/python3.8/site-packages/airflow/example_dags/example_sensors.py
[2024-04-25T13:18:44.957+0000] {processor.py:829} INFO - Processing file /home/airflow/.local/lib/python3.8/site-packages/airflow/example_dags/example_sensors.py for tasks to queue
[2024-04-25T13:18:44.959+0000] {logging_mixin.py:154} INFO - [2024-04-25T13:18:44.958+0000] {dagbag.py:536} INFO - Filling up the DagBag from /home/airflow/.local/lib/python3.8/site-packages/airflow/example_dags/example_sensors.py
[2024-04-25T13:18:44.987+0000] {processor.py:839} INFO - DAG(s) dict_keys(['example_sensors']) retrieved from /home/airflow/.local/lib/python3.8/site-packages/airflow/example_dags/example_sensors.py
[2024-04-25T13:18:45.049+0000] {logging_mixin.py:154} INFO - [2024-04-25T13:18:45.049+0000] {dag.py:2941} INFO - Sync 1 DAGs
[2024-04-25T13:18:45.075+0000] {logging_mixin.py:154} INFO - [2024-04-25T13:18:45.074+0000] {dag.py:3722} INFO - Setting next_dagrun for example_sensors to None, run_after=None
[2024-04-25T13:18:45.109+0000] {processor.py:179} INFO - Processing /home/airflow/.local/lib/python3.8/site-packages/airflow/example_dags/example_sensors.py took 0.165 seconds
[2024-04-25T13:27:15.286+0000] {processor.py:157} INFO - Started process (PID=270) to work on /home/airflow/.local/lib/python3.8/site-packages/airflow/example_dags/example_sensors.py
[2024-04-25T13:27:15.289+0000] {processor.py:829} INFO - Processing file /home/airflow/.local/lib/python3.8/site-packages/airflow/example_dags/example_sensors.py for tasks to queue
[2024-04-25T13:27:15.290+0000] {logging_mixin.py:154} INFO - [2024-04-25T13:27:15.290+0000] {dagbag.py:536} INFO - Filling up the DagBag from /home/airflow/.local/lib/python3.8/site-packages/airflow/example_dags/example_sensors.py
[2024-04-25T13:27:15.306+0000] {processor.py:839} INFO - DAG(s) dict_keys(['example_sensors']) retrieved from /home/airflow/.local/lib/python3.8/site-packages/airflow/example_dags/example_sensors.py
[2024-04-25T13:27:15.328+0000] {logging_mixin.py:154} INFO - [2024-04-25T13:27:15.328+0000] {dag.py:2941} INFO - Sync 1 DAGs
[2024-04-25T13:27:15.353+0000] {logging_mixin.py:154} INFO - [2024-04-25T13:27:15.353+0000] {dag.py:3722} INFO - Setting next_dagrun for example_sensors to None, run_after=None
[2024-04-25T13:27:15.390+0000] {processor.py:179} INFO - Processing /home/airflow/.local/lib/python3.8/site-packages/airflow/example_dags/example_sensors.py took 0.109 seconds
[2024-04-25T13:27:45.910+0000] {processor.py:157} INFO - Started process (PID=511) to work on /home/airflow/.local/lib/python3.8/site-packages/airflow/example_dags/example_sensors.py
[2024-04-25T13:27:45.912+0000] {processor.py:829} INFO - Processing file /home/airflow/.local/lib/python3.8/site-packages/airflow/example_dags/example_sensors.py for tasks to queue
[2024-04-25T13:27:45.913+0000] {logging_mixin.py:154} INFO - [2024-04-25T13:27:45.913+0000] {dagbag.py:536} INFO - Filling up the DagBag from /home/airflow/.local/lib/python3.8/site-packages/airflow/example_dags/example_sensors.py
[2024-04-25T13:27:45.929+0000] {processor.py:839} INFO - DAG(s) dict_keys(['example_sensors']) retrieved from /home/airflow/.local/lib/python3.8/site-packages/airflow/example_dags/example_sensors.py
[2024-04-25T13:27:45.973+0000] {logging_mixin.py:154} INFO - [2024-04-25T13:27:45.972+0000] {dag.py:2941} INFO - Sync 1 DAGs
[2024-04-25T13:27:45.991+0000] {logging_mixin.py:154} INFO - [2024-04-25T13:27:45.991+0000] {dag.py:3722} INFO - Setting next_dagrun for example_sensors to None, run_after=None
[2024-04-25T13:27:46.019+0000] {processor.py:179} INFO - Processing /home/airflow/.local/lib/python3.8/site-packages/airflow/example_dags/example_sensors.py took 0.114 seconds
[2024-04-25T13:28:16.531+0000] {processor.py:157} INFO - Started process (PID=754) to work on /home/airflow/.local/lib/python3.8/site-packages/airflow/example_dags/example_sensors.py
[2024-04-25T13:28:16.533+0000] {processor.py:829} INFO - Processing file /home/airflow/.local/lib/python3.8/site-packages/airflow/example_dags/example_sensors.py for tasks to queue
[2024-04-25T13:28:16.534+0000] {logging_mixin.py:154} INFO - [2024-04-25T13:28:16.534+0000] {dagbag.py:536} INFO - Filling up the DagBag from /home/airflow/.local/lib/python3.8/site-packages/airflow/example_dags/example_sensors.py
[2024-04-25T13:28:16.549+0000] {processor.py:839} INFO - DAG(s) dict_keys(['example_sensors']) retrieved from /home/airflow/.local/lib/python3.8/site-packages/airflow/example_dags/example_sensors.py
[2024-04-25T13:28:16.593+0000] {logging_mixin.py:154} INFO - [2024-04-25T13:28:16.592+0000] {dag.py:2941} INFO - Sync 1 DAGs
[2024-04-25T13:28:16.612+0000] {logging_mixin.py:154} INFO - [2024-04-25T13:28:16.611+0000] {dag.py:3722} INFO - Setting next_dagrun for example_sensors to None, run_after=None
[2024-04-25T13:28:16.642+0000] {processor.py:179} INFO - Processing /home/airflow/.local/lib/python3.8/site-packages/airflow/example_dags/example_sensors.py took 0.117 seconds
[2024-04-25T13:28:47.538+0000] {processor.py:157} INFO - Started process (PID=1004) to work on /home/airflow/.local/lib/python3.8/site-packages/airflow/example_dags/example_sensors.py
[2024-04-25T13:28:47.540+0000] {processor.py:829} INFO - Processing file /home/airflow/.local/lib/python3.8/site-packages/airflow/example_dags/example_sensors.py for tasks to queue
[2024-04-25T13:28:47.542+0000] {logging_mixin.py:154} INFO - [2024-04-25T13:28:47.541+0000] {dagbag.py:536} INFO - Filling up the DagBag from /home/airflow/.local/lib/python3.8/site-packages/airflow/example_dags/example_sensors.py
[2024-04-25T13:28:47.569+0000] {processor.py:839} INFO - DAG(s) dict_keys(['example_sensors']) retrieved from /home/airflow/.local/lib/python3.8/site-packages/airflow/example_dags/example_sensors.py
[2024-04-25T13:28:47.624+0000] {logging_mixin.py:154} INFO - [2024-04-25T13:28:47.623+0000] {dag.py:2941} INFO - Sync 1 DAGs
[2024-04-25T13:28:47.650+0000] {logging_mixin.py:154} INFO - [2024-04-25T13:28:47.650+0000] {dag.py:3722} INFO - Setting next_dagrun for example_sensors to None, run_after=None
[2024-04-25T13:28:47.686+0000] {processor.py:179} INFO - Processing /home/airflow/.local/lib/python3.8/site-packages/airflow/example_dags/example_sensors.py took 0.156 seconds
[2024-04-25T13:29:18.605+0000] {processor.py:157} INFO - Started process (PID=1252) to work on /home/airflow/.local/lib/python3.8/site-packages/airflow/example_dags/example_sensors.py
[2024-04-25T13:29:18.608+0000] {processor.py:829} INFO - Processing file /home/airflow/.local/lib/python3.8/site-packages/airflow/example_dags/example_sensors.py for tasks to queue
[2024-04-25T13:29:18.609+0000] {logging_mixin.py:154} INFO - [2024-04-25T13:29:18.609+0000] {dagbag.py:536} INFO - Filling up the DagBag from /home/airflow/.local/lib/python3.8/site-packages/airflow/example_dags/example_sensors.py
[2024-04-25T13:29:18.635+0000] {processor.py:839} INFO - DAG(s) dict_keys(['example_sensors']) retrieved from /home/airflow/.local/lib/python3.8/site-packages/airflow/example_dags/example_sensors.py
[2024-04-25T13:29:18.694+0000] {logging_mixin.py:154} INFO - [2024-04-25T13:29:18.694+0000] {dag.py:2941} INFO - Sync 1 DAGs
[2024-04-25T13:29:18.722+0000] {logging_mixin.py:154} INFO - [2024-04-25T13:29:18.721+0000] {dag.py:3722} INFO - Setting next_dagrun for example_sensors to None, run_after=None
[2024-04-25T13:29:18.756+0000] {processor.py:179} INFO - Processing /home/airflow/.local/lib/python3.8/site-packages/airflow/example_dags/example_sensors.py took 0.157 seconds
[2024-04-25T13:29:49.167+0000] {processor.py:157} INFO - Started process (PID=1493) to work on /home/airflow/.local/lib/python3.8/site-packages/airflow/example_dags/example_sensors.py
[2024-04-25T13:29:49.170+0000] {processor.py:829} INFO - Processing file /home/airflow/.local/lib/python3.8/site-packages/airflow/example_dags/example_sensors.py for tasks to queue
[2024-04-25T13:29:49.171+0000] {logging_mixin.py:154} INFO - [2024-04-25T13:29:49.170+0000] {dagbag.py:536} INFO - Filling up the DagBag from /home/airflow/.local/lib/python3.8/site-packages/airflow/example_dags/example_sensors.py
[2024-04-25T13:29:49.187+0000] {processor.py:839} INFO - DAG(s) dict_keys(['example_sensors']) retrieved from /home/airflow/.local/lib/python3.8/site-packages/airflow/example_dags/example_sensors.py
[2024-04-25T13:29:49.234+0000] {logging_mixin.py:154} INFO - [2024-04-25T13:29:49.234+0000] {dag.py:2941} INFO - Sync 1 DAGs
[2024-04-25T13:29:49.258+0000] {logging_mixin.py:154} INFO - [2024-04-25T13:29:49.258+0000] {dag.py:3722} INFO - Setting next_dagrun for example_sensors to None, run_after=None
[2024-04-25T13:29:49.292+0000] {processor.py:179} INFO - Processing /home/airflow/.local/lib/python3.8/site-packages/airflow/example_dags/example_sensors.py took 0.132 seconds
[2024-04-25T13:30:19.809+0000] {processor.py:157} INFO - Started process (PID=1736) to work on /home/airflow/.local/lib/python3.8/site-packages/airflow/example_dags/example_sensors.py
[2024-04-25T13:30:19.811+0000] {processor.py:829} INFO - Processing file /home/airflow/.local/lib/python3.8/site-packages/airflow/example_dags/example_sensors.py for tasks to queue
[2024-04-25T13:30:19.813+0000] {logging_mixin.py:154} INFO - [2024-04-25T13:30:19.812+0000] {dagbag.py:536} INFO - Filling up the DagBag from /home/airflow/.local/lib/python3.8/site-packages/airflow/example_dags/example_sensors.py
[2024-04-25T13:30:19.829+0000] {processor.py:839} INFO - DAG(s) dict_keys(['example_sensors']) retrieved from /home/airflow/.local/lib/python3.8/site-packages/airflow/example_dags/example_sensors.py
[2024-04-25T13:30:19.870+0000] {logging_mixin.py:154} INFO - [2024-04-25T13:30:19.869+0000] {dag.py:2941} INFO - Sync 1 DAGs
[2024-04-25T13:30:19.892+0000] {logging_mixin.py:154} INFO - [2024-04-25T13:30:19.892+0000] {dag.py:3722} INFO - Setting next_dagrun for example_sensors to None, run_after=None
[2024-04-25T13:30:19.925+0000] {processor.py:179} INFO - Processing /home/airflow/.local/lib/python3.8/site-packages/airflow/example_dags/example_sensors.py took 0.124 seconds
[2024-04-25T13:30:50.524+0000] {processor.py:157} INFO - Started process (PID=1982) to work on /home/airflow/.local/lib/python3.8/site-packages/airflow/example_dags/example_sensors.py
[2024-04-25T13:30:50.525+0000] {processor.py:829} INFO - Processing file /home/airflow/.local/lib/python3.8/site-packages/airflow/example_dags/example_sensors.py for tasks to queue
[2024-04-25T13:30:50.526+0000] {logging_mixin.py:154} INFO - [2024-04-25T13:30:50.526+0000] {dagbag.py:536} INFO - Filling up the DagBag from /home/airflow/.local/lib/python3.8/site-packages/airflow/example_dags/example_sensors.py
[2024-04-25T13:30:50.542+0000] {processor.py:839} INFO - DAG(s) dict_keys(['example_sensors']) retrieved from /home/airflow/.local/lib/python3.8/site-packages/airflow/example_dags/example_sensors.py
[2024-04-25T13:30:50.580+0000] {logging_mixin.py:154} INFO - [2024-04-25T13:30:50.580+0000] {dag.py:2941} INFO - Sync 1 DAGs
[2024-04-25T13:30:50.598+0000] {logging_mixin.py:154} INFO - [2024-04-25T13:30:50.597+0000] {dag.py:3722} INFO - Setting next_dagrun for example_sensors to None, run_after=None
[2024-04-25T13:30:50.628+0000] {processor.py:179} INFO - Processing /home/airflow/.local/lib/python3.8/site-packages/airflow/example_dags/example_sensors.py took 0.110 seconds
[2024-04-25T13:31:21.248+0000] {processor.py:157} INFO - Started process (PID=2223) to work on /home/airflow/.local/lib/python3.8/site-packages/airflow/example_dags/example_sensors.py
[2024-04-25T13:31:21.250+0000] {processor.py:829} INFO - Processing file /home/airflow/.local/lib/python3.8/site-packages/airflow/example_dags/example_sensors.py for tasks to queue
[2024-04-25T13:31:21.252+0000] {logging_mixin.py:154} INFO - [2024-04-25T13:31:21.251+0000] {dagbag.py:536} INFO - Filling up the DagBag from /home/airflow/.local/lib/python3.8/site-packages/airflow/example_dags/example_sensors.py
[2024-04-25T13:31:21.267+0000] {processor.py:839} INFO - DAG(s) dict_keys(['example_sensors']) retrieved from /home/airflow/.local/lib/python3.8/site-packages/airflow/example_dags/example_sensors.py
[2024-04-25T13:31:21.309+0000] {logging_mixin.py:154} INFO - [2024-04-25T13:31:21.308+0000] {dag.py:2941} INFO - Sync 1 DAGs
[2024-04-25T13:31:21.338+0000] {logging_mixin.py:154} INFO - [2024-04-25T13:31:21.337+0000] {dag.py:3722} INFO - Setting next_dagrun for example_sensors to None, run_after=None
[2024-04-25T13:31:21.377+0000] {processor.py:179} INFO - Processing /home/airflow/.local/lib/python3.8/site-packages/airflow/example_dags/example_sensors.py took 0.135 seconds
[2024-04-25T13:31:51.779+0000] {processor.py:157} INFO - Started process (PID=2466) to work on /home/airflow/.local/lib/python3.8/site-packages/airflow/example_dags/example_sensors.py
[2024-04-25T13:31:51.780+0000] {processor.py:829} INFO - Processing file /home/airflow/.local/lib/python3.8/site-packages/airflow/example_dags/example_sensors.py for tasks to queue
[2024-04-25T13:31:51.782+0000] {logging_mixin.py:154} INFO - [2024-04-25T13:31:51.781+0000] {dagbag.py:536} INFO - Filling up the DagBag from /home/airflow/.local/lib/python3.8/site-packages/airflow/example_dags/example_sensors.py
[2024-04-25T13:31:51.803+0000] {processor.py:839} INFO - DAG(s) dict_keys(['example_sensors']) retrieved from /home/airflow/.local/lib/python3.8/site-packages/airflow/example_dags/example_sensors.py
[2024-04-25T13:31:51.846+0000] {logging_mixin.py:154} INFO - [2024-04-25T13:31:51.846+0000] {dag.py:2941} INFO - Sync 1 DAGs
[2024-04-25T13:31:51.866+0000] {logging_mixin.py:154} INFO - [2024-04-25T13:31:51.866+0000] {dag.py:3722} INFO - Setting next_dagrun for example_sensors to None, run_after=None
[2024-04-25T13:31:51.899+0000] {processor.py:179} INFO - Processing /home/airflow/.local/lib/python3.8/site-packages/airflow/example_dags/example_sensors.py took 0.127 seconds
[2024-04-25T13:32:22.337+0000] {processor.py:157} INFO - Started process (PID=2709) to work on /home/airflow/.local/lib/python3.8/site-packages/airflow/example_dags/example_sensors.py
[2024-04-25T13:32:22.340+0000] {processor.py:829} INFO - Processing file /home/airflow/.local/lib/python3.8/site-packages/airflow/example_dags/example_sensors.py for tasks to queue
[2024-04-25T13:32:22.341+0000] {logging_mixin.py:154} INFO - [2024-04-25T13:32:22.341+0000] {dagbag.py:536} INFO - Filling up the DagBag from /home/airflow/.local/lib/python3.8/site-packages/airflow/example_dags/example_sensors.py
[2024-04-25T13:32:22.359+0000] {processor.py:839} INFO - DAG(s) dict_keys(['example_sensors']) retrieved from /home/airflow/.local/lib/python3.8/site-packages/airflow/example_dags/example_sensors.py
[2024-04-25T13:32:22.402+0000] {logging_mixin.py:154} INFO - [2024-04-25T13:32:22.401+0000] {dag.py:2941} INFO - Sync 1 DAGs
[2024-04-25T13:32:22.421+0000] {logging_mixin.py:154} INFO - [2024-04-25T13:32:22.421+0000] {dag.py:3722} INFO - Setting next_dagrun for example_sensors to None, run_after=None
[2024-04-25T13:32:22.448+0000] {processor.py:179} INFO - Processing /home/airflow/.local/lib/python3.8/site-packages/airflow/example_dags/example_sensors.py took 0.118 seconds
[2024-04-25T13:32:53.238+0000] {processor.py:157} INFO - Started process (PID=2954) to work on /home/airflow/.local/lib/python3.8/site-packages/airflow/example_dags/example_sensors.py
[2024-04-25T13:32:53.239+0000] {processor.py:829} INFO - Processing file /home/airflow/.local/lib/python3.8/site-packages/airflow/example_dags/example_sensors.py for tasks to queue
[2024-04-25T13:32:53.241+0000] {logging_mixin.py:154} INFO - [2024-04-25T13:32:53.240+0000] {dagbag.py:536} INFO - Filling up the DagBag from /home/airflow/.local/lib/python3.8/site-packages/airflow/example_dags/example_sensors.py
[2024-04-25T13:32:53.255+0000] {processor.py:839} INFO - DAG(s) dict_keys(['example_sensors']) retrieved from /home/airflow/.local/lib/python3.8/site-packages/airflow/example_dags/example_sensors.py
[2024-04-25T13:32:53.297+0000] {logging_mixin.py:154} INFO - [2024-04-25T13:32:53.297+0000] {dag.py:2941} INFO - Sync 1 DAGs
[2024-04-25T13:32:53.319+0000] {logging_mixin.py:154} INFO - [2024-04-25T13:32:53.319+0000] {dag.py:3722} INFO - Setting next_dagrun for example_sensors to None, run_after=None
[2024-04-25T13:32:53.355+0000] {processor.py:179} INFO - Processing /home/airflow/.local/lib/python3.8/site-packages/airflow/example_dags/example_sensors.py took 0.125 seconds
[2024-04-25T13:33:24.322+0000] {processor.py:157} INFO - Started process (PID=3203) to work on /home/airflow/.local/lib/python3.8/site-packages/airflow/example_dags/example_sensors.py
[2024-04-25T13:33:24.325+0000] {processor.py:829} INFO - Processing file /home/airflow/.local/lib/python3.8/site-packages/airflow/example_dags/example_sensors.py for tasks to queue
[2024-04-25T13:33:24.327+0000] {logging_mixin.py:154} INFO - [2024-04-25T13:33:24.326+0000] {dagbag.py:536} INFO - Filling up the DagBag from /home/airflow/.local/lib/python3.8/site-packages/airflow/example_dags/example_sensors.py
[2024-04-25T13:33:24.349+0000] {processor.py:839} INFO - DAG(s) dict_keys(['example_sensors']) retrieved from /home/airflow/.local/lib/python3.8/site-packages/airflow/example_dags/example_sensors.py
[2024-04-25T13:33:24.401+0000] {logging_mixin.py:154} INFO - [2024-04-25T13:33:24.401+0000] {dag.py:2941} INFO - Sync 1 DAGs
[2024-04-25T13:33:24.428+0000] {logging_mixin.py:154} INFO - [2024-04-25T13:33:24.428+0000] {dag.py:3722} INFO - Setting next_dagrun for example_sensors to None, run_after=None
[2024-04-25T13:33:24.469+0000] {processor.py:179} INFO - Processing /home/airflow/.local/lib/python3.8/site-packages/airflow/example_dags/example_sensors.py took 0.155 seconds
[2024-04-25T13:33:56.454+0000] {processor.py:157} INFO - Started process (PID=3450) to work on /home/airflow/.local/lib/python3.8/site-packages/airflow/example_dags/example_sensors.py
[2024-04-25T13:33:56.461+0000] {processor.py:829} INFO - Processing file /home/airflow/.local/lib/python3.8/site-packages/airflow/example_dags/example_sensors.py for tasks to queue
[2024-04-25T13:33:56.464+0000] {logging_mixin.py:154} INFO - [2024-04-25T13:33:56.462+0000] {dagbag.py:536} INFO - Filling up the DagBag from /home/airflow/.local/lib/python3.8/site-packages/airflow/example_dags/example_sensors.py
[2024-04-25T13:33:56.515+0000] {processor.py:839} INFO - DAG(s) dict_keys(['example_sensors']) retrieved from /home/airflow/.local/lib/python3.8/site-packages/airflow/example_dags/example_sensors.py
[2024-04-25T13:33:56.766+0000] {logging_mixin.py:154} INFO - [2024-04-25T13:33:56.763+0000] {dag.py:2941} INFO - Sync 1 DAGs
[2024-04-25T13:33:56.865+0000] {logging_mixin.py:154} INFO - [2024-04-25T13:33:56.863+0000] {dag.py:3722} INFO - Setting next_dagrun for example_sensors to None, run_after=None
[2024-04-25T13:33:57.001+0000] {processor.py:179} INFO - Processing /home/airflow/.local/lib/python3.8/site-packages/airflow/example_dags/example_sensors.py took 0.564 seconds
[2024-04-25T13:34:27.421+0000] {processor.py:157} INFO - Started process (PID=3693) to work on /home/airflow/.local/lib/python3.8/site-packages/airflow/example_dags/example_sensors.py
[2024-04-25T13:34:27.425+0000] {processor.py:829} INFO - Processing file /home/airflow/.local/lib/python3.8/site-packages/airflow/example_dags/example_sensors.py for tasks to queue
[2024-04-25T13:34:27.428+0000] {logging_mixin.py:154} INFO - [2024-04-25T13:34:27.427+0000] {dagbag.py:536} INFO - Filling up the DagBag from /home/airflow/.local/lib/python3.8/site-packages/airflow/example_dags/example_sensors.py
[2024-04-25T13:34:27.463+0000] {processor.py:839} INFO - DAG(s) dict_keys(['example_sensors']) retrieved from /home/airflow/.local/lib/python3.8/site-packages/airflow/example_dags/example_sensors.py
[2024-04-25T13:34:27.531+0000] {logging_mixin.py:154} INFO - [2024-04-25T13:34:27.531+0000] {dag.py:2941} INFO - Sync 1 DAGs
[2024-04-25T13:34:27.564+0000] {logging_mixin.py:154} INFO - [2024-04-25T13:34:27.563+0000] {dag.py:3722} INFO - Setting next_dagrun for example_sensors to None, run_after=None
[2024-04-25T13:34:27.604+0000] {processor.py:179} INFO - Processing /home/airflow/.local/lib/python3.8/site-packages/airflow/example_dags/example_sensors.py took 0.195 seconds
[2024-04-25T13:34:58.310+0000] {processor.py:157} INFO - Started process (PID=3936) to work on /home/airflow/.local/lib/python3.8/site-packages/airflow/example_dags/example_sensors.py
[2024-04-25T13:34:58.312+0000] {processor.py:829} INFO - Processing file /home/airflow/.local/lib/python3.8/site-packages/airflow/example_dags/example_sensors.py for tasks to queue
[2024-04-25T13:34:58.314+0000] {logging_mixin.py:154} INFO - [2024-04-25T13:34:58.313+0000] {dagbag.py:536} INFO - Filling up the DagBag from /home/airflow/.local/lib/python3.8/site-packages/airflow/example_dags/example_sensors.py
[2024-04-25T13:34:58.330+0000] {processor.py:839} INFO - DAG(s) dict_keys(['example_sensors']) retrieved from /home/airflow/.local/lib/python3.8/site-packages/airflow/example_dags/example_sensors.py
[2024-04-25T13:34:58.393+0000] {logging_mixin.py:154} INFO - [2024-04-25T13:34:58.393+0000] {dag.py:2941} INFO - Sync 1 DAGs
[2024-04-25T13:34:58.413+0000] {logging_mixin.py:154} INFO - [2024-04-25T13:34:58.413+0000] {dag.py:3722} INFO - Setting next_dagrun for example_sensors to None, run_after=None
[2024-04-25T13:34:58.450+0000] {processor.py:179} INFO - Processing /home/airflow/.local/lib/python3.8/site-packages/airflow/example_dags/example_sensors.py took 0.146 seconds
[2024-04-25T13:35:28.674+0000] {processor.py:157} INFO - Started process (PID=4183) to work on /home/airflow/.local/lib/python3.8/site-packages/airflow/example_dags/example_sensors.py
[2024-04-25T13:35:28.676+0000] {processor.py:829} INFO - Processing file /home/airflow/.local/lib/python3.8/site-packages/airflow/example_dags/example_sensors.py for tasks to queue
[2024-04-25T13:35:28.678+0000] {logging_mixin.py:154} INFO - [2024-04-25T13:35:28.677+0000] {dagbag.py:536} INFO - Filling up the DagBag from /home/airflow/.local/lib/python3.8/site-packages/airflow/example_dags/example_sensors.py
[2024-04-25T13:35:28.700+0000] {processor.py:839} INFO - DAG(s) dict_keys(['example_sensors']) retrieved from /home/airflow/.local/lib/python3.8/site-packages/airflow/example_dags/example_sensors.py
[2024-04-25T13:35:28.744+0000] {logging_mixin.py:154} INFO - [2024-04-25T13:35:28.743+0000] {dag.py:2941} INFO - Sync 1 DAGs
[2024-04-25T13:35:28.768+0000] {logging_mixin.py:154} INFO - [2024-04-25T13:35:28.768+0000] {dag.py:3722} INFO - Setting next_dagrun for example_sensors to None, run_after=None
[2024-04-25T13:35:28.800+0000] {processor.py:179} INFO - Processing /home/airflow/.local/lib/python3.8/site-packages/airflow/example_dags/example_sensors.py took 0.134 seconds
[2024-04-25T13:49:26.683+0000] {processor.py:157} INFO - Started process (PID=268) to work on /home/airflow/.local/lib/python3.8/site-packages/airflow/example_dags/example_sensors.py
[2024-04-25T13:49:26.686+0000] {processor.py:829} INFO - Processing file /home/airflow/.local/lib/python3.8/site-packages/airflow/example_dags/example_sensors.py for tasks to queue
[2024-04-25T13:49:26.687+0000] {logging_mixin.py:154} INFO - [2024-04-25T13:49:26.687+0000] {dagbag.py:536} INFO - Filling up the DagBag from /home/airflow/.local/lib/python3.8/site-packages/airflow/example_dags/example_sensors.py
[2024-04-25T13:49:26.707+0000] {processor.py:839} INFO - DAG(s) dict_keys(['example_sensors']) retrieved from /home/airflow/.local/lib/python3.8/site-packages/airflow/example_dags/example_sensors.py
[2024-04-25T13:49:26.727+0000] {logging_mixin.py:154} INFO - [2024-04-25T13:49:26.727+0000] {dag.py:2941} INFO - Sync 1 DAGs
[2024-04-25T13:49:26.754+0000] {logging_mixin.py:154} INFO - [2024-04-25T13:49:26.754+0000] {dag.py:3722} INFO - Setting next_dagrun for example_sensors to None, run_after=None
[2024-04-25T13:49:26.779+0000] {processor.py:179} INFO - Processing /home/airflow/.local/lib/python3.8/site-packages/airflow/example_dags/example_sensors.py took 0.104 seconds
[2024-04-25T13:49:57.437+0000] {processor.py:157} INFO - Started process (PID=514) to work on /home/airflow/.local/lib/python3.8/site-packages/airflow/example_dags/example_sensors.py
[2024-04-25T13:49:57.439+0000] {processor.py:829} INFO - Processing file /home/airflow/.local/lib/python3.8/site-packages/airflow/example_dags/example_sensors.py for tasks to queue
[2024-04-25T13:49:57.440+0000] {logging_mixin.py:154} INFO - [2024-04-25T13:49:57.440+0000] {dagbag.py:536} INFO - Filling up the DagBag from /home/airflow/.local/lib/python3.8/site-packages/airflow/example_dags/example_sensors.py
[2024-04-25T13:49:57.456+0000] {processor.py:839} INFO - DAG(s) dict_keys(['example_sensors']) retrieved from /home/airflow/.local/lib/python3.8/site-packages/airflow/example_dags/example_sensors.py
[2024-04-25T13:49:57.494+0000] {logging_mixin.py:154} INFO - [2024-04-25T13:49:57.493+0000] {dag.py:2941} INFO - Sync 1 DAGs
[2024-04-25T13:49:57.511+0000] {logging_mixin.py:154} INFO - [2024-04-25T13:49:57.511+0000] {dag.py:3722} INFO - Setting next_dagrun for example_sensors to None, run_after=None
[2024-04-25T13:49:57.538+0000] {processor.py:179} INFO - Processing /home/airflow/.local/lib/python3.8/site-packages/airflow/example_dags/example_sensors.py took 0.107 seconds
[2024-04-25T13:50:28.255+0000] {processor.py:157} INFO - Started process (PID=755) to work on /home/airflow/.local/lib/python3.8/site-packages/airflow/example_dags/example_sensors.py
[2024-04-25T13:50:28.257+0000] {processor.py:829} INFO - Processing file /home/airflow/.local/lib/python3.8/site-packages/airflow/example_dags/example_sensors.py for tasks to queue
[2024-04-25T13:50:28.258+0000] {logging_mixin.py:154} INFO - [2024-04-25T13:50:28.257+0000] {dagbag.py:536} INFO - Filling up the DagBag from /home/airflow/.local/lib/python3.8/site-packages/airflow/example_dags/example_sensors.py
[2024-04-25T13:50:28.274+0000] {processor.py:839} INFO - DAG(s) dict_keys(['example_sensors']) retrieved from /home/airflow/.local/lib/python3.8/site-packages/airflow/example_dags/example_sensors.py
[2024-04-25T13:50:28.322+0000] {logging_mixin.py:154} INFO - [2024-04-25T13:50:28.322+0000] {dag.py:2941} INFO - Sync 1 DAGs
[2024-04-25T13:50:28.348+0000] {logging_mixin.py:154} INFO - [2024-04-25T13:50:28.348+0000] {dag.py:3722} INFO - Setting next_dagrun for example_sensors to None, run_after=None
[2024-04-25T13:50:28.381+0000] {processor.py:179} INFO - Processing /home/airflow/.local/lib/python3.8/site-packages/airflow/example_dags/example_sensors.py took 0.133 seconds
[2024-04-25T13:50:59.505+0000] {processor.py:157} INFO - Started process (PID=998) to work on /home/airflow/.local/lib/python3.8/site-packages/airflow/example_dags/example_sensors.py
[2024-04-25T13:50:59.508+0000] {processor.py:829} INFO - Processing file /home/airflow/.local/lib/python3.8/site-packages/airflow/example_dags/example_sensors.py for tasks to queue
[2024-04-25T13:50:59.509+0000] {logging_mixin.py:154} INFO - [2024-04-25T13:50:59.509+0000] {dagbag.py:536} INFO - Filling up the DagBag from /home/airflow/.local/lib/python3.8/site-packages/airflow/example_dags/example_sensors.py
[2024-04-25T13:50:59.530+0000] {processor.py:839} INFO - DAG(s) dict_keys(['example_sensors']) retrieved from /home/airflow/.local/lib/python3.8/site-packages/airflow/example_dags/example_sensors.py
[2024-04-25T13:50:59.575+0000] {logging_mixin.py:154} INFO - [2024-04-25T13:50:59.574+0000] {dag.py:2941} INFO - Sync 1 DAGs
[2024-04-25T13:50:59.603+0000] {logging_mixin.py:154} INFO - [2024-04-25T13:50:59.603+0000] {dag.py:3722} INFO - Setting next_dagrun for example_sensors to None, run_after=None
[2024-04-25T13:50:59.642+0000] {processor.py:179} INFO - Processing /home/airflow/.local/lib/python3.8/site-packages/airflow/example_dags/example_sensors.py took 0.144 seconds
[2024-04-25T13:51:30.072+0000] {processor.py:157} INFO - Started process (PID=1243) to work on /home/airflow/.local/lib/python3.8/site-packages/airflow/example_dags/example_sensors.py
[2024-04-25T13:51:30.075+0000] {processor.py:829} INFO - Processing file /home/airflow/.local/lib/python3.8/site-packages/airflow/example_dags/example_sensors.py for tasks to queue
[2024-04-25T13:51:30.076+0000] {logging_mixin.py:154} INFO - [2024-04-25T13:51:30.075+0000] {dagbag.py:536} INFO - Filling up the DagBag from /home/airflow/.local/lib/python3.8/site-packages/airflow/example_dags/example_sensors.py
[2024-04-25T13:51:30.091+0000] {processor.py:839} INFO - DAG(s) dict_keys(['example_sensors']) retrieved from /home/airflow/.local/lib/python3.8/site-packages/airflow/example_dags/example_sensors.py
[2024-04-25T13:51:30.132+0000] {logging_mixin.py:154} INFO - [2024-04-25T13:51:30.132+0000] {dag.py:2941} INFO - Sync 1 DAGs
[2024-04-25T13:51:30.150+0000] {logging_mixin.py:154} INFO - [2024-04-25T13:51:30.150+0000] {dag.py:3722} INFO - Setting next_dagrun for example_sensors to None, run_after=None
[2024-04-25T13:51:30.178+0000] {processor.py:179} INFO - Processing /home/airflow/.local/lib/python3.8/site-packages/airflow/example_dags/example_sensors.py took 0.111 seconds
[2024-04-25T13:52:00.553+0000] {processor.py:157} INFO - Started process (PID=1484) to work on /home/airflow/.local/lib/python3.8/site-packages/airflow/example_dags/example_sensors.py
[2024-04-25T13:52:00.555+0000] {processor.py:829} INFO - Processing file /home/airflow/.local/lib/python3.8/site-packages/airflow/example_dags/example_sensors.py for tasks to queue
[2024-04-25T13:52:00.556+0000] {logging_mixin.py:154} INFO - [2024-04-25T13:52:00.556+0000] {dagbag.py:536} INFO - Filling up the DagBag from /home/airflow/.local/lib/python3.8/site-packages/airflow/example_dags/example_sensors.py
[2024-04-25T13:52:00.572+0000] {processor.py:839} INFO - DAG(s) dict_keys(['example_sensors']) retrieved from /home/airflow/.local/lib/python3.8/site-packages/airflow/example_dags/example_sensors.py
[2024-04-25T13:52:00.613+0000] {logging_mixin.py:154} INFO - [2024-04-25T13:52:00.613+0000] {dag.py:2941} INFO - Sync 1 DAGs
[2024-04-25T13:52:00.637+0000] {logging_mixin.py:154} INFO - [2024-04-25T13:52:00.637+0000] {dag.py:3722} INFO - Setting next_dagrun for example_sensors to None, run_after=None
[2024-04-25T13:52:00.670+0000] {processor.py:179} INFO - Processing /home/airflow/.local/lib/python3.8/site-packages/airflow/example_dags/example_sensors.py took 0.126 seconds
[2024-04-25T13:52:31.869+0000] {processor.py:157} INFO - Started process (PID=1733) to work on /home/airflow/.local/lib/python3.8/site-packages/airflow/example_dags/example_sensors.py
[2024-04-25T13:52:31.872+0000] {processor.py:829} INFO - Processing file /home/airflow/.local/lib/python3.8/site-packages/airflow/example_dags/example_sensors.py for tasks to queue
[2024-04-25T13:52:31.873+0000] {logging_mixin.py:154} INFO - [2024-04-25T13:52:31.873+0000] {dagbag.py:536} INFO - Filling up the DagBag from /home/airflow/.local/lib/python3.8/site-packages/airflow/example_dags/example_sensors.py
[2024-04-25T13:52:31.895+0000] {processor.py:839} INFO - DAG(s) dict_keys(['example_sensors']) retrieved from /home/airflow/.local/lib/python3.8/site-packages/airflow/example_dags/example_sensors.py
[2024-04-25T13:52:31.949+0000] {logging_mixin.py:154} INFO - [2024-04-25T13:52:31.948+0000] {dag.py:2941} INFO - Sync 1 DAGs
[2024-04-25T13:52:31.974+0000] {logging_mixin.py:154} INFO - [2024-04-25T13:52:31.973+0000] {dag.py:3722} INFO - Setting next_dagrun for example_sensors to None, run_after=None
[2024-04-25T13:52:32.003+0000] {processor.py:179} INFO - Processing /home/airflow/.local/lib/python3.8/site-packages/airflow/example_dags/example_sensors.py took 0.141 seconds
[2024-04-25T13:53:02.932+0000] {processor.py:157} INFO - Started process (PID=1979) to work on /home/airflow/.local/lib/python3.8/site-packages/airflow/example_dags/example_sensors.py
[2024-04-25T13:53:02.934+0000] {processor.py:829} INFO - Processing file /home/airflow/.local/lib/python3.8/site-packages/airflow/example_dags/example_sensors.py for tasks to queue
[2024-04-25T13:53:02.936+0000] {logging_mixin.py:154} INFO - [2024-04-25T13:53:02.935+0000] {dagbag.py:536} INFO - Filling up the DagBag from /home/airflow/.local/lib/python3.8/site-packages/airflow/example_dags/example_sensors.py
[2024-04-25T13:53:02.961+0000] {processor.py:839} INFO - DAG(s) dict_keys(['example_sensors']) retrieved from /home/airflow/.local/lib/python3.8/site-packages/airflow/example_dags/example_sensors.py
[2024-04-25T13:53:03.100+0000] {logging_mixin.py:154} INFO - [2024-04-25T13:53:03.099+0000] {dag.py:2941} INFO - Sync 1 DAGs
[2024-04-25T13:53:03.128+0000] {logging_mixin.py:154} INFO - [2024-04-25T13:53:03.128+0000] {dag.py:3722} INFO - Setting next_dagrun for example_sensors to None, run_after=None
[2024-04-25T13:53:03.185+0000] {processor.py:179} INFO - Processing /home/airflow/.local/lib/python3.8/site-packages/airflow/example_dags/example_sensors.py took 0.267 seconds
[2024-04-25T13:53:33.446+0000] {processor.py:157} INFO - Started process (PID=2222) to work on /home/airflow/.local/lib/python3.8/site-packages/airflow/example_dags/example_sensors.py
[2024-04-25T13:53:33.448+0000] {processor.py:829} INFO - Processing file /home/airflow/.local/lib/python3.8/site-packages/airflow/example_dags/example_sensors.py for tasks to queue
[2024-04-25T13:53:33.450+0000] {logging_mixin.py:154} INFO - [2024-04-25T13:53:33.449+0000] {dagbag.py:536} INFO - Filling up the DagBag from /home/airflow/.local/lib/python3.8/site-packages/airflow/example_dags/example_sensors.py
[2024-04-25T13:53:33.474+0000] {processor.py:839} INFO - DAG(s) dict_keys(['example_sensors']) retrieved from /home/airflow/.local/lib/python3.8/site-packages/airflow/example_dags/example_sensors.py
[2024-04-25T13:53:33.520+0000] {logging_mixin.py:154} INFO - [2024-04-25T13:53:33.520+0000] {dag.py:2941} INFO - Sync 1 DAGs
[2024-04-25T13:53:33.540+0000] {logging_mixin.py:154} INFO - [2024-04-25T13:53:33.540+0000] {dag.py:3722} INFO - Setting next_dagrun for example_sensors to None, run_after=None
[2024-04-25T13:53:33.569+0000] {processor.py:179} INFO - Processing /home/airflow/.local/lib/python3.8/site-packages/airflow/example_dags/example_sensors.py took 0.128 seconds
