[2024-04-25T12:37:57.818+0000] {processor.py:157} INFO - Started process (PID=175) to work on /home/airflow/.local/lib/python3.8/site-packages/airflow/example_dags/example_trigger_target_dag.py
[2024-04-25T12:37:57.820+0000] {processor.py:829} INFO - Processing file /home/airflow/.local/lib/python3.8/site-packages/airflow/example_dags/example_trigger_target_dag.py for tasks to queue
[2024-04-25T12:37:57.821+0000] {logging_mixin.py:154} INFO - [2024-04-25T12:37:57.821+0000] {dagbag.py:536} INFO - Filling up the DagBag from /home/airflow/.local/lib/python3.8/site-packages/airflow/example_dags/example_trigger_target_dag.py
[2024-04-25T12:37:57.845+0000] {processor.py:839} INFO - DAG(s) dict_keys(['example_trigger_target_dag']) retrieved from /home/airflow/.local/lib/python3.8/site-packages/airflow/example_dags/example_trigger_target_dag.py
[2024-04-25T12:37:58.021+0000] {logging_mixin.py:154} INFO - [2024-04-25T12:37:58.020+0000] {manager.py:499} INFO - Created Permission View: %s
[2024-04-25T12:37:58.037+0000] {logging_mixin.py:154} INFO - [2024-04-25T12:37:58.036+0000] {manager.py:499} INFO - Created Permission View: %s
[2024-04-25T12:37:58.047+0000] {logging_mixin.py:154} INFO - [2024-04-25T12:37:58.047+0000] {manager.py:499} INFO - Created Permission View: %s
[2024-04-25T12:37:58.048+0000] {logging_mixin.py:154} INFO - [2024-04-25T12:37:58.047+0000] {dag.py:2941} INFO - Sync 1 DAGs
[2024-04-25T12:37:58.061+0000] {logging_mixin.py:154} INFO - [2024-04-25T12:37:58.061+0000] {dag.py:2963} INFO - Creating ORM DAG for example_trigger_target_dag
[2024-04-25T12:37:58.062+0000] {logging_mixin.py:154} INFO - [2024-04-25T12:37:58.062+0000] {dag.py:3722} INFO - Setting next_dagrun for example_trigger_target_dag to None, run_after=None
[2024-04-25T12:37:58.084+0000] {processor.py:179} INFO - Processing /home/airflow/.local/lib/python3.8/site-packages/airflow/example_dags/example_trigger_target_dag.py took 0.275 seconds
[2024-04-25T12:38:28.171+0000] {processor.py:157} INFO - Started process (PID=416) to work on /home/airflow/.local/lib/python3.8/site-packages/airflow/example_dags/example_trigger_target_dag.py
[2024-04-25T12:38:28.172+0000] {processor.py:829} INFO - Processing file /home/airflow/.local/lib/python3.8/site-packages/airflow/example_dags/example_trigger_target_dag.py for tasks to queue
[2024-04-25T12:38:28.173+0000] {logging_mixin.py:154} INFO - [2024-04-25T12:38:28.173+0000] {dagbag.py:536} INFO - Filling up the DagBag from /home/airflow/.local/lib/python3.8/site-packages/airflow/example_dags/example_trigger_target_dag.py
[2024-04-25T12:38:28.184+0000] {processor.py:839} INFO - DAG(s) dict_keys(['example_trigger_target_dag']) retrieved from /home/airflow/.local/lib/python3.8/site-packages/airflow/example_dags/example_trigger_target_dag.py
[2024-04-25T12:38:28.225+0000] {logging_mixin.py:154} INFO - [2024-04-25T12:38:28.225+0000] {dag.py:2941} INFO - Sync 1 DAGs
[2024-04-25T12:38:28.249+0000] {logging_mixin.py:154} INFO - [2024-04-25T12:38:28.249+0000] {dag.py:3722} INFO - Setting next_dagrun for example_trigger_target_dag to None, run_after=None
[2024-04-25T12:38:28.282+0000] {processor.py:179} INFO - Processing /home/airflow/.local/lib/python3.8/site-packages/airflow/example_dags/example_trigger_target_dag.py took 0.117 seconds
[2024-04-25T12:38:58.593+0000] {processor.py:157} INFO - Started process (PID=660) to work on /home/airflow/.local/lib/python3.8/site-packages/airflow/example_dags/example_trigger_target_dag.py
[2024-04-25T12:38:58.598+0000] {processor.py:829} INFO - Processing file /home/airflow/.local/lib/python3.8/site-packages/airflow/example_dags/example_trigger_target_dag.py for tasks to queue
[2024-04-25T12:38:58.600+0000] {logging_mixin.py:154} INFO - [2024-04-25T12:38:58.599+0000] {dagbag.py:536} INFO - Filling up the DagBag from /home/airflow/.local/lib/python3.8/site-packages/airflow/example_dags/example_trigger_target_dag.py
[2024-04-25T12:38:58.609+0000] {processor.py:839} INFO - DAG(s) dict_keys(['example_trigger_target_dag']) retrieved from /home/airflow/.local/lib/python3.8/site-packages/airflow/example_dags/example_trigger_target_dag.py
[2024-04-25T12:38:58.643+0000] {logging_mixin.py:154} INFO - [2024-04-25T12:38:58.643+0000] {dag.py:2941} INFO - Sync 1 DAGs
[2024-04-25T12:38:58.662+0000] {logging_mixin.py:154} INFO - [2024-04-25T12:38:58.662+0000] {dag.py:3722} INFO - Setting next_dagrun for example_trigger_target_dag to None, run_after=None
[2024-04-25T12:38:58.691+0000] {processor.py:179} INFO - Processing /home/airflow/.local/lib/python3.8/site-packages/airflow/example_dags/example_trigger_target_dag.py took 0.103 seconds
[2024-04-25T12:39:28.799+0000] {processor.py:157} INFO - Started process (PID=898) to work on /home/airflow/.local/lib/python3.8/site-packages/airflow/example_dags/example_trigger_target_dag.py
[2024-04-25T12:39:28.800+0000] {processor.py:829} INFO - Processing file /home/airflow/.local/lib/python3.8/site-packages/airflow/example_dags/example_trigger_target_dag.py for tasks to queue
[2024-04-25T12:39:28.802+0000] {logging_mixin.py:154} INFO - [2024-04-25T12:39:28.801+0000] {dagbag.py:536} INFO - Filling up the DagBag from /home/airflow/.local/lib/python3.8/site-packages/airflow/example_dags/example_trigger_target_dag.py
[2024-04-25T12:39:28.813+0000] {processor.py:839} INFO - DAG(s) dict_keys(['example_trigger_target_dag']) retrieved from /home/airflow/.local/lib/python3.8/site-packages/airflow/example_dags/example_trigger_target_dag.py
[2024-04-25T12:39:28.846+0000] {logging_mixin.py:154} INFO - [2024-04-25T12:39:28.846+0000] {dag.py:2941} INFO - Sync 1 DAGs
[2024-04-25T12:39:28.867+0000] {logging_mixin.py:154} INFO - [2024-04-25T12:39:28.866+0000] {dag.py:3722} INFO - Setting next_dagrun for example_trigger_target_dag to None, run_after=None
[2024-04-25T12:39:28.901+0000] {processor.py:179} INFO - Processing /home/airflow/.local/lib/python3.8/site-packages/airflow/example_dags/example_trigger_target_dag.py took 0.110 seconds
[2024-04-25T12:39:59.035+0000] {processor.py:157} INFO - Started process (PID=1141) to work on /home/airflow/.local/lib/python3.8/site-packages/airflow/example_dags/example_trigger_target_dag.py
[2024-04-25T12:39:59.040+0000] {processor.py:829} INFO - Processing file /home/airflow/.local/lib/python3.8/site-packages/airflow/example_dags/example_trigger_target_dag.py for tasks to queue
[2024-04-25T12:39:59.041+0000] {logging_mixin.py:154} INFO - [2024-04-25T12:39:59.041+0000] {dagbag.py:536} INFO - Filling up the DagBag from /home/airflow/.local/lib/python3.8/site-packages/airflow/example_dags/example_trigger_target_dag.py
[2024-04-25T12:39:59.052+0000] {processor.py:839} INFO - DAG(s) dict_keys(['example_trigger_target_dag']) retrieved from /home/airflow/.local/lib/python3.8/site-packages/airflow/example_dags/example_trigger_target_dag.py
[2024-04-25T12:39:59.088+0000] {logging_mixin.py:154} INFO - [2024-04-25T12:39:59.087+0000] {dag.py:2941} INFO - Sync 1 DAGs
[2024-04-25T12:39:59.107+0000] {logging_mixin.py:154} INFO - [2024-04-25T12:39:59.107+0000] {dag.py:3722} INFO - Setting next_dagrun for example_trigger_target_dag to None, run_after=None
[2024-04-25T12:39:59.135+0000] {processor.py:179} INFO - Processing /home/airflow/.local/lib/python3.8/site-packages/airflow/example_dags/example_trigger_target_dag.py took 0.110 seconds
[2024-04-25T12:40:29.367+0000] {processor.py:157} INFO - Started process (PID=1384) to work on /home/airflow/.local/lib/python3.8/site-packages/airflow/example_dags/example_trigger_target_dag.py
[2024-04-25T12:40:29.369+0000] {processor.py:829} INFO - Processing file /home/airflow/.local/lib/python3.8/site-packages/airflow/example_dags/example_trigger_target_dag.py for tasks to queue
[2024-04-25T12:40:29.371+0000] {logging_mixin.py:154} INFO - [2024-04-25T12:40:29.370+0000] {dagbag.py:536} INFO - Filling up the DagBag from /home/airflow/.local/lib/python3.8/site-packages/airflow/example_dags/example_trigger_target_dag.py
[2024-04-25T12:40:29.381+0000] {processor.py:839} INFO - DAG(s) dict_keys(['example_trigger_target_dag']) retrieved from /home/airflow/.local/lib/python3.8/site-packages/airflow/example_dags/example_trigger_target_dag.py
[2024-04-25T12:40:29.416+0000] {logging_mixin.py:154} INFO - [2024-04-25T12:40:29.415+0000] {dag.py:2941} INFO - Sync 1 DAGs
[2024-04-25T12:40:29.435+0000] {logging_mixin.py:154} INFO - [2024-04-25T12:40:29.435+0000] {dag.py:3722} INFO - Setting next_dagrun for example_trigger_target_dag to None, run_after=None
[2024-04-25T12:40:29.467+0000] {processor.py:179} INFO - Processing /home/airflow/.local/lib/python3.8/site-packages/airflow/example_dags/example_trigger_target_dag.py took 0.107 seconds
[2024-04-25T12:40:59.715+0000] {processor.py:157} INFO - Started process (PID=1627) to work on /home/airflow/.local/lib/python3.8/site-packages/airflow/example_dags/example_trigger_target_dag.py
[2024-04-25T12:40:59.718+0000] {processor.py:829} INFO - Processing file /home/airflow/.local/lib/python3.8/site-packages/airflow/example_dags/example_trigger_target_dag.py for tasks to queue
[2024-04-25T12:40:59.720+0000] {logging_mixin.py:154} INFO - [2024-04-25T12:40:59.719+0000] {dagbag.py:536} INFO - Filling up the DagBag from /home/airflow/.local/lib/python3.8/site-packages/airflow/example_dags/example_trigger_target_dag.py
[2024-04-25T12:40:59.731+0000] {processor.py:839} INFO - DAG(s) dict_keys(['example_trigger_target_dag']) retrieved from /home/airflow/.local/lib/python3.8/site-packages/airflow/example_dags/example_trigger_target_dag.py
[2024-04-25T12:40:59.764+0000] {logging_mixin.py:154} INFO - [2024-04-25T12:40:59.763+0000] {dag.py:2941} INFO - Sync 1 DAGs
[2024-04-25T12:40:59.784+0000] {logging_mixin.py:154} INFO - [2024-04-25T12:40:59.783+0000] {dag.py:3722} INFO - Setting next_dagrun for example_trigger_target_dag to None, run_after=None
[2024-04-25T12:40:59.819+0000] {processor.py:179} INFO - Processing /home/airflow/.local/lib/python3.8/site-packages/airflow/example_dags/example_trigger_target_dag.py took 0.112 seconds
[2024-04-25T12:41:29.944+0000] {processor.py:157} INFO - Started process (PID=1870) to work on /home/airflow/.local/lib/python3.8/site-packages/airflow/example_dags/example_trigger_target_dag.py
[2024-04-25T12:41:29.945+0000] {processor.py:829} INFO - Processing file /home/airflow/.local/lib/python3.8/site-packages/airflow/example_dags/example_trigger_target_dag.py for tasks to queue
[2024-04-25T12:41:29.946+0000] {logging_mixin.py:154} INFO - [2024-04-25T12:41:29.946+0000] {dagbag.py:536} INFO - Filling up the DagBag from /home/airflow/.local/lib/python3.8/site-packages/airflow/example_dags/example_trigger_target_dag.py
[2024-04-25T12:41:29.956+0000] {processor.py:839} INFO - DAG(s) dict_keys(['example_trigger_target_dag']) retrieved from /home/airflow/.local/lib/python3.8/site-packages/airflow/example_dags/example_trigger_target_dag.py
[2024-04-25T12:41:29.989+0000] {logging_mixin.py:154} INFO - [2024-04-25T12:41:29.989+0000] {dag.py:2941} INFO - Sync 1 DAGs
[2024-04-25T12:41:30.007+0000] {logging_mixin.py:154} INFO - [2024-04-25T12:41:30.007+0000] {dag.py:3722} INFO - Setting next_dagrun for example_trigger_target_dag to None, run_after=None
[2024-04-25T12:41:30.034+0000] {processor.py:179} INFO - Processing /home/airflow/.local/lib/python3.8/site-packages/airflow/example_dags/example_trigger_target_dag.py took 0.096 seconds
[2024-04-25T12:42:00.403+0000] {processor.py:157} INFO - Started process (PID=2113) to work on /home/airflow/.local/lib/python3.8/site-packages/airflow/example_dags/example_trigger_target_dag.py
[2024-04-25T12:42:00.405+0000] {processor.py:829} INFO - Processing file /home/airflow/.local/lib/python3.8/site-packages/airflow/example_dags/example_trigger_target_dag.py for tasks to queue
[2024-04-25T12:42:00.406+0000] {logging_mixin.py:154} INFO - [2024-04-25T12:42:00.406+0000] {dagbag.py:536} INFO - Filling up the DagBag from /home/airflow/.local/lib/python3.8/site-packages/airflow/example_dags/example_trigger_target_dag.py
[2024-04-25T12:42:00.417+0000] {processor.py:839} INFO - DAG(s) dict_keys(['example_trigger_target_dag']) retrieved from /home/airflow/.local/lib/python3.8/site-packages/airflow/example_dags/example_trigger_target_dag.py
[2024-04-25T12:42:00.462+0000] {logging_mixin.py:154} INFO - [2024-04-25T12:42:00.462+0000] {dag.py:2941} INFO - Sync 1 DAGs
[2024-04-25T12:42:00.491+0000] {logging_mixin.py:154} INFO - [2024-04-25T12:42:00.491+0000] {dag.py:3722} INFO - Setting next_dagrun for example_trigger_target_dag to None, run_after=None
[2024-04-25T12:42:00.530+0000] {processor.py:179} INFO - Processing /home/airflow/.local/lib/python3.8/site-packages/airflow/example_dags/example_trigger_target_dag.py took 0.133 seconds
[2024-04-25T12:42:31.226+0000] {processor.py:157} INFO - Started process (PID=2365) to work on /home/airflow/.local/lib/python3.8/site-packages/airflow/example_dags/example_trigger_target_dag.py
[2024-04-25T12:42:31.229+0000] {processor.py:829} INFO - Processing file /home/airflow/.local/lib/python3.8/site-packages/airflow/example_dags/example_trigger_target_dag.py for tasks to queue
[2024-04-25T12:42:31.230+0000] {logging_mixin.py:154} INFO - [2024-04-25T12:42:31.229+0000] {dagbag.py:536} INFO - Filling up the DagBag from /home/airflow/.local/lib/python3.8/site-packages/airflow/example_dags/example_trigger_target_dag.py
[2024-04-25T12:42:31.243+0000] {processor.py:839} INFO - DAG(s) dict_keys(['example_trigger_target_dag']) retrieved from /home/airflow/.local/lib/python3.8/site-packages/airflow/example_dags/example_trigger_target_dag.py
[2024-04-25T12:42:31.282+0000] {logging_mixin.py:154} INFO - [2024-04-25T12:42:31.282+0000] {dag.py:2941} INFO - Sync 1 DAGs
[2024-04-25T12:42:31.302+0000] {logging_mixin.py:154} INFO - [2024-04-25T12:42:31.301+0000] {dag.py:3722} INFO - Setting next_dagrun for example_trigger_target_dag to None, run_after=None
[2024-04-25T12:42:31.331+0000] {processor.py:179} INFO - Processing /home/airflow/.local/lib/python3.8/site-packages/airflow/example_dags/example_trigger_target_dag.py took 0.111 seconds
[2024-04-25T12:43:02.014+0000] {processor.py:157} INFO - Started process (PID=2608) to work on /home/airflow/.local/lib/python3.8/site-packages/airflow/example_dags/example_trigger_target_dag.py
[2024-04-25T12:43:02.016+0000] {processor.py:829} INFO - Processing file /home/airflow/.local/lib/python3.8/site-packages/airflow/example_dags/example_trigger_target_dag.py for tasks to queue
[2024-04-25T12:43:02.017+0000] {logging_mixin.py:154} INFO - [2024-04-25T12:43:02.017+0000] {dagbag.py:536} INFO - Filling up the DagBag from /home/airflow/.local/lib/python3.8/site-packages/airflow/example_dags/example_trigger_target_dag.py
[2024-04-25T12:43:02.027+0000] {processor.py:839} INFO - DAG(s) dict_keys(['example_trigger_target_dag']) retrieved from /home/airflow/.local/lib/python3.8/site-packages/airflow/example_dags/example_trigger_target_dag.py
[2024-04-25T12:43:02.063+0000] {logging_mixin.py:154} INFO - [2024-04-25T12:43:02.063+0000] {dag.py:2941} INFO - Sync 1 DAGs
[2024-04-25T12:43:02.084+0000] {logging_mixin.py:154} INFO - [2024-04-25T12:43:02.083+0000] {dag.py:3722} INFO - Setting next_dagrun for example_trigger_target_dag to None, run_after=None
[2024-04-25T12:43:02.115+0000] {processor.py:179} INFO - Processing /home/airflow/.local/lib/python3.8/site-packages/airflow/example_dags/example_trigger_target_dag.py took 0.106 seconds
[2024-04-25T12:43:32.650+0000] {processor.py:157} INFO - Started process (PID=2857) to work on /home/airflow/.local/lib/python3.8/site-packages/airflow/example_dags/example_trigger_target_dag.py
[2024-04-25T12:43:32.654+0000] {processor.py:829} INFO - Processing file /home/airflow/.local/lib/python3.8/site-packages/airflow/example_dags/example_trigger_target_dag.py for tasks to queue
[2024-04-25T12:43:32.656+0000] {logging_mixin.py:154} INFO - [2024-04-25T12:43:32.655+0000] {dagbag.py:536} INFO - Filling up the DagBag from /home/airflow/.local/lib/python3.8/site-packages/airflow/example_dags/example_trigger_target_dag.py
[2024-04-25T12:43:32.672+0000] {processor.py:839} INFO - DAG(s) dict_keys(['example_trigger_target_dag']) retrieved from /home/airflow/.local/lib/python3.8/site-packages/airflow/example_dags/example_trigger_target_dag.py
[2024-04-25T12:43:32.716+0000] {logging_mixin.py:154} INFO - [2024-04-25T12:43:32.716+0000] {dag.py:2941} INFO - Sync 1 DAGs
[2024-04-25T12:43:32.741+0000] {logging_mixin.py:154} INFO - [2024-04-25T12:43:32.740+0000] {dag.py:3722} INFO - Setting next_dagrun for example_trigger_target_dag to None, run_after=None
[2024-04-25T12:43:32.779+0000] {processor.py:179} INFO - Processing /home/airflow/.local/lib/python3.8/site-packages/airflow/example_dags/example_trigger_target_dag.py took 0.137 seconds
[2024-04-25T12:44:02.999+0000] {processor.py:157} INFO - Started process (PID=3100) to work on /home/airflow/.local/lib/python3.8/site-packages/airflow/example_dags/example_trigger_target_dag.py
[2024-04-25T12:44:03.001+0000] {processor.py:829} INFO - Processing file /home/airflow/.local/lib/python3.8/site-packages/airflow/example_dags/example_trigger_target_dag.py for tasks to queue
[2024-04-25T12:44:03.002+0000] {logging_mixin.py:154} INFO - [2024-04-25T12:44:03.002+0000] {dagbag.py:536} INFO - Filling up the DagBag from /home/airflow/.local/lib/python3.8/site-packages/airflow/example_dags/example_trigger_target_dag.py
[2024-04-25T12:44:03.015+0000] {processor.py:839} INFO - DAG(s) dict_keys(['example_trigger_target_dag']) retrieved from /home/airflow/.local/lib/python3.8/site-packages/airflow/example_dags/example_trigger_target_dag.py
[2024-04-25T12:44:03.059+0000] {logging_mixin.py:154} INFO - [2024-04-25T12:44:03.058+0000] {dag.py:2941} INFO - Sync 1 DAGs
[2024-04-25T12:44:03.084+0000] {logging_mixin.py:154} INFO - [2024-04-25T12:44:03.084+0000] {dag.py:3722} INFO - Setting next_dagrun for example_trigger_target_dag to None, run_after=None
[2024-04-25T12:44:03.120+0000] {processor.py:179} INFO - Processing /home/airflow/.local/lib/python3.8/site-packages/airflow/example_dags/example_trigger_target_dag.py took 0.127 seconds
[2024-04-25T12:44:33.715+0000] {processor.py:157} INFO - Started process (PID=3349) to work on /home/airflow/.local/lib/python3.8/site-packages/airflow/example_dags/example_trigger_target_dag.py
[2024-04-25T12:44:33.719+0000] {processor.py:829} INFO - Processing file /home/airflow/.local/lib/python3.8/site-packages/airflow/example_dags/example_trigger_target_dag.py for tasks to queue
[2024-04-25T12:44:33.720+0000] {logging_mixin.py:154} INFO - [2024-04-25T12:44:33.720+0000] {dagbag.py:536} INFO - Filling up the DagBag from /home/airflow/.local/lib/python3.8/site-packages/airflow/example_dags/example_trigger_target_dag.py
[2024-04-25T12:44:33.730+0000] {processor.py:839} INFO - DAG(s) dict_keys(['example_trigger_target_dag']) retrieved from /home/airflow/.local/lib/python3.8/site-packages/airflow/example_dags/example_trigger_target_dag.py
[2024-04-25T12:44:33.766+0000] {logging_mixin.py:154} INFO - [2024-04-25T12:44:33.765+0000] {dag.py:2941} INFO - Sync 1 DAGs
[2024-04-25T12:44:33.786+0000] {logging_mixin.py:154} INFO - [2024-04-25T12:44:33.786+0000] {dag.py:3722} INFO - Setting next_dagrun for example_trigger_target_dag to None, run_after=None
[2024-04-25T12:44:33.817+0000] {processor.py:179} INFO - Processing /home/airflow/.local/lib/python3.8/site-packages/airflow/example_dags/example_trigger_target_dag.py took 0.108 seconds
[2024-04-25T12:45:04.396+0000] {processor.py:157} INFO - Started process (PID=3592) to work on /home/airflow/.local/lib/python3.8/site-packages/airflow/example_dags/example_trigger_target_dag.py
[2024-04-25T12:45:04.400+0000] {processor.py:829} INFO - Processing file /home/airflow/.local/lib/python3.8/site-packages/airflow/example_dags/example_trigger_target_dag.py for tasks to queue
[2024-04-25T12:45:04.401+0000] {logging_mixin.py:154} INFO - [2024-04-25T12:45:04.400+0000] {dagbag.py:536} INFO - Filling up the DagBag from /home/airflow/.local/lib/python3.8/site-packages/airflow/example_dags/example_trigger_target_dag.py
[2024-04-25T12:45:04.410+0000] {processor.py:839} INFO - DAG(s) dict_keys(['example_trigger_target_dag']) retrieved from /home/airflow/.local/lib/python3.8/site-packages/airflow/example_dags/example_trigger_target_dag.py
[2024-04-25T12:45:04.454+0000] {logging_mixin.py:154} INFO - [2024-04-25T12:45:04.453+0000] {dag.py:2941} INFO - Sync 1 DAGs
[2024-04-25T12:45:04.478+0000] {logging_mixin.py:154} INFO - [2024-04-25T12:45:04.478+0000] {dag.py:3722} INFO - Setting next_dagrun for example_trigger_target_dag to None, run_after=None
[2024-04-25T12:45:04.512+0000] {processor.py:179} INFO - Processing /home/airflow/.local/lib/python3.8/site-packages/airflow/example_dags/example_trigger_target_dag.py took 0.122 seconds
[2024-04-25T12:45:35.172+0000] {processor.py:157} INFO - Started process (PID=3836) to work on /home/airflow/.local/lib/python3.8/site-packages/airflow/example_dags/example_trigger_target_dag.py
[2024-04-25T12:45:35.177+0000] {processor.py:829} INFO - Processing file /home/airflow/.local/lib/python3.8/site-packages/airflow/example_dags/example_trigger_target_dag.py for tasks to queue
[2024-04-25T12:45:35.179+0000] {logging_mixin.py:154} INFO - [2024-04-25T12:45:35.178+0000] {dagbag.py:536} INFO - Filling up the DagBag from /home/airflow/.local/lib/python3.8/site-packages/airflow/example_dags/example_trigger_target_dag.py
[2024-04-25T12:45:35.194+0000] {processor.py:839} INFO - DAG(s) dict_keys(['example_trigger_target_dag']) retrieved from /home/airflow/.local/lib/python3.8/site-packages/airflow/example_dags/example_trigger_target_dag.py
[2024-04-25T12:45:35.242+0000] {logging_mixin.py:154} INFO - [2024-04-25T12:45:35.241+0000] {dag.py:2941} INFO - Sync 1 DAGs
[2024-04-25T12:45:35.270+0000] {logging_mixin.py:154} INFO - [2024-04-25T12:45:35.270+0000] {dag.py:3722} INFO - Setting next_dagrun for example_trigger_target_dag to None, run_after=None
[2024-04-25T12:45:35.314+0000] {processor.py:179} INFO - Processing /home/airflow/.local/lib/python3.8/site-packages/airflow/example_dags/example_trigger_target_dag.py took 0.150 seconds
[2024-04-25T12:46:06.096+0000] {processor.py:157} INFO - Started process (PID=4079) to work on /home/airflow/.local/lib/python3.8/site-packages/airflow/example_dags/example_trigger_target_dag.py
[2024-04-25T12:46:06.099+0000] {processor.py:829} INFO - Processing file /home/airflow/.local/lib/python3.8/site-packages/airflow/example_dags/example_trigger_target_dag.py for tasks to queue
[2024-04-25T12:46:06.101+0000] {logging_mixin.py:154} INFO - [2024-04-25T12:46:06.100+0000] {dagbag.py:536} INFO - Filling up the DagBag from /home/airflow/.local/lib/python3.8/site-packages/airflow/example_dags/example_trigger_target_dag.py
[2024-04-25T12:46:06.112+0000] {processor.py:839} INFO - DAG(s) dict_keys(['example_trigger_target_dag']) retrieved from /home/airflow/.local/lib/python3.8/site-packages/airflow/example_dags/example_trigger_target_dag.py
[2024-04-25T12:46:06.149+0000] {logging_mixin.py:154} INFO - [2024-04-25T12:46:06.148+0000] {dag.py:2941} INFO - Sync 1 DAGs
[2024-04-25T12:46:06.169+0000] {logging_mixin.py:154} INFO - [2024-04-25T12:46:06.169+0000] {dag.py:3722} INFO - Setting next_dagrun for example_trigger_target_dag to None, run_after=None
[2024-04-25T12:46:06.204+0000] {processor.py:179} INFO - Processing /home/airflow/.local/lib/python3.8/site-packages/airflow/example_dags/example_trigger_target_dag.py took 0.116 seconds
[2024-04-25T12:46:36.805+0000] {processor.py:157} INFO - Started process (PID=4322) to work on /home/airflow/.local/lib/python3.8/site-packages/airflow/example_dags/example_trigger_target_dag.py
[2024-04-25T12:46:36.808+0000] {processor.py:829} INFO - Processing file /home/airflow/.local/lib/python3.8/site-packages/airflow/example_dags/example_trigger_target_dag.py for tasks to queue
[2024-04-25T12:46:36.810+0000] {logging_mixin.py:154} INFO - [2024-04-25T12:46:36.809+0000] {dagbag.py:536} INFO - Filling up the DagBag from /home/airflow/.local/lib/python3.8/site-packages/airflow/example_dags/example_trigger_target_dag.py
[2024-04-25T12:46:36.822+0000] {processor.py:839} INFO - DAG(s) dict_keys(['example_trigger_target_dag']) retrieved from /home/airflow/.local/lib/python3.8/site-packages/airflow/example_dags/example_trigger_target_dag.py
[2024-04-25T12:46:36.868+0000] {logging_mixin.py:154} INFO - [2024-04-25T12:46:36.867+0000] {dag.py:2941} INFO - Sync 1 DAGs
[2024-04-25T12:46:36.893+0000] {logging_mixin.py:154} INFO - [2024-04-25T12:46:36.893+0000] {dag.py:3722} INFO - Setting next_dagrun for example_trigger_target_dag to None, run_after=None
[2024-04-25T12:46:36.929+0000] {processor.py:179} INFO - Processing /home/airflow/.local/lib/python3.8/site-packages/airflow/example_dags/example_trigger_target_dag.py took 0.132 seconds
[2024-04-25T12:47:07.163+0000] {processor.py:157} INFO - Started process (PID=4565) to work on /home/airflow/.local/lib/python3.8/site-packages/airflow/example_dags/example_trigger_target_dag.py
[2024-04-25T12:47:07.167+0000] {processor.py:829} INFO - Processing file /home/airflow/.local/lib/python3.8/site-packages/airflow/example_dags/example_trigger_target_dag.py for tasks to queue
[2024-04-25T12:47:07.169+0000] {logging_mixin.py:154} INFO - [2024-04-25T12:47:07.168+0000] {dagbag.py:536} INFO - Filling up the DagBag from /home/airflow/.local/lib/python3.8/site-packages/airflow/example_dags/example_trigger_target_dag.py
[2024-04-25T12:47:07.195+0000] {processor.py:839} INFO - DAG(s) dict_keys(['example_trigger_target_dag']) retrieved from /home/airflow/.local/lib/python3.8/site-packages/airflow/example_dags/example_trigger_target_dag.py
[2024-04-25T12:47:07.266+0000] {logging_mixin.py:154} INFO - [2024-04-25T12:47:07.266+0000] {dag.py:2941} INFO - Sync 1 DAGs
[2024-04-25T12:47:07.313+0000] {logging_mixin.py:154} INFO - [2024-04-25T12:47:07.313+0000] {dag.py:3722} INFO - Setting next_dagrun for example_trigger_target_dag to None, run_after=None
[2024-04-25T12:47:07.380+0000] {processor.py:179} INFO - Processing /home/airflow/.local/lib/python3.8/site-packages/airflow/example_dags/example_trigger_target_dag.py took 0.234 seconds
[2024-04-25T12:47:37.933+0000] {processor.py:157} INFO - Started process (PID=4808) to work on /home/airflow/.local/lib/python3.8/site-packages/airflow/example_dags/example_trigger_target_dag.py
[2024-04-25T12:47:37.935+0000] {processor.py:829} INFO - Processing file /home/airflow/.local/lib/python3.8/site-packages/airflow/example_dags/example_trigger_target_dag.py for tasks to queue
[2024-04-25T12:47:37.937+0000] {logging_mixin.py:154} INFO - [2024-04-25T12:47:37.936+0000] {dagbag.py:536} INFO - Filling up the DagBag from /home/airflow/.local/lib/python3.8/site-packages/airflow/example_dags/example_trigger_target_dag.py
[2024-04-25T12:47:37.949+0000] {processor.py:839} INFO - DAG(s) dict_keys(['example_trigger_target_dag']) retrieved from /home/airflow/.local/lib/python3.8/site-packages/airflow/example_dags/example_trigger_target_dag.py
[2024-04-25T12:47:37.987+0000] {logging_mixin.py:154} INFO - [2024-04-25T12:47:37.987+0000] {dag.py:2941} INFO - Sync 1 DAGs
[2024-04-25T12:47:38.007+0000] {logging_mixin.py:154} INFO - [2024-04-25T12:47:38.007+0000] {dag.py:3722} INFO - Setting next_dagrun for example_trigger_target_dag to None, run_after=None
[2024-04-25T12:47:38.041+0000] {processor.py:179} INFO - Processing /home/airflow/.local/lib/python3.8/site-packages/airflow/example_dags/example_trigger_target_dag.py took 0.118 seconds
[2024-04-25T12:51:40.760+0000] {processor.py:157} INFO - Started process (PID=173) to work on /home/airflow/.local/lib/python3.8/site-packages/airflow/example_dags/example_trigger_target_dag.py
[2024-04-25T12:51:40.762+0000] {processor.py:829} INFO - Processing file /home/airflow/.local/lib/python3.8/site-packages/airflow/example_dags/example_trigger_target_dag.py for tasks to queue
[2024-04-25T12:51:40.763+0000] {logging_mixin.py:154} INFO - [2024-04-25T12:51:40.763+0000] {dagbag.py:536} INFO - Filling up the DagBag from /home/airflow/.local/lib/python3.8/site-packages/airflow/example_dags/example_trigger_target_dag.py
[2024-04-25T12:51:40.781+0000] {processor.py:839} INFO - DAG(s) dict_keys(['example_trigger_target_dag']) retrieved from /home/airflow/.local/lib/python3.8/site-packages/airflow/example_dags/example_trigger_target_dag.py
[2024-04-25T12:51:40.800+0000] {logging_mixin.py:154} INFO - [2024-04-25T12:51:40.800+0000] {dag.py:2941} INFO - Sync 1 DAGs
[2024-04-25T12:51:40.828+0000] {logging_mixin.py:154} INFO - [2024-04-25T12:51:40.827+0000] {dag.py:3722} INFO - Setting next_dagrun for example_trigger_target_dag to None, run_after=None
[2024-04-25T12:51:40.862+0000] {processor.py:179} INFO - Processing /home/airflow/.local/lib/python3.8/site-packages/airflow/example_dags/example_trigger_target_dag.py took 0.108 seconds
[2024-04-25T12:52:11.061+0000] {processor.py:157} INFO - Started process (PID=411) to work on /home/airflow/.local/lib/python3.8/site-packages/airflow/example_dags/example_trigger_target_dag.py
[2024-04-25T12:52:11.063+0000] {processor.py:829} INFO - Processing file /home/airflow/.local/lib/python3.8/site-packages/airflow/example_dags/example_trigger_target_dag.py for tasks to queue
[2024-04-25T12:52:11.064+0000] {logging_mixin.py:154} INFO - [2024-04-25T12:52:11.064+0000] {dagbag.py:536} INFO - Filling up the DagBag from /home/airflow/.local/lib/python3.8/site-packages/airflow/example_dags/example_trigger_target_dag.py
[2024-04-25T12:52:11.078+0000] {processor.py:839} INFO - DAG(s) dict_keys(['example_trigger_target_dag']) retrieved from /home/airflow/.local/lib/python3.8/site-packages/airflow/example_dags/example_trigger_target_dag.py
[2024-04-25T12:52:11.123+0000] {logging_mixin.py:154} INFO - [2024-04-25T12:52:11.122+0000] {dag.py:2941} INFO - Sync 1 DAGs
[2024-04-25T12:52:11.150+0000] {logging_mixin.py:154} INFO - [2024-04-25T12:52:11.149+0000] {dag.py:3722} INFO - Setting next_dagrun for example_trigger_target_dag to None, run_after=None
[2024-04-25T12:52:11.181+0000] {processor.py:179} INFO - Processing /home/airflow/.local/lib/python3.8/site-packages/airflow/example_dags/example_trigger_target_dag.py took 0.127 seconds
[2024-04-25T12:52:42.061+0000] {processor.py:157} INFO - Started process (PID=666) to work on /home/airflow/.local/lib/python3.8/site-packages/airflow/example_dags/example_trigger_target_dag.py
[2024-04-25T12:52:42.065+0000] {processor.py:829} INFO - Processing file /home/airflow/.local/lib/python3.8/site-packages/airflow/example_dags/example_trigger_target_dag.py for tasks to queue
[2024-04-25T12:52:42.066+0000] {logging_mixin.py:154} INFO - [2024-04-25T12:52:42.066+0000] {dagbag.py:536} INFO - Filling up the DagBag from /home/airflow/.local/lib/python3.8/site-packages/airflow/example_dags/example_trigger_target_dag.py
[2024-04-25T12:52:42.087+0000] {processor.py:839} INFO - DAG(s) dict_keys(['example_trigger_target_dag']) retrieved from /home/airflow/.local/lib/python3.8/site-packages/airflow/example_dags/example_trigger_target_dag.py
[2024-04-25T12:52:42.146+0000] {logging_mixin.py:154} INFO - [2024-04-25T12:52:42.146+0000] {dag.py:2941} INFO - Sync 1 DAGs
[2024-04-25T12:52:42.173+0000] {logging_mixin.py:154} INFO - [2024-04-25T12:52:42.172+0000] {dag.py:3722} INFO - Setting next_dagrun for example_trigger_target_dag to None, run_after=None
[2024-04-25T12:52:42.206+0000] {processor.py:179} INFO - Processing /home/airflow/.local/lib/python3.8/site-packages/airflow/example_dags/example_trigger_target_dag.py took 0.153 seconds
[2024-04-25T12:53:12.529+0000] {processor.py:157} INFO - Started process (PID=908) to work on /home/airflow/.local/lib/python3.8/site-packages/airflow/example_dags/example_trigger_target_dag.py
[2024-04-25T12:53:12.532+0000] {processor.py:829} INFO - Processing file /home/airflow/.local/lib/python3.8/site-packages/airflow/example_dags/example_trigger_target_dag.py for tasks to queue
[2024-04-25T12:53:12.533+0000] {logging_mixin.py:154} INFO - [2024-04-25T12:53:12.533+0000] {dagbag.py:536} INFO - Filling up the DagBag from /home/airflow/.local/lib/python3.8/site-packages/airflow/example_dags/example_trigger_target_dag.py
[2024-04-25T12:53:12.545+0000] {processor.py:839} INFO - DAG(s) dict_keys(['example_trigger_target_dag']) retrieved from /home/airflow/.local/lib/python3.8/site-packages/airflow/example_dags/example_trigger_target_dag.py
[2024-04-25T12:53:12.579+0000] {logging_mixin.py:154} INFO - [2024-04-25T12:53:12.579+0000] {dag.py:2941} INFO - Sync 1 DAGs
[2024-04-25T12:53:12.600+0000] {logging_mixin.py:154} INFO - [2024-04-25T12:53:12.600+0000] {dag.py:3722} INFO - Setting next_dagrun for example_trigger_target_dag to None, run_after=None
[2024-04-25T12:53:12.631+0000] {processor.py:179} INFO - Processing /home/airflow/.local/lib/python3.8/site-packages/airflow/example_dags/example_trigger_target_dag.py took 0.109 seconds
[2024-04-25T12:53:43.233+0000] {processor.py:157} INFO - Started process (PID=1151) to work on /home/airflow/.local/lib/python3.8/site-packages/airflow/example_dags/example_trigger_target_dag.py
[2024-04-25T12:53:43.237+0000] {processor.py:829} INFO - Processing file /home/airflow/.local/lib/python3.8/site-packages/airflow/example_dags/example_trigger_target_dag.py for tasks to queue
[2024-04-25T12:53:43.239+0000] {logging_mixin.py:154} INFO - [2024-04-25T12:53:43.238+0000] {dagbag.py:536} INFO - Filling up the DagBag from /home/airflow/.local/lib/python3.8/site-packages/airflow/example_dags/example_trigger_target_dag.py
[2024-04-25T12:53:43.251+0000] {processor.py:839} INFO - DAG(s) dict_keys(['example_trigger_target_dag']) retrieved from /home/airflow/.local/lib/python3.8/site-packages/airflow/example_dags/example_trigger_target_dag.py
[2024-04-25T12:53:43.295+0000] {logging_mixin.py:154} INFO - [2024-04-25T12:53:43.294+0000] {dag.py:2941} INFO - Sync 1 DAGs
[2024-04-25T12:53:43.320+0000] {logging_mixin.py:154} INFO - [2024-04-25T12:53:43.320+0000] {dag.py:3722} INFO - Setting next_dagrun for example_trigger_target_dag to None, run_after=None
[2024-04-25T12:53:43.353+0000] {processor.py:179} INFO - Processing /home/airflow/.local/lib/python3.8/site-packages/airflow/example_dags/example_trigger_target_dag.py took 0.129 seconds
[2024-04-25T12:54:13.689+0000] {processor.py:157} INFO - Started process (PID=1394) to work on /home/airflow/.local/lib/python3.8/site-packages/airflow/example_dags/example_trigger_target_dag.py
[2024-04-25T12:54:13.692+0000] {processor.py:829} INFO - Processing file /home/airflow/.local/lib/python3.8/site-packages/airflow/example_dags/example_trigger_target_dag.py for tasks to queue
[2024-04-25T12:54:13.694+0000] {logging_mixin.py:154} INFO - [2024-04-25T12:54:13.693+0000] {dagbag.py:536} INFO - Filling up the DagBag from /home/airflow/.local/lib/python3.8/site-packages/airflow/example_dags/example_trigger_target_dag.py
[2024-04-25T12:54:13.706+0000] {processor.py:839} INFO - DAG(s) dict_keys(['example_trigger_target_dag']) retrieved from /home/airflow/.local/lib/python3.8/site-packages/airflow/example_dags/example_trigger_target_dag.py
[2024-04-25T12:54:13.743+0000] {logging_mixin.py:154} INFO - [2024-04-25T12:54:13.742+0000] {dag.py:2941} INFO - Sync 1 DAGs
[2024-04-25T12:54:13.762+0000] {logging_mixin.py:154} INFO - [2024-04-25T12:54:13.762+0000] {dag.py:3722} INFO - Setting next_dagrun for example_trigger_target_dag to None, run_after=None
[2024-04-25T12:54:13.794+0000] {processor.py:179} INFO - Processing /home/airflow/.local/lib/python3.8/site-packages/airflow/example_dags/example_trigger_target_dag.py took 0.113 seconds
[2024-04-25T12:54:44.089+0000] {processor.py:157} INFO - Started process (PID=1637) to work on /home/airflow/.local/lib/python3.8/site-packages/airflow/example_dags/example_trigger_target_dag.py
[2024-04-25T12:54:44.092+0000] {processor.py:829} INFO - Processing file /home/airflow/.local/lib/python3.8/site-packages/airflow/example_dags/example_trigger_target_dag.py for tasks to queue
[2024-04-25T12:54:44.093+0000] {logging_mixin.py:154} INFO - [2024-04-25T12:54:44.092+0000] {dagbag.py:536} INFO - Filling up the DagBag from /home/airflow/.local/lib/python3.8/site-packages/airflow/example_dags/example_trigger_target_dag.py
[2024-04-25T12:54:44.104+0000] {processor.py:839} INFO - DAG(s) dict_keys(['example_trigger_target_dag']) retrieved from /home/airflow/.local/lib/python3.8/site-packages/airflow/example_dags/example_trigger_target_dag.py
[2024-04-25T12:54:44.145+0000] {logging_mixin.py:154} INFO - [2024-04-25T12:54:44.144+0000] {dag.py:2941} INFO - Sync 1 DAGs
[2024-04-25T12:54:44.169+0000] {logging_mixin.py:154} INFO - [2024-04-25T12:54:44.169+0000] {dag.py:3722} INFO - Setting next_dagrun for example_trigger_target_dag to None, run_after=None
[2024-04-25T12:54:44.198+0000] {processor.py:179} INFO - Processing /home/airflow/.local/lib/python3.8/site-packages/airflow/example_dags/example_trigger_target_dag.py took 0.115 seconds
[2024-04-25T12:55:14.271+0000] {processor.py:157} INFO - Started process (PID=1880) to work on /home/airflow/.local/lib/python3.8/site-packages/airflow/example_dags/example_trigger_target_dag.py
[2024-04-25T12:55:14.274+0000] {processor.py:829} INFO - Processing file /home/airflow/.local/lib/python3.8/site-packages/airflow/example_dags/example_trigger_target_dag.py for tasks to queue
[2024-04-25T12:55:14.275+0000] {logging_mixin.py:154} INFO - [2024-04-25T12:55:14.274+0000] {dagbag.py:536} INFO - Filling up the DagBag from /home/airflow/.local/lib/python3.8/site-packages/airflow/example_dags/example_trigger_target_dag.py
[2024-04-25T12:55:14.285+0000] {processor.py:839} INFO - DAG(s) dict_keys(['example_trigger_target_dag']) retrieved from /home/airflow/.local/lib/python3.8/site-packages/airflow/example_dags/example_trigger_target_dag.py
[2024-04-25T12:55:14.326+0000] {logging_mixin.py:154} INFO - [2024-04-25T12:55:14.325+0000] {dag.py:2941} INFO - Sync 1 DAGs
[2024-04-25T12:55:14.350+0000] {logging_mixin.py:154} INFO - [2024-04-25T12:55:14.350+0000] {dag.py:3722} INFO - Setting next_dagrun for example_trigger_target_dag to None, run_after=None
[2024-04-25T12:55:14.384+0000] {processor.py:179} INFO - Processing /home/airflow/.local/lib/python3.8/site-packages/airflow/example_dags/example_trigger_target_dag.py took 0.118 seconds
[2024-04-25T13:10:30.808+0000] {processor.py:157} INFO - Started process (PID=173) to work on /home/airflow/.local/lib/python3.8/site-packages/airflow/example_dags/example_trigger_target_dag.py
[2024-04-25T13:10:30.810+0000] {processor.py:829} INFO - Processing file /home/airflow/.local/lib/python3.8/site-packages/airflow/example_dags/example_trigger_target_dag.py for tasks to queue
[2024-04-25T13:10:30.812+0000] {logging_mixin.py:154} INFO - [2024-04-25T13:10:30.811+0000] {dagbag.py:536} INFO - Filling up the DagBag from /home/airflow/.local/lib/python3.8/site-packages/airflow/example_dags/example_trigger_target_dag.py
[2024-04-25T13:10:30.828+0000] {processor.py:839} INFO - DAG(s) dict_keys(['example_trigger_target_dag']) retrieved from /home/airflow/.local/lib/python3.8/site-packages/airflow/example_dags/example_trigger_target_dag.py
[2024-04-25T13:10:30.850+0000] {logging_mixin.py:154} INFO - [2024-04-25T13:10:30.850+0000] {dag.py:2941} INFO - Sync 1 DAGs
[2024-04-25T13:10:30.887+0000] {logging_mixin.py:154} INFO - [2024-04-25T13:10:30.886+0000] {dag.py:3722} INFO - Setting next_dagrun for example_trigger_target_dag to None, run_after=None
[2024-04-25T13:10:30.927+0000] {processor.py:179} INFO - Processing /home/airflow/.local/lib/python3.8/site-packages/airflow/example_dags/example_trigger_target_dag.py took 0.125 seconds
[2024-04-25T13:11:01.016+0000] {processor.py:157} INFO - Started process (PID=413) to work on /home/airflow/.local/lib/python3.8/site-packages/airflow/example_dags/example_trigger_target_dag.py
[2024-04-25T13:11:01.018+0000] {processor.py:829} INFO - Processing file /home/airflow/.local/lib/python3.8/site-packages/airflow/example_dags/example_trigger_target_dag.py for tasks to queue
[2024-04-25T13:11:01.019+0000] {logging_mixin.py:154} INFO - [2024-04-25T13:11:01.018+0000] {dagbag.py:536} INFO - Filling up the DagBag from /home/airflow/.local/lib/python3.8/site-packages/airflow/example_dags/example_trigger_target_dag.py
[2024-04-25T13:11:01.029+0000] {processor.py:839} INFO - DAG(s) dict_keys(['example_trigger_target_dag']) retrieved from /home/airflow/.local/lib/python3.8/site-packages/airflow/example_dags/example_trigger_target_dag.py
[2024-04-25T13:11:01.060+0000] {logging_mixin.py:154} INFO - [2024-04-25T13:11:01.060+0000] {dag.py:2941} INFO - Sync 1 DAGs
[2024-04-25T13:11:01.078+0000] {logging_mixin.py:154} INFO - [2024-04-25T13:11:01.077+0000] {dag.py:3722} INFO - Setting next_dagrun for example_trigger_target_dag to None, run_after=None
[2024-04-25T13:11:01.102+0000] {processor.py:179} INFO - Processing /home/airflow/.local/lib/python3.8/site-packages/airflow/example_dags/example_trigger_target_dag.py took 0.092 seconds
[2024-04-25T13:11:31.338+0000] {processor.py:157} INFO - Started process (PID=654) to work on /home/airflow/.local/lib/python3.8/site-packages/airflow/example_dags/example_trigger_target_dag.py
[2024-04-25T13:11:31.341+0000] {processor.py:829} INFO - Processing file /home/airflow/.local/lib/python3.8/site-packages/airflow/example_dags/example_trigger_target_dag.py for tasks to queue
[2024-04-25T13:11:31.342+0000] {logging_mixin.py:154} INFO - [2024-04-25T13:11:31.341+0000] {dagbag.py:536} INFO - Filling up the DagBag from /home/airflow/.local/lib/python3.8/site-packages/airflow/example_dags/example_trigger_target_dag.py
[2024-04-25T13:11:31.351+0000] {processor.py:839} INFO - DAG(s) dict_keys(['example_trigger_target_dag']) retrieved from /home/airflow/.local/lib/python3.8/site-packages/airflow/example_dags/example_trigger_target_dag.py
[2024-04-25T13:11:31.390+0000] {logging_mixin.py:154} INFO - [2024-04-25T13:11:31.390+0000] {dag.py:2941} INFO - Sync 1 DAGs
[2024-04-25T13:11:31.411+0000] {logging_mixin.py:154} INFO - [2024-04-25T13:11:31.411+0000] {dag.py:3722} INFO - Setting next_dagrun for example_trigger_target_dag to None, run_after=None
[2024-04-25T13:11:31.442+0000] {processor.py:179} INFO - Processing /home/airflow/.local/lib/python3.8/site-packages/airflow/example_dags/example_trigger_target_dag.py took 0.109 seconds
[2024-04-25T13:12:01.847+0000] {processor.py:157} INFO - Started process (PID=897) to work on /home/airflow/.local/lib/python3.8/site-packages/airflow/example_dags/example_trigger_target_dag.py
[2024-04-25T13:12:01.849+0000] {processor.py:829} INFO - Processing file /home/airflow/.local/lib/python3.8/site-packages/airflow/example_dags/example_trigger_target_dag.py for tasks to queue
[2024-04-25T13:12:01.850+0000] {logging_mixin.py:154} INFO - [2024-04-25T13:12:01.850+0000] {dagbag.py:536} INFO - Filling up the DagBag from /home/airflow/.local/lib/python3.8/site-packages/airflow/example_dags/example_trigger_target_dag.py
[2024-04-25T13:12:01.861+0000] {processor.py:839} INFO - DAG(s) dict_keys(['example_trigger_target_dag']) retrieved from /home/airflow/.local/lib/python3.8/site-packages/airflow/example_dags/example_trigger_target_dag.py
[2024-04-25T13:12:01.893+0000] {logging_mixin.py:154} INFO - [2024-04-25T13:12:01.892+0000] {dag.py:2941} INFO - Sync 1 DAGs
[2024-04-25T13:12:01.911+0000] {logging_mixin.py:154} INFO - [2024-04-25T13:12:01.910+0000] {dag.py:3722} INFO - Setting next_dagrun for example_trigger_target_dag to None, run_after=None
[2024-04-25T13:12:01.939+0000] {processor.py:179} INFO - Processing /home/airflow/.local/lib/python3.8/site-packages/airflow/example_dags/example_trigger_target_dag.py took 0.100 seconds
[2024-04-25T13:12:32.318+0000] {processor.py:157} INFO - Started process (PID=1150) to work on /home/airflow/.local/lib/python3.8/site-packages/airflow/example_dags/example_trigger_target_dag.py
[2024-04-25T13:12:32.323+0000] {processor.py:829} INFO - Processing file /home/airflow/.local/lib/python3.8/site-packages/airflow/example_dags/example_trigger_target_dag.py for tasks to queue
[2024-04-25T13:12:32.324+0000] {logging_mixin.py:154} INFO - [2024-04-25T13:12:32.324+0000] {dagbag.py:536} INFO - Filling up the DagBag from /home/airflow/.local/lib/python3.8/site-packages/airflow/example_dags/example_trigger_target_dag.py
[2024-04-25T13:12:32.339+0000] {processor.py:839} INFO - DAG(s) dict_keys(['example_trigger_target_dag']) retrieved from /home/airflow/.local/lib/python3.8/site-packages/airflow/example_dags/example_trigger_target_dag.py
[2024-04-25T13:12:32.379+0000] {logging_mixin.py:154} INFO - [2024-04-25T13:12:32.379+0000] {dag.py:2941} INFO - Sync 1 DAGs
[2024-04-25T13:12:32.406+0000] {logging_mixin.py:154} INFO - [2024-04-25T13:12:32.405+0000] {dag.py:3722} INFO - Setting next_dagrun for example_trigger_target_dag to None, run_after=None
[2024-04-25T13:12:32.441+0000] {processor.py:179} INFO - Processing /home/airflow/.local/lib/python3.8/site-packages/airflow/example_dags/example_trigger_target_dag.py took 0.130 seconds
[2024-04-25T13:13:03.160+0000] {processor.py:157} INFO - Started process (PID=1393) to work on /home/airflow/.local/lib/python3.8/site-packages/airflow/example_dags/example_trigger_target_dag.py
[2024-04-25T13:13:03.164+0000] {processor.py:829} INFO - Processing file /home/airflow/.local/lib/python3.8/site-packages/airflow/example_dags/example_trigger_target_dag.py for tasks to queue
[2024-04-25T13:13:03.166+0000] {logging_mixin.py:154} INFO - [2024-04-25T13:13:03.166+0000] {dagbag.py:536} INFO - Filling up the DagBag from /home/airflow/.local/lib/python3.8/site-packages/airflow/example_dags/example_trigger_target_dag.py
[2024-04-25T13:13:03.178+0000] {processor.py:839} INFO - DAG(s) dict_keys(['example_trigger_target_dag']) retrieved from /home/airflow/.local/lib/python3.8/site-packages/airflow/example_dags/example_trigger_target_dag.py
[2024-04-25T13:13:03.212+0000] {logging_mixin.py:154} INFO - [2024-04-25T13:13:03.211+0000] {dag.py:2941} INFO - Sync 1 DAGs
[2024-04-25T13:13:03.232+0000] {logging_mixin.py:154} INFO - [2024-04-25T13:13:03.231+0000] {dag.py:3722} INFO - Setting next_dagrun for example_trigger_target_dag to None, run_after=None
[2024-04-25T13:13:03.260+0000] {processor.py:179} INFO - Processing /home/airflow/.local/lib/python3.8/site-packages/airflow/example_dags/example_trigger_target_dag.py took 0.108 seconds
[2024-04-25T13:13:33.696+0000] {processor.py:157} INFO - Started process (PID=1637) to work on /home/airflow/.local/lib/python3.8/site-packages/airflow/example_dags/example_trigger_target_dag.py
[2024-04-25T13:13:33.700+0000] {processor.py:829} INFO - Processing file /home/airflow/.local/lib/python3.8/site-packages/airflow/example_dags/example_trigger_target_dag.py for tasks to queue
[2024-04-25T13:13:33.701+0000] {logging_mixin.py:154} INFO - [2024-04-25T13:13:33.700+0000] {dagbag.py:536} INFO - Filling up the DagBag from /home/airflow/.local/lib/python3.8/site-packages/airflow/example_dags/example_trigger_target_dag.py
[2024-04-25T13:13:33.711+0000] {processor.py:839} INFO - DAG(s) dict_keys(['example_trigger_target_dag']) retrieved from /home/airflow/.local/lib/python3.8/site-packages/airflow/example_dags/example_trigger_target_dag.py
[2024-04-25T13:13:33.751+0000] {logging_mixin.py:154} INFO - [2024-04-25T13:13:33.751+0000] {dag.py:2941} INFO - Sync 1 DAGs
[2024-04-25T13:13:33.774+0000] {logging_mixin.py:154} INFO - [2024-04-25T13:13:33.774+0000] {dag.py:3722} INFO - Setting next_dagrun for example_trigger_target_dag to None, run_after=None
[2024-04-25T13:13:33.803+0000] {processor.py:179} INFO - Processing /home/airflow/.local/lib/python3.8/site-packages/airflow/example_dags/example_trigger_target_dag.py took 0.113 seconds
[2024-04-25T13:14:04.051+0000] {processor.py:157} INFO - Started process (PID=1881) to work on /home/airflow/.local/lib/python3.8/site-packages/airflow/example_dags/example_trigger_target_dag.py
[2024-04-25T13:14:04.053+0000] {processor.py:829} INFO - Processing file /home/airflow/.local/lib/python3.8/site-packages/airflow/example_dags/example_trigger_target_dag.py for tasks to queue
[2024-04-25T13:14:04.056+0000] {logging_mixin.py:154} INFO - [2024-04-25T13:14:04.055+0000] {dagbag.py:536} INFO - Filling up the DagBag from /home/airflow/.local/lib/python3.8/site-packages/airflow/example_dags/example_trigger_target_dag.py
[2024-04-25T13:14:04.073+0000] {processor.py:839} INFO - DAG(s) dict_keys(['example_trigger_target_dag']) retrieved from /home/airflow/.local/lib/python3.8/site-packages/airflow/example_dags/example_trigger_target_dag.py
[2024-04-25T13:14:04.115+0000] {logging_mixin.py:154} INFO - [2024-04-25T13:14:04.114+0000] {dag.py:2941} INFO - Sync 1 DAGs
[2024-04-25T13:14:04.139+0000] {logging_mixin.py:154} INFO - [2024-04-25T13:14:04.138+0000] {dag.py:3722} INFO - Setting next_dagrun for example_trigger_target_dag to None, run_after=None
[2024-04-25T13:14:04.179+0000] {processor.py:179} INFO - Processing /home/airflow/.local/lib/python3.8/site-packages/airflow/example_dags/example_trigger_target_dag.py took 0.138 seconds
[2024-04-25T13:14:34.523+0000] {processor.py:157} INFO - Started process (PID=2124) to work on /home/airflow/.local/lib/python3.8/site-packages/airflow/example_dags/example_trigger_target_dag.py
[2024-04-25T13:14:34.525+0000] {processor.py:829} INFO - Processing file /home/airflow/.local/lib/python3.8/site-packages/airflow/example_dags/example_trigger_target_dag.py for tasks to queue
[2024-04-25T13:14:34.527+0000] {logging_mixin.py:154} INFO - [2024-04-25T13:14:34.526+0000] {dagbag.py:536} INFO - Filling up the DagBag from /home/airflow/.local/lib/python3.8/site-packages/airflow/example_dags/example_trigger_target_dag.py
[2024-04-25T13:14:34.540+0000] {processor.py:839} INFO - DAG(s) dict_keys(['example_trigger_target_dag']) retrieved from /home/airflow/.local/lib/python3.8/site-packages/airflow/example_dags/example_trigger_target_dag.py
[2024-04-25T13:14:34.582+0000] {logging_mixin.py:154} INFO - [2024-04-25T13:14:34.582+0000] {dag.py:2941} INFO - Sync 1 DAGs
[2024-04-25T13:14:34.612+0000] {logging_mixin.py:154} INFO - [2024-04-25T13:14:34.611+0000] {dag.py:3722} INFO - Setting next_dagrun for example_trigger_target_dag to None, run_after=None
[2024-04-25T13:14:34.649+0000] {processor.py:179} INFO - Processing /home/airflow/.local/lib/python3.8/site-packages/airflow/example_dags/example_trigger_target_dag.py took 0.133 seconds
[2024-04-25T13:15:05.063+0000] {processor.py:157} INFO - Started process (PID=2367) to work on /home/airflow/.local/lib/python3.8/site-packages/airflow/example_dags/example_trigger_target_dag.py
[2024-04-25T13:15:05.065+0000] {processor.py:829} INFO - Processing file /home/airflow/.local/lib/python3.8/site-packages/airflow/example_dags/example_trigger_target_dag.py for tasks to queue
[2024-04-25T13:15:05.067+0000] {logging_mixin.py:154} INFO - [2024-04-25T13:15:05.066+0000] {dagbag.py:536} INFO - Filling up the DagBag from /home/airflow/.local/lib/python3.8/site-packages/airflow/example_dags/example_trigger_target_dag.py
[2024-04-25T13:15:05.079+0000] {processor.py:839} INFO - DAG(s) dict_keys(['example_trigger_target_dag']) retrieved from /home/airflow/.local/lib/python3.8/site-packages/airflow/example_dags/example_trigger_target_dag.py
[2024-04-25T13:15:05.116+0000] {logging_mixin.py:154} INFO - [2024-04-25T13:15:05.115+0000] {dag.py:2941} INFO - Sync 1 DAGs
[2024-04-25T13:15:05.137+0000] {logging_mixin.py:154} INFO - [2024-04-25T13:15:05.136+0000] {dag.py:3722} INFO - Setting next_dagrun for example_trigger_target_dag to None, run_after=None
[2024-04-25T13:15:05.169+0000] {processor.py:179} INFO - Processing /home/airflow/.local/lib/python3.8/site-packages/airflow/example_dags/example_trigger_target_dag.py took 0.113 seconds
[2024-04-25T13:15:36.007+0000] {processor.py:157} INFO - Started process (PID=2610) to work on /home/airflow/.local/lib/python3.8/site-packages/airflow/example_dags/example_trigger_target_dag.py
[2024-04-25T13:15:36.010+0000] {processor.py:829} INFO - Processing file /home/airflow/.local/lib/python3.8/site-packages/airflow/example_dags/example_trigger_target_dag.py for tasks to queue
[2024-04-25T13:15:36.012+0000] {logging_mixin.py:154} INFO - [2024-04-25T13:15:36.012+0000] {dagbag.py:536} INFO - Filling up the DagBag from /home/airflow/.local/lib/python3.8/site-packages/airflow/example_dags/example_trigger_target_dag.py
[2024-04-25T13:15:36.026+0000] {processor.py:839} INFO - DAG(s) dict_keys(['example_trigger_target_dag']) retrieved from /home/airflow/.local/lib/python3.8/site-packages/airflow/example_dags/example_trigger_target_dag.py
[2024-04-25T13:15:36.063+0000] {logging_mixin.py:154} INFO - [2024-04-25T13:15:36.063+0000] {dag.py:2941} INFO - Sync 1 DAGs
[2024-04-25T13:15:36.086+0000] {logging_mixin.py:154} INFO - [2024-04-25T13:15:36.085+0000] {dag.py:3722} INFO - Setting next_dagrun for example_trigger_target_dag to None, run_after=None
[2024-04-25T13:15:36.122+0000] {processor.py:179} INFO - Processing /home/airflow/.local/lib/python3.8/site-packages/airflow/example_dags/example_trigger_target_dag.py took 0.121 seconds
[2024-04-25T13:16:06.958+0000] {processor.py:157} INFO - Started process (PID=2853) to work on /home/airflow/.local/lib/python3.8/site-packages/airflow/example_dags/example_trigger_target_dag.py
[2024-04-25T13:16:06.960+0000] {processor.py:829} INFO - Processing file /home/airflow/.local/lib/python3.8/site-packages/airflow/example_dags/example_trigger_target_dag.py for tasks to queue
[2024-04-25T13:16:06.961+0000] {logging_mixin.py:154} INFO - [2024-04-25T13:16:06.961+0000] {dagbag.py:536} INFO - Filling up the DagBag from /home/airflow/.local/lib/python3.8/site-packages/airflow/example_dags/example_trigger_target_dag.py
[2024-04-25T13:16:06.977+0000] {processor.py:839} INFO - DAG(s) dict_keys(['example_trigger_target_dag']) retrieved from /home/airflow/.local/lib/python3.8/site-packages/airflow/example_dags/example_trigger_target_dag.py
[2024-04-25T13:16:07.016+0000] {logging_mixin.py:154} INFO - [2024-04-25T13:16:07.015+0000] {dag.py:2941} INFO - Sync 1 DAGs
[2024-04-25T13:16:07.035+0000] {logging_mixin.py:154} INFO - [2024-04-25T13:16:07.034+0000] {dag.py:3722} INFO - Setting next_dagrun for example_trigger_target_dag to None, run_after=None
[2024-04-25T13:16:07.066+0000] {processor.py:179} INFO - Processing /home/airflow/.local/lib/python3.8/site-packages/airflow/example_dags/example_trigger_target_dag.py took 0.116 seconds
[2024-04-25T13:16:37.940+0000] {processor.py:157} INFO - Started process (PID=3097) to work on /home/airflow/.local/lib/python3.8/site-packages/airflow/example_dags/example_trigger_target_dag.py
[2024-04-25T13:16:37.942+0000] {processor.py:829} INFO - Processing file /home/airflow/.local/lib/python3.8/site-packages/airflow/example_dags/example_trigger_target_dag.py for tasks to queue
[2024-04-25T13:16:37.944+0000] {logging_mixin.py:154} INFO - [2024-04-25T13:16:37.943+0000] {dagbag.py:536} INFO - Filling up the DagBag from /home/airflow/.local/lib/python3.8/site-packages/airflow/example_dags/example_trigger_target_dag.py
[2024-04-25T13:16:37.954+0000] {processor.py:839} INFO - DAG(s) dict_keys(['example_trigger_target_dag']) retrieved from /home/airflow/.local/lib/python3.8/site-packages/airflow/example_dags/example_trigger_target_dag.py
[2024-04-25T13:16:37.990+0000] {logging_mixin.py:154} INFO - [2024-04-25T13:16:37.990+0000] {dag.py:2941} INFO - Sync 1 DAGs
[2024-04-25T13:16:38.011+0000] {logging_mixin.py:154} INFO - [2024-04-25T13:16:38.010+0000] {dag.py:3722} INFO - Setting next_dagrun for example_trigger_target_dag to None, run_after=None
[2024-04-25T13:16:38.041+0000] {processor.py:179} INFO - Processing /home/airflow/.local/lib/python3.8/site-packages/airflow/example_dags/example_trigger_target_dag.py took 0.107 seconds
[2024-04-25T13:17:08.184+0000] {processor.py:157} INFO - Started process (PID=3340) to work on /home/airflow/.local/lib/python3.8/site-packages/airflow/example_dags/example_trigger_target_dag.py
[2024-04-25T13:17:08.185+0000] {processor.py:829} INFO - Processing file /home/airflow/.local/lib/python3.8/site-packages/airflow/example_dags/example_trigger_target_dag.py for tasks to queue
[2024-04-25T13:17:08.187+0000] {logging_mixin.py:154} INFO - [2024-04-25T13:17:08.186+0000] {dagbag.py:536} INFO - Filling up the DagBag from /home/airflow/.local/lib/python3.8/site-packages/airflow/example_dags/example_trigger_target_dag.py
[2024-04-25T13:17:08.198+0000] {processor.py:839} INFO - DAG(s) dict_keys(['example_trigger_target_dag']) retrieved from /home/airflow/.local/lib/python3.8/site-packages/airflow/example_dags/example_trigger_target_dag.py
[2024-04-25T13:17:08.232+0000] {logging_mixin.py:154} INFO - [2024-04-25T13:17:08.232+0000] {dag.py:2941} INFO - Sync 1 DAGs
[2024-04-25T13:17:08.252+0000] {logging_mixin.py:154} INFO - [2024-04-25T13:17:08.252+0000] {dag.py:3722} INFO - Setting next_dagrun for example_trigger_target_dag to None, run_after=None
[2024-04-25T13:17:08.281+0000] {processor.py:179} INFO - Processing /home/airflow/.local/lib/python3.8/site-packages/airflow/example_dags/example_trigger_target_dag.py took 0.104 seconds
[2024-04-25T13:17:38.926+0000] {processor.py:157} INFO - Started process (PID=3583) to work on /home/airflow/.local/lib/python3.8/site-packages/airflow/example_dags/example_trigger_target_dag.py
[2024-04-25T13:17:38.929+0000] {processor.py:829} INFO - Processing file /home/airflow/.local/lib/python3.8/site-packages/airflow/example_dags/example_trigger_target_dag.py for tasks to queue
[2024-04-25T13:17:38.932+0000] {logging_mixin.py:154} INFO - [2024-04-25T13:17:38.931+0000] {dagbag.py:536} INFO - Filling up the DagBag from /home/airflow/.local/lib/python3.8/site-packages/airflow/example_dags/example_trigger_target_dag.py
[2024-04-25T13:17:38.946+0000] {processor.py:839} INFO - DAG(s) dict_keys(['example_trigger_target_dag']) retrieved from /home/airflow/.local/lib/python3.8/site-packages/airflow/example_dags/example_trigger_target_dag.py
[2024-04-25T13:17:38.986+0000] {logging_mixin.py:154} INFO - [2024-04-25T13:17:38.986+0000] {dag.py:2941} INFO - Sync 1 DAGs
[2024-04-25T13:17:39.007+0000] {logging_mixin.py:154} INFO - [2024-04-25T13:17:39.007+0000] {dag.py:3722} INFO - Setting next_dagrun for example_trigger_target_dag to None, run_after=None
[2024-04-25T13:17:39.048+0000] {processor.py:179} INFO - Processing /home/airflow/.local/lib/python3.8/site-packages/airflow/example_dags/example_trigger_target_dag.py took 0.129 seconds
[2024-04-25T13:18:10.018+0000] {processor.py:157} INFO - Started process (PID=3827) to work on /home/airflow/.local/lib/python3.8/site-packages/airflow/example_dags/example_trigger_target_dag.py
[2024-04-25T13:18:10.020+0000] {processor.py:829} INFO - Processing file /home/airflow/.local/lib/python3.8/site-packages/airflow/example_dags/example_trigger_target_dag.py for tasks to queue
[2024-04-25T13:18:10.021+0000] {logging_mixin.py:154} INFO - [2024-04-25T13:18:10.021+0000] {dagbag.py:536} INFO - Filling up the DagBag from /home/airflow/.local/lib/python3.8/site-packages/airflow/example_dags/example_trigger_target_dag.py
[2024-04-25T13:18:10.031+0000] {processor.py:839} INFO - DAG(s) dict_keys(['example_trigger_target_dag']) retrieved from /home/airflow/.local/lib/python3.8/site-packages/airflow/example_dags/example_trigger_target_dag.py
[2024-04-25T13:18:10.065+0000] {logging_mixin.py:154} INFO - [2024-04-25T13:18:10.064+0000] {dag.py:2941} INFO - Sync 1 DAGs
[2024-04-25T13:18:10.089+0000] {logging_mixin.py:154} INFO - [2024-04-25T13:18:10.089+0000] {dag.py:3722} INFO - Setting next_dagrun for example_trigger_target_dag to None, run_after=None
[2024-04-25T13:18:10.115+0000] {processor.py:179} INFO - Processing /home/airflow/.local/lib/python3.8/site-packages/airflow/example_dags/example_trigger_target_dag.py took 0.103 seconds
[2024-04-25T13:18:40.968+0000] {processor.py:157} INFO - Started process (PID=4071) to work on /home/airflow/.local/lib/python3.8/site-packages/airflow/example_dags/example_trigger_target_dag.py
[2024-04-25T13:18:40.970+0000] {processor.py:829} INFO - Processing file /home/airflow/.local/lib/python3.8/site-packages/airflow/example_dags/example_trigger_target_dag.py for tasks to queue
[2024-04-25T13:18:40.971+0000] {logging_mixin.py:154} INFO - [2024-04-25T13:18:40.971+0000] {dagbag.py:536} INFO - Filling up the DagBag from /home/airflow/.local/lib/python3.8/site-packages/airflow/example_dags/example_trigger_target_dag.py
[2024-04-25T13:18:40.983+0000] {processor.py:839} INFO - DAG(s) dict_keys(['example_trigger_target_dag']) retrieved from /home/airflow/.local/lib/python3.8/site-packages/airflow/example_dags/example_trigger_target_dag.py
[2024-04-25T13:18:41.020+0000] {logging_mixin.py:154} INFO - [2024-04-25T13:18:41.020+0000] {dag.py:2941} INFO - Sync 1 DAGs
[2024-04-25T13:18:41.038+0000] {logging_mixin.py:154} INFO - [2024-04-25T13:18:41.038+0000] {dag.py:3722} INFO - Setting next_dagrun for example_trigger_target_dag to None, run_after=None
[2024-04-25T13:18:41.071+0000] {processor.py:179} INFO - Processing /home/airflow/.local/lib/python3.8/site-packages/airflow/example_dags/example_trigger_target_dag.py took 0.110 seconds
[2024-04-25T13:27:13.151+0000] {processor.py:157} INFO - Started process (PID=173) to work on /home/airflow/.local/lib/python3.8/site-packages/airflow/example_dags/example_trigger_target_dag.py
[2024-04-25T13:27:13.154+0000] {processor.py:829} INFO - Processing file /home/airflow/.local/lib/python3.8/site-packages/airflow/example_dags/example_trigger_target_dag.py for tasks to queue
[2024-04-25T13:27:13.156+0000] {logging_mixin.py:154} INFO - [2024-04-25T13:27:13.156+0000] {dagbag.py:536} INFO - Filling up the DagBag from /home/airflow/.local/lib/python3.8/site-packages/airflow/example_dags/example_trigger_target_dag.py
[2024-04-25T13:27:13.182+0000] {processor.py:839} INFO - DAG(s) dict_keys(['example_trigger_target_dag']) retrieved from /home/airflow/.local/lib/python3.8/site-packages/airflow/example_dags/example_trigger_target_dag.py
[2024-04-25T13:27:13.210+0000] {logging_mixin.py:154} INFO - [2024-04-25T13:27:13.209+0000] {dag.py:2941} INFO - Sync 1 DAGs
[2024-04-25T13:27:13.238+0000] {logging_mixin.py:154} INFO - [2024-04-25T13:27:13.237+0000] {dag.py:3722} INFO - Setting next_dagrun for example_trigger_target_dag to None, run_after=None
[2024-04-25T13:27:13.269+0000] {processor.py:179} INFO - Processing /home/airflow/.local/lib/python3.8/site-packages/airflow/example_dags/example_trigger_target_dag.py took 0.124 seconds
[2024-04-25T13:27:43.654+0000] {processor.py:157} INFO - Started process (PID=411) to work on /home/airflow/.local/lib/python3.8/site-packages/airflow/example_dags/example_trigger_target_dag.py
[2024-04-25T13:27:43.656+0000] {processor.py:829} INFO - Processing file /home/airflow/.local/lib/python3.8/site-packages/airflow/example_dags/example_trigger_target_dag.py for tasks to queue
[2024-04-25T13:27:43.658+0000] {logging_mixin.py:154} INFO - [2024-04-25T13:27:43.657+0000] {dagbag.py:536} INFO - Filling up the DagBag from /home/airflow/.local/lib/python3.8/site-packages/airflow/example_dags/example_trigger_target_dag.py
[2024-04-25T13:27:43.674+0000] {processor.py:839} INFO - DAG(s) dict_keys(['example_trigger_target_dag']) retrieved from /home/airflow/.local/lib/python3.8/site-packages/airflow/example_dags/example_trigger_target_dag.py
[2024-04-25T13:27:43.717+0000] {logging_mixin.py:154} INFO - [2024-04-25T13:27:43.717+0000] {dag.py:2941} INFO - Sync 1 DAGs
[2024-04-25T13:27:43.741+0000] {logging_mixin.py:154} INFO - [2024-04-25T13:27:43.741+0000] {dag.py:3722} INFO - Setting next_dagrun for example_trigger_target_dag to None, run_after=None
[2024-04-25T13:27:43.775+0000] {processor.py:179} INFO - Processing /home/airflow/.local/lib/python3.8/site-packages/airflow/example_dags/example_trigger_target_dag.py took 0.131 seconds
[2024-04-25T13:28:14.355+0000] {processor.py:157} INFO - Started process (PID=654) to work on /home/airflow/.local/lib/python3.8/site-packages/airflow/example_dags/example_trigger_target_dag.py
[2024-04-25T13:28:14.359+0000] {processor.py:829} INFO - Processing file /home/airflow/.local/lib/python3.8/site-packages/airflow/example_dags/example_trigger_target_dag.py for tasks to queue
[2024-04-25T13:28:14.360+0000] {logging_mixin.py:154} INFO - [2024-04-25T13:28:14.360+0000] {dagbag.py:536} INFO - Filling up the DagBag from /home/airflow/.local/lib/python3.8/site-packages/airflow/example_dags/example_trigger_target_dag.py
[2024-04-25T13:28:14.370+0000] {processor.py:839} INFO - DAG(s) dict_keys(['example_trigger_target_dag']) retrieved from /home/airflow/.local/lib/python3.8/site-packages/airflow/example_dags/example_trigger_target_dag.py
[2024-04-25T13:28:14.406+0000] {logging_mixin.py:154} INFO - [2024-04-25T13:28:14.405+0000] {dag.py:2941} INFO - Sync 1 DAGs
[2024-04-25T13:28:14.426+0000] {logging_mixin.py:154} INFO - [2024-04-25T13:28:14.426+0000] {dag.py:3722} INFO - Setting next_dagrun for example_trigger_target_dag to None, run_after=None
[2024-04-25T13:28:14.455+0000] {processor.py:179} INFO - Processing /home/airflow/.local/lib/python3.8/site-packages/airflow/example_dags/example_trigger_target_dag.py took 0.105 seconds
[2024-04-25T13:28:44.737+0000] {processor.py:157} INFO - Started process (PID=904) to work on /home/airflow/.local/lib/python3.8/site-packages/airflow/example_dags/example_trigger_target_dag.py
[2024-04-25T13:28:44.740+0000] {processor.py:829} INFO - Processing file /home/airflow/.local/lib/python3.8/site-packages/airflow/example_dags/example_trigger_target_dag.py for tasks to queue
[2024-04-25T13:28:44.742+0000] {logging_mixin.py:154} INFO - [2024-04-25T13:28:44.742+0000] {dagbag.py:536} INFO - Filling up the DagBag from /home/airflow/.local/lib/python3.8/site-packages/airflow/example_dags/example_trigger_target_dag.py
[2024-04-25T13:28:44.761+0000] {processor.py:839} INFO - DAG(s) dict_keys(['example_trigger_target_dag']) retrieved from /home/airflow/.local/lib/python3.8/site-packages/airflow/example_dags/example_trigger_target_dag.py
[2024-04-25T13:28:44.840+0000] {logging_mixin.py:154} INFO - [2024-04-25T13:28:44.840+0000] {dag.py:2941} INFO - Sync 1 DAGs
[2024-04-25T13:28:44.882+0000] {logging_mixin.py:154} INFO - [2024-04-25T13:28:44.881+0000] {dag.py:3722} INFO - Setting next_dagrun for example_trigger_target_dag to None, run_after=None
[2024-04-25T13:28:44.930+0000] {processor.py:179} INFO - Processing /home/airflow/.local/lib/python3.8/site-packages/airflow/example_dags/example_trigger_target_dag.py took 0.205 seconds
[2024-04-25T13:29:15.903+0000] {processor.py:157} INFO - Started process (PID=1150) to work on /home/airflow/.local/lib/python3.8/site-packages/airflow/example_dags/example_trigger_target_dag.py
[2024-04-25T13:29:15.908+0000] {processor.py:829} INFO - Processing file /home/airflow/.local/lib/python3.8/site-packages/airflow/example_dags/example_trigger_target_dag.py for tasks to queue
[2024-04-25T13:29:15.909+0000] {logging_mixin.py:154} INFO - [2024-04-25T13:29:15.909+0000] {dagbag.py:536} INFO - Filling up the DagBag from /home/airflow/.local/lib/python3.8/site-packages/airflow/example_dags/example_trigger_target_dag.py
[2024-04-25T13:29:15.921+0000] {processor.py:839} INFO - DAG(s) dict_keys(['example_trigger_target_dag']) retrieved from /home/airflow/.local/lib/python3.8/site-packages/airflow/example_dags/example_trigger_target_dag.py
[2024-04-25T13:29:15.963+0000] {logging_mixin.py:154} INFO - [2024-04-25T13:29:15.962+0000] {dag.py:2941} INFO - Sync 1 DAGs
[2024-04-25T13:29:15.988+0000] {logging_mixin.py:154} INFO - [2024-04-25T13:29:15.988+0000] {dag.py:3722} INFO - Setting next_dagrun for example_trigger_target_dag to None, run_after=None
[2024-04-25T13:29:16.025+0000] {processor.py:179} INFO - Processing /home/airflow/.local/lib/python3.8/site-packages/airflow/example_dags/example_trigger_target_dag.py took 0.130 seconds
[2024-04-25T13:29:46.988+0000] {processor.py:157} INFO - Started process (PID=1393) to work on /home/airflow/.local/lib/python3.8/site-packages/airflow/example_dags/example_trigger_target_dag.py
[2024-04-25T13:29:46.992+0000] {processor.py:829} INFO - Processing file /home/airflow/.local/lib/python3.8/site-packages/airflow/example_dags/example_trigger_target_dag.py for tasks to queue
[2024-04-25T13:29:46.993+0000] {logging_mixin.py:154} INFO - [2024-04-25T13:29:46.993+0000] {dagbag.py:536} INFO - Filling up the DagBag from /home/airflow/.local/lib/python3.8/site-packages/airflow/example_dags/example_trigger_target_dag.py
[2024-04-25T13:29:47.005+0000] {processor.py:839} INFO - DAG(s) dict_keys(['example_trigger_target_dag']) retrieved from /home/airflow/.local/lib/python3.8/site-packages/airflow/example_dags/example_trigger_target_dag.py
[2024-04-25T13:29:47.038+0000] {logging_mixin.py:154} INFO - [2024-04-25T13:29:47.038+0000] {dag.py:2941} INFO - Sync 1 DAGs
[2024-04-25T13:29:47.056+0000] {logging_mixin.py:154} INFO - [2024-04-25T13:29:47.055+0000] {dag.py:3722} INFO - Setting next_dagrun for example_trigger_target_dag to None, run_after=None
[2024-04-25T13:29:47.087+0000] {processor.py:179} INFO - Processing /home/airflow/.local/lib/python3.8/site-packages/airflow/example_dags/example_trigger_target_dag.py took 0.106 seconds
[2024-04-25T13:30:17.371+0000] {processor.py:157} INFO - Started process (PID=1636) to work on /home/airflow/.local/lib/python3.8/site-packages/airflow/example_dags/example_trigger_target_dag.py
[2024-04-25T13:30:17.373+0000] {processor.py:829} INFO - Processing file /home/airflow/.local/lib/python3.8/site-packages/airflow/example_dags/example_trigger_target_dag.py for tasks to queue
[2024-04-25T13:30:17.375+0000] {logging_mixin.py:154} INFO - [2024-04-25T13:30:17.375+0000] {dagbag.py:536} INFO - Filling up the DagBag from /home/airflow/.local/lib/python3.8/site-packages/airflow/example_dags/example_trigger_target_dag.py
[2024-04-25T13:30:17.388+0000] {processor.py:839} INFO - DAG(s) dict_keys(['example_trigger_target_dag']) retrieved from /home/airflow/.local/lib/python3.8/site-packages/airflow/example_dags/example_trigger_target_dag.py
[2024-04-25T13:30:17.424+0000] {logging_mixin.py:154} INFO - [2024-04-25T13:30:17.423+0000] {dag.py:2941} INFO - Sync 1 DAGs
[2024-04-25T13:30:17.443+0000] {logging_mixin.py:154} INFO - [2024-04-25T13:30:17.442+0000] {dag.py:3722} INFO - Setting next_dagrun for example_trigger_target_dag to None, run_after=None
[2024-04-25T13:30:17.472+0000] {processor.py:179} INFO - Processing /home/airflow/.local/lib/python3.8/site-packages/airflow/example_dags/example_trigger_target_dag.py took 0.109 seconds
[2024-04-25T13:30:47.870+0000] {processor.py:157} INFO - Started process (PID=1880) to work on /home/airflow/.local/lib/python3.8/site-packages/airflow/example_dags/example_trigger_target_dag.py
[2024-04-25T13:30:47.871+0000] {processor.py:829} INFO - Processing file /home/airflow/.local/lib/python3.8/site-packages/airflow/example_dags/example_trigger_target_dag.py for tasks to queue
[2024-04-25T13:30:47.872+0000] {logging_mixin.py:154} INFO - [2024-04-25T13:30:47.872+0000] {dagbag.py:536} INFO - Filling up the DagBag from /home/airflow/.local/lib/python3.8/site-packages/airflow/example_dags/example_trigger_target_dag.py
[2024-04-25T13:30:47.885+0000] {processor.py:839} INFO - DAG(s) dict_keys(['example_trigger_target_dag']) retrieved from /home/airflow/.local/lib/python3.8/site-packages/airflow/example_dags/example_trigger_target_dag.py
[2024-04-25T13:30:47.925+0000] {logging_mixin.py:154} INFO - [2024-04-25T13:30:47.924+0000] {dag.py:2941} INFO - Sync 1 DAGs
[2024-04-25T13:30:47.950+0000] {logging_mixin.py:154} INFO - [2024-04-25T13:30:47.950+0000] {dag.py:3722} INFO - Setting next_dagrun for example_trigger_target_dag to None, run_after=None
[2024-04-25T13:30:47.985+0000] {processor.py:179} INFO - Processing /home/airflow/.local/lib/python3.8/site-packages/airflow/example_dags/example_trigger_target_dag.py took 0.121 seconds
[2024-04-25T13:31:18.065+0000] {processor.py:157} INFO - Started process (PID=2123) to work on /home/airflow/.local/lib/python3.8/site-packages/airflow/example_dags/example_trigger_target_dag.py
[2024-04-25T13:31:18.068+0000] {processor.py:829} INFO - Processing file /home/airflow/.local/lib/python3.8/site-packages/airflow/example_dags/example_trigger_target_dag.py for tasks to queue
[2024-04-25T13:31:18.069+0000] {logging_mixin.py:154} INFO - [2024-04-25T13:31:18.069+0000] {dagbag.py:536} INFO - Filling up the DagBag from /home/airflow/.local/lib/python3.8/site-packages/airflow/example_dags/example_trigger_target_dag.py
[2024-04-25T13:31:18.084+0000] {processor.py:839} INFO - DAG(s) dict_keys(['example_trigger_target_dag']) retrieved from /home/airflow/.local/lib/python3.8/site-packages/airflow/example_dags/example_trigger_target_dag.py
[2024-04-25T13:31:18.120+0000] {logging_mixin.py:154} INFO - [2024-04-25T13:31:18.120+0000] {dag.py:2941} INFO - Sync 1 DAGs
[2024-04-25T13:31:18.138+0000] {logging_mixin.py:154} INFO - [2024-04-25T13:31:18.138+0000] {dag.py:3722} INFO - Setting next_dagrun for example_trigger_target_dag to None, run_after=None
[2024-04-25T13:31:18.166+0000] {processor.py:179} INFO - Processing /home/airflow/.local/lib/python3.8/site-packages/airflow/example_dags/example_trigger_target_dag.py took 0.109 seconds
[2024-04-25T13:31:48.585+0000] {processor.py:157} INFO - Started process (PID=2366) to work on /home/airflow/.local/lib/python3.8/site-packages/airflow/example_dags/example_trigger_target_dag.py
[2024-04-25T13:31:48.587+0000] {processor.py:829} INFO - Processing file /home/airflow/.local/lib/python3.8/site-packages/airflow/example_dags/example_trigger_target_dag.py for tasks to queue
[2024-04-25T13:31:48.589+0000] {logging_mixin.py:154} INFO - [2024-04-25T13:31:48.588+0000] {dagbag.py:536} INFO - Filling up the DagBag from /home/airflow/.local/lib/python3.8/site-packages/airflow/example_dags/example_trigger_target_dag.py
[2024-04-25T13:31:48.601+0000] {processor.py:839} INFO - DAG(s) dict_keys(['example_trigger_target_dag']) retrieved from /home/airflow/.local/lib/python3.8/site-packages/airflow/example_dags/example_trigger_target_dag.py
[2024-04-25T13:31:48.637+0000] {logging_mixin.py:154} INFO - [2024-04-25T13:31:48.636+0000] {dag.py:2941} INFO - Sync 1 DAGs
[2024-04-25T13:31:48.657+0000] {logging_mixin.py:154} INFO - [2024-04-25T13:31:48.657+0000] {dag.py:3722} INFO - Setting next_dagrun for example_trigger_target_dag to None, run_after=None
[2024-04-25T13:31:48.689+0000] {processor.py:179} INFO - Processing /home/airflow/.local/lib/python3.8/site-packages/airflow/example_dags/example_trigger_target_dag.py took 0.112 seconds
[2024-04-25T13:32:19.253+0000] {processor.py:157} INFO - Started process (PID=2609) to work on /home/airflow/.local/lib/python3.8/site-packages/airflow/example_dags/example_trigger_target_dag.py
[2024-04-25T13:32:19.256+0000] {processor.py:829} INFO - Processing file /home/airflow/.local/lib/python3.8/site-packages/airflow/example_dags/example_trigger_target_dag.py for tasks to queue
[2024-04-25T13:32:19.258+0000] {logging_mixin.py:154} INFO - [2024-04-25T13:32:19.257+0000] {dagbag.py:536} INFO - Filling up the DagBag from /home/airflow/.local/lib/python3.8/site-packages/airflow/example_dags/example_trigger_target_dag.py
[2024-04-25T13:32:19.271+0000] {processor.py:839} INFO - DAG(s) dict_keys(['example_trigger_target_dag']) retrieved from /home/airflow/.local/lib/python3.8/site-packages/airflow/example_dags/example_trigger_target_dag.py
[2024-04-25T13:32:19.306+0000] {logging_mixin.py:154} INFO - [2024-04-25T13:32:19.306+0000] {dag.py:2941} INFO - Sync 1 DAGs
[2024-04-25T13:32:19.332+0000] {logging_mixin.py:154} INFO - [2024-04-25T13:32:19.331+0000] {dag.py:3722} INFO - Setting next_dagrun for example_trigger_target_dag to None, run_after=None
[2024-04-25T13:32:19.364+0000] {processor.py:179} INFO - Processing /home/airflow/.local/lib/python3.8/site-packages/airflow/example_dags/example_trigger_target_dag.py took 0.119 seconds
[2024-04-25T13:32:49.810+0000] {processor.py:157} INFO - Started process (PID=2852) to work on /home/airflow/.local/lib/python3.8/site-packages/airflow/example_dags/example_trigger_target_dag.py
[2024-04-25T13:32:49.812+0000] {processor.py:829} INFO - Processing file /home/airflow/.local/lib/python3.8/site-packages/airflow/example_dags/example_trigger_target_dag.py for tasks to queue
[2024-04-25T13:32:49.813+0000] {logging_mixin.py:154} INFO - [2024-04-25T13:32:49.813+0000] {dagbag.py:536} INFO - Filling up the DagBag from /home/airflow/.local/lib/python3.8/site-packages/airflow/example_dags/example_trigger_target_dag.py
[2024-04-25T13:32:49.825+0000] {processor.py:839} INFO - DAG(s) dict_keys(['example_trigger_target_dag']) retrieved from /home/airflow/.local/lib/python3.8/site-packages/airflow/example_dags/example_trigger_target_dag.py
[2024-04-25T13:32:49.863+0000] {logging_mixin.py:154} INFO - [2024-04-25T13:32:49.862+0000] {dag.py:2941} INFO - Sync 1 DAGs
[2024-04-25T13:32:49.882+0000] {logging_mixin.py:154} INFO - [2024-04-25T13:32:49.882+0000] {dag.py:3722} INFO - Setting next_dagrun for example_trigger_target_dag to None, run_after=None
[2024-04-25T13:32:49.911+0000] {processor.py:179} INFO - Processing /home/airflow/.local/lib/python3.8/site-packages/airflow/example_dags/example_trigger_target_dag.py took 0.106 seconds
[2024-04-25T13:33:20.148+0000] {processor.py:157} INFO - Started process (PID=3105) to work on /home/airflow/.local/lib/python3.8/site-packages/airflow/example_dags/example_trigger_target_dag.py
[2024-04-25T13:33:20.151+0000] {processor.py:829} INFO - Processing file /home/airflow/.local/lib/python3.8/site-packages/airflow/example_dags/example_trigger_target_dag.py for tasks to queue
[2024-04-25T13:33:20.153+0000] {logging_mixin.py:154} INFO - [2024-04-25T13:33:20.152+0000] {dagbag.py:536} INFO - Filling up the DagBag from /home/airflow/.local/lib/python3.8/site-packages/airflow/example_dags/example_trigger_target_dag.py
[2024-04-25T13:33:20.166+0000] {processor.py:839} INFO - DAG(s) dict_keys(['example_trigger_target_dag']) retrieved from /home/airflow/.local/lib/python3.8/site-packages/airflow/example_dags/example_trigger_target_dag.py
[2024-04-25T13:33:20.213+0000] {logging_mixin.py:154} INFO - [2024-04-25T13:33:20.213+0000] {dag.py:2941} INFO - Sync 1 DAGs
[2024-04-25T13:33:20.242+0000] {logging_mixin.py:154} INFO - [2024-04-25T13:33:20.242+0000] {dag.py:3722} INFO - Setting next_dagrun for example_trigger_target_dag to None, run_after=None
[2024-04-25T13:33:20.296+0000] {processor.py:179} INFO - Processing /home/airflow/.local/lib/python3.8/site-packages/airflow/example_dags/example_trigger_target_dag.py took 0.157 seconds
[2024-04-25T13:33:50.551+0000] {processor.py:157} INFO - Started process (PID=3352) to work on /home/airflow/.local/lib/python3.8/site-packages/airflow/example_dags/example_trigger_target_dag.py
[2024-04-25T13:33:50.556+0000] {processor.py:829} INFO - Processing file /home/airflow/.local/lib/python3.8/site-packages/airflow/example_dags/example_trigger_target_dag.py for tasks to queue
[2024-04-25T13:33:50.559+0000] {logging_mixin.py:154} INFO - [2024-04-25T13:33:50.558+0000] {dagbag.py:536} INFO - Filling up the DagBag from /home/airflow/.local/lib/python3.8/site-packages/airflow/example_dags/example_trigger_target_dag.py
[2024-04-25T13:33:50.590+0000] {processor.py:839} INFO - DAG(s) dict_keys(['example_trigger_target_dag']) retrieved from /home/airflow/.local/lib/python3.8/site-packages/airflow/example_dags/example_trigger_target_dag.py
[2024-04-25T13:33:50.692+0000] {logging_mixin.py:154} INFO - [2024-04-25T13:33:50.692+0000] {dag.py:2941} INFO - Sync 1 DAGs
[2024-04-25T13:33:50.753+0000] {logging_mixin.py:154} INFO - [2024-04-25T13:33:50.753+0000] {dag.py:3722} INFO - Setting next_dagrun for example_trigger_target_dag to None, run_after=None
[2024-04-25T13:33:50.841+0000] {processor.py:179} INFO - Processing /home/airflow/.local/lib/python3.8/site-packages/airflow/example_dags/example_trigger_target_dag.py took 0.310 seconds
[2024-04-25T13:34:21.258+0000] {processor.py:157} INFO - Started process (PID=3595) to work on /home/airflow/.local/lib/python3.8/site-packages/airflow/example_dags/example_trigger_target_dag.py
[2024-04-25T13:34:21.266+0000] {processor.py:829} INFO - Processing file /home/airflow/.local/lib/python3.8/site-packages/airflow/example_dags/example_trigger_target_dag.py for tasks to queue
[2024-04-25T13:34:21.270+0000] {logging_mixin.py:154} INFO - [2024-04-25T13:34:21.268+0000] {dagbag.py:536} INFO - Filling up the DagBag from /home/airflow/.local/lib/python3.8/site-packages/airflow/example_dags/example_trigger_target_dag.py
[2024-04-25T13:34:21.306+0000] {processor.py:839} INFO - DAG(s) dict_keys(['example_trigger_target_dag']) retrieved from /home/airflow/.local/lib/python3.8/site-packages/airflow/example_dags/example_trigger_target_dag.py
[2024-04-25T13:34:21.412+0000] {logging_mixin.py:154} INFO - [2024-04-25T13:34:21.411+0000] {dag.py:2941} INFO - Sync 1 DAGs
[2024-04-25T13:34:21.484+0000] {logging_mixin.py:154} INFO - [2024-04-25T13:34:21.483+0000] {dag.py:3722} INFO - Setting next_dagrun for example_trigger_target_dag to None, run_after=None
[2024-04-25T13:34:21.622+0000] {processor.py:179} INFO - Processing /home/airflow/.local/lib/python3.8/site-packages/airflow/example_dags/example_trigger_target_dag.py took 0.393 seconds
[2024-04-25T13:34:52.328+0000] {processor.py:157} INFO - Started process (PID=3838) to work on /home/airflow/.local/lib/python3.8/site-packages/airflow/example_dags/example_trigger_target_dag.py
[2024-04-25T13:34:52.330+0000] {processor.py:829} INFO - Processing file /home/airflow/.local/lib/python3.8/site-packages/airflow/example_dags/example_trigger_target_dag.py for tasks to queue
[2024-04-25T13:34:52.332+0000] {logging_mixin.py:154} INFO - [2024-04-25T13:34:52.332+0000] {dagbag.py:536} INFO - Filling up the DagBag from /home/airflow/.local/lib/python3.8/site-packages/airflow/example_dags/example_trigger_target_dag.py
[2024-04-25T13:34:52.346+0000] {processor.py:839} INFO - DAG(s) dict_keys(['example_trigger_target_dag']) retrieved from /home/airflow/.local/lib/python3.8/site-packages/airflow/example_dags/example_trigger_target_dag.py
[2024-04-25T13:34:52.387+0000] {logging_mixin.py:154} INFO - [2024-04-25T13:34:52.386+0000] {dag.py:2941} INFO - Sync 1 DAGs
[2024-04-25T13:34:52.405+0000] {logging_mixin.py:154} INFO - [2024-04-25T13:34:52.405+0000] {dag.py:3722} INFO - Setting next_dagrun for example_trigger_target_dag to None, run_after=None
[2024-04-25T13:34:52.437+0000] {processor.py:179} INFO - Processing /home/airflow/.local/lib/python3.8/site-packages/airflow/example_dags/example_trigger_target_dag.py took 0.117 seconds
[2024-04-25T13:35:23.168+0000] {processor.py:157} INFO - Started process (PID=4082) to work on /home/airflow/.local/lib/python3.8/site-packages/airflow/example_dags/example_trigger_target_dag.py
[2024-04-25T13:35:23.170+0000] {processor.py:829} INFO - Processing file /home/airflow/.local/lib/python3.8/site-packages/airflow/example_dags/example_trigger_target_dag.py for tasks to queue
[2024-04-25T13:35:23.172+0000] {logging_mixin.py:154} INFO - [2024-04-25T13:35:23.171+0000] {dagbag.py:536} INFO - Filling up the DagBag from /home/airflow/.local/lib/python3.8/site-packages/airflow/example_dags/example_trigger_target_dag.py
[2024-04-25T13:35:23.189+0000] {processor.py:839} INFO - DAG(s) dict_keys(['example_trigger_target_dag']) retrieved from /home/airflow/.local/lib/python3.8/site-packages/airflow/example_dags/example_trigger_target_dag.py
[2024-04-25T13:35:23.232+0000] {logging_mixin.py:154} INFO - [2024-04-25T13:35:23.231+0000] {dag.py:2941} INFO - Sync 1 DAGs
[2024-04-25T13:35:23.251+0000] {logging_mixin.py:154} INFO - [2024-04-25T13:35:23.250+0000] {dag.py:3722} INFO - Setting next_dagrun for example_trigger_target_dag to None, run_after=None
[2024-04-25T13:35:23.279+0000] {processor.py:179} INFO - Processing /home/airflow/.local/lib/python3.8/site-packages/airflow/example_dags/example_trigger_target_dag.py took 0.120 seconds
[2024-04-25T13:49:24.721+0000] {processor.py:157} INFO - Started process (PID=173) to work on /home/airflow/.local/lib/python3.8/site-packages/airflow/example_dags/example_trigger_target_dag.py
[2024-04-25T13:49:24.725+0000] {processor.py:829} INFO - Processing file /home/airflow/.local/lib/python3.8/site-packages/airflow/example_dags/example_trigger_target_dag.py for tasks to queue
[2024-04-25T13:49:24.727+0000] {logging_mixin.py:154} INFO - [2024-04-25T13:49:24.726+0000] {dagbag.py:536} INFO - Filling up the DagBag from /home/airflow/.local/lib/python3.8/site-packages/airflow/example_dags/example_trigger_target_dag.py
[2024-04-25T13:49:24.762+0000] {processor.py:839} INFO - DAG(s) dict_keys(['example_trigger_target_dag']) retrieved from /home/airflow/.local/lib/python3.8/site-packages/airflow/example_dags/example_trigger_target_dag.py
[2024-04-25T13:49:24.796+0000] {logging_mixin.py:154} INFO - [2024-04-25T13:49:24.796+0000] {dag.py:2941} INFO - Sync 1 DAGs
[2024-04-25T13:49:24.835+0000] {logging_mixin.py:154} INFO - [2024-04-25T13:49:24.834+0000] {dag.py:3722} INFO - Setting next_dagrun for example_trigger_target_dag to None, run_after=None
[2024-04-25T13:49:24.875+0000] {processor.py:179} INFO - Processing /home/airflow/.local/lib/python3.8/site-packages/airflow/example_dags/example_trigger_target_dag.py took 0.167 seconds
[2024-04-25T13:49:54.981+0000] {processor.py:157} INFO - Started process (PID=414) to work on /home/airflow/.local/lib/python3.8/site-packages/airflow/example_dags/example_trigger_target_dag.py
[2024-04-25T13:49:54.985+0000] {processor.py:829} INFO - Processing file /home/airflow/.local/lib/python3.8/site-packages/airflow/example_dags/example_trigger_target_dag.py for tasks to queue
[2024-04-25T13:49:54.986+0000] {logging_mixin.py:154} INFO - [2024-04-25T13:49:54.986+0000] {dagbag.py:536} INFO - Filling up the DagBag from /home/airflow/.local/lib/python3.8/site-packages/airflow/example_dags/example_trigger_target_dag.py
[2024-04-25T13:49:54.997+0000] {processor.py:839} INFO - DAG(s) dict_keys(['example_trigger_target_dag']) retrieved from /home/airflow/.local/lib/python3.8/site-packages/airflow/example_dags/example_trigger_target_dag.py
[2024-04-25T13:49:55.029+0000] {logging_mixin.py:154} INFO - [2024-04-25T13:49:55.029+0000] {dag.py:2941} INFO - Sync 1 DAGs
[2024-04-25T13:49:55.047+0000] {logging_mixin.py:154} INFO - [2024-04-25T13:49:55.047+0000] {dag.py:3722} INFO - Setting next_dagrun for example_trigger_target_dag to None, run_after=None
[2024-04-25T13:49:55.073+0000] {processor.py:179} INFO - Processing /home/airflow/.local/lib/python3.8/site-packages/airflow/example_dags/example_trigger_target_dag.py took 0.099 seconds
[2024-04-25T13:50:25.257+0000] {processor.py:157} INFO - Started process (PID=657) to work on /home/airflow/.local/lib/python3.8/site-packages/airflow/example_dags/example_trigger_target_dag.py
[2024-04-25T13:50:25.258+0000] {processor.py:829} INFO - Processing file /home/airflow/.local/lib/python3.8/site-packages/airflow/example_dags/example_trigger_target_dag.py for tasks to queue
[2024-04-25T13:50:25.259+0000] {logging_mixin.py:154} INFO - [2024-04-25T13:50:25.259+0000] {dagbag.py:536} INFO - Filling up the DagBag from /home/airflow/.local/lib/python3.8/site-packages/airflow/example_dags/example_trigger_target_dag.py
[2024-04-25T13:50:25.269+0000] {processor.py:839} INFO - DAG(s) dict_keys(['example_trigger_target_dag']) retrieved from /home/airflow/.local/lib/python3.8/site-packages/airflow/example_dags/example_trigger_target_dag.py
[2024-04-25T13:50:25.302+0000] {logging_mixin.py:154} INFO - [2024-04-25T13:50:25.302+0000] {dag.py:2941} INFO - Sync 1 DAGs
[2024-04-25T13:50:25.320+0000] {logging_mixin.py:154} INFO - [2024-04-25T13:50:25.320+0000] {dag.py:3722} INFO - Setting next_dagrun for example_trigger_target_dag to None, run_after=None
[2024-04-25T13:50:25.348+0000] {processor.py:179} INFO - Processing /home/airflow/.local/lib/python3.8/site-packages/airflow/example_dags/example_trigger_target_dag.py took 0.097 seconds
[2024-04-25T13:50:55.520+0000] {processor.py:157} INFO - Started process (PID=898) to work on /home/airflow/.local/lib/python3.8/site-packages/airflow/example_dags/example_trigger_target_dag.py
[2024-04-25T13:50:55.522+0000] {processor.py:829} INFO - Processing file /home/airflow/.local/lib/python3.8/site-packages/airflow/example_dags/example_trigger_target_dag.py for tasks to queue
[2024-04-25T13:50:55.524+0000] {logging_mixin.py:154} INFO - [2024-04-25T13:50:55.523+0000] {dagbag.py:536} INFO - Filling up the DagBag from /home/airflow/.local/lib/python3.8/site-packages/airflow/example_dags/example_trigger_target_dag.py
[2024-04-25T13:50:55.534+0000] {processor.py:839} INFO - DAG(s) dict_keys(['example_trigger_target_dag']) retrieved from /home/airflow/.local/lib/python3.8/site-packages/airflow/example_dags/example_trigger_target_dag.py
[2024-04-25T13:50:55.574+0000] {logging_mixin.py:154} INFO - [2024-04-25T13:50:55.573+0000] {dag.py:2941} INFO - Sync 1 DAGs
[2024-04-25T13:50:55.597+0000] {logging_mixin.py:154} INFO - [2024-04-25T13:50:55.597+0000] {dag.py:3722} INFO - Setting next_dagrun for example_trigger_target_dag to None, run_after=None
[2024-04-25T13:50:55.626+0000] {processor.py:179} INFO - Processing /home/airflow/.local/lib/python3.8/site-packages/airflow/example_dags/example_trigger_target_dag.py took 0.115 seconds
[2024-04-25T13:51:25.984+0000] {processor.py:157} INFO - Started process (PID=1141) to work on /home/airflow/.local/lib/python3.8/site-packages/airflow/example_dags/example_trigger_target_dag.py
[2024-04-25T13:51:25.986+0000] {processor.py:829} INFO - Processing file /home/airflow/.local/lib/python3.8/site-packages/airflow/example_dags/example_trigger_target_dag.py for tasks to queue
[2024-04-25T13:51:25.987+0000] {logging_mixin.py:154} INFO - [2024-04-25T13:51:25.987+0000] {dagbag.py:536} INFO - Filling up the DagBag from /home/airflow/.local/lib/python3.8/site-packages/airflow/example_dags/example_trigger_target_dag.py
[2024-04-25T13:51:26.000+0000] {processor.py:839} INFO - DAG(s) dict_keys(['example_trigger_target_dag']) retrieved from /home/airflow/.local/lib/python3.8/site-packages/airflow/example_dags/example_trigger_target_dag.py
[2024-04-25T13:51:26.035+0000] {logging_mixin.py:154} INFO - [2024-04-25T13:51:26.035+0000] {dag.py:2941} INFO - Sync 1 DAGs
[2024-04-25T13:51:26.054+0000] {logging_mixin.py:154} INFO - [2024-04-25T13:51:26.054+0000] {dag.py:3722} INFO - Setting next_dagrun for example_trigger_target_dag to None, run_after=None
[2024-04-25T13:51:26.083+0000] {processor.py:179} INFO - Processing /home/airflow/.local/lib/python3.8/site-packages/airflow/example_dags/example_trigger_target_dag.py took 0.107 seconds
[2024-04-25T13:51:56.224+0000] {processor.py:157} INFO - Started process (PID=1384) to work on /home/airflow/.local/lib/python3.8/site-packages/airflow/example_dags/example_trigger_target_dag.py
[2024-04-25T13:51:56.225+0000] {processor.py:829} INFO - Processing file /home/airflow/.local/lib/python3.8/site-packages/airflow/example_dags/example_trigger_target_dag.py for tasks to queue
[2024-04-25T13:51:56.227+0000] {logging_mixin.py:154} INFO - [2024-04-25T13:51:56.226+0000] {dagbag.py:536} INFO - Filling up the DagBag from /home/airflow/.local/lib/python3.8/site-packages/airflow/example_dags/example_trigger_target_dag.py
[2024-04-25T13:51:56.238+0000] {processor.py:839} INFO - DAG(s) dict_keys(['example_trigger_target_dag']) retrieved from /home/airflow/.local/lib/python3.8/site-packages/airflow/example_dags/example_trigger_target_dag.py
[2024-04-25T13:51:56.273+0000] {logging_mixin.py:154} INFO - [2024-04-25T13:51:56.273+0000] {dag.py:2941} INFO - Sync 1 DAGs
[2024-04-25T13:51:56.290+0000] {logging_mixin.py:154} INFO - [2024-04-25T13:51:56.290+0000] {dag.py:3722} INFO - Setting next_dagrun for example_trigger_target_dag to None, run_after=None
[2024-04-25T13:51:56.317+0000] {processor.py:179} INFO - Processing /home/airflow/.local/lib/python3.8/site-packages/airflow/example_dags/example_trigger_target_dag.py took 0.101 seconds
[2024-04-25T13:52:27.032+0000] {processor.py:157} INFO - Started process (PID=1631) to work on /home/airflow/.local/lib/python3.8/site-packages/airflow/example_dags/example_trigger_target_dag.py
[2024-04-25T13:52:27.034+0000] {processor.py:829} INFO - Processing file /home/airflow/.local/lib/python3.8/site-packages/airflow/example_dags/example_trigger_target_dag.py for tasks to queue
[2024-04-25T13:52:27.035+0000] {logging_mixin.py:154} INFO - [2024-04-25T13:52:27.035+0000] {dagbag.py:536} INFO - Filling up the DagBag from /home/airflow/.local/lib/python3.8/site-packages/airflow/example_dags/example_trigger_target_dag.py
[2024-04-25T13:52:27.048+0000] {processor.py:839} INFO - DAG(s) dict_keys(['example_trigger_target_dag']) retrieved from /home/airflow/.local/lib/python3.8/site-packages/airflow/example_dags/example_trigger_target_dag.py
[2024-04-25T13:52:27.091+0000] {logging_mixin.py:154} INFO - [2024-04-25T13:52:27.091+0000] {dag.py:2941} INFO - Sync 1 DAGs
[2024-04-25T13:52:27.117+0000] {logging_mixin.py:154} INFO - [2024-04-25T13:52:27.117+0000] {dag.py:3722} INFO - Setting next_dagrun for example_trigger_target_dag to None, run_after=None
[2024-04-25T13:52:27.154+0000] {processor.py:179} INFO - Processing /home/airflow/.local/lib/python3.8/site-packages/airflow/example_dags/example_trigger_target_dag.py took 0.128 seconds
[2024-04-25T13:52:57.697+0000] {processor.py:157} INFO - Started process (PID=1877) to work on /home/airflow/.local/lib/python3.8/site-packages/airflow/example_dags/example_trigger_target_dag.py
[2024-04-25T13:52:57.701+0000] {processor.py:829} INFO - Processing file /home/airflow/.local/lib/python3.8/site-packages/airflow/example_dags/example_trigger_target_dag.py for tasks to queue
[2024-04-25T13:52:57.703+0000] {logging_mixin.py:154} INFO - [2024-04-25T13:52:57.702+0000] {dagbag.py:536} INFO - Filling up the DagBag from /home/airflow/.local/lib/python3.8/site-packages/airflow/example_dags/example_trigger_target_dag.py
[2024-04-25T13:52:57.727+0000] {processor.py:839} INFO - DAG(s) dict_keys(['example_trigger_target_dag']) retrieved from /home/airflow/.local/lib/python3.8/site-packages/airflow/example_dags/example_trigger_target_dag.py
[2024-04-25T13:52:57.785+0000] {logging_mixin.py:154} INFO - [2024-04-25T13:52:57.785+0000] {dag.py:2941} INFO - Sync 1 DAGs
[2024-04-25T13:52:57.821+0000] {logging_mixin.py:154} INFO - [2024-04-25T13:52:57.821+0000] {dag.py:3722} INFO - Setting next_dagrun for example_trigger_target_dag to None, run_after=None
[2024-04-25T13:52:57.876+0000] {processor.py:179} INFO - Processing /home/airflow/.local/lib/python3.8/site-packages/airflow/example_dags/example_trigger_target_dag.py took 0.225 seconds
[2024-04-25T13:53:27.953+0000] {processor.py:157} INFO - Started process (PID=2120) to work on /home/airflow/.local/lib/python3.8/site-packages/airflow/example_dags/example_trigger_target_dag.py
[2024-04-25T13:53:27.957+0000] {processor.py:829} INFO - Processing file /home/airflow/.local/lib/python3.8/site-packages/airflow/example_dags/example_trigger_target_dag.py for tasks to queue
[2024-04-25T13:53:27.958+0000] {logging_mixin.py:154} INFO - [2024-04-25T13:53:27.958+0000] {dagbag.py:536} INFO - Filling up the DagBag from /home/airflow/.local/lib/python3.8/site-packages/airflow/example_dags/example_trigger_target_dag.py
[2024-04-25T13:53:27.969+0000] {processor.py:839} INFO - DAG(s) dict_keys(['example_trigger_target_dag']) retrieved from /home/airflow/.local/lib/python3.8/site-packages/airflow/example_dags/example_trigger_target_dag.py
[2024-04-25T13:53:28.004+0000] {logging_mixin.py:154} INFO - [2024-04-25T13:53:28.004+0000] {dag.py:2941} INFO - Sync 1 DAGs
[2024-04-25T13:53:28.022+0000] {logging_mixin.py:154} INFO - [2024-04-25T13:53:28.022+0000] {dag.py:3722} INFO - Setting next_dagrun for example_trigger_target_dag to None, run_after=None
[2024-04-25T13:53:28.055+0000] {processor.py:179} INFO - Processing /home/airflow/.local/lib/python3.8/site-packages/airflow/example_dags/example_trigger_target_dag.py took 0.113 seconds
