[2024-04-25T12:37:58.511+0000] {processor.py:157} INFO - Started process (PID=190) to work on /home/airflow/.local/lib/python3.8/site-packages/airflow/example_dags/example_nested_branch_dag.py
[2024-04-25T12:37:58.513+0000] {processor.py:829} INFO - Processing file /home/airflow/.local/lib/python3.8/site-packages/airflow/example_dags/example_nested_branch_dag.py for tasks to queue
[2024-04-25T12:37:58.514+0000] {logging_mixin.py:154} INFO - [2024-04-25T12:37:58.514+0000] {dagbag.py:536} INFO - Filling up the DagBag from /home/airflow/.local/lib/python3.8/site-packages/airflow/example_dags/example_nested_branch_dag.py
[2024-04-25T12:37:58.540+0000] {processor.py:839} INFO - DAG(s) dict_keys(['example_nested_branch_dag']) retrieved from /home/airflow/.local/lib/python3.8/site-packages/airflow/example_dags/example_nested_branch_dag.py
[2024-04-25T12:37:58.750+0000] {logging_mixin.py:154} INFO - [2024-04-25T12:37:58.750+0000] {manager.py:499} INFO - Created Permission View: %s
[2024-04-25T12:37:58.768+0000] {logging_mixin.py:154} INFO - [2024-04-25T12:37:58.768+0000] {manager.py:499} INFO - Created Permission View: %s
[2024-04-25T12:37:58.781+0000] {logging_mixin.py:154} INFO - [2024-04-25T12:37:58.781+0000] {manager.py:499} INFO - Created Permission View: %s
[2024-04-25T12:37:58.782+0000] {logging_mixin.py:154} INFO - [2024-04-25T12:37:58.781+0000] {dag.py:2941} INFO - Sync 1 DAGs
[2024-04-25T12:37:58.803+0000] {logging_mixin.py:154} INFO - [2024-04-25T12:37:58.803+0000] {dag.py:2963} INFO - Creating ORM DAG for example_nested_branch_dag
[2024-04-25T12:37:58.824+0000] {logging_mixin.py:154} INFO - [2024-04-25T12:37:58.824+0000] {dag.py:3722} INFO - Setting next_dagrun for example_nested_branch_dag to 2024-04-24T00:00:00+00:00, run_after=2024-04-25T00:00:00+00:00
[2024-04-25T12:37:58.859+0000] {processor.py:179} INFO - Processing /home/airflow/.local/lib/python3.8/site-packages/airflow/example_dags/example_nested_branch_dag.py took 0.355 seconds
[2024-04-25T12:38:29.472+0000] {processor.py:157} INFO - Started process (PID=433) to work on /home/airflow/.local/lib/python3.8/site-packages/airflow/example_dags/example_nested_branch_dag.py
[2024-04-25T12:38:29.473+0000] {processor.py:829} INFO - Processing file /home/airflow/.local/lib/python3.8/site-packages/airflow/example_dags/example_nested_branch_dag.py for tasks to queue
[2024-04-25T12:38:29.475+0000] {logging_mixin.py:154} INFO - [2024-04-25T12:38:29.474+0000] {dagbag.py:536} INFO - Filling up the DagBag from /home/airflow/.local/lib/python3.8/site-packages/airflow/example_dags/example_nested_branch_dag.py
[2024-04-25T12:38:29.501+0000] {processor.py:839} INFO - DAG(s) dict_keys(['example_nested_branch_dag']) retrieved from /home/airflow/.local/lib/python3.8/site-packages/airflow/example_dags/example_nested_branch_dag.py
[2024-04-25T12:38:29.545+0000] {logging_mixin.py:154} INFO - [2024-04-25T12:38:29.545+0000] {dag.py:2941} INFO - Sync 1 DAGs
[2024-04-25T12:38:29.587+0000] {logging_mixin.py:154} INFO - [2024-04-25T12:38:29.587+0000] {dag.py:3722} INFO - Setting next_dagrun for example_nested_branch_dag to 2024-04-24T00:00:00+00:00, run_after=2024-04-25T00:00:00+00:00
[2024-04-25T12:38:29.620+0000] {processor.py:179} INFO - Processing /home/airflow/.local/lib/python3.8/site-packages/airflow/example_dags/example_nested_branch_dag.py took 0.155 seconds
[2024-04-25T12:38:59.899+0000] {processor.py:157} INFO - Started process (PID=677) to work on /home/airflow/.local/lib/python3.8/site-packages/airflow/example_dags/example_nested_branch_dag.py
[2024-04-25T12:38:59.903+0000] {processor.py:829} INFO - Processing file /home/airflow/.local/lib/python3.8/site-packages/airflow/example_dags/example_nested_branch_dag.py for tasks to queue
[2024-04-25T12:38:59.904+0000] {logging_mixin.py:154} INFO - [2024-04-25T12:38:59.904+0000] {dagbag.py:536} INFO - Filling up the DagBag from /home/airflow/.local/lib/python3.8/site-packages/airflow/example_dags/example_nested_branch_dag.py
[2024-04-25T12:38:59.920+0000] {processor.py:839} INFO - DAG(s) dict_keys(['example_nested_branch_dag']) retrieved from /home/airflow/.local/lib/python3.8/site-packages/airflow/example_dags/example_nested_branch_dag.py
[2024-04-25T12:38:59.962+0000] {logging_mixin.py:154} INFO - [2024-04-25T12:38:59.961+0000] {dag.py:2941} INFO - Sync 1 DAGs
[2024-04-25T12:39:00.001+0000] {logging_mixin.py:154} INFO - [2024-04-25T12:39:00.000+0000] {dag.py:3722} INFO - Setting next_dagrun for example_nested_branch_dag to 2024-04-24T00:00:00+00:00, run_after=2024-04-25T00:00:00+00:00
[2024-04-25T12:39:00.030+0000] {processor.py:179} INFO - Processing /home/airflow/.local/lib/python3.8/site-packages/airflow/example_dags/example_nested_branch_dag.py took 0.137 seconds
[2024-04-25T12:39:30.269+0000] {processor.py:157} INFO - Started process (PID=918) to work on /home/airflow/.local/lib/python3.8/site-packages/airflow/example_dags/example_nested_branch_dag.py
[2024-04-25T12:39:30.271+0000] {processor.py:829} INFO - Processing file /home/airflow/.local/lib/python3.8/site-packages/airflow/example_dags/example_nested_branch_dag.py for tasks to queue
[2024-04-25T12:39:30.274+0000] {logging_mixin.py:154} INFO - [2024-04-25T12:39:30.273+0000] {dagbag.py:536} INFO - Filling up the DagBag from /home/airflow/.local/lib/python3.8/site-packages/airflow/example_dags/example_nested_branch_dag.py
[2024-04-25T12:39:30.306+0000] {processor.py:839} INFO - DAG(s) dict_keys(['example_nested_branch_dag']) retrieved from /home/airflow/.local/lib/python3.8/site-packages/airflow/example_dags/example_nested_branch_dag.py
[2024-04-25T12:39:30.365+0000] {logging_mixin.py:154} INFO - [2024-04-25T12:39:30.365+0000] {dag.py:2941} INFO - Sync 1 DAGs
[2024-04-25T12:39:30.410+0000] {logging_mixin.py:154} INFO - [2024-04-25T12:39:30.409+0000] {dag.py:3722} INFO - Setting next_dagrun for example_nested_branch_dag to 2024-04-24T00:00:00+00:00, run_after=2024-04-25T00:00:00+00:00
[2024-04-25T12:39:30.445+0000] {processor.py:179} INFO - Processing /home/airflow/.local/lib/python3.8/site-packages/airflow/example_dags/example_nested_branch_dag.py took 0.185 seconds
[2024-04-25T12:40:01.338+0000] {processor.py:157} INFO - Started process (PID=1161) to work on /home/airflow/.local/lib/python3.8/site-packages/airflow/example_dags/example_nested_branch_dag.py
[2024-04-25T12:40:01.341+0000] {processor.py:829} INFO - Processing file /home/airflow/.local/lib/python3.8/site-packages/airflow/example_dags/example_nested_branch_dag.py for tasks to queue
[2024-04-25T12:40:01.343+0000] {logging_mixin.py:154} INFO - [2024-04-25T12:40:01.342+0000] {dagbag.py:536} INFO - Filling up the DagBag from /home/airflow/.local/lib/python3.8/site-packages/airflow/example_dags/example_nested_branch_dag.py
[2024-04-25T12:40:01.358+0000] {processor.py:839} INFO - DAG(s) dict_keys(['example_nested_branch_dag']) retrieved from /home/airflow/.local/lib/python3.8/site-packages/airflow/example_dags/example_nested_branch_dag.py
[2024-04-25T12:40:01.395+0000] {logging_mixin.py:154} INFO - [2024-04-25T12:40:01.395+0000] {dag.py:2941} INFO - Sync 1 DAGs
[2024-04-25T12:40:01.433+0000] {logging_mixin.py:154} INFO - [2024-04-25T12:40:01.433+0000] {dag.py:3722} INFO - Setting next_dagrun for example_nested_branch_dag to 2024-04-24T00:00:00+00:00, run_after=2024-04-25T00:00:00+00:00
[2024-04-25T12:40:01.463+0000] {processor.py:179} INFO - Processing /home/airflow/.local/lib/python3.8/site-packages/airflow/example_dags/example_nested_branch_dag.py took 0.133 seconds
[2024-04-25T12:40:31.545+0000] {processor.py:157} INFO - Started process (PID=1401) to work on /home/airflow/.local/lib/python3.8/site-packages/airflow/example_dags/example_nested_branch_dag.py
[2024-04-25T12:40:31.547+0000] {processor.py:829} INFO - Processing file /home/airflow/.local/lib/python3.8/site-packages/airflow/example_dags/example_nested_branch_dag.py for tasks to queue
[2024-04-25T12:40:31.548+0000] {logging_mixin.py:154} INFO - [2024-04-25T12:40:31.548+0000] {dagbag.py:536} INFO - Filling up the DagBag from /home/airflow/.local/lib/python3.8/site-packages/airflow/example_dags/example_nested_branch_dag.py
[2024-04-25T12:40:31.563+0000] {processor.py:839} INFO - DAG(s) dict_keys(['example_nested_branch_dag']) retrieved from /home/airflow/.local/lib/python3.8/site-packages/airflow/example_dags/example_nested_branch_dag.py
[2024-04-25T12:40:31.598+0000] {logging_mixin.py:154} INFO - [2024-04-25T12:40:31.597+0000] {dag.py:2941} INFO - Sync 1 DAGs
[2024-04-25T12:40:31.630+0000] {logging_mixin.py:154} INFO - [2024-04-25T12:40:31.630+0000] {dag.py:3722} INFO - Setting next_dagrun for example_nested_branch_dag to 2024-04-24T00:00:00+00:00, run_after=2024-04-25T00:00:00+00:00
[2024-04-25T12:40:31.663+0000] {processor.py:179} INFO - Processing /home/airflow/.local/lib/python3.8/site-packages/airflow/example_dags/example_nested_branch_dag.py took 0.124 seconds
[2024-04-25T12:41:02.034+0000] {processor.py:157} INFO - Started process (PID=1644) to work on /home/airflow/.local/lib/python3.8/site-packages/airflow/example_dags/example_nested_branch_dag.py
[2024-04-25T12:41:02.036+0000] {processor.py:829} INFO - Processing file /home/airflow/.local/lib/python3.8/site-packages/airflow/example_dags/example_nested_branch_dag.py for tasks to queue
[2024-04-25T12:41:02.038+0000] {logging_mixin.py:154} INFO - [2024-04-25T12:41:02.038+0000] {dagbag.py:536} INFO - Filling up the DagBag from /home/airflow/.local/lib/python3.8/site-packages/airflow/example_dags/example_nested_branch_dag.py
[2024-04-25T12:41:02.054+0000] {processor.py:839} INFO - DAG(s) dict_keys(['example_nested_branch_dag']) retrieved from /home/airflow/.local/lib/python3.8/site-packages/airflow/example_dags/example_nested_branch_dag.py
[2024-04-25T12:41:02.092+0000] {logging_mixin.py:154} INFO - [2024-04-25T12:41:02.092+0000] {dag.py:2941} INFO - Sync 1 DAGs
[2024-04-25T12:41:02.128+0000] {logging_mixin.py:154} INFO - [2024-04-25T12:41:02.128+0000] {dag.py:3722} INFO - Setting next_dagrun for example_nested_branch_dag to 2024-04-24T00:00:00+00:00, run_after=2024-04-25T00:00:00+00:00
[2024-04-25T12:41:02.158+0000] {processor.py:179} INFO - Processing /home/airflow/.local/lib/python3.8/site-packages/airflow/example_dags/example_nested_branch_dag.py took 0.130 seconds
[2024-04-25T12:41:32.236+0000] {processor.py:157} INFO - Started process (PID=1887) to work on /home/airflow/.local/lib/python3.8/site-packages/airflow/example_dags/example_nested_branch_dag.py
[2024-04-25T12:41:32.238+0000] {processor.py:829} INFO - Processing file /home/airflow/.local/lib/python3.8/site-packages/airflow/example_dags/example_nested_branch_dag.py for tasks to queue
[2024-04-25T12:41:32.240+0000] {logging_mixin.py:154} INFO - [2024-04-25T12:41:32.239+0000] {dagbag.py:536} INFO - Filling up the DagBag from /home/airflow/.local/lib/python3.8/site-packages/airflow/example_dags/example_nested_branch_dag.py
[2024-04-25T12:41:32.258+0000] {processor.py:839} INFO - DAG(s) dict_keys(['example_nested_branch_dag']) retrieved from /home/airflow/.local/lib/python3.8/site-packages/airflow/example_dags/example_nested_branch_dag.py
[2024-04-25T12:41:32.296+0000] {logging_mixin.py:154} INFO - [2024-04-25T12:41:32.295+0000] {dag.py:2941} INFO - Sync 1 DAGs
[2024-04-25T12:41:32.328+0000] {logging_mixin.py:154} INFO - [2024-04-25T12:41:32.328+0000] {dag.py:3722} INFO - Setting next_dagrun for example_nested_branch_dag to 2024-04-24T00:00:00+00:00, run_after=2024-04-25T00:00:00+00:00
[2024-04-25T12:41:32.354+0000] {processor.py:179} INFO - Processing /home/airflow/.local/lib/python3.8/site-packages/airflow/example_dags/example_nested_branch_dag.py took 0.127 seconds
[2024-04-25T12:42:02.720+0000] {processor.py:157} INFO - Started process (PID=2134) to work on /home/airflow/.local/lib/python3.8/site-packages/airflow/example_dags/example_nested_branch_dag.py
[2024-04-25T12:42:02.724+0000] {processor.py:829} INFO - Processing file /home/airflow/.local/lib/python3.8/site-packages/airflow/example_dags/example_nested_branch_dag.py for tasks to queue
[2024-04-25T12:42:02.725+0000] {logging_mixin.py:154} INFO - [2024-04-25T12:42:02.725+0000] {dagbag.py:536} INFO - Filling up the DagBag from /home/airflow/.local/lib/python3.8/site-packages/airflow/example_dags/example_nested_branch_dag.py
[2024-04-25T12:42:02.749+0000] {processor.py:839} INFO - DAG(s) dict_keys(['example_nested_branch_dag']) retrieved from /home/airflow/.local/lib/python3.8/site-packages/airflow/example_dags/example_nested_branch_dag.py
[2024-04-25T12:42:02.805+0000] {logging_mixin.py:154} INFO - [2024-04-25T12:42:02.804+0000] {dag.py:2941} INFO - Sync 1 DAGs
[2024-04-25T12:42:02.862+0000] {logging_mixin.py:154} INFO - [2024-04-25T12:42:02.861+0000] {dag.py:3722} INFO - Setting next_dagrun for example_nested_branch_dag to 2024-04-24T00:00:00+00:00, run_after=2024-04-25T00:00:00+00:00
[2024-04-25T12:42:02.912+0000] {processor.py:179} INFO - Processing /home/airflow/.local/lib/python3.8/site-packages/airflow/example_dags/example_nested_branch_dag.py took 0.201 seconds
[2024-04-25T12:42:33.415+0000] {processor.py:157} INFO - Started process (PID=2382) to work on /home/airflow/.local/lib/python3.8/site-packages/airflow/example_dags/example_nested_branch_dag.py
[2024-04-25T12:42:33.417+0000] {processor.py:829} INFO - Processing file /home/airflow/.local/lib/python3.8/site-packages/airflow/example_dags/example_nested_branch_dag.py for tasks to queue
[2024-04-25T12:42:33.418+0000] {logging_mixin.py:154} INFO - [2024-04-25T12:42:33.418+0000] {dagbag.py:536} INFO - Filling up the DagBag from /home/airflow/.local/lib/python3.8/site-packages/airflow/example_dags/example_nested_branch_dag.py
[2024-04-25T12:42:33.437+0000] {processor.py:839} INFO - DAG(s) dict_keys(['example_nested_branch_dag']) retrieved from /home/airflow/.local/lib/python3.8/site-packages/airflow/example_dags/example_nested_branch_dag.py
[2024-04-25T12:42:33.479+0000] {logging_mixin.py:154} INFO - [2024-04-25T12:42:33.478+0000] {dag.py:2941} INFO - Sync 1 DAGs
[2024-04-25T12:42:33.518+0000] {logging_mixin.py:154} INFO - [2024-04-25T12:42:33.518+0000] {dag.py:3722} INFO - Setting next_dagrun for example_nested_branch_dag to 2024-04-24T00:00:00+00:00, run_after=2024-04-25T00:00:00+00:00
[2024-04-25T12:42:33.551+0000] {processor.py:179} INFO - Processing /home/airflow/.local/lib/python3.8/site-packages/airflow/example_dags/example_nested_branch_dag.py took 0.142 seconds
[2024-04-25T12:43:04.291+0000] {processor.py:157} INFO - Started process (PID=2625) to work on /home/airflow/.local/lib/python3.8/site-packages/airflow/example_dags/example_nested_branch_dag.py
[2024-04-25T12:43:04.295+0000] {processor.py:829} INFO - Processing file /home/airflow/.local/lib/python3.8/site-packages/airflow/example_dags/example_nested_branch_dag.py for tasks to queue
[2024-04-25T12:43:04.297+0000] {logging_mixin.py:154} INFO - [2024-04-25T12:43:04.296+0000] {dagbag.py:536} INFO - Filling up the DagBag from /home/airflow/.local/lib/python3.8/site-packages/airflow/example_dags/example_nested_branch_dag.py
[2024-04-25T12:43:04.312+0000] {processor.py:839} INFO - DAG(s) dict_keys(['example_nested_branch_dag']) retrieved from /home/airflow/.local/lib/python3.8/site-packages/airflow/example_dags/example_nested_branch_dag.py
[2024-04-25T12:43:04.349+0000] {logging_mixin.py:154} INFO - [2024-04-25T12:43:04.348+0000] {dag.py:2941} INFO - Sync 1 DAGs
[2024-04-25T12:43:04.386+0000] {logging_mixin.py:154} INFO - [2024-04-25T12:43:04.386+0000] {dag.py:3722} INFO - Setting next_dagrun for example_nested_branch_dag to 2024-04-24T00:00:00+00:00, run_after=2024-04-25T00:00:00+00:00
[2024-04-25T12:43:04.416+0000] {processor.py:179} INFO - Processing /home/airflow/.local/lib/python3.8/site-packages/airflow/example_dags/example_nested_branch_dag.py took 0.134 seconds
[2024-04-25T12:43:35.095+0000] {processor.py:157} INFO - Started process (PID=2874) to work on /home/airflow/.local/lib/python3.8/site-packages/airflow/example_dags/example_nested_branch_dag.py
[2024-04-25T12:43:35.098+0000] {processor.py:829} INFO - Processing file /home/airflow/.local/lib/python3.8/site-packages/airflow/example_dags/example_nested_branch_dag.py for tasks to queue
[2024-04-25T12:43:35.100+0000] {logging_mixin.py:154} INFO - [2024-04-25T12:43:35.100+0000] {dagbag.py:536} INFO - Filling up the DagBag from /home/airflow/.local/lib/python3.8/site-packages/airflow/example_dags/example_nested_branch_dag.py
[2024-04-25T12:43:35.119+0000] {processor.py:839} INFO - DAG(s) dict_keys(['example_nested_branch_dag']) retrieved from /home/airflow/.local/lib/python3.8/site-packages/airflow/example_dags/example_nested_branch_dag.py
[2024-04-25T12:43:35.170+0000] {logging_mixin.py:154} INFO - [2024-04-25T12:43:35.169+0000] {dag.py:2941} INFO - Sync 1 DAGs
[2024-04-25T12:43:35.220+0000] {logging_mixin.py:154} INFO - [2024-04-25T12:43:35.220+0000] {dag.py:3722} INFO - Setting next_dagrun for example_nested_branch_dag to 2024-04-24T00:00:00+00:00, run_after=2024-04-25T00:00:00+00:00
[2024-04-25T12:43:35.263+0000] {processor.py:179} INFO - Processing /home/airflow/.local/lib/python3.8/site-packages/airflow/example_dags/example_nested_branch_dag.py took 0.176 seconds
[2024-04-25T12:44:05.337+0000] {processor.py:157} INFO - Started process (PID=3119) to work on /home/airflow/.local/lib/python3.8/site-packages/airflow/example_dags/example_nested_branch_dag.py
[2024-04-25T12:44:05.344+0000] {processor.py:829} INFO - Processing file /home/airflow/.local/lib/python3.8/site-packages/airflow/example_dags/example_nested_branch_dag.py for tasks to queue
[2024-04-25T12:44:05.346+0000] {logging_mixin.py:154} INFO - [2024-04-25T12:44:05.345+0000] {dagbag.py:536} INFO - Filling up the DagBag from /home/airflow/.local/lib/python3.8/site-packages/airflow/example_dags/example_nested_branch_dag.py
[2024-04-25T12:44:05.370+0000] {processor.py:839} INFO - DAG(s) dict_keys(['example_nested_branch_dag']) retrieved from /home/airflow/.local/lib/python3.8/site-packages/airflow/example_dags/example_nested_branch_dag.py
[2024-04-25T12:44:05.423+0000] {logging_mixin.py:154} INFO - [2024-04-25T12:44:05.422+0000] {dag.py:2941} INFO - Sync 1 DAGs
[2024-04-25T12:44:05.475+0000] {logging_mixin.py:154} INFO - [2024-04-25T12:44:05.474+0000] {dag.py:3722} INFO - Setting next_dagrun for example_nested_branch_dag to 2024-04-24T00:00:00+00:00, run_after=2024-04-25T00:00:00+00:00
[2024-04-25T12:44:05.512+0000] {processor.py:179} INFO - Processing /home/airflow/.local/lib/python3.8/site-packages/airflow/example_dags/example_nested_branch_dag.py took 0.183 seconds
[2024-04-25T12:44:35.897+0000] {processor.py:157} INFO - Started process (PID=3366) to work on /home/airflow/.local/lib/python3.8/site-packages/airflow/example_dags/example_nested_branch_dag.py
[2024-04-25T12:44:35.899+0000] {processor.py:829} INFO - Processing file /home/airflow/.local/lib/python3.8/site-packages/airflow/example_dags/example_nested_branch_dag.py for tasks to queue
[2024-04-25T12:44:35.901+0000] {logging_mixin.py:154} INFO - [2024-04-25T12:44:35.900+0000] {dagbag.py:536} INFO - Filling up the DagBag from /home/airflow/.local/lib/python3.8/site-packages/airflow/example_dags/example_nested_branch_dag.py
[2024-04-25T12:44:35.925+0000] {processor.py:839} INFO - DAG(s) dict_keys(['example_nested_branch_dag']) retrieved from /home/airflow/.local/lib/python3.8/site-packages/airflow/example_dags/example_nested_branch_dag.py
[2024-04-25T12:44:35.973+0000] {logging_mixin.py:154} INFO - [2024-04-25T12:44:35.972+0000] {dag.py:2941} INFO - Sync 1 DAGs
[2024-04-25T12:44:36.019+0000] {logging_mixin.py:154} INFO - [2024-04-25T12:44:36.019+0000] {dag.py:3722} INFO - Setting next_dagrun for example_nested_branch_dag to 2024-04-24T00:00:00+00:00, run_after=2024-04-25T00:00:00+00:00
[2024-04-25T12:44:36.052+0000] {processor.py:179} INFO - Processing /home/airflow/.local/lib/python3.8/site-packages/airflow/example_dags/example_nested_branch_dag.py took 0.161 seconds
[2024-04-25T12:45:06.591+0000] {processor.py:157} INFO - Started process (PID=3609) to work on /home/airflow/.local/lib/python3.8/site-packages/airflow/example_dags/example_nested_branch_dag.py
[2024-04-25T12:45:06.594+0000] {processor.py:829} INFO - Processing file /home/airflow/.local/lib/python3.8/site-packages/airflow/example_dags/example_nested_branch_dag.py for tasks to queue
[2024-04-25T12:45:06.596+0000] {logging_mixin.py:154} INFO - [2024-04-25T12:45:06.595+0000] {dagbag.py:536} INFO - Filling up the DagBag from /home/airflow/.local/lib/python3.8/site-packages/airflow/example_dags/example_nested_branch_dag.py
[2024-04-25T12:45:06.613+0000] {processor.py:839} INFO - DAG(s) dict_keys(['example_nested_branch_dag']) retrieved from /home/airflow/.local/lib/python3.8/site-packages/airflow/example_dags/example_nested_branch_dag.py
[2024-04-25T12:45:06.648+0000] {logging_mixin.py:154} INFO - [2024-04-25T12:45:06.648+0000] {dag.py:2941} INFO - Sync 1 DAGs
[2024-04-25T12:45:06.680+0000] {logging_mixin.py:154} INFO - [2024-04-25T12:45:06.679+0000] {dag.py:3722} INFO - Setting next_dagrun for example_nested_branch_dag to 2024-04-24T00:00:00+00:00, run_after=2024-04-25T00:00:00+00:00
[2024-04-25T12:45:06.707+0000] {processor.py:179} INFO - Processing /home/airflow/.local/lib/python3.8/site-packages/airflow/example_dags/example_nested_branch_dag.py took 0.124 seconds
[2024-04-25T12:45:37.524+0000] {processor.py:157} INFO - Started process (PID=3853) to work on /home/airflow/.local/lib/python3.8/site-packages/airflow/example_dags/example_nested_branch_dag.py
[2024-04-25T12:45:37.527+0000] {processor.py:829} INFO - Processing file /home/airflow/.local/lib/python3.8/site-packages/airflow/example_dags/example_nested_branch_dag.py for tasks to queue
[2024-04-25T12:45:37.528+0000] {logging_mixin.py:154} INFO - [2024-04-25T12:45:37.528+0000] {dagbag.py:536} INFO - Filling up the DagBag from /home/airflow/.local/lib/python3.8/site-packages/airflow/example_dags/example_nested_branch_dag.py
[2024-04-25T12:45:37.545+0000] {processor.py:839} INFO - DAG(s) dict_keys(['example_nested_branch_dag']) retrieved from /home/airflow/.local/lib/python3.8/site-packages/airflow/example_dags/example_nested_branch_dag.py
[2024-04-25T12:45:37.583+0000] {logging_mixin.py:154} INFO - [2024-04-25T12:45:37.583+0000] {dag.py:2941} INFO - Sync 1 DAGs
[2024-04-25T12:45:37.614+0000] {logging_mixin.py:154} INFO - [2024-04-25T12:45:37.613+0000] {dag.py:3722} INFO - Setting next_dagrun for example_nested_branch_dag to 2024-04-24T00:00:00+00:00, run_after=2024-04-25T00:00:00+00:00
[2024-04-25T12:45:37.643+0000] {processor.py:179} INFO - Processing /home/airflow/.local/lib/python3.8/site-packages/airflow/example_dags/example_nested_branch_dag.py took 0.128 seconds
[2024-04-25T12:46:08.418+0000] {processor.py:157} INFO - Started process (PID=4096) to work on /home/airflow/.local/lib/python3.8/site-packages/airflow/example_dags/example_nested_branch_dag.py
[2024-04-25T12:46:08.421+0000] {processor.py:829} INFO - Processing file /home/airflow/.local/lib/python3.8/site-packages/airflow/example_dags/example_nested_branch_dag.py for tasks to queue
[2024-04-25T12:46:08.423+0000] {logging_mixin.py:154} INFO - [2024-04-25T12:46:08.422+0000] {dagbag.py:536} INFO - Filling up the DagBag from /home/airflow/.local/lib/python3.8/site-packages/airflow/example_dags/example_nested_branch_dag.py
[2024-04-25T12:46:08.440+0000] {processor.py:839} INFO - DAG(s) dict_keys(['example_nested_branch_dag']) retrieved from /home/airflow/.local/lib/python3.8/site-packages/airflow/example_dags/example_nested_branch_dag.py
[2024-04-25T12:46:08.480+0000] {logging_mixin.py:154} INFO - [2024-04-25T12:46:08.480+0000] {dag.py:2941} INFO - Sync 1 DAGs
[2024-04-25T12:46:08.519+0000] {logging_mixin.py:154} INFO - [2024-04-25T12:46:08.519+0000] {dag.py:3722} INFO - Setting next_dagrun for example_nested_branch_dag to 2024-04-24T00:00:00+00:00, run_after=2024-04-25T00:00:00+00:00
[2024-04-25T12:46:08.551+0000] {processor.py:179} INFO - Processing /home/airflow/.local/lib/python3.8/site-packages/airflow/example_dags/example_nested_branch_dag.py took 0.142 seconds
[2024-04-25T12:46:39.126+0000] {processor.py:157} INFO - Started process (PID=4339) to work on /home/airflow/.local/lib/python3.8/site-packages/airflow/example_dags/example_nested_branch_dag.py
[2024-04-25T12:46:39.128+0000] {processor.py:829} INFO - Processing file /home/airflow/.local/lib/python3.8/site-packages/airflow/example_dags/example_nested_branch_dag.py for tasks to queue
[2024-04-25T12:46:39.130+0000] {logging_mixin.py:154} INFO - [2024-04-25T12:46:39.130+0000] {dagbag.py:536} INFO - Filling up the DagBag from /home/airflow/.local/lib/python3.8/site-packages/airflow/example_dags/example_nested_branch_dag.py
[2024-04-25T12:46:39.156+0000] {processor.py:839} INFO - DAG(s) dict_keys(['example_nested_branch_dag']) retrieved from /home/airflow/.local/lib/python3.8/site-packages/airflow/example_dags/example_nested_branch_dag.py
[2024-04-25T12:46:39.195+0000] {logging_mixin.py:154} INFO - [2024-04-25T12:46:39.194+0000] {dag.py:2941} INFO - Sync 1 DAGs
[2024-04-25T12:46:39.231+0000] {logging_mixin.py:154} INFO - [2024-04-25T12:46:39.230+0000] {dag.py:3722} INFO - Setting next_dagrun for example_nested_branch_dag to 2024-04-24T00:00:00+00:00, run_after=2024-04-25T00:00:00+00:00
[2024-04-25T12:46:39.264+0000] {processor.py:179} INFO - Processing /home/airflow/.local/lib/python3.8/site-packages/airflow/example_dags/example_nested_branch_dag.py took 0.145 seconds
[2024-04-25T12:47:09.619+0000] {processor.py:157} INFO - Started process (PID=4582) to work on /home/airflow/.local/lib/python3.8/site-packages/airflow/example_dags/example_nested_branch_dag.py
[2024-04-25T12:47:09.625+0000] {processor.py:829} INFO - Processing file /home/airflow/.local/lib/python3.8/site-packages/airflow/example_dags/example_nested_branch_dag.py for tasks to queue
[2024-04-25T12:47:09.628+0000] {logging_mixin.py:154} INFO - [2024-04-25T12:47:09.626+0000] {dagbag.py:536} INFO - Filling up the DagBag from /home/airflow/.local/lib/python3.8/site-packages/airflow/example_dags/example_nested_branch_dag.py
[2024-04-25T12:47:09.686+0000] {processor.py:839} INFO - DAG(s) dict_keys(['example_nested_branch_dag']) retrieved from /home/airflow/.local/lib/python3.8/site-packages/airflow/example_dags/example_nested_branch_dag.py
[2024-04-25T12:47:09.768+0000] {logging_mixin.py:154} INFO - [2024-04-25T12:47:09.766+0000] {dag.py:2941} INFO - Sync 1 DAGs
[2024-04-25T12:47:09.834+0000] {logging_mixin.py:154} INFO - [2024-04-25T12:47:09.833+0000] {dag.py:3722} INFO - Setting next_dagrun for example_nested_branch_dag to 2024-04-24T00:00:00+00:00, run_after=2024-04-25T00:00:00+00:00
[2024-04-25T12:47:09.891+0000] {processor.py:179} INFO - Processing /home/airflow/.local/lib/python3.8/site-packages/airflow/example_dags/example_nested_branch_dag.py took 0.297 seconds
[2024-04-25T12:47:40.254+0000] {processor.py:157} INFO - Started process (PID=4825) to work on /home/airflow/.local/lib/python3.8/site-packages/airflow/example_dags/example_nested_branch_dag.py
[2024-04-25T12:47:40.256+0000] {processor.py:829} INFO - Processing file /home/airflow/.local/lib/python3.8/site-packages/airflow/example_dags/example_nested_branch_dag.py for tasks to queue
[2024-04-25T12:47:40.257+0000] {logging_mixin.py:154} INFO - [2024-04-25T12:47:40.257+0000] {dagbag.py:536} INFO - Filling up the DagBag from /home/airflow/.local/lib/python3.8/site-packages/airflow/example_dags/example_nested_branch_dag.py
[2024-04-25T12:47:40.274+0000] {processor.py:839} INFO - DAG(s) dict_keys(['example_nested_branch_dag']) retrieved from /home/airflow/.local/lib/python3.8/site-packages/airflow/example_dags/example_nested_branch_dag.py
[2024-04-25T12:47:40.313+0000] {logging_mixin.py:154} INFO - [2024-04-25T12:47:40.313+0000] {dag.py:2941} INFO - Sync 1 DAGs
[2024-04-25T12:47:40.350+0000] {logging_mixin.py:154} INFO - [2024-04-25T12:47:40.350+0000] {dag.py:3722} INFO - Setting next_dagrun for example_nested_branch_dag to 2024-04-24T00:00:00+00:00, run_after=2024-04-25T00:00:00+00:00
[2024-04-25T12:47:40.384+0000] {processor.py:179} INFO - Processing /home/airflow/.local/lib/python3.8/site-packages/airflow/example_dags/example_nested_branch_dag.py took 0.136 seconds
[2024-04-25T12:51:41.194+0000] {processor.py:157} INFO - Started process (PID=188) to work on /home/airflow/.local/lib/python3.8/site-packages/airflow/example_dags/example_nested_branch_dag.py
[2024-04-25T12:51:41.196+0000] {processor.py:829} INFO - Processing file /home/airflow/.local/lib/python3.8/site-packages/airflow/example_dags/example_nested_branch_dag.py for tasks to queue
[2024-04-25T12:51:41.197+0000] {logging_mixin.py:154} INFO - [2024-04-25T12:51:41.197+0000] {dagbag.py:536} INFO - Filling up the DagBag from /home/airflow/.local/lib/python3.8/site-packages/airflow/example_dags/example_nested_branch_dag.py
[2024-04-25T12:51:41.221+0000] {processor.py:839} INFO - DAG(s) dict_keys(['example_nested_branch_dag']) retrieved from /home/airflow/.local/lib/python3.8/site-packages/airflow/example_dags/example_nested_branch_dag.py
[2024-04-25T12:51:41.246+0000] {logging_mixin.py:154} INFO - [2024-04-25T12:51:41.245+0000] {dag.py:2941} INFO - Sync 1 DAGs
[2024-04-25T12:51:41.293+0000] {logging_mixin.py:154} INFO - [2024-04-25T12:51:41.293+0000] {dag.py:3722} INFO - Setting next_dagrun for example_nested_branch_dag to 2024-04-24T00:00:00+00:00, run_after=2024-04-25T00:00:00+00:00
[2024-04-25T12:51:41.325+0000] {processor.py:179} INFO - Processing /home/airflow/.local/lib/python3.8/site-packages/airflow/example_dags/example_nested_branch_dag.py took 0.138 seconds
[2024-04-25T12:52:11.960+0000] {processor.py:157} INFO - Started process (PID=431) to work on /home/airflow/.local/lib/python3.8/site-packages/airflow/example_dags/example_nested_branch_dag.py
[2024-04-25T12:52:11.962+0000] {processor.py:829} INFO - Processing file /home/airflow/.local/lib/python3.8/site-packages/airflow/example_dags/example_nested_branch_dag.py for tasks to queue
[2024-04-25T12:52:11.964+0000] {logging_mixin.py:154} INFO - [2024-04-25T12:52:11.963+0000] {dagbag.py:536} INFO - Filling up the DagBag from /home/airflow/.local/lib/python3.8/site-packages/airflow/example_dags/example_nested_branch_dag.py
[2024-04-25T12:52:11.985+0000] {processor.py:839} INFO - DAG(s) dict_keys(['example_nested_branch_dag']) retrieved from /home/airflow/.local/lib/python3.8/site-packages/airflow/example_dags/example_nested_branch_dag.py
[2024-04-25T12:52:12.023+0000] {logging_mixin.py:154} INFO - [2024-04-25T12:52:12.023+0000] {dag.py:2941} INFO - Sync 1 DAGs
[2024-04-25T12:52:12.058+0000] {logging_mixin.py:154} INFO - [2024-04-25T12:52:12.057+0000] {dag.py:3722} INFO - Setting next_dagrun for example_nested_branch_dag to 2024-04-24T00:00:00+00:00, run_after=2024-04-25T00:00:00+00:00
[2024-04-25T12:52:12.092+0000] {processor.py:179} INFO - Processing /home/airflow/.local/lib/python3.8/site-packages/airflow/example_dags/example_nested_branch_dag.py took 0.139 seconds
[2024-04-25T12:52:42.618+0000] {processor.py:157} INFO - Started process (PID=681) to work on /home/airflow/.local/lib/python3.8/site-packages/airflow/example_dags/example_nested_branch_dag.py
[2024-04-25T12:52:42.623+0000] {processor.py:829} INFO - Processing file /home/airflow/.local/lib/python3.8/site-packages/airflow/example_dags/example_nested_branch_dag.py for tasks to queue
[2024-04-25T12:52:42.624+0000] {logging_mixin.py:154} INFO - [2024-04-25T12:52:42.624+0000] {dagbag.py:536} INFO - Filling up the DagBag from /home/airflow/.local/lib/python3.8/site-packages/airflow/example_dags/example_nested_branch_dag.py
[2024-04-25T12:52:42.647+0000] {processor.py:839} INFO - DAG(s) dict_keys(['example_nested_branch_dag']) retrieved from /home/airflow/.local/lib/python3.8/site-packages/airflow/example_dags/example_nested_branch_dag.py
[2024-04-25T12:52:42.703+0000] {logging_mixin.py:154} INFO - [2024-04-25T12:52:42.703+0000] {dag.py:2941} INFO - Sync 1 DAGs
[2024-04-25T12:52:42.757+0000] {logging_mixin.py:154} INFO - [2024-04-25T12:52:42.756+0000] {dag.py:3722} INFO - Setting next_dagrun for example_nested_branch_dag to 2024-04-24T00:00:00+00:00, run_after=2024-04-25T00:00:00+00:00
[2024-04-25T12:52:42.798+0000] {processor.py:179} INFO - Processing /home/airflow/.local/lib/python3.8/site-packages/airflow/example_dags/example_nested_branch_dag.py took 0.188 seconds
[2024-04-25T12:53:13.105+0000] {processor.py:157} INFO - Started process (PID=928) to work on /home/airflow/.local/lib/python3.8/site-packages/airflow/example_dags/example_nested_branch_dag.py
[2024-04-25T12:53:13.110+0000] {processor.py:829} INFO - Processing file /home/airflow/.local/lib/python3.8/site-packages/airflow/example_dags/example_nested_branch_dag.py for tasks to queue
[2024-04-25T12:53:13.111+0000] {logging_mixin.py:154} INFO - [2024-04-25T12:53:13.111+0000] {dagbag.py:536} INFO - Filling up the DagBag from /home/airflow/.local/lib/python3.8/site-packages/airflow/example_dags/example_nested_branch_dag.py
[2024-04-25T12:53:13.131+0000] {processor.py:839} INFO - DAG(s) dict_keys(['example_nested_branch_dag']) retrieved from /home/airflow/.local/lib/python3.8/site-packages/airflow/example_dags/example_nested_branch_dag.py
[2024-04-25T12:53:13.176+0000] {logging_mixin.py:154} INFO - [2024-04-25T12:53:13.175+0000] {dag.py:2941} INFO - Sync 1 DAGs
[2024-04-25T12:53:13.221+0000] {logging_mixin.py:154} INFO - [2024-04-25T12:53:13.220+0000] {dag.py:3722} INFO - Setting next_dagrun for example_nested_branch_dag to 2024-04-24T00:00:00+00:00, run_after=2024-04-25T00:00:00+00:00
[2024-04-25T12:53:13.262+0000] {processor.py:179} INFO - Processing /home/airflow/.local/lib/python3.8/site-packages/airflow/example_dags/example_nested_branch_dag.py took 0.163 seconds
[2024-04-25T12:53:43.576+0000] {processor.py:157} INFO - Started process (PID=1168) to work on /home/airflow/.local/lib/python3.8/site-packages/airflow/example_dags/example_nested_branch_dag.py
[2024-04-25T12:53:43.578+0000] {processor.py:829} INFO - Processing file /home/airflow/.local/lib/python3.8/site-packages/airflow/example_dags/example_nested_branch_dag.py for tasks to queue
[2024-04-25T12:53:43.580+0000] {logging_mixin.py:154} INFO - [2024-04-25T12:53:43.579+0000] {dagbag.py:536} INFO - Filling up the DagBag from /home/airflow/.local/lib/python3.8/site-packages/airflow/example_dags/example_nested_branch_dag.py
[2024-04-25T12:53:43.595+0000] {processor.py:839} INFO - DAG(s) dict_keys(['example_nested_branch_dag']) retrieved from /home/airflow/.local/lib/python3.8/site-packages/airflow/example_dags/example_nested_branch_dag.py
[2024-04-25T12:53:43.633+0000] {logging_mixin.py:154} INFO - [2024-04-25T12:53:43.632+0000] {dag.py:2941} INFO - Sync 1 DAGs
[2024-04-25T12:53:43.665+0000] {logging_mixin.py:154} INFO - [2024-04-25T12:53:43.665+0000] {dag.py:3722} INFO - Setting next_dagrun for example_nested_branch_dag to 2024-04-24T00:00:00+00:00, run_after=2024-04-25T00:00:00+00:00
[2024-04-25T12:53:43.693+0000] {processor.py:179} INFO - Processing /home/airflow/.local/lib/python3.8/site-packages/airflow/example_dags/example_nested_branch_dag.py took 0.123 seconds
[2024-04-25T12:54:14.146+0000] {processor.py:157} INFO - Started process (PID=1411) to work on /home/airflow/.local/lib/python3.8/site-packages/airflow/example_dags/example_nested_branch_dag.py
[2024-04-25T12:54:14.149+0000] {processor.py:829} INFO - Processing file /home/airflow/.local/lib/python3.8/site-packages/airflow/example_dags/example_nested_branch_dag.py for tasks to queue
[2024-04-25T12:54:14.151+0000] {logging_mixin.py:154} INFO - [2024-04-25T12:54:14.150+0000] {dagbag.py:536} INFO - Filling up the DagBag from /home/airflow/.local/lib/python3.8/site-packages/airflow/example_dags/example_nested_branch_dag.py
[2024-04-25T12:54:14.175+0000] {processor.py:839} INFO - DAG(s) dict_keys(['example_nested_branch_dag']) retrieved from /home/airflow/.local/lib/python3.8/site-packages/airflow/example_dags/example_nested_branch_dag.py
[2024-04-25T12:54:14.216+0000] {logging_mixin.py:154} INFO - [2024-04-25T12:54:14.216+0000] {dag.py:2941} INFO - Sync 1 DAGs
[2024-04-25T12:54:14.252+0000] {logging_mixin.py:154} INFO - [2024-04-25T12:54:14.252+0000] {dag.py:3722} INFO - Setting next_dagrun for example_nested_branch_dag to 2024-04-24T00:00:00+00:00, run_after=2024-04-25T00:00:00+00:00
[2024-04-25T12:54:14.284+0000] {processor.py:179} INFO - Processing /home/airflow/.local/lib/python3.8/site-packages/airflow/example_dags/example_nested_branch_dag.py took 0.144 seconds
[2024-04-25T12:54:44.392+0000] {processor.py:157} INFO - Started process (PID=1652) to work on /home/airflow/.local/lib/python3.8/site-packages/airflow/example_dags/example_nested_branch_dag.py
[2024-04-25T12:54:44.394+0000] {processor.py:829} INFO - Processing file /home/airflow/.local/lib/python3.8/site-packages/airflow/example_dags/example_nested_branch_dag.py for tasks to queue
[2024-04-25T12:54:44.396+0000] {logging_mixin.py:154} INFO - [2024-04-25T12:54:44.395+0000] {dagbag.py:536} INFO - Filling up the DagBag from /home/airflow/.local/lib/python3.8/site-packages/airflow/example_dags/example_nested_branch_dag.py
[2024-04-25T12:54:44.417+0000] {processor.py:839} INFO - DAG(s) dict_keys(['example_nested_branch_dag']) retrieved from /home/airflow/.local/lib/python3.8/site-packages/airflow/example_dags/example_nested_branch_dag.py
[2024-04-25T12:54:44.452+0000] {logging_mixin.py:154} INFO - [2024-04-25T12:54:44.452+0000] {dag.py:2941} INFO - Sync 1 DAGs
[2024-04-25T12:54:44.484+0000] {logging_mixin.py:154} INFO - [2024-04-25T12:54:44.484+0000] {dag.py:3722} INFO - Setting next_dagrun for example_nested_branch_dag to 2024-04-24T00:00:00+00:00, run_after=2024-04-25T00:00:00+00:00
[2024-04-25T12:54:44.513+0000] {processor.py:179} INFO - Processing /home/airflow/.local/lib/python3.8/site-packages/airflow/example_dags/example_nested_branch_dag.py took 0.129 seconds
[2024-04-25T12:55:14.577+0000] {processor.py:157} INFO - Started process (PID=1895) to work on /home/airflow/.local/lib/python3.8/site-packages/airflow/example_dags/example_nested_branch_dag.py
[2024-04-25T12:55:14.580+0000] {processor.py:829} INFO - Processing file /home/airflow/.local/lib/python3.8/site-packages/airflow/example_dags/example_nested_branch_dag.py for tasks to queue
[2024-04-25T12:55:14.581+0000] {logging_mixin.py:154} INFO - [2024-04-25T12:55:14.581+0000] {dagbag.py:536} INFO - Filling up the DagBag from /home/airflow/.local/lib/python3.8/site-packages/airflow/example_dags/example_nested_branch_dag.py
[2024-04-25T12:55:14.600+0000] {processor.py:839} INFO - DAG(s) dict_keys(['example_nested_branch_dag']) retrieved from /home/airflow/.local/lib/python3.8/site-packages/airflow/example_dags/example_nested_branch_dag.py
[2024-04-25T12:55:14.639+0000] {logging_mixin.py:154} INFO - [2024-04-25T12:55:14.638+0000] {dag.py:2941} INFO - Sync 1 DAGs
[2024-04-25T12:55:14.673+0000] {logging_mixin.py:154} INFO - [2024-04-25T12:55:14.673+0000] {dag.py:3722} INFO - Setting next_dagrun for example_nested_branch_dag to 2024-04-24T00:00:00+00:00, run_after=2024-04-25T00:00:00+00:00
[2024-04-25T12:55:14.704+0000] {processor.py:179} INFO - Processing /home/airflow/.local/lib/python3.8/site-packages/airflow/example_dags/example_nested_branch_dag.py took 0.135 seconds
[2024-04-25T13:10:31.215+0000] {processor.py:157} INFO - Started process (PID=188) to work on /home/airflow/.local/lib/python3.8/site-packages/airflow/example_dags/example_nested_branch_dag.py
[2024-04-25T13:10:31.218+0000] {processor.py:829} INFO - Processing file /home/airflow/.local/lib/python3.8/site-packages/airflow/example_dags/example_nested_branch_dag.py for tasks to queue
[2024-04-25T13:10:31.220+0000] {logging_mixin.py:154} INFO - [2024-04-25T13:10:31.219+0000] {dagbag.py:536} INFO - Filling up the DagBag from /home/airflow/.local/lib/python3.8/site-packages/airflow/example_dags/example_nested_branch_dag.py
[2024-04-25T13:10:31.243+0000] {processor.py:839} INFO - DAG(s) dict_keys(['example_nested_branch_dag']) retrieved from /home/airflow/.local/lib/python3.8/site-packages/airflow/example_dags/example_nested_branch_dag.py
[2024-04-25T13:10:31.267+0000] {logging_mixin.py:154} INFO - [2024-04-25T13:10:31.267+0000] {dag.py:2941} INFO - Sync 1 DAGs
[2024-04-25T13:10:31.322+0000] {logging_mixin.py:154} INFO - [2024-04-25T13:10:31.322+0000] {dag.py:3722} INFO - Setting next_dagrun for example_nested_branch_dag to 2024-04-24T00:00:00+00:00, run_after=2024-04-25T00:00:00+00:00
[2024-04-25T13:10:31.355+0000] {processor.py:179} INFO - Processing /home/airflow/.local/lib/python3.8/site-packages/airflow/example_dags/example_nested_branch_dag.py took 0.148 seconds
[2024-04-25T13:11:02.442+0000] {processor.py:157} INFO - Started process (PID=431) to work on /home/airflow/.local/lib/python3.8/site-packages/airflow/example_dags/example_nested_branch_dag.py
[2024-04-25T13:11:02.443+0000] {processor.py:829} INFO - Processing file /home/airflow/.local/lib/python3.8/site-packages/airflow/example_dags/example_nested_branch_dag.py for tasks to queue
[2024-04-25T13:11:02.445+0000] {logging_mixin.py:154} INFO - [2024-04-25T13:11:02.444+0000] {dagbag.py:536} INFO - Filling up the DagBag from /home/airflow/.local/lib/python3.8/site-packages/airflow/example_dags/example_nested_branch_dag.py
[2024-04-25T13:11:02.463+0000] {processor.py:839} INFO - DAG(s) dict_keys(['example_nested_branch_dag']) retrieved from /home/airflow/.local/lib/python3.8/site-packages/airflow/example_dags/example_nested_branch_dag.py
[2024-04-25T13:11:02.513+0000] {logging_mixin.py:154} INFO - [2024-04-25T13:11:02.512+0000] {dag.py:2941} INFO - Sync 1 DAGs
[2024-04-25T13:11:02.551+0000] {logging_mixin.py:154} INFO - [2024-04-25T13:11:02.551+0000] {dag.py:3722} INFO - Setting next_dagrun for example_nested_branch_dag to 2024-04-24T00:00:00+00:00, run_after=2024-04-25T00:00:00+00:00
[2024-04-25T13:11:02.579+0000] {processor.py:179} INFO - Processing /home/airflow/.local/lib/python3.8/site-packages/airflow/example_dags/example_nested_branch_dag.py took 0.142 seconds
[2024-04-25T13:11:32.648+0000] {processor.py:157} INFO - Started process (PID=671) to work on /home/airflow/.local/lib/python3.8/site-packages/airflow/example_dags/example_nested_branch_dag.py
[2024-04-25T13:11:32.651+0000] {processor.py:829} INFO - Processing file /home/airflow/.local/lib/python3.8/site-packages/airflow/example_dags/example_nested_branch_dag.py for tasks to queue
[2024-04-25T13:11:32.652+0000] {logging_mixin.py:154} INFO - [2024-04-25T13:11:32.651+0000] {dagbag.py:536} INFO - Filling up the DagBag from /home/airflow/.local/lib/python3.8/site-packages/airflow/example_dags/example_nested_branch_dag.py
[2024-04-25T13:11:32.667+0000] {processor.py:839} INFO - DAG(s) dict_keys(['example_nested_branch_dag']) retrieved from /home/airflow/.local/lib/python3.8/site-packages/airflow/example_dags/example_nested_branch_dag.py
[2024-04-25T13:11:32.702+0000] {logging_mixin.py:154} INFO - [2024-04-25T13:11:32.701+0000] {dag.py:2941} INFO - Sync 1 DAGs
[2024-04-25T13:11:32.736+0000] {logging_mixin.py:154} INFO - [2024-04-25T13:11:32.735+0000] {dag.py:3722} INFO - Setting next_dagrun for example_nested_branch_dag to 2024-04-24T00:00:00+00:00, run_after=2024-04-25T00:00:00+00:00
[2024-04-25T13:11:32.762+0000] {processor.py:179} INFO - Processing /home/airflow/.local/lib/python3.8/site-packages/airflow/example_dags/example_nested_branch_dag.py took 0.120 seconds
[2024-04-25T13:12:03.136+0000] {processor.py:157} INFO - Started process (PID=916) to work on /home/airflow/.local/lib/python3.8/site-packages/airflow/example_dags/example_nested_branch_dag.py
[2024-04-25T13:12:03.138+0000] {processor.py:829} INFO - Processing file /home/airflow/.local/lib/python3.8/site-packages/airflow/example_dags/example_nested_branch_dag.py for tasks to queue
[2024-04-25T13:12:03.139+0000] {logging_mixin.py:154} INFO - [2024-04-25T13:12:03.138+0000] {dagbag.py:536} INFO - Filling up the DagBag from /home/airflow/.local/lib/python3.8/site-packages/airflow/example_dags/example_nested_branch_dag.py
[2024-04-25T13:12:03.154+0000] {processor.py:839} INFO - DAG(s) dict_keys(['example_nested_branch_dag']) retrieved from /home/airflow/.local/lib/python3.8/site-packages/airflow/example_dags/example_nested_branch_dag.py
[2024-04-25T13:12:03.189+0000] {logging_mixin.py:154} INFO - [2024-04-25T13:12:03.189+0000] {dag.py:2941} INFO - Sync 1 DAGs
[2024-04-25T13:12:03.225+0000] {logging_mixin.py:154} INFO - [2024-04-25T13:12:03.225+0000] {dag.py:3722} INFO - Setting next_dagrun for example_nested_branch_dag to 2024-04-24T00:00:00+00:00, run_after=2024-04-25T00:00:00+00:00
[2024-04-25T13:12:03.253+0000] {processor.py:179} INFO - Processing /home/airflow/.local/lib/python3.8/site-packages/airflow/example_dags/example_nested_branch_dag.py took 0.122 seconds
[2024-04-25T13:12:33.690+0000] {processor.py:157} INFO - Started process (PID=1167) to work on /home/airflow/.local/lib/python3.8/site-packages/airflow/example_dags/example_nested_branch_dag.py
[2024-04-25T13:12:33.692+0000] {processor.py:829} INFO - Processing file /home/airflow/.local/lib/python3.8/site-packages/airflow/example_dags/example_nested_branch_dag.py for tasks to queue
[2024-04-25T13:12:33.694+0000] {logging_mixin.py:154} INFO - [2024-04-25T13:12:33.693+0000] {dagbag.py:536} INFO - Filling up the DagBag from /home/airflow/.local/lib/python3.8/site-packages/airflow/example_dags/example_nested_branch_dag.py
[2024-04-25T13:12:33.717+0000] {processor.py:839} INFO - DAG(s) dict_keys(['example_nested_branch_dag']) retrieved from /home/airflow/.local/lib/python3.8/site-packages/airflow/example_dags/example_nested_branch_dag.py
[2024-04-25T13:12:33.760+0000] {logging_mixin.py:154} INFO - [2024-04-25T13:12:33.760+0000] {dag.py:2941} INFO - Sync 1 DAGs
[2024-04-25T13:12:33.809+0000] {logging_mixin.py:154} INFO - [2024-04-25T13:12:33.808+0000] {dag.py:3722} INFO - Setting next_dagrun for example_nested_branch_dag to 2024-04-24T00:00:00+00:00, run_after=2024-04-25T00:00:00+00:00
[2024-04-25T13:12:33.840+0000] {processor.py:179} INFO - Processing /home/airflow/.local/lib/python3.8/site-packages/airflow/example_dags/example_nested_branch_dag.py took 0.156 seconds
[2024-04-25T13:13:04.455+0000] {processor.py:157} INFO - Started process (PID=1410) to work on /home/airflow/.local/lib/python3.8/site-packages/airflow/example_dags/example_nested_branch_dag.py
[2024-04-25T13:13:04.457+0000] {processor.py:829} INFO - Processing file /home/airflow/.local/lib/python3.8/site-packages/airflow/example_dags/example_nested_branch_dag.py for tasks to queue
[2024-04-25T13:13:04.458+0000] {logging_mixin.py:154} INFO - [2024-04-25T13:13:04.458+0000] {dagbag.py:536} INFO - Filling up the DagBag from /home/airflow/.local/lib/python3.8/site-packages/airflow/example_dags/example_nested_branch_dag.py
[2024-04-25T13:13:04.480+0000] {processor.py:839} INFO - DAG(s) dict_keys(['example_nested_branch_dag']) retrieved from /home/airflow/.local/lib/python3.8/site-packages/airflow/example_dags/example_nested_branch_dag.py
[2024-04-25T13:13:04.516+0000] {logging_mixin.py:154} INFO - [2024-04-25T13:13:04.516+0000] {dag.py:2941} INFO - Sync 1 DAGs
[2024-04-25T13:13:04.548+0000] {logging_mixin.py:154} INFO - [2024-04-25T13:13:04.547+0000] {dag.py:3722} INFO - Setting next_dagrun for example_nested_branch_dag to 2024-04-24T00:00:00+00:00, run_after=2024-04-25T00:00:00+00:00
[2024-04-25T13:13:04.577+0000] {processor.py:179} INFO - Processing /home/airflow/.local/lib/python3.8/site-packages/airflow/example_dags/example_nested_branch_dag.py took 0.128 seconds
[2024-04-25T13:13:34.891+0000] {processor.py:157} INFO - Started process (PID=1654) to work on /home/airflow/.local/lib/python3.8/site-packages/airflow/example_dags/example_nested_branch_dag.py
[2024-04-25T13:13:34.894+0000] {processor.py:829} INFO - Processing file /home/airflow/.local/lib/python3.8/site-packages/airflow/example_dags/example_nested_branch_dag.py for tasks to queue
[2024-04-25T13:13:34.895+0000] {logging_mixin.py:154} INFO - [2024-04-25T13:13:34.894+0000] {dagbag.py:536} INFO - Filling up the DagBag from /home/airflow/.local/lib/python3.8/site-packages/airflow/example_dags/example_nested_branch_dag.py
[2024-04-25T13:13:34.910+0000] {processor.py:839} INFO - DAG(s) dict_keys(['example_nested_branch_dag']) retrieved from /home/airflow/.local/lib/python3.8/site-packages/airflow/example_dags/example_nested_branch_dag.py
[2024-04-25T13:13:34.945+0000] {logging_mixin.py:154} INFO - [2024-04-25T13:13:34.945+0000] {dag.py:2941} INFO - Sync 1 DAGs
[2024-04-25T13:13:34.978+0000] {logging_mixin.py:154} INFO - [2024-04-25T13:13:34.977+0000] {dag.py:3722} INFO - Setting next_dagrun for example_nested_branch_dag to 2024-04-24T00:00:00+00:00, run_after=2024-04-25T00:00:00+00:00
[2024-04-25T13:13:35.003+0000] {processor.py:179} INFO - Processing /home/airflow/.local/lib/python3.8/site-packages/airflow/example_dags/example_nested_branch_dag.py took 0.117 seconds
[2024-04-25T13:14:05.259+0000] {processor.py:157} INFO - Started process (PID=1898) to work on /home/airflow/.local/lib/python3.8/site-packages/airflow/example_dags/example_nested_branch_dag.py
[2024-04-25T13:14:05.261+0000] {processor.py:829} INFO - Processing file /home/airflow/.local/lib/python3.8/site-packages/airflow/example_dags/example_nested_branch_dag.py for tasks to queue
[2024-04-25T13:14:05.262+0000] {logging_mixin.py:154} INFO - [2024-04-25T13:14:05.261+0000] {dagbag.py:536} INFO - Filling up the DagBag from /home/airflow/.local/lib/python3.8/site-packages/airflow/example_dags/example_nested_branch_dag.py
[2024-04-25T13:14:05.277+0000] {processor.py:839} INFO - DAG(s) dict_keys(['example_nested_branch_dag']) retrieved from /home/airflow/.local/lib/python3.8/site-packages/airflow/example_dags/example_nested_branch_dag.py
[2024-04-25T13:14:05.316+0000] {logging_mixin.py:154} INFO - [2024-04-25T13:14:05.316+0000] {dag.py:2941} INFO - Sync 1 DAGs
[2024-04-25T13:14:05.359+0000] {logging_mixin.py:154} INFO - [2024-04-25T13:14:05.359+0000] {dag.py:3722} INFO - Setting next_dagrun for example_nested_branch_dag to 2024-04-24T00:00:00+00:00, run_after=2024-04-25T00:00:00+00:00
[2024-04-25T13:14:05.390+0000] {processor.py:179} INFO - Processing /home/airflow/.local/lib/python3.8/site-packages/airflow/example_dags/example_nested_branch_dag.py took 0.138 seconds
[2024-04-25T13:14:35.857+0000] {processor.py:157} INFO - Started process (PID=2141) to work on /home/airflow/.local/lib/python3.8/site-packages/airflow/example_dags/example_nested_branch_dag.py
[2024-04-25T13:14:35.860+0000] {processor.py:829} INFO - Processing file /home/airflow/.local/lib/python3.8/site-packages/airflow/example_dags/example_nested_branch_dag.py for tasks to queue
[2024-04-25T13:14:35.861+0000] {logging_mixin.py:154} INFO - [2024-04-25T13:14:35.860+0000] {dagbag.py:536} INFO - Filling up the DagBag from /home/airflow/.local/lib/python3.8/site-packages/airflow/example_dags/example_nested_branch_dag.py
[2024-04-25T13:14:35.876+0000] {processor.py:839} INFO - DAG(s) dict_keys(['example_nested_branch_dag']) retrieved from /home/airflow/.local/lib/python3.8/site-packages/airflow/example_dags/example_nested_branch_dag.py
[2024-04-25T13:14:35.910+0000] {logging_mixin.py:154} INFO - [2024-04-25T13:14:35.910+0000] {dag.py:2941} INFO - Sync 1 DAGs
[2024-04-25T13:14:35.942+0000] {logging_mixin.py:154} INFO - [2024-04-25T13:14:35.942+0000] {dag.py:3722} INFO - Setting next_dagrun for example_nested_branch_dag to 2024-04-24T00:00:00+00:00, run_after=2024-04-25T00:00:00+00:00
[2024-04-25T13:14:35.970+0000] {processor.py:179} INFO - Processing /home/airflow/.local/lib/python3.8/site-packages/airflow/example_dags/example_nested_branch_dag.py took 0.118 seconds
[2024-04-25T13:15:06.360+0000] {processor.py:157} INFO - Started process (PID=2384) to work on /home/airflow/.local/lib/python3.8/site-packages/airflow/example_dags/example_nested_branch_dag.py
[2024-04-25T13:15:06.361+0000] {processor.py:829} INFO - Processing file /home/airflow/.local/lib/python3.8/site-packages/airflow/example_dags/example_nested_branch_dag.py for tasks to queue
[2024-04-25T13:15:06.362+0000] {logging_mixin.py:154} INFO - [2024-04-25T13:15:06.362+0000] {dagbag.py:536} INFO - Filling up the DagBag from /home/airflow/.local/lib/python3.8/site-packages/airflow/example_dags/example_nested_branch_dag.py
[2024-04-25T13:15:06.378+0000] {processor.py:839} INFO - DAG(s) dict_keys(['example_nested_branch_dag']) retrieved from /home/airflow/.local/lib/python3.8/site-packages/airflow/example_dags/example_nested_branch_dag.py
[2024-04-25T13:15:06.413+0000] {logging_mixin.py:154} INFO - [2024-04-25T13:15:06.412+0000] {dag.py:2941} INFO - Sync 1 DAGs
[2024-04-25T13:15:06.445+0000] {logging_mixin.py:154} INFO - [2024-04-25T13:15:06.445+0000] {dag.py:3722} INFO - Setting next_dagrun for example_nested_branch_dag to 2024-04-24T00:00:00+00:00, run_after=2024-04-25T00:00:00+00:00
[2024-04-25T13:15:06.471+0000] {processor.py:179} INFO - Processing /home/airflow/.local/lib/python3.8/site-packages/airflow/example_dags/example_nested_branch_dag.py took 0.117 seconds
[2024-04-25T13:15:37.319+0000] {processor.py:157} INFO - Started process (PID=2627) to work on /home/airflow/.local/lib/python3.8/site-packages/airflow/example_dags/example_nested_branch_dag.py
[2024-04-25T13:15:37.321+0000] {processor.py:829} INFO - Processing file /home/airflow/.local/lib/python3.8/site-packages/airflow/example_dags/example_nested_branch_dag.py for tasks to queue
[2024-04-25T13:15:37.322+0000] {logging_mixin.py:154} INFO - [2024-04-25T13:15:37.321+0000] {dagbag.py:536} INFO - Filling up the DagBag from /home/airflow/.local/lib/python3.8/site-packages/airflow/example_dags/example_nested_branch_dag.py
[2024-04-25T13:15:37.337+0000] {processor.py:839} INFO - DAG(s) dict_keys(['example_nested_branch_dag']) retrieved from /home/airflow/.local/lib/python3.8/site-packages/airflow/example_dags/example_nested_branch_dag.py
[2024-04-25T13:15:37.372+0000] {logging_mixin.py:154} INFO - [2024-04-25T13:15:37.371+0000] {dag.py:2941} INFO - Sync 1 DAGs
[2024-04-25T13:15:37.404+0000] {logging_mixin.py:154} INFO - [2024-04-25T13:15:37.404+0000] {dag.py:3722} INFO - Setting next_dagrun for example_nested_branch_dag to 2024-04-24T00:00:00+00:00, run_after=2024-04-25T00:00:00+00:00
[2024-04-25T13:15:37.431+0000] {processor.py:179} INFO - Processing /home/airflow/.local/lib/python3.8/site-packages/airflow/example_dags/example_nested_branch_dag.py took 0.118 seconds
[2024-04-25T13:16:08.267+0000] {processor.py:157} INFO - Started process (PID=2870) to work on /home/airflow/.local/lib/python3.8/site-packages/airflow/example_dags/example_nested_branch_dag.py
[2024-04-25T13:16:08.270+0000] {processor.py:829} INFO - Processing file /home/airflow/.local/lib/python3.8/site-packages/airflow/example_dags/example_nested_branch_dag.py for tasks to queue
[2024-04-25T13:16:08.271+0000] {logging_mixin.py:154} INFO - [2024-04-25T13:16:08.270+0000] {dagbag.py:536} INFO - Filling up the DagBag from /home/airflow/.local/lib/python3.8/site-packages/airflow/example_dags/example_nested_branch_dag.py
[2024-04-25T13:16:08.286+0000] {processor.py:839} INFO - DAG(s) dict_keys(['example_nested_branch_dag']) retrieved from /home/airflow/.local/lib/python3.8/site-packages/airflow/example_dags/example_nested_branch_dag.py
[2024-04-25T13:16:08.320+0000] {logging_mixin.py:154} INFO - [2024-04-25T13:16:08.320+0000] {dag.py:2941} INFO - Sync 1 DAGs
[2024-04-25T13:16:08.353+0000] {logging_mixin.py:154} INFO - [2024-04-25T13:16:08.353+0000] {dag.py:3722} INFO - Setting next_dagrun for example_nested_branch_dag to 2024-04-24T00:00:00+00:00, run_after=2024-04-25T00:00:00+00:00
[2024-04-25T13:16:08.382+0000] {processor.py:179} INFO - Processing /home/airflow/.local/lib/python3.8/site-packages/airflow/example_dags/example_nested_branch_dag.py took 0.121 seconds
[2024-04-25T13:16:39.283+0000] {processor.py:157} INFO - Started process (PID=3114) to work on /home/airflow/.local/lib/python3.8/site-packages/airflow/example_dags/example_nested_branch_dag.py
[2024-04-25T13:16:39.286+0000] {processor.py:829} INFO - Processing file /home/airflow/.local/lib/python3.8/site-packages/airflow/example_dags/example_nested_branch_dag.py for tasks to queue
[2024-04-25T13:16:39.288+0000] {logging_mixin.py:154} INFO - [2024-04-25T13:16:39.287+0000] {dagbag.py:536} INFO - Filling up the DagBag from /home/airflow/.local/lib/python3.8/site-packages/airflow/example_dags/example_nested_branch_dag.py
[2024-04-25T13:16:39.309+0000] {processor.py:839} INFO - DAG(s) dict_keys(['example_nested_branch_dag']) retrieved from /home/airflow/.local/lib/python3.8/site-packages/airflow/example_dags/example_nested_branch_dag.py
[2024-04-25T13:16:39.354+0000] {logging_mixin.py:154} INFO - [2024-04-25T13:16:39.353+0000] {dag.py:2941} INFO - Sync 1 DAGs
[2024-04-25T13:16:39.396+0000] {logging_mixin.py:154} INFO - [2024-04-25T13:16:39.395+0000] {dag.py:3722} INFO - Setting next_dagrun for example_nested_branch_dag to 2024-04-24T00:00:00+00:00, run_after=2024-04-25T00:00:00+00:00
[2024-04-25T13:16:39.432+0000] {processor.py:179} INFO - Processing /home/airflow/.local/lib/python3.8/site-packages/airflow/example_dags/example_nested_branch_dag.py took 0.156 seconds
[2024-04-25T13:17:09.481+0000] {processor.py:157} INFO - Started process (PID=3357) to work on /home/airflow/.local/lib/python3.8/site-packages/airflow/example_dags/example_nested_branch_dag.py
[2024-04-25T13:17:09.483+0000] {processor.py:829} INFO - Processing file /home/airflow/.local/lib/python3.8/site-packages/airflow/example_dags/example_nested_branch_dag.py for tasks to queue
[2024-04-25T13:17:09.484+0000] {logging_mixin.py:154} INFO - [2024-04-25T13:17:09.483+0000] {dagbag.py:536} INFO - Filling up the DagBag from /home/airflow/.local/lib/python3.8/site-packages/airflow/example_dags/example_nested_branch_dag.py
[2024-04-25T13:17:09.498+0000] {processor.py:839} INFO - DAG(s) dict_keys(['example_nested_branch_dag']) retrieved from /home/airflow/.local/lib/python3.8/site-packages/airflow/example_dags/example_nested_branch_dag.py
[2024-04-25T13:17:09.531+0000] {logging_mixin.py:154} INFO - [2024-04-25T13:17:09.530+0000] {dag.py:2941} INFO - Sync 1 DAGs
[2024-04-25T13:17:09.563+0000] {logging_mixin.py:154} INFO - [2024-04-25T13:17:09.562+0000] {dag.py:3722} INFO - Setting next_dagrun for example_nested_branch_dag to 2024-04-24T00:00:00+00:00, run_after=2024-04-25T00:00:00+00:00
[2024-04-25T13:17:09.590+0000] {processor.py:179} INFO - Processing /home/airflow/.local/lib/python3.8/site-packages/airflow/example_dags/example_nested_branch_dag.py took 0.116 seconds
[2024-04-25T13:17:40.256+0000] {processor.py:157} INFO - Started process (PID=3600) to work on /home/airflow/.local/lib/python3.8/site-packages/airflow/example_dags/example_nested_branch_dag.py
[2024-04-25T13:17:40.258+0000] {processor.py:829} INFO - Processing file /home/airflow/.local/lib/python3.8/site-packages/airflow/example_dags/example_nested_branch_dag.py for tasks to queue
[2024-04-25T13:17:40.259+0000] {logging_mixin.py:154} INFO - [2024-04-25T13:17:40.259+0000] {dagbag.py:536} INFO - Filling up the DagBag from /home/airflow/.local/lib/python3.8/site-packages/airflow/example_dags/example_nested_branch_dag.py
[2024-04-25T13:17:40.275+0000] {processor.py:839} INFO - DAG(s) dict_keys(['example_nested_branch_dag']) retrieved from /home/airflow/.local/lib/python3.8/site-packages/airflow/example_dags/example_nested_branch_dag.py
[2024-04-25T13:17:40.316+0000] {logging_mixin.py:154} INFO - [2024-04-25T13:17:40.315+0000] {dag.py:2941} INFO - Sync 1 DAGs
[2024-04-25T13:17:40.350+0000] {logging_mixin.py:154} INFO - [2024-04-25T13:17:40.350+0000] {dag.py:3722} INFO - Setting next_dagrun for example_nested_branch_dag to 2024-04-24T00:00:00+00:00, run_after=2024-04-25T00:00:00+00:00
[2024-04-25T13:17:40.378+0000] {processor.py:179} INFO - Processing /home/airflow/.local/lib/python3.8/site-packages/airflow/example_dags/example_nested_branch_dag.py took 0.128 seconds
[2024-04-25T13:18:11.217+0000] {processor.py:157} INFO - Started process (PID=3844) to work on /home/airflow/.local/lib/python3.8/site-packages/airflow/example_dags/example_nested_branch_dag.py
[2024-04-25T13:18:11.219+0000] {processor.py:829} INFO - Processing file /home/airflow/.local/lib/python3.8/site-packages/airflow/example_dags/example_nested_branch_dag.py for tasks to queue
[2024-04-25T13:18:11.220+0000] {logging_mixin.py:154} INFO - [2024-04-25T13:18:11.220+0000] {dagbag.py:536} INFO - Filling up the DagBag from /home/airflow/.local/lib/python3.8/site-packages/airflow/example_dags/example_nested_branch_dag.py
[2024-04-25T13:18:11.236+0000] {processor.py:839} INFO - DAG(s) dict_keys(['example_nested_branch_dag']) retrieved from /home/airflow/.local/lib/python3.8/site-packages/airflow/example_dags/example_nested_branch_dag.py
[2024-04-25T13:18:11.273+0000] {logging_mixin.py:154} INFO - [2024-04-25T13:18:11.272+0000] {dag.py:2941} INFO - Sync 1 DAGs
[2024-04-25T13:18:11.324+0000] {logging_mixin.py:154} INFO - [2024-04-25T13:18:11.323+0000] {dag.py:3722} INFO - Setting next_dagrun for example_nested_branch_dag to 2024-04-24T00:00:00+00:00, run_after=2024-04-25T00:00:00+00:00
[2024-04-25T13:18:11.355+0000] {processor.py:179} INFO - Processing /home/airflow/.local/lib/python3.8/site-packages/airflow/example_dags/example_nested_branch_dag.py took 0.143 seconds
[2024-04-25T13:18:42.268+0000] {processor.py:157} INFO - Started process (PID=4088) to work on /home/airflow/.local/lib/python3.8/site-packages/airflow/example_dags/example_nested_branch_dag.py
[2024-04-25T13:18:42.270+0000] {processor.py:829} INFO - Processing file /home/airflow/.local/lib/python3.8/site-packages/airflow/example_dags/example_nested_branch_dag.py for tasks to queue
[2024-04-25T13:18:42.271+0000] {logging_mixin.py:154} INFO - [2024-04-25T13:18:42.270+0000] {dagbag.py:536} INFO - Filling up the DagBag from /home/airflow/.local/lib/python3.8/site-packages/airflow/example_dags/example_nested_branch_dag.py
[2024-04-25T13:18:42.286+0000] {processor.py:839} INFO - DAG(s) dict_keys(['example_nested_branch_dag']) retrieved from /home/airflow/.local/lib/python3.8/site-packages/airflow/example_dags/example_nested_branch_dag.py
[2024-04-25T13:18:42.322+0000] {logging_mixin.py:154} INFO - [2024-04-25T13:18:42.322+0000] {dag.py:2941} INFO - Sync 1 DAGs
[2024-04-25T13:18:42.358+0000] {logging_mixin.py:154} INFO - [2024-04-25T13:18:42.358+0000] {dag.py:3722} INFO - Setting next_dagrun for example_nested_branch_dag to 2024-04-24T00:00:00+00:00, run_after=2024-04-25T00:00:00+00:00
[2024-04-25T13:18:42.387+0000] {processor.py:179} INFO - Processing /home/airflow/.local/lib/python3.8/site-packages/airflow/example_dags/example_nested_branch_dag.py took 0.125 seconds
[2024-04-25T13:27:13.654+0000] {processor.py:157} INFO - Started process (PID=189) to work on /home/airflow/.local/lib/python3.8/site-packages/airflow/example_dags/example_nested_branch_dag.py
[2024-04-25T13:27:13.657+0000] {processor.py:829} INFO - Processing file /home/airflow/.local/lib/python3.8/site-packages/airflow/example_dags/example_nested_branch_dag.py for tasks to queue
[2024-04-25T13:27:13.658+0000] {logging_mixin.py:154} INFO - [2024-04-25T13:27:13.658+0000] {dagbag.py:536} INFO - Filling up the DagBag from /home/airflow/.local/lib/python3.8/site-packages/airflow/example_dags/example_nested_branch_dag.py
[2024-04-25T13:27:13.684+0000] {processor.py:839} INFO - DAG(s) dict_keys(['example_nested_branch_dag']) retrieved from /home/airflow/.local/lib/python3.8/site-packages/airflow/example_dags/example_nested_branch_dag.py
[2024-04-25T13:27:13.705+0000] {logging_mixin.py:154} INFO - [2024-04-25T13:27:13.704+0000] {dag.py:2941} INFO - Sync 1 DAGs
[2024-04-25T13:27:13.755+0000] {logging_mixin.py:154} INFO - [2024-04-25T13:27:13.755+0000] {dag.py:3722} INFO - Setting next_dagrun for example_nested_branch_dag to 2024-04-24T00:00:00+00:00, run_after=2024-04-25T00:00:00+00:00
[2024-04-25T13:27:13.792+0000] {processor.py:179} INFO - Processing /home/airflow/.local/lib/python3.8/site-packages/airflow/example_dags/example_nested_branch_dag.py took 0.146 seconds
[2024-04-25T13:27:44.260+0000] {processor.py:157} INFO - Started process (PID=431) to work on /home/airflow/.local/lib/python3.8/site-packages/airflow/example_dags/example_nested_branch_dag.py
[2024-04-25T13:27:44.262+0000] {processor.py:829} INFO - Processing file /home/airflow/.local/lib/python3.8/site-packages/airflow/example_dags/example_nested_branch_dag.py for tasks to queue
[2024-04-25T13:27:44.263+0000] {logging_mixin.py:154} INFO - [2024-04-25T13:27:44.262+0000] {dagbag.py:536} INFO - Filling up the DagBag from /home/airflow/.local/lib/python3.8/site-packages/airflow/example_dags/example_nested_branch_dag.py
[2024-04-25T13:27:44.281+0000] {processor.py:839} INFO - DAG(s) dict_keys(['example_nested_branch_dag']) retrieved from /home/airflow/.local/lib/python3.8/site-packages/airflow/example_dags/example_nested_branch_dag.py
[2024-04-25T13:27:44.344+0000] {logging_mixin.py:154} INFO - [2024-04-25T13:27:44.344+0000] {dag.py:2941} INFO - Sync 1 DAGs
[2024-04-25T13:27:44.387+0000] {logging_mixin.py:154} INFO - [2024-04-25T13:27:44.387+0000] {dag.py:3722} INFO - Setting next_dagrun for example_nested_branch_dag to 2024-04-24T00:00:00+00:00, run_after=2024-04-25T00:00:00+00:00
[2024-04-25T13:27:44.420+0000] {processor.py:179} INFO - Processing /home/airflow/.local/lib/python3.8/site-packages/airflow/example_dags/example_nested_branch_dag.py took 0.166 seconds
[2024-04-25T13:28:14.801+0000] {processor.py:157} INFO - Started process (PID=674) to work on /home/airflow/.local/lib/python3.8/site-packages/airflow/example_dags/example_nested_branch_dag.py
[2024-04-25T13:28:14.803+0000] {processor.py:829} INFO - Processing file /home/airflow/.local/lib/python3.8/site-packages/airflow/example_dags/example_nested_branch_dag.py for tasks to queue
[2024-04-25T13:28:14.804+0000] {logging_mixin.py:154} INFO - [2024-04-25T13:28:14.804+0000] {dagbag.py:536} INFO - Filling up the DagBag from /home/airflow/.local/lib/python3.8/site-packages/airflow/example_dags/example_nested_branch_dag.py
[2024-04-25T13:28:14.819+0000] {processor.py:839} INFO - DAG(s) dict_keys(['example_nested_branch_dag']) retrieved from /home/airflow/.local/lib/python3.8/site-packages/airflow/example_dags/example_nested_branch_dag.py
[2024-04-25T13:28:14.862+0000] {logging_mixin.py:154} INFO - [2024-04-25T13:28:14.862+0000] {dag.py:2941} INFO - Sync 1 DAGs
[2024-04-25T13:28:14.904+0000] {logging_mixin.py:154} INFO - [2024-04-25T13:28:14.904+0000] {dag.py:3722} INFO - Setting next_dagrun for example_nested_branch_dag to 2024-04-24T00:00:00+00:00, run_after=2024-04-25T00:00:00+00:00
[2024-04-25T13:28:14.931+0000] {processor.py:179} INFO - Processing /home/airflow/.local/lib/python3.8/site-packages/airflow/example_dags/example_nested_branch_dag.py took 0.136 seconds
[2024-04-25T13:28:45.229+0000] {processor.py:157} INFO - Started process (PID=919) to work on /home/airflow/.local/lib/python3.8/site-packages/airflow/example_dags/example_nested_branch_dag.py
[2024-04-25T13:28:45.233+0000] {processor.py:829} INFO - Processing file /home/airflow/.local/lib/python3.8/site-packages/airflow/example_dags/example_nested_branch_dag.py for tasks to queue
[2024-04-25T13:28:45.235+0000] {logging_mixin.py:154} INFO - [2024-04-25T13:28:45.234+0000] {dagbag.py:536} INFO - Filling up the DagBag from /home/airflow/.local/lib/python3.8/site-packages/airflow/example_dags/example_nested_branch_dag.py
[2024-04-25T13:28:45.256+0000] {processor.py:839} INFO - DAG(s) dict_keys(['example_nested_branch_dag']) retrieved from /home/airflow/.local/lib/python3.8/site-packages/airflow/example_dags/example_nested_branch_dag.py
[2024-04-25T13:28:45.305+0000] {logging_mixin.py:154} INFO - [2024-04-25T13:28:45.305+0000] {dag.py:2941} INFO - Sync 1 DAGs
[2024-04-25T13:28:45.353+0000] {logging_mixin.py:154} INFO - [2024-04-25T13:28:45.353+0000] {dag.py:3722} INFO - Setting next_dagrun for example_nested_branch_dag to 2024-04-24T00:00:00+00:00, run_after=2024-04-25T00:00:00+00:00
[2024-04-25T13:28:45.387+0000] {processor.py:179} INFO - Processing /home/airflow/.local/lib/python3.8/site-packages/airflow/example_dags/example_nested_branch_dag.py took 0.166 seconds
[2024-04-25T13:29:16.226+0000] {processor.py:157} INFO - Started process (PID=1165) to work on /home/airflow/.local/lib/python3.8/site-packages/airflow/example_dags/example_nested_branch_dag.py
[2024-04-25T13:29:16.229+0000] {processor.py:829} INFO - Processing file /home/airflow/.local/lib/python3.8/site-packages/airflow/example_dags/example_nested_branch_dag.py for tasks to queue
[2024-04-25T13:29:16.230+0000] {logging_mixin.py:154} INFO - [2024-04-25T13:29:16.230+0000] {dagbag.py:536} INFO - Filling up the DagBag from /home/airflow/.local/lib/python3.8/site-packages/airflow/example_dags/example_nested_branch_dag.py
[2024-04-25T13:29:16.253+0000] {processor.py:839} INFO - DAG(s) dict_keys(['example_nested_branch_dag']) retrieved from /home/airflow/.local/lib/python3.8/site-packages/airflow/example_dags/example_nested_branch_dag.py
[2024-04-25T13:29:16.300+0000] {logging_mixin.py:154} INFO - [2024-04-25T13:29:16.300+0000] {dag.py:2941} INFO - Sync 1 DAGs
[2024-04-25T13:29:16.349+0000] {logging_mixin.py:154} INFO - [2024-04-25T13:29:16.348+0000] {dag.py:3722} INFO - Setting next_dagrun for example_nested_branch_dag to 2024-04-24T00:00:00+00:00, run_after=2024-04-25T00:00:00+00:00
[2024-04-25T13:29:16.382+0000] {processor.py:179} INFO - Processing /home/airflow/.local/lib/python3.8/site-packages/airflow/example_dags/example_nested_branch_dag.py took 0.164 seconds
[2024-04-25T13:29:47.299+0000] {processor.py:157} INFO - Started process (PID=1410) to work on /home/airflow/.local/lib/python3.8/site-packages/airflow/example_dags/example_nested_branch_dag.py
[2024-04-25T13:29:47.301+0000] {processor.py:829} INFO - Processing file /home/airflow/.local/lib/python3.8/site-packages/airflow/example_dags/example_nested_branch_dag.py for tasks to queue
[2024-04-25T13:29:47.303+0000] {logging_mixin.py:154} INFO - [2024-04-25T13:29:47.302+0000] {dagbag.py:536} INFO - Filling up the DagBag from /home/airflow/.local/lib/python3.8/site-packages/airflow/example_dags/example_nested_branch_dag.py
[2024-04-25T13:29:47.325+0000] {processor.py:839} INFO - DAG(s) dict_keys(['example_nested_branch_dag']) retrieved from /home/airflow/.local/lib/python3.8/site-packages/airflow/example_dags/example_nested_branch_dag.py
[2024-04-25T13:29:47.370+0000] {logging_mixin.py:154} INFO - [2024-04-25T13:29:47.370+0000] {dag.py:2941} INFO - Sync 1 DAGs
[2024-04-25T13:29:47.416+0000] {logging_mixin.py:154} INFO - [2024-04-25T13:29:47.415+0000] {dag.py:3722} INFO - Setting next_dagrun for example_nested_branch_dag to 2024-04-24T00:00:00+00:00, run_after=2024-04-25T00:00:00+00:00
[2024-04-25T13:29:47.451+0000] {processor.py:179} INFO - Processing /home/airflow/.local/lib/python3.8/site-packages/airflow/example_dags/example_nested_branch_dag.py took 0.161 seconds
[2024-04-25T13:30:17.823+0000] {processor.py:157} INFO - Started process (PID=1653) to work on /home/airflow/.local/lib/python3.8/site-packages/airflow/example_dags/example_nested_branch_dag.py
[2024-04-25T13:30:17.826+0000] {processor.py:829} INFO - Processing file /home/airflow/.local/lib/python3.8/site-packages/airflow/example_dags/example_nested_branch_dag.py for tasks to queue
[2024-04-25T13:30:17.827+0000] {logging_mixin.py:154} INFO - [2024-04-25T13:30:17.827+0000] {dagbag.py:536} INFO - Filling up the DagBag from /home/airflow/.local/lib/python3.8/site-packages/airflow/example_dags/example_nested_branch_dag.py
[2024-04-25T13:30:17.852+0000] {processor.py:839} INFO - DAG(s) dict_keys(['example_nested_branch_dag']) retrieved from /home/airflow/.local/lib/python3.8/site-packages/airflow/example_dags/example_nested_branch_dag.py
[2024-04-25T13:30:17.893+0000] {logging_mixin.py:154} INFO - [2024-04-25T13:30:17.892+0000] {dag.py:2941} INFO - Sync 1 DAGs
[2024-04-25T13:30:17.932+0000] {logging_mixin.py:154} INFO - [2024-04-25T13:30:17.931+0000] {dag.py:3722} INFO - Setting next_dagrun for example_nested_branch_dag to 2024-04-24T00:00:00+00:00, run_after=2024-04-25T00:00:00+00:00
[2024-04-25T13:30:17.977+0000] {processor.py:179} INFO - Processing /home/airflow/.local/lib/python3.8/site-packages/airflow/example_dags/example_nested_branch_dag.py took 0.162 seconds
[2024-04-25T13:30:48.309+0000] {processor.py:157} INFO - Started process (PID=1897) to work on /home/airflow/.local/lib/python3.8/site-packages/airflow/example_dags/example_nested_branch_dag.py
[2024-04-25T13:30:48.310+0000] {processor.py:829} INFO - Processing file /home/airflow/.local/lib/python3.8/site-packages/airflow/example_dags/example_nested_branch_dag.py for tasks to queue
[2024-04-25T13:30:48.311+0000] {logging_mixin.py:154} INFO - [2024-04-25T13:30:48.311+0000] {dagbag.py:536} INFO - Filling up the DagBag from /home/airflow/.local/lib/python3.8/site-packages/airflow/example_dags/example_nested_branch_dag.py
[2024-04-25T13:30:48.327+0000] {processor.py:839} INFO - DAG(s) dict_keys(['example_nested_branch_dag']) retrieved from /home/airflow/.local/lib/python3.8/site-packages/airflow/example_dags/example_nested_branch_dag.py
[2024-04-25T13:30:48.369+0000] {logging_mixin.py:154} INFO - [2024-04-25T13:30:48.368+0000] {dag.py:2941} INFO - Sync 1 DAGs
[2024-04-25T13:30:48.404+0000] {logging_mixin.py:154} INFO - [2024-04-25T13:30:48.404+0000] {dag.py:3722} INFO - Setting next_dagrun for example_nested_branch_dag to 2024-04-24T00:00:00+00:00, run_after=2024-04-25T00:00:00+00:00
[2024-04-25T13:30:48.435+0000] {processor.py:179} INFO - Processing /home/airflow/.local/lib/python3.8/site-packages/airflow/example_dags/example_nested_branch_dag.py took 0.132 seconds
[2024-04-25T13:31:18.505+0000] {processor.py:157} INFO - Started process (PID=2140) to work on /home/airflow/.local/lib/python3.8/site-packages/airflow/example_dags/example_nested_branch_dag.py
[2024-04-25T13:31:18.507+0000] {processor.py:829} INFO - Processing file /home/airflow/.local/lib/python3.8/site-packages/airflow/example_dags/example_nested_branch_dag.py for tasks to queue
[2024-04-25T13:31:18.508+0000] {logging_mixin.py:154} INFO - [2024-04-25T13:31:18.507+0000] {dagbag.py:536} INFO - Filling up the DagBag from /home/airflow/.local/lib/python3.8/site-packages/airflow/example_dags/example_nested_branch_dag.py
[2024-04-25T13:31:18.523+0000] {processor.py:839} INFO - DAG(s) dict_keys(['example_nested_branch_dag']) retrieved from /home/airflow/.local/lib/python3.8/site-packages/airflow/example_dags/example_nested_branch_dag.py
[2024-04-25T13:31:18.560+0000] {logging_mixin.py:154} INFO - [2024-04-25T13:31:18.560+0000] {dag.py:2941} INFO - Sync 1 DAGs
[2024-04-25T13:31:18.594+0000] {logging_mixin.py:154} INFO - [2024-04-25T13:31:18.594+0000] {dag.py:3722} INFO - Setting next_dagrun for example_nested_branch_dag to 2024-04-24T00:00:00+00:00, run_after=2024-04-25T00:00:00+00:00
[2024-04-25T13:31:18.624+0000] {processor.py:179} INFO - Processing /home/airflow/.local/lib/python3.8/site-packages/airflow/example_dags/example_nested_branch_dag.py took 0.125 seconds
[2024-04-25T13:31:49.022+0000] {processor.py:157} INFO - Started process (PID=2383) to work on /home/airflow/.local/lib/python3.8/site-packages/airflow/example_dags/example_nested_branch_dag.py
[2024-04-25T13:31:49.024+0000] {processor.py:829} INFO - Processing file /home/airflow/.local/lib/python3.8/site-packages/airflow/example_dags/example_nested_branch_dag.py for tasks to queue
[2024-04-25T13:31:49.026+0000] {logging_mixin.py:154} INFO - [2024-04-25T13:31:49.025+0000] {dagbag.py:536} INFO - Filling up the DagBag from /home/airflow/.local/lib/python3.8/site-packages/airflow/example_dags/example_nested_branch_dag.py
[2024-04-25T13:31:49.051+0000] {processor.py:839} INFO - DAG(s) dict_keys(['example_nested_branch_dag']) retrieved from /home/airflow/.local/lib/python3.8/site-packages/airflow/example_dags/example_nested_branch_dag.py
[2024-04-25T13:31:49.092+0000] {logging_mixin.py:154} INFO - [2024-04-25T13:31:49.092+0000] {dag.py:2941} INFO - Sync 1 DAGs
[2024-04-25T13:31:49.130+0000] {logging_mixin.py:154} INFO - [2024-04-25T13:31:49.129+0000] {dag.py:3722} INFO - Setting next_dagrun for example_nested_branch_dag to 2024-04-24T00:00:00+00:00, run_after=2024-04-25T00:00:00+00:00
[2024-04-25T13:31:49.163+0000] {processor.py:179} INFO - Processing /home/airflow/.local/lib/python3.8/site-packages/airflow/example_dags/example_nested_branch_dag.py took 0.150 seconds
[2024-04-25T13:32:19.551+0000] {processor.py:157} INFO - Started process (PID=2624) to work on /home/airflow/.local/lib/python3.8/site-packages/airflow/example_dags/example_nested_branch_dag.py
[2024-04-25T13:32:19.553+0000] {processor.py:829} INFO - Processing file /home/airflow/.local/lib/python3.8/site-packages/airflow/example_dags/example_nested_branch_dag.py for tasks to queue
[2024-04-25T13:32:19.554+0000] {logging_mixin.py:154} INFO - [2024-04-25T13:32:19.553+0000] {dagbag.py:536} INFO - Filling up the DagBag from /home/airflow/.local/lib/python3.8/site-packages/airflow/example_dags/example_nested_branch_dag.py
[2024-04-25T13:32:19.571+0000] {processor.py:839} INFO - DAG(s) dict_keys(['example_nested_branch_dag']) retrieved from /home/airflow/.local/lib/python3.8/site-packages/airflow/example_dags/example_nested_branch_dag.py
[2024-04-25T13:32:19.615+0000] {logging_mixin.py:154} INFO - [2024-04-25T13:32:19.615+0000] {dag.py:2941} INFO - Sync 1 DAGs
[2024-04-25T13:32:19.662+0000] {logging_mixin.py:154} INFO - [2024-04-25T13:32:19.662+0000] {dag.py:3722} INFO - Setting next_dagrun for example_nested_branch_dag to 2024-04-24T00:00:00+00:00, run_after=2024-04-25T00:00:00+00:00
[2024-04-25T13:32:19.697+0000] {processor.py:179} INFO - Processing /home/airflow/.local/lib/python3.8/site-packages/airflow/example_dags/example_nested_branch_dag.py took 0.151 seconds
[2024-04-25T13:32:50.099+0000] {processor.py:157} INFO - Started process (PID=2867) to work on /home/airflow/.local/lib/python3.8/site-packages/airflow/example_dags/example_nested_branch_dag.py
[2024-04-25T13:32:50.102+0000] {processor.py:829} INFO - Processing file /home/airflow/.local/lib/python3.8/site-packages/airflow/example_dags/example_nested_branch_dag.py for tasks to queue
[2024-04-25T13:32:50.103+0000] {logging_mixin.py:154} INFO - [2024-04-25T13:32:50.103+0000] {dagbag.py:536} INFO - Filling up the DagBag from /home/airflow/.local/lib/python3.8/site-packages/airflow/example_dags/example_nested_branch_dag.py
[2024-04-25T13:32:50.124+0000] {processor.py:839} INFO - DAG(s) dict_keys(['example_nested_branch_dag']) retrieved from /home/airflow/.local/lib/python3.8/site-packages/airflow/example_dags/example_nested_branch_dag.py
[2024-04-25T13:32:50.168+0000] {logging_mixin.py:154} INFO - [2024-04-25T13:32:50.167+0000] {dag.py:2941} INFO - Sync 1 DAGs
[2024-04-25T13:32:50.210+0000] {logging_mixin.py:154} INFO - [2024-04-25T13:32:50.210+0000] {dag.py:3722} INFO - Setting next_dagrun for example_nested_branch_dag to 2024-04-24T00:00:00+00:00, run_after=2024-04-25T00:00:00+00:00
[2024-04-25T13:32:50.242+0000] {processor.py:179} INFO - Processing /home/airflow/.local/lib/python3.8/site-packages/airflow/example_dags/example_nested_branch_dag.py took 0.150 seconds
[2024-04-25T13:33:20.458+0000] {processor.py:157} INFO - Started process (PID=3118) to work on /home/airflow/.local/lib/python3.8/site-packages/airflow/example_dags/example_nested_branch_dag.py
[2024-04-25T13:33:20.466+0000] {processor.py:829} INFO - Processing file /home/airflow/.local/lib/python3.8/site-packages/airflow/example_dags/example_nested_branch_dag.py for tasks to queue
[2024-04-25T13:33:20.468+0000] {logging_mixin.py:154} INFO - [2024-04-25T13:33:20.467+0000] {dagbag.py:536} INFO - Filling up the DagBag from /home/airflow/.local/lib/python3.8/site-packages/airflow/example_dags/example_nested_branch_dag.py
[2024-04-25T13:33:20.502+0000] {processor.py:839} INFO - DAG(s) dict_keys(['example_nested_branch_dag']) retrieved from /home/airflow/.local/lib/python3.8/site-packages/airflow/example_dags/example_nested_branch_dag.py
[2024-04-25T13:33:20.556+0000] {logging_mixin.py:154} INFO - [2024-04-25T13:33:20.556+0000] {dag.py:2941} INFO - Sync 1 DAGs
[2024-04-25T13:33:20.603+0000] {logging_mixin.py:154} INFO - [2024-04-25T13:33:20.602+0000] {dag.py:3722} INFO - Setting next_dagrun for example_nested_branch_dag to 2024-04-24T00:00:00+00:00, run_after=2024-04-25T00:00:00+00:00
[2024-04-25T13:33:20.642+0000] {processor.py:179} INFO - Processing /home/airflow/.local/lib/python3.8/site-packages/airflow/example_dags/example_nested_branch_dag.py took 0.193 seconds
[2024-04-25T13:33:51.235+0000] {processor.py:157} INFO - Started process (PID=3365) to work on /home/airflow/.local/lib/python3.8/site-packages/airflow/example_dags/example_nested_branch_dag.py
[2024-04-25T13:33:51.238+0000] {processor.py:829} INFO - Processing file /home/airflow/.local/lib/python3.8/site-packages/airflow/example_dags/example_nested_branch_dag.py for tasks to queue
[2024-04-25T13:33:51.241+0000] {logging_mixin.py:154} INFO - [2024-04-25T13:33:51.240+0000] {dagbag.py:536} INFO - Filling up the DagBag from /home/airflow/.local/lib/python3.8/site-packages/airflow/example_dags/example_nested_branch_dag.py
[2024-04-25T13:33:51.281+0000] {processor.py:839} INFO - DAG(s) dict_keys(['example_nested_branch_dag']) retrieved from /home/airflow/.local/lib/python3.8/site-packages/airflow/example_dags/example_nested_branch_dag.py
[2024-04-25T13:33:51.387+0000] {logging_mixin.py:154} INFO - [2024-04-25T13:33:51.385+0000] {dag.py:2941} INFO - Sync 1 DAGs
[2024-04-25T13:33:51.511+0000] {logging_mixin.py:154} INFO - [2024-04-25T13:33:51.510+0000] {dag.py:3722} INFO - Setting next_dagrun for example_nested_branch_dag to 2024-04-24T00:00:00+00:00, run_after=2024-04-25T00:00:00+00:00
[2024-04-25T13:33:51.634+0000] {processor.py:179} INFO - Processing /home/airflow/.local/lib/python3.8/site-packages/airflow/example_dags/example_nested_branch_dag.py took 0.416 seconds
[2024-04-25T13:34:21.910+0000] {processor.py:157} INFO - Started process (PID=3608) to work on /home/airflow/.local/lib/python3.8/site-packages/airflow/example_dags/example_nested_branch_dag.py
[2024-04-25T13:34:21.916+0000] {processor.py:829} INFO - Processing file /home/airflow/.local/lib/python3.8/site-packages/airflow/example_dags/example_nested_branch_dag.py for tasks to queue
[2024-04-25T13:34:21.919+0000] {logging_mixin.py:154} INFO - [2024-04-25T13:34:21.918+0000] {dagbag.py:536} INFO - Filling up the DagBag from /home/airflow/.local/lib/python3.8/site-packages/airflow/example_dags/example_nested_branch_dag.py
[2024-04-25T13:34:21.984+0000] {processor.py:839} INFO - DAG(s) dict_keys(['example_nested_branch_dag']) retrieved from /home/airflow/.local/lib/python3.8/site-packages/airflow/example_dags/example_nested_branch_dag.py
[2024-04-25T13:34:22.101+0000] {logging_mixin.py:154} INFO - [2024-04-25T13:34:22.100+0000] {dag.py:2941} INFO - Sync 1 DAGs
[2024-04-25T13:34:22.186+0000] {logging_mixin.py:154} INFO - [2024-04-25T13:34:22.185+0000] {dag.py:3722} INFO - Setting next_dagrun for example_nested_branch_dag to 2024-04-24T00:00:00+00:00, run_after=2024-04-25T00:00:00+00:00
[2024-04-25T13:34:22.277+0000] {processor.py:179} INFO - Processing /home/airflow/.local/lib/python3.8/site-packages/airflow/example_dags/example_nested_branch_dag.py took 0.384 seconds
[2024-04-25T13:34:52.515+0000] {processor.py:157} INFO - Started process (PID=3851) to work on /home/airflow/.local/lib/python3.8/site-packages/airflow/example_dags/example_nested_branch_dag.py
[2024-04-25T13:34:52.517+0000] {processor.py:829} INFO - Processing file /home/airflow/.local/lib/python3.8/site-packages/airflow/example_dags/example_nested_branch_dag.py for tasks to queue
[2024-04-25T13:34:52.518+0000] {logging_mixin.py:154} INFO - [2024-04-25T13:34:52.518+0000] {dagbag.py:536} INFO - Filling up the DagBag from /home/airflow/.local/lib/python3.8/site-packages/airflow/example_dags/example_nested_branch_dag.py
[2024-04-25T13:34:52.534+0000] {processor.py:839} INFO - DAG(s) dict_keys(['example_nested_branch_dag']) retrieved from /home/airflow/.local/lib/python3.8/site-packages/airflow/example_dags/example_nested_branch_dag.py
[2024-04-25T13:34:52.572+0000] {logging_mixin.py:154} INFO - [2024-04-25T13:34:52.572+0000] {dag.py:2941} INFO - Sync 1 DAGs
[2024-04-25T13:34:52.613+0000] {logging_mixin.py:154} INFO - [2024-04-25T13:34:52.613+0000] {dag.py:3722} INFO - Setting next_dagrun for example_nested_branch_dag to 2024-04-24T00:00:00+00:00, run_after=2024-04-25T00:00:00+00:00
[2024-04-25T13:34:52.640+0000] {processor.py:179} INFO - Processing /home/airflow/.local/lib/python3.8/site-packages/airflow/example_dags/example_nested_branch_dag.py took 0.131 seconds
[2024-04-25T13:35:23.373+0000] {processor.py:157} INFO - Started process (PID=4095) to work on /home/airflow/.local/lib/python3.8/site-packages/airflow/example_dags/example_nested_branch_dag.py
[2024-04-25T13:35:23.375+0000] {processor.py:829} INFO - Processing file /home/airflow/.local/lib/python3.8/site-packages/airflow/example_dags/example_nested_branch_dag.py for tasks to queue
[2024-04-25T13:35:23.377+0000] {logging_mixin.py:154} INFO - [2024-04-25T13:35:23.376+0000] {dagbag.py:536} INFO - Filling up the DagBag from /home/airflow/.local/lib/python3.8/site-packages/airflow/example_dags/example_nested_branch_dag.py
[2024-04-25T13:35:23.397+0000] {processor.py:839} INFO - DAG(s) dict_keys(['example_nested_branch_dag']) retrieved from /home/airflow/.local/lib/python3.8/site-packages/airflow/example_dags/example_nested_branch_dag.py
[2024-04-25T13:35:23.440+0000] {logging_mixin.py:154} INFO - [2024-04-25T13:35:23.440+0000] {dag.py:2941} INFO - Sync 1 DAGs
[2024-04-25T13:35:23.490+0000] {logging_mixin.py:154} INFO - [2024-04-25T13:35:23.489+0000] {dag.py:3722} INFO - Setting next_dagrun for example_nested_branch_dag to 2024-04-24T00:00:00+00:00, run_after=2024-04-25T00:00:00+00:00
[2024-04-25T13:35:23.518+0000] {processor.py:179} INFO - Processing /home/airflow/.local/lib/python3.8/site-packages/airflow/example_dags/example_nested_branch_dag.py took 0.153 seconds
[2024-04-25T13:49:25.136+0000] {processor.py:157} INFO - Started process (PID=188) to work on /home/airflow/.local/lib/python3.8/site-packages/airflow/example_dags/example_nested_branch_dag.py
[2024-04-25T13:49:25.138+0000] {processor.py:829} INFO - Processing file /home/airflow/.local/lib/python3.8/site-packages/airflow/example_dags/example_nested_branch_dag.py for tasks to queue
[2024-04-25T13:49:25.139+0000] {logging_mixin.py:154} INFO - [2024-04-25T13:49:25.139+0000] {dagbag.py:536} INFO - Filling up the DagBag from /home/airflow/.local/lib/python3.8/site-packages/airflow/example_dags/example_nested_branch_dag.py
[2024-04-25T13:49:25.164+0000] {processor.py:839} INFO - DAG(s) dict_keys(['example_nested_branch_dag']) retrieved from /home/airflow/.local/lib/python3.8/site-packages/airflow/example_dags/example_nested_branch_dag.py
[2024-04-25T13:49:25.194+0000] {logging_mixin.py:154} INFO - [2024-04-25T13:49:25.194+0000] {dag.py:2941} INFO - Sync 1 DAGs
[2024-04-25T13:49:25.257+0000] {logging_mixin.py:154} INFO - [2024-04-25T13:49:25.256+0000] {dag.py:3722} INFO - Setting next_dagrun for example_nested_branch_dag to 2024-04-24T00:00:00+00:00, run_after=2024-04-25T00:00:00+00:00
[2024-04-25T13:49:25.299+0000] {processor.py:179} INFO - Processing /home/airflow/.local/lib/python3.8/site-packages/airflow/example_dags/example_nested_branch_dag.py took 0.168 seconds
[2024-04-25T13:49:55.935+0000] {processor.py:157} INFO - Started process (PID=434) to work on /home/airflow/.local/lib/python3.8/site-packages/airflow/example_dags/example_nested_branch_dag.py
[2024-04-25T13:49:55.938+0000] {processor.py:829} INFO - Processing file /home/airflow/.local/lib/python3.8/site-packages/airflow/example_dags/example_nested_branch_dag.py for tasks to queue
[2024-04-25T13:49:55.939+0000] {logging_mixin.py:154} INFO - [2024-04-25T13:49:55.938+0000] {dagbag.py:536} INFO - Filling up the DagBag from /home/airflow/.local/lib/python3.8/site-packages/airflow/example_dags/example_nested_branch_dag.py
[2024-04-25T13:49:55.956+0000] {processor.py:839} INFO - DAG(s) dict_keys(['example_nested_branch_dag']) retrieved from /home/airflow/.local/lib/python3.8/site-packages/airflow/example_dags/example_nested_branch_dag.py
[2024-04-25T13:49:55.990+0000] {logging_mixin.py:154} INFO - [2024-04-25T13:49:55.990+0000] {dag.py:2941} INFO - Sync 1 DAGs
[2024-04-25T13:49:56.022+0000] {logging_mixin.py:154} INFO - [2024-04-25T13:49:56.022+0000] {dag.py:3722} INFO - Setting next_dagrun for example_nested_branch_dag to 2024-04-24T00:00:00+00:00, run_after=2024-04-25T00:00:00+00:00
[2024-04-25T13:49:56.048+0000] {processor.py:179} INFO - Processing /home/airflow/.local/lib/python3.8/site-packages/airflow/example_dags/example_nested_branch_dag.py took 0.119 seconds
[2024-04-25T13:50:26.694+0000] {processor.py:157} INFO - Started process (PID=675) to work on /home/airflow/.local/lib/python3.8/site-packages/airflow/example_dags/example_nested_branch_dag.py
[2024-04-25T13:50:26.697+0000] {processor.py:829} INFO - Processing file /home/airflow/.local/lib/python3.8/site-packages/airflow/example_dags/example_nested_branch_dag.py for tasks to queue
[2024-04-25T13:50:26.700+0000] {logging_mixin.py:154} INFO - [2024-04-25T13:50:26.699+0000] {dagbag.py:536} INFO - Filling up the DagBag from /home/airflow/.local/lib/python3.8/site-packages/airflow/example_dags/example_nested_branch_dag.py
[2024-04-25T13:50:26.728+0000] {processor.py:839} INFO - DAG(s) dict_keys(['example_nested_branch_dag']) retrieved from /home/airflow/.local/lib/python3.8/site-packages/airflow/example_dags/example_nested_branch_dag.py
[2024-04-25T13:50:26.773+0000] {logging_mixin.py:154} INFO - [2024-04-25T13:50:26.773+0000] {dag.py:2941} INFO - Sync 1 DAGs
[2024-04-25T13:50:26.813+0000] {logging_mixin.py:154} INFO - [2024-04-25T13:50:26.813+0000] {dag.py:3722} INFO - Setting next_dagrun for example_nested_branch_dag to 2024-04-24T00:00:00+00:00, run_after=2024-04-25T00:00:00+00:00
[2024-04-25T13:50:26.845+0000] {processor.py:179} INFO - Processing /home/airflow/.local/lib/python3.8/site-packages/airflow/example_dags/example_nested_branch_dag.py took 0.160 seconds
[2024-04-25T13:50:57.868+0000] {processor.py:157} INFO - Started process (PID=918) to work on /home/airflow/.local/lib/python3.8/site-packages/airflow/example_dags/example_nested_branch_dag.py
[2024-04-25T13:50:57.873+0000] {processor.py:829} INFO - Processing file /home/airflow/.local/lib/python3.8/site-packages/airflow/example_dags/example_nested_branch_dag.py for tasks to queue
[2024-04-25T13:50:57.874+0000] {logging_mixin.py:154} INFO - [2024-04-25T13:50:57.874+0000] {dagbag.py:536} INFO - Filling up the DagBag from /home/airflow/.local/lib/python3.8/site-packages/airflow/example_dags/example_nested_branch_dag.py
[2024-04-25T13:50:57.894+0000] {processor.py:839} INFO - DAG(s) dict_keys(['example_nested_branch_dag']) retrieved from /home/airflow/.local/lib/python3.8/site-packages/airflow/example_dags/example_nested_branch_dag.py
[2024-04-25T13:50:57.932+0000] {logging_mixin.py:154} INFO - [2024-04-25T13:50:57.932+0000] {dag.py:2941} INFO - Sync 1 DAGs
[2024-04-25T13:50:57.971+0000] {logging_mixin.py:154} INFO - [2024-04-25T13:50:57.971+0000] {dag.py:3722} INFO - Setting next_dagrun for example_nested_branch_dag to 2024-04-24T00:00:00+00:00, run_after=2024-04-25T00:00:00+00:00
[2024-04-25T13:50:57.998+0000] {processor.py:179} INFO - Processing /home/airflow/.local/lib/python3.8/site-packages/airflow/example_dags/example_nested_branch_dag.py took 0.136 seconds
[2024-04-25T13:51:28.292+0000] {processor.py:157} INFO - Started process (PID=1158) to work on /home/airflow/.local/lib/python3.8/site-packages/airflow/example_dags/example_nested_branch_dag.py
[2024-04-25T13:51:28.295+0000] {processor.py:829} INFO - Processing file /home/airflow/.local/lib/python3.8/site-packages/airflow/example_dags/example_nested_branch_dag.py for tasks to queue
[2024-04-25T13:51:28.297+0000] {logging_mixin.py:154} INFO - [2024-04-25T13:51:28.296+0000] {dagbag.py:536} INFO - Filling up the DagBag from /home/airflow/.local/lib/python3.8/site-packages/airflow/example_dags/example_nested_branch_dag.py
[2024-04-25T13:51:28.312+0000] {processor.py:839} INFO - DAG(s) dict_keys(['example_nested_branch_dag']) retrieved from /home/airflow/.local/lib/python3.8/site-packages/airflow/example_dags/example_nested_branch_dag.py
[2024-04-25T13:51:28.350+0000] {logging_mixin.py:154} INFO - [2024-04-25T13:51:28.350+0000] {dag.py:2941} INFO - Sync 1 DAGs
[2024-04-25T13:51:28.383+0000] {logging_mixin.py:154} INFO - [2024-04-25T13:51:28.383+0000] {dag.py:3722} INFO - Setting next_dagrun for example_nested_branch_dag to 2024-04-24T00:00:00+00:00, run_after=2024-04-25T00:00:00+00:00
[2024-04-25T13:51:28.410+0000] {processor.py:179} INFO - Processing /home/airflow/.local/lib/python3.8/site-packages/airflow/example_dags/example_nested_branch_dag.py took 0.124 seconds
[2024-04-25T13:51:58.534+0000] {processor.py:157} INFO - Started process (PID=1401) to work on /home/airflow/.local/lib/python3.8/site-packages/airflow/example_dags/example_nested_branch_dag.py
[2024-04-25T13:51:58.536+0000] {processor.py:829} INFO - Processing file /home/airflow/.local/lib/python3.8/site-packages/airflow/example_dags/example_nested_branch_dag.py for tasks to queue
[2024-04-25T13:51:58.538+0000] {logging_mixin.py:154} INFO - [2024-04-25T13:51:58.538+0000] {dagbag.py:536} INFO - Filling up the DagBag from /home/airflow/.local/lib/python3.8/site-packages/airflow/example_dags/example_nested_branch_dag.py
[2024-04-25T13:51:58.560+0000] {processor.py:839} INFO - DAG(s) dict_keys(['example_nested_branch_dag']) retrieved from /home/airflow/.local/lib/python3.8/site-packages/airflow/example_dags/example_nested_branch_dag.py
[2024-04-25T13:51:58.596+0000] {logging_mixin.py:154} INFO - [2024-04-25T13:51:58.596+0000] {dag.py:2941} INFO - Sync 1 DAGs
[2024-04-25T13:51:58.643+0000] {logging_mixin.py:154} INFO - [2024-04-25T13:51:58.642+0000] {dag.py:3722} INFO - Setting next_dagrun for example_nested_branch_dag to 2024-04-24T00:00:00+00:00, run_after=2024-04-25T00:00:00+00:00
[2024-04-25T13:51:58.684+0000] {processor.py:179} INFO - Processing /home/airflow/.local/lib/python3.8/site-packages/airflow/example_dags/example_nested_branch_dag.py took 0.159 seconds
[2024-04-25T13:52:29.404+0000] {processor.py:157} INFO - Started process (PID=1648) to work on /home/airflow/.local/lib/python3.8/site-packages/airflow/example_dags/example_nested_branch_dag.py
[2024-04-25T13:52:29.409+0000] {processor.py:829} INFO - Processing file /home/airflow/.local/lib/python3.8/site-packages/airflow/example_dags/example_nested_branch_dag.py for tasks to queue
[2024-04-25T13:52:29.411+0000] {logging_mixin.py:154} INFO - [2024-04-25T13:52:29.410+0000] {dagbag.py:536} INFO - Filling up the DagBag from /home/airflow/.local/lib/python3.8/site-packages/airflow/example_dags/example_nested_branch_dag.py
[2024-04-25T13:52:29.448+0000] {processor.py:839} INFO - DAG(s) dict_keys(['example_nested_branch_dag']) retrieved from /home/airflow/.local/lib/python3.8/site-packages/airflow/example_dags/example_nested_branch_dag.py
[2024-04-25T13:52:29.518+0000] {logging_mixin.py:154} INFO - [2024-04-25T13:52:29.518+0000] {dag.py:2941} INFO - Sync 1 DAGs
[2024-04-25T13:52:29.576+0000] {logging_mixin.py:154} INFO - [2024-04-25T13:52:29.575+0000] {dag.py:3722} INFO - Setting next_dagrun for example_nested_branch_dag to 2024-04-24T00:00:00+00:00, run_after=2024-04-25T00:00:00+00:00
[2024-04-25T13:52:29.606+0000] {processor.py:179} INFO - Processing /home/airflow/.local/lib/python3.8/site-packages/airflow/example_dags/example_nested_branch_dag.py took 0.210 seconds
[2024-04-25T13:53:00.148+0000] {processor.py:157} INFO - Started process (PID=1894) to work on /home/airflow/.local/lib/python3.8/site-packages/airflow/example_dags/example_nested_branch_dag.py
[2024-04-25T13:53:00.152+0000] {processor.py:829} INFO - Processing file /home/airflow/.local/lib/python3.8/site-packages/airflow/example_dags/example_nested_branch_dag.py for tasks to queue
[2024-04-25T13:53:00.154+0000] {logging_mixin.py:154} INFO - [2024-04-25T13:53:00.153+0000] {dagbag.py:536} INFO - Filling up the DagBag from /home/airflow/.local/lib/python3.8/site-packages/airflow/example_dags/example_nested_branch_dag.py
[2024-04-25T13:53:00.181+0000] {processor.py:839} INFO - DAG(s) dict_keys(['example_nested_branch_dag']) retrieved from /home/airflow/.local/lib/python3.8/site-packages/airflow/example_dags/example_nested_branch_dag.py
[2024-04-25T13:53:00.233+0000] {logging_mixin.py:154} INFO - [2024-04-25T13:53:00.233+0000] {dag.py:2941} INFO - Sync 1 DAGs
[2024-04-25T13:53:00.275+0000] {logging_mixin.py:154} INFO - [2024-04-25T13:53:00.275+0000] {dag.py:3722} INFO - Setting next_dagrun for example_nested_branch_dag to 2024-04-24T00:00:00+00:00, run_after=2024-04-25T00:00:00+00:00
[2024-04-25T13:53:00.316+0000] {processor.py:179} INFO - Processing /home/airflow/.local/lib/python3.8/site-packages/airflow/example_dags/example_nested_branch_dag.py took 0.180 seconds
[2024-04-25T13:53:31.130+0000] {processor.py:157} INFO - Started process (PID=2137) to work on /home/airflow/.local/lib/python3.8/site-packages/airflow/example_dags/example_nested_branch_dag.py
[2024-04-25T13:53:31.132+0000] {processor.py:829} INFO - Processing file /home/airflow/.local/lib/python3.8/site-packages/airflow/example_dags/example_nested_branch_dag.py for tasks to queue
[2024-04-25T13:53:31.133+0000] {logging_mixin.py:154} INFO - [2024-04-25T13:53:31.133+0000] {dagbag.py:536} INFO - Filling up the DagBag from /home/airflow/.local/lib/python3.8/site-packages/airflow/example_dags/example_nested_branch_dag.py
[2024-04-25T13:53:31.157+0000] {processor.py:839} INFO - DAG(s) dict_keys(['example_nested_branch_dag']) retrieved from /home/airflow/.local/lib/python3.8/site-packages/airflow/example_dags/example_nested_branch_dag.py
[2024-04-25T13:53:31.196+0000] {logging_mixin.py:154} INFO - [2024-04-25T13:53:31.196+0000] {dag.py:2941} INFO - Sync 1 DAGs
[2024-04-25T13:53:31.230+0000] {logging_mixin.py:154} INFO - [2024-04-25T13:53:31.230+0000] {dag.py:3722} INFO - Setting next_dagrun for example_nested_branch_dag to 2024-04-24T00:00:00+00:00, run_after=2024-04-25T00:00:00+00:00
[2024-04-25T13:53:31.266+0000] {processor.py:179} INFO - Processing /home/airflow/.local/lib/python3.8/site-packages/airflow/example_dags/example_nested_branch_dag.py took 0.141 seconds
