[2024-04-25T12:38:03.195+0000] {processor.py:157} INFO - Started process (PID=298) to work on /home/airflow/.local/lib/python3.8/site-packages/airflow/example_dags/example_setup_teardown.py
[2024-04-25T12:38:03.197+0000] {processor.py:829} INFO - Processing file /home/airflow/.local/lib/python3.8/site-packages/airflow/example_dags/example_setup_teardown.py for tasks to queue
[2024-04-25T12:38:03.199+0000] {logging_mixin.py:154} INFO - [2024-04-25T12:38:03.198+0000] {dagbag.py:536} INFO - Filling up the DagBag from /home/airflow/.local/lib/python3.8/site-packages/airflow/example_dags/example_setup_teardown.py
[2024-04-25T12:38:03.215+0000] {processor.py:839} INFO - DAG(s) dict_keys(['example_setup_teardown']) retrieved from /home/airflow/.local/lib/python3.8/site-packages/airflow/example_dags/example_setup_teardown.py
[2024-04-25T12:38:03.428+0000] {logging_mixin.py:154} INFO - [2024-04-25T12:38:03.428+0000] {manager.py:499} INFO - Created Permission View: %s
[2024-04-25T12:38:03.447+0000] {logging_mixin.py:154} INFO - [2024-04-25T12:38:03.446+0000] {manager.py:499} INFO - Created Permission View: %s
[2024-04-25T12:38:03.458+0000] {logging_mixin.py:154} INFO - [2024-04-25T12:38:03.457+0000] {manager.py:499} INFO - Created Permission View: %s
[2024-04-25T12:38:03.458+0000] {logging_mixin.py:154} INFO - [2024-04-25T12:38:03.458+0000] {dag.py:2941} INFO - Sync 1 DAGs
[2024-04-25T12:38:03.480+0000] {logging_mixin.py:154} INFO - [2024-04-25T12:38:03.480+0000] {dag.py:2963} INFO - Creating ORM DAG for example_setup_teardown
[2024-04-25T12:38:03.497+0000] {logging_mixin.py:154} INFO - [2024-04-25T12:38:03.497+0000] {dag.py:3722} INFO - Setting next_dagrun for example_setup_teardown to 2024-04-24T12:38:03.497305+00:00, run_after=2024-04-25T12:38:03.497305+00:00
[2024-04-25T12:38:03.526+0000] {processor.py:179} INFO - Processing /home/airflow/.local/lib/python3.8/site-packages/airflow/example_dags/example_setup_teardown.py took 0.338 seconds
[2024-04-25T12:38:34.380+0000] {processor.py:157} INFO - Started process (PID=543) to work on /home/airflow/.local/lib/python3.8/site-packages/airflow/example_dags/example_setup_teardown.py
[2024-04-25T12:38:34.382+0000] {processor.py:829} INFO - Processing file /home/airflow/.local/lib/python3.8/site-packages/airflow/example_dags/example_setup_teardown.py for tasks to queue
[2024-04-25T12:38:34.383+0000] {logging_mixin.py:154} INFO - [2024-04-25T12:38:34.383+0000] {dagbag.py:536} INFO - Filling up the DagBag from /home/airflow/.local/lib/python3.8/site-packages/airflow/example_dags/example_setup_teardown.py
[2024-04-25T12:38:34.401+0000] {processor.py:839} INFO - DAG(s) dict_keys(['example_setup_teardown']) retrieved from /home/airflow/.local/lib/python3.8/site-packages/airflow/example_dags/example_setup_teardown.py
[2024-04-25T12:38:34.437+0000] {logging_mixin.py:154} INFO - [2024-04-25T12:38:34.437+0000] {dag.py:2941} INFO - Sync 1 DAGs
[2024-04-25T12:38:34.471+0000] {logging_mixin.py:154} INFO - [2024-04-25T12:38:34.471+0000] {dag.py:3722} INFO - Setting next_dagrun for example_setup_teardown to 2024-04-24T12:38:34.470592+00:00, run_after=2024-04-25T12:38:34.470592+00:00
[2024-04-25T12:38:34.504+0000] {processor.py:179} INFO - Processing /home/airflow/.local/lib/python3.8/site-packages/airflow/example_dags/example_setup_teardown.py took 0.130 seconds
[2024-04-25T12:39:04.818+0000] {processor.py:157} INFO - Started process (PID=787) to work on /home/airflow/.local/lib/python3.8/site-packages/airflow/example_dags/example_setup_teardown.py
[2024-04-25T12:39:04.822+0000] {processor.py:829} INFO - Processing file /home/airflow/.local/lib/python3.8/site-packages/airflow/example_dags/example_setup_teardown.py for tasks to queue
[2024-04-25T12:39:04.823+0000] {logging_mixin.py:154} INFO - [2024-04-25T12:39:04.823+0000] {dagbag.py:536} INFO - Filling up the DagBag from /home/airflow/.local/lib/python3.8/site-packages/airflow/example_dags/example_setup_teardown.py
[2024-04-25T12:39:04.834+0000] {processor.py:839} INFO - DAG(s) dict_keys(['example_setup_teardown']) retrieved from /home/airflow/.local/lib/python3.8/site-packages/airflow/example_dags/example_setup_teardown.py
[2024-04-25T12:39:04.870+0000] {logging_mixin.py:154} INFO - [2024-04-25T12:39:04.870+0000] {dag.py:2941} INFO - Sync 1 DAGs
[2024-04-25T12:39:04.901+0000] {logging_mixin.py:154} INFO - [2024-04-25T12:39:04.901+0000] {dag.py:3722} INFO - Setting next_dagrun for example_setup_teardown to 2024-04-24T12:39:04.901257+00:00, run_after=2024-04-25T12:39:04.901257+00:00
[2024-04-25T12:39:04.927+0000] {processor.py:179} INFO - Processing /home/airflow/.local/lib/python3.8/site-packages/airflow/example_dags/example_setup_teardown.py took 0.114 seconds
[2024-04-25T12:39:35.220+0000] {processor.py:157} INFO - Started process (PID=1030) to work on /home/airflow/.local/lib/python3.8/site-packages/airflow/example_dags/example_setup_teardown.py
[2024-04-25T12:39:35.222+0000] {processor.py:829} INFO - Processing file /home/airflow/.local/lib/python3.8/site-packages/airflow/example_dags/example_setup_teardown.py for tasks to queue
[2024-04-25T12:39:35.223+0000] {logging_mixin.py:154} INFO - [2024-04-25T12:39:35.223+0000] {dagbag.py:536} INFO - Filling up the DagBag from /home/airflow/.local/lib/python3.8/site-packages/airflow/example_dags/example_setup_teardown.py
[2024-04-25T12:39:35.235+0000] {processor.py:839} INFO - DAG(s) dict_keys(['example_setup_teardown']) retrieved from /home/airflow/.local/lib/python3.8/site-packages/airflow/example_dags/example_setup_teardown.py
[2024-04-25T12:39:35.269+0000] {logging_mixin.py:154} INFO - [2024-04-25T12:39:35.268+0000] {dag.py:2941} INFO - Sync 1 DAGs
[2024-04-25T12:39:35.298+0000] {logging_mixin.py:154} INFO - [2024-04-25T12:39:35.298+0000] {dag.py:3722} INFO - Setting next_dagrun for example_setup_teardown to 2024-04-24T12:39:35.297749+00:00, run_after=2024-04-25T12:39:35.297749+00:00
[2024-04-25T12:39:35.328+0000] {processor.py:179} INFO - Processing /home/airflow/.local/lib/python3.8/site-packages/airflow/example_dags/example_setup_teardown.py took 0.113 seconds
[2024-04-25T12:40:05.540+0000] {processor.py:157} INFO - Started process (PID=1273) to work on /home/airflow/.local/lib/python3.8/site-packages/airflow/example_dags/example_setup_teardown.py
[2024-04-25T12:40:05.542+0000] {processor.py:829} INFO - Processing file /home/airflow/.local/lib/python3.8/site-packages/airflow/example_dags/example_setup_teardown.py for tasks to queue
[2024-04-25T12:40:05.544+0000] {logging_mixin.py:154} INFO - [2024-04-25T12:40:05.543+0000] {dagbag.py:536} INFO - Filling up the DagBag from /home/airflow/.local/lib/python3.8/site-packages/airflow/example_dags/example_setup_teardown.py
[2024-04-25T12:40:05.562+0000] {processor.py:839} INFO - DAG(s) dict_keys(['example_setup_teardown']) retrieved from /home/airflow/.local/lib/python3.8/site-packages/airflow/example_dags/example_setup_teardown.py
[2024-04-25T12:40:05.602+0000] {logging_mixin.py:154} INFO - [2024-04-25T12:40:05.601+0000] {dag.py:2941} INFO - Sync 1 DAGs
[2024-04-25T12:40:05.648+0000] {logging_mixin.py:154} INFO - [2024-04-25T12:40:05.647+0000] {dag.py:3722} INFO - Setting next_dagrun for example_setup_teardown to 2024-04-24T12:40:05.647506+00:00, run_after=2024-04-25T12:40:05.647506+00:00
[2024-04-25T12:40:05.681+0000] {processor.py:179} INFO - Processing /home/airflow/.local/lib/python3.8/site-packages/airflow/example_dags/example_setup_teardown.py took 0.147 seconds
[2024-04-25T12:40:36.200+0000] {processor.py:157} INFO - Started process (PID=1516) to work on /home/airflow/.local/lib/python3.8/site-packages/airflow/example_dags/example_setup_teardown.py
[2024-04-25T12:40:36.202+0000] {processor.py:829} INFO - Processing file /home/airflow/.local/lib/python3.8/site-packages/airflow/example_dags/example_setup_teardown.py for tasks to queue
[2024-04-25T12:40:36.203+0000] {logging_mixin.py:154} INFO - [2024-04-25T12:40:36.203+0000] {dagbag.py:536} INFO - Filling up the DagBag from /home/airflow/.local/lib/python3.8/site-packages/airflow/example_dags/example_setup_teardown.py
[2024-04-25T12:40:36.215+0000] {processor.py:839} INFO - DAG(s) dict_keys(['example_setup_teardown']) retrieved from /home/airflow/.local/lib/python3.8/site-packages/airflow/example_dags/example_setup_teardown.py
[2024-04-25T12:40:36.252+0000] {logging_mixin.py:154} INFO - [2024-04-25T12:40:36.252+0000] {dag.py:2941} INFO - Sync 1 DAGs
[2024-04-25T12:40:36.285+0000] {logging_mixin.py:154} INFO - [2024-04-25T12:40:36.285+0000] {dag.py:3722} INFO - Setting next_dagrun for example_setup_teardown to 2024-04-24T12:40:36.284856+00:00, run_after=2024-04-25T12:40:36.284856+00:00
[2024-04-25T12:40:36.314+0000] {processor.py:179} INFO - Processing /home/airflow/.local/lib/python3.8/site-packages/airflow/example_dags/example_setup_teardown.py took 0.122 seconds
[2024-04-25T12:41:07.118+0000] {processor.py:157} INFO - Started process (PID=1759) to work on /home/airflow/.local/lib/python3.8/site-packages/airflow/example_dags/example_setup_teardown.py
[2024-04-25T12:41:07.121+0000] {processor.py:829} INFO - Processing file /home/airflow/.local/lib/python3.8/site-packages/airflow/example_dags/example_setup_teardown.py for tasks to queue
[2024-04-25T12:41:07.122+0000] {logging_mixin.py:154} INFO - [2024-04-25T12:41:07.122+0000] {dagbag.py:536} INFO - Filling up the DagBag from /home/airflow/.local/lib/python3.8/site-packages/airflow/example_dags/example_setup_teardown.py
[2024-04-25T12:41:07.134+0000] {processor.py:839} INFO - DAG(s) dict_keys(['example_setup_teardown']) retrieved from /home/airflow/.local/lib/python3.8/site-packages/airflow/example_dags/example_setup_teardown.py
[2024-04-25T12:41:07.168+0000] {logging_mixin.py:154} INFO - [2024-04-25T12:41:07.167+0000] {dag.py:2941} INFO - Sync 1 DAGs
[2024-04-25T12:41:07.200+0000] {logging_mixin.py:154} INFO - [2024-04-25T12:41:07.200+0000] {dag.py:3722} INFO - Setting next_dagrun for example_setup_teardown to 2024-04-24T12:41:07.200117+00:00, run_after=2024-04-25T12:41:07.200117+00:00
[2024-04-25T12:41:07.225+0000] {processor.py:179} INFO - Processing /home/airflow/.local/lib/python3.8/site-packages/airflow/example_dags/example_setup_teardown.py took 0.115 seconds
[2024-04-25T12:41:37.798+0000] {processor.py:157} INFO - Started process (PID=2002) to work on /home/airflow/.local/lib/python3.8/site-packages/airflow/example_dags/example_setup_teardown.py
[2024-04-25T12:41:37.799+0000] {processor.py:829} INFO - Processing file /home/airflow/.local/lib/python3.8/site-packages/airflow/example_dags/example_setup_teardown.py for tasks to queue
[2024-04-25T12:41:37.801+0000] {logging_mixin.py:154} INFO - [2024-04-25T12:41:37.800+0000] {dagbag.py:536} INFO - Filling up the DagBag from /home/airflow/.local/lib/python3.8/site-packages/airflow/example_dags/example_setup_teardown.py
[2024-04-25T12:41:37.813+0000] {processor.py:839} INFO - DAG(s) dict_keys(['example_setup_teardown']) retrieved from /home/airflow/.local/lib/python3.8/site-packages/airflow/example_dags/example_setup_teardown.py
[2024-04-25T12:41:37.851+0000] {logging_mixin.py:154} INFO - [2024-04-25T12:41:37.851+0000] {dag.py:2941} INFO - Sync 1 DAGs
[2024-04-25T12:41:37.885+0000] {logging_mixin.py:154} INFO - [2024-04-25T12:41:37.885+0000] {dag.py:3722} INFO - Setting next_dagrun for example_setup_teardown to 2024-04-24T12:41:37.885012+00:00, run_after=2024-04-25T12:41:37.885012+00:00
[2024-04-25T12:41:37.914+0000] {processor.py:179} INFO - Processing /home/airflow/.local/lib/python3.8/site-packages/airflow/example_dags/example_setup_teardown.py took 0.121 seconds
[2024-04-25T12:42:08.041+0000] {processor.py:157} INFO - Started process (PID=2251) to work on /home/airflow/.local/lib/python3.8/site-packages/airflow/example_dags/example_setup_teardown.py
[2024-04-25T12:42:08.043+0000] {processor.py:829} INFO - Processing file /home/airflow/.local/lib/python3.8/site-packages/airflow/example_dags/example_setup_teardown.py for tasks to queue
[2024-04-25T12:42:08.044+0000] {logging_mixin.py:154} INFO - [2024-04-25T12:42:08.044+0000] {dagbag.py:536} INFO - Filling up the DagBag from /home/airflow/.local/lib/python3.8/site-packages/airflow/example_dags/example_setup_teardown.py
[2024-04-25T12:42:08.061+0000] {processor.py:839} INFO - DAG(s) dict_keys(['example_setup_teardown']) retrieved from /home/airflow/.local/lib/python3.8/site-packages/airflow/example_dags/example_setup_teardown.py
[2024-04-25T12:42:08.104+0000] {logging_mixin.py:154} INFO - [2024-04-25T12:42:08.104+0000] {dag.py:2941} INFO - Sync 1 DAGs
[2024-04-25T12:42:08.144+0000] {logging_mixin.py:154} INFO - [2024-04-25T12:42:08.144+0000] {dag.py:3722} INFO - Setting next_dagrun for example_setup_teardown to 2024-04-24T12:42:08.143601+00:00, run_after=2024-04-25T12:42:08.143601+00:00
[2024-04-25T12:42:08.181+0000] {processor.py:179} INFO - Processing /home/airflow/.local/lib/python3.8/site-packages/airflow/example_dags/example_setup_teardown.py took 0.147 seconds
[2024-04-25T12:42:38.662+0000] {processor.py:157} INFO - Started process (PID=2495) to work on /home/airflow/.local/lib/python3.8/site-packages/airflow/example_dags/example_setup_teardown.py
[2024-04-25T12:42:38.663+0000] {processor.py:829} INFO - Processing file /home/airflow/.local/lib/python3.8/site-packages/airflow/example_dags/example_setup_teardown.py for tasks to queue
[2024-04-25T12:42:38.664+0000] {logging_mixin.py:154} INFO - [2024-04-25T12:42:38.664+0000] {dagbag.py:536} INFO - Filling up the DagBag from /home/airflow/.local/lib/python3.8/site-packages/airflow/example_dags/example_setup_teardown.py
[2024-04-25T12:42:38.680+0000] {processor.py:839} INFO - DAG(s) dict_keys(['example_setup_teardown']) retrieved from /home/airflow/.local/lib/python3.8/site-packages/airflow/example_dags/example_setup_teardown.py
[2024-04-25T12:42:38.718+0000] {logging_mixin.py:154} INFO - [2024-04-25T12:42:38.717+0000] {dag.py:2941} INFO - Sync 1 DAGs
[2024-04-25T12:42:38.754+0000] {logging_mixin.py:154} INFO - [2024-04-25T12:42:38.754+0000] {dag.py:3722} INFO - Setting next_dagrun for example_setup_teardown to 2024-04-24T12:42:38.754083+00:00, run_after=2024-04-25T12:42:38.754083+00:00
[2024-04-25T12:42:38.784+0000] {processor.py:179} INFO - Processing /home/airflow/.local/lib/python3.8/site-packages/airflow/example_dags/example_setup_teardown.py took 0.129 seconds
[2024-04-25T12:43:09.545+0000] {processor.py:157} INFO - Started process (PID=2738) to work on /home/airflow/.local/lib/python3.8/site-packages/airflow/example_dags/example_setup_teardown.py
[2024-04-25T12:43:09.548+0000] {processor.py:829} INFO - Processing file /home/airflow/.local/lib/python3.8/site-packages/airflow/example_dags/example_setup_teardown.py for tasks to queue
[2024-04-25T12:43:09.549+0000] {logging_mixin.py:154} INFO - [2024-04-25T12:43:09.548+0000] {dagbag.py:536} INFO - Filling up the DagBag from /home/airflow/.local/lib/python3.8/site-packages/airflow/example_dags/example_setup_teardown.py
[2024-04-25T12:43:09.561+0000] {processor.py:839} INFO - DAG(s) dict_keys(['example_setup_teardown']) retrieved from /home/airflow/.local/lib/python3.8/site-packages/airflow/example_dags/example_setup_teardown.py
[2024-04-25T12:43:09.606+0000] {logging_mixin.py:154} INFO - [2024-04-25T12:43:09.606+0000] {dag.py:2941} INFO - Sync 1 DAGs
[2024-04-25T12:43:09.644+0000] {logging_mixin.py:154} INFO - [2024-04-25T12:43:09.644+0000] {dag.py:3722} INFO - Setting next_dagrun for example_setup_teardown to 2024-04-24T12:43:09.643565+00:00, run_after=2024-04-25T12:43:09.643565+00:00
[2024-04-25T12:43:09.671+0000] {processor.py:179} INFO - Processing /home/airflow/.local/lib/python3.8/site-packages/airflow/example_dags/example_setup_teardown.py took 0.133 seconds
[2024-04-25T12:43:41.867+0000] {processor.py:157} INFO - Started process (PID=2987) to work on /home/airflow/.local/lib/python3.8/site-packages/airflow/example_dags/example_setup_teardown.py
[2024-04-25T12:43:41.870+0000] {processor.py:829} INFO - Processing file /home/airflow/.local/lib/python3.8/site-packages/airflow/example_dags/example_setup_teardown.py for tasks to queue
[2024-04-25T12:43:41.871+0000] {logging_mixin.py:154} INFO - [2024-04-25T12:43:41.870+0000] {dagbag.py:536} INFO - Filling up the DagBag from /home/airflow/.local/lib/python3.8/site-packages/airflow/example_dags/example_setup_teardown.py
[2024-04-25T12:43:41.891+0000] {processor.py:839} INFO - DAG(s) dict_keys(['example_setup_teardown']) retrieved from /home/airflow/.local/lib/python3.8/site-packages/airflow/example_dags/example_setup_teardown.py
[2024-04-25T12:43:41.951+0000] {logging_mixin.py:154} INFO - [2024-04-25T12:43:41.950+0000] {dag.py:2941} INFO - Sync 1 DAGs
[2024-04-25T12:43:42.010+0000] {logging_mixin.py:154} INFO - [2024-04-25T12:43:42.010+0000] {dag.py:3722} INFO - Setting next_dagrun for example_setup_teardown to 2024-04-24T12:43:42.009739+00:00, run_after=2024-04-25T12:43:42.009739+00:00
[2024-04-25T12:43:42.061+0000] {processor.py:179} INFO - Processing /home/airflow/.local/lib/python3.8/site-packages/airflow/example_dags/example_setup_teardown.py took 0.205 seconds
[2024-04-25T12:44:13.311+0000] {processor.py:157} INFO - Started process (PID=3245) to work on /home/airflow/.local/lib/python3.8/site-packages/airflow/example_dags/example_setup_teardown.py
[2024-04-25T12:44:13.315+0000] {processor.py:829} INFO - Processing file /home/airflow/.local/lib/python3.8/site-packages/airflow/example_dags/example_setup_teardown.py for tasks to queue
[2024-04-25T12:44:13.317+0000] {logging_mixin.py:154} INFO - [2024-04-25T12:44:13.316+0000] {dagbag.py:536} INFO - Filling up the DagBag from /home/airflow/.local/lib/python3.8/site-packages/airflow/example_dags/example_setup_teardown.py
[2024-04-25T12:44:13.333+0000] {processor.py:839} INFO - DAG(s) dict_keys(['example_setup_teardown']) retrieved from /home/airflow/.local/lib/python3.8/site-packages/airflow/example_dags/example_setup_teardown.py
[2024-04-25T12:44:13.388+0000] {logging_mixin.py:154} INFO - [2024-04-25T12:44:13.388+0000] {dag.py:2941} INFO - Sync 1 DAGs
[2024-04-25T12:44:13.436+0000] {logging_mixin.py:154} INFO - [2024-04-25T12:44:13.435+0000] {dag.py:3722} INFO - Setting next_dagrun for example_setup_teardown to 2024-04-24T12:44:13.435236+00:00, run_after=2024-04-25T12:44:13.435236+00:00
[2024-04-25T12:44:13.484+0000] {processor.py:179} INFO - Processing /home/airflow/.local/lib/python3.8/site-packages/airflow/example_dags/example_setup_teardown.py took 0.189 seconds
[2024-04-25T12:44:43.580+0000] {processor.py:157} INFO - Started process (PID=3488) to work on /home/airflow/.local/lib/python3.8/site-packages/airflow/example_dags/example_setup_teardown.py
[2024-04-25T12:44:43.582+0000] {processor.py:829} INFO - Processing file /home/airflow/.local/lib/python3.8/site-packages/airflow/example_dags/example_setup_teardown.py for tasks to queue
[2024-04-25T12:44:43.583+0000] {logging_mixin.py:154} INFO - [2024-04-25T12:44:43.583+0000] {dagbag.py:536} INFO - Filling up the DagBag from /home/airflow/.local/lib/python3.8/site-packages/airflow/example_dags/example_setup_teardown.py
[2024-04-25T12:44:43.595+0000] {processor.py:839} INFO - DAG(s) dict_keys(['example_setup_teardown']) retrieved from /home/airflow/.local/lib/python3.8/site-packages/airflow/example_dags/example_setup_teardown.py
[2024-04-25T12:44:43.629+0000] {logging_mixin.py:154} INFO - [2024-04-25T12:44:43.628+0000] {dag.py:2941} INFO - Sync 1 DAGs
[2024-04-25T12:44:43.663+0000] {logging_mixin.py:154} INFO - [2024-04-25T12:44:43.662+0000] {dag.py:3722} INFO - Setting next_dagrun for example_setup_teardown to 2024-04-24T12:44:43.662616+00:00, run_after=2024-04-25T12:44:43.662616+00:00
[2024-04-25T12:44:43.690+0000] {processor.py:179} INFO - Processing /home/airflow/.local/lib/python3.8/site-packages/airflow/example_dags/example_setup_teardown.py took 0.116 seconds
[2024-04-25T12:45:14.514+0000] {processor.py:157} INFO - Started process (PID=3730) to work on /home/airflow/.local/lib/python3.8/site-packages/airflow/example_dags/example_setup_teardown.py
[2024-04-25T12:45:14.518+0000] {processor.py:829} INFO - Processing file /home/airflow/.local/lib/python3.8/site-packages/airflow/example_dags/example_setup_teardown.py for tasks to queue
[2024-04-25T12:45:14.520+0000] {logging_mixin.py:154} INFO - [2024-04-25T12:45:14.519+0000] {dagbag.py:536} INFO - Filling up the DagBag from /home/airflow/.local/lib/python3.8/site-packages/airflow/example_dags/example_setup_teardown.py
[2024-04-25T12:45:14.537+0000] {processor.py:839} INFO - DAG(s) dict_keys(['example_setup_teardown']) retrieved from /home/airflow/.local/lib/python3.8/site-packages/airflow/example_dags/example_setup_teardown.py
[2024-04-25T12:45:14.578+0000] {logging_mixin.py:154} INFO - [2024-04-25T12:45:14.578+0000] {dag.py:2941} INFO - Sync 1 DAGs
[2024-04-25T12:45:14.622+0000] {logging_mixin.py:154} INFO - [2024-04-25T12:45:14.621+0000] {dag.py:3722} INFO - Setting next_dagrun for example_setup_teardown to 2024-04-24T12:45:14.621263+00:00, run_after=2024-04-25T12:45:14.621263+00:00
[2024-04-25T12:45:14.663+0000] {processor.py:179} INFO - Processing /home/airflow/.local/lib/python3.8/site-packages/airflow/example_dags/example_setup_teardown.py took 0.156 seconds
[2024-04-25T12:45:45.672+0000] {processor.py:157} INFO - Started process (PID=3973) to work on /home/airflow/.local/lib/python3.8/site-packages/airflow/example_dags/example_setup_teardown.py
[2024-04-25T12:45:45.674+0000] {processor.py:829} INFO - Processing file /home/airflow/.local/lib/python3.8/site-packages/airflow/example_dags/example_setup_teardown.py for tasks to queue
[2024-04-25T12:45:45.676+0000] {logging_mixin.py:154} INFO - [2024-04-25T12:45:45.675+0000] {dagbag.py:536} INFO - Filling up the DagBag from /home/airflow/.local/lib/python3.8/site-packages/airflow/example_dags/example_setup_teardown.py
[2024-04-25T12:45:45.692+0000] {processor.py:839} INFO - DAG(s) dict_keys(['example_setup_teardown']) retrieved from /home/airflow/.local/lib/python3.8/site-packages/airflow/example_dags/example_setup_teardown.py
[2024-04-25T12:45:45.735+0000] {logging_mixin.py:154} INFO - [2024-04-25T12:45:45.734+0000] {dag.py:2941} INFO - Sync 1 DAGs
[2024-04-25T12:45:45.778+0000] {logging_mixin.py:154} INFO - [2024-04-25T12:45:45.778+0000] {dag.py:3722} INFO - Setting next_dagrun for example_setup_teardown to 2024-04-24T12:45:45.777676+00:00, run_after=2024-04-25T12:45:45.777676+00:00
[2024-04-25T12:45:45.811+0000] {processor.py:179} INFO - Processing /home/airflow/.local/lib/python3.8/site-packages/airflow/example_dags/example_setup_teardown.py took 0.148 seconds
[2024-04-25T12:46:16.477+0000] {processor.py:157} INFO - Started process (PID=4216) to work on /home/airflow/.local/lib/python3.8/site-packages/airflow/example_dags/example_setup_teardown.py
[2024-04-25T12:46:16.480+0000] {processor.py:829} INFO - Processing file /home/airflow/.local/lib/python3.8/site-packages/airflow/example_dags/example_setup_teardown.py for tasks to queue
[2024-04-25T12:46:16.482+0000] {logging_mixin.py:154} INFO - [2024-04-25T12:46:16.481+0000] {dagbag.py:536} INFO - Filling up the DagBag from /home/airflow/.local/lib/python3.8/site-packages/airflow/example_dags/example_setup_teardown.py
[2024-04-25T12:46:16.499+0000] {processor.py:839} INFO - DAG(s) dict_keys(['example_setup_teardown']) retrieved from /home/airflow/.local/lib/python3.8/site-packages/airflow/example_dags/example_setup_teardown.py
[2024-04-25T12:46:16.538+0000] {logging_mixin.py:154} INFO - [2024-04-25T12:46:16.538+0000] {dag.py:2941} INFO - Sync 1 DAGs
[2024-04-25T12:46:16.583+0000] {logging_mixin.py:154} INFO - [2024-04-25T12:46:16.582+0000] {dag.py:3722} INFO - Setting next_dagrun for example_setup_teardown to 2024-04-24T12:46:16.582386+00:00, run_after=2024-04-25T12:46:16.582386+00:00
[2024-04-25T12:46:16.625+0000] {processor.py:179} INFO - Processing /home/airflow/.local/lib/python3.8/site-packages/airflow/example_dags/example_setup_teardown.py took 0.155 seconds
[2024-04-25T12:46:48.428+0000] {processor.py:157} INFO - Started process (PID=4459) to work on /home/airflow/.local/lib/python3.8/site-packages/airflow/example_dags/example_setup_teardown.py
[2024-04-25T12:46:48.431+0000] {processor.py:829} INFO - Processing file /home/airflow/.local/lib/python3.8/site-packages/airflow/example_dags/example_setup_teardown.py for tasks to queue
[2024-04-25T12:46:48.434+0000] {logging_mixin.py:154} INFO - [2024-04-25T12:46:48.433+0000] {dagbag.py:536} INFO - Filling up the DagBag from /home/airflow/.local/lib/python3.8/site-packages/airflow/example_dags/example_setup_teardown.py
[2024-04-25T12:46:48.459+0000] {processor.py:839} INFO - DAG(s) dict_keys(['example_setup_teardown']) retrieved from /home/airflow/.local/lib/python3.8/site-packages/airflow/example_dags/example_setup_teardown.py
[2024-04-25T12:46:48.539+0000] {logging_mixin.py:154} INFO - [2024-04-25T12:46:48.538+0000] {dag.py:2941} INFO - Sync 1 DAGs
[2024-04-25T12:46:48.661+0000] {logging_mixin.py:154} INFO - [2024-04-25T12:46:48.660+0000] {dag.py:3722} INFO - Setting next_dagrun for example_setup_teardown to 2024-04-24T12:46:48.660165+00:00, run_after=2024-04-25T12:46:48.660165+00:00
[2024-04-25T12:46:48.735+0000] {processor.py:179} INFO - Processing /home/airflow/.local/lib/python3.8/site-packages/airflow/example_dags/example_setup_teardown.py took 0.318 seconds
[2024-04-25T12:47:19.128+0000] {processor.py:157} INFO - Started process (PID=4702) to work on /home/airflow/.local/lib/python3.8/site-packages/airflow/example_dags/example_setup_teardown.py
[2024-04-25T12:47:19.130+0000] {processor.py:829} INFO - Processing file /home/airflow/.local/lib/python3.8/site-packages/airflow/example_dags/example_setup_teardown.py for tasks to queue
[2024-04-25T12:47:19.131+0000] {logging_mixin.py:154} INFO - [2024-04-25T12:47:19.130+0000] {dagbag.py:536} INFO - Filling up the DagBag from /home/airflow/.local/lib/python3.8/site-packages/airflow/example_dags/example_setup_teardown.py
[2024-04-25T12:47:19.143+0000] {processor.py:839} INFO - DAG(s) dict_keys(['example_setup_teardown']) retrieved from /home/airflow/.local/lib/python3.8/site-packages/airflow/example_dags/example_setup_teardown.py
[2024-04-25T12:47:19.182+0000] {logging_mixin.py:154} INFO - [2024-04-25T12:47:19.181+0000] {dag.py:2941} INFO - Sync 1 DAGs
[2024-04-25T12:47:19.216+0000] {logging_mixin.py:154} INFO - [2024-04-25T12:47:19.216+0000] {dag.py:3722} INFO - Setting next_dagrun for example_setup_teardown to 2024-04-24T12:47:19.215681+00:00, run_after=2024-04-25T12:47:19.215681+00:00
[2024-04-25T12:47:19.512+0000] {processor.py:179} INFO - Processing /home/airflow/.local/lib/python3.8/site-packages/airflow/example_dags/example_setup_teardown.py took 0.389 seconds
[2024-04-25T12:51:43.380+0000] {processor.py:157} INFO - Started process (PID=300) to work on /home/airflow/.local/lib/python3.8/site-packages/airflow/example_dags/example_setup_teardown.py
[2024-04-25T12:51:43.382+0000] {processor.py:829} INFO - Processing file /home/airflow/.local/lib/python3.8/site-packages/airflow/example_dags/example_setup_teardown.py for tasks to queue
[2024-04-25T12:51:43.384+0000] {logging_mixin.py:154} INFO - [2024-04-25T12:51:43.383+0000] {dagbag.py:536} INFO - Filling up the DagBag from /home/airflow/.local/lib/python3.8/site-packages/airflow/example_dags/example_setup_teardown.py
[2024-04-25T12:51:43.402+0000] {processor.py:839} INFO - DAG(s) dict_keys(['example_setup_teardown']) retrieved from /home/airflow/.local/lib/python3.8/site-packages/airflow/example_dags/example_setup_teardown.py
[2024-04-25T12:51:43.430+0000] {logging_mixin.py:154} INFO - [2024-04-25T12:51:43.429+0000] {dag.py:2941} INFO - Sync 1 DAGs
[2024-04-25T12:51:43.477+0000] {logging_mixin.py:154} INFO - [2024-04-25T12:51:43.477+0000] {dag.py:3722} INFO - Setting next_dagrun for example_setup_teardown to 2024-04-24T12:51:43.476793+00:00, run_after=2024-04-25T12:51:43.476793+00:00
[2024-04-25T12:51:43.518+0000] {processor.py:179} INFO - Processing /home/airflow/.local/lib/python3.8/site-packages/airflow/example_dags/example_setup_teardown.py took 0.146 seconds
[2024-04-25T12:52:14.140+0000] {processor.py:157} INFO - Started process (PID=541) to work on /home/airflow/.local/lib/python3.8/site-packages/airflow/example_dags/example_setup_teardown.py
[2024-04-25T12:52:14.142+0000] {processor.py:829} INFO - Processing file /home/airflow/.local/lib/python3.8/site-packages/airflow/example_dags/example_setup_teardown.py for tasks to queue
[2024-04-25T12:52:14.143+0000] {logging_mixin.py:154} INFO - [2024-04-25T12:52:14.142+0000] {dagbag.py:536} INFO - Filling up the DagBag from /home/airflow/.local/lib/python3.8/site-packages/airflow/example_dags/example_setup_teardown.py
[2024-04-25T12:52:14.180+0000] {processor.py:839} INFO - DAG(s) dict_keys(['example_setup_teardown']) retrieved from /home/airflow/.local/lib/python3.8/site-packages/airflow/example_dags/example_setup_teardown.py
[2024-04-25T12:52:14.218+0000] {logging_mixin.py:154} INFO - [2024-04-25T12:52:14.217+0000] {dag.py:2941} INFO - Sync 1 DAGs
[2024-04-25T12:52:14.249+0000] {logging_mixin.py:154} INFO - [2024-04-25T12:52:14.248+0000] {dag.py:3722} INFO - Setting next_dagrun for example_setup_teardown to 2024-04-24T12:52:14.248449+00:00, run_after=2024-04-25T12:52:14.248449+00:00
[2024-04-25T12:52:14.275+0000] {processor.py:179} INFO - Processing /home/airflow/.local/lib/python3.8/site-packages/airflow/example_dags/example_setup_teardown.py took 0.141 seconds
[2024-04-25T12:52:45.197+0000] {processor.py:157} INFO - Started process (PID=791) to work on /home/airflow/.local/lib/python3.8/site-packages/airflow/example_dags/example_setup_teardown.py
[2024-04-25T12:52:45.201+0000] {processor.py:829} INFO - Processing file /home/airflow/.local/lib/python3.8/site-packages/airflow/example_dags/example_setup_teardown.py for tasks to queue
[2024-04-25T12:52:45.202+0000] {logging_mixin.py:154} INFO - [2024-04-25T12:52:45.202+0000] {dagbag.py:536} INFO - Filling up the DagBag from /home/airflow/.local/lib/python3.8/site-packages/airflow/example_dags/example_setup_teardown.py
[2024-04-25T12:52:45.219+0000] {processor.py:839} INFO - DAG(s) dict_keys(['example_setup_teardown']) retrieved from /home/airflow/.local/lib/python3.8/site-packages/airflow/example_dags/example_setup_teardown.py
[2024-04-25T12:52:45.262+0000] {logging_mixin.py:154} INFO - [2024-04-25T12:52:45.262+0000] {dag.py:2941} INFO - Sync 1 DAGs
[2024-04-25T12:52:45.303+0000] {logging_mixin.py:154} INFO - [2024-04-25T12:52:45.302+0000] {dag.py:3722} INFO - Setting next_dagrun for example_setup_teardown to 2024-04-24T12:52:45.302251+00:00, run_after=2024-04-25T12:52:45.302251+00:00
[2024-04-25T12:52:45.344+0000] {processor.py:179} INFO - Processing /home/airflow/.local/lib/python3.8/site-packages/airflow/example_dags/example_setup_teardown.py took 0.154 seconds
[2024-04-25T12:53:15.896+0000] {processor.py:157} INFO - Started process (PID=1038) to work on /home/airflow/.local/lib/python3.8/site-packages/airflow/example_dags/example_setup_teardown.py
[2024-04-25T12:53:15.899+0000] {processor.py:829} INFO - Processing file /home/airflow/.local/lib/python3.8/site-packages/airflow/example_dags/example_setup_teardown.py for tasks to queue
[2024-04-25T12:53:15.900+0000] {logging_mixin.py:154} INFO - [2024-04-25T12:53:15.900+0000] {dagbag.py:536} INFO - Filling up the DagBag from /home/airflow/.local/lib/python3.8/site-packages/airflow/example_dags/example_setup_teardown.py
[2024-04-25T12:53:15.917+0000] {processor.py:839} INFO - DAG(s) dict_keys(['example_setup_teardown']) retrieved from /home/airflow/.local/lib/python3.8/site-packages/airflow/example_dags/example_setup_teardown.py
[2024-04-25T12:53:15.961+0000] {logging_mixin.py:154} INFO - [2024-04-25T12:53:15.960+0000] {dag.py:2941} INFO - Sync 1 DAGs
[2024-04-25T12:53:15.993+0000] {logging_mixin.py:154} INFO - [2024-04-25T12:53:15.993+0000] {dag.py:3722} INFO - Setting next_dagrun for example_setup_teardown to 2024-04-24T12:53:15.992819+00:00, run_after=2024-04-25T12:53:15.992819+00:00
[2024-04-25T12:53:16.024+0000] {processor.py:179} INFO - Processing /home/airflow/.local/lib/python3.8/site-packages/airflow/example_dags/example_setup_teardown.py took 0.135 seconds
[2024-04-25T12:53:46.111+0000] {processor.py:157} INFO - Started process (PID=1281) to work on /home/airflow/.local/lib/python3.8/site-packages/airflow/example_dags/example_setup_teardown.py
[2024-04-25T12:53:46.114+0000] {processor.py:829} INFO - Processing file /home/airflow/.local/lib/python3.8/site-packages/airflow/example_dags/example_setup_teardown.py for tasks to queue
[2024-04-25T12:53:46.115+0000] {logging_mixin.py:154} INFO - [2024-04-25T12:53:46.114+0000] {dagbag.py:536} INFO - Filling up the DagBag from /home/airflow/.local/lib/python3.8/site-packages/airflow/example_dags/example_setup_teardown.py
[2024-04-25T12:53:46.127+0000] {processor.py:839} INFO - DAG(s) dict_keys(['example_setup_teardown']) retrieved from /home/airflow/.local/lib/python3.8/site-packages/airflow/example_dags/example_setup_teardown.py
[2024-04-25T12:53:46.163+0000] {logging_mixin.py:154} INFO - [2024-04-25T12:53:46.163+0000] {dag.py:2941} INFO - Sync 1 DAGs
[2024-04-25T12:53:46.198+0000] {logging_mixin.py:154} INFO - [2024-04-25T12:53:46.198+0000] {dag.py:3722} INFO - Setting next_dagrun for example_setup_teardown to 2024-04-24T12:53:46.197820+00:00, run_after=2024-04-25T12:53:46.197820+00:00
[2024-04-25T12:53:46.226+0000] {processor.py:179} INFO - Processing /home/airflow/.local/lib/python3.8/site-packages/airflow/example_dags/example_setup_teardown.py took 0.120 seconds
[2024-04-25T12:54:16.468+0000] {processor.py:157} INFO - Started process (PID=1524) to work on /home/airflow/.local/lib/python3.8/site-packages/airflow/example_dags/example_setup_teardown.py
[2024-04-25T12:54:16.471+0000] {processor.py:829} INFO - Processing file /home/airflow/.local/lib/python3.8/site-packages/airflow/example_dags/example_setup_teardown.py for tasks to queue
[2024-04-25T12:54:16.473+0000] {logging_mixin.py:154} INFO - [2024-04-25T12:54:16.472+0000] {dagbag.py:536} INFO - Filling up the DagBag from /home/airflow/.local/lib/python3.8/site-packages/airflow/example_dags/example_setup_teardown.py
[2024-04-25T12:54:16.485+0000] {processor.py:839} INFO - DAG(s) dict_keys(['example_setup_teardown']) retrieved from /home/airflow/.local/lib/python3.8/site-packages/airflow/example_dags/example_setup_teardown.py
[2024-04-25T12:54:16.521+0000] {logging_mixin.py:154} INFO - [2024-04-25T12:54:16.521+0000] {dag.py:2941} INFO - Sync 1 DAGs
[2024-04-25T12:54:16.557+0000] {logging_mixin.py:154} INFO - [2024-04-25T12:54:16.556+0000] {dag.py:3722} INFO - Setting next_dagrun for example_setup_teardown to 2024-04-24T12:54:16.556021+00:00, run_after=2024-04-25T12:54:16.556021+00:00
[2024-04-25T12:54:16.593+0000] {processor.py:179} INFO - Processing /home/airflow/.local/lib/python3.8/site-packages/airflow/example_dags/example_setup_teardown.py took 0.132 seconds
[2024-04-25T12:54:47.681+0000] {processor.py:157} INFO - Started process (PID=1767) to work on /home/airflow/.local/lib/python3.8/site-packages/airflow/example_dags/example_setup_teardown.py
[2024-04-25T12:54:47.684+0000] {processor.py:829} INFO - Processing file /home/airflow/.local/lib/python3.8/site-packages/airflow/example_dags/example_setup_teardown.py for tasks to queue
[2024-04-25T12:54:47.686+0000] {logging_mixin.py:154} INFO - [2024-04-25T12:54:47.685+0000] {dagbag.py:536} INFO - Filling up the DagBag from /home/airflow/.local/lib/python3.8/site-packages/airflow/example_dags/example_setup_teardown.py
[2024-04-25T12:54:47.698+0000] {processor.py:839} INFO - DAG(s) dict_keys(['example_setup_teardown']) retrieved from /home/airflow/.local/lib/python3.8/site-packages/airflow/example_dags/example_setup_teardown.py
[2024-04-25T12:54:47.731+0000] {logging_mixin.py:154} INFO - [2024-04-25T12:54:47.731+0000] {dag.py:2941} INFO - Sync 1 DAGs
[2024-04-25T12:54:47.762+0000] {logging_mixin.py:154} INFO - [2024-04-25T12:54:47.761+0000] {dag.py:3722} INFO - Setting next_dagrun for example_setup_teardown to 2024-04-24T12:54:47.761541+00:00, run_after=2024-04-25T12:54:47.761541+00:00
[2024-04-25T12:54:47.799+0000] {processor.py:179} INFO - Processing /home/airflow/.local/lib/python3.8/site-packages/airflow/example_dags/example_setup_teardown.py took 0.124 seconds
[2024-04-25T12:55:18.035+0000] {processor.py:157} INFO - Started process (PID=2010) to work on /home/airflow/.local/lib/python3.8/site-packages/airflow/example_dags/example_setup_teardown.py
[2024-04-25T12:55:18.037+0000] {processor.py:829} INFO - Processing file /home/airflow/.local/lib/python3.8/site-packages/airflow/example_dags/example_setup_teardown.py for tasks to queue
[2024-04-25T12:55:18.039+0000] {logging_mixin.py:154} INFO - [2024-04-25T12:55:18.038+0000] {dagbag.py:536} INFO - Filling up the DagBag from /home/airflow/.local/lib/python3.8/site-packages/airflow/example_dags/example_setup_teardown.py
[2024-04-25T12:55:18.052+0000] {processor.py:839} INFO - DAG(s) dict_keys(['example_setup_teardown']) retrieved from /home/airflow/.local/lib/python3.8/site-packages/airflow/example_dags/example_setup_teardown.py
[2024-04-25T12:55:18.090+0000] {logging_mixin.py:154} INFO - [2024-04-25T12:55:18.090+0000] {dag.py:2941} INFO - Sync 1 DAGs
[2024-04-25T12:55:18.133+0000] {logging_mixin.py:154} INFO - [2024-04-25T12:55:18.133+0000] {dag.py:3722} INFO - Setting next_dagrun for example_setup_teardown to 2024-04-24T12:55:18.132564+00:00, run_after=2024-04-25T12:55:18.132564+00:00
[2024-04-25T12:55:18.165+0000] {processor.py:179} INFO - Processing /home/airflow/.local/lib/python3.8/site-packages/airflow/example_dags/example_setup_teardown.py took 0.136 seconds
[2024-04-25T13:10:33.208+0000] {processor.py:157} INFO - Started process (PID=298) to work on /home/airflow/.local/lib/python3.8/site-packages/airflow/example_dags/example_setup_teardown.py
[2024-04-25T13:10:33.211+0000] {processor.py:829} INFO - Processing file /home/airflow/.local/lib/python3.8/site-packages/airflow/example_dags/example_setup_teardown.py for tasks to queue
[2024-04-25T13:10:33.212+0000] {logging_mixin.py:154} INFO - [2024-04-25T13:10:33.212+0000] {dagbag.py:536} INFO - Filling up the DagBag from /home/airflow/.local/lib/python3.8/site-packages/airflow/example_dags/example_setup_teardown.py
[2024-04-25T13:10:33.233+0000] {processor.py:839} INFO - DAG(s) dict_keys(['example_setup_teardown']) retrieved from /home/airflow/.local/lib/python3.8/site-packages/airflow/example_dags/example_setup_teardown.py
[2024-04-25T13:10:33.257+0000] {logging_mixin.py:154} INFO - [2024-04-25T13:10:33.257+0000] {dag.py:2941} INFO - Sync 1 DAGs
[2024-04-25T13:10:33.304+0000] {logging_mixin.py:154} INFO - [2024-04-25T13:10:33.304+0000] {dag.py:3722} INFO - Setting next_dagrun for example_setup_teardown to 2024-04-24T13:10:33.303464+00:00, run_after=2024-04-25T13:10:33.303464+00:00
[2024-04-25T13:10:33.339+0000] {processor.py:179} INFO - Processing /home/airflow/.local/lib/python3.8/site-packages/airflow/example_dags/example_setup_teardown.py took 0.140 seconds
[2024-04-25T13:11:04.833+0000] {processor.py:157} INFO - Started process (PID=541) to work on /home/airflow/.local/lib/python3.8/site-packages/airflow/example_dags/example_setup_teardown.py
[2024-04-25T13:11:04.835+0000] {processor.py:829} INFO - Processing file /home/airflow/.local/lib/python3.8/site-packages/airflow/example_dags/example_setup_teardown.py for tasks to queue
[2024-04-25T13:11:04.838+0000] {logging_mixin.py:154} INFO - [2024-04-25T13:11:04.837+0000] {dagbag.py:536} INFO - Filling up the DagBag from /home/airflow/.local/lib/python3.8/site-packages/airflow/example_dags/example_setup_teardown.py
[2024-04-25T13:11:04.862+0000] {processor.py:839} INFO - DAG(s) dict_keys(['example_setup_teardown']) retrieved from /home/airflow/.local/lib/python3.8/site-packages/airflow/example_dags/example_setup_teardown.py
[2024-04-25T13:11:04.897+0000] {logging_mixin.py:154} INFO - [2024-04-25T13:11:04.896+0000] {dag.py:2941} INFO - Sync 1 DAGs
[2024-04-25T13:11:04.945+0000] {logging_mixin.py:154} INFO - [2024-04-25T13:11:04.945+0000] {dag.py:3722} INFO - Setting next_dagrun for example_setup_teardown to 2024-04-24T13:11:04.944734+00:00, run_after=2024-04-25T13:11:04.944734+00:00
[2024-04-25T13:11:04.974+0000] {processor.py:179} INFO - Processing /home/airflow/.local/lib/python3.8/site-packages/airflow/example_dags/example_setup_teardown.py took 0.149 seconds
[2024-04-25T13:11:35.086+0000] {processor.py:157} INFO - Started process (PID=784) to work on /home/airflow/.local/lib/python3.8/site-packages/airflow/example_dags/example_setup_teardown.py
[2024-04-25T13:11:35.088+0000] {processor.py:829} INFO - Processing file /home/airflow/.local/lib/python3.8/site-packages/airflow/example_dags/example_setup_teardown.py for tasks to queue
[2024-04-25T13:11:35.090+0000] {logging_mixin.py:154} INFO - [2024-04-25T13:11:35.089+0000] {dagbag.py:536} INFO - Filling up the DagBag from /home/airflow/.local/lib/python3.8/site-packages/airflow/example_dags/example_setup_teardown.py
[2024-04-25T13:11:35.109+0000] {processor.py:839} INFO - DAG(s) dict_keys(['example_setup_teardown']) retrieved from /home/airflow/.local/lib/python3.8/site-packages/airflow/example_dags/example_setup_teardown.py
[2024-04-25T13:11:35.144+0000] {logging_mixin.py:154} INFO - [2024-04-25T13:11:35.144+0000] {dag.py:2941} INFO - Sync 1 DAGs
[2024-04-25T13:11:35.179+0000] {logging_mixin.py:154} INFO - [2024-04-25T13:11:35.179+0000] {dag.py:3722} INFO - Setting next_dagrun for example_setup_teardown to 2024-04-24T13:11:35.179287+00:00, run_after=2024-04-25T13:11:35.179287+00:00
[2024-04-25T13:11:35.208+0000] {processor.py:179} INFO - Processing /home/airflow/.local/lib/python3.8/site-packages/airflow/example_dags/example_setup_teardown.py took 0.130 seconds
[2024-04-25T13:12:05.984+0000] {processor.py:157} INFO - Started process (PID=1034) to work on /home/airflow/.local/lib/python3.8/site-packages/airflow/example_dags/example_setup_teardown.py
[2024-04-25T13:12:05.986+0000] {processor.py:829} INFO - Processing file /home/airflow/.local/lib/python3.8/site-packages/airflow/example_dags/example_setup_teardown.py for tasks to queue
[2024-04-25T13:12:05.988+0000] {logging_mixin.py:154} INFO - [2024-04-25T13:12:05.987+0000] {dagbag.py:536} INFO - Filling up the DagBag from /home/airflow/.local/lib/python3.8/site-packages/airflow/example_dags/example_setup_teardown.py
[2024-04-25T13:12:06.000+0000] {processor.py:839} INFO - DAG(s) dict_keys(['example_setup_teardown']) retrieved from /home/airflow/.local/lib/python3.8/site-packages/airflow/example_dags/example_setup_teardown.py
[2024-04-25T13:12:06.033+0000] {logging_mixin.py:154} INFO - [2024-04-25T13:12:06.033+0000] {dag.py:2941} INFO - Sync 1 DAGs
[2024-04-25T13:12:06.068+0000] {logging_mixin.py:154} INFO - [2024-04-25T13:12:06.068+0000] {dag.py:3722} INFO - Setting next_dagrun for example_setup_teardown to 2024-04-24T13:12:06.067936+00:00, run_after=2024-04-25T13:12:06.067936+00:00
[2024-04-25T13:12:06.094+0000] {processor.py:179} INFO - Processing /home/airflow/.local/lib/python3.8/site-packages/airflow/example_dags/example_setup_teardown.py took 0.119 seconds
[2024-04-25T13:12:36.603+0000] {processor.py:157} INFO - Started process (PID=1280) to work on /home/airflow/.local/lib/python3.8/site-packages/airflow/example_dags/example_setup_teardown.py
[2024-04-25T13:12:36.606+0000] {processor.py:829} INFO - Processing file /home/airflow/.local/lib/python3.8/site-packages/airflow/example_dags/example_setup_teardown.py for tasks to queue
[2024-04-25T13:12:36.608+0000] {logging_mixin.py:154} INFO - [2024-04-25T13:12:36.607+0000] {dagbag.py:536} INFO - Filling up the DagBag from /home/airflow/.local/lib/python3.8/site-packages/airflow/example_dags/example_setup_teardown.py
[2024-04-25T13:12:36.630+0000] {processor.py:839} INFO - DAG(s) dict_keys(['example_setup_teardown']) retrieved from /home/airflow/.local/lib/python3.8/site-packages/airflow/example_dags/example_setup_teardown.py
[2024-04-25T13:12:36.673+0000] {logging_mixin.py:154} INFO - [2024-04-25T13:12:36.673+0000] {dag.py:2941} INFO - Sync 1 DAGs
[2024-04-25T13:12:36.722+0000] {logging_mixin.py:154} INFO - [2024-04-25T13:12:36.722+0000] {dag.py:3722} INFO - Setting next_dagrun for example_setup_teardown to 2024-04-24T13:12:36.721895+00:00, run_after=2024-04-25T13:12:36.721895+00:00
[2024-04-25T13:12:36.777+0000] {processor.py:179} INFO - Processing /home/airflow/.local/lib/python3.8/site-packages/airflow/example_dags/example_setup_teardown.py took 0.183 seconds
[2024-04-25T13:13:06.949+0000] {processor.py:157} INFO - Started process (PID=1525) to work on /home/airflow/.local/lib/python3.8/site-packages/airflow/example_dags/example_setup_teardown.py
[2024-04-25T13:13:06.952+0000] {processor.py:829} INFO - Processing file /home/airflow/.local/lib/python3.8/site-packages/airflow/example_dags/example_setup_teardown.py for tasks to queue
[2024-04-25T13:13:06.953+0000] {logging_mixin.py:154} INFO - [2024-04-25T13:13:06.952+0000] {dagbag.py:536} INFO - Filling up the DagBag from /home/airflow/.local/lib/python3.8/site-packages/airflow/example_dags/example_setup_teardown.py
[2024-04-25T13:13:06.965+0000] {processor.py:839} INFO - DAG(s) dict_keys(['example_setup_teardown']) retrieved from /home/airflow/.local/lib/python3.8/site-packages/airflow/example_dags/example_setup_teardown.py
[2024-04-25T13:13:06.996+0000] {logging_mixin.py:154} INFO - [2024-04-25T13:13:06.995+0000] {dag.py:2941} INFO - Sync 1 DAGs
[2024-04-25T13:13:07.026+0000] {logging_mixin.py:154} INFO - [2024-04-25T13:13:07.026+0000] {dag.py:3722} INFO - Setting next_dagrun for example_setup_teardown to 2024-04-24T13:13:07.026318+00:00, run_after=2024-04-25T13:13:07.026318+00:00
[2024-04-25T13:13:07.052+0000] {processor.py:179} INFO - Processing /home/airflow/.local/lib/python3.8/site-packages/airflow/example_dags/example_setup_teardown.py took 0.108 seconds
[2024-04-25T13:13:37.268+0000] {processor.py:157} INFO - Started process (PID=1767) to work on /home/airflow/.local/lib/python3.8/site-packages/airflow/example_dags/example_setup_teardown.py
[2024-04-25T13:13:37.271+0000] {processor.py:829} INFO - Processing file /home/airflow/.local/lib/python3.8/site-packages/airflow/example_dags/example_setup_teardown.py for tasks to queue
[2024-04-25T13:13:37.272+0000] {logging_mixin.py:154} INFO - [2024-04-25T13:13:37.272+0000] {dagbag.py:536} INFO - Filling up the DagBag from /home/airflow/.local/lib/python3.8/site-packages/airflow/example_dags/example_setup_teardown.py
[2024-04-25T13:13:37.288+0000] {processor.py:839} INFO - DAG(s) dict_keys(['example_setup_teardown']) retrieved from /home/airflow/.local/lib/python3.8/site-packages/airflow/example_dags/example_setup_teardown.py
[2024-04-25T13:13:37.331+0000] {logging_mixin.py:154} INFO - [2024-04-25T13:13:37.331+0000] {dag.py:2941} INFO - Sync 1 DAGs
[2024-04-25T13:13:37.365+0000] {logging_mixin.py:154} INFO - [2024-04-25T13:13:37.365+0000] {dag.py:3722} INFO - Setting next_dagrun for example_setup_teardown to 2024-04-24T13:13:37.364812+00:00, run_after=2024-04-25T13:13:37.364812+00:00
[2024-04-25T13:13:37.397+0000] {processor.py:179} INFO - Processing /home/airflow/.local/lib/python3.8/site-packages/airflow/example_dags/example_setup_teardown.py took 0.136 seconds
[2024-04-25T13:14:07.632+0000] {processor.py:157} INFO - Started process (PID=2011) to work on /home/airflow/.local/lib/python3.8/site-packages/airflow/example_dags/example_setup_teardown.py
[2024-04-25T13:14:07.635+0000] {processor.py:829} INFO - Processing file /home/airflow/.local/lib/python3.8/site-packages/airflow/example_dags/example_setup_teardown.py for tasks to queue
[2024-04-25T13:14:07.636+0000] {logging_mixin.py:154} INFO - [2024-04-25T13:14:07.636+0000] {dagbag.py:536} INFO - Filling up the DagBag from /home/airflow/.local/lib/python3.8/site-packages/airflow/example_dags/example_setup_teardown.py
[2024-04-25T13:14:07.650+0000] {processor.py:839} INFO - DAG(s) dict_keys(['example_setup_teardown']) retrieved from /home/airflow/.local/lib/python3.8/site-packages/airflow/example_dags/example_setup_teardown.py
[2024-04-25T13:14:07.683+0000] {logging_mixin.py:154} INFO - [2024-04-25T13:14:07.683+0000] {dag.py:2941} INFO - Sync 1 DAGs
[2024-04-25T13:14:07.714+0000] {logging_mixin.py:154} INFO - [2024-04-25T13:14:07.714+0000] {dag.py:3722} INFO - Setting next_dagrun for example_setup_teardown to 2024-04-24T13:14:07.713821+00:00, run_after=2024-04-25T13:14:07.713821+00:00
[2024-04-25T13:14:07.747+0000] {processor.py:179} INFO - Processing /home/airflow/.local/lib/python3.8/site-packages/airflow/example_dags/example_setup_teardown.py took 0.121 seconds
[2024-04-25T13:14:38.275+0000] {processor.py:157} INFO - Started process (PID=2254) to work on /home/airflow/.local/lib/python3.8/site-packages/airflow/example_dags/example_setup_teardown.py
[2024-04-25T13:14:38.277+0000] {processor.py:829} INFO - Processing file /home/airflow/.local/lib/python3.8/site-packages/airflow/example_dags/example_setup_teardown.py for tasks to queue
[2024-04-25T13:14:38.278+0000] {logging_mixin.py:154} INFO - [2024-04-25T13:14:38.278+0000] {dagbag.py:536} INFO - Filling up the DagBag from /home/airflow/.local/lib/python3.8/site-packages/airflow/example_dags/example_setup_teardown.py
[2024-04-25T13:14:38.293+0000] {processor.py:839} INFO - DAG(s) dict_keys(['example_setup_teardown']) retrieved from /home/airflow/.local/lib/python3.8/site-packages/airflow/example_dags/example_setup_teardown.py
[2024-04-25T13:14:38.337+0000] {logging_mixin.py:154} INFO - [2024-04-25T13:14:38.336+0000] {dag.py:2941} INFO - Sync 1 DAGs
[2024-04-25T13:14:38.381+0000] {logging_mixin.py:154} INFO - [2024-04-25T13:14:38.380+0000] {dag.py:3722} INFO - Setting next_dagrun for example_setup_teardown to 2024-04-24T13:14:38.380583+00:00, run_after=2024-04-25T13:14:38.380583+00:00
[2024-04-25T13:14:38.409+0000] {processor.py:179} INFO - Processing /home/airflow/.local/lib/python3.8/site-packages/airflow/example_dags/example_setup_teardown.py took 0.141 seconds
[2024-04-25T13:15:08.664+0000] {processor.py:157} INFO - Started process (PID=2497) to work on /home/airflow/.local/lib/python3.8/site-packages/airflow/example_dags/example_setup_teardown.py
[2024-04-25T13:15:08.666+0000] {processor.py:829} INFO - Processing file /home/airflow/.local/lib/python3.8/site-packages/airflow/example_dags/example_setup_teardown.py for tasks to queue
[2024-04-25T13:15:08.667+0000] {logging_mixin.py:154} INFO - [2024-04-25T13:15:08.667+0000] {dagbag.py:536} INFO - Filling up the DagBag from /home/airflow/.local/lib/python3.8/site-packages/airflow/example_dags/example_setup_teardown.py
[2024-04-25T13:15:08.681+0000] {processor.py:839} INFO - DAG(s) dict_keys(['example_setup_teardown']) retrieved from /home/airflow/.local/lib/python3.8/site-packages/airflow/example_dags/example_setup_teardown.py
[2024-04-25T13:15:08.724+0000] {logging_mixin.py:154} INFO - [2024-04-25T13:15:08.724+0000] {dag.py:2941} INFO - Sync 1 DAGs
[2024-04-25T13:15:08.768+0000] {logging_mixin.py:154} INFO - [2024-04-25T13:15:08.767+0000] {dag.py:3722} INFO - Setting next_dagrun for example_setup_teardown to 2024-04-24T13:15:08.767381+00:00, run_after=2024-04-25T13:15:08.767381+00:00
[2024-04-25T13:15:08.793+0000] {processor.py:179} INFO - Processing /home/airflow/.local/lib/python3.8/site-packages/airflow/example_dags/example_setup_teardown.py took 0.138 seconds
[2024-04-25T13:15:40.118+0000] {processor.py:157} INFO - Started process (PID=2742) to work on /home/airflow/.local/lib/python3.8/site-packages/airflow/example_dags/example_setup_teardown.py
[2024-04-25T13:15:40.119+0000] {processor.py:829} INFO - Processing file /home/airflow/.local/lib/python3.8/site-packages/airflow/example_dags/example_setup_teardown.py for tasks to queue
[2024-04-25T13:15:40.120+0000] {logging_mixin.py:154} INFO - [2024-04-25T13:15:40.120+0000] {dagbag.py:536} INFO - Filling up the DagBag from /home/airflow/.local/lib/python3.8/site-packages/airflow/example_dags/example_setup_teardown.py
[2024-04-25T13:15:40.132+0000] {processor.py:839} INFO - DAG(s) dict_keys(['example_setup_teardown']) retrieved from /home/airflow/.local/lib/python3.8/site-packages/airflow/example_dags/example_setup_teardown.py
[2024-04-25T13:15:40.164+0000] {logging_mixin.py:154} INFO - [2024-04-25T13:15:40.164+0000] {dag.py:2941} INFO - Sync 1 DAGs
[2024-04-25T13:15:40.197+0000] {logging_mixin.py:154} INFO - [2024-04-25T13:15:40.196+0000] {dag.py:3722} INFO - Setting next_dagrun for example_setup_teardown to 2024-04-24T13:15:40.196573+00:00, run_after=2024-04-25T13:15:40.196573+00:00
[2024-04-25T13:15:40.225+0000] {processor.py:179} INFO - Processing /home/airflow/.local/lib/python3.8/site-packages/airflow/example_dags/example_setup_teardown.py took 0.113 seconds
[2024-04-25T13:16:11.156+0000] {processor.py:157} INFO - Started process (PID=2983) to work on /home/airflow/.local/lib/python3.8/site-packages/airflow/example_dags/example_setup_teardown.py
[2024-04-25T13:16:11.158+0000] {processor.py:829} INFO - Processing file /home/airflow/.local/lib/python3.8/site-packages/airflow/example_dags/example_setup_teardown.py for tasks to queue
[2024-04-25T13:16:11.160+0000] {logging_mixin.py:154} INFO - [2024-04-25T13:16:11.159+0000] {dagbag.py:536} INFO - Filling up the DagBag from /home/airflow/.local/lib/python3.8/site-packages/airflow/example_dags/example_setup_teardown.py
[2024-04-25T13:16:11.171+0000] {processor.py:839} INFO - DAG(s) dict_keys(['example_setup_teardown']) retrieved from /home/airflow/.local/lib/python3.8/site-packages/airflow/example_dags/example_setup_teardown.py
[2024-04-25T13:16:11.201+0000] {logging_mixin.py:154} INFO - [2024-04-25T13:16:11.201+0000] {dag.py:2941} INFO - Sync 1 DAGs
[2024-04-25T13:16:11.234+0000] {logging_mixin.py:154} INFO - [2024-04-25T13:16:11.234+0000] {dag.py:3722} INFO - Setting next_dagrun for example_setup_teardown to 2024-04-24T13:16:11.233709+00:00, run_after=2024-04-25T13:16:11.233709+00:00
[2024-04-25T13:16:11.263+0000] {processor.py:179} INFO - Processing /home/airflow/.local/lib/python3.8/site-packages/airflow/example_dags/example_setup_teardown.py took 0.114 seconds
[2024-04-25T13:16:42.288+0000] {processor.py:157} INFO - Started process (PID=3229) to work on /home/airflow/.local/lib/python3.8/site-packages/airflow/example_dags/example_setup_teardown.py
[2024-04-25T13:16:42.290+0000] {processor.py:829} INFO - Processing file /home/airflow/.local/lib/python3.8/site-packages/airflow/example_dags/example_setup_teardown.py for tasks to queue
[2024-04-25T13:16:42.291+0000] {logging_mixin.py:154} INFO - [2024-04-25T13:16:42.290+0000] {dagbag.py:536} INFO - Filling up the DagBag from /home/airflow/.local/lib/python3.8/site-packages/airflow/example_dags/example_setup_teardown.py
[2024-04-25T13:16:42.310+0000] {processor.py:839} INFO - DAG(s) dict_keys(['example_setup_teardown']) retrieved from /home/airflow/.local/lib/python3.8/site-packages/airflow/example_dags/example_setup_teardown.py
[2024-04-25T13:16:42.353+0000] {logging_mixin.py:154} INFO - [2024-04-25T13:16:42.353+0000] {dag.py:2941} INFO - Sync 1 DAGs
[2024-04-25T13:16:42.398+0000] {logging_mixin.py:154} INFO - [2024-04-25T13:16:42.398+0000] {dag.py:3722} INFO - Setting next_dagrun for example_setup_teardown to 2024-04-24T13:16:42.397774+00:00, run_after=2024-04-25T13:16:42.397774+00:00
[2024-04-25T13:16:42.430+0000] {processor.py:179} INFO - Processing /home/airflow/.local/lib/python3.8/site-packages/airflow/example_dags/example_setup_teardown.py took 0.148 seconds
[2024-04-25T13:17:13.100+0000] {processor.py:157} INFO - Started process (PID=3470) to work on /home/airflow/.local/lib/python3.8/site-packages/airflow/example_dags/example_setup_teardown.py
[2024-04-25T13:17:13.103+0000] {processor.py:829} INFO - Processing file /home/airflow/.local/lib/python3.8/site-packages/airflow/example_dags/example_setup_teardown.py for tasks to queue
[2024-04-25T13:17:13.104+0000] {logging_mixin.py:154} INFO - [2024-04-25T13:17:13.104+0000] {dagbag.py:536} INFO - Filling up the DagBag from /home/airflow/.local/lib/python3.8/site-packages/airflow/example_dags/example_setup_teardown.py
[2024-04-25T13:17:13.120+0000] {processor.py:839} INFO - DAG(s) dict_keys(['example_setup_teardown']) retrieved from /home/airflow/.local/lib/python3.8/site-packages/airflow/example_dags/example_setup_teardown.py
[2024-04-25T13:17:13.160+0000] {logging_mixin.py:154} INFO - [2024-04-25T13:17:13.159+0000] {dag.py:2941} INFO - Sync 1 DAGs
[2024-04-25T13:17:13.194+0000] {logging_mixin.py:154} INFO - [2024-04-25T13:17:13.193+0000] {dag.py:3722} INFO - Setting next_dagrun for example_setup_teardown to 2024-04-24T13:17:13.193516+00:00, run_after=2024-04-25T13:17:13.193516+00:00
[2024-04-25T13:17:13.221+0000] {processor.py:179} INFO - Processing /home/airflow/.local/lib/python3.8/site-packages/airflow/example_dags/example_setup_teardown.py took 0.129 seconds
[2024-04-25T13:17:43.617+0000] {processor.py:157} INFO - Started process (PID=3713) to work on /home/airflow/.local/lib/python3.8/site-packages/airflow/example_dags/example_setup_teardown.py
[2024-04-25T13:17:43.619+0000] {processor.py:829} INFO - Processing file /home/airflow/.local/lib/python3.8/site-packages/airflow/example_dags/example_setup_teardown.py for tasks to queue
[2024-04-25T13:17:43.621+0000] {logging_mixin.py:154} INFO - [2024-04-25T13:17:43.620+0000] {dagbag.py:536} INFO - Filling up the DagBag from /home/airflow/.local/lib/python3.8/site-packages/airflow/example_dags/example_setup_teardown.py
[2024-04-25T13:17:43.636+0000] {processor.py:839} INFO - DAG(s) dict_keys(['example_setup_teardown']) retrieved from /home/airflow/.local/lib/python3.8/site-packages/airflow/example_dags/example_setup_teardown.py
[2024-04-25T13:17:43.671+0000] {logging_mixin.py:154} INFO - [2024-04-25T13:17:43.670+0000] {dag.py:2941} INFO - Sync 1 DAGs
[2024-04-25T13:17:43.704+0000] {logging_mixin.py:154} INFO - [2024-04-25T13:17:43.704+0000] {dag.py:3722} INFO - Setting next_dagrun for example_setup_teardown to 2024-04-24T13:17:43.704165+00:00, run_after=2024-04-25T13:17:43.704165+00:00
[2024-04-25T13:17:43.733+0000] {processor.py:179} INFO - Processing /home/airflow/.local/lib/python3.8/site-packages/airflow/example_dags/example_setup_teardown.py took 0.123 seconds
[2024-04-25T13:18:14.642+0000] {processor.py:157} INFO - Started process (PID=3957) to work on /home/airflow/.local/lib/python3.8/site-packages/airflow/example_dags/example_setup_teardown.py
[2024-04-25T13:18:14.644+0000] {processor.py:829} INFO - Processing file /home/airflow/.local/lib/python3.8/site-packages/airflow/example_dags/example_setup_teardown.py for tasks to queue
[2024-04-25T13:18:14.646+0000] {logging_mixin.py:154} INFO - [2024-04-25T13:18:14.645+0000] {dagbag.py:536} INFO - Filling up the DagBag from /home/airflow/.local/lib/python3.8/site-packages/airflow/example_dags/example_setup_teardown.py
[2024-04-25T13:18:14.662+0000] {processor.py:839} INFO - DAG(s) dict_keys(['example_setup_teardown']) retrieved from /home/airflow/.local/lib/python3.8/site-packages/airflow/example_dags/example_setup_teardown.py
[2024-04-25T13:18:14.698+0000] {logging_mixin.py:154} INFO - [2024-04-25T13:18:14.698+0000] {dag.py:2941} INFO - Sync 1 DAGs
[2024-04-25T13:18:14.738+0000] {logging_mixin.py:154} INFO - [2024-04-25T13:18:14.738+0000] {dag.py:3722} INFO - Setting next_dagrun for example_setup_teardown to 2024-04-24T13:18:14.738058+00:00, run_after=2024-04-25T13:18:14.738058+00:00
[2024-04-25T13:18:14.765+0000] {processor.py:179} INFO - Processing /home/airflow/.local/lib/python3.8/site-packages/airflow/example_dags/example_setup_teardown.py took 0.131 seconds
[2024-04-25T13:18:45.679+0000] {processor.py:157} INFO - Started process (PID=4201) to work on /home/airflow/.local/lib/python3.8/site-packages/airflow/example_dags/example_setup_teardown.py
[2024-04-25T13:18:45.681+0000] {processor.py:829} INFO - Processing file /home/airflow/.local/lib/python3.8/site-packages/airflow/example_dags/example_setup_teardown.py for tasks to queue
[2024-04-25T13:18:45.682+0000] {logging_mixin.py:154} INFO - [2024-04-25T13:18:45.682+0000] {dagbag.py:536} INFO - Filling up the DagBag from /home/airflow/.local/lib/python3.8/site-packages/airflow/example_dags/example_setup_teardown.py
[2024-04-25T13:18:45.694+0000] {processor.py:839} INFO - DAG(s) dict_keys(['example_setup_teardown']) retrieved from /home/airflow/.local/lib/python3.8/site-packages/airflow/example_dags/example_setup_teardown.py
[2024-04-25T13:18:45.734+0000] {logging_mixin.py:154} INFO - [2024-04-25T13:18:45.734+0000] {dag.py:2941} INFO - Sync 1 DAGs
[2024-04-25T13:18:45.779+0000] {logging_mixin.py:154} INFO - [2024-04-25T13:18:45.779+0000] {dag.py:3722} INFO - Setting next_dagrun for example_setup_teardown to 2024-04-24T13:18:45.778785+00:00, run_after=2024-04-25T13:18:45.778785+00:00
[2024-04-25T13:18:45.816+0000] {processor.py:179} INFO - Processing /home/airflow/.local/lib/python3.8/site-packages/airflow/example_dags/example_setup_teardown.py took 0.142 seconds
[2024-04-25T13:27:15.970+0000] {processor.py:157} INFO - Started process (PID=300) to work on /home/airflow/.local/lib/python3.8/site-packages/airflow/example_dags/example_setup_teardown.py
[2024-04-25T13:27:15.972+0000] {processor.py:829} INFO - Processing file /home/airflow/.local/lib/python3.8/site-packages/airflow/example_dags/example_setup_teardown.py for tasks to queue
[2024-04-25T13:27:15.973+0000] {logging_mixin.py:154} INFO - [2024-04-25T13:27:15.973+0000] {dagbag.py:536} INFO - Filling up the DagBag from /home/airflow/.local/lib/python3.8/site-packages/airflow/example_dags/example_setup_teardown.py
[2024-04-25T13:27:15.986+0000] {processor.py:839} INFO - DAG(s) dict_keys(['example_setup_teardown']) retrieved from /home/airflow/.local/lib/python3.8/site-packages/airflow/example_dags/example_setup_teardown.py
[2024-04-25T13:27:16.009+0000] {logging_mixin.py:154} INFO - [2024-04-25T13:27:16.009+0000] {dag.py:2941} INFO - Sync 1 DAGs
[2024-04-25T13:27:16.044+0000] {logging_mixin.py:154} INFO - [2024-04-25T13:27:16.044+0000] {dag.py:3722} INFO - Setting next_dagrun for example_setup_teardown to 2024-04-24T13:27:16.043950+00:00, run_after=2024-04-25T13:27:16.043950+00:00
[2024-04-25T13:27:16.077+0000] {processor.py:179} INFO - Processing /home/airflow/.local/lib/python3.8/site-packages/airflow/example_dags/example_setup_teardown.py took 0.113 seconds
[2024-04-25T13:27:46.507+0000] {processor.py:157} INFO - Started process (PID=541) to work on /home/airflow/.local/lib/python3.8/site-packages/airflow/example_dags/example_setup_teardown.py
[2024-04-25T13:27:46.508+0000] {processor.py:829} INFO - Processing file /home/airflow/.local/lib/python3.8/site-packages/airflow/example_dags/example_setup_teardown.py for tasks to queue
[2024-04-25T13:27:46.510+0000] {logging_mixin.py:154} INFO - [2024-04-25T13:27:46.509+0000] {dagbag.py:536} INFO - Filling up the DagBag from /home/airflow/.local/lib/python3.8/site-packages/airflow/example_dags/example_setup_teardown.py
[2024-04-25T13:27:46.535+0000] {processor.py:839} INFO - DAG(s) dict_keys(['example_setup_teardown']) retrieved from /home/airflow/.local/lib/python3.8/site-packages/airflow/example_dags/example_setup_teardown.py
[2024-04-25T13:27:46.574+0000] {logging_mixin.py:154} INFO - [2024-04-25T13:27:46.574+0000] {dag.py:2941} INFO - Sync 1 DAGs
[2024-04-25T13:27:46.622+0000] {logging_mixin.py:154} INFO - [2024-04-25T13:27:46.622+0000] {dag.py:3722} INFO - Setting next_dagrun for example_setup_teardown to 2024-04-24T13:27:46.621598+00:00, run_after=2024-04-25T13:27:46.621598+00:00
[2024-04-25T13:27:46.667+0000] {processor.py:179} INFO - Processing /home/airflow/.local/lib/python3.8/site-packages/airflow/example_dags/example_setup_teardown.py took 0.166 seconds
[2024-04-25T13:28:17.015+0000] {processor.py:157} INFO - Started process (PID=784) to work on /home/airflow/.local/lib/python3.8/site-packages/airflow/example_dags/example_setup_teardown.py
[2024-04-25T13:28:17.017+0000] {processor.py:829} INFO - Processing file /home/airflow/.local/lib/python3.8/site-packages/airflow/example_dags/example_setup_teardown.py for tasks to queue
[2024-04-25T13:28:17.019+0000] {logging_mixin.py:154} INFO - [2024-04-25T13:28:17.018+0000] {dagbag.py:536} INFO - Filling up the DagBag from /home/airflow/.local/lib/python3.8/site-packages/airflow/example_dags/example_setup_teardown.py
[2024-04-25T13:28:17.035+0000] {processor.py:839} INFO - DAG(s) dict_keys(['example_setup_teardown']) retrieved from /home/airflow/.local/lib/python3.8/site-packages/airflow/example_dags/example_setup_teardown.py
[2024-04-25T13:28:17.078+0000] {logging_mixin.py:154} INFO - [2024-04-25T13:28:17.078+0000] {dag.py:2941} INFO - Sync 1 DAGs
[2024-04-25T13:28:17.116+0000] {logging_mixin.py:154} INFO - [2024-04-25T13:28:17.115+0000] {dag.py:3722} INFO - Setting next_dagrun for example_setup_teardown to 2024-04-24T13:28:17.115242+00:00, run_after=2024-04-25T13:28:17.115242+00:00
[2024-04-25T13:28:17.144+0000] {processor.py:179} INFO - Processing /home/airflow/.local/lib/python3.8/site-packages/airflow/example_dags/example_setup_teardown.py took 0.135 seconds
[2024-04-25T13:28:48.148+0000] {processor.py:157} INFO - Started process (PID=1034) to work on /home/airflow/.local/lib/python3.8/site-packages/airflow/example_dags/example_setup_teardown.py
[2024-04-25T13:28:48.152+0000] {processor.py:829} INFO - Processing file /home/airflow/.local/lib/python3.8/site-packages/airflow/example_dags/example_setup_teardown.py for tasks to queue
[2024-04-25T13:28:48.155+0000] {logging_mixin.py:154} INFO - [2024-04-25T13:28:48.154+0000] {dagbag.py:536} INFO - Filling up the DagBag from /home/airflow/.local/lib/python3.8/site-packages/airflow/example_dags/example_setup_teardown.py
[2024-04-25T13:28:48.170+0000] {processor.py:839} INFO - DAG(s) dict_keys(['example_setup_teardown']) retrieved from /home/airflow/.local/lib/python3.8/site-packages/airflow/example_dags/example_setup_teardown.py
[2024-04-25T13:28:48.215+0000] {logging_mixin.py:154} INFO - [2024-04-25T13:28:48.214+0000] {dag.py:2941} INFO - Sync 1 DAGs
[2024-04-25T13:28:48.266+0000] {logging_mixin.py:154} INFO - [2024-04-25T13:28:48.265+0000] {dag.py:3722} INFO - Setting next_dagrun for example_setup_teardown to 2024-04-24T13:28:48.265196+00:00, run_after=2024-04-25T13:28:48.265196+00:00
[2024-04-25T13:28:48.304+0000] {processor.py:179} INFO - Processing /home/airflow/.local/lib/python3.8/site-packages/airflow/example_dags/example_setup_teardown.py took 0.163 seconds
[2024-04-25T13:29:19.471+0000] {processor.py:157} INFO - Started process (PID=1282) to work on /home/airflow/.local/lib/python3.8/site-packages/airflow/example_dags/example_setup_teardown.py
[2024-04-25T13:29:19.473+0000] {processor.py:829} INFO - Processing file /home/airflow/.local/lib/python3.8/site-packages/airflow/example_dags/example_setup_teardown.py for tasks to queue
[2024-04-25T13:29:19.474+0000] {logging_mixin.py:154} INFO - [2024-04-25T13:29:19.474+0000] {dagbag.py:536} INFO - Filling up the DagBag from /home/airflow/.local/lib/python3.8/site-packages/airflow/example_dags/example_setup_teardown.py
[2024-04-25T13:29:19.492+0000] {processor.py:839} INFO - DAG(s) dict_keys(['example_setup_teardown']) retrieved from /home/airflow/.local/lib/python3.8/site-packages/airflow/example_dags/example_setup_teardown.py
[2024-04-25T13:29:19.543+0000] {logging_mixin.py:154} INFO - [2024-04-25T13:29:19.543+0000] {dag.py:2941} INFO - Sync 1 DAGs
[2024-04-25T13:29:19.593+0000] {logging_mixin.py:154} INFO - [2024-04-25T13:29:19.593+0000] {dag.py:3722} INFO - Setting next_dagrun for example_setup_teardown to 2024-04-24T13:29:19.593099+00:00, run_after=2024-04-25T13:29:19.593099+00:00
[2024-04-25T13:29:19.625+0000] {processor.py:179} INFO - Processing /home/airflow/.local/lib/python3.8/site-packages/airflow/example_dags/example_setup_teardown.py took 0.162 seconds
[2024-04-25T13:29:49.728+0000] {processor.py:157} INFO - Started process (PID=1523) to work on /home/airflow/.local/lib/python3.8/site-packages/airflow/example_dags/example_setup_teardown.py
[2024-04-25T13:29:49.731+0000] {processor.py:829} INFO - Processing file /home/airflow/.local/lib/python3.8/site-packages/airflow/example_dags/example_setup_teardown.py for tasks to queue
[2024-04-25T13:29:49.733+0000] {logging_mixin.py:154} INFO - [2024-04-25T13:29:49.732+0000] {dagbag.py:536} INFO - Filling up the DagBag from /home/airflow/.local/lib/python3.8/site-packages/airflow/example_dags/example_setup_teardown.py
[2024-04-25T13:29:49.748+0000] {processor.py:839} INFO - DAG(s) dict_keys(['example_setup_teardown']) retrieved from /home/airflow/.local/lib/python3.8/site-packages/airflow/example_dags/example_setup_teardown.py
[2024-04-25T13:29:49.790+0000] {logging_mixin.py:154} INFO - [2024-04-25T13:29:49.790+0000] {dag.py:2941} INFO - Sync 1 DAGs
[2024-04-25T13:29:49.835+0000] {logging_mixin.py:154} INFO - [2024-04-25T13:29:49.834+0000] {dag.py:3722} INFO - Setting next_dagrun for example_setup_teardown to 2024-04-24T13:29:49.834131+00:00, run_after=2024-04-25T13:29:49.834131+00:00
[2024-04-25T13:29:49.873+0000] {processor.py:179} INFO - Processing /home/airflow/.local/lib/python3.8/site-packages/airflow/example_dags/example_setup_teardown.py took 0.153 seconds
[2024-04-25T13:30:20.339+0000] {processor.py:157} INFO - Started process (PID=1766) to work on /home/airflow/.local/lib/python3.8/site-packages/airflow/example_dags/example_setup_teardown.py
[2024-04-25T13:30:20.341+0000] {processor.py:829} INFO - Processing file /home/airflow/.local/lib/python3.8/site-packages/airflow/example_dags/example_setup_teardown.py for tasks to queue
[2024-04-25T13:30:20.343+0000] {logging_mixin.py:154} INFO - [2024-04-25T13:30:20.342+0000] {dagbag.py:536} INFO - Filling up the DagBag from /home/airflow/.local/lib/python3.8/site-packages/airflow/example_dags/example_setup_teardown.py
[2024-04-25T13:30:20.359+0000] {processor.py:839} INFO - DAG(s) dict_keys(['example_setup_teardown']) retrieved from /home/airflow/.local/lib/python3.8/site-packages/airflow/example_dags/example_setup_teardown.py
[2024-04-25T13:30:20.393+0000] {logging_mixin.py:154} INFO - [2024-04-25T13:30:20.393+0000] {dag.py:2941} INFO - Sync 1 DAGs
[2024-04-25T13:30:20.424+0000] {logging_mixin.py:154} INFO - [2024-04-25T13:30:20.424+0000] {dag.py:3722} INFO - Setting next_dagrun for example_setup_teardown to 2024-04-24T13:30:20.424019+00:00, run_after=2024-04-25T13:30:20.424019+00:00
[2024-04-25T13:30:20.452+0000] {processor.py:179} INFO - Processing /home/airflow/.local/lib/python3.8/site-packages/airflow/example_dags/example_setup_teardown.py took 0.120 seconds
[2024-04-25T13:30:51.053+0000] {processor.py:157} INFO - Started process (PID=2010) to work on /home/airflow/.local/lib/python3.8/site-packages/airflow/example_dags/example_setup_teardown.py
[2024-04-25T13:30:51.054+0000] {processor.py:829} INFO - Processing file /home/airflow/.local/lib/python3.8/site-packages/airflow/example_dags/example_setup_teardown.py for tasks to queue
[2024-04-25T13:30:51.055+0000] {logging_mixin.py:154} INFO - [2024-04-25T13:30:51.054+0000] {dagbag.py:536} INFO - Filling up the DagBag from /home/airflow/.local/lib/python3.8/site-packages/airflow/example_dags/example_setup_teardown.py
[2024-04-25T13:30:51.068+0000] {processor.py:839} INFO - DAG(s) dict_keys(['example_setup_teardown']) retrieved from /home/airflow/.local/lib/python3.8/site-packages/airflow/example_dags/example_setup_teardown.py
[2024-04-25T13:30:51.100+0000] {logging_mixin.py:154} INFO - [2024-04-25T13:30:51.100+0000] {dag.py:2941} INFO - Sync 1 DAGs
[2024-04-25T13:30:51.130+0000] {logging_mixin.py:154} INFO - [2024-04-25T13:30:51.130+0000] {dag.py:3722} INFO - Setting next_dagrun for example_setup_teardown to 2024-04-24T13:30:51.130101+00:00, run_after=2024-04-25T13:30:51.130101+00:00
[2024-04-25T13:30:51.158+0000] {processor.py:179} INFO - Processing /home/airflow/.local/lib/python3.8/site-packages/airflow/example_dags/example_setup_teardown.py took 0.113 seconds
[2024-04-25T13:31:21.787+0000] {processor.py:157} INFO - Started process (PID=2253) to work on /home/airflow/.local/lib/python3.8/site-packages/airflow/example_dags/example_setup_teardown.py
[2024-04-25T13:31:21.790+0000] {processor.py:829} INFO - Processing file /home/airflow/.local/lib/python3.8/site-packages/airflow/example_dags/example_setup_teardown.py for tasks to queue
[2024-04-25T13:31:21.791+0000] {logging_mixin.py:154} INFO - [2024-04-25T13:31:21.791+0000] {dagbag.py:536} INFO - Filling up the DagBag from /home/airflow/.local/lib/python3.8/site-packages/airflow/example_dags/example_setup_teardown.py
[2024-04-25T13:31:21.807+0000] {processor.py:839} INFO - DAG(s) dict_keys(['example_setup_teardown']) retrieved from /home/airflow/.local/lib/python3.8/site-packages/airflow/example_dags/example_setup_teardown.py
[2024-04-25T13:31:21.849+0000] {logging_mixin.py:154} INFO - [2024-04-25T13:31:21.849+0000] {dag.py:2941} INFO - Sync 1 DAGs
[2024-04-25T13:31:21.892+0000] {logging_mixin.py:154} INFO - [2024-04-25T13:31:21.891+0000] {dag.py:3722} INFO - Setting next_dagrun for example_setup_teardown to 2024-04-24T13:31:21.891214+00:00, run_after=2024-04-25T13:31:21.891214+00:00
[2024-04-25T13:31:21.929+0000] {processor.py:179} INFO - Processing /home/airflow/.local/lib/python3.8/site-packages/airflow/example_dags/example_setup_teardown.py took 0.149 seconds
[2024-04-25T13:31:52.357+0000] {processor.py:157} INFO - Started process (PID=2496) to work on /home/airflow/.local/lib/python3.8/site-packages/airflow/example_dags/example_setup_teardown.py
[2024-04-25T13:31:52.359+0000] {processor.py:829} INFO - Processing file /home/airflow/.local/lib/python3.8/site-packages/airflow/example_dags/example_setup_teardown.py for tasks to queue
[2024-04-25T13:31:52.361+0000] {logging_mixin.py:154} INFO - [2024-04-25T13:31:52.360+0000] {dagbag.py:536} INFO - Filling up the DagBag from /home/airflow/.local/lib/python3.8/site-packages/airflow/example_dags/example_setup_teardown.py
[2024-04-25T13:31:52.375+0000] {processor.py:839} INFO - DAG(s) dict_keys(['example_setup_teardown']) retrieved from /home/airflow/.local/lib/python3.8/site-packages/airflow/example_dags/example_setup_teardown.py
[2024-04-25T13:31:52.410+0000] {logging_mixin.py:154} INFO - [2024-04-25T13:31:52.410+0000] {dag.py:2941} INFO - Sync 1 DAGs
[2024-04-25T13:31:52.459+0000] {logging_mixin.py:154} INFO - [2024-04-25T13:31:52.459+0000] {dag.py:3722} INFO - Setting next_dagrun for example_setup_teardown to 2024-04-24T13:31:52.458624+00:00, run_after=2024-04-25T13:31:52.458624+00:00
[2024-04-25T13:31:52.488+0000] {processor.py:179} INFO - Processing /home/airflow/.local/lib/python3.8/site-packages/airflow/example_dags/example_setup_teardown.py took 0.138 seconds
[2024-04-25T13:32:22.872+0000] {processor.py:157} INFO - Started process (PID=2739) to work on /home/airflow/.local/lib/python3.8/site-packages/airflow/example_dags/example_setup_teardown.py
[2024-04-25T13:32:22.874+0000] {processor.py:829} INFO - Processing file /home/airflow/.local/lib/python3.8/site-packages/airflow/example_dags/example_setup_teardown.py for tasks to queue
[2024-04-25T13:32:22.876+0000] {logging_mixin.py:154} INFO - [2024-04-25T13:32:22.876+0000] {dagbag.py:536} INFO - Filling up the DagBag from /home/airflow/.local/lib/python3.8/site-packages/airflow/example_dags/example_setup_teardown.py
[2024-04-25T13:32:22.892+0000] {processor.py:839} INFO - DAG(s) dict_keys(['example_setup_teardown']) retrieved from /home/airflow/.local/lib/python3.8/site-packages/airflow/example_dags/example_setup_teardown.py
[2024-04-25T13:32:22.928+0000] {logging_mixin.py:154} INFO - [2024-04-25T13:32:22.927+0000] {dag.py:2941} INFO - Sync 1 DAGs
[2024-04-25T13:32:22.962+0000] {logging_mixin.py:154} INFO - [2024-04-25T13:32:22.962+0000] {dag.py:3722} INFO - Setting next_dagrun for example_setup_teardown to 2024-04-24T13:32:22.962141+00:00, run_after=2024-04-25T13:32:22.962141+00:00
[2024-04-25T13:32:22.993+0000] {processor.py:179} INFO - Processing /home/airflow/.local/lib/python3.8/site-packages/airflow/example_dags/example_setup_teardown.py took 0.129 seconds
[2024-04-25T13:32:53.826+0000] {processor.py:157} INFO - Started process (PID=2984) to work on /home/airflow/.local/lib/python3.8/site-packages/airflow/example_dags/example_setup_teardown.py
[2024-04-25T13:32:53.828+0000] {processor.py:829} INFO - Processing file /home/airflow/.local/lib/python3.8/site-packages/airflow/example_dags/example_setup_teardown.py for tasks to queue
[2024-04-25T13:32:53.830+0000] {logging_mixin.py:154} INFO - [2024-04-25T13:32:53.829+0000] {dagbag.py:536} INFO - Filling up the DagBag from /home/airflow/.local/lib/python3.8/site-packages/airflow/example_dags/example_setup_teardown.py
[2024-04-25T13:32:53.848+0000] {processor.py:839} INFO - DAG(s) dict_keys(['example_setup_teardown']) retrieved from /home/airflow/.local/lib/python3.8/site-packages/airflow/example_dags/example_setup_teardown.py
[2024-04-25T13:32:53.894+0000] {logging_mixin.py:154} INFO - [2024-04-25T13:32:53.893+0000] {dag.py:2941} INFO - Sync 1 DAGs
[2024-04-25T13:32:53.938+0000] {logging_mixin.py:154} INFO - [2024-04-25T13:32:53.938+0000] {dag.py:3722} INFO - Setting next_dagrun for example_setup_teardown to 2024-04-24T13:32:53.937654+00:00, run_after=2024-04-25T13:32:53.937654+00:00
[2024-04-25T13:32:53.979+0000] {processor.py:179} INFO - Processing /home/airflow/.local/lib/python3.8/site-packages/airflow/example_dags/example_setup_teardown.py took 0.160 seconds
[2024-04-25T13:33:24.999+0000] {processor.py:157} INFO - Started process (PID=3233) to work on /home/airflow/.local/lib/python3.8/site-packages/airflow/example_dags/example_setup_teardown.py
[2024-04-25T13:33:25.001+0000] {processor.py:829} INFO - Processing file /home/airflow/.local/lib/python3.8/site-packages/airflow/example_dags/example_setup_teardown.py for tasks to queue
[2024-04-25T13:33:25.003+0000] {logging_mixin.py:154} INFO - [2024-04-25T13:33:25.002+0000] {dagbag.py:536} INFO - Filling up the DagBag from /home/airflow/.local/lib/python3.8/site-packages/airflow/example_dags/example_setup_teardown.py
[2024-04-25T13:33:25.022+0000] {processor.py:839} INFO - DAG(s) dict_keys(['example_setup_teardown']) retrieved from /home/airflow/.local/lib/python3.8/site-packages/airflow/example_dags/example_setup_teardown.py
[2024-04-25T13:33:25.066+0000] {logging_mixin.py:154} INFO - [2024-04-25T13:33:25.066+0000] {dag.py:2941} INFO - Sync 1 DAGs
[2024-04-25T13:33:25.114+0000] {logging_mixin.py:154} INFO - [2024-04-25T13:33:25.114+0000] {dag.py:3722} INFO - Setting next_dagrun for example_setup_teardown to 2024-04-24T13:33:25.113785+00:00, run_after=2024-04-25T13:33:25.113785+00:00
[2024-04-25T13:33:25.151+0000] {processor.py:179} INFO - Processing /home/airflow/.local/lib/python3.8/site-packages/airflow/example_dags/example_setup_teardown.py took 0.160 seconds
[2024-04-25T13:33:58.605+0000] {processor.py:157} INFO - Started process (PID=3487) to work on /home/airflow/.local/lib/python3.8/site-packages/airflow/example_dags/example_setup_teardown.py
[2024-04-25T13:33:58.616+0000] {processor.py:829} INFO - Processing file /home/airflow/.local/lib/python3.8/site-packages/airflow/example_dags/example_setup_teardown.py for tasks to queue
[2024-04-25T13:33:58.621+0000] {logging_mixin.py:154} INFO - [2024-04-25T13:33:58.620+0000] {dagbag.py:536} INFO - Filling up the DagBag from /home/airflow/.local/lib/python3.8/site-packages/airflow/example_dags/example_setup_teardown.py
[2024-04-25T13:33:58.673+0000] {processor.py:839} INFO - DAG(s) dict_keys(['example_setup_teardown']) retrieved from /home/airflow/.local/lib/python3.8/site-packages/airflow/example_dags/example_setup_teardown.py
[2024-04-25T13:33:58.788+0000] {logging_mixin.py:154} INFO - [2024-04-25T13:33:58.788+0000] {dag.py:2941} INFO - Sync 1 DAGs
[2024-04-25T13:33:58.895+0000] {logging_mixin.py:154} INFO - [2024-04-25T13:33:58.895+0000] {dag.py:3722} INFO - Setting next_dagrun for example_setup_teardown to 2024-04-24T13:33:58.894505+00:00, run_after=2024-04-25T13:33:58.894505+00:00
[2024-04-25T13:33:58.970+0000] {processor.py:179} INFO - Processing /home/airflow/.local/lib/python3.8/site-packages/airflow/example_dags/example_setup_teardown.py took 0.388 seconds
[2024-04-25T13:34:29.290+0000] {processor.py:157} INFO - Started process (PID=3732) to work on /home/airflow/.local/lib/python3.8/site-packages/airflow/example_dags/example_setup_teardown.py
[2024-04-25T13:34:29.294+0000] {processor.py:829} INFO - Processing file /home/airflow/.local/lib/python3.8/site-packages/airflow/example_dags/example_setup_teardown.py for tasks to queue
[2024-04-25T13:34:29.295+0000] {logging_mixin.py:154} INFO - [2024-04-25T13:34:29.295+0000] {dagbag.py:536} INFO - Filling up the DagBag from /home/airflow/.local/lib/python3.8/site-packages/airflow/example_dags/example_setup_teardown.py
[2024-04-25T13:34:29.307+0000] {processor.py:839} INFO - DAG(s) dict_keys(['example_setup_teardown']) retrieved from /home/airflow/.local/lib/python3.8/site-packages/airflow/example_dags/example_setup_teardown.py
[2024-04-25T13:34:29.339+0000] {logging_mixin.py:154} INFO - [2024-04-25T13:34:29.339+0000] {dag.py:2941} INFO - Sync 1 DAGs
[2024-04-25T13:34:29.371+0000] {logging_mixin.py:154} INFO - [2024-04-25T13:34:29.370+0000] {dag.py:3722} INFO - Setting next_dagrun for example_setup_teardown to 2024-04-24T13:34:29.370390+00:00, run_after=2024-04-25T13:34:29.370390+00:00
[2024-04-25T13:34:29.400+0000] {processor.py:179} INFO - Processing /home/airflow/.local/lib/python3.8/site-packages/airflow/example_dags/example_setup_teardown.py took 0.115 seconds
[2024-04-25T13:35:00.121+0000] {processor.py:157} INFO - Started process (PID=3976) to work on /home/airflow/.local/lib/python3.8/site-packages/airflow/example_dags/example_setup_teardown.py
[2024-04-25T13:35:00.123+0000] {processor.py:829} INFO - Processing file /home/airflow/.local/lib/python3.8/site-packages/airflow/example_dags/example_setup_teardown.py for tasks to queue
[2024-04-25T13:35:00.124+0000] {logging_mixin.py:154} INFO - [2024-04-25T13:35:00.123+0000] {dagbag.py:536} INFO - Filling up the DagBag from /home/airflow/.local/lib/python3.8/site-packages/airflow/example_dags/example_setup_teardown.py
[2024-04-25T13:35:00.136+0000] {processor.py:839} INFO - DAG(s) dict_keys(['example_setup_teardown']) retrieved from /home/airflow/.local/lib/python3.8/site-packages/airflow/example_dags/example_setup_teardown.py
[2024-04-25T13:35:00.168+0000] {logging_mixin.py:154} INFO - [2024-04-25T13:35:00.168+0000] {dag.py:2941} INFO - Sync 1 DAGs
[2024-04-25T13:35:00.198+0000] {logging_mixin.py:154} INFO - [2024-04-25T13:35:00.198+0000] {dag.py:3722} INFO - Setting next_dagrun for example_setup_teardown to 2024-04-24T13:35:00.198239+00:00, run_after=2024-04-25T13:35:00.198239+00:00
[2024-04-25T13:35:00.224+0000] {processor.py:179} INFO - Processing /home/airflow/.local/lib/python3.8/site-packages/airflow/example_dags/example_setup_teardown.py took 0.109 seconds
[2024-04-25T13:35:30.487+0000] {processor.py:157} INFO - Started process (PID=4220) to work on /home/airflow/.local/lib/python3.8/site-packages/airflow/example_dags/example_setup_teardown.py
[2024-04-25T13:35:30.489+0000] {processor.py:829} INFO - Processing file /home/airflow/.local/lib/python3.8/site-packages/airflow/example_dags/example_setup_teardown.py for tasks to queue
[2024-04-25T13:35:30.491+0000] {logging_mixin.py:154} INFO - [2024-04-25T13:35:30.490+0000] {dagbag.py:536} INFO - Filling up the DagBag from /home/airflow/.local/lib/python3.8/site-packages/airflow/example_dags/example_setup_teardown.py
[2024-04-25T13:35:30.503+0000] {processor.py:839} INFO - DAG(s) dict_keys(['example_setup_teardown']) retrieved from /home/airflow/.local/lib/python3.8/site-packages/airflow/example_dags/example_setup_teardown.py
[2024-04-25T13:35:30.537+0000] {logging_mixin.py:154} INFO - [2024-04-25T13:35:30.536+0000] {dag.py:2941} INFO - Sync 1 DAGs
[2024-04-25T13:35:30.568+0000] {logging_mixin.py:154} INFO - [2024-04-25T13:35:30.568+0000] {dag.py:3722} INFO - Setting next_dagrun for example_setup_teardown to 2024-04-24T13:35:30.568194+00:00, run_after=2024-04-25T13:35:30.568194+00:00
[2024-04-25T13:35:30.597+0000] {processor.py:179} INFO - Processing /home/airflow/.local/lib/python3.8/site-packages/airflow/example_dags/example_setup_teardown.py took 0.116 seconds
[2024-04-25T13:49:27.181+0000] {processor.py:157} INFO - Started process (PID=298) to work on /home/airflow/.local/lib/python3.8/site-packages/airflow/example_dags/example_setup_teardown.py
[2024-04-25T13:49:27.184+0000] {processor.py:829} INFO - Processing file /home/airflow/.local/lib/python3.8/site-packages/airflow/example_dags/example_setup_teardown.py for tasks to queue
[2024-04-25T13:49:27.185+0000] {logging_mixin.py:154} INFO - [2024-04-25T13:49:27.184+0000] {dagbag.py:536} INFO - Filling up the DagBag from /home/airflow/.local/lib/python3.8/site-packages/airflow/example_dags/example_setup_teardown.py
[2024-04-25T13:49:27.202+0000] {processor.py:839} INFO - DAG(s) dict_keys(['example_setup_teardown']) retrieved from /home/airflow/.local/lib/python3.8/site-packages/airflow/example_dags/example_setup_teardown.py
[2024-04-25T13:49:27.225+0000] {logging_mixin.py:154} INFO - [2024-04-25T13:49:27.225+0000] {dag.py:2941} INFO - Sync 1 DAGs
[2024-04-25T13:49:27.277+0000] {logging_mixin.py:154} INFO - [2024-04-25T13:49:27.277+0000] {dag.py:3722} INFO - Setting next_dagrun for example_setup_teardown to 2024-04-24T13:49:27.276901+00:00, run_after=2024-04-25T13:49:27.276901+00:00
[2024-04-25T13:49:27.311+0000] {processor.py:179} INFO - Processing /home/airflow/.local/lib/python3.8/site-packages/airflow/example_dags/example_setup_teardown.py took 0.138 seconds
[2024-04-25T13:49:58.158+0000] {processor.py:157} INFO - Started process (PID=542) to work on /home/airflow/.local/lib/python3.8/site-packages/airflow/example_dags/example_setup_teardown.py
[2024-04-25T13:49:58.161+0000] {processor.py:829} INFO - Processing file /home/airflow/.local/lib/python3.8/site-packages/airflow/example_dags/example_setup_teardown.py for tasks to queue
[2024-04-25T13:49:58.163+0000] {logging_mixin.py:154} INFO - [2024-04-25T13:49:58.162+0000] {dagbag.py:536} INFO - Filling up the DagBag from /home/airflow/.local/lib/python3.8/site-packages/airflow/example_dags/example_setup_teardown.py
[2024-04-25T13:49:58.187+0000] {processor.py:839} INFO - DAG(s) dict_keys(['example_setup_teardown']) retrieved from /home/airflow/.local/lib/python3.8/site-packages/airflow/example_dags/example_setup_teardown.py
[2024-04-25T13:49:58.220+0000] {logging_mixin.py:154} INFO - [2024-04-25T13:49:58.220+0000] {dag.py:2941} INFO - Sync 1 DAGs
[2024-04-25T13:49:58.253+0000] {logging_mixin.py:154} INFO - [2024-04-25T13:49:58.253+0000] {dag.py:3722} INFO - Setting next_dagrun for example_setup_teardown to 2024-04-24T13:49:58.253221+00:00, run_after=2024-04-25T13:49:58.253221+00:00
[2024-04-25T13:49:58.282+0000] {processor.py:179} INFO - Processing /home/airflow/.local/lib/python3.8/site-packages/airflow/example_dags/example_setup_teardown.py took 0.132 seconds
[2024-04-25T13:50:28.808+0000] {processor.py:157} INFO - Started process (PID=785) to work on /home/airflow/.local/lib/python3.8/site-packages/airflow/example_dags/example_setup_teardown.py
[2024-04-25T13:50:28.810+0000] {processor.py:829} INFO - Processing file /home/airflow/.local/lib/python3.8/site-packages/airflow/example_dags/example_setup_teardown.py for tasks to queue
[2024-04-25T13:50:28.812+0000] {logging_mixin.py:154} INFO - [2024-04-25T13:50:28.811+0000] {dagbag.py:536} INFO - Filling up the DagBag from /home/airflow/.local/lib/python3.8/site-packages/airflow/example_dags/example_setup_teardown.py
[2024-04-25T13:50:28.827+0000] {processor.py:839} INFO - DAG(s) dict_keys(['example_setup_teardown']) retrieved from /home/airflow/.local/lib/python3.8/site-packages/airflow/example_dags/example_setup_teardown.py
[2024-04-25T13:50:28.867+0000] {logging_mixin.py:154} INFO - [2024-04-25T13:50:28.866+0000] {dag.py:2941} INFO - Sync 1 DAGs
[2024-04-25T13:50:28.923+0000] {logging_mixin.py:154} INFO - [2024-04-25T13:50:28.923+0000] {dag.py:3722} INFO - Setting next_dagrun for example_setup_teardown to 2024-04-24T13:50:28.922741+00:00, run_after=2024-04-25T13:50:28.922741+00:00
[2024-04-25T13:50:28.955+0000] {processor.py:179} INFO - Processing /home/airflow/.local/lib/python3.8/site-packages/airflow/example_dags/example_setup_teardown.py took 0.154 seconds
[2024-04-25T13:51:00.035+0000] {processor.py:157} INFO - Started process (PID=1028) to work on /home/airflow/.local/lib/python3.8/site-packages/airflow/example_dags/example_setup_teardown.py
[2024-04-25T13:51:00.037+0000] {processor.py:829} INFO - Processing file /home/airflow/.local/lib/python3.8/site-packages/airflow/example_dags/example_setup_teardown.py for tasks to queue
[2024-04-25T13:51:00.039+0000] {logging_mixin.py:154} INFO - [2024-04-25T13:51:00.038+0000] {dagbag.py:536} INFO - Filling up the DagBag from /home/airflow/.local/lib/python3.8/site-packages/airflow/example_dags/example_setup_teardown.py
[2024-04-25T13:51:00.052+0000] {processor.py:839} INFO - DAG(s) dict_keys(['example_setup_teardown']) retrieved from /home/airflow/.local/lib/python3.8/site-packages/airflow/example_dags/example_setup_teardown.py
[2024-04-25T13:51:00.092+0000] {logging_mixin.py:154} INFO - [2024-04-25T13:51:00.091+0000] {dag.py:2941} INFO - Sync 1 DAGs
[2024-04-25T13:51:00.131+0000] {logging_mixin.py:154} INFO - [2024-04-25T13:51:00.131+0000] {dag.py:3722} INFO - Setting next_dagrun for example_setup_teardown to 2024-04-24T13:51:00.130909+00:00, run_after=2024-04-25T13:51:00.130909+00:00
[2024-04-25T13:51:00.168+0000] {processor.py:179} INFO - Processing /home/airflow/.local/lib/python3.8/site-packages/airflow/example_dags/example_setup_teardown.py took 0.140 seconds
[2024-04-25T13:51:30.586+0000] {processor.py:157} INFO - Started process (PID=1271) to work on /home/airflow/.local/lib/python3.8/site-packages/airflow/example_dags/example_setup_teardown.py
[2024-04-25T13:51:30.588+0000] {processor.py:829} INFO - Processing file /home/airflow/.local/lib/python3.8/site-packages/airflow/example_dags/example_setup_teardown.py for tasks to queue
[2024-04-25T13:51:30.589+0000] {logging_mixin.py:154} INFO - [2024-04-25T13:51:30.589+0000] {dagbag.py:536} INFO - Filling up the DagBag from /home/airflow/.local/lib/python3.8/site-packages/airflow/example_dags/example_setup_teardown.py
[2024-04-25T13:51:30.601+0000] {processor.py:839} INFO - DAG(s) dict_keys(['example_setup_teardown']) retrieved from /home/airflow/.local/lib/python3.8/site-packages/airflow/example_dags/example_setup_teardown.py
[2024-04-25T13:51:30.634+0000] {logging_mixin.py:154} INFO - [2024-04-25T13:51:30.634+0000] {dag.py:2941} INFO - Sync 1 DAGs
[2024-04-25T13:51:30.671+0000] {logging_mixin.py:154} INFO - [2024-04-25T13:51:30.670+0000] {dag.py:3722} INFO - Setting next_dagrun for example_setup_teardown to 2024-04-24T13:51:30.670151+00:00, run_after=2024-04-25T13:51:30.670151+00:00
[2024-04-25T13:51:30.703+0000] {processor.py:179} INFO - Processing /home/airflow/.local/lib/python3.8/site-packages/airflow/example_dags/example_setup_teardown.py took 0.125 seconds
[2024-04-25T13:52:01.069+0000] {processor.py:157} INFO - Started process (PID=1514) to work on /home/airflow/.local/lib/python3.8/site-packages/airflow/example_dags/example_setup_teardown.py
[2024-04-25T13:52:01.070+0000] {processor.py:829} INFO - Processing file /home/airflow/.local/lib/python3.8/site-packages/airflow/example_dags/example_setup_teardown.py for tasks to queue
[2024-04-25T13:52:01.071+0000] {logging_mixin.py:154} INFO - [2024-04-25T13:52:01.071+0000] {dagbag.py:536} INFO - Filling up the DagBag from /home/airflow/.local/lib/python3.8/site-packages/airflow/example_dags/example_setup_teardown.py
[2024-04-25T13:52:01.083+0000] {processor.py:839} INFO - DAG(s) dict_keys(['example_setup_teardown']) retrieved from /home/airflow/.local/lib/python3.8/site-packages/airflow/example_dags/example_setup_teardown.py
[2024-04-25T13:52:01.122+0000] {logging_mixin.py:154} INFO - [2024-04-25T13:52:01.122+0000] {dag.py:2941} INFO - Sync 1 DAGs
[2024-04-25T13:52:01.166+0000] {logging_mixin.py:154} INFO - [2024-04-25T13:52:01.165+0000] {dag.py:3722} INFO - Setting next_dagrun for example_setup_teardown to 2024-04-24T13:52:01.165362+00:00, run_after=2024-04-25T13:52:01.165362+00:00
[2024-04-25T13:52:01.196+0000] {processor.py:179} INFO - Processing /home/airflow/.local/lib/python3.8/site-packages/airflow/example_dags/example_setup_teardown.py took 0.133 seconds
[2024-04-25T13:52:32.415+0000] {processor.py:157} INFO - Started process (PID=1761) to work on /home/airflow/.local/lib/python3.8/site-packages/airflow/example_dags/example_setup_teardown.py
[2024-04-25T13:52:32.417+0000] {processor.py:829} INFO - Processing file /home/airflow/.local/lib/python3.8/site-packages/airflow/example_dags/example_setup_teardown.py for tasks to queue
[2024-04-25T13:52:32.418+0000] {logging_mixin.py:154} INFO - [2024-04-25T13:52:32.418+0000] {dagbag.py:536} INFO - Filling up the DagBag from /home/airflow/.local/lib/python3.8/site-packages/airflow/example_dags/example_setup_teardown.py
[2024-04-25T13:52:32.432+0000] {processor.py:839} INFO - DAG(s) dict_keys(['example_setup_teardown']) retrieved from /home/airflow/.local/lib/python3.8/site-packages/airflow/example_dags/example_setup_teardown.py
[2024-04-25T13:52:32.469+0000] {logging_mixin.py:154} INFO - [2024-04-25T13:52:32.469+0000] {dag.py:2941} INFO - Sync 1 DAGs
[2024-04-25T13:52:32.501+0000] {logging_mixin.py:154} INFO - [2024-04-25T13:52:32.500+0000] {dag.py:3722} INFO - Setting next_dagrun for example_setup_teardown to 2024-04-24T13:52:32.500421+00:00, run_after=2024-04-25T13:52:32.500421+00:00
[2024-04-25T13:52:32.528+0000] {processor.py:179} INFO - Processing /home/airflow/.local/lib/python3.8/site-packages/airflow/example_dags/example_setup_teardown.py took 0.120 seconds
[2024-04-25T13:53:04.077+0000] {processor.py:157} INFO - Started process (PID=2009) to work on /home/airflow/.local/lib/python3.8/site-packages/airflow/example_dags/example_setup_teardown.py
[2024-04-25T13:53:04.079+0000] {processor.py:829} INFO - Processing file /home/airflow/.local/lib/python3.8/site-packages/airflow/example_dags/example_setup_teardown.py for tasks to queue
[2024-04-25T13:53:04.081+0000] {logging_mixin.py:154} INFO - [2024-04-25T13:53:04.080+0000] {dagbag.py:536} INFO - Filling up the DagBag from /home/airflow/.local/lib/python3.8/site-packages/airflow/example_dags/example_setup_teardown.py
[2024-04-25T13:53:04.099+0000] {processor.py:839} INFO - DAG(s) dict_keys(['example_setup_teardown']) retrieved from /home/airflow/.local/lib/python3.8/site-packages/airflow/example_dags/example_setup_teardown.py
[2024-04-25T13:53:04.149+0000] {logging_mixin.py:154} INFO - [2024-04-25T13:53:04.149+0000] {dag.py:2941} INFO - Sync 1 DAGs
[2024-04-25T13:53:04.200+0000] {logging_mixin.py:154} INFO - [2024-04-25T13:53:04.200+0000] {dag.py:3722} INFO - Setting next_dagrun for example_setup_teardown to 2024-04-24T13:53:04.199359+00:00, run_after=2024-04-25T13:53:04.199359+00:00
[2024-04-25T13:53:04.237+0000] {processor.py:179} INFO - Processing /home/airflow/.local/lib/python3.8/site-packages/airflow/example_dags/example_setup_teardown.py took 0.172 seconds
[2024-04-25T13:53:34.939+0000] {processor.py:157} INFO - Started process (PID=2252) to work on /home/airflow/.local/lib/python3.8/site-packages/airflow/example_dags/example_setup_teardown.py
[2024-04-25T13:53:34.941+0000] {processor.py:829} INFO - Processing file /home/airflow/.local/lib/python3.8/site-packages/airflow/example_dags/example_setup_teardown.py for tasks to queue
[2024-04-25T13:53:34.942+0000] {logging_mixin.py:154} INFO - [2024-04-25T13:53:34.942+0000] {dagbag.py:536} INFO - Filling up the DagBag from /home/airflow/.local/lib/python3.8/site-packages/airflow/example_dags/example_setup_teardown.py
[2024-04-25T13:53:34.954+0000] {processor.py:839} INFO - DAG(s) dict_keys(['example_setup_teardown']) retrieved from /home/airflow/.local/lib/python3.8/site-packages/airflow/example_dags/example_setup_teardown.py
[2024-04-25T13:53:34.996+0000] {logging_mixin.py:154} INFO - [2024-04-25T13:53:34.995+0000] {dag.py:2941} INFO - Sync 1 DAGs
[2024-04-25T13:53:35.032+0000] {logging_mixin.py:154} INFO - [2024-04-25T13:53:35.032+0000] {dag.py:3722} INFO - Setting next_dagrun for example_setup_teardown to 2024-04-24T13:53:35.031990+00:00, run_after=2024-04-25T13:53:35.031990+00:00
[2024-04-25T13:53:35.058+0000] {processor.py:179} INFO - Processing /home/airflow/.local/lib/python3.8/site-packages/airflow/example_dags/example_setup_teardown.py took 0.124 seconds
