[2024-04-25T12:38:02.867+0000] {processor.py:157} INFO - Started process (PID=293) to work on /home/airflow/.local/lib/python3.8/site-packages/airflow/example_dags/example_complex.py
[2024-04-25T12:38:02.868+0000] {processor.py:829} INFO - Processing file /home/airflow/.local/lib/python3.8/site-packages/airflow/example_dags/example_complex.py for tasks to queue
[2024-04-25T12:38:02.870+0000] {logging_mixin.py:154} INFO - [2024-04-25T12:38:02.869+0000] {dagbag.py:536} INFO - Filling up the DagBag from /home/airflow/.local/lib/python3.8/site-packages/airflow/example_dags/example_complex.py
[2024-04-25T12:38:02.888+0000] {processor.py:839} INFO - DAG(s) dict_keys(['example_complex']) retrieved from /home/airflow/.local/lib/python3.8/site-packages/airflow/example_dags/example_complex.py
[2024-04-25T12:38:03.117+0000] {logging_mixin.py:154} INFO - [2024-04-25T12:38:03.116+0000] {manager.py:499} INFO - Created Permission View: %s
[2024-04-25T12:38:03.135+0000] {logging_mixin.py:154} INFO - [2024-04-25T12:38:03.134+0000] {manager.py:499} INFO - Created Permission View: %s
[2024-04-25T12:38:03.148+0000] {logging_mixin.py:154} INFO - [2024-04-25T12:38:03.148+0000] {manager.py:499} INFO - Created Permission View: %s
[2024-04-25T12:38:03.148+0000] {logging_mixin.py:154} INFO - [2024-04-25T12:38:03.148+0000] {dag.py:2941} INFO - Sync 1 DAGs
[2024-04-25T12:38:03.168+0000] {logging_mixin.py:154} INFO - [2024-04-25T12:38:03.168+0000] {dag.py:2963} INFO - Creating ORM DAG for example_complex
[2024-04-25T12:38:03.169+0000] {logging_mixin.py:154} INFO - [2024-04-25T12:38:03.169+0000] {dag.py:3722} INFO - Setting next_dagrun for example_complex to None, run_after=None
[2024-04-25T12:38:03.203+0000] {processor.py:179} INFO - Processing /home/airflow/.local/lib/python3.8/site-packages/airflow/example_dags/example_complex.py took 0.345 seconds
[2024-04-25T12:38:33.366+0000] {processor.py:157} INFO - Started process (PID=538) to work on /home/airflow/.local/lib/python3.8/site-packages/airflow/example_dags/example_complex.py
[2024-04-25T12:38:33.367+0000] {processor.py:829} INFO - Processing file /home/airflow/.local/lib/python3.8/site-packages/airflow/example_dags/example_complex.py for tasks to queue
[2024-04-25T12:38:33.368+0000] {logging_mixin.py:154} INFO - [2024-04-25T12:38:33.368+0000] {dagbag.py:536} INFO - Filling up the DagBag from /home/airflow/.local/lib/python3.8/site-packages/airflow/example_dags/example_complex.py
[2024-04-25T12:38:33.391+0000] {processor.py:839} INFO - DAG(s) dict_keys(['example_complex']) retrieved from /home/airflow/.local/lib/python3.8/site-packages/airflow/example_dags/example_complex.py
[2024-04-25T12:38:33.436+0000] {logging_mixin.py:154} INFO - [2024-04-25T12:38:33.436+0000] {dag.py:2941} INFO - Sync 1 DAGs
[2024-04-25T12:38:33.454+0000] {logging_mixin.py:154} INFO - [2024-04-25T12:38:33.454+0000] {dag.py:3722} INFO - Setting next_dagrun for example_complex to None, run_after=None
[2024-04-25T12:38:33.480+0000] {processor.py:179} INFO - Processing /home/airflow/.local/lib/python3.8/site-packages/airflow/example_dags/example_complex.py took 0.120 seconds
[2024-04-25T12:39:03.759+0000] {processor.py:157} INFO - Started process (PID=780) to work on /home/airflow/.local/lib/python3.8/site-packages/airflow/example_dags/example_complex.py
[2024-04-25T12:39:03.761+0000] {processor.py:829} INFO - Processing file /home/airflow/.local/lib/python3.8/site-packages/airflow/example_dags/example_complex.py for tasks to queue
[2024-04-25T12:39:03.763+0000] {logging_mixin.py:154} INFO - [2024-04-25T12:39:03.762+0000] {dagbag.py:536} INFO - Filling up the DagBag from /home/airflow/.local/lib/python3.8/site-packages/airflow/example_dags/example_complex.py
[2024-04-25T12:39:03.781+0000] {processor.py:839} INFO - DAG(s) dict_keys(['example_complex']) retrieved from /home/airflow/.local/lib/python3.8/site-packages/airflow/example_dags/example_complex.py
[2024-04-25T12:39:03.826+0000] {logging_mixin.py:154} INFO - [2024-04-25T12:39:03.826+0000] {dag.py:2941} INFO - Sync 1 DAGs
[2024-04-25T12:39:03.844+0000] {logging_mixin.py:154} INFO - [2024-04-25T12:39:03.843+0000] {dag.py:3722} INFO - Setting next_dagrun for example_complex to None, run_after=None
[2024-04-25T12:39:03.870+0000] {processor.py:179} INFO - Processing /home/airflow/.local/lib/python3.8/site-packages/airflow/example_dags/example_complex.py took 0.118 seconds
[2024-04-25T12:39:34.175+0000] {processor.py:157} INFO - Started process (PID=1023) to work on /home/airflow/.local/lib/python3.8/site-packages/airflow/example_dags/example_complex.py
[2024-04-25T12:39:34.177+0000] {processor.py:829} INFO - Processing file /home/airflow/.local/lib/python3.8/site-packages/airflow/example_dags/example_complex.py for tasks to queue
[2024-04-25T12:39:34.178+0000] {logging_mixin.py:154} INFO - [2024-04-25T12:39:34.177+0000] {dagbag.py:536} INFO - Filling up the DagBag from /home/airflow/.local/lib/python3.8/site-packages/airflow/example_dags/example_complex.py
[2024-04-25T12:39:34.198+0000] {processor.py:839} INFO - DAG(s) dict_keys(['example_complex']) retrieved from /home/airflow/.local/lib/python3.8/site-packages/airflow/example_dags/example_complex.py
[2024-04-25T12:39:34.242+0000] {logging_mixin.py:154} INFO - [2024-04-25T12:39:34.241+0000] {dag.py:2941} INFO - Sync 1 DAGs
[2024-04-25T12:39:34.260+0000] {logging_mixin.py:154} INFO - [2024-04-25T12:39:34.259+0000] {dag.py:3722} INFO - Setting next_dagrun for example_complex to None, run_after=None
[2024-04-25T12:39:34.283+0000] {processor.py:179} INFO - Processing /home/airflow/.local/lib/python3.8/site-packages/airflow/example_dags/example_complex.py took 0.114 seconds
[2024-04-25T12:40:04.471+0000] {processor.py:157} INFO - Started process (PID=1266) to work on /home/airflow/.local/lib/python3.8/site-packages/airflow/example_dags/example_complex.py
[2024-04-25T12:40:04.473+0000] {processor.py:829} INFO - Processing file /home/airflow/.local/lib/python3.8/site-packages/airflow/example_dags/example_complex.py for tasks to queue
[2024-04-25T12:40:04.474+0000] {logging_mixin.py:154} INFO - [2024-04-25T12:40:04.474+0000] {dagbag.py:536} INFO - Filling up the DagBag from /home/airflow/.local/lib/python3.8/site-packages/airflow/example_dags/example_complex.py
[2024-04-25T12:40:04.490+0000] {processor.py:839} INFO - DAG(s) dict_keys(['example_complex']) retrieved from /home/airflow/.local/lib/python3.8/site-packages/airflow/example_dags/example_complex.py
[2024-04-25T12:40:04.536+0000] {logging_mixin.py:154} INFO - [2024-04-25T12:40:04.536+0000] {dag.py:2941} INFO - Sync 1 DAGs
[2024-04-25T12:40:04.553+0000] {logging_mixin.py:154} INFO - [2024-04-25T12:40:04.553+0000] {dag.py:3722} INFO - Setting next_dagrun for example_complex to None, run_after=None
[2024-04-25T12:40:04.577+0000] {processor.py:179} INFO - Processing /home/airflow/.local/lib/python3.8/site-packages/airflow/example_dags/example_complex.py took 0.112 seconds
[2024-04-25T12:40:35.143+0000] {processor.py:157} INFO - Started process (PID=1509) to work on /home/airflow/.local/lib/python3.8/site-packages/airflow/example_dags/example_complex.py
[2024-04-25T12:40:35.145+0000] {processor.py:829} INFO - Processing file /home/airflow/.local/lib/python3.8/site-packages/airflow/example_dags/example_complex.py for tasks to queue
[2024-04-25T12:40:35.147+0000] {logging_mixin.py:154} INFO - [2024-04-25T12:40:35.146+0000] {dagbag.py:536} INFO - Filling up the DagBag from /home/airflow/.local/lib/python3.8/site-packages/airflow/example_dags/example_complex.py
[2024-04-25T12:40:35.168+0000] {processor.py:839} INFO - DAG(s) dict_keys(['example_complex']) retrieved from /home/airflow/.local/lib/python3.8/site-packages/airflow/example_dags/example_complex.py
[2024-04-25T12:40:35.211+0000] {logging_mixin.py:154} INFO - [2024-04-25T12:40:35.211+0000] {dag.py:2941} INFO - Sync 1 DAGs
[2024-04-25T12:40:35.228+0000] {logging_mixin.py:154} INFO - [2024-04-25T12:40:35.228+0000] {dag.py:3722} INFO - Setting next_dagrun for example_complex to None, run_after=None
[2024-04-25T12:40:35.255+0000] {processor.py:179} INFO - Processing /home/airflow/.local/lib/python3.8/site-packages/airflow/example_dags/example_complex.py took 0.119 seconds
[2024-04-25T12:41:06.054+0000] {processor.py:157} INFO - Started process (PID=1752) to work on /home/airflow/.local/lib/python3.8/site-packages/airflow/example_dags/example_complex.py
[2024-04-25T12:41:06.056+0000] {processor.py:829} INFO - Processing file /home/airflow/.local/lib/python3.8/site-packages/airflow/example_dags/example_complex.py for tasks to queue
[2024-04-25T12:41:06.057+0000] {logging_mixin.py:154} INFO - [2024-04-25T12:41:06.057+0000] {dagbag.py:536} INFO - Filling up the DagBag from /home/airflow/.local/lib/python3.8/site-packages/airflow/example_dags/example_complex.py
[2024-04-25T12:41:06.081+0000] {processor.py:839} INFO - DAG(s) dict_keys(['example_complex']) retrieved from /home/airflow/.local/lib/python3.8/site-packages/airflow/example_dags/example_complex.py
[2024-04-25T12:41:06.125+0000] {logging_mixin.py:154} INFO - [2024-04-25T12:41:06.124+0000] {dag.py:2941} INFO - Sync 1 DAGs
[2024-04-25T12:41:06.143+0000] {logging_mixin.py:154} INFO - [2024-04-25T12:41:06.142+0000] {dag.py:3722} INFO - Setting next_dagrun for example_complex to None, run_after=None
[2024-04-25T12:41:06.170+0000] {processor.py:179} INFO - Processing /home/airflow/.local/lib/python3.8/site-packages/airflow/example_dags/example_complex.py took 0.122 seconds
[2024-04-25T12:41:36.743+0000] {processor.py:157} INFO - Started process (PID=1995) to work on /home/airflow/.local/lib/python3.8/site-packages/airflow/example_dags/example_complex.py
[2024-04-25T12:41:36.745+0000] {processor.py:829} INFO - Processing file /home/airflow/.local/lib/python3.8/site-packages/airflow/example_dags/example_complex.py for tasks to queue
[2024-04-25T12:41:36.746+0000] {logging_mixin.py:154} INFO - [2024-04-25T12:41:36.746+0000] {dagbag.py:536} INFO - Filling up the DagBag from /home/airflow/.local/lib/python3.8/site-packages/airflow/example_dags/example_complex.py
[2024-04-25T12:41:36.763+0000] {processor.py:839} INFO - DAG(s) dict_keys(['example_complex']) retrieved from /home/airflow/.local/lib/python3.8/site-packages/airflow/example_dags/example_complex.py
[2024-04-25T12:41:36.812+0000] {logging_mixin.py:154} INFO - [2024-04-25T12:41:36.811+0000] {dag.py:2941} INFO - Sync 1 DAGs
[2024-04-25T12:41:36.834+0000] {logging_mixin.py:154} INFO - [2024-04-25T12:41:36.834+0000] {dag.py:3722} INFO - Setting next_dagrun for example_complex to None, run_after=None
[2024-04-25T12:41:36.865+0000] {processor.py:179} INFO - Processing /home/airflow/.local/lib/python3.8/site-packages/airflow/example_dags/example_complex.py took 0.129 seconds
[2024-04-25T12:42:08.005+0000] {processor.py:157} INFO - Started process (PID=2246) to work on /home/airflow/.local/lib/python3.8/site-packages/airflow/example_dags/example_complex.py
[2024-04-25T12:42:08.007+0000] {processor.py:829} INFO - Processing file /home/airflow/.local/lib/python3.8/site-packages/airflow/example_dags/example_complex.py for tasks to queue
[2024-04-25T12:42:08.008+0000] {logging_mixin.py:154} INFO - [2024-04-25T12:42:08.008+0000] {dagbag.py:536} INFO - Filling up the DagBag from /home/airflow/.local/lib/python3.8/site-packages/airflow/example_dags/example_complex.py
[2024-04-25T12:42:08.024+0000] {processor.py:839} INFO - DAG(s) dict_keys(['example_complex']) retrieved from /home/airflow/.local/lib/python3.8/site-packages/airflow/example_dags/example_complex.py
[2024-04-25T12:42:08.088+0000] {logging_mixin.py:154} INFO - [2024-04-25T12:42:08.087+0000] {dag.py:2941} INFO - Sync 1 DAGs
[2024-04-25T12:42:08.114+0000] {logging_mixin.py:154} INFO - [2024-04-25T12:42:08.114+0000] {dag.py:3722} INFO - Setting next_dagrun for example_complex to None, run_after=None
[2024-04-25T12:42:08.144+0000] {processor.py:179} INFO - Processing /home/airflow/.local/lib/python3.8/site-packages/airflow/example_dags/example_complex.py took 0.144 seconds
[2024-04-25T12:42:38.540+0000] {processor.py:157} INFO - Started process (PID=2490) to work on /home/airflow/.local/lib/python3.8/site-packages/airflow/example_dags/example_complex.py
[2024-04-25T12:42:38.541+0000] {processor.py:829} INFO - Processing file /home/airflow/.local/lib/python3.8/site-packages/airflow/example_dags/example_complex.py for tasks to queue
[2024-04-25T12:42:38.542+0000] {logging_mixin.py:154} INFO - [2024-04-25T12:42:38.542+0000] {dagbag.py:536} INFO - Filling up the DagBag from /home/airflow/.local/lib/python3.8/site-packages/airflow/example_dags/example_complex.py
[2024-04-25T12:42:38.558+0000] {processor.py:839} INFO - DAG(s) dict_keys(['example_complex']) retrieved from /home/airflow/.local/lib/python3.8/site-packages/airflow/example_dags/example_complex.py
[2024-04-25T12:42:38.606+0000] {logging_mixin.py:154} INFO - [2024-04-25T12:42:38.605+0000] {dag.py:2941} INFO - Sync 1 DAGs
[2024-04-25T12:42:38.624+0000] {logging_mixin.py:154} INFO - [2024-04-25T12:42:38.624+0000] {dag.py:3722} INFO - Setting next_dagrun for example_complex to None, run_after=None
[2024-04-25T12:42:38.654+0000] {processor.py:179} INFO - Processing /home/airflow/.local/lib/python3.8/site-packages/airflow/example_dags/example_complex.py took 0.119 seconds
[2024-04-25T12:43:09.388+0000] {processor.py:157} INFO - Started process (PID=2733) to work on /home/airflow/.local/lib/python3.8/site-packages/airflow/example_dags/example_complex.py
[2024-04-25T12:43:09.391+0000] {processor.py:829} INFO - Processing file /home/airflow/.local/lib/python3.8/site-packages/airflow/example_dags/example_complex.py for tasks to queue
[2024-04-25T12:43:09.392+0000] {logging_mixin.py:154} INFO - [2024-04-25T12:43:09.392+0000] {dagbag.py:536} INFO - Filling up the DagBag from /home/airflow/.local/lib/python3.8/site-packages/airflow/example_dags/example_complex.py
[2024-04-25T12:43:09.414+0000] {processor.py:839} INFO - DAG(s) dict_keys(['example_complex']) retrieved from /home/airflow/.local/lib/python3.8/site-packages/airflow/example_dags/example_complex.py
[2024-04-25T12:43:09.478+0000] {logging_mixin.py:154} INFO - [2024-04-25T12:43:09.478+0000] {dag.py:2941} INFO - Sync 1 DAGs
[2024-04-25T12:43:09.502+0000] {logging_mixin.py:154} INFO - [2024-04-25T12:43:09.502+0000] {dag.py:3722} INFO - Setting next_dagrun for example_complex to None, run_after=None
[2024-04-25T12:43:09.537+0000] {processor.py:179} INFO - Processing /home/airflow/.local/lib/python3.8/site-packages/airflow/example_dags/example_complex.py took 0.156 seconds
[2024-04-25T12:43:41.675+0000] {processor.py:157} INFO - Started process (PID=2982) to work on /home/airflow/.local/lib/python3.8/site-packages/airflow/example_dags/example_complex.py
[2024-04-25T12:43:41.680+0000] {processor.py:829} INFO - Processing file /home/airflow/.local/lib/python3.8/site-packages/airflow/example_dags/example_complex.py for tasks to queue
[2024-04-25T12:43:41.682+0000] {logging_mixin.py:154} INFO - [2024-04-25T12:43:41.681+0000] {dagbag.py:536} INFO - Filling up the DagBag from /home/airflow/.local/lib/python3.8/site-packages/airflow/example_dags/example_complex.py
[2024-04-25T12:43:41.733+0000] {processor.py:839} INFO - DAG(s) dict_keys(['example_complex']) retrieved from /home/airflow/.local/lib/python3.8/site-packages/airflow/example_dags/example_complex.py
[2024-04-25T12:43:41.852+0000] {logging_mixin.py:154} INFO - [2024-04-25T12:43:41.852+0000] {dag.py:2941} INFO - Sync 1 DAGs
[2024-04-25T12:43:41.888+0000] {logging_mixin.py:154} INFO - [2024-04-25T12:43:41.888+0000] {dag.py:3722} INFO - Setting next_dagrun for example_complex to None, run_after=None
[2024-04-25T12:43:41.939+0000] {processor.py:179} INFO - Processing /home/airflow/.local/lib/python3.8/site-packages/airflow/example_dags/example_complex.py took 0.272 seconds
[2024-04-25T12:44:13.028+0000] {processor.py:157} INFO - Started process (PID=3240) to work on /home/airflow/.local/lib/python3.8/site-packages/airflow/example_dags/example_complex.py
[2024-04-25T12:44:13.032+0000] {processor.py:829} INFO - Processing file /home/airflow/.local/lib/python3.8/site-packages/airflow/example_dags/example_complex.py for tasks to queue
[2024-04-25T12:44:13.034+0000] {logging_mixin.py:154} INFO - [2024-04-25T12:44:13.033+0000] {dagbag.py:536} INFO - Filling up the DagBag from /home/airflow/.local/lib/python3.8/site-packages/airflow/example_dags/example_complex.py
[2024-04-25T12:44:13.060+0000] {processor.py:839} INFO - DAG(s) dict_keys(['example_complex']) retrieved from /home/airflow/.local/lib/python3.8/site-packages/airflow/example_dags/example_complex.py
[2024-04-25T12:44:13.129+0000] {logging_mixin.py:154} INFO - [2024-04-25T12:44:13.129+0000] {dag.py:2941} INFO - Sync 1 DAGs
[2024-04-25T12:44:13.155+0000] {logging_mixin.py:154} INFO - [2024-04-25T12:44:13.155+0000] {dag.py:3722} INFO - Setting next_dagrun for example_complex to None, run_after=None
[2024-04-25T12:44:13.208+0000] {processor.py:179} INFO - Processing /home/airflow/.local/lib/python3.8/site-packages/airflow/example_dags/example_complex.py took 0.188 seconds
[2024-04-25T12:44:43.430+0000] {processor.py:157} INFO - Started process (PID=3481) to work on /home/airflow/.local/lib/python3.8/site-packages/airflow/example_dags/example_complex.py
[2024-04-25T12:44:43.433+0000] {processor.py:829} INFO - Processing file /home/airflow/.local/lib/python3.8/site-packages/airflow/example_dags/example_complex.py for tasks to queue
[2024-04-25T12:44:43.434+0000] {logging_mixin.py:154} INFO - [2024-04-25T12:44:43.434+0000] {dagbag.py:536} INFO - Filling up the DagBag from /home/airflow/.local/lib/python3.8/site-packages/airflow/example_dags/example_complex.py
[2024-04-25T12:44:43.454+0000] {processor.py:839} INFO - DAG(s) dict_keys(['example_complex']) retrieved from /home/airflow/.local/lib/python3.8/site-packages/airflow/example_dags/example_complex.py
[2024-04-25T12:44:43.497+0000] {logging_mixin.py:154} INFO - [2024-04-25T12:44:43.497+0000] {dag.py:2941} INFO - Sync 1 DAGs
[2024-04-25T12:44:43.516+0000] {logging_mixin.py:154} INFO - [2024-04-25T12:44:43.515+0000] {dag.py:3722} INFO - Setting next_dagrun for example_complex to None, run_after=None
[2024-04-25T12:44:43.542+0000] {processor.py:179} INFO - Processing /home/airflow/.local/lib/python3.8/site-packages/airflow/example_dags/example_complex.py took 0.118 seconds
[2024-04-25T12:45:14.436+0000] {processor.py:157} INFO - Started process (PID=3725) to work on /home/airflow/.local/lib/python3.8/site-packages/airflow/example_dags/example_complex.py
[2024-04-25T12:45:14.439+0000] {processor.py:829} INFO - Processing file /home/airflow/.local/lib/python3.8/site-packages/airflow/example_dags/example_complex.py for tasks to queue
[2024-04-25T12:45:14.440+0000] {logging_mixin.py:154} INFO - [2024-04-25T12:45:14.440+0000] {dagbag.py:536} INFO - Filling up the DagBag from /home/airflow/.local/lib/python3.8/site-packages/airflow/example_dags/example_complex.py
[2024-04-25T12:45:14.464+0000] {processor.py:839} INFO - DAG(s) dict_keys(['example_complex']) retrieved from /home/airflow/.local/lib/python3.8/site-packages/airflow/example_dags/example_complex.py
[2024-04-25T12:45:14.525+0000] {logging_mixin.py:154} INFO - [2024-04-25T12:45:14.525+0000] {dag.py:2941} INFO - Sync 1 DAGs
[2024-04-25T12:45:14.554+0000] {logging_mixin.py:154} INFO - [2024-04-25T12:45:14.554+0000] {dag.py:3722} INFO - Setting next_dagrun for example_complex to None, run_after=None
[2024-04-25T12:45:14.590+0000] {processor.py:179} INFO - Processing /home/airflow/.local/lib/python3.8/site-packages/airflow/example_dags/example_complex.py took 0.161 seconds
[2024-04-25T12:45:45.588+0000] {processor.py:157} INFO - Started process (PID=3968) to work on /home/airflow/.local/lib/python3.8/site-packages/airflow/example_dags/example_complex.py
[2024-04-25T12:45:45.590+0000] {processor.py:829} INFO - Processing file /home/airflow/.local/lib/python3.8/site-packages/airflow/example_dags/example_complex.py for tasks to queue
[2024-04-25T12:45:45.591+0000] {logging_mixin.py:154} INFO - [2024-04-25T12:45:45.591+0000] {dagbag.py:536} INFO - Filling up the DagBag from /home/airflow/.local/lib/python3.8/site-packages/airflow/example_dags/example_complex.py
[2024-04-25T12:45:45.608+0000] {processor.py:839} INFO - DAG(s) dict_keys(['example_complex']) retrieved from /home/airflow/.local/lib/python3.8/site-packages/airflow/example_dags/example_complex.py
[2024-04-25T12:45:45.655+0000] {logging_mixin.py:154} INFO - [2024-04-25T12:45:45.655+0000] {dag.py:2941} INFO - Sync 1 DAGs
[2024-04-25T12:45:45.685+0000] {logging_mixin.py:154} INFO - [2024-04-25T12:45:45.685+0000] {dag.py:3722} INFO - Setting next_dagrun for example_complex to None, run_after=None
[2024-04-25T12:45:45.720+0000] {processor.py:179} INFO - Processing /home/airflow/.local/lib/python3.8/site-packages/airflow/example_dags/example_complex.py took 0.140 seconds
[2024-04-25T12:46:16.387+0000] {processor.py:157} INFO - Started process (PID=4211) to work on /home/airflow/.local/lib/python3.8/site-packages/airflow/example_dags/example_complex.py
[2024-04-25T12:46:16.390+0000] {processor.py:829} INFO - Processing file /home/airflow/.local/lib/python3.8/site-packages/airflow/example_dags/example_complex.py for tasks to queue
[2024-04-25T12:46:16.392+0000] {logging_mixin.py:154} INFO - [2024-04-25T12:46:16.392+0000] {dagbag.py:536} INFO - Filling up the DagBag from /home/airflow/.local/lib/python3.8/site-packages/airflow/example_dags/example_complex.py
[2024-04-25T12:46:16.411+0000] {processor.py:839} INFO - DAG(s) dict_keys(['example_complex']) retrieved from /home/airflow/.local/lib/python3.8/site-packages/airflow/example_dags/example_complex.py
[2024-04-25T12:46:16.482+0000] {logging_mixin.py:154} INFO - [2024-04-25T12:46:16.482+0000] {dag.py:2941} INFO - Sync 1 DAGs
[2024-04-25T12:46:16.510+0000] {logging_mixin.py:154} INFO - [2024-04-25T12:46:16.510+0000] {dag.py:3722} INFO - Setting next_dagrun for example_complex to None, run_after=None
[2024-04-25T12:46:16.546+0000] {processor.py:179} INFO - Processing /home/airflow/.local/lib/python3.8/site-packages/airflow/example_dags/example_complex.py took 0.165 seconds
[2024-04-25T12:46:48.247+0000] {processor.py:157} INFO - Started process (PID=4454) to work on /home/airflow/.local/lib/python3.8/site-packages/airflow/example_dags/example_complex.py
[2024-04-25T12:46:48.251+0000] {processor.py:829} INFO - Processing file /home/airflow/.local/lib/python3.8/site-packages/airflow/example_dags/example_complex.py for tasks to queue
[2024-04-25T12:46:48.256+0000] {logging_mixin.py:154} INFO - [2024-04-25T12:46:48.254+0000] {dagbag.py:536} INFO - Filling up the DagBag from /home/airflow/.local/lib/python3.8/site-packages/airflow/example_dags/example_complex.py
[2024-04-25T12:46:48.327+0000] {processor.py:839} INFO - DAG(s) dict_keys(['example_complex']) retrieved from /home/airflow/.local/lib/python3.8/site-packages/airflow/example_dags/example_complex.py
[2024-04-25T12:46:48.466+0000] {logging_mixin.py:154} INFO - [2024-04-25T12:46:48.466+0000] {dag.py:2941} INFO - Sync 1 DAGs
[2024-04-25T12:46:48.527+0000] {logging_mixin.py:154} INFO - [2024-04-25T12:46:48.526+0000] {dag.py:3722} INFO - Setting next_dagrun for example_complex to None, run_after=None
[2024-04-25T12:46:48.614+0000] {processor.py:179} INFO - Processing /home/airflow/.local/lib/python3.8/site-packages/airflow/example_dags/example_complex.py took 0.386 seconds
[2024-04-25T12:47:18.967+0000] {processor.py:157} INFO - Started process (PID=4697) to work on /home/airflow/.local/lib/python3.8/site-packages/airflow/example_dags/example_complex.py
[2024-04-25T12:47:18.968+0000] {processor.py:829} INFO - Processing file /home/airflow/.local/lib/python3.8/site-packages/airflow/example_dags/example_complex.py for tasks to queue
[2024-04-25T12:47:18.969+0000] {logging_mixin.py:154} INFO - [2024-04-25T12:47:18.969+0000] {dagbag.py:536} INFO - Filling up the DagBag from /home/airflow/.local/lib/python3.8/site-packages/airflow/example_dags/example_complex.py
[2024-04-25T12:47:18.985+0000] {processor.py:839} INFO - DAG(s) dict_keys(['example_complex']) retrieved from /home/airflow/.local/lib/python3.8/site-packages/airflow/example_dags/example_complex.py
[2024-04-25T12:47:19.032+0000] {logging_mixin.py:154} INFO - [2024-04-25T12:47:19.031+0000] {dag.py:2941} INFO - Sync 1 DAGs
[2024-04-25T12:47:19.054+0000] {logging_mixin.py:154} INFO - [2024-04-25T12:47:19.054+0000] {dag.py:3722} INFO - Setting next_dagrun for example_complex to None, run_after=None
[2024-04-25T12:47:19.085+0000] {processor.py:179} INFO - Processing /home/airflow/.local/lib/python3.8/site-packages/airflow/example_dags/example_complex.py took 0.124 seconds
[2024-04-25T12:51:43.217+0000] {processor.py:157} INFO - Started process (PID=295) to work on /home/airflow/.local/lib/python3.8/site-packages/airflow/example_dags/example_complex.py
[2024-04-25T12:51:43.220+0000] {processor.py:829} INFO - Processing file /home/airflow/.local/lib/python3.8/site-packages/airflow/example_dags/example_complex.py for tasks to queue
[2024-04-25T12:51:43.221+0000] {logging_mixin.py:154} INFO - [2024-04-25T12:51:43.221+0000] {dagbag.py:536} INFO - Filling up the DagBag from /home/airflow/.local/lib/python3.8/site-packages/airflow/example_dags/example_complex.py
[2024-04-25T12:51:43.249+0000] {processor.py:839} INFO - DAG(s) dict_keys(['example_complex']) retrieved from /home/airflow/.local/lib/python3.8/site-packages/airflow/example_dags/example_complex.py
[2024-04-25T12:51:43.273+0000] {logging_mixin.py:154} INFO - [2024-04-25T12:51:43.272+0000] {dag.py:2941} INFO - Sync 1 DAGs
[2024-04-25T12:51:43.302+0000] {logging_mixin.py:154} INFO - [2024-04-25T12:51:43.302+0000] {dag.py:3722} INFO - Setting next_dagrun for example_complex to None, run_after=None
[2024-04-25T12:51:43.333+0000] {processor.py:179} INFO - Processing /home/airflow/.local/lib/python3.8/site-packages/airflow/example_dags/example_complex.py took 0.124 seconds
[2024-04-25T12:52:14.035+0000] {processor.py:157} INFO - Started process (PID=536) to work on /home/airflow/.local/lib/python3.8/site-packages/airflow/example_dags/example_complex.py
[2024-04-25T12:52:14.036+0000] {processor.py:829} INFO - Processing file /home/airflow/.local/lib/python3.8/site-packages/airflow/example_dags/example_complex.py for tasks to queue
[2024-04-25T12:52:14.037+0000] {logging_mixin.py:154} INFO - [2024-04-25T12:52:14.037+0000] {dagbag.py:536} INFO - Filling up the DagBag from /home/airflow/.local/lib/python3.8/site-packages/airflow/example_dags/example_complex.py
[2024-04-25T12:52:14.061+0000] {processor.py:839} INFO - DAG(s) dict_keys(['example_complex']) retrieved from /home/airflow/.local/lib/python3.8/site-packages/airflow/example_dags/example_complex.py
[2024-04-25T12:52:14.115+0000] {logging_mixin.py:154} INFO - [2024-04-25T12:52:14.114+0000] {dag.py:2941} INFO - Sync 1 DAGs
[2024-04-25T12:52:14.140+0000] {logging_mixin.py:154} INFO - [2024-04-25T12:52:14.139+0000] {dag.py:3722} INFO - Setting next_dagrun for example_complex to None, run_after=None
[2024-04-25T12:52:14.174+0000] {processor.py:179} INFO - Processing /home/airflow/.local/lib/python3.8/site-packages/airflow/example_dags/example_complex.py took 0.145 seconds
[2024-04-25T12:52:45.076+0000] {processor.py:157} INFO - Started process (PID=786) to work on /home/airflow/.local/lib/python3.8/site-packages/airflow/example_dags/example_complex.py
[2024-04-25T12:52:45.079+0000] {processor.py:829} INFO - Processing file /home/airflow/.local/lib/python3.8/site-packages/airflow/example_dags/example_complex.py for tasks to queue
[2024-04-25T12:52:45.081+0000] {logging_mixin.py:154} INFO - [2024-04-25T12:52:45.080+0000] {dagbag.py:536} INFO - Filling up the DagBag from /home/airflow/.local/lib/python3.8/site-packages/airflow/example_dags/example_complex.py
[2024-04-25T12:52:45.105+0000] {processor.py:839} INFO - DAG(s) dict_keys(['example_complex']) retrieved from /home/airflow/.local/lib/python3.8/site-packages/airflow/example_dags/example_complex.py
[2024-04-25T12:52:45.176+0000] {logging_mixin.py:154} INFO - [2024-04-25T12:52:45.176+0000] {dag.py:2941} INFO - Sync 1 DAGs
[2024-04-25T12:52:45.205+0000] {logging_mixin.py:154} INFO - [2024-04-25T12:52:45.205+0000] {dag.py:3722} INFO - Setting next_dagrun for example_complex to None, run_after=None
[2024-04-25T12:52:45.240+0000] {processor.py:179} INFO - Processing /home/airflow/.local/lib/python3.8/site-packages/airflow/example_dags/example_complex.py took 0.171 seconds
[2024-04-25T12:53:15.713+0000] {processor.py:157} INFO - Started process (PID=1033) to work on /home/airflow/.local/lib/python3.8/site-packages/airflow/example_dags/example_complex.py
[2024-04-25T12:53:15.720+0000] {processor.py:829} INFO - Processing file /home/airflow/.local/lib/python3.8/site-packages/airflow/example_dags/example_complex.py for tasks to queue
[2024-04-25T12:53:15.722+0000] {logging_mixin.py:154} INFO - [2024-04-25T12:53:15.721+0000] {dagbag.py:536} INFO - Filling up the DagBag from /home/airflow/.local/lib/python3.8/site-packages/airflow/example_dags/example_complex.py
[2024-04-25T12:53:15.747+0000] {processor.py:839} INFO - DAG(s) dict_keys(['example_complex']) retrieved from /home/airflow/.local/lib/python3.8/site-packages/airflow/example_dags/example_complex.py
[2024-04-25T12:53:15.830+0000] {logging_mixin.py:154} INFO - [2024-04-25T12:53:15.830+0000] {dag.py:2941} INFO - Sync 1 DAGs
[2024-04-25T12:53:15.862+0000] {logging_mixin.py:154} INFO - [2024-04-25T12:53:15.861+0000] {dag.py:3722} INFO - Setting next_dagrun for example_complex to None, run_after=None
[2024-04-25T12:53:15.902+0000] {processor.py:179} INFO - Processing /home/airflow/.local/lib/python3.8/site-packages/airflow/example_dags/example_complex.py took 0.197 seconds
[2024-04-25T12:53:46.099+0000] {processor.py:157} INFO - Started process (PID=1278) to work on /home/airflow/.local/lib/python3.8/site-packages/airflow/example_dags/example_complex.py
[2024-04-25T12:53:46.102+0000] {processor.py:829} INFO - Processing file /home/airflow/.local/lib/python3.8/site-packages/airflow/example_dags/example_complex.py for tasks to queue
[2024-04-25T12:53:46.104+0000] {logging_mixin.py:154} INFO - [2024-04-25T12:53:46.103+0000] {dagbag.py:536} INFO - Filling up the DagBag from /home/airflow/.local/lib/python3.8/site-packages/airflow/example_dags/example_complex.py
[2024-04-25T12:53:46.121+0000] {processor.py:839} INFO - DAG(s) dict_keys(['example_complex']) retrieved from /home/airflow/.local/lib/python3.8/site-packages/airflow/example_dags/example_complex.py
[2024-04-25T12:53:46.172+0000] {logging_mixin.py:154} INFO - [2024-04-25T12:53:46.171+0000] {dag.py:2941} INFO - Sync 1 DAGs
[2024-04-25T12:53:46.193+0000] {logging_mixin.py:154} INFO - [2024-04-25T12:53:46.193+0000] {dag.py:3722} INFO - Setting next_dagrun for example_complex to None, run_after=None
[2024-04-25T12:53:46.220+0000] {processor.py:179} INFO - Processing /home/airflow/.local/lib/python3.8/site-packages/airflow/example_dags/example_complex.py took 0.133 seconds
[2024-04-25T12:54:16.416+0000] {processor.py:157} INFO - Started process (PID=1519) to work on /home/airflow/.local/lib/python3.8/site-packages/airflow/example_dags/example_complex.py
[2024-04-25T12:54:16.419+0000] {processor.py:829} INFO - Processing file /home/airflow/.local/lib/python3.8/site-packages/airflow/example_dags/example_complex.py for tasks to queue
[2024-04-25T12:54:16.421+0000] {logging_mixin.py:154} INFO - [2024-04-25T12:54:16.420+0000] {dagbag.py:536} INFO - Filling up the DagBag from /home/airflow/.local/lib/python3.8/site-packages/airflow/example_dags/example_complex.py
[2024-04-25T12:54:16.449+0000] {processor.py:839} INFO - DAG(s) dict_keys(['example_complex']) retrieved from /home/airflow/.local/lib/python3.8/site-packages/airflow/example_dags/example_complex.py
[2024-04-25T12:54:16.502+0000] {logging_mixin.py:154} INFO - [2024-04-25T12:54:16.501+0000] {dag.py:2941} INFO - Sync 1 DAGs
[2024-04-25T12:54:16.521+0000] {logging_mixin.py:154} INFO - [2024-04-25T12:54:16.520+0000] {dag.py:3722} INFO - Setting next_dagrun for example_complex to None, run_after=None
[2024-04-25T12:54:16.549+0000] {processor.py:179} INFO - Processing /home/airflow/.local/lib/python3.8/site-packages/airflow/example_dags/example_complex.py took 0.140 seconds
[2024-04-25T12:54:47.648+0000] {processor.py:157} INFO - Started process (PID=1762) to work on /home/airflow/.local/lib/python3.8/site-packages/airflow/example_dags/example_complex.py
[2024-04-25T12:54:47.651+0000] {processor.py:829} INFO - Processing file /home/airflow/.local/lib/python3.8/site-packages/airflow/example_dags/example_complex.py for tasks to queue
[2024-04-25T12:54:47.652+0000] {logging_mixin.py:154} INFO - [2024-04-25T12:54:47.651+0000] {dagbag.py:536} INFO - Filling up the DagBag from /home/airflow/.local/lib/python3.8/site-packages/airflow/example_dags/example_complex.py
[2024-04-25T12:54:47.668+0000] {processor.py:839} INFO - DAG(s) dict_keys(['example_complex']) retrieved from /home/airflow/.local/lib/python3.8/site-packages/airflow/example_dags/example_complex.py
[2024-04-25T12:54:47.716+0000] {logging_mixin.py:154} INFO - [2024-04-25T12:54:47.716+0000] {dag.py:2941} INFO - Sync 1 DAGs
[2024-04-25T12:54:47.734+0000] {logging_mixin.py:154} INFO - [2024-04-25T12:54:47.734+0000] {dag.py:3722} INFO - Setting next_dagrun for example_complex to None, run_after=None
[2024-04-25T12:54:47.761+0000] {processor.py:179} INFO - Processing /home/airflow/.local/lib/python3.8/site-packages/airflow/example_dags/example_complex.py took 0.119 seconds
[2024-04-25T12:55:17.931+0000] {processor.py:157} INFO - Started process (PID=2005) to work on /home/airflow/.local/lib/python3.8/site-packages/airflow/example_dags/example_complex.py
[2024-04-25T12:55:17.933+0000] {processor.py:829} INFO - Processing file /home/airflow/.local/lib/python3.8/site-packages/airflow/example_dags/example_complex.py for tasks to queue
[2024-04-25T12:55:17.935+0000] {logging_mixin.py:154} INFO - [2024-04-25T12:55:17.934+0000] {dagbag.py:536} INFO - Filling up the DagBag from /home/airflow/.local/lib/python3.8/site-packages/airflow/example_dags/example_complex.py
[2024-04-25T12:55:17.951+0000] {processor.py:839} INFO - DAG(s) dict_keys(['example_complex']) retrieved from /home/airflow/.local/lib/python3.8/site-packages/airflow/example_dags/example_complex.py
[2024-04-25T12:55:18.005+0000] {logging_mixin.py:154} INFO - [2024-04-25T12:55:18.005+0000] {dag.py:2941} INFO - Sync 1 DAGs
[2024-04-25T12:55:18.033+0000] {logging_mixin.py:154} INFO - [2024-04-25T12:55:18.033+0000] {dag.py:3722} INFO - Setting next_dagrun for example_complex to None, run_after=None
[2024-04-25T12:55:18.064+0000] {processor.py:179} INFO - Processing /home/airflow/.local/lib/python3.8/site-packages/airflow/example_dags/example_complex.py took 0.138 seconds
[2024-04-25T13:10:33.097+0000] {processor.py:157} INFO - Started process (PID=293) to work on /home/airflow/.local/lib/python3.8/site-packages/airflow/example_dags/example_complex.py
[2024-04-25T13:10:33.099+0000] {processor.py:829} INFO - Processing file /home/airflow/.local/lib/python3.8/site-packages/airflow/example_dags/example_complex.py for tasks to queue
[2024-04-25T13:10:33.101+0000] {logging_mixin.py:154} INFO - [2024-04-25T13:10:33.100+0000] {dagbag.py:536} INFO - Filling up the DagBag from /home/airflow/.local/lib/python3.8/site-packages/airflow/example_dags/example_complex.py
[2024-04-25T13:10:33.129+0000] {processor.py:839} INFO - DAG(s) dict_keys(['example_complex']) retrieved from /home/airflow/.local/lib/python3.8/site-packages/airflow/example_dags/example_complex.py
[2024-04-25T13:10:33.152+0000] {logging_mixin.py:154} INFO - [2024-04-25T13:10:33.152+0000] {dag.py:2941} INFO - Sync 1 DAGs
[2024-04-25T13:10:33.180+0000] {logging_mixin.py:154} INFO - [2024-04-25T13:10:33.180+0000] {dag.py:3722} INFO - Setting next_dagrun for example_complex to None, run_after=None
[2024-04-25T13:10:33.220+0000] {processor.py:179} INFO - Processing /home/airflow/.local/lib/python3.8/site-packages/airflow/example_dags/example_complex.py took 0.131 seconds
[2024-04-25T13:11:04.722+0000] {processor.py:157} INFO - Started process (PID=536) to work on /home/airflow/.local/lib/python3.8/site-packages/airflow/example_dags/example_complex.py
[2024-04-25T13:11:04.725+0000] {processor.py:829} INFO - Processing file /home/airflow/.local/lib/python3.8/site-packages/airflow/example_dags/example_complex.py for tasks to queue
[2024-04-25T13:11:04.726+0000] {logging_mixin.py:154} INFO - [2024-04-25T13:11:04.726+0000] {dagbag.py:536} INFO - Filling up the DagBag from /home/airflow/.local/lib/python3.8/site-packages/airflow/example_dags/example_complex.py
[2024-04-25T13:11:04.750+0000] {processor.py:839} INFO - DAG(s) dict_keys(['example_complex']) retrieved from /home/airflow/.local/lib/python3.8/site-packages/airflow/example_dags/example_complex.py
[2024-04-25T13:11:04.804+0000] {logging_mixin.py:154} INFO - [2024-04-25T13:11:04.804+0000] {dag.py:2941} INFO - Sync 1 DAGs
[2024-04-25T13:11:04.824+0000] {logging_mixin.py:154} INFO - [2024-04-25T13:11:04.823+0000] {dag.py:3722} INFO - Setting next_dagrun for example_complex to None, run_after=None
[2024-04-25T13:11:04.860+0000] {processor.py:179} INFO - Processing /home/airflow/.local/lib/python3.8/site-packages/airflow/example_dags/example_complex.py took 0.143 seconds
[2024-04-25T13:11:34.946+0000] {processor.py:157} INFO - Started process (PID=779) to work on /home/airflow/.local/lib/python3.8/site-packages/airflow/example_dags/example_complex.py
[2024-04-25T13:11:34.947+0000] {processor.py:829} INFO - Processing file /home/airflow/.local/lib/python3.8/site-packages/airflow/example_dags/example_complex.py for tasks to queue
[2024-04-25T13:11:34.948+0000] {logging_mixin.py:154} INFO - [2024-04-25T13:11:34.948+0000] {dagbag.py:536} INFO - Filling up the DagBag from /home/airflow/.local/lib/python3.8/site-packages/airflow/example_dags/example_complex.py
[2024-04-25T13:11:34.967+0000] {processor.py:839} INFO - DAG(s) dict_keys(['example_complex']) retrieved from /home/airflow/.local/lib/python3.8/site-packages/airflow/example_dags/example_complex.py
[2024-04-25T13:11:35.031+0000] {logging_mixin.py:154} INFO - [2024-04-25T13:11:35.031+0000] {dag.py:2941} INFO - Sync 1 DAGs
[2024-04-25T13:11:35.054+0000] {logging_mixin.py:154} INFO - [2024-04-25T13:11:35.053+0000] {dag.py:3722} INFO - Setting next_dagrun for example_complex to None, run_after=None
[2024-04-25T13:11:35.092+0000] {processor.py:179} INFO - Processing /home/airflow/.local/lib/python3.8/site-packages/airflow/example_dags/example_complex.py took 0.152 seconds
[2024-04-25T13:12:05.796+0000] {processor.py:157} INFO - Started process (PID=1029) to work on /home/airflow/.local/lib/python3.8/site-packages/airflow/example_dags/example_complex.py
[2024-04-25T13:12:05.798+0000] {processor.py:829} INFO - Processing file /home/airflow/.local/lib/python3.8/site-packages/airflow/example_dags/example_complex.py for tasks to queue
[2024-04-25T13:12:05.799+0000] {logging_mixin.py:154} INFO - [2024-04-25T13:12:05.799+0000] {dagbag.py:536} INFO - Filling up the DagBag from /home/airflow/.local/lib/python3.8/site-packages/airflow/example_dags/example_complex.py
[2024-04-25T13:12:05.816+0000] {processor.py:839} INFO - DAG(s) dict_keys(['example_complex']) retrieved from /home/airflow/.local/lib/python3.8/site-packages/airflow/example_dags/example_complex.py
[2024-04-25T13:12:05.879+0000] {logging_mixin.py:154} INFO - [2024-04-25T13:12:05.878+0000] {dag.py:2941} INFO - Sync 1 DAGs
[2024-04-25T13:12:05.904+0000] {logging_mixin.py:154} INFO - [2024-04-25T13:12:05.904+0000] {dag.py:3722} INFO - Setting next_dagrun for example_complex to None, run_after=None
[2024-04-25T13:12:05.938+0000] {processor.py:179} INFO - Processing /home/airflow/.local/lib/python3.8/site-packages/airflow/example_dags/example_complex.py took 0.148 seconds
[2024-04-25T13:12:36.511+0000] {processor.py:157} INFO - Started process (PID=1275) to work on /home/airflow/.local/lib/python3.8/site-packages/airflow/example_dags/example_complex.py
[2024-04-25T13:12:36.514+0000] {processor.py:829} INFO - Processing file /home/airflow/.local/lib/python3.8/site-packages/airflow/example_dags/example_complex.py for tasks to queue
[2024-04-25T13:12:36.517+0000] {logging_mixin.py:154} INFO - [2024-04-25T13:12:36.516+0000] {dagbag.py:536} INFO - Filling up the DagBag from /home/airflow/.local/lib/python3.8/site-packages/airflow/example_dags/example_complex.py
[2024-04-25T13:12:36.548+0000] {processor.py:839} INFO - DAG(s) dict_keys(['example_complex']) retrieved from /home/airflow/.local/lib/python3.8/site-packages/airflow/example_dags/example_complex.py
[2024-04-25T13:12:36.606+0000] {logging_mixin.py:154} INFO - [2024-04-25T13:12:36.605+0000] {dag.py:2941} INFO - Sync 1 DAGs
[2024-04-25T13:12:36.625+0000] {logging_mixin.py:154} INFO - [2024-04-25T13:12:36.625+0000] {dag.py:3722} INFO - Setting next_dagrun for example_complex to None, run_after=None
[2024-04-25T13:12:36.657+0000] {processor.py:179} INFO - Processing /home/airflow/.local/lib/python3.8/site-packages/airflow/example_dags/example_complex.py took 0.154 seconds
[2024-04-25T13:13:06.797+0000] {processor.py:157} INFO - Started process (PID=1520) to work on /home/airflow/.local/lib/python3.8/site-packages/airflow/example_dags/example_complex.py
[2024-04-25T13:13:06.802+0000] {processor.py:829} INFO - Processing file /home/airflow/.local/lib/python3.8/site-packages/airflow/example_dags/example_complex.py for tasks to queue
[2024-04-25T13:13:06.803+0000] {logging_mixin.py:154} INFO - [2024-04-25T13:13:06.802+0000] {dagbag.py:536} INFO - Filling up the DagBag from /home/airflow/.local/lib/python3.8/site-packages/airflow/example_dags/example_complex.py
[2024-04-25T13:13:06.820+0000] {processor.py:839} INFO - DAG(s) dict_keys(['example_complex']) retrieved from /home/airflow/.local/lib/python3.8/site-packages/airflow/example_dags/example_complex.py
[2024-04-25T13:13:06.865+0000] {logging_mixin.py:154} INFO - [2024-04-25T13:13:06.865+0000] {dag.py:2941} INFO - Sync 1 DAGs
[2024-04-25T13:13:06.882+0000] {logging_mixin.py:154} INFO - [2024-04-25T13:13:06.882+0000] {dag.py:3722} INFO - Setting next_dagrun for example_complex to None, run_after=None
[2024-04-25T13:13:06.909+0000] {processor.py:179} INFO - Processing /home/airflow/.local/lib/python3.8/site-packages/airflow/example_dags/example_complex.py took 0.117 seconds
[2024-04-25T13:13:37.233+0000] {processor.py:157} INFO - Started process (PID=1762) to work on /home/airflow/.local/lib/python3.8/site-packages/airflow/example_dags/example_complex.py
[2024-04-25T13:13:37.236+0000] {processor.py:829} INFO - Processing file /home/airflow/.local/lib/python3.8/site-packages/airflow/example_dags/example_complex.py for tasks to queue
[2024-04-25T13:13:37.237+0000] {logging_mixin.py:154} INFO - [2024-04-25T13:13:37.237+0000] {dagbag.py:536} INFO - Filling up the DagBag from /home/airflow/.local/lib/python3.8/site-packages/airflow/example_dags/example_complex.py
[2024-04-25T13:13:37.253+0000] {processor.py:839} INFO - DAG(s) dict_keys(['example_complex']) retrieved from /home/airflow/.local/lib/python3.8/site-packages/airflow/example_dags/example_complex.py
[2024-04-25T13:13:37.316+0000] {logging_mixin.py:154} INFO - [2024-04-25T13:13:37.315+0000] {dag.py:2941} INFO - Sync 1 DAGs
[2024-04-25T13:13:37.338+0000] {logging_mixin.py:154} INFO - [2024-04-25T13:13:37.338+0000] {dag.py:3722} INFO - Setting next_dagrun for example_complex to None, run_after=None
[2024-04-25T13:13:37.367+0000] {processor.py:179} INFO - Processing /home/airflow/.local/lib/python3.8/site-packages/airflow/example_dags/example_complex.py took 0.142 seconds
[2024-04-25T13:14:07.489+0000] {processor.py:157} INFO - Started process (PID=2006) to work on /home/airflow/.local/lib/python3.8/site-packages/airflow/example_dags/example_complex.py
[2024-04-25T13:14:07.492+0000] {processor.py:829} INFO - Processing file /home/airflow/.local/lib/python3.8/site-packages/airflow/example_dags/example_complex.py for tasks to queue
[2024-04-25T13:14:07.493+0000] {logging_mixin.py:154} INFO - [2024-04-25T13:14:07.493+0000] {dagbag.py:536} INFO - Filling up the DagBag from /home/airflow/.local/lib/python3.8/site-packages/airflow/example_dags/example_complex.py
[2024-04-25T13:14:07.520+0000] {processor.py:839} INFO - DAG(s) dict_keys(['example_complex']) retrieved from /home/airflow/.local/lib/python3.8/site-packages/airflow/example_dags/example_complex.py
[2024-04-25T13:14:07.576+0000] {logging_mixin.py:154} INFO - [2024-04-25T13:14:07.575+0000] {dag.py:2941} INFO - Sync 1 DAGs
[2024-04-25T13:14:07.606+0000] {logging_mixin.py:154} INFO - [2024-04-25T13:14:07.606+0000] {dag.py:3722} INFO - Setting next_dagrun for example_complex to None, run_after=None
[2024-04-25T13:14:07.640+0000] {processor.py:179} INFO - Processing /home/airflow/.local/lib/python3.8/site-packages/airflow/example_dags/example_complex.py took 0.158 seconds
[2024-04-25T13:14:38.140+0000] {processor.py:157} INFO - Started process (PID=2249) to work on /home/airflow/.local/lib/python3.8/site-packages/airflow/example_dags/example_complex.py
[2024-04-25T13:14:38.142+0000] {processor.py:829} INFO - Processing file /home/airflow/.local/lib/python3.8/site-packages/airflow/example_dags/example_complex.py for tasks to queue
[2024-04-25T13:14:38.143+0000] {logging_mixin.py:154} INFO - [2024-04-25T13:14:38.142+0000] {dagbag.py:536} INFO - Filling up the DagBag from /home/airflow/.local/lib/python3.8/site-packages/airflow/example_dags/example_complex.py
[2024-04-25T13:14:38.159+0000] {processor.py:839} INFO - DAG(s) dict_keys(['example_complex']) retrieved from /home/airflow/.local/lib/python3.8/site-packages/airflow/example_dags/example_complex.py
[2024-04-25T13:14:38.220+0000] {logging_mixin.py:154} INFO - [2024-04-25T13:14:38.219+0000] {dag.py:2941} INFO - Sync 1 DAGs
[2024-04-25T13:14:38.242+0000] {logging_mixin.py:154} INFO - [2024-04-25T13:14:38.241+0000] {dag.py:3722} INFO - Setting next_dagrun for example_complex to None, run_after=None
[2024-04-25T13:14:38.274+0000] {processor.py:179} INFO - Processing /home/airflow/.local/lib/python3.8/site-packages/airflow/example_dags/example_complex.py took 0.140 seconds
[2024-04-25T13:15:08.615+0000] {processor.py:157} INFO - Started process (PID=2492) to work on /home/airflow/.local/lib/python3.8/site-packages/airflow/example_dags/example_complex.py
[2024-04-25T13:15:08.617+0000] {processor.py:829} INFO - Processing file /home/airflow/.local/lib/python3.8/site-packages/airflow/example_dags/example_complex.py for tasks to queue
[2024-04-25T13:15:08.618+0000] {logging_mixin.py:154} INFO - [2024-04-25T13:15:08.618+0000] {dagbag.py:536} INFO - Filling up the DagBag from /home/airflow/.local/lib/python3.8/site-packages/airflow/example_dags/example_complex.py
[2024-04-25T13:15:08.650+0000] {processor.py:839} INFO - DAG(s) dict_keys(['example_complex']) retrieved from /home/airflow/.local/lib/python3.8/site-packages/airflow/example_dags/example_complex.py
[2024-04-25T13:15:08.699+0000] {logging_mixin.py:154} INFO - [2024-04-25T13:15:08.699+0000] {dag.py:2941} INFO - Sync 1 DAGs
[2024-04-25T13:15:08.725+0000] {logging_mixin.py:154} INFO - [2024-04-25T13:15:08.725+0000] {dag.py:3722} INFO - Setting next_dagrun for example_complex to None, run_after=None
[2024-04-25T13:15:08.759+0000] {processor.py:179} INFO - Processing /home/airflow/.local/lib/python3.8/site-packages/airflow/example_dags/example_complex.py took 0.151 seconds
[2024-04-25T13:15:39.968+0000] {processor.py:157} INFO - Started process (PID=2737) to work on /home/airflow/.local/lib/python3.8/site-packages/airflow/example_dags/example_complex.py
[2024-04-25T13:15:39.969+0000] {processor.py:829} INFO - Processing file /home/airflow/.local/lib/python3.8/site-packages/airflow/example_dags/example_complex.py for tasks to queue
[2024-04-25T13:15:39.970+0000] {logging_mixin.py:154} INFO - [2024-04-25T13:15:39.970+0000] {dagbag.py:536} INFO - Filling up the DagBag from /home/airflow/.local/lib/python3.8/site-packages/airflow/example_dags/example_complex.py
[2024-04-25T13:15:39.986+0000] {processor.py:839} INFO - DAG(s) dict_keys(['example_complex']) retrieved from /home/airflow/.local/lib/python3.8/site-packages/airflow/example_dags/example_complex.py
[2024-04-25T13:15:40.036+0000] {logging_mixin.py:154} INFO - [2024-04-25T13:15:40.036+0000] {dag.py:2941} INFO - Sync 1 DAGs
[2024-04-25T13:15:40.054+0000] {logging_mixin.py:154} INFO - [2024-04-25T13:15:40.054+0000] {dag.py:3722} INFO - Setting next_dagrun for example_complex to None, run_after=None
[2024-04-25T13:15:40.079+0000] {processor.py:179} INFO - Processing /home/airflow/.local/lib/python3.8/site-packages/airflow/example_dags/example_complex.py took 0.117 seconds
[2024-04-25T13:16:10.996+0000] {processor.py:157} INFO - Started process (PID=2978) to work on /home/airflow/.local/lib/python3.8/site-packages/airflow/example_dags/example_complex.py
[2024-04-25T13:16:10.999+0000] {processor.py:829} INFO - Processing file /home/airflow/.local/lib/python3.8/site-packages/airflow/example_dags/example_complex.py for tasks to queue
[2024-04-25T13:16:11.001+0000] {logging_mixin.py:154} INFO - [2024-04-25T13:16:11.000+0000] {dagbag.py:536} INFO - Filling up the DagBag from /home/airflow/.local/lib/python3.8/site-packages/airflow/example_dags/example_complex.py
[2024-04-25T13:16:11.019+0000] {processor.py:839} INFO - DAG(s) dict_keys(['example_complex']) retrieved from /home/airflow/.local/lib/python3.8/site-packages/airflow/example_dags/example_complex.py
[2024-04-25T13:16:11.081+0000] {logging_mixin.py:154} INFO - [2024-04-25T13:16:11.080+0000] {dag.py:2941} INFO - Sync 1 DAGs
[2024-04-25T13:16:11.105+0000] {logging_mixin.py:154} INFO - [2024-04-25T13:16:11.104+0000] {dag.py:3722} INFO - Setting next_dagrun for example_complex to None, run_after=None
[2024-04-25T13:16:11.138+0000] {processor.py:179} INFO - Processing /home/airflow/.local/lib/python3.8/site-packages/airflow/example_dags/example_complex.py took 0.150 seconds
[2024-04-25T13:16:42.136+0000] {processor.py:157} INFO - Started process (PID=3224) to work on /home/airflow/.local/lib/python3.8/site-packages/airflow/example_dags/example_complex.py
[2024-04-25T13:16:42.137+0000] {processor.py:829} INFO - Processing file /home/airflow/.local/lib/python3.8/site-packages/airflow/example_dags/example_complex.py for tasks to queue
[2024-04-25T13:16:42.138+0000] {logging_mixin.py:154} INFO - [2024-04-25T13:16:42.138+0000] {dagbag.py:536} INFO - Filling up the DagBag from /home/airflow/.local/lib/python3.8/site-packages/airflow/example_dags/example_complex.py
[2024-04-25T13:16:42.154+0000] {processor.py:839} INFO - DAG(s) dict_keys(['example_complex']) retrieved from /home/airflow/.local/lib/python3.8/site-packages/airflow/example_dags/example_complex.py
[2024-04-25T13:16:42.201+0000] {logging_mixin.py:154} INFO - [2024-04-25T13:16:42.201+0000] {dag.py:2941} INFO - Sync 1 DAGs
[2024-04-25T13:16:42.218+0000] {logging_mixin.py:154} INFO - [2024-04-25T13:16:42.218+0000] {dag.py:3722} INFO - Setting next_dagrun for example_complex to None, run_after=None
[2024-04-25T13:16:42.248+0000] {processor.py:179} INFO - Processing /home/airflow/.local/lib/python3.8/site-packages/airflow/example_dags/example_complex.py took 0.118 seconds
[2024-04-25T13:17:13.047+0000] {processor.py:157} INFO - Started process (PID=3465) to work on /home/airflow/.local/lib/python3.8/site-packages/airflow/example_dags/example_complex.py
[2024-04-25T13:17:13.049+0000] {processor.py:829} INFO - Processing file /home/airflow/.local/lib/python3.8/site-packages/airflow/example_dags/example_complex.py for tasks to queue
[2024-04-25T13:17:13.051+0000] {logging_mixin.py:154} INFO - [2024-04-25T13:17:13.050+0000] {dagbag.py:536} INFO - Filling up the DagBag from /home/airflow/.local/lib/python3.8/site-packages/airflow/example_dags/example_complex.py
[2024-04-25T13:17:13.068+0000] {processor.py:839} INFO - DAG(s) dict_keys(['example_complex']) retrieved from /home/airflow/.local/lib/python3.8/site-packages/airflow/example_dags/example_complex.py
[2024-04-25T13:17:13.136+0000] {logging_mixin.py:154} INFO - [2024-04-25T13:17:13.136+0000] {dag.py:2941} INFO - Sync 1 DAGs
[2024-04-25T13:17:13.161+0000] {logging_mixin.py:154} INFO - [2024-04-25T13:17:13.160+0000] {dag.py:3722} INFO - Setting next_dagrun for example_complex to None, run_after=None
[2024-04-25T13:17:13.189+0000] {processor.py:179} INFO - Processing /home/airflow/.local/lib/python3.8/site-packages/airflow/example_dags/example_complex.py took 0.150 seconds
[2024-04-25T13:17:43.526+0000] {processor.py:157} INFO - Started process (PID=3708) to work on /home/airflow/.local/lib/python3.8/site-packages/airflow/example_dags/example_complex.py
[2024-04-25T13:17:43.528+0000] {processor.py:829} INFO - Processing file /home/airflow/.local/lib/python3.8/site-packages/airflow/example_dags/example_complex.py for tasks to queue
[2024-04-25T13:17:43.529+0000] {logging_mixin.py:154} INFO - [2024-04-25T13:17:43.528+0000] {dagbag.py:536} INFO - Filling up the DagBag from /home/airflow/.local/lib/python3.8/site-packages/airflow/example_dags/example_complex.py
[2024-04-25T13:17:43.546+0000] {processor.py:839} INFO - DAG(s) dict_keys(['example_complex']) retrieved from /home/airflow/.local/lib/python3.8/site-packages/airflow/example_dags/example_complex.py
[2024-04-25T13:17:43.601+0000] {logging_mixin.py:154} INFO - [2024-04-25T13:17:43.600+0000] {dag.py:2941} INFO - Sync 1 DAGs
[2024-04-25T13:17:43.630+0000] {logging_mixin.py:154} INFO - [2024-04-25T13:17:43.630+0000] {dag.py:3722} INFO - Setting next_dagrun for example_complex to None, run_after=None
[2024-04-25T13:17:43.661+0000] {processor.py:179} INFO - Processing /home/airflow/.local/lib/python3.8/site-packages/airflow/example_dags/example_complex.py took 0.142 seconds
[2024-04-25T13:18:14.582+0000] {processor.py:157} INFO - Started process (PID=3952) to work on /home/airflow/.local/lib/python3.8/site-packages/airflow/example_dags/example_complex.py
[2024-04-25T13:18:14.584+0000] {processor.py:829} INFO - Processing file /home/airflow/.local/lib/python3.8/site-packages/airflow/example_dags/example_complex.py for tasks to queue
[2024-04-25T13:18:14.586+0000] {logging_mixin.py:154} INFO - [2024-04-25T13:18:14.585+0000] {dagbag.py:536} INFO - Filling up the DagBag from /home/airflow/.local/lib/python3.8/site-packages/airflow/example_dags/example_complex.py
[2024-04-25T13:18:14.606+0000] {processor.py:839} INFO - DAG(s) dict_keys(['example_complex']) retrieved from /home/airflow/.local/lib/python3.8/site-packages/airflow/example_dags/example_complex.py
[2024-04-25T13:18:14.676+0000] {logging_mixin.py:154} INFO - [2024-04-25T13:18:14.675+0000] {dag.py:2941} INFO - Sync 1 DAGs
[2024-04-25T13:18:14.694+0000] {logging_mixin.py:154} INFO - [2024-04-25T13:18:14.694+0000] {dag.py:3722} INFO - Setting next_dagrun for example_complex to None, run_after=None
[2024-04-25T13:18:14.726+0000] {processor.py:179} INFO - Processing /home/airflow/.local/lib/python3.8/site-packages/airflow/example_dags/example_complex.py took 0.151 seconds
[2024-04-25T13:18:45.612+0000] {processor.py:157} INFO - Started process (PID=4196) to work on /home/airflow/.local/lib/python3.8/site-packages/airflow/example_dags/example_complex.py
[2024-04-25T13:18:45.614+0000] {processor.py:829} INFO - Processing file /home/airflow/.local/lib/python3.8/site-packages/airflow/example_dags/example_complex.py for tasks to queue
[2024-04-25T13:18:45.616+0000] {logging_mixin.py:154} INFO - [2024-04-25T13:18:45.615+0000] {dagbag.py:536} INFO - Filling up the DagBag from /home/airflow/.local/lib/python3.8/site-packages/airflow/example_dags/example_complex.py
[2024-04-25T13:18:45.646+0000] {processor.py:839} INFO - DAG(s) dict_keys(['example_complex']) retrieved from /home/airflow/.local/lib/python3.8/site-packages/airflow/example_dags/example_complex.py
[2024-04-25T13:18:45.694+0000] {logging_mixin.py:154} INFO - [2024-04-25T13:18:45.694+0000] {dag.py:2941} INFO - Sync 1 DAGs
[2024-04-25T13:18:45.716+0000] {logging_mixin.py:154} INFO - [2024-04-25T13:18:45.716+0000] {dag.py:3722} INFO - Setting next_dagrun for example_complex to None, run_after=None
[2024-04-25T13:18:45.751+0000] {processor.py:179} INFO - Processing /home/airflow/.local/lib/python3.8/site-packages/airflow/example_dags/example_complex.py took 0.147 seconds
[2024-04-25T13:27:15.807+0000] {processor.py:157} INFO - Started process (PID=293) to work on /home/airflow/.local/lib/python3.8/site-packages/airflow/example_dags/example_complex.py
[2024-04-25T13:27:15.809+0000] {processor.py:829} INFO - Processing file /home/airflow/.local/lib/python3.8/site-packages/airflow/example_dags/example_complex.py for tasks to queue
[2024-04-25T13:27:15.811+0000] {logging_mixin.py:154} INFO - [2024-04-25T13:27:15.810+0000] {dagbag.py:536} INFO - Filling up the DagBag from /home/airflow/.local/lib/python3.8/site-packages/airflow/example_dags/example_complex.py
[2024-04-25T13:27:15.834+0000] {processor.py:839} INFO - DAG(s) dict_keys(['example_complex']) retrieved from /home/airflow/.local/lib/python3.8/site-packages/airflow/example_dags/example_complex.py
[2024-04-25T13:27:15.867+0000] {logging_mixin.py:154} INFO - [2024-04-25T13:27:15.867+0000] {dag.py:2941} INFO - Sync 1 DAGs
[2024-04-25T13:27:15.892+0000] {logging_mixin.py:154} INFO - [2024-04-25T13:27:15.892+0000] {dag.py:3722} INFO - Setting next_dagrun for example_complex to None, run_after=None
[2024-04-25T13:27:15.923+0000] {processor.py:179} INFO - Processing /home/airflow/.local/lib/python3.8/site-packages/airflow/example_dags/example_complex.py took 0.124 seconds
[2024-04-25T13:27:46.433+0000] {processor.py:157} INFO - Started process (PID=536) to work on /home/airflow/.local/lib/python3.8/site-packages/airflow/example_dags/example_complex.py
[2024-04-25T13:27:46.434+0000] {processor.py:829} INFO - Processing file /home/airflow/.local/lib/python3.8/site-packages/airflow/example_dags/example_complex.py for tasks to queue
[2024-04-25T13:27:46.435+0000] {logging_mixin.py:154} INFO - [2024-04-25T13:27:46.435+0000] {dagbag.py:536} INFO - Filling up the DagBag from /home/airflow/.local/lib/python3.8/site-packages/airflow/example_dags/example_complex.py
[2024-04-25T13:27:46.459+0000] {processor.py:839} INFO - DAG(s) dict_keys(['example_complex']) retrieved from /home/airflow/.local/lib/python3.8/site-packages/airflow/example_dags/example_complex.py
[2024-04-25T13:27:46.512+0000] {logging_mixin.py:154} INFO - [2024-04-25T13:27:46.511+0000] {dag.py:2941} INFO - Sync 1 DAGs
[2024-04-25T13:27:46.534+0000] {logging_mixin.py:154} INFO - [2024-04-25T13:27:46.533+0000] {dag.py:3722} INFO - Setting next_dagrun for example_complex to None, run_after=None
[2024-04-25T13:27:46.568+0000] {processor.py:179} INFO - Processing /home/airflow/.local/lib/python3.8/site-packages/airflow/example_dags/example_complex.py took 0.142 seconds
[2024-04-25T13:28:16.961+0000] {processor.py:157} INFO - Started process (PID=779) to work on /home/airflow/.local/lib/python3.8/site-packages/airflow/example_dags/example_complex.py
[2024-04-25T13:28:16.963+0000] {processor.py:829} INFO - Processing file /home/airflow/.local/lib/python3.8/site-packages/airflow/example_dags/example_complex.py for tasks to queue
[2024-04-25T13:28:16.964+0000] {logging_mixin.py:154} INFO - [2024-04-25T13:28:16.964+0000] {dagbag.py:536} INFO - Filling up the DagBag from /home/airflow/.local/lib/python3.8/site-packages/airflow/example_dags/example_complex.py
[2024-04-25T13:28:16.983+0000] {processor.py:839} INFO - DAG(s) dict_keys(['example_complex']) retrieved from /home/airflow/.local/lib/python3.8/site-packages/airflow/example_dags/example_complex.py
[2024-04-25T13:28:17.044+0000] {logging_mixin.py:154} INFO - [2024-04-25T13:28:17.044+0000] {dag.py:2941} INFO - Sync 1 DAGs
[2024-04-25T13:28:17.074+0000] {logging_mixin.py:154} INFO - [2024-04-25T13:28:17.074+0000] {dag.py:3722} INFO - Setting next_dagrun for example_complex to None, run_after=None
[2024-04-25T13:28:17.099+0000] {processor.py:179} INFO - Processing /home/airflow/.local/lib/python3.8/site-packages/airflow/example_dags/example_complex.py took 0.144 seconds
[2024-04-25T13:28:48.032+0000] {processor.py:157} INFO - Started process (PID=1029) to work on /home/airflow/.local/lib/python3.8/site-packages/airflow/example_dags/example_complex.py
[2024-04-25T13:28:48.036+0000] {processor.py:829} INFO - Processing file /home/airflow/.local/lib/python3.8/site-packages/airflow/example_dags/example_complex.py for tasks to queue
[2024-04-25T13:28:48.038+0000] {logging_mixin.py:154} INFO - [2024-04-25T13:28:48.037+0000] {dagbag.py:536} INFO - Filling up the DagBag from /home/airflow/.local/lib/python3.8/site-packages/airflow/example_dags/example_complex.py
[2024-04-25T13:28:48.066+0000] {processor.py:839} INFO - DAG(s) dict_keys(['example_complex']) retrieved from /home/airflow/.local/lib/python3.8/site-packages/airflow/example_dags/example_complex.py
[2024-04-25T13:28:48.147+0000] {logging_mixin.py:154} INFO - [2024-04-25T13:28:48.146+0000] {dag.py:2941} INFO - Sync 1 DAGs
[2024-04-25T13:28:48.171+0000] {logging_mixin.py:154} INFO - [2024-04-25T13:28:48.171+0000] {dag.py:3722} INFO - Setting next_dagrun for example_complex to None, run_after=None
[2024-04-25T13:28:48.204+0000] {processor.py:179} INFO - Processing /home/airflow/.local/lib/python3.8/site-packages/airflow/example_dags/example_complex.py took 0.180 seconds
[2024-04-25T13:29:19.254+0000] {processor.py:157} INFO - Started process (PID=1277) to work on /home/airflow/.local/lib/python3.8/site-packages/airflow/example_dags/example_complex.py
[2024-04-25T13:29:19.256+0000] {processor.py:829} INFO - Processing file /home/airflow/.local/lib/python3.8/site-packages/airflow/example_dags/example_complex.py for tasks to queue
[2024-04-25T13:29:19.258+0000] {logging_mixin.py:154} INFO - [2024-04-25T13:29:19.257+0000] {dagbag.py:536} INFO - Filling up the DagBag from /home/airflow/.local/lib/python3.8/site-packages/airflow/example_dags/example_complex.py
[2024-04-25T13:29:19.276+0000] {processor.py:839} INFO - DAG(s) dict_keys(['example_complex']) retrieved from /home/airflow/.local/lib/python3.8/site-packages/airflow/example_dags/example_complex.py
[2024-04-25T13:29:19.335+0000] {logging_mixin.py:154} INFO - [2024-04-25T13:29:19.334+0000] {dag.py:2941} INFO - Sync 1 DAGs
[2024-04-25T13:29:19.362+0000] {logging_mixin.py:154} INFO - [2024-04-25T13:29:19.361+0000] {dag.py:3722} INFO - Setting next_dagrun for example_complex to None, run_after=None
[2024-04-25T13:29:19.396+0000] {processor.py:179} INFO - Processing /home/airflow/.local/lib/python3.8/site-packages/airflow/example_dags/example_complex.py took 0.149 seconds
[2024-04-25T13:29:49.647+0000] {processor.py:157} INFO - Started process (PID=1518) to work on /home/airflow/.local/lib/python3.8/site-packages/airflow/example_dags/example_complex.py
[2024-04-25T13:29:49.649+0000] {processor.py:829} INFO - Processing file /home/airflow/.local/lib/python3.8/site-packages/airflow/example_dags/example_complex.py for tasks to queue
[2024-04-25T13:29:49.651+0000] {logging_mixin.py:154} INFO - [2024-04-25T13:29:49.650+0000] {dagbag.py:536} INFO - Filling up the DagBag from /home/airflow/.local/lib/python3.8/site-packages/airflow/example_dags/example_complex.py
[2024-04-25T13:29:49.668+0000] {processor.py:839} INFO - DAG(s) dict_keys(['example_complex']) retrieved from /home/airflow/.local/lib/python3.8/site-packages/airflow/example_dags/example_complex.py
[2024-04-25T13:29:49.725+0000] {logging_mixin.py:154} INFO - [2024-04-25T13:29:49.724+0000] {dag.py:2941} INFO - Sync 1 DAGs
[2024-04-25T13:29:49.753+0000] {logging_mixin.py:154} INFO - [2024-04-25T13:29:49.753+0000] {dag.py:3722} INFO - Setting next_dagrun for example_complex to None, run_after=None
[2024-04-25T13:29:49.792+0000] {processor.py:179} INFO - Processing /home/airflow/.local/lib/python3.8/site-packages/airflow/example_dags/example_complex.py took 0.151 seconds
[2024-04-25T13:30:20.273+0000] {processor.py:157} INFO - Started process (PID=1761) to work on /home/airflow/.local/lib/python3.8/site-packages/airflow/example_dags/example_complex.py
[2024-04-25T13:30:20.277+0000] {processor.py:829} INFO - Processing file /home/airflow/.local/lib/python3.8/site-packages/airflow/example_dags/example_complex.py for tasks to queue
[2024-04-25T13:30:20.278+0000] {logging_mixin.py:154} INFO - [2024-04-25T13:30:20.278+0000] {dagbag.py:536} INFO - Filling up the DagBag from /home/airflow/.local/lib/python3.8/site-packages/airflow/example_dags/example_complex.py
[2024-04-25T13:30:20.304+0000] {processor.py:839} INFO - DAG(s) dict_keys(['example_complex']) retrieved from /home/airflow/.local/lib/python3.8/site-packages/airflow/example_dags/example_complex.py
[2024-04-25T13:30:20.372+0000] {logging_mixin.py:154} INFO - [2024-04-25T13:30:20.372+0000] {dag.py:2941} INFO - Sync 1 DAGs
[2024-04-25T13:30:20.390+0000] {logging_mixin.py:154} INFO - [2024-04-25T13:30:20.390+0000] {dag.py:3722} INFO - Setting next_dagrun for example_complex to None, run_after=None
[2024-04-25T13:30:20.416+0000] {processor.py:179} INFO - Processing /home/airflow/.local/lib/python3.8/site-packages/airflow/example_dags/example_complex.py took 0.148 seconds
[2024-04-25T13:30:51.018+0000] {processor.py:157} INFO - Started process (PID=2005) to work on /home/airflow/.local/lib/python3.8/site-packages/airflow/example_dags/example_complex.py
[2024-04-25T13:30:51.019+0000] {processor.py:829} INFO - Processing file /home/airflow/.local/lib/python3.8/site-packages/airflow/example_dags/example_complex.py for tasks to queue
[2024-04-25T13:30:51.020+0000] {logging_mixin.py:154} INFO - [2024-04-25T13:30:51.020+0000] {dagbag.py:536} INFO - Filling up the DagBag from /home/airflow/.local/lib/python3.8/site-packages/airflow/example_dags/example_complex.py
[2024-04-25T13:30:51.036+0000] {processor.py:839} INFO - DAG(s) dict_keys(['example_complex']) retrieved from /home/airflow/.local/lib/python3.8/site-packages/airflow/example_dags/example_complex.py
[2024-04-25T13:30:51.086+0000] {logging_mixin.py:154} INFO - [2024-04-25T13:30:51.085+0000] {dag.py:2941} INFO - Sync 1 DAGs
[2024-04-25T13:30:51.103+0000] {logging_mixin.py:154} INFO - [2024-04-25T13:30:51.103+0000] {dag.py:3722} INFO - Setting next_dagrun for example_complex to None, run_after=None
[2024-04-25T13:30:51.130+0000] {processor.py:179} INFO - Processing /home/airflow/.local/lib/python3.8/site-packages/airflow/example_dags/example_complex.py took 0.118 seconds
[2024-04-25T13:31:21.687+0000] {processor.py:157} INFO - Started process (PID=2248) to work on /home/airflow/.local/lib/python3.8/site-packages/airflow/example_dags/example_complex.py
[2024-04-25T13:31:21.689+0000] {processor.py:829} INFO - Processing file /home/airflow/.local/lib/python3.8/site-packages/airflow/example_dags/example_complex.py for tasks to queue
[2024-04-25T13:31:21.691+0000] {logging_mixin.py:154} INFO - [2024-04-25T13:31:21.690+0000] {dagbag.py:536} INFO - Filling up the DagBag from /home/airflow/.local/lib/python3.8/site-packages/airflow/example_dags/example_complex.py
[2024-04-25T13:31:21.710+0000] {processor.py:839} INFO - DAG(s) dict_keys(['example_complex']) retrieved from /home/airflow/.local/lib/python3.8/site-packages/airflow/example_dags/example_complex.py
[2024-04-25T13:31:21.768+0000] {logging_mixin.py:154} INFO - [2024-04-25T13:31:21.768+0000] {dag.py:2941} INFO - Sync 1 DAGs
[2024-04-25T13:31:21.797+0000] {logging_mixin.py:154} INFO - [2024-04-25T13:31:21.797+0000] {dag.py:3722} INFO - Setting next_dagrun for example_complex to None, run_after=None
[2024-04-25T13:31:21.831+0000] {processor.py:179} INFO - Processing /home/airflow/.local/lib/python3.8/site-packages/airflow/example_dags/example_complex.py took 0.151 seconds
[2024-04-25T13:31:52.222+0000] {processor.py:157} INFO - Started process (PID=2491) to work on /home/airflow/.local/lib/python3.8/site-packages/airflow/example_dags/example_complex.py
[2024-04-25T13:31:52.224+0000] {processor.py:829} INFO - Processing file /home/airflow/.local/lib/python3.8/site-packages/airflow/example_dags/example_complex.py for tasks to queue
[2024-04-25T13:31:52.225+0000] {logging_mixin.py:154} INFO - [2024-04-25T13:31:52.225+0000] {dagbag.py:536} INFO - Filling up the DagBag from /home/airflow/.local/lib/python3.8/site-packages/airflow/example_dags/example_complex.py
[2024-04-25T13:31:52.249+0000] {processor.py:839} INFO - DAG(s) dict_keys(['example_complex']) retrieved from /home/airflow/.local/lib/python3.8/site-packages/airflow/example_dags/example_complex.py
[2024-04-25T13:31:52.315+0000] {logging_mixin.py:154} INFO - [2024-04-25T13:31:52.315+0000] {dag.py:2941} INFO - Sync 1 DAGs
[2024-04-25T13:31:52.341+0000] {logging_mixin.py:154} INFO - [2024-04-25T13:31:52.340+0000] {dag.py:3722} INFO - Setting next_dagrun for example_complex to None, run_after=None
[2024-04-25T13:31:52.378+0000] {processor.py:179} INFO - Processing /home/airflow/.local/lib/python3.8/site-packages/airflow/example_dags/example_complex.py took 0.164 seconds
[2024-04-25T13:32:22.732+0000] {processor.py:157} INFO - Started process (PID=2734) to work on /home/airflow/.local/lib/python3.8/site-packages/airflow/example_dags/example_complex.py
[2024-04-25T13:32:22.734+0000] {processor.py:829} INFO - Processing file /home/airflow/.local/lib/python3.8/site-packages/airflow/example_dags/example_complex.py for tasks to queue
[2024-04-25T13:32:22.737+0000] {logging_mixin.py:154} INFO - [2024-04-25T13:32:22.736+0000] {dagbag.py:536} INFO - Filling up the DagBag from /home/airflow/.local/lib/python3.8/site-packages/airflow/example_dags/example_complex.py
[2024-04-25T13:32:22.763+0000] {processor.py:839} INFO - DAG(s) dict_keys(['example_complex']) retrieved from /home/airflow/.local/lib/python3.8/site-packages/airflow/example_dags/example_complex.py
[2024-04-25T13:32:22.817+0000] {logging_mixin.py:154} INFO - [2024-04-25T13:32:22.816+0000] {dag.py:2941} INFO - Sync 1 DAGs
[2024-04-25T13:32:22.840+0000] {logging_mixin.py:154} INFO - [2024-04-25T13:32:22.839+0000] {dag.py:3722} INFO - Setting next_dagrun for example_complex to None, run_after=None
[2024-04-25T13:32:22.871+0000] {processor.py:179} INFO - Processing /home/airflow/.local/lib/python3.8/site-packages/airflow/example_dags/example_complex.py took 0.146 seconds
[2024-04-25T13:32:53.786+0000] {processor.py:157} INFO - Started process (PID=2979) to work on /home/airflow/.local/lib/python3.8/site-packages/airflow/example_dags/example_complex.py
[2024-04-25T13:32:53.788+0000] {processor.py:829} INFO - Processing file /home/airflow/.local/lib/python3.8/site-packages/airflow/example_dags/example_complex.py for tasks to queue
[2024-04-25T13:32:53.789+0000] {logging_mixin.py:154} INFO - [2024-04-25T13:32:53.789+0000] {dagbag.py:536} INFO - Filling up the DagBag from /home/airflow/.local/lib/python3.8/site-packages/airflow/example_dags/example_complex.py
[2024-04-25T13:32:53.812+0000] {processor.py:839} INFO - DAG(s) dict_keys(['example_complex']) retrieved from /home/airflow/.local/lib/python3.8/site-packages/airflow/example_dags/example_complex.py
[2024-04-25T13:32:53.876+0000] {logging_mixin.py:154} INFO - [2024-04-25T13:32:53.876+0000] {dag.py:2941} INFO - Sync 1 DAGs
[2024-04-25T13:32:53.899+0000] {logging_mixin.py:154} INFO - [2024-04-25T13:32:53.898+0000] {dag.py:3722} INFO - Setting next_dagrun for example_complex to None, run_after=None
[2024-04-25T13:32:53.933+0000] {processor.py:179} INFO - Processing /home/airflow/.local/lib/python3.8/site-packages/airflow/example_dags/example_complex.py took 0.154 seconds
[2024-04-25T13:33:24.827+0000] {processor.py:157} INFO - Started process (PID=3228) to work on /home/airflow/.local/lib/python3.8/site-packages/airflow/example_dags/example_complex.py
[2024-04-25T13:33:24.829+0000] {processor.py:829} INFO - Processing file /home/airflow/.local/lib/python3.8/site-packages/airflow/example_dags/example_complex.py for tasks to queue
[2024-04-25T13:33:24.831+0000] {logging_mixin.py:154} INFO - [2024-04-25T13:33:24.830+0000] {dagbag.py:536} INFO - Filling up the DagBag from /home/airflow/.local/lib/python3.8/site-packages/airflow/example_dags/example_complex.py
[2024-04-25T13:33:24.857+0000] {processor.py:839} INFO - DAG(s) dict_keys(['example_complex']) retrieved from /home/airflow/.local/lib/python3.8/site-packages/airflow/example_dags/example_complex.py
[2024-04-25T13:33:24.929+0000] {logging_mixin.py:154} INFO - [2024-04-25T13:33:24.928+0000] {dag.py:2941} INFO - Sync 1 DAGs
[2024-04-25T13:33:24.963+0000] {logging_mixin.py:154} INFO - [2024-04-25T13:33:24.962+0000] {dag.py:3722} INFO - Setting next_dagrun for example_complex to None, run_after=None
[2024-04-25T13:33:25.012+0000] {processor.py:179} INFO - Processing /home/airflow/.local/lib/python3.8/site-packages/airflow/example_dags/example_complex.py took 0.191 seconds
[2024-04-25T13:33:58.325+0000] {processor.py:157} INFO - Started process (PID=3482) to work on /home/airflow/.local/lib/python3.8/site-packages/airflow/example_dags/example_complex.py
[2024-04-25T13:33:58.338+0000] {processor.py:829} INFO - Processing file /home/airflow/.local/lib/python3.8/site-packages/airflow/example_dags/example_complex.py for tasks to queue
[2024-04-25T13:33:58.343+0000] {logging_mixin.py:154} INFO - [2024-04-25T13:33:58.339+0000] {dagbag.py:536} INFO - Filling up the DagBag from /home/airflow/.local/lib/python3.8/site-packages/airflow/example_dags/example_complex.py
[2024-04-25T13:33:58.401+0000] {processor.py:839} INFO - DAG(s) dict_keys(['example_complex']) retrieved from /home/airflow/.local/lib/python3.8/site-packages/airflow/example_dags/example_complex.py
[2024-04-25T13:33:58.581+0000] {logging_mixin.py:154} INFO - [2024-04-25T13:33:58.580+0000] {dag.py:2941} INFO - Sync 1 DAGs
[2024-04-25T13:33:58.638+0000] {logging_mixin.py:154} INFO - [2024-04-25T13:33:58.638+0000] {dag.py:3722} INFO - Setting next_dagrun for example_complex to None, run_after=None
[2024-04-25T13:33:58.714+0000] {processor.py:179} INFO - Processing /home/airflow/.local/lib/python3.8/site-packages/airflow/example_dags/example_complex.py took 0.411 seconds
[2024-04-25T13:34:29.138+0000] {processor.py:157} INFO - Started process (PID=3727) to work on /home/airflow/.local/lib/python3.8/site-packages/airflow/example_dags/example_complex.py
[2024-04-25T13:34:29.142+0000] {processor.py:829} INFO - Processing file /home/airflow/.local/lib/python3.8/site-packages/airflow/example_dags/example_complex.py for tasks to queue
[2024-04-25T13:34:29.143+0000] {logging_mixin.py:154} INFO - [2024-04-25T13:34:29.143+0000] {dagbag.py:536} INFO - Filling up the DagBag from /home/airflow/.local/lib/python3.8/site-packages/airflow/example_dags/example_complex.py
[2024-04-25T13:34:29.159+0000] {processor.py:839} INFO - DAG(s) dict_keys(['example_complex']) retrieved from /home/airflow/.local/lib/python3.8/site-packages/airflow/example_dags/example_complex.py
[2024-04-25T13:34:29.206+0000] {logging_mixin.py:154} INFO - [2024-04-25T13:34:29.206+0000] {dag.py:2941} INFO - Sync 1 DAGs
[2024-04-25T13:34:29.224+0000] {logging_mixin.py:154} INFO - [2024-04-25T13:34:29.224+0000] {dag.py:3722} INFO - Setting next_dagrun for example_complex to None, run_after=None
[2024-04-25T13:34:29.252+0000] {processor.py:179} INFO - Processing /home/airflow/.local/lib/python3.8/site-packages/airflow/example_dags/example_complex.py took 0.120 seconds
[2024-04-25T13:34:59.972+0000] {processor.py:157} INFO - Started process (PID=3971) to work on /home/airflow/.local/lib/python3.8/site-packages/airflow/example_dags/example_complex.py
[2024-04-25T13:34:59.974+0000] {processor.py:829} INFO - Processing file /home/airflow/.local/lib/python3.8/site-packages/airflow/example_dags/example_complex.py for tasks to queue
[2024-04-25T13:34:59.975+0000] {logging_mixin.py:154} INFO - [2024-04-25T13:34:59.975+0000] {dagbag.py:536} INFO - Filling up the DagBag from /home/airflow/.local/lib/python3.8/site-packages/airflow/example_dags/example_complex.py
[2024-04-25T13:34:59.990+0000] {processor.py:839} INFO - DAG(s) dict_keys(['example_complex']) retrieved from /home/airflow/.local/lib/python3.8/site-packages/airflow/example_dags/example_complex.py
[2024-04-25T13:35:00.036+0000] {logging_mixin.py:154} INFO - [2024-04-25T13:35:00.035+0000] {dag.py:2941} INFO - Sync 1 DAGs
[2024-04-25T13:35:00.053+0000] {logging_mixin.py:154} INFO - [2024-04-25T13:35:00.053+0000] {dag.py:3722} INFO - Setting next_dagrun for example_complex to None, run_after=None
[2024-04-25T13:35:00.081+0000] {processor.py:179} INFO - Processing /home/airflow/.local/lib/python3.8/site-packages/airflow/example_dags/example_complex.py took 0.115 seconds
[2024-04-25T13:35:30.333+0000] {processor.py:157} INFO - Started process (PID=4215) to work on /home/airflow/.local/lib/python3.8/site-packages/airflow/example_dags/example_complex.py
[2024-04-25T13:35:30.335+0000] {processor.py:829} INFO - Processing file /home/airflow/.local/lib/python3.8/site-packages/airflow/example_dags/example_complex.py for tasks to queue
[2024-04-25T13:35:30.336+0000] {logging_mixin.py:154} INFO - [2024-04-25T13:35:30.336+0000] {dagbag.py:536} INFO - Filling up the DagBag from /home/airflow/.local/lib/python3.8/site-packages/airflow/example_dags/example_complex.py
[2024-04-25T13:35:30.352+0000] {processor.py:839} INFO - DAG(s) dict_keys(['example_complex']) retrieved from /home/airflow/.local/lib/python3.8/site-packages/airflow/example_dags/example_complex.py
[2024-04-25T13:35:30.401+0000] {logging_mixin.py:154} INFO - [2024-04-25T13:35:30.400+0000] {dag.py:2941} INFO - Sync 1 DAGs
[2024-04-25T13:35:30.420+0000] {logging_mixin.py:154} INFO - [2024-04-25T13:35:30.420+0000] {dag.py:3722} INFO - Setting next_dagrun for example_complex to None, run_after=None
[2024-04-25T13:35:30.447+0000] {processor.py:179} INFO - Processing /home/airflow/.local/lib/python3.8/site-packages/airflow/example_dags/example_complex.py took 0.121 seconds
[2024-04-25T13:49:27.098+0000] {processor.py:157} INFO - Started process (PID=293) to work on /home/airflow/.local/lib/python3.8/site-packages/airflow/example_dags/example_complex.py
[2024-04-25T13:49:27.100+0000] {processor.py:829} INFO - Processing file /home/airflow/.local/lib/python3.8/site-packages/airflow/example_dags/example_complex.py for tasks to queue
[2024-04-25T13:49:27.101+0000] {logging_mixin.py:154} INFO - [2024-04-25T13:49:27.101+0000] {dagbag.py:536} INFO - Filling up the DagBag from /home/airflow/.local/lib/python3.8/site-packages/airflow/example_dags/example_complex.py
[2024-04-25T13:49:27.122+0000] {processor.py:839} INFO - DAG(s) dict_keys(['example_complex']) retrieved from /home/airflow/.local/lib/python3.8/site-packages/airflow/example_dags/example_complex.py
[2024-04-25T13:49:27.148+0000] {logging_mixin.py:154} INFO - [2024-04-25T13:49:27.148+0000] {dag.py:2941} INFO - Sync 1 DAGs
[2024-04-25T13:49:27.176+0000] {logging_mixin.py:154} INFO - [2024-04-25T13:49:27.176+0000] {dag.py:3722} INFO - Setting next_dagrun for example_complex to None, run_after=None
[2024-04-25T13:49:27.209+0000] {processor.py:179} INFO - Processing /home/airflow/.local/lib/python3.8/site-packages/airflow/example_dags/example_complex.py took 0.117 seconds
[2024-04-25T13:49:58.144+0000] {processor.py:157} INFO - Started process (PID=539) to work on /home/airflow/.local/lib/python3.8/site-packages/airflow/example_dags/example_complex.py
[2024-04-25T13:49:58.146+0000] {processor.py:829} INFO - Processing file /home/airflow/.local/lib/python3.8/site-packages/airflow/example_dags/example_complex.py for tasks to queue
[2024-04-25T13:49:58.148+0000] {logging_mixin.py:154} INFO - [2024-04-25T13:49:58.148+0000] {dagbag.py:536} INFO - Filling up the DagBag from /home/airflow/.local/lib/python3.8/site-packages/airflow/example_dags/example_complex.py
[2024-04-25T13:49:58.185+0000] {processor.py:839} INFO - DAG(s) dict_keys(['example_complex']) retrieved from /home/airflow/.local/lib/python3.8/site-packages/airflow/example_dags/example_complex.py
[2024-04-25T13:49:58.233+0000] {logging_mixin.py:154} INFO - [2024-04-25T13:49:58.233+0000] {dag.py:2941} INFO - Sync 1 DAGs
[2024-04-25T13:49:58.254+0000] {logging_mixin.py:154} INFO - [2024-04-25T13:49:58.254+0000] {dag.py:3722} INFO - Setting next_dagrun for example_complex to None, run_after=None
[2024-04-25T13:49:58.281+0000] {processor.py:179} INFO - Processing /home/airflow/.local/lib/python3.8/site-packages/airflow/example_dags/example_complex.py took 0.147 seconds
[2024-04-25T13:50:28.693+0000] {processor.py:157} INFO - Started process (PID=780) to work on /home/airflow/.local/lib/python3.8/site-packages/airflow/example_dags/example_complex.py
[2024-04-25T13:50:28.695+0000] {processor.py:829} INFO - Processing file /home/airflow/.local/lib/python3.8/site-packages/airflow/example_dags/example_complex.py for tasks to queue
[2024-04-25T13:50:28.696+0000] {logging_mixin.py:154} INFO - [2024-04-25T13:50:28.696+0000] {dagbag.py:536} INFO - Filling up the DagBag from /home/airflow/.local/lib/python3.8/site-packages/airflow/example_dags/example_complex.py
[2024-04-25T13:50:28.721+0000] {processor.py:839} INFO - DAG(s) dict_keys(['example_complex']) retrieved from /home/airflow/.local/lib/python3.8/site-packages/airflow/example_dags/example_complex.py
[2024-04-25T13:50:28.776+0000] {logging_mixin.py:154} INFO - [2024-04-25T13:50:28.775+0000] {dag.py:2941} INFO - Sync 1 DAGs
[2024-04-25T13:50:28.806+0000] {logging_mixin.py:154} INFO - [2024-04-25T13:50:28.806+0000] {dag.py:3722} INFO - Setting next_dagrun for example_complex to None, run_after=None
[2024-04-25T13:50:28.845+0000] {processor.py:179} INFO - Processing /home/airflow/.local/lib/python3.8/site-packages/airflow/example_dags/example_complex.py took 0.160 seconds
[2024-04-25T13:50:59.946+0000] {processor.py:157} INFO - Started process (PID=1023) to work on /home/airflow/.local/lib/python3.8/site-packages/airflow/example_dags/example_complex.py
[2024-04-25T13:50:59.949+0000] {processor.py:829} INFO - Processing file /home/airflow/.local/lib/python3.8/site-packages/airflow/example_dags/example_complex.py for tasks to queue
[2024-04-25T13:50:59.950+0000] {logging_mixin.py:154} INFO - [2024-04-25T13:50:59.950+0000] {dagbag.py:536} INFO - Filling up the DagBag from /home/airflow/.local/lib/python3.8/site-packages/airflow/example_dags/example_complex.py
[2024-04-25T13:50:59.968+0000] {processor.py:839} INFO - DAG(s) dict_keys(['example_complex']) retrieved from /home/airflow/.local/lib/python3.8/site-packages/airflow/example_dags/example_complex.py
[2024-04-25T13:51:00.033+0000] {logging_mixin.py:154} INFO - [2024-04-25T13:51:00.033+0000] {dag.py:2941} INFO - Sync 1 DAGs
[2024-04-25T13:51:00.053+0000] {logging_mixin.py:154} INFO - [2024-04-25T13:51:00.053+0000] {dag.py:3722} INFO - Setting next_dagrun for example_complex to None, run_after=None
[2024-04-25T13:51:00.084+0000] {processor.py:179} INFO - Processing /home/airflow/.local/lib/python3.8/site-packages/airflow/example_dags/example_complex.py took 0.144 seconds
[2024-04-25T13:51:30.555+0000] {processor.py:157} INFO - Started process (PID=1266) to work on /home/airflow/.local/lib/python3.8/site-packages/airflow/example_dags/example_complex.py
[2024-04-25T13:51:30.557+0000] {processor.py:829} INFO - Processing file /home/airflow/.local/lib/python3.8/site-packages/airflow/example_dags/example_complex.py for tasks to queue
[2024-04-25T13:51:30.558+0000] {logging_mixin.py:154} INFO - [2024-04-25T13:51:30.558+0000] {dagbag.py:536} INFO - Filling up the DagBag from /home/airflow/.local/lib/python3.8/site-packages/airflow/example_dags/example_complex.py
[2024-04-25T13:51:30.573+0000] {processor.py:839} INFO - DAG(s) dict_keys(['example_complex']) retrieved from /home/airflow/.local/lib/python3.8/site-packages/airflow/example_dags/example_complex.py
[2024-04-25T13:51:30.622+0000] {logging_mixin.py:154} INFO - [2024-04-25T13:51:30.621+0000] {dag.py:2941} INFO - Sync 1 DAGs
[2024-04-25T13:51:30.640+0000] {logging_mixin.py:154} INFO - [2024-04-25T13:51:30.640+0000] {dag.py:3722} INFO - Setting next_dagrun for example_complex to None, run_after=None
[2024-04-25T13:51:30.666+0000] {processor.py:179} INFO - Processing /home/airflow/.local/lib/python3.8/site-packages/airflow/example_dags/example_complex.py took 0.118 seconds
[2024-04-25T13:52:01.004+0000] {processor.py:157} INFO - Started process (PID=1509) to work on /home/airflow/.local/lib/python3.8/site-packages/airflow/example_dags/example_complex.py
[2024-04-25T13:52:01.005+0000] {processor.py:829} INFO - Processing file /home/airflow/.local/lib/python3.8/site-packages/airflow/example_dags/example_complex.py for tasks to queue
[2024-04-25T13:52:01.006+0000] {logging_mixin.py:154} INFO - [2024-04-25T13:52:01.005+0000] {dagbag.py:536} INFO - Filling up the DagBag from /home/airflow/.local/lib/python3.8/site-packages/airflow/example_dags/example_complex.py
[2024-04-25T13:52:01.021+0000] {processor.py:839} INFO - DAG(s) dict_keys(['example_complex']) retrieved from /home/airflow/.local/lib/python3.8/site-packages/airflow/example_dags/example_complex.py
[2024-04-25T13:52:01.072+0000] {logging_mixin.py:154} INFO - [2024-04-25T13:52:01.071+0000] {dag.py:2941} INFO - Sync 1 DAGs
[2024-04-25T13:52:01.091+0000] {logging_mixin.py:154} INFO - [2024-04-25T13:52:01.091+0000] {dag.py:3722} INFO - Setting next_dagrun for example_complex to None, run_after=None
[2024-04-25T13:52:01.127+0000] {processor.py:179} INFO - Processing /home/airflow/.local/lib/python3.8/site-packages/airflow/example_dags/example_complex.py took 0.129 seconds
[2024-04-25T13:52:32.304+0000] {processor.py:157} INFO - Started process (PID=1756) to work on /home/airflow/.local/lib/python3.8/site-packages/airflow/example_dags/example_complex.py
[2024-04-25T13:52:32.306+0000] {processor.py:829} INFO - Processing file /home/airflow/.local/lib/python3.8/site-packages/airflow/example_dags/example_complex.py for tasks to queue
[2024-04-25T13:52:32.309+0000] {logging_mixin.py:154} INFO - [2024-04-25T13:52:32.308+0000] {dagbag.py:536} INFO - Filling up the DagBag from /home/airflow/.local/lib/python3.8/site-packages/airflow/example_dags/example_complex.py
[2024-04-25T13:52:32.345+0000] {processor.py:839} INFO - DAG(s) dict_keys(['example_complex']) retrieved from /home/airflow/.local/lib/python3.8/site-packages/airflow/example_dags/example_complex.py
[2024-04-25T13:52:32.395+0000] {logging_mixin.py:154} INFO - [2024-04-25T13:52:32.395+0000] {dag.py:2941} INFO - Sync 1 DAGs
[2024-04-25T13:52:32.415+0000] {logging_mixin.py:154} INFO - [2024-04-25T13:52:32.414+0000] {dag.py:3722} INFO - Setting next_dagrun for example_complex to None, run_after=None
[2024-04-25T13:52:32.443+0000] {processor.py:179} INFO - Processing /home/airflow/.local/lib/python3.8/site-packages/airflow/example_dags/example_complex.py took 0.146 seconds
[2024-04-25T13:53:03.801+0000] {processor.py:157} INFO - Started process (PID=2002) to work on /home/airflow/.local/lib/python3.8/site-packages/airflow/example_dags/example_complex.py
[2024-04-25T13:53:03.803+0000] {processor.py:829} INFO - Processing file /home/airflow/.local/lib/python3.8/site-packages/airflow/example_dags/example_complex.py for tasks to queue
[2024-04-25T13:53:03.805+0000] {logging_mixin.py:154} INFO - [2024-04-25T13:53:03.804+0000] {dagbag.py:536} INFO - Filling up the DagBag from /home/airflow/.local/lib/python3.8/site-packages/airflow/example_dags/example_complex.py
[2024-04-25T13:53:03.840+0000] {processor.py:839} INFO - DAG(s) dict_keys(['example_complex']) retrieved from /home/airflow/.local/lib/python3.8/site-packages/airflow/example_dags/example_complex.py
[2024-04-25T13:53:03.933+0000] {logging_mixin.py:154} INFO - [2024-04-25T13:53:03.932+0000] {dag.py:2941} INFO - Sync 1 DAGs
[2024-04-25T13:53:03.961+0000] {logging_mixin.py:154} INFO - [2024-04-25T13:53:03.960+0000] {dag.py:3722} INFO - Setting next_dagrun for example_complex to None, run_after=None
[2024-04-25T13:53:04.001+0000] {processor.py:179} INFO - Processing /home/airflow/.local/lib/python3.8/site-packages/airflow/example_dags/example_complex.py took 0.220 seconds
[2024-04-25T13:53:34.799+0000] {processor.py:157} INFO - Started process (PID=2245) to work on /home/airflow/.local/lib/python3.8/site-packages/airflow/example_dags/example_complex.py
[2024-04-25T13:53:34.801+0000] {processor.py:829} INFO - Processing file /home/airflow/.local/lib/python3.8/site-packages/airflow/example_dags/example_complex.py for tasks to queue
[2024-04-25T13:53:34.802+0000] {logging_mixin.py:154} INFO - [2024-04-25T13:53:34.802+0000] {dagbag.py:536} INFO - Filling up the DagBag from /home/airflow/.local/lib/python3.8/site-packages/airflow/example_dags/example_complex.py
[2024-04-25T13:53:34.818+0000] {processor.py:839} INFO - DAG(s) dict_keys(['example_complex']) retrieved from /home/airflow/.local/lib/python3.8/site-packages/airflow/example_dags/example_complex.py
[2024-04-25T13:53:34.870+0000] {logging_mixin.py:154} INFO - [2024-04-25T13:53:34.869+0000] {dag.py:2941} INFO - Sync 1 DAGs
[2024-04-25T13:53:34.889+0000] {logging_mixin.py:154} INFO - [2024-04-25T13:53:34.889+0000] {dag.py:3722} INFO - Setting next_dagrun for example_complex to None, run_after=None
[2024-04-25T13:53:34.918+0000] {processor.py:179} INFO - Processing /home/airflow/.local/lib/python3.8/site-packages/airflow/example_dags/example_complex.py took 0.125 seconds
