[2024-04-25T12:38:00.876+0000] {processor.py:157} INFO - Started process (PID=243) to work on /home/airflow/.local/lib/python3.8/site-packages/airflow/example_dags/example_params_trigger_ui.py
[2024-04-25T12:38:00.877+0000] {processor.py:829} INFO - Processing file /home/airflow/.local/lib/python3.8/site-packages/airflow/example_dags/example_params_trigger_ui.py for tasks to queue
[2024-04-25T12:38:00.879+0000] {logging_mixin.py:154} INFO - [2024-04-25T12:38:00.878+0000] {dagbag.py:536} INFO - Filling up the DagBag from /home/airflow/.local/lib/python3.8/site-packages/airflow/example_dags/example_params_trigger_ui.py
[2024-04-25T12:38:00.914+0000] {processor.py:839} INFO - DAG(s) dict_keys(['example_params_trigger_ui']) retrieved from /home/airflow/.local/lib/python3.8/site-packages/airflow/example_dags/example_params_trigger_ui.py
[2024-04-25T12:38:01.209+0000] {logging_mixin.py:154} INFO - [2024-04-25T12:38:01.209+0000] {manager.py:499} INFO - Created Permission View: %s
[2024-04-25T12:38:01.231+0000] {logging_mixin.py:154} INFO - [2024-04-25T12:38:01.230+0000] {manager.py:499} INFO - Created Permission View: %s
[2024-04-25T12:38:01.244+0000] {logging_mixin.py:154} INFO - [2024-04-25T12:38:01.243+0000] {manager.py:499} INFO - Created Permission View: %s
[2024-04-25T12:38:01.245+0000] {logging_mixin.py:154} INFO - [2024-04-25T12:38:01.244+0000] {dag.py:2941} INFO - Sync 1 DAGs
[2024-04-25T12:38:01.271+0000] {logging_mixin.py:154} INFO - [2024-04-25T12:38:01.271+0000] {dag.py:2963} INFO - Creating ORM DAG for example_params_trigger_ui
[2024-04-25T12:38:01.272+0000] {logging_mixin.py:154} INFO - [2024-04-25T12:38:01.272+0000] {dag.py:3722} INFO - Setting next_dagrun for example_params_trigger_ui to None, run_after=None
[2024-04-25T12:38:01.308+0000] {processor.py:179} INFO - Processing /home/airflow/.local/lib/python3.8/site-packages/airflow/example_dags/example_params_trigger_ui.py took 0.437 seconds
[2024-04-25T12:38:31.369+0000] {processor.py:157} INFO - Started process (PID=486) to work on /home/airflow/.local/lib/python3.8/site-packages/airflow/example_dags/example_params_trigger_ui.py
[2024-04-25T12:38:31.370+0000] {processor.py:829} INFO - Processing file /home/airflow/.local/lib/python3.8/site-packages/airflow/example_dags/example_params_trigger_ui.py for tasks to queue
[2024-04-25T12:38:31.372+0000] {logging_mixin.py:154} INFO - [2024-04-25T12:38:31.371+0000] {dagbag.py:536} INFO - Filling up the DagBag from /home/airflow/.local/lib/python3.8/site-packages/airflow/example_dags/example_params_trigger_ui.py
[2024-04-25T12:38:31.396+0000] {processor.py:839} INFO - DAG(s) dict_keys(['example_params_trigger_ui']) retrieved from /home/airflow/.local/lib/python3.8/site-packages/airflow/example_dags/example_params_trigger_ui.py
[2024-04-25T12:38:31.461+0000] {logging_mixin.py:154} INFO - [2024-04-25T12:38:31.461+0000] {dag.py:2941} INFO - Sync 1 DAGs
[2024-04-25T12:38:31.478+0000] {logging_mixin.py:154} INFO - [2024-04-25T12:38:31.478+0000] {dag.py:3722} INFO - Setting next_dagrun for example_params_trigger_ui to None, run_after=None
[2024-04-25T12:38:31.504+0000] {processor.py:179} INFO - Processing /home/airflow/.local/lib/python3.8/site-packages/airflow/example_dags/example_params_trigger_ui.py took 0.142 seconds
[2024-04-25T12:39:01.901+0000] {processor.py:157} INFO - Started process (PID=730) to work on /home/airflow/.local/lib/python3.8/site-packages/airflow/example_dags/example_params_trigger_ui.py
[2024-04-25T12:39:01.904+0000] {processor.py:829} INFO - Processing file /home/airflow/.local/lib/python3.8/site-packages/airflow/example_dags/example_params_trigger_ui.py for tasks to queue
[2024-04-25T12:39:01.905+0000] {logging_mixin.py:154} INFO - [2024-04-25T12:39:01.904+0000] {dagbag.py:536} INFO - Filling up the DagBag from /home/airflow/.local/lib/python3.8/site-packages/airflow/example_dags/example_params_trigger_ui.py
[2024-04-25T12:39:01.931+0000] {processor.py:839} INFO - DAG(s) dict_keys(['example_params_trigger_ui']) retrieved from /home/airflow/.local/lib/python3.8/site-packages/airflow/example_dags/example_params_trigger_ui.py
[2024-04-25T12:39:01.999+0000] {logging_mixin.py:154} INFO - [2024-04-25T12:39:01.999+0000] {dag.py:2941} INFO - Sync 1 DAGs
[2024-04-25T12:39:02.016+0000] {logging_mixin.py:154} INFO - [2024-04-25T12:39:02.016+0000] {dag.py:3722} INFO - Setting next_dagrun for example_params_trigger_ui to None, run_after=None
[2024-04-25T12:39:02.042+0000] {processor.py:179} INFO - Processing /home/airflow/.local/lib/python3.8/site-packages/airflow/example_dags/example_params_trigger_ui.py took 0.148 seconds
[2024-04-25T12:39:32.363+0000] {processor.py:157} INFO - Started process (PID=975) to work on /home/airflow/.local/lib/python3.8/site-packages/airflow/example_dags/example_params_trigger_ui.py
[2024-04-25T12:39:32.364+0000] {processor.py:829} INFO - Processing file /home/airflow/.local/lib/python3.8/site-packages/airflow/example_dags/example_params_trigger_ui.py for tasks to queue
[2024-04-25T12:39:32.365+0000] {logging_mixin.py:154} INFO - [2024-04-25T12:39:32.365+0000] {dagbag.py:536} INFO - Filling up the DagBag from /home/airflow/.local/lib/python3.8/site-packages/airflow/example_dags/example_params_trigger_ui.py
[2024-04-25T12:39:32.390+0000] {processor.py:839} INFO - DAG(s) dict_keys(['example_params_trigger_ui']) retrieved from /home/airflow/.local/lib/python3.8/site-packages/airflow/example_dags/example_params_trigger_ui.py
[2024-04-25T12:39:32.458+0000] {logging_mixin.py:154} INFO - [2024-04-25T12:39:32.458+0000] {dag.py:2941} INFO - Sync 1 DAGs
[2024-04-25T12:39:32.475+0000] {logging_mixin.py:154} INFO - [2024-04-25T12:39:32.475+0000] {dag.py:3722} INFO - Setting next_dagrun for example_params_trigger_ui to None, run_after=None
[2024-04-25T12:39:32.500+0000] {processor.py:179} INFO - Processing /home/airflow/.local/lib/python3.8/site-packages/airflow/example_dags/example_params_trigger_ui.py took 0.142 seconds
[2024-04-25T12:40:02.626+0000] {processor.py:157} INFO - Started process (PID=1216) to work on /home/airflow/.local/lib/python3.8/site-packages/airflow/example_dags/example_params_trigger_ui.py
[2024-04-25T12:40:02.629+0000] {processor.py:829} INFO - Processing file /home/airflow/.local/lib/python3.8/site-packages/airflow/example_dags/example_params_trigger_ui.py for tasks to queue
[2024-04-25T12:40:02.630+0000] {logging_mixin.py:154} INFO - [2024-04-25T12:40:02.630+0000] {dagbag.py:536} INFO - Filling up the DagBag from /home/airflow/.local/lib/python3.8/site-packages/airflow/example_dags/example_params_trigger_ui.py
[2024-04-25T12:40:02.661+0000] {processor.py:839} INFO - DAG(s) dict_keys(['example_params_trigger_ui']) retrieved from /home/airflow/.local/lib/python3.8/site-packages/airflow/example_dags/example_params_trigger_ui.py
[2024-04-25T12:40:02.726+0000] {logging_mixin.py:154} INFO - [2024-04-25T12:40:02.725+0000] {dag.py:2941} INFO - Sync 1 DAGs
[2024-04-25T12:40:02.743+0000] {logging_mixin.py:154} INFO - [2024-04-25T12:40:02.743+0000] {dag.py:3722} INFO - Setting next_dagrun for example_params_trigger_ui to None, run_after=None
[2024-04-25T12:40:02.768+0000] {processor.py:179} INFO - Processing /home/airflow/.local/lib/python3.8/site-packages/airflow/example_dags/example_params_trigger_ui.py took 0.148 seconds
[2024-04-25T12:40:33.275+0000] {processor.py:157} INFO - Started process (PID=1461) to work on /home/airflow/.local/lib/python3.8/site-packages/airflow/example_dags/example_params_trigger_ui.py
[2024-04-25T12:40:33.277+0000] {processor.py:829} INFO - Processing file /home/airflow/.local/lib/python3.8/site-packages/airflow/example_dags/example_params_trigger_ui.py for tasks to queue
[2024-04-25T12:40:33.278+0000] {logging_mixin.py:154} INFO - [2024-04-25T12:40:33.278+0000] {dagbag.py:536} INFO - Filling up the DagBag from /home/airflow/.local/lib/python3.8/site-packages/airflow/example_dags/example_params_trigger_ui.py
[2024-04-25T12:40:33.304+0000] {processor.py:839} INFO - DAG(s) dict_keys(['example_params_trigger_ui']) retrieved from /home/airflow/.local/lib/python3.8/site-packages/airflow/example_dags/example_params_trigger_ui.py
[2024-04-25T12:40:33.370+0000] {logging_mixin.py:154} INFO - [2024-04-25T12:40:33.370+0000] {dag.py:2941} INFO - Sync 1 DAGs
[2024-04-25T12:40:33.388+0000] {logging_mixin.py:154} INFO - [2024-04-25T12:40:33.388+0000] {dag.py:3722} INFO - Setting next_dagrun for example_params_trigger_ui to None, run_after=None
[2024-04-25T12:40:33.416+0000] {processor.py:179} INFO - Processing /home/airflow/.local/lib/python3.8/site-packages/airflow/example_dags/example_params_trigger_ui.py took 0.147 seconds
[2024-04-25T12:41:04.239+0000] {processor.py:157} INFO - Started process (PID=1702) to work on /home/airflow/.local/lib/python3.8/site-packages/airflow/example_dags/example_params_trigger_ui.py
[2024-04-25T12:41:04.242+0000] {processor.py:829} INFO - Processing file /home/airflow/.local/lib/python3.8/site-packages/airflow/example_dags/example_params_trigger_ui.py for tasks to queue
[2024-04-25T12:41:04.243+0000] {logging_mixin.py:154} INFO - [2024-04-25T12:41:04.242+0000] {dagbag.py:536} INFO - Filling up the DagBag from /home/airflow/.local/lib/python3.8/site-packages/airflow/example_dags/example_params_trigger_ui.py
[2024-04-25T12:41:04.269+0000] {processor.py:839} INFO - DAG(s) dict_keys(['example_params_trigger_ui']) retrieved from /home/airflow/.local/lib/python3.8/site-packages/airflow/example_dags/example_params_trigger_ui.py
[2024-04-25T12:41:04.337+0000] {logging_mixin.py:154} INFO - [2024-04-25T12:41:04.337+0000] {dag.py:2941} INFO - Sync 1 DAGs
[2024-04-25T12:41:04.355+0000] {logging_mixin.py:154} INFO - [2024-04-25T12:41:04.354+0000] {dag.py:3722} INFO - Setting next_dagrun for example_params_trigger_ui to None, run_after=None
[2024-04-25T12:41:04.382+0000] {processor.py:179} INFO - Processing /home/airflow/.local/lib/python3.8/site-packages/airflow/example_dags/example_params_trigger_ui.py took 0.149 seconds
[2024-04-25T12:41:35.624+0000] {processor.py:157} INFO - Started process (PID=1945) to work on /home/airflow/.local/lib/python3.8/site-packages/airflow/example_dags/example_params_trigger_ui.py
[2024-04-25T12:41:35.626+0000] {processor.py:829} INFO - Processing file /home/airflow/.local/lib/python3.8/site-packages/airflow/example_dags/example_params_trigger_ui.py for tasks to queue
[2024-04-25T12:41:35.628+0000] {logging_mixin.py:154} INFO - [2024-04-25T12:41:35.627+0000] {dagbag.py:536} INFO - Filling up the DagBag from /home/airflow/.local/lib/python3.8/site-packages/airflow/example_dags/example_params_trigger_ui.py
[2024-04-25T12:41:35.666+0000] {processor.py:839} INFO - DAG(s) dict_keys(['example_params_trigger_ui']) retrieved from /home/airflow/.local/lib/python3.8/site-packages/airflow/example_dags/example_params_trigger_ui.py
[2024-04-25T12:41:35.791+0000] {logging_mixin.py:154} INFO - [2024-04-25T12:41:35.791+0000] {dag.py:2941} INFO - Sync 1 DAGs
[2024-04-25T12:41:35.821+0000] {logging_mixin.py:154} INFO - [2024-04-25T12:41:35.820+0000] {dag.py:3722} INFO - Setting next_dagrun for example_params_trigger_ui to None, run_after=None
[2024-04-25T12:41:35.857+0000] {processor.py:179} INFO - Processing /home/airflow/.local/lib/python3.8/site-packages/airflow/example_dags/example_params_trigger_ui.py took 0.241 seconds
[2024-04-25T12:42:06.943+0000] {processor.py:157} INFO - Started process (PID=2196) to work on /home/airflow/.local/lib/python3.8/site-packages/airflow/example_dags/example_params_trigger_ui.py
[2024-04-25T12:42:06.945+0000] {processor.py:829} INFO - Processing file /home/airflow/.local/lib/python3.8/site-packages/airflow/example_dags/example_params_trigger_ui.py for tasks to queue
[2024-04-25T12:42:06.947+0000] {logging_mixin.py:154} INFO - [2024-04-25T12:42:06.946+0000] {dagbag.py:536} INFO - Filling up the DagBag from /home/airflow/.local/lib/python3.8/site-packages/airflow/example_dags/example_params_trigger_ui.py
[2024-04-25T12:42:06.981+0000] {processor.py:839} INFO - DAG(s) dict_keys(['example_params_trigger_ui']) retrieved from /home/airflow/.local/lib/python3.8/site-packages/airflow/example_dags/example_params_trigger_ui.py
[2024-04-25T12:42:07.078+0000] {logging_mixin.py:154} INFO - [2024-04-25T12:42:07.078+0000] {dag.py:2941} INFO - Sync 1 DAGs
[2024-04-25T12:42:07.099+0000] {logging_mixin.py:154} INFO - [2024-04-25T12:42:07.098+0000] {dag.py:3722} INFO - Setting next_dagrun for example_params_trigger_ui to None, run_after=None
[2024-04-25T12:42:07.135+0000] {processor.py:179} INFO - Processing /home/airflow/.local/lib/python3.8/site-packages/airflow/example_dags/example_params_trigger_ui.py took 0.200 seconds
[2024-04-25T12:42:37.514+0000] {processor.py:157} INFO - Started process (PID=2440) to work on /home/airflow/.local/lib/python3.8/site-packages/airflow/example_dags/example_params_trigger_ui.py
[2024-04-25T12:42:37.515+0000] {processor.py:829} INFO - Processing file /home/airflow/.local/lib/python3.8/site-packages/airflow/example_dags/example_params_trigger_ui.py for tasks to queue
[2024-04-25T12:42:37.516+0000] {logging_mixin.py:154} INFO - [2024-04-25T12:42:37.516+0000] {dagbag.py:536} INFO - Filling up the DagBag from /home/airflow/.local/lib/python3.8/site-packages/airflow/example_dags/example_params_trigger_ui.py
[2024-04-25T12:42:37.544+0000] {processor.py:839} INFO - DAG(s) dict_keys(['example_params_trigger_ui']) retrieved from /home/airflow/.local/lib/python3.8/site-packages/airflow/example_dags/example_params_trigger_ui.py
[2024-04-25T12:42:37.652+0000] {logging_mixin.py:154} INFO - [2024-04-25T12:42:37.652+0000] {dag.py:2941} INFO - Sync 1 DAGs
[2024-04-25T12:42:37.678+0000] {logging_mixin.py:154} INFO - [2024-04-25T12:42:37.678+0000] {dag.py:3722} INFO - Setting next_dagrun for example_params_trigger_ui to None, run_after=None
[2024-04-25T12:42:37.716+0000] {processor.py:179} INFO - Processing /home/airflow/.local/lib/python3.8/site-packages/airflow/example_dags/example_params_trigger_ui.py took 0.207 seconds
[2024-04-25T12:43:08.201+0000] {processor.py:157} INFO - Started process (PID=2683) to work on /home/airflow/.local/lib/python3.8/site-packages/airflow/example_dags/example_params_trigger_ui.py
[2024-04-25T12:43:08.203+0000] {processor.py:829} INFO - Processing file /home/airflow/.local/lib/python3.8/site-packages/airflow/example_dags/example_params_trigger_ui.py for tasks to queue
[2024-04-25T12:43:08.204+0000] {logging_mixin.py:154} INFO - [2024-04-25T12:43:08.204+0000] {dagbag.py:536} INFO - Filling up the DagBag from /home/airflow/.local/lib/python3.8/site-packages/airflow/example_dags/example_params_trigger_ui.py
[2024-04-25T12:43:08.230+0000] {processor.py:839} INFO - DAG(s) dict_keys(['example_params_trigger_ui']) retrieved from /home/airflow/.local/lib/python3.8/site-packages/airflow/example_dags/example_params_trigger_ui.py
[2024-04-25T12:43:08.304+0000] {logging_mixin.py:154} INFO - [2024-04-25T12:43:08.303+0000] {dag.py:2941} INFO - Sync 1 DAGs
[2024-04-25T12:43:08.323+0000] {logging_mixin.py:154} INFO - [2024-04-25T12:43:08.323+0000] {dag.py:3722} INFO - Setting next_dagrun for example_params_trigger_ui to None, run_after=None
[2024-04-25T12:43:08.354+0000] {processor.py:179} INFO - Processing /home/airflow/.local/lib/python3.8/site-packages/airflow/example_dags/example_params_trigger_ui.py took 0.159 seconds
[2024-04-25T12:43:39.480+0000] {processor.py:157} INFO - Started process (PID=2927) to work on /home/airflow/.local/lib/python3.8/site-packages/airflow/example_dags/example_params_trigger_ui.py
[2024-04-25T12:43:39.488+0000] {processor.py:829} INFO - Processing file /home/airflow/.local/lib/python3.8/site-packages/airflow/example_dags/example_params_trigger_ui.py for tasks to queue
[2024-04-25T12:43:39.490+0000] {logging_mixin.py:154} INFO - [2024-04-25T12:43:39.489+0000] {dagbag.py:536} INFO - Filling up the DagBag from /home/airflow/.local/lib/python3.8/site-packages/airflow/example_dags/example_params_trigger_ui.py
[2024-04-25T12:43:39.548+0000] {processor.py:839} INFO - DAG(s) dict_keys(['example_params_trigger_ui']) retrieved from /home/airflow/.local/lib/python3.8/site-packages/airflow/example_dags/example_params_trigger_ui.py
[2024-04-25T12:43:39.700+0000] {logging_mixin.py:154} INFO - [2024-04-25T12:43:39.700+0000] {dag.py:2941} INFO - Sync 1 DAGs
[2024-04-25T12:43:39.737+0000] {logging_mixin.py:154} INFO - [2024-04-25T12:43:39.737+0000] {dag.py:3722} INFO - Setting next_dagrun for example_params_trigger_ui to None, run_after=None
[2024-04-25T12:43:39.800+0000] {processor.py:179} INFO - Processing /home/airflow/.local/lib/python3.8/site-packages/airflow/example_dags/example_params_trigger_ui.py took 0.330 seconds
[2024-04-25T12:44:10.054+0000] {processor.py:157} INFO - Started process (PID=3178) to work on /home/airflow/.local/lib/python3.8/site-packages/airflow/example_dags/example_params_trigger_ui.py
[2024-04-25T12:44:10.060+0000] {processor.py:829} INFO - Processing file /home/airflow/.local/lib/python3.8/site-packages/airflow/example_dags/example_params_trigger_ui.py for tasks to queue
[2024-04-25T12:44:10.062+0000] {logging_mixin.py:154} INFO - [2024-04-25T12:44:10.061+0000] {dagbag.py:536} INFO - Filling up the DagBag from /home/airflow/.local/lib/python3.8/site-packages/airflow/example_dags/example_params_trigger_ui.py
[2024-04-25T12:44:10.101+0000] {processor.py:839} INFO - DAG(s) dict_keys(['example_params_trigger_ui']) retrieved from /home/airflow/.local/lib/python3.8/site-packages/airflow/example_dags/example_params_trigger_ui.py
[2024-04-25T12:44:10.215+0000] {logging_mixin.py:154} INFO - [2024-04-25T12:44:10.215+0000] {dag.py:2941} INFO - Sync 1 DAGs
[2024-04-25T12:44:10.243+0000] {logging_mixin.py:154} INFO - [2024-04-25T12:44:10.243+0000] {dag.py:3722} INFO - Setting next_dagrun for example_params_trigger_ui to None, run_after=None
[2024-04-25T12:44:10.286+0000] {processor.py:179} INFO - Processing /home/airflow/.local/lib/python3.8/site-packages/airflow/example_dags/example_params_trigger_ui.py took 0.241 seconds
[2024-04-25T12:44:40.922+0000] {processor.py:157} INFO - Started process (PID=3421) to work on /home/airflow/.local/lib/python3.8/site-packages/airflow/example_dags/example_params_trigger_ui.py
[2024-04-25T12:44:40.924+0000] {processor.py:829} INFO - Processing file /home/airflow/.local/lib/python3.8/site-packages/airflow/example_dags/example_params_trigger_ui.py for tasks to queue
[2024-04-25T12:44:40.926+0000] {logging_mixin.py:154} INFO - [2024-04-25T12:44:40.925+0000] {dagbag.py:536} INFO - Filling up the DagBag from /home/airflow/.local/lib/python3.8/site-packages/airflow/example_dags/example_params_trigger_ui.py
[2024-04-25T12:44:40.966+0000] {processor.py:839} INFO - DAG(s) dict_keys(['example_params_trigger_ui']) retrieved from /home/airflow/.local/lib/python3.8/site-packages/airflow/example_dags/example_params_trigger_ui.py
[2024-04-25T12:44:41.070+0000] {logging_mixin.py:154} INFO - [2024-04-25T12:44:41.070+0000] {dag.py:2941} INFO - Sync 1 DAGs
[2024-04-25T12:44:41.088+0000] {logging_mixin.py:154} INFO - [2024-04-25T12:44:41.087+0000] {dag.py:3722} INFO - Setting next_dagrun for example_params_trigger_ui to None, run_after=None
[2024-04-25T12:44:41.114+0000] {processor.py:179} INFO - Processing /home/airflow/.local/lib/python3.8/site-packages/airflow/example_dags/example_params_trigger_ui.py took 0.199 seconds
[2024-04-25T12:45:11.421+0000] {processor.py:157} INFO - Started process (PID=3664) to work on /home/airflow/.local/lib/python3.8/site-packages/airflow/example_dags/example_params_trigger_ui.py
[2024-04-25T12:45:11.423+0000] {processor.py:829} INFO - Processing file /home/airflow/.local/lib/python3.8/site-packages/airflow/example_dags/example_params_trigger_ui.py for tasks to queue
[2024-04-25T12:45:11.425+0000] {logging_mixin.py:154} INFO - [2024-04-25T12:45:11.424+0000] {dagbag.py:536} INFO - Filling up the DagBag from /home/airflow/.local/lib/python3.8/site-packages/airflow/example_dags/example_params_trigger_ui.py
[2024-04-25T12:45:11.459+0000] {processor.py:839} INFO - DAG(s) dict_keys(['example_params_trigger_ui']) retrieved from /home/airflow/.local/lib/python3.8/site-packages/airflow/example_dags/example_params_trigger_ui.py
[2024-04-25T12:45:11.532+0000] {logging_mixin.py:154} INFO - [2024-04-25T12:45:11.532+0000] {dag.py:2941} INFO - Sync 1 DAGs
[2024-04-25T12:45:11.550+0000] {logging_mixin.py:154} INFO - [2024-04-25T12:45:11.550+0000] {dag.py:3722} INFO - Setting next_dagrun for example_params_trigger_ui to None, run_after=None
[2024-04-25T12:45:11.580+0000] {processor.py:179} INFO - Processing /home/airflow/.local/lib/python3.8/site-packages/airflow/example_dags/example_params_trigger_ui.py took 0.164 seconds
[2024-04-25T12:45:42.375+0000] {processor.py:157} INFO - Started process (PID=3908) to work on /home/airflow/.local/lib/python3.8/site-packages/airflow/example_dags/example_params_trigger_ui.py
[2024-04-25T12:45:42.377+0000] {processor.py:829} INFO - Processing file /home/airflow/.local/lib/python3.8/site-packages/airflow/example_dags/example_params_trigger_ui.py for tasks to queue
[2024-04-25T12:45:42.378+0000] {logging_mixin.py:154} INFO - [2024-04-25T12:45:42.378+0000] {dagbag.py:536} INFO - Filling up the DagBag from /home/airflow/.local/lib/python3.8/site-packages/airflow/example_dags/example_params_trigger_ui.py
[2024-04-25T12:45:42.404+0000] {processor.py:839} INFO - DAG(s) dict_keys(['example_params_trigger_ui']) retrieved from /home/airflow/.local/lib/python3.8/site-packages/airflow/example_dags/example_params_trigger_ui.py
[2024-04-25T12:45:42.471+0000] {logging_mixin.py:154} INFO - [2024-04-25T12:45:42.471+0000] {dag.py:2941} INFO - Sync 1 DAGs
[2024-04-25T12:45:42.490+0000] {logging_mixin.py:154} INFO - [2024-04-25T12:45:42.489+0000] {dag.py:3722} INFO - Setting next_dagrun for example_params_trigger_ui to None, run_after=None
[2024-04-25T12:45:42.518+0000] {processor.py:179} INFO - Processing /home/airflow/.local/lib/python3.8/site-packages/airflow/example_dags/example_params_trigger_ui.py took 0.150 seconds
[2024-04-25T12:46:13.229+0000] {processor.py:157} INFO - Started process (PID=4156) to work on /home/airflow/.local/lib/python3.8/site-packages/airflow/example_dags/example_params_trigger_ui.py
[2024-04-25T12:46:13.232+0000] {processor.py:829} INFO - Processing file /home/airflow/.local/lib/python3.8/site-packages/airflow/example_dags/example_params_trigger_ui.py for tasks to queue
[2024-04-25T12:46:13.233+0000] {logging_mixin.py:154} INFO - [2024-04-25T12:46:13.232+0000] {dagbag.py:536} INFO - Filling up the DagBag from /home/airflow/.local/lib/python3.8/site-packages/airflow/example_dags/example_params_trigger_ui.py
[2024-04-25T12:46:13.260+0000] {processor.py:839} INFO - DAG(s) dict_keys(['example_params_trigger_ui']) retrieved from /home/airflow/.local/lib/python3.8/site-packages/airflow/example_dags/example_params_trigger_ui.py
[2024-04-25T12:46:13.362+0000] {logging_mixin.py:154} INFO - [2024-04-25T12:46:13.362+0000] {dag.py:2941} INFO - Sync 1 DAGs
[2024-04-25T12:46:13.383+0000] {logging_mixin.py:154} INFO - [2024-04-25T12:46:13.382+0000] {dag.py:3722} INFO - Setting next_dagrun for example_params_trigger_ui to None, run_after=None
[2024-04-25T12:46:13.420+0000] {processor.py:179} INFO - Processing /home/airflow/.local/lib/python3.8/site-packages/airflow/example_dags/example_params_trigger_ui.py took 0.197 seconds
[2024-04-25T12:46:44.073+0000] {processor.py:157} INFO - Started process (PID=4399) to work on /home/airflow/.local/lib/python3.8/site-packages/airflow/example_dags/example_params_trigger_ui.py
[2024-04-25T12:46:44.076+0000] {processor.py:829} INFO - Processing file /home/airflow/.local/lib/python3.8/site-packages/airflow/example_dags/example_params_trigger_ui.py for tasks to queue
[2024-04-25T12:46:44.077+0000] {logging_mixin.py:154} INFO - [2024-04-25T12:46:44.077+0000] {dagbag.py:536} INFO - Filling up the DagBag from /home/airflow/.local/lib/python3.8/site-packages/airflow/example_dags/example_params_trigger_ui.py
[2024-04-25T12:46:44.113+0000] {processor.py:839} INFO - DAG(s) dict_keys(['example_params_trigger_ui']) retrieved from /home/airflow/.local/lib/python3.8/site-packages/airflow/example_dags/example_params_trigger_ui.py
[2024-04-25T12:46:44.188+0000] {logging_mixin.py:154} INFO - [2024-04-25T12:46:44.187+0000] {dag.py:2941} INFO - Sync 1 DAGs
[2024-04-25T12:46:44.208+0000] {logging_mixin.py:154} INFO - [2024-04-25T12:46:44.208+0000] {dag.py:3722} INFO - Setting next_dagrun for example_params_trigger_ui to None, run_after=None
[2024-04-25T12:46:44.237+0000] {processor.py:179} INFO - Processing /home/airflow/.local/lib/python3.8/site-packages/airflow/example_dags/example_params_trigger_ui.py took 0.171 seconds
[2024-04-25T12:47:15.041+0000] {processor.py:157} INFO - Started process (PID=4642) to work on /home/airflow/.local/lib/python3.8/site-packages/airflow/example_dags/example_params_trigger_ui.py
[2024-04-25T12:47:15.046+0000] {processor.py:829} INFO - Processing file /home/airflow/.local/lib/python3.8/site-packages/airflow/example_dags/example_params_trigger_ui.py for tasks to queue
[2024-04-25T12:47:15.048+0000] {logging_mixin.py:154} INFO - [2024-04-25T12:47:15.047+0000] {dagbag.py:536} INFO - Filling up the DagBag from /home/airflow/.local/lib/python3.8/site-packages/airflow/example_dags/example_params_trigger_ui.py
[2024-04-25T12:47:15.127+0000] {processor.py:839} INFO - DAG(s) dict_keys(['example_params_trigger_ui']) retrieved from /home/airflow/.local/lib/python3.8/site-packages/airflow/example_dags/example_params_trigger_ui.py
[2024-04-25T12:47:15.328+0000] {logging_mixin.py:154} INFO - [2024-04-25T12:47:15.328+0000] {dag.py:2941} INFO - Sync 1 DAGs
[2024-04-25T12:47:15.376+0000] {logging_mixin.py:154} INFO - [2024-04-25T12:47:15.375+0000] {dag.py:3722} INFO - Setting next_dagrun for example_params_trigger_ui to None, run_after=None
[2024-04-25T12:47:15.437+0000] {processor.py:179} INFO - Processing /home/airflow/.local/lib/python3.8/site-packages/airflow/example_dags/example_params_trigger_ui.py took 0.414 seconds
[2024-04-25T12:47:46.027+0000] {processor.py:157} INFO - Started process (PID=4885) to work on /home/airflow/.local/lib/python3.8/site-packages/airflow/example_dags/example_params_trigger_ui.py
[2024-04-25T12:47:46.030+0000] {processor.py:829} INFO - Processing file /home/airflow/.local/lib/python3.8/site-packages/airflow/example_dags/example_params_trigger_ui.py for tasks to queue
[2024-04-25T12:47:46.032+0000] {logging_mixin.py:154} INFO - [2024-04-25T12:47:46.031+0000] {dagbag.py:536} INFO - Filling up the DagBag from /home/airflow/.local/lib/python3.8/site-packages/airflow/example_dags/example_params_trigger_ui.py
[2024-04-25T12:47:46.070+0000] {processor.py:839} INFO - DAG(s) dict_keys(['example_params_trigger_ui']) retrieved from /home/airflow/.local/lib/python3.8/site-packages/airflow/example_dags/example_params_trigger_ui.py
[2024-04-25T12:47:46.157+0000] {logging_mixin.py:154} INFO - [2024-04-25T12:47:46.156+0000] {dag.py:2941} INFO - Sync 1 DAGs
[2024-04-25T12:47:46.183+0000] {logging_mixin.py:154} INFO - [2024-04-25T12:47:46.182+0000] {dag.py:3722} INFO - Setting next_dagrun for example_params_trigger_ui to None, run_after=None
[2024-04-25T12:47:46.217+0000] {processor.py:179} INFO - Processing /home/airflow/.local/lib/python3.8/site-packages/airflow/example_dags/example_params_trigger_ui.py took 0.198 seconds
[2024-04-25T12:51:42.207+0000] {processor.py:157} INFO - Started process (PID=243) to work on /home/airflow/.local/lib/python3.8/site-packages/airflow/example_dags/example_params_trigger_ui.py
[2024-04-25T12:51:42.209+0000] {processor.py:829} INFO - Processing file /home/airflow/.local/lib/python3.8/site-packages/airflow/example_dags/example_params_trigger_ui.py for tasks to queue
[2024-04-25T12:51:42.211+0000] {logging_mixin.py:154} INFO - [2024-04-25T12:51:42.210+0000] {dagbag.py:536} INFO - Filling up the DagBag from /home/airflow/.local/lib/python3.8/site-packages/airflow/example_dags/example_params_trigger_ui.py
[2024-04-25T12:51:42.260+0000] {processor.py:839} INFO - DAG(s) dict_keys(['example_params_trigger_ui']) retrieved from /home/airflow/.local/lib/python3.8/site-packages/airflow/example_dags/example_params_trigger_ui.py
[2024-04-25T12:51:42.287+0000] {logging_mixin.py:154} INFO - [2024-04-25T12:51:42.286+0000] {dag.py:2941} INFO - Sync 1 DAGs
[2024-04-25T12:51:42.318+0000] {logging_mixin.py:154} INFO - [2024-04-25T12:51:42.318+0000] {dag.py:3722} INFO - Setting next_dagrun for example_params_trigger_ui to None, run_after=None
[2024-04-25T12:51:42.349+0000] {processor.py:179} INFO - Processing /home/airflow/.local/lib/python3.8/site-packages/airflow/example_dags/example_params_trigger_ui.py took 0.151 seconds
[2024-04-25T12:52:12.957+0000] {processor.py:157} INFO - Started process (PID=486) to work on /home/airflow/.local/lib/python3.8/site-packages/airflow/example_dags/example_params_trigger_ui.py
[2024-04-25T12:52:12.959+0000] {processor.py:829} INFO - Processing file /home/airflow/.local/lib/python3.8/site-packages/airflow/example_dags/example_params_trigger_ui.py for tasks to queue
[2024-04-25T12:52:12.960+0000] {logging_mixin.py:154} INFO - [2024-04-25T12:52:12.960+0000] {dagbag.py:536} INFO - Filling up the DagBag from /home/airflow/.local/lib/python3.8/site-packages/airflow/example_dags/example_params_trigger_ui.py
[2024-04-25T12:52:12.990+0000] {processor.py:839} INFO - DAG(s) dict_keys(['example_params_trigger_ui']) retrieved from /home/airflow/.local/lib/python3.8/site-packages/airflow/example_dags/example_params_trigger_ui.py
[2024-04-25T12:52:13.093+0000] {logging_mixin.py:154} INFO - [2024-04-25T12:52:13.093+0000] {dag.py:2941} INFO - Sync 1 DAGs
[2024-04-25T12:52:13.113+0000] {logging_mixin.py:154} INFO - [2024-04-25T12:52:13.113+0000] {dag.py:3722} INFO - Setting next_dagrun for example_params_trigger_ui to None, run_after=None
[2024-04-25T12:52:13.149+0000] {processor.py:179} INFO - Processing /home/airflow/.local/lib/python3.8/site-packages/airflow/example_dags/example_params_trigger_ui.py took 0.199 seconds
[2024-04-25T12:52:44.005+0000] {processor.py:157} INFO - Started process (PID=736) to work on /home/airflow/.local/lib/python3.8/site-packages/airflow/example_dags/example_params_trigger_ui.py
[2024-04-25T12:52:44.010+0000] {processor.py:829} INFO - Processing file /home/airflow/.local/lib/python3.8/site-packages/airflow/example_dags/example_params_trigger_ui.py for tasks to queue
[2024-04-25T12:52:44.012+0000] {logging_mixin.py:154} INFO - [2024-04-25T12:52:44.011+0000] {dagbag.py:536} INFO - Filling up the DagBag from /home/airflow/.local/lib/python3.8/site-packages/airflow/example_dags/example_params_trigger_ui.py
[2024-04-25T12:52:44.048+0000] {processor.py:839} INFO - DAG(s) dict_keys(['example_params_trigger_ui']) retrieved from /home/airflow/.local/lib/python3.8/site-packages/airflow/example_dags/example_params_trigger_ui.py
[2024-04-25T12:52:44.162+0000] {logging_mixin.py:154} INFO - [2024-04-25T12:52:44.162+0000] {dag.py:2941} INFO - Sync 1 DAGs
[2024-04-25T12:52:44.190+0000] {logging_mixin.py:154} INFO - [2024-04-25T12:52:44.190+0000] {dag.py:3722} INFO - Setting next_dagrun for example_params_trigger_ui to None, run_after=None
[2024-04-25T12:52:44.225+0000] {processor.py:179} INFO - Processing /home/airflow/.local/lib/python3.8/site-packages/airflow/example_dags/example_params_trigger_ui.py took 0.227 seconds
[2024-04-25T12:53:14.543+0000] {processor.py:157} INFO - Started process (PID=985) to work on /home/airflow/.local/lib/python3.8/site-packages/airflow/example_dags/example_params_trigger_ui.py
[2024-04-25T12:53:14.545+0000] {processor.py:829} INFO - Processing file /home/airflow/.local/lib/python3.8/site-packages/airflow/example_dags/example_params_trigger_ui.py for tasks to queue
[2024-04-25T12:53:14.547+0000] {logging_mixin.py:154} INFO - [2024-04-25T12:53:14.546+0000] {dagbag.py:536} INFO - Filling up the DagBag from /home/airflow/.local/lib/python3.8/site-packages/airflow/example_dags/example_params_trigger_ui.py
[2024-04-25T12:53:14.583+0000] {processor.py:839} INFO - DAG(s) dict_keys(['example_params_trigger_ui']) retrieved from /home/airflow/.local/lib/python3.8/site-packages/airflow/example_dags/example_params_trigger_ui.py
[2024-04-25T12:53:14.689+0000] {logging_mixin.py:154} INFO - [2024-04-25T12:53:14.689+0000] {dag.py:2941} INFO - Sync 1 DAGs
[2024-04-25T12:53:14.714+0000] {logging_mixin.py:154} INFO - [2024-04-25T12:53:14.714+0000] {dag.py:3722} INFO - Setting next_dagrun for example_params_trigger_ui to None, run_after=None
[2024-04-25T12:53:14.752+0000] {processor.py:179} INFO - Processing /home/airflow/.local/lib/python3.8/site-packages/airflow/example_dags/example_params_trigger_ui.py took 0.216 seconds
[2024-04-25T12:53:44.890+0000] {processor.py:157} INFO - Started process (PID=1226) to work on /home/airflow/.local/lib/python3.8/site-packages/airflow/example_dags/example_params_trigger_ui.py
[2024-04-25T12:53:44.896+0000] {processor.py:829} INFO - Processing file /home/airflow/.local/lib/python3.8/site-packages/airflow/example_dags/example_params_trigger_ui.py for tasks to queue
[2024-04-25T12:53:44.897+0000] {logging_mixin.py:154} INFO - [2024-04-25T12:53:44.896+0000] {dagbag.py:536} INFO - Filling up the DagBag from /home/airflow/.local/lib/python3.8/site-packages/airflow/example_dags/example_params_trigger_ui.py
[2024-04-25T12:53:44.925+0000] {processor.py:839} INFO - DAG(s) dict_keys(['example_params_trigger_ui']) retrieved from /home/airflow/.local/lib/python3.8/site-packages/airflow/example_dags/example_params_trigger_ui.py
[2024-04-25T12:53:45.012+0000] {logging_mixin.py:154} INFO - [2024-04-25T12:53:45.012+0000] {dag.py:2941} INFO - Sync 1 DAGs
[2024-04-25T12:53:45.041+0000] {logging_mixin.py:154} INFO - [2024-04-25T12:53:45.040+0000] {dag.py:3722} INFO - Setting next_dagrun for example_params_trigger_ui to None, run_after=None
[2024-04-25T12:53:45.073+0000] {processor.py:179} INFO - Processing /home/airflow/.local/lib/python3.8/site-packages/airflow/example_dags/example_params_trigger_ui.py took 0.189 seconds
[2024-04-25T12:54:15.374+0000] {processor.py:157} INFO - Started process (PID=1469) to work on /home/airflow/.local/lib/python3.8/site-packages/airflow/example_dags/example_params_trigger_ui.py
[2024-04-25T12:54:15.376+0000] {processor.py:829} INFO - Processing file /home/airflow/.local/lib/python3.8/site-packages/airflow/example_dags/example_params_trigger_ui.py for tasks to queue
[2024-04-25T12:54:15.378+0000] {logging_mixin.py:154} INFO - [2024-04-25T12:54:15.377+0000] {dagbag.py:536} INFO - Filling up the DagBag from /home/airflow/.local/lib/python3.8/site-packages/airflow/example_dags/example_params_trigger_ui.py
[2024-04-25T12:54:15.405+0000] {processor.py:839} INFO - DAG(s) dict_keys(['example_params_trigger_ui']) retrieved from /home/airflow/.local/lib/python3.8/site-packages/airflow/example_dags/example_params_trigger_ui.py
[2024-04-25T12:54:15.493+0000] {logging_mixin.py:154} INFO - [2024-04-25T12:54:15.493+0000] {dag.py:2941} INFO - Sync 1 DAGs
[2024-04-25T12:54:15.513+0000] {logging_mixin.py:154} INFO - [2024-04-25T12:54:15.512+0000] {dag.py:3722} INFO - Setting next_dagrun for example_params_trigger_ui to None, run_after=None
[2024-04-25T12:54:15.543+0000] {processor.py:179} INFO - Processing /home/airflow/.local/lib/python3.8/site-packages/airflow/example_dags/example_params_trigger_ui.py took 0.176 seconds
[2024-04-25T12:54:46.622+0000] {processor.py:157} INFO - Started process (PID=1712) to work on /home/airflow/.local/lib/python3.8/site-packages/airflow/example_dags/example_params_trigger_ui.py
[2024-04-25T12:54:46.624+0000] {processor.py:829} INFO - Processing file /home/airflow/.local/lib/python3.8/site-packages/airflow/example_dags/example_params_trigger_ui.py for tasks to queue
[2024-04-25T12:54:46.626+0000] {logging_mixin.py:154} INFO - [2024-04-25T12:54:46.625+0000] {dagbag.py:536} INFO - Filling up the DagBag from /home/airflow/.local/lib/python3.8/site-packages/airflow/example_dags/example_params_trigger_ui.py
[2024-04-25T12:54:46.657+0000] {processor.py:839} INFO - DAG(s) dict_keys(['example_params_trigger_ui']) retrieved from /home/airflow/.local/lib/python3.8/site-packages/airflow/example_dags/example_params_trigger_ui.py
[2024-04-25T12:54:46.771+0000] {logging_mixin.py:154} INFO - [2024-04-25T12:54:46.771+0000] {dag.py:2941} INFO - Sync 1 DAGs
[2024-04-25T12:54:46.792+0000] {logging_mixin.py:154} INFO - [2024-04-25T12:54:46.792+0000] {dag.py:3722} INFO - Setting next_dagrun for example_params_trigger_ui to None, run_after=None
[2024-04-25T12:54:46.822+0000] {processor.py:179} INFO - Processing /home/airflow/.local/lib/python3.8/site-packages/airflow/example_dags/example_params_trigger_ui.py took 0.205 seconds
[2024-04-25T12:55:17.021+0000] {processor.py:157} INFO - Started process (PID=1955) to work on /home/airflow/.local/lib/python3.8/site-packages/airflow/example_dags/example_params_trigger_ui.py
[2024-04-25T12:55:17.023+0000] {processor.py:829} INFO - Processing file /home/airflow/.local/lib/python3.8/site-packages/airflow/example_dags/example_params_trigger_ui.py for tasks to queue
[2024-04-25T12:55:17.025+0000] {logging_mixin.py:154} INFO - [2024-04-25T12:55:17.024+0000] {dagbag.py:536} INFO - Filling up the DagBag from /home/airflow/.local/lib/python3.8/site-packages/airflow/example_dags/example_params_trigger_ui.py
[2024-04-25T12:55:17.060+0000] {processor.py:839} INFO - DAG(s) dict_keys(['example_params_trigger_ui']) retrieved from /home/airflow/.local/lib/python3.8/site-packages/airflow/example_dags/example_params_trigger_ui.py
[2024-04-25T12:55:17.160+0000] {logging_mixin.py:154} INFO - [2024-04-25T12:55:17.159+0000] {dag.py:2941} INFO - Sync 1 DAGs
[2024-04-25T12:55:17.179+0000] {logging_mixin.py:154} INFO - [2024-04-25T12:55:17.178+0000] {dag.py:3722} INFO - Setting next_dagrun for example_params_trigger_ui to None, run_after=None
[2024-04-25T12:55:17.208+0000] {processor.py:179} INFO - Processing /home/airflow/.local/lib/python3.8/site-packages/airflow/example_dags/example_params_trigger_ui.py took 0.195 seconds
[2024-04-25T13:10:32.218+0000] {processor.py:157} INFO - Started process (PID=243) to work on /home/airflow/.local/lib/python3.8/site-packages/airflow/example_dags/example_params_trigger_ui.py
[2024-04-25T13:10:32.220+0000] {processor.py:829} INFO - Processing file /home/airflow/.local/lib/python3.8/site-packages/airflow/example_dags/example_params_trigger_ui.py for tasks to queue
[2024-04-25T13:10:32.221+0000] {logging_mixin.py:154} INFO - [2024-04-25T13:10:32.221+0000] {dagbag.py:536} INFO - Filling up the DagBag from /home/airflow/.local/lib/python3.8/site-packages/airflow/example_dags/example_params_trigger_ui.py
[2024-04-25T13:10:32.270+0000] {processor.py:839} INFO - DAG(s) dict_keys(['example_params_trigger_ui']) retrieved from /home/airflow/.local/lib/python3.8/site-packages/airflow/example_dags/example_params_trigger_ui.py
[2024-04-25T13:10:32.292+0000] {logging_mixin.py:154} INFO - [2024-04-25T13:10:32.291+0000] {dag.py:2941} INFO - Sync 1 DAGs
[2024-04-25T13:10:32.321+0000] {logging_mixin.py:154} INFO - [2024-04-25T13:10:32.320+0000] {dag.py:3722} INFO - Setting next_dagrun for example_params_trigger_ui to None, run_after=None
[2024-04-25T13:10:32.355+0000] {processor.py:179} INFO - Processing /home/airflow/.local/lib/python3.8/site-packages/airflow/example_dags/example_params_trigger_ui.py took 0.143 seconds
[2024-04-25T13:11:03.698+0000] {processor.py:157} INFO - Started process (PID=486) to work on /home/airflow/.local/lib/python3.8/site-packages/airflow/example_dags/example_params_trigger_ui.py
[2024-04-25T13:11:03.699+0000] {processor.py:829} INFO - Processing file /home/airflow/.local/lib/python3.8/site-packages/airflow/example_dags/example_params_trigger_ui.py for tasks to queue
[2024-04-25T13:11:03.700+0000] {logging_mixin.py:154} INFO - [2024-04-25T13:11:03.700+0000] {dagbag.py:536} INFO - Filling up the DagBag from /home/airflow/.local/lib/python3.8/site-packages/airflow/example_dags/example_params_trigger_ui.py
[2024-04-25T13:11:03.728+0000] {processor.py:839} INFO - DAG(s) dict_keys(['example_params_trigger_ui']) retrieved from /home/airflow/.local/lib/python3.8/site-packages/airflow/example_dags/example_params_trigger_ui.py
[2024-04-25T13:11:03.800+0000] {logging_mixin.py:154} INFO - [2024-04-25T13:11:03.800+0000] {dag.py:2941} INFO - Sync 1 DAGs
[2024-04-25T13:11:03.819+0000] {logging_mixin.py:154} INFO - [2024-04-25T13:11:03.819+0000] {dag.py:3722} INFO - Setting next_dagrun for example_params_trigger_ui to None, run_after=None
[2024-04-25T13:11:03.845+0000] {processor.py:179} INFO - Processing /home/airflow/.local/lib/python3.8/site-packages/airflow/example_dags/example_params_trigger_ui.py took 0.153 seconds
[2024-04-25T13:11:33.949+0000] {processor.py:157} INFO - Started process (PID=729) to work on /home/airflow/.local/lib/python3.8/site-packages/airflow/example_dags/example_params_trigger_ui.py
[2024-04-25T13:11:33.953+0000] {processor.py:829} INFO - Processing file /home/airflow/.local/lib/python3.8/site-packages/airflow/example_dags/example_params_trigger_ui.py for tasks to queue
[2024-04-25T13:11:33.955+0000] {logging_mixin.py:154} INFO - [2024-04-25T13:11:33.954+0000] {dagbag.py:536} INFO - Filling up the DagBag from /home/airflow/.local/lib/python3.8/site-packages/airflow/example_dags/example_params_trigger_ui.py
[2024-04-25T13:11:33.980+0000] {processor.py:839} INFO - DAG(s) dict_keys(['example_params_trigger_ui']) retrieved from /home/airflow/.local/lib/python3.8/site-packages/airflow/example_dags/example_params_trigger_ui.py
[2024-04-25T13:11:34.084+0000] {logging_mixin.py:154} INFO - [2024-04-25T13:11:34.084+0000] {dag.py:2941} INFO - Sync 1 DAGs
[2024-04-25T13:11:34.110+0000] {logging_mixin.py:154} INFO - [2024-04-25T13:11:34.109+0000] {dag.py:3722} INFO - Setting next_dagrun for example_params_trigger_ui to None, run_after=None
[2024-04-25T13:11:34.140+0000] {processor.py:179} INFO - Processing /home/airflow/.local/lib/python3.8/site-packages/airflow/example_dags/example_params_trigger_ui.py took 0.199 seconds
[2024-04-25T13:12:04.660+0000] {processor.py:157} INFO - Started process (PID=976) to work on /home/airflow/.local/lib/python3.8/site-packages/airflow/example_dags/example_params_trigger_ui.py
[2024-04-25T13:12:04.662+0000] {processor.py:829} INFO - Processing file /home/airflow/.local/lib/python3.8/site-packages/airflow/example_dags/example_params_trigger_ui.py for tasks to queue
[2024-04-25T13:12:04.663+0000] {logging_mixin.py:154} INFO - [2024-04-25T13:12:04.663+0000] {dagbag.py:536} INFO - Filling up the DagBag from /home/airflow/.local/lib/python3.8/site-packages/airflow/example_dags/example_params_trigger_ui.py
[2024-04-25T13:12:04.701+0000] {processor.py:839} INFO - DAG(s) dict_keys(['example_params_trigger_ui']) retrieved from /home/airflow/.local/lib/python3.8/site-packages/airflow/example_dags/example_params_trigger_ui.py
[2024-04-25T13:12:04.801+0000] {logging_mixin.py:154} INFO - [2024-04-25T13:12:04.801+0000] {dag.py:2941} INFO - Sync 1 DAGs
[2024-04-25T13:12:04.820+0000] {logging_mixin.py:154} INFO - [2024-04-25T13:12:04.819+0000] {dag.py:3722} INFO - Setting next_dagrun for example_params_trigger_ui to None, run_after=None
[2024-04-25T13:12:04.844+0000] {processor.py:179} INFO - Processing /home/airflow/.local/lib/python3.8/site-packages/airflow/example_dags/example_params_trigger_ui.py took 0.193 seconds
[2024-04-25T13:12:35.292+0000] {processor.py:157} INFO - Started process (PID=1225) to work on /home/airflow/.local/lib/python3.8/site-packages/airflow/example_dags/example_params_trigger_ui.py
[2024-04-25T13:12:35.294+0000] {processor.py:829} INFO - Processing file /home/airflow/.local/lib/python3.8/site-packages/airflow/example_dags/example_params_trigger_ui.py for tasks to queue
[2024-04-25T13:12:35.296+0000] {logging_mixin.py:154} INFO - [2024-04-25T13:12:35.295+0000] {dagbag.py:536} INFO - Filling up the DagBag from /home/airflow/.local/lib/python3.8/site-packages/airflow/example_dags/example_params_trigger_ui.py
[2024-04-25T13:12:35.336+0000] {processor.py:839} INFO - DAG(s) dict_keys(['example_params_trigger_ui']) retrieved from /home/airflow/.local/lib/python3.8/site-packages/airflow/example_dags/example_params_trigger_ui.py
[2024-04-25T13:12:35.450+0000] {logging_mixin.py:154} INFO - [2024-04-25T13:12:35.450+0000] {dag.py:2941} INFO - Sync 1 DAGs
[2024-04-25T13:12:35.480+0000] {logging_mixin.py:154} INFO - [2024-04-25T13:12:35.480+0000] {dag.py:3722} INFO - Setting next_dagrun for example_params_trigger_ui to None, run_after=None
[2024-04-25T13:12:35.526+0000] {processor.py:179} INFO - Processing /home/airflow/.local/lib/python3.8/site-packages/airflow/example_dags/example_params_trigger_ui.py took 0.242 seconds
[2024-04-25T13:13:05.751+0000] {processor.py:157} INFO - Started process (PID=1468) to work on /home/airflow/.local/lib/python3.8/site-packages/airflow/example_dags/example_params_trigger_ui.py
[2024-04-25T13:13:05.754+0000] {processor.py:829} INFO - Processing file /home/airflow/.local/lib/python3.8/site-packages/airflow/example_dags/example_params_trigger_ui.py for tasks to queue
[2024-04-25T13:13:05.755+0000] {logging_mixin.py:154} INFO - [2024-04-25T13:13:05.755+0000] {dagbag.py:536} INFO - Filling up the DagBag from /home/airflow/.local/lib/python3.8/site-packages/airflow/example_dags/example_params_trigger_ui.py
[2024-04-25T13:13:05.795+0000] {processor.py:839} INFO - DAG(s) dict_keys(['example_params_trigger_ui']) retrieved from /home/airflow/.local/lib/python3.8/site-packages/airflow/example_dags/example_params_trigger_ui.py
[2024-04-25T13:13:05.903+0000] {logging_mixin.py:154} INFO - [2024-04-25T13:13:05.902+0000] {dag.py:2941} INFO - Sync 1 DAGs
[2024-04-25T13:13:05.927+0000] {logging_mixin.py:154} INFO - [2024-04-25T13:13:05.927+0000] {dag.py:3722} INFO - Setting next_dagrun for example_params_trigger_ui to None, run_after=None
[2024-04-25T13:13:05.956+0000] {processor.py:179} INFO - Processing /home/airflow/.local/lib/python3.8/site-packages/airflow/example_dags/example_params_trigger_ui.py took 0.212 seconds
[2024-04-25T13:13:36.053+0000] {processor.py:157} INFO - Started process (PID=1712) to work on /home/airflow/.local/lib/python3.8/site-packages/airflow/example_dags/example_params_trigger_ui.py
[2024-04-25T13:13:36.056+0000] {processor.py:829} INFO - Processing file /home/airflow/.local/lib/python3.8/site-packages/airflow/example_dags/example_params_trigger_ui.py for tasks to queue
[2024-04-25T13:13:36.058+0000] {logging_mixin.py:154} INFO - [2024-04-25T13:13:36.057+0000] {dagbag.py:536} INFO - Filling up the DagBag from /home/airflow/.local/lib/python3.8/site-packages/airflow/example_dags/example_params_trigger_ui.py
[2024-04-25T13:13:36.105+0000] {processor.py:839} INFO - DAG(s) dict_keys(['example_params_trigger_ui']) retrieved from /home/airflow/.local/lib/python3.8/site-packages/airflow/example_dags/example_params_trigger_ui.py
[2024-04-25T13:13:36.186+0000] {logging_mixin.py:154} INFO - [2024-04-25T13:13:36.185+0000] {dag.py:2941} INFO - Sync 1 DAGs
[2024-04-25T13:13:36.203+0000] {logging_mixin.py:154} INFO - [2024-04-25T13:13:36.203+0000] {dag.py:3722} INFO - Setting next_dagrun for example_params_trigger_ui to None, run_after=None
[2024-04-25T13:13:36.230+0000] {processor.py:179} INFO - Processing /home/airflow/.local/lib/python3.8/site-packages/airflow/example_dags/example_params_trigger_ui.py took 0.186 seconds
[2024-04-25T13:14:06.324+0000] {processor.py:157} INFO - Started process (PID=1951) to work on /home/airflow/.local/lib/python3.8/site-packages/airflow/example_dags/example_params_trigger_ui.py
[2024-04-25T13:14:06.327+0000] {processor.py:829} INFO - Processing file /home/airflow/.local/lib/python3.8/site-packages/airflow/example_dags/example_params_trigger_ui.py for tasks to queue
[2024-04-25T13:14:06.329+0000] {logging_mixin.py:154} INFO - [2024-04-25T13:14:06.328+0000] {dagbag.py:536} INFO - Filling up the DagBag from /home/airflow/.local/lib/python3.8/site-packages/airflow/example_dags/example_params_trigger_ui.py
[2024-04-25T13:14:06.356+0000] {processor.py:839} INFO - DAG(s) dict_keys(['example_params_trigger_ui']) retrieved from /home/airflow/.local/lib/python3.8/site-packages/airflow/example_dags/example_params_trigger_ui.py
[2024-04-25T13:14:06.425+0000] {logging_mixin.py:154} INFO - [2024-04-25T13:14:06.424+0000] {dag.py:2941} INFO - Sync 1 DAGs
[2024-04-25T13:14:06.443+0000] {logging_mixin.py:154} INFO - [2024-04-25T13:14:06.442+0000] {dag.py:3722} INFO - Setting next_dagrun for example_params_trigger_ui to None, run_after=None
[2024-04-25T13:14:06.470+0000] {processor.py:179} INFO - Processing /home/airflow/.local/lib/python3.8/site-packages/airflow/example_dags/example_params_trigger_ui.py took 0.153 seconds
[2024-04-25T13:14:36.969+0000] {processor.py:157} INFO - Started process (PID=2196) to work on /home/airflow/.local/lib/python3.8/site-packages/airflow/example_dags/example_params_trigger_ui.py
[2024-04-25T13:14:36.971+0000] {processor.py:829} INFO - Processing file /home/airflow/.local/lib/python3.8/site-packages/airflow/example_dags/example_params_trigger_ui.py for tasks to queue
[2024-04-25T13:14:36.972+0000] {logging_mixin.py:154} INFO - [2024-04-25T13:14:36.971+0000] {dagbag.py:536} INFO - Filling up the DagBag from /home/airflow/.local/lib/python3.8/site-packages/airflow/example_dags/example_params_trigger_ui.py
[2024-04-25T13:14:36.997+0000] {processor.py:839} INFO - DAG(s) dict_keys(['example_params_trigger_ui']) retrieved from /home/airflow/.local/lib/python3.8/site-packages/airflow/example_dags/example_params_trigger_ui.py
[2024-04-25T13:14:37.064+0000] {logging_mixin.py:154} INFO - [2024-04-25T13:14:37.063+0000] {dag.py:2941} INFO - Sync 1 DAGs
[2024-04-25T13:14:37.082+0000] {logging_mixin.py:154} INFO - [2024-04-25T13:14:37.082+0000] {dag.py:3722} INFO - Setting next_dagrun for example_params_trigger_ui to None, run_after=None
[2024-04-25T13:14:37.107+0000] {processor.py:179} INFO - Processing /home/airflow/.local/lib/python3.8/site-packages/airflow/example_dags/example_params_trigger_ui.py took 0.143 seconds
[2024-04-25T13:15:07.361+0000] {processor.py:157} INFO - Started process (PID=2437) to work on /home/airflow/.local/lib/python3.8/site-packages/airflow/example_dags/example_params_trigger_ui.py
[2024-04-25T13:15:07.363+0000] {processor.py:829} INFO - Processing file /home/airflow/.local/lib/python3.8/site-packages/airflow/example_dags/example_params_trigger_ui.py for tasks to queue
[2024-04-25T13:15:07.364+0000] {logging_mixin.py:154} INFO - [2024-04-25T13:15:07.364+0000] {dagbag.py:536} INFO - Filling up the DagBag from /home/airflow/.local/lib/python3.8/site-packages/airflow/example_dags/example_params_trigger_ui.py
[2024-04-25T13:15:07.391+0000] {processor.py:839} INFO - DAG(s) dict_keys(['example_params_trigger_ui']) retrieved from /home/airflow/.local/lib/python3.8/site-packages/airflow/example_dags/example_params_trigger_ui.py
[2024-04-25T13:15:07.481+0000] {logging_mixin.py:154} INFO - [2024-04-25T13:15:07.480+0000] {dag.py:2941} INFO - Sync 1 DAGs
[2024-04-25T13:15:07.498+0000] {logging_mixin.py:154} INFO - [2024-04-25T13:15:07.498+0000] {dag.py:3722} INFO - Setting next_dagrun for example_params_trigger_ui to None, run_after=None
[2024-04-25T13:15:07.528+0000] {processor.py:179} INFO - Processing /home/airflow/.local/lib/python3.8/site-packages/airflow/example_dags/example_params_trigger_ui.py took 0.173 seconds
[2024-04-25T13:15:38.427+0000] {processor.py:157} INFO - Started process (PID=2680) to work on /home/airflow/.local/lib/python3.8/site-packages/airflow/example_dags/example_params_trigger_ui.py
[2024-04-25T13:15:38.429+0000] {processor.py:829} INFO - Processing file /home/airflow/.local/lib/python3.8/site-packages/airflow/example_dags/example_params_trigger_ui.py for tasks to queue
[2024-04-25T13:15:38.430+0000] {logging_mixin.py:154} INFO - [2024-04-25T13:15:38.430+0000] {dagbag.py:536} INFO - Filling up the DagBag from /home/airflow/.local/lib/python3.8/site-packages/airflow/example_dags/example_params_trigger_ui.py
[2024-04-25T13:15:38.465+0000] {processor.py:839} INFO - DAG(s) dict_keys(['example_params_trigger_ui']) retrieved from /home/airflow/.local/lib/python3.8/site-packages/airflow/example_dags/example_params_trigger_ui.py
[2024-04-25T13:15:38.558+0000] {logging_mixin.py:154} INFO - [2024-04-25T13:15:38.557+0000] {dag.py:2941} INFO - Sync 1 DAGs
[2024-04-25T13:15:38.577+0000] {logging_mixin.py:154} INFO - [2024-04-25T13:15:38.576+0000] {dag.py:3722} INFO - Setting next_dagrun for example_params_trigger_ui to None, run_after=None
[2024-04-25T13:15:38.606+0000] {processor.py:179} INFO - Processing /home/airflow/.local/lib/python3.8/site-packages/airflow/example_dags/example_params_trigger_ui.py took 0.186 seconds
[2024-04-25T13:16:09.452+0000] {processor.py:157} INFO - Started process (PID=2923) to work on /home/airflow/.local/lib/python3.8/site-packages/airflow/example_dags/example_params_trigger_ui.py
[2024-04-25T13:16:09.454+0000] {processor.py:829} INFO - Processing file /home/airflow/.local/lib/python3.8/site-packages/airflow/example_dags/example_params_trigger_ui.py for tasks to queue
[2024-04-25T13:16:09.456+0000] {logging_mixin.py:154} INFO - [2024-04-25T13:16:09.456+0000] {dagbag.py:536} INFO - Filling up the DagBag from /home/airflow/.local/lib/python3.8/site-packages/airflow/example_dags/example_params_trigger_ui.py
[2024-04-25T13:16:09.488+0000] {processor.py:839} INFO - DAG(s) dict_keys(['example_params_trigger_ui']) retrieved from /home/airflow/.local/lib/python3.8/site-packages/airflow/example_dags/example_params_trigger_ui.py
[2024-04-25T13:16:09.585+0000] {logging_mixin.py:154} INFO - [2024-04-25T13:16:09.585+0000] {dag.py:2941} INFO - Sync 1 DAGs
[2024-04-25T13:16:09.603+0000] {logging_mixin.py:154} INFO - [2024-04-25T13:16:09.603+0000] {dag.py:3722} INFO - Setting next_dagrun for example_params_trigger_ui to None, run_after=None
[2024-04-25T13:16:09.631+0000] {processor.py:179} INFO - Processing /home/airflow/.local/lib/python3.8/site-packages/airflow/example_dags/example_params_trigger_ui.py took 0.186 seconds
[2024-04-25T13:16:40.518+0000] {processor.py:157} INFO - Started process (PID=3169) to work on /home/airflow/.local/lib/python3.8/site-packages/airflow/example_dags/example_params_trigger_ui.py
[2024-04-25T13:16:40.519+0000] {processor.py:829} INFO - Processing file /home/airflow/.local/lib/python3.8/site-packages/airflow/example_dags/example_params_trigger_ui.py for tasks to queue
[2024-04-25T13:16:40.520+0000] {logging_mixin.py:154} INFO - [2024-04-25T13:16:40.520+0000] {dagbag.py:536} INFO - Filling up the DagBag from /home/airflow/.local/lib/python3.8/site-packages/airflow/example_dags/example_params_trigger_ui.py
[2024-04-25T13:16:40.560+0000] {processor.py:839} INFO - DAG(s) dict_keys(['example_params_trigger_ui']) retrieved from /home/airflow/.local/lib/python3.8/site-packages/airflow/example_dags/example_params_trigger_ui.py
[2024-04-25T13:16:40.658+0000] {logging_mixin.py:154} INFO - [2024-04-25T13:16:40.657+0000] {dag.py:2941} INFO - Sync 1 DAGs
[2024-04-25T13:16:40.679+0000] {logging_mixin.py:154} INFO - [2024-04-25T13:16:40.679+0000] {dag.py:3722} INFO - Setting next_dagrun for example_params_trigger_ui to None, run_after=None
[2024-04-25T13:16:40.713+0000] {processor.py:179} INFO - Processing /home/airflow/.local/lib/python3.8/site-packages/airflow/example_dags/example_params_trigger_ui.py took 0.201 seconds
[2024-04-25T13:17:10.884+0000] {processor.py:157} INFO - Started process (PID=3417) to work on /home/airflow/.local/lib/python3.8/site-packages/airflow/example_dags/example_params_trigger_ui.py
[2024-04-25T13:17:10.887+0000] {processor.py:829} INFO - Processing file /home/airflow/.local/lib/python3.8/site-packages/airflow/example_dags/example_params_trigger_ui.py for tasks to queue
[2024-04-25T13:17:10.888+0000] {logging_mixin.py:154} INFO - [2024-04-25T13:17:10.887+0000] {dagbag.py:536} INFO - Filling up the DagBag from /home/airflow/.local/lib/python3.8/site-packages/airflow/example_dags/example_params_trigger_ui.py
[2024-04-25T13:17:10.913+0000] {processor.py:839} INFO - DAG(s) dict_keys(['example_params_trigger_ui']) retrieved from /home/airflow/.local/lib/python3.8/site-packages/airflow/example_dags/example_params_trigger_ui.py
[2024-04-25T13:17:10.982+0000] {logging_mixin.py:154} INFO - [2024-04-25T13:17:10.981+0000] {dag.py:2941} INFO - Sync 1 DAGs
[2024-04-25T13:17:11.000+0000] {logging_mixin.py:154} INFO - [2024-04-25T13:17:10.999+0000] {dag.py:3722} INFO - Setting next_dagrun for example_params_trigger_ui to None, run_after=None
[2024-04-25T13:17:11.029+0000] {processor.py:179} INFO - Processing /home/airflow/.local/lib/python3.8/site-packages/airflow/example_dags/example_params_trigger_ui.py took 0.151 seconds
[2024-04-25T13:17:41.358+0000] {processor.py:157} INFO - Started process (PID=3653) to work on /home/airflow/.local/lib/python3.8/site-packages/airflow/example_dags/example_params_trigger_ui.py
[2024-04-25T13:17:41.360+0000] {processor.py:829} INFO - Processing file /home/airflow/.local/lib/python3.8/site-packages/airflow/example_dags/example_params_trigger_ui.py for tasks to queue
[2024-04-25T13:17:41.362+0000] {logging_mixin.py:154} INFO - [2024-04-25T13:17:41.361+0000] {dagbag.py:536} INFO - Filling up the DagBag from /home/airflow/.local/lib/python3.8/site-packages/airflow/example_dags/example_params_trigger_ui.py
[2024-04-25T13:17:41.391+0000] {processor.py:839} INFO - DAG(s) dict_keys(['example_params_trigger_ui']) retrieved from /home/airflow/.local/lib/python3.8/site-packages/airflow/example_dags/example_params_trigger_ui.py
[2024-04-25T13:17:41.478+0000] {logging_mixin.py:154} INFO - [2024-04-25T13:17:41.477+0000] {dag.py:2941} INFO - Sync 1 DAGs
[2024-04-25T13:17:41.498+0000] {logging_mixin.py:154} INFO - [2024-04-25T13:17:41.498+0000] {dag.py:3722} INFO - Setting next_dagrun for example_params_trigger_ui to None, run_after=None
[2024-04-25T13:17:41.529+0000] {processor.py:179} INFO - Processing /home/airflow/.local/lib/python3.8/site-packages/airflow/example_dags/example_params_trigger_ui.py took 0.178 seconds
[2024-04-25T13:18:12.398+0000] {processor.py:157} INFO - Started process (PID=3897) to work on /home/airflow/.local/lib/python3.8/site-packages/airflow/example_dags/example_params_trigger_ui.py
[2024-04-25T13:18:12.400+0000] {processor.py:829} INFO - Processing file /home/airflow/.local/lib/python3.8/site-packages/airflow/example_dags/example_params_trigger_ui.py for tasks to queue
[2024-04-25T13:18:12.402+0000] {logging_mixin.py:154} INFO - [2024-04-25T13:18:12.401+0000] {dagbag.py:536} INFO - Filling up the DagBag from /home/airflow/.local/lib/python3.8/site-packages/airflow/example_dags/example_params_trigger_ui.py
[2024-04-25T13:18:12.435+0000] {processor.py:839} INFO - DAG(s) dict_keys(['example_params_trigger_ui']) retrieved from /home/airflow/.local/lib/python3.8/site-packages/airflow/example_dags/example_params_trigger_ui.py
[2024-04-25T13:18:12.508+0000] {logging_mixin.py:154} INFO - [2024-04-25T13:18:12.508+0000] {dag.py:2941} INFO - Sync 1 DAGs
[2024-04-25T13:18:12.534+0000] {logging_mixin.py:154} INFO - [2024-04-25T13:18:12.534+0000] {dag.py:3722} INFO - Setting next_dagrun for example_params_trigger_ui to None, run_after=None
[2024-04-25T13:18:12.567+0000] {processor.py:179} INFO - Processing /home/airflow/.local/lib/python3.8/site-packages/airflow/example_dags/example_params_trigger_ui.py took 0.176 seconds
[2024-04-25T13:18:43.404+0000] {processor.py:157} INFO - Started process (PID=4141) to work on /home/airflow/.local/lib/python3.8/site-packages/airflow/example_dags/example_params_trigger_ui.py
[2024-04-25T13:18:43.406+0000] {processor.py:829} INFO - Processing file /home/airflow/.local/lib/python3.8/site-packages/airflow/example_dags/example_params_trigger_ui.py for tasks to queue
[2024-04-25T13:18:43.407+0000] {logging_mixin.py:154} INFO - [2024-04-25T13:18:43.407+0000] {dagbag.py:536} INFO - Filling up the DagBag from /home/airflow/.local/lib/python3.8/site-packages/airflow/example_dags/example_params_trigger_ui.py
[2024-04-25T13:18:43.439+0000] {processor.py:839} INFO - DAG(s) dict_keys(['example_params_trigger_ui']) retrieved from /home/airflow/.local/lib/python3.8/site-packages/airflow/example_dags/example_params_trigger_ui.py
[2024-04-25T13:18:43.530+0000] {logging_mixin.py:154} INFO - [2024-04-25T13:18:43.530+0000] {dag.py:2941} INFO - Sync 1 DAGs
[2024-04-25T13:18:43.550+0000] {logging_mixin.py:154} INFO - [2024-04-25T13:18:43.550+0000] {dag.py:3722} INFO - Setting next_dagrun for example_params_trigger_ui to None, run_after=None
[2024-04-25T13:18:43.580+0000] {processor.py:179} INFO - Processing /home/airflow/.local/lib/python3.8/site-packages/airflow/example_dags/example_params_trigger_ui.py took 0.182 seconds
[2024-04-25T13:27:14.761+0000] {processor.py:157} INFO - Started process (PID=243) to work on /home/airflow/.local/lib/python3.8/site-packages/airflow/example_dags/example_params_trigger_ui.py
[2024-04-25T13:27:14.764+0000] {processor.py:829} INFO - Processing file /home/airflow/.local/lib/python3.8/site-packages/airflow/example_dags/example_params_trigger_ui.py for tasks to queue
[2024-04-25T13:27:14.765+0000] {logging_mixin.py:154} INFO - [2024-04-25T13:27:14.765+0000] {dagbag.py:536} INFO - Filling up the DagBag from /home/airflow/.local/lib/python3.8/site-packages/airflow/example_dags/example_params_trigger_ui.py
[2024-04-25T13:27:14.817+0000] {processor.py:839} INFO - DAG(s) dict_keys(['example_params_trigger_ui']) retrieved from /home/airflow/.local/lib/python3.8/site-packages/airflow/example_dags/example_params_trigger_ui.py
[2024-04-25T13:27:14.839+0000] {logging_mixin.py:154} INFO - [2024-04-25T13:27:14.839+0000] {dag.py:2941} INFO - Sync 1 DAGs
[2024-04-25T13:27:14.874+0000] {logging_mixin.py:154} INFO - [2024-04-25T13:27:14.873+0000] {dag.py:3722} INFO - Setting next_dagrun for example_params_trigger_ui to None, run_after=None
[2024-04-25T13:27:14.917+0000] {processor.py:179} INFO - Processing /home/airflow/.local/lib/python3.8/site-packages/airflow/example_dags/example_params_trigger_ui.py took 0.167 seconds
[2024-04-25T13:27:45.449+0000] {processor.py:157} INFO - Started process (PID=486) to work on /home/airflow/.local/lib/python3.8/site-packages/airflow/example_dags/example_params_trigger_ui.py
[2024-04-25T13:27:45.452+0000] {processor.py:829} INFO - Processing file /home/airflow/.local/lib/python3.8/site-packages/airflow/example_dags/example_params_trigger_ui.py for tasks to queue
[2024-04-25T13:27:45.454+0000] {logging_mixin.py:154} INFO - [2024-04-25T13:27:45.453+0000] {dagbag.py:536} INFO - Filling up the DagBag from /home/airflow/.local/lib/python3.8/site-packages/airflow/example_dags/example_params_trigger_ui.py
[2024-04-25T13:27:45.487+0000] {processor.py:839} INFO - DAG(s) dict_keys(['example_params_trigger_ui']) retrieved from /home/airflow/.local/lib/python3.8/site-packages/airflow/example_dags/example_params_trigger_ui.py
[2024-04-25T13:27:45.570+0000] {logging_mixin.py:154} INFO - [2024-04-25T13:27:45.570+0000] {dag.py:2941} INFO - Sync 1 DAGs
[2024-04-25T13:27:45.593+0000] {logging_mixin.py:154} INFO - [2024-04-25T13:27:45.593+0000] {dag.py:3722} INFO - Setting next_dagrun for example_params_trigger_ui to None, run_after=None
[2024-04-25T13:27:45.629+0000] {processor.py:179} INFO - Processing /home/airflow/.local/lib/python3.8/site-packages/airflow/example_dags/example_params_trigger_ui.py took 0.188 seconds
[2024-04-25T13:28:16.058+0000] {processor.py:157} INFO - Started process (PID=729) to work on /home/airflow/.local/lib/python3.8/site-packages/airflow/example_dags/example_params_trigger_ui.py
[2024-04-25T13:28:16.061+0000] {processor.py:829} INFO - Processing file /home/airflow/.local/lib/python3.8/site-packages/airflow/example_dags/example_params_trigger_ui.py for tasks to queue
[2024-04-25T13:28:16.062+0000] {logging_mixin.py:154} INFO - [2024-04-25T13:28:16.062+0000] {dagbag.py:536} INFO - Filling up the DagBag from /home/airflow/.local/lib/python3.8/site-packages/airflow/example_dags/example_params_trigger_ui.py
[2024-04-25T13:28:16.097+0000] {processor.py:839} INFO - DAG(s) dict_keys(['example_params_trigger_ui']) retrieved from /home/airflow/.local/lib/python3.8/site-packages/airflow/example_dags/example_params_trigger_ui.py
[2024-04-25T13:28:16.184+0000] {logging_mixin.py:154} INFO - [2024-04-25T13:28:16.184+0000] {dag.py:2941} INFO - Sync 1 DAGs
[2024-04-25T13:28:16.203+0000] {logging_mixin.py:154} INFO - [2024-04-25T13:28:16.203+0000] {dag.py:3722} INFO - Setting next_dagrun for example_params_trigger_ui to None, run_after=None
[2024-04-25T13:28:16.228+0000] {processor.py:179} INFO - Processing /home/airflow/.local/lib/python3.8/site-packages/airflow/example_dags/example_params_trigger_ui.py took 0.177 seconds
[2024-04-25T13:28:46.949+0000] {processor.py:157} INFO - Started process (PID=979) to work on /home/airflow/.local/lib/python3.8/site-packages/airflow/example_dags/example_params_trigger_ui.py
[2024-04-25T13:28:46.952+0000] {processor.py:829} INFO - Processing file /home/airflow/.local/lib/python3.8/site-packages/airflow/example_dags/example_params_trigger_ui.py for tasks to queue
[2024-04-25T13:28:46.954+0000] {logging_mixin.py:154} INFO - [2024-04-25T13:28:46.953+0000] {dagbag.py:536} INFO - Filling up the DagBag from /home/airflow/.local/lib/python3.8/site-packages/airflow/example_dags/example_params_trigger_ui.py
[2024-04-25T13:28:46.988+0000] {processor.py:839} INFO - DAG(s) dict_keys(['example_params_trigger_ui']) retrieved from /home/airflow/.local/lib/python3.8/site-packages/airflow/example_dags/example_params_trigger_ui.py
[2024-04-25T13:28:47.084+0000] {logging_mixin.py:154} INFO - [2024-04-25T13:28:47.084+0000] {dag.py:2941} INFO - Sync 1 DAGs
[2024-04-25T13:28:47.111+0000] {logging_mixin.py:154} INFO - [2024-04-25T13:28:47.111+0000] {dag.py:3722} INFO - Setting next_dagrun for example_params_trigger_ui to None, run_after=None
[2024-04-25T13:28:47.144+0000] {processor.py:179} INFO - Processing /home/airflow/.local/lib/python3.8/site-packages/airflow/example_dags/example_params_trigger_ui.py took 0.201 seconds
[2024-04-25T13:29:17.843+0000] {processor.py:157} INFO - Started process (PID=1225) to work on /home/airflow/.local/lib/python3.8/site-packages/airflow/example_dags/example_params_trigger_ui.py
[2024-04-25T13:29:17.847+0000] {processor.py:829} INFO - Processing file /home/airflow/.local/lib/python3.8/site-packages/airflow/example_dags/example_params_trigger_ui.py for tasks to queue
[2024-04-25T13:29:17.849+0000] {logging_mixin.py:154} INFO - [2024-04-25T13:29:17.848+0000] {dagbag.py:536} INFO - Filling up the DagBag from /home/airflow/.local/lib/python3.8/site-packages/airflow/example_dags/example_params_trigger_ui.py
[2024-04-25T13:29:17.893+0000] {processor.py:839} INFO - DAG(s) dict_keys(['example_params_trigger_ui']) retrieved from /home/airflow/.local/lib/python3.8/site-packages/airflow/example_dags/example_params_trigger_ui.py
[2024-04-25T13:29:18.003+0000] {logging_mixin.py:154} INFO - [2024-04-25T13:29:18.003+0000] {dag.py:2941} INFO - Sync 1 DAGs
[2024-04-25T13:29:18.040+0000] {logging_mixin.py:154} INFO - [2024-04-25T13:29:18.040+0000] {dag.py:3722} INFO - Setting next_dagrun for example_params_trigger_ui to None, run_after=None
[2024-04-25T13:29:18.104+0000] {processor.py:179} INFO - Processing /home/airflow/.local/lib/python3.8/site-packages/airflow/example_dags/example_params_trigger_ui.py took 0.269 seconds
[2024-04-25T13:29:48.729+0000] {processor.py:157} INFO - Started process (PID=1468) to work on /home/airflow/.local/lib/python3.8/site-packages/airflow/example_dags/example_params_trigger_ui.py
[2024-04-25T13:29:48.731+0000] {processor.py:829} INFO - Processing file /home/airflow/.local/lib/python3.8/site-packages/airflow/example_dags/example_params_trigger_ui.py for tasks to queue
[2024-04-25T13:29:48.732+0000] {logging_mixin.py:154} INFO - [2024-04-25T13:29:48.732+0000] {dagbag.py:536} INFO - Filling up the DagBag from /home/airflow/.local/lib/python3.8/site-packages/airflow/example_dags/example_params_trigger_ui.py
[2024-04-25T13:29:48.763+0000] {processor.py:839} INFO - DAG(s) dict_keys(['example_params_trigger_ui']) retrieved from /home/airflow/.local/lib/python3.8/site-packages/airflow/example_dags/example_params_trigger_ui.py
[2024-04-25T13:29:48.853+0000] {logging_mixin.py:154} INFO - [2024-04-25T13:29:48.853+0000] {dag.py:2941} INFO - Sync 1 DAGs
[2024-04-25T13:29:48.872+0000] {logging_mixin.py:154} INFO - [2024-04-25T13:29:48.872+0000] {dag.py:3722} INFO - Setting next_dagrun for example_params_trigger_ui to None, run_after=None
[2024-04-25T13:29:48.904+0000] {processor.py:179} INFO - Processing /home/airflow/.local/lib/python3.8/site-packages/airflow/example_dags/example_params_trigger_ui.py took 0.181 seconds
[2024-04-25T13:30:19.407+0000] {processor.py:157} INFO - Started process (PID=1711) to work on /home/airflow/.local/lib/python3.8/site-packages/airflow/example_dags/example_params_trigger_ui.py
[2024-04-25T13:30:19.409+0000] {processor.py:829} INFO - Processing file /home/airflow/.local/lib/python3.8/site-packages/airflow/example_dags/example_params_trigger_ui.py for tasks to queue
[2024-04-25T13:30:19.410+0000] {logging_mixin.py:154} INFO - [2024-04-25T13:30:19.409+0000] {dagbag.py:536} INFO - Filling up the DagBag from /home/airflow/.local/lib/python3.8/site-packages/airflow/example_dags/example_params_trigger_ui.py
[2024-04-25T13:30:19.438+0000] {processor.py:839} INFO - DAG(s) dict_keys(['example_params_trigger_ui']) retrieved from /home/airflow/.local/lib/python3.8/site-packages/airflow/example_dags/example_params_trigger_ui.py
[2024-04-25T13:30:19.520+0000] {logging_mixin.py:154} INFO - [2024-04-25T13:30:19.520+0000] {dag.py:2941} INFO - Sync 1 DAGs
[2024-04-25T13:30:19.542+0000] {logging_mixin.py:154} INFO - [2024-04-25T13:30:19.542+0000] {dag.py:3722} INFO - Setting next_dagrun for example_params_trigger_ui to None, run_after=None
[2024-04-25T13:30:19.570+0000] {processor.py:179} INFO - Processing /home/airflow/.local/lib/python3.8/site-packages/airflow/example_dags/example_params_trigger_ui.py took 0.169 seconds
[2024-04-25T13:30:50.009+0000] {processor.py:157} INFO - Started process (PID=1955) to work on /home/airflow/.local/lib/python3.8/site-packages/airflow/example_dags/example_params_trigger_ui.py
[2024-04-25T13:30:50.010+0000] {processor.py:829} INFO - Processing file /home/airflow/.local/lib/python3.8/site-packages/airflow/example_dags/example_params_trigger_ui.py for tasks to queue
[2024-04-25T13:30:50.012+0000] {logging_mixin.py:154} INFO - [2024-04-25T13:30:50.011+0000] {dagbag.py:536} INFO - Filling up the DagBag from /home/airflow/.local/lib/python3.8/site-packages/airflow/example_dags/example_params_trigger_ui.py
[2024-04-25T13:30:50.052+0000] {processor.py:839} INFO - DAG(s) dict_keys(['example_params_trigger_ui']) retrieved from /home/airflow/.local/lib/python3.8/site-packages/airflow/example_dags/example_params_trigger_ui.py
[2024-04-25T13:30:50.124+0000] {logging_mixin.py:154} INFO - [2024-04-25T13:30:50.124+0000] {dag.py:2941} INFO - Sync 1 DAGs
[2024-04-25T13:30:50.142+0000] {logging_mixin.py:154} INFO - [2024-04-25T13:30:50.142+0000] {dag.py:3722} INFO - Setting next_dagrun for example_params_trigger_ui to None, run_after=None
[2024-04-25T13:30:50.172+0000] {processor.py:179} INFO - Processing /home/airflow/.local/lib/python3.8/site-packages/airflow/example_dags/example_params_trigger_ui.py took 0.169 seconds
[2024-04-25T13:31:20.758+0000] {processor.py:157} INFO - Started process (PID=2198) to work on /home/airflow/.local/lib/python3.8/site-packages/airflow/example_dags/example_params_trigger_ui.py
[2024-04-25T13:31:20.761+0000] {processor.py:829} INFO - Processing file /home/airflow/.local/lib/python3.8/site-packages/airflow/example_dags/example_params_trigger_ui.py for tasks to queue
[2024-04-25T13:31:20.763+0000] {logging_mixin.py:154} INFO - [2024-04-25T13:31:20.762+0000] {dagbag.py:536} INFO - Filling up the DagBag from /home/airflow/.local/lib/python3.8/site-packages/airflow/example_dags/example_params_trigger_ui.py
[2024-04-25T13:31:20.799+0000] {processor.py:839} INFO - DAG(s) dict_keys(['example_params_trigger_ui']) retrieved from /home/airflow/.local/lib/python3.8/site-packages/airflow/example_dags/example_params_trigger_ui.py
[2024-04-25T13:31:20.893+0000] {logging_mixin.py:154} INFO - [2024-04-25T13:31:20.893+0000] {dag.py:2941} INFO - Sync 1 DAGs
[2024-04-25T13:31:20.917+0000] {logging_mixin.py:154} INFO - [2024-04-25T13:31:20.917+0000] {dag.py:3722} INFO - Setting next_dagrun for example_params_trigger_ui to None, run_after=None
[2024-04-25T13:31:20.945+0000] {processor.py:179} INFO - Processing /home/airflow/.local/lib/python3.8/site-packages/airflow/example_dags/example_params_trigger_ui.py took 0.194 seconds
[2024-04-25T13:31:51.211+0000] {processor.py:157} INFO - Started process (PID=2441) to work on /home/airflow/.local/lib/python3.8/site-packages/airflow/example_dags/example_params_trigger_ui.py
[2024-04-25T13:31:51.213+0000] {processor.py:829} INFO - Processing file /home/airflow/.local/lib/python3.8/site-packages/airflow/example_dags/example_params_trigger_ui.py for tasks to queue
[2024-04-25T13:31:51.214+0000] {logging_mixin.py:154} INFO - [2024-04-25T13:31:51.214+0000] {dagbag.py:536} INFO - Filling up the DagBag from /home/airflow/.local/lib/python3.8/site-packages/airflow/example_dags/example_params_trigger_ui.py
[2024-04-25T13:31:51.246+0000] {processor.py:839} INFO - DAG(s) dict_keys(['example_params_trigger_ui']) retrieved from /home/airflow/.local/lib/python3.8/site-packages/airflow/example_dags/example_params_trigger_ui.py
[2024-04-25T13:31:51.316+0000] {logging_mixin.py:154} INFO - [2024-04-25T13:31:51.316+0000] {dag.py:2941} INFO - Sync 1 DAGs
[2024-04-25T13:31:51.334+0000] {logging_mixin.py:154} INFO - [2024-04-25T13:31:51.334+0000] {dag.py:3722} INFO - Setting next_dagrun for example_params_trigger_ui to None, run_after=None
[2024-04-25T13:31:51.364+0000] {processor.py:179} INFO - Processing /home/airflow/.local/lib/python3.8/site-packages/airflow/example_dags/example_params_trigger_ui.py took 0.160 seconds
[2024-04-25T13:32:21.618+0000] {processor.py:157} INFO - Started process (PID=2684) to work on /home/airflow/.local/lib/python3.8/site-packages/airflow/example_dags/example_params_trigger_ui.py
[2024-04-25T13:32:21.621+0000] {processor.py:829} INFO - Processing file /home/airflow/.local/lib/python3.8/site-packages/airflow/example_dags/example_params_trigger_ui.py for tasks to queue
[2024-04-25T13:32:21.622+0000] {logging_mixin.py:154} INFO - [2024-04-25T13:32:21.622+0000] {dagbag.py:536} INFO - Filling up the DagBag from /home/airflow/.local/lib/python3.8/site-packages/airflow/example_dags/example_params_trigger_ui.py
[2024-04-25T13:32:21.660+0000] {processor.py:839} INFO - DAG(s) dict_keys(['example_params_trigger_ui']) retrieved from /home/airflow/.local/lib/python3.8/site-packages/airflow/example_dags/example_params_trigger_ui.py
[2024-04-25T13:32:21.738+0000] {logging_mixin.py:154} INFO - [2024-04-25T13:32:21.737+0000] {dag.py:2941} INFO - Sync 1 DAGs
[2024-04-25T13:32:21.764+0000] {logging_mixin.py:154} INFO - [2024-04-25T13:32:21.763+0000] {dag.py:3722} INFO - Setting next_dagrun for example_params_trigger_ui to None, run_after=None
[2024-04-25T13:32:21.799+0000] {processor.py:179} INFO - Processing /home/airflow/.local/lib/python3.8/site-packages/airflow/example_dags/example_params_trigger_ui.py took 0.189 seconds
[2024-04-25T13:32:52.137+0000] {processor.py:157} INFO - Started process (PID=2924) to work on /home/airflow/.local/lib/python3.8/site-packages/airflow/example_dags/example_params_trigger_ui.py
[2024-04-25T13:32:52.138+0000] {processor.py:829} INFO - Processing file /home/airflow/.local/lib/python3.8/site-packages/airflow/example_dags/example_params_trigger_ui.py for tasks to queue
[2024-04-25T13:32:52.140+0000] {logging_mixin.py:154} INFO - [2024-04-25T13:32:52.140+0000] {dagbag.py:536} INFO - Filling up the DagBag from /home/airflow/.local/lib/python3.8/site-packages/airflow/example_dags/example_params_trigger_ui.py
[2024-04-25T13:32:52.185+0000] {processor.py:839} INFO - DAG(s) dict_keys(['example_params_trigger_ui']) retrieved from /home/airflow/.local/lib/python3.8/site-packages/airflow/example_dags/example_params_trigger_ui.py
[2024-04-25T13:32:52.285+0000] {logging_mixin.py:154} INFO - [2024-04-25T13:32:52.285+0000] {dag.py:2941} INFO - Sync 1 DAGs
[2024-04-25T13:32:52.305+0000] {logging_mixin.py:154} INFO - [2024-04-25T13:32:52.305+0000] {dag.py:3722} INFO - Setting next_dagrun for example_params_trigger_ui to None, run_after=None
[2024-04-25T13:32:52.336+0000] {processor.py:179} INFO - Processing /home/airflow/.local/lib/python3.8/site-packages/airflow/example_dags/example_params_trigger_ui.py took 0.208 seconds
[2024-04-25T13:33:22.995+0000] {processor.py:157} INFO - Started process (PID=3173) to work on /home/airflow/.local/lib/python3.8/site-packages/airflow/example_dags/example_params_trigger_ui.py
[2024-04-25T13:33:22.998+0000] {processor.py:829} INFO - Processing file /home/airflow/.local/lib/python3.8/site-packages/airflow/example_dags/example_params_trigger_ui.py for tasks to queue
[2024-04-25T13:33:22.999+0000] {logging_mixin.py:154} INFO - [2024-04-25T13:33:22.998+0000] {dagbag.py:536} INFO - Filling up the DagBag from /home/airflow/.local/lib/python3.8/site-packages/airflow/example_dags/example_params_trigger_ui.py
[2024-04-25T13:33:23.038+0000] {processor.py:839} INFO - DAG(s) dict_keys(['example_params_trigger_ui']) retrieved from /home/airflow/.local/lib/python3.8/site-packages/airflow/example_dags/example_params_trigger_ui.py
[2024-04-25T13:33:23.113+0000] {logging_mixin.py:154} INFO - [2024-04-25T13:33:23.112+0000] {dag.py:2941} INFO - Sync 1 DAGs
[2024-04-25T13:33:23.132+0000] {logging_mixin.py:154} INFO - [2024-04-25T13:33:23.132+0000] {dag.py:3722} INFO - Setting next_dagrun for example_params_trigger_ui to None, run_after=None
[2024-04-25T13:33:23.164+0000] {processor.py:179} INFO - Processing /home/airflow/.local/lib/python3.8/site-packages/airflow/example_dags/example_params_trigger_ui.py took 0.176 seconds
[2024-04-25T13:33:54.114+0000] {processor.py:157} INFO - Started process (PID=3420) to work on /home/airflow/.local/lib/python3.8/site-packages/airflow/example_dags/example_params_trigger_ui.py
[2024-04-25T13:33:54.122+0000] {processor.py:829} INFO - Processing file /home/airflow/.local/lib/python3.8/site-packages/airflow/example_dags/example_params_trigger_ui.py for tasks to queue
[2024-04-25T13:33:54.124+0000] {logging_mixin.py:154} INFO - [2024-04-25T13:33:54.123+0000] {dagbag.py:536} INFO - Filling up the DagBag from /home/airflow/.local/lib/python3.8/site-packages/airflow/example_dags/example_params_trigger_ui.py
[2024-04-25T13:33:54.213+0000] {processor.py:839} INFO - DAG(s) dict_keys(['example_params_trigger_ui']) retrieved from /home/airflow/.local/lib/python3.8/site-packages/airflow/example_dags/example_params_trigger_ui.py
[2024-04-25T13:33:54.472+0000] {logging_mixin.py:154} INFO - [2024-04-25T13:33:54.471+0000] {dag.py:2941} INFO - Sync 1 DAGs
[2024-04-25T13:33:54.586+0000] {logging_mixin.py:154} INFO - [2024-04-25T13:33:54.585+0000] {dag.py:3722} INFO - Setting next_dagrun for example_params_trigger_ui to None, run_after=None
[2024-04-25T13:33:54.701+0000] {processor.py:179} INFO - Processing /home/airflow/.local/lib/python3.8/site-packages/airflow/example_dags/example_params_trigger_ui.py took 0.606 seconds
[2024-04-25T13:34:24.893+0000] {processor.py:157} INFO - Started process (PID=3665) to work on /home/airflow/.local/lib/python3.8/site-packages/airflow/example_dags/example_params_trigger_ui.py
[2024-04-25T13:34:24.896+0000] {processor.py:829} INFO - Processing file /home/airflow/.local/lib/python3.8/site-packages/airflow/example_dags/example_params_trigger_ui.py for tasks to queue
[2024-04-25T13:34:24.898+0000] {logging_mixin.py:154} INFO - [2024-04-25T13:34:24.897+0000] {dagbag.py:536} INFO - Filling up the DagBag from /home/airflow/.local/lib/python3.8/site-packages/airflow/example_dags/example_params_trigger_ui.py
[2024-04-25T13:34:24.956+0000] {processor.py:839} INFO - DAG(s) dict_keys(['example_params_trigger_ui']) retrieved from /home/airflow/.local/lib/python3.8/site-packages/airflow/example_dags/example_params_trigger_ui.py
[2024-04-25T13:34:25.109+0000] {logging_mixin.py:154} INFO - [2024-04-25T13:34:25.108+0000] {dag.py:2941} INFO - Sync 1 DAGs
[2024-04-25T13:34:25.148+0000] {logging_mixin.py:154} INFO - [2024-04-25T13:34:25.146+0000] {dag.py:3722} INFO - Setting next_dagrun for example_params_trigger_ui to None, run_after=None
[2024-04-25T13:34:25.207+0000] {processor.py:179} INFO - Processing /home/airflow/.local/lib/python3.8/site-packages/airflow/example_dags/example_params_trigger_ui.py took 0.325 seconds
[2024-04-25T13:34:55.607+0000] {processor.py:157} INFO - Started process (PID=3908) to work on /home/airflow/.local/lib/python3.8/site-packages/airflow/example_dags/example_params_trigger_ui.py
[2024-04-25T13:34:55.611+0000] {processor.py:829} INFO - Processing file /home/airflow/.local/lib/python3.8/site-packages/airflow/example_dags/example_params_trigger_ui.py for tasks to queue
[2024-04-25T13:34:55.613+0000] {logging_mixin.py:154} INFO - [2024-04-25T13:34:55.612+0000] {dagbag.py:536} INFO - Filling up the DagBag from /home/airflow/.local/lib/python3.8/site-packages/airflow/example_dags/example_params_trigger_ui.py
[2024-04-25T13:34:55.639+0000] {processor.py:839} INFO - DAG(s) dict_keys(['example_params_trigger_ui']) retrieved from /home/airflow/.local/lib/python3.8/site-packages/airflow/example_dags/example_params_trigger_ui.py
[2024-04-25T13:34:55.709+0000] {logging_mixin.py:154} INFO - [2024-04-25T13:34:55.709+0000] {dag.py:2941} INFO - Sync 1 DAGs
[2024-04-25T13:34:55.727+0000] {logging_mixin.py:154} INFO - [2024-04-25T13:34:55.727+0000] {dag.py:3722} INFO - Setting next_dagrun for example_params_trigger_ui to None, run_after=None
[2024-04-25T13:34:55.753+0000] {processor.py:179} INFO - Processing /home/airflow/.local/lib/python3.8/site-packages/airflow/example_dags/example_params_trigger_ui.py took 0.152 seconds
[2024-04-25T13:35:26.394+0000] {processor.py:157} INFO - Started process (PID=4150) to work on /home/airflow/.local/lib/python3.8/site-packages/airflow/example_dags/example_params_trigger_ui.py
[2024-04-25T13:35:26.396+0000] {processor.py:829} INFO - Processing file /home/airflow/.local/lib/python3.8/site-packages/airflow/example_dags/example_params_trigger_ui.py for tasks to queue
[2024-04-25T13:35:26.398+0000] {logging_mixin.py:154} INFO - [2024-04-25T13:35:26.397+0000] {dagbag.py:536} INFO - Filling up the DagBag from /home/airflow/.local/lib/python3.8/site-packages/airflow/example_dags/example_params_trigger_ui.py
[2024-04-25T13:35:26.426+0000] {processor.py:839} INFO - DAG(s) dict_keys(['example_params_trigger_ui']) retrieved from /home/airflow/.local/lib/python3.8/site-packages/airflow/example_dags/example_params_trigger_ui.py
[2024-04-25T13:35:26.534+0000] {logging_mixin.py:154} INFO - [2024-04-25T13:35:26.534+0000] {dag.py:2941} INFO - Sync 1 DAGs
[2024-04-25T13:35:26.560+0000] {logging_mixin.py:154} INFO - [2024-04-25T13:35:26.560+0000] {dag.py:3722} INFO - Setting next_dagrun for example_params_trigger_ui to None, run_after=None
[2024-04-25T13:35:26.594+0000] {processor.py:179} INFO - Processing /home/airflow/.local/lib/python3.8/site-packages/airflow/example_dags/example_params_trigger_ui.py took 0.208 seconds
[2024-04-25T13:49:26.243+0000] {processor.py:157} INFO - Started process (PID=243) to work on /home/airflow/.local/lib/python3.8/site-packages/airflow/example_dags/example_params_trigger_ui.py
[2024-04-25T13:49:26.245+0000] {processor.py:829} INFO - Processing file /home/airflow/.local/lib/python3.8/site-packages/airflow/example_dags/example_params_trigger_ui.py for tasks to queue
[2024-04-25T13:49:26.247+0000] {logging_mixin.py:154} INFO - [2024-04-25T13:49:26.246+0000] {dagbag.py:536} INFO - Filling up the DagBag from /home/airflow/.local/lib/python3.8/site-packages/airflow/example_dags/example_params_trigger_ui.py
[2024-04-25T13:49:26.287+0000] {processor.py:839} INFO - DAG(s) dict_keys(['example_params_trigger_ui']) retrieved from /home/airflow/.local/lib/python3.8/site-packages/airflow/example_dags/example_params_trigger_ui.py
[2024-04-25T13:49:26.307+0000] {logging_mixin.py:154} INFO - [2024-04-25T13:49:26.307+0000] {dag.py:2941} INFO - Sync 1 DAGs
[2024-04-25T13:49:26.342+0000] {logging_mixin.py:154} INFO - [2024-04-25T13:49:26.341+0000] {dag.py:3722} INFO - Setting next_dagrun for example_params_trigger_ui to None, run_after=None
[2024-04-25T13:49:26.379+0000] {processor.py:179} INFO - Processing /home/airflow/.local/lib/python3.8/site-packages/airflow/example_dags/example_params_trigger_ui.py took 0.143 seconds
[2024-04-25T13:49:56.916+0000] {processor.py:157} INFO - Started process (PID=487) to work on /home/airflow/.local/lib/python3.8/site-packages/airflow/example_dags/example_params_trigger_ui.py
[2024-04-25T13:49:56.918+0000] {processor.py:829} INFO - Processing file /home/airflow/.local/lib/python3.8/site-packages/airflow/example_dags/example_params_trigger_ui.py for tasks to queue
[2024-04-25T13:49:56.919+0000] {logging_mixin.py:154} INFO - [2024-04-25T13:49:56.919+0000] {dagbag.py:536} INFO - Filling up the DagBag from /home/airflow/.local/lib/python3.8/site-packages/airflow/example_dags/example_params_trigger_ui.py
[2024-04-25T13:49:56.948+0000] {processor.py:839} INFO - DAG(s) dict_keys(['example_params_trigger_ui']) retrieved from /home/airflow/.local/lib/python3.8/site-packages/airflow/example_dags/example_params_trigger_ui.py
[2024-04-25T13:49:57.052+0000] {logging_mixin.py:154} INFO - [2024-04-25T13:49:57.052+0000] {dag.py:2941} INFO - Sync 1 DAGs
[2024-04-25T13:49:57.073+0000] {logging_mixin.py:154} INFO - [2024-04-25T13:49:57.072+0000] {dag.py:3722} INFO - Setting next_dagrun for example_params_trigger_ui to None, run_after=None
[2024-04-25T13:49:57.100+0000] {processor.py:179} INFO - Processing /home/airflow/.local/lib/python3.8/site-packages/airflow/example_dags/example_params_trigger_ui.py took 0.190 seconds
[2024-04-25T13:50:27.791+0000] {processor.py:157} INFO - Started process (PID=730) to work on /home/airflow/.local/lib/python3.8/site-packages/airflow/example_dags/example_params_trigger_ui.py
[2024-04-25T13:50:27.792+0000] {processor.py:829} INFO - Processing file /home/airflow/.local/lib/python3.8/site-packages/airflow/example_dags/example_params_trigger_ui.py for tasks to queue
[2024-04-25T13:50:27.794+0000] {logging_mixin.py:154} INFO - [2024-04-25T13:50:27.793+0000] {dagbag.py:536} INFO - Filling up the DagBag from /home/airflow/.local/lib/python3.8/site-packages/airflow/example_dags/example_params_trigger_ui.py
[2024-04-25T13:50:27.822+0000] {processor.py:839} INFO - DAG(s) dict_keys(['example_params_trigger_ui']) retrieved from /home/airflow/.local/lib/python3.8/site-packages/airflow/example_dags/example_params_trigger_ui.py
[2024-04-25T13:50:27.912+0000] {logging_mixin.py:154} INFO - [2024-04-25T13:50:27.911+0000] {dag.py:2941} INFO - Sync 1 DAGs
[2024-04-25T13:50:27.940+0000] {logging_mixin.py:154} INFO - [2024-04-25T13:50:27.940+0000] {dag.py:3722} INFO - Setting next_dagrun for example_params_trigger_ui to None, run_after=None
[2024-04-25T13:50:27.968+0000] {processor.py:179} INFO - Processing /home/airflow/.local/lib/python3.8/site-packages/airflow/example_dags/example_params_trigger_ui.py took 0.185 seconds
[2024-04-25T13:50:59.060+0000] {processor.py:157} INFO - Started process (PID=973) to work on /home/airflow/.local/lib/python3.8/site-packages/airflow/example_dags/example_params_trigger_ui.py
[2024-04-25T13:50:59.062+0000] {processor.py:829} INFO - Processing file /home/airflow/.local/lib/python3.8/site-packages/airflow/example_dags/example_params_trigger_ui.py for tasks to queue
[2024-04-25T13:50:59.063+0000] {logging_mixin.py:154} INFO - [2024-04-25T13:50:59.063+0000] {dagbag.py:536} INFO - Filling up the DagBag from /home/airflow/.local/lib/python3.8/site-packages/airflow/example_dags/example_params_trigger_ui.py
[2024-04-25T13:50:59.089+0000] {processor.py:839} INFO - DAG(s) dict_keys(['example_params_trigger_ui']) retrieved from /home/airflow/.local/lib/python3.8/site-packages/airflow/example_dags/example_params_trigger_ui.py
[2024-04-25T13:50:59.183+0000] {logging_mixin.py:154} INFO - [2024-04-25T13:50:59.182+0000] {dag.py:2941} INFO - Sync 1 DAGs
[2024-04-25T13:50:59.207+0000] {logging_mixin.py:154} INFO - [2024-04-25T13:50:59.207+0000] {dag.py:3722} INFO - Setting next_dagrun for example_params_trigger_ui to None, run_after=None
[2024-04-25T13:50:59.242+0000] {processor.py:179} INFO - Processing /home/airflow/.local/lib/python3.8/site-packages/airflow/example_dags/example_params_trigger_ui.py took 0.188 seconds
[2024-04-25T13:51:29.565+0000] {processor.py:157} INFO - Started process (PID=1216) to work on /home/airflow/.local/lib/python3.8/site-packages/airflow/example_dags/example_params_trigger_ui.py
[2024-04-25T13:51:29.567+0000] {processor.py:829} INFO - Processing file /home/airflow/.local/lib/python3.8/site-packages/airflow/example_dags/example_params_trigger_ui.py for tasks to queue
[2024-04-25T13:51:29.568+0000] {logging_mixin.py:154} INFO - [2024-04-25T13:51:29.568+0000] {dagbag.py:536} INFO - Filling up the DagBag from /home/airflow/.local/lib/python3.8/site-packages/airflow/example_dags/example_params_trigger_ui.py
[2024-04-25T13:51:29.595+0000] {processor.py:839} INFO - DAG(s) dict_keys(['example_params_trigger_ui']) retrieved from /home/airflow/.local/lib/python3.8/site-packages/airflow/example_dags/example_params_trigger_ui.py
[2024-04-25T13:51:29.668+0000] {logging_mixin.py:154} INFO - [2024-04-25T13:51:29.668+0000] {dag.py:2941} INFO - Sync 1 DAGs
[2024-04-25T13:51:29.687+0000] {logging_mixin.py:154} INFO - [2024-04-25T13:51:29.687+0000] {dag.py:3722} INFO - Setting next_dagrun for example_params_trigger_ui to None, run_after=None
[2024-04-25T13:51:29.714+0000] {processor.py:179} INFO - Processing /home/airflow/.local/lib/python3.8/site-packages/airflow/example_dags/example_params_trigger_ui.py took 0.155 seconds
[2024-04-25T13:52:00.113+0000] {processor.py:157} INFO - Started process (PID=1459) to work on /home/airflow/.local/lib/python3.8/site-packages/airflow/example_dags/example_params_trigger_ui.py
[2024-04-25T13:52:00.114+0000] {processor.py:829} INFO - Processing file /home/airflow/.local/lib/python3.8/site-packages/airflow/example_dags/example_params_trigger_ui.py for tasks to queue
[2024-04-25T13:52:00.116+0000] {logging_mixin.py:154} INFO - [2024-04-25T13:52:00.115+0000] {dagbag.py:536} INFO - Filling up the DagBag from /home/airflow/.local/lib/python3.8/site-packages/airflow/example_dags/example_params_trigger_ui.py
[2024-04-25T13:52:00.152+0000] {processor.py:839} INFO - DAG(s) dict_keys(['example_params_trigger_ui']) retrieved from /home/airflow/.local/lib/python3.8/site-packages/airflow/example_dags/example_params_trigger_ui.py
[2024-04-25T13:52:00.232+0000] {logging_mixin.py:154} INFO - [2024-04-25T13:52:00.231+0000] {dag.py:2941} INFO - Sync 1 DAGs
[2024-04-25T13:52:00.252+0000] {logging_mixin.py:154} INFO - [2024-04-25T13:52:00.251+0000] {dag.py:3722} INFO - Setting next_dagrun for example_params_trigger_ui to None, run_after=None
[2024-04-25T13:52:00.282+0000] {processor.py:179} INFO - Processing /home/airflow/.local/lib/python3.8/site-packages/airflow/example_dags/example_params_trigger_ui.py took 0.176 seconds
[2024-04-25T13:52:31.282+0000] {processor.py:157} INFO - Started process (PID=1708) to work on /home/airflow/.local/lib/python3.8/site-packages/airflow/example_dags/example_params_trigger_ui.py
[2024-04-25T13:52:31.284+0000] {processor.py:829} INFO - Processing file /home/airflow/.local/lib/python3.8/site-packages/airflow/example_dags/example_params_trigger_ui.py for tasks to queue
[2024-04-25T13:52:31.286+0000] {logging_mixin.py:154} INFO - [2024-04-25T13:52:31.286+0000] {dagbag.py:536} INFO - Filling up the DagBag from /home/airflow/.local/lib/python3.8/site-packages/airflow/example_dags/example_params_trigger_ui.py
[2024-04-25T13:52:31.324+0000] {processor.py:839} INFO - DAG(s) dict_keys(['example_params_trigger_ui']) retrieved from /home/airflow/.local/lib/python3.8/site-packages/airflow/example_dags/example_params_trigger_ui.py
[2024-04-25T13:52:31.429+0000] {logging_mixin.py:154} INFO - [2024-04-25T13:52:31.429+0000] {dag.py:2941} INFO - Sync 1 DAGs
[2024-04-25T13:52:31.448+0000] {logging_mixin.py:154} INFO - [2024-04-25T13:52:31.447+0000] {dag.py:3722} INFO - Setting next_dagrun for example_params_trigger_ui to None, run_after=None
[2024-04-25T13:52:31.487+0000] {processor.py:179} INFO - Processing /home/airflow/.local/lib/python3.8/site-packages/airflow/example_dags/example_params_trigger_ui.py took 0.210 seconds
[2024-04-25T13:53:02.005+0000] {processor.py:157} INFO - Started process (PID=1952) to work on /home/airflow/.local/lib/python3.8/site-packages/airflow/example_dags/example_params_trigger_ui.py
[2024-04-25T13:53:02.008+0000] {processor.py:829} INFO - Processing file /home/airflow/.local/lib/python3.8/site-packages/airflow/example_dags/example_params_trigger_ui.py for tasks to queue
[2024-04-25T13:53:02.010+0000] {logging_mixin.py:154} INFO - [2024-04-25T13:53:02.009+0000] {dagbag.py:536} INFO - Filling up the DagBag from /home/airflow/.local/lib/python3.8/site-packages/airflow/example_dags/example_params_trigger_ui.py
[2024-04-25T13:53:02.057+0000] {processor.py:839} INFO - DAG(s) dict_keys(['example_params_trigger_ui']) retrieved from /home/airflow/.local/lib/python3.8/site-packages/airflow/example_dags/example_params_trigger_ui.py
[2024-04-25T13:53:02.205+0000] {logging_mixin.py:154} INFO - [2024-04-25T13:53:02.204+0000] {dag.py:2941} INFO - Sync 1 DAGs
[2024-04-25T13:53:02.232+0000] {logging_mixin.py:154} INFO - [2024-04-25T13:53:02.232+0000] {dag.py:3722} INFO - Setting next_dagrun for example_params_trigger_ui to None, run_after=None
[2024-04-25T13:53:02.271+0000] {processor.py:179} INFO - Processing /home/airflow/.local/lib/python3.8/site-packages/airflow/example_dags/example_params_trigger_ui.py took 0.274 seconds
[2024-04-25T13:53:32.789+0000] {processor.py:157} INFO - Started process (PID=2197) to work on /home/airflow/.local/lib/python3.8/site-packages/airflow/example_dags/example_params_trigger_ui.py
[2024-04-25T13:53:32.791+0000] {processor.py:829} INFO - Processing file /home/airflow/.local/lib/python3.8/site-packages/airflow/example_dags/example_params_trigger_ui.py for tasks to queue
[2024-04-25T13:53:32.792+0000] {logging_mixin.py:154} INFO - [2024-04-25T13:53:32.792+0000] {dagbag.py:536} INFO - Filling up the DagBag from /home/airflow/.local/lib/python3.8/site-packages/airflow/example_dags/example_params_trigger_ui.py
[2024-04-25T13:53:32.817+0000] {processor.py:839} INFO - DAG(s) dict_keys(['example_params_trigger_ui']) retrieved from /home/airflow/.local/lib/python3.8/site-packages/airflow/example_dags/example_params_trigger_ui.py
[2024-04-25T13:53:32.886+0000] {logging_mixin.py:154} INFO - [2024-04-25T13:53:32.885+0000] {dag.py:2941} INFO - Sync 1 DAGs
[2024-04-25T13:53:32.905+0000] {logging_mixin.py:154} INFO - [2024-04-25T13:53:32.905+0000] {dag.py:3722} INFO - Setting next_dagrun for example_params_trigger_ui to None, run_after=None
[2024-04-25T13:53:32.932+0000] {processor.py:179} INFO - Processing /home/airflow/.local/lib/python3.8/site-packages/airflow/example_dags/example_params_trigger_ui.py took 0.148 seconds
