[2024-04-25T12:38:03.661+0000] {processor.py:157} INFO - Started process (PID=313) to work on /home/airflow/.local/lib/python3.8/site-packages/airflow/example_dags/tutorial.py
[2024-04-25T12:38:03.663+0000] {processor.py:829} INFO - Processing file /home/airflow/.local/lib/python3.8/site-packages/airflow/example_dags/tutorial.py for tasks to queue
[2024-04-25T12:38:03.664+0000] {logging_mixin.py:154} INFO - [2024-04-25T12:38:03.663+0000] {dagbag.py:536} INFO - Filling up the DagBag from /home/airflow/.local/lib/python3.8/site-packages/airflow/example_dags/tutorial.py
[2024-04-25T12:38:03.679+0000] {processor.py:839} INFO - DAG(s) dict_keys(['tutorial']) retrieved from /home/airflow/.local/lib/python3.8/site-packages/airflow/example_dags/tutorial.py
[2024-04-25T12:38:03.874+0000] {logging_mixin.py:154} INFO - [2024-04-25T12:38:03.874+0000] {manager.py:499} INFO - Created Permission View: %s
[2024-04-25T12:38:03.895+0000] {logging_mixin.py:154} INFO - [2024-04-25T12:38:03.894+0000] {manager.py:499} INFO - Created Permission View: %s
[2024-04-25T12:38:03.912+0000] {logging_mixin.py:154} INFO - [2024-04-25T12:38:03.911+0000] {manager.py:499} INFO - Created Permission View: %s
[2024-04-25T12:38:03.912+0000] {logging_mixin.py:154} INFO - [2024-04-25T12:38:03.912+0000] {dag.py:2941} INFO - Sync 1 DAGs
[2024-04-25T12:38:03.936+0000] {logging_mixin.py:154} INFO - [2024-04-25T12:38:03.936+0000] {dag.py:2963} INFO - Creating ORM DAG for tutorial
[2024-04-25T12:38:03.951+0000] {logging_mixin.py:154} INFO - [2024-04-25T12:38:03.951+0000] {dag.py:3722} INFO - Setting next_dagrun for tutorial to 2024-04-24T12:38:03.950596+00:00, run_after=2024-04-25T12:38:03.950596+00:00
[2024-04-25T12:38:03.986+0000] {processor.py:179} INFO - Processing /home/airflow/.local/lib/python3.8/site-packages/airflow/example_dags/tutorial.py took 0.331 seconds
[2024-04-25T12:38:34.592+0000] {processor.py:157} INFO - Started process (PID=556) to work on /home/airflow/.local/lib/python3.8/site-packages/airflow/example_dags/tutorial.py
[2024-04-25T12:38:34.594+0000] {processor.py:829} INFO - Processing file /home/airflow/.local/lib/python3.8/site-packages/airflow/example_dags/tutorial.py for tasks to queue
[2024-04-25T12:38:34.595+0000] {logging_mixin.py:154} INFO - [2024-04-25T12:38:34.594+0000] {dagbag.py:536} INFO - Filling up the DagBag from /home/airflow/.local/lib/python3.8/site-packages/airflow/example_dags/tutorial.py
[2024-04-25T12:38:34.607+0000] {processor.py:839} INFO - DAG(s) dict_keys(['tutorial']) retrieved from /home/airflow/.local/lib/python3.8/site-packages/airflow/example_dags/tutorial.py
[2024-04-25T12:38:34.647+0000] {logging_mixin.py:154} INFO - [2024-04-25T12:38:34.646+0000] {dag.py:2941} INFO - Sync 1 DAGs
[2024-04-25T12:38:34.689+0000] {logging_mixin.py:154} INFO - [2024-04-25T12:38:34.689+0000] {dag.py:3722} INFO - Setting next_dagrun for tutorial to 2024-04-24T12:38:34.688731+00:00, run_after=2024-04-25T12:38:34.688731+00:00
[2024-04-25T12:38:34.725+0000] {processor.py:179} INFO - Processing /home/airflow/.local/lib/python3.8/site-packages/airflow/example_dags/tutorial.py took 0.141 seconds
[2024-04-25T12:39:04.994+0000] {processor.py:157} INFO - Started process (PID=800) to work on /home/airflow/.local/lib/python3.8/site-packages/airflow/example_dags/tutorial.py
[2024-04-25T12:39:04.997+0000] {processor.py:829} INFO - Processing file /home/airflow/.local/lib/python3.8/site-packages/airflow/example_dags/tutorial.py for tasks to queue
[2024-04-25T12:39:04.998+0000] {logging_mixin.py:154} INFO - [2024-04-25T12:39:04.998+0000] {dagbag.py:536} INFO - Filling up the DagBag from /home/airflow/.local/lib/python3.8/site-packages/airflow/example_dags/tutorial.py
[2024-04-25T12:39:05.009+0000] {processor.py:839} INFO - DAG(s) dict_keys(['tutorial']) retrieved from /home/airflow/.local/lib/python3.8/site-packages/airflow/example_dags/tutorial.py
[2024-04-25T12:39:05.046+0000] {logging_mixin.py:154} INFO - [2024-04-25T12:39:05.046+0000] {dag.py:2941} INFO - Sync 1 DAGs
[2024-04-25T12:39:05.085+0000] {logging_mixin.py:154} INFO - [2024-04-25T12:39:05.084+0000] {dag.py:3722} INFO - Setting next_dagrun for tutorial to 2024-04-24T12:39:05.084355+00:00, run_after=2024-04-25T12:39:05.084355+00:00
[2024-04-25T12:39:05.114+0000] {processor.py:179} INFO - Processing /home/airflow/.local/lib/python3.8/site-packages/airflow/example_dags/tutorial.py took 0.127 seconds
[2024-04-25T12:39:35.396+0000] {processor.py:157} INFO - Started process (PID=1043) to work on /home/airflow/.local/lib/python3.8/site-packages/airflow/example_dags/tutorial.py
[2024-04-25T12:39:35.397+0000] {processor.py:829} INFO - Processing file /home/airflow/.local/lib/python3.8/site-packages/airflow/example_dags/tutorial.py for tasks to queue
[2024-04-25T12:39:35.399+0000] {logging_mixin.py:154} INFO - [2024-04-25T12:39:35.398+0000] {dagbag.py:536} INFO - Filling up the DagBag from /home/airflow/.local/lib/python3.8/site-packages/airflow/example_dags/tutorial.py
[2024-04-25T12:39:35.409+0000] {processor.py:839} INFO - DAG(s) dict_keys(['tutorial']) retrieved from /home/airflow/.local/lib/python3.8/site-packages/airflow/example_dags/tutorial.py
[2024-04-25T12:39:35.441+0000] {logging_mixin.py:154} INFO - [2024-04-25T12:39:35.441+0000] {dag.py:2941} INFO - Sync 1 DAGs
[2024-04-25T12:39:35.470+0000] {logging_mixin.py:154} INFO - [2024-04-25T12:39:35.470+0000] {dag.py:3722} INFO - Setting next_dagrun for tutorial to 2024-04-24T12:39:35.470053+00:00, run_after=2024-04-25T12:39:35.470053+00:00
[2024-04-25T12:39:35.495+0000] {processor.py:179} INFO - Processing /home/airflow/.local/lib/python3.8/site-packages/airflow/example_dags/tutorial.py took 0.105 seconds
[2024-04-25T12:40:05.748+0000] {processor.py:157} INFO - Started process (PID=1286) to work on /home/airflow/.local/lib/python3.8/site-packages/airflow/example_dags/tutorial.py
[2024-04-25T12:40:05.750+0000] {processor.py:829} INFO - Processing file /home/airflow/.local/lib/python3.8/site-packages/airflow/example_dags/tutorial.py for tasks to queue
[2024-04-25T12:40:05.751+0000] {logging_mixin.py:154} INFO - [2024-04-25T12:40:05.750+0000] {dagbag.py:536} INFO - Filling up the DagBag from /home/airflow/.local/lib/python3.8/site-packages/airflow/example_dags/tutorial.py
[2024-04-25T12:40:05.761+0000] {processor.py:839} INFO - DAG(s) dict_keys(['tutorial']) retrieved from /home/airflow/.local/lib/python3.8/site-packages/airflow/example_dags/tutorial.py
[2024-04-25T12:40:05.796+0000] {logging_mixin.py:154} INFO - [2024-04-25T12:40:05.795+0000] {dag.py:2941} INFO - Sync 1 DAGs
[2024-04-25T12:40:05.830+0000] {logging_mixin.py:154} INFO - [2024-04-25T12:40:05.830+0000] {dag.py:3722} INFO - Setting next_dagrun for tutorial to 2024-04-24T12:40:05.829666+00:00, run_after=2024-04-25T12:40:05.829666+00:00
[2024-04-25T12:40:05.861+0000] {processor.py:179} INFO - Processing /home/airflow/.local/lib/python3.8/site-packages/airflow/example_dags/tutorial.py took 0.119 seconds
[2024-04-25T12:40:36.393+0000] {processor.py:157} INFO - Started process (PID=1529) to work on /home/airflow/.local/lib/python3.8/site-packages/airflow/example_dags/tutorial.py
[2024-04-25T12:40:36.395+0000] {processor.py:829} INFO - Processing file /home/airflow/.local/lib/python3.8/site-packages/airflow/example_dags/tutorial.py for tasks to queue
[2024-04-25T12:40:36.396+0000] {logging_mixin.py:154} INFO - [2024-04-25T12:40:36.396+0000] {dagbag.py:536} INFO - Filling up the DagBag from /home/airflow/.local/lib/python3.8/site-packages/airflow/example_dags/tutorial.py
[2024-04-25T12:40:36.407+0000] {processor.py:839} INFO - DAG(s) dict_keys(['tutorial']) retrieved from /home/airflow/.local/lib/python3.8/site-packages/airflow/example_dags/tutorial.py
[2024-04-25T12:40:36.441+0000] {logging_mixin.py:154} INFO - [2024-04-25T12:40:36.441+0000] {dag.py:2941} INFO - Sync 1 DAGs
[2024-04-25T12:40:36.476+0000] {logging_mixin.py:154} INFO - [2024-04-25T12:40:36.475+0000] {dag.py:3722} INFO - Setting next_dagrun for tutorial to 2024-04-24T12:40:36.475387+00:00, run_after=2024-04-25T12:40:36.475387+00:00
[2024-04-25T12:40:36.510+0000] {processor.py:179} INFO - Processing /home/airflow/.local/lib/python3.8/site-packages/airflow/example_dags/tutorial.py took 0.125 seconds
[2024-04-25T12:41:07.294+0000] {processor.py:157} INFO - Started process (PID=1772) to work on /home/airflow/.local/lib/python3.8/site-packages/airflow/example_dags/tutorial.py
[2024-04-25T12:41:07.296+0000] {processor.py:829} INFO - Processing file /home/airflow/.local/lib/python3.8/site-packages/airflow/example_dags/tutorial.py for tasks to queue
[2024-04-25T12:41:07.298+0000] {logging_mixin.py:154} INFO - [2024-04-25T12:41:07.297+0000] {dagbag.py:536} INFO - Filling up the DagBag from /home/airflow/.local/lib/python3.8/site-packages/airflow/example_dags/tutorial.py
[2024-04-25T12:41:07.311+0000] {processor.py:839} INFO - DAG(s) dict_keys(['tutorial']) retrieved from /home/airflow/.local/lib/python3.8/site-packages/airflow/example_dags/tutorial.py
[2024-04-25T12:41:07.342+0000] {logging_mixin.py:154} INFO - [2024-04-25T12:41:07.342+0000] {dag.py:2941} INFO - Sync 1 DAGs
[2024-04-25T12:41:07.372+0000] {logging_mixin.py:154} INFO - [2024-04-25T12:41:07.372+0000] {dag.py:3722} INFO - Setting next_dagrun for tutorial to 2024-04-24T12:41:07.371814+00:00, run_after=2024-04-25T12:41:07.371814+00:00
[2024-04-25T12:41:07.401+0000] {processor.py:179} INFO - Processing /home/airflow/.local/lib/python3.8/site-packages/airflow/example_dags/tutorial.py took 0.115 seconds
[2024-04-25T12:41:37.990+0000] {processor.py:157} INFO - Started process (PID=2015) to work on /home/airflow/.local/lib/python3.8/site-packages/airflow/example_dags/tutorial.py
[2024-04-25T12:41:37.991+0000] {processor.py:829} INFO - Processing file /home/airflow/.local/lib/python3.8/site-packages/airflow/example_dags/tutorial.py for tasks to queue
[2024-04-25T12:41:37.992+0000] {logging_mixin.py:154} INFO - [2024-04-25T12:41:37.992+0000] {dagbag.py:536} INFO - Filling up the DagBag from /home/airflow/.local/lib/python3.8/site-packages/airflow/example_dags/tutorial.py
[2024-04-25T12:41:38.005+0000] {processor.py:839} INFO - DAG(s) dict_keys(['tutorial']) retrieved from /home/airflow/.local/lib/python3.8/site-packages/airflow/example_dags/tutorial.py
[2024-04-25T12:41:38.040+0000] {logging_mixin.py:154} INFO - [2024-04-25T12:41:38.040+0000] {dag.py:2941} INFO - Sync 1 DAGs
[2024-04-25T12:41:38.076+0000] {logging_mixin.py:154} INFO - [2024-04-25T12:41:38.075+0000] {dag.py:3722} INFO - Setting next_dagrun for tutorial to 2024-04-24T12:41:38.075447+00:00, run_after=2024-04-25T12:41:38.075447+00:00
[2024-04-25T12:41:38.111+0000] {processor.py:179} INFO - Processing /home/airflow/.local/lib/python3.8/site-packages/airflow/example_dags/tutorial.py took 0.129 seconds
[2024-04-25T12:42:08.355+0000] {processor.py:157} INFO - Started process (PID=2266) to work on /home/airflow/.local/lib/python3.8/site-packages/airflow/example_dags/tutorial.py
[2024-04-25T12:42:08.358+0000] {processor.py:829} INFO - Processing file /home/airflow/.local/lib/python3.8/site-packages/airflow/example_dags/tutorial.py for tasks to queue
[2024-04-25T12:42:08.360+0000] {logging_mixin.py:154} INFO - [2024-04-25T12:42:08.359+0000] {dagbag.py:536} INFO - Filling up the DagBag from /home/airflow/.local/lib/python3.8/site-packages/airflow/example_dags/tutorial.py
[2024-04-25T12:42:08.374+0000] {processor.py:839} INFO - DAG(s) dict_keys(['tutorial']) retrieved from /home/airflow/.local/lib/python3.8/site-packages/airflow/example_dags/tutorial.py
[2024-04-25T12:42:08.419+0000] {logging_mixin.py:154} INFO - [2024-04-25T12:42:08.418+0000] {dag.py:2941} INFO - Sync 1 DAGs
[2024-04-25T12:42:08.466+0000] {logging_mixin.py:154} INFO - [2024-04-25T12:42:08.465+0000] {dag.py:3722} INFO - Setting next_dagrun for tutorial to 2024-04-24T12:42:08.465637+00:00, run_after=2024-04-25T12:42:08.465637+00:00
[2024-04-25T12:42:08.497+0000] {processor.py:179} INFO - Processing /home/airflow/.local/lib/python3.8/site-packages/airflow/example_dags/tutorial.py took 0.149 seconds
[2024-04-25T12:42:38.880+0000] {processor.py:157} INFO - Started process (PID=2510) to work on /home/airflow/.local/lib/python3.8/site-packages/airflow/example_dags/tutorial.py
[2024-04-25T12:42:38.881+0000] {processor.py:829} INFO - Processing file /home/airflow/.local/lib/python3.8/site-packages/airflow/example_dags/tutorial.py for tasks to queue
[2024-04-25T12:42:38.882+0000] {logging_mixin.py:154} INFO - [2024-04-25T12:42:38.881+0000] {dagbag.py:536} INFO - Filling up the DagBag from /home/airflow/.local/lib/python3.8/site-packages/airflow/example_dags/tutorial.py
[2024-04-25T12:42:38.895+0000] {processor.py:839} INFO - DAG(s) dict_keys(['tutorial']) retrieved from /home/airflow/.local/lib/python3.8/site-packages/airflow/example_dags/tutorial.py
[2024-04-25T12:42:38.938+0000] {logging_mixin.py:154} INFO - [2024-04-25T12:42:38.938+0000] {dag.py:2941} INFO - Sync 1 DAGs
[2024-04-25T12:42:38.973+0000] {logging_mixin.py:154} INFO - [2024-04-25T12:42:38.972+0000] {dag.py:3722} INFO - Setting next_dagrun for tutorial to 2024-04-24T12:42:38.972420+00:00, run_after=2024-04-25T12:42:38.972420+00:00
[2024-04-25T12:42:39.012+0000] {processor.py:179} INFO - Processing /home/airflow/.local/lib/python3.8/site-packages/airflow/example_dags/tutorial.py took 0.138 seconds
[2024-04-25T12:43:09.768+0000] {processor.py:157} INFO - Started process (PID=2753) to work on /home/airflow/.local/lib/python3.8/site-packages/airflow/example_dags/tutorial.py
[2024-04-25T12:43:09.771+0000] {processor.py:829} INFO - Processing file /home/airflow/.local/lib/python3.8/site-packages/airflow/example_dags/tutorial.py for tasks to queue
[2024-04-25T12:43:09.772+0000] {logging_mixin.py:154} INFO - [2024-04-25T12:43:09.771+0000] {dagbag.py:536} INFO - Filling up the DagBag from /home/airflow/.local/lib/python3.8/site-packages/airflow/example_dags/tutorial.py
[2024-04-25T12:43:09.783+0000] {processor.py:839} INFO - DAG(s) dict_keys(['tutorial']) retrieved from /home/airflow/.local/lib/python3.8/site-packages/airflow/example_dags/tutorial.py
[2024-04-25T12:43:09.817+0000] {logging_mixin.py:154} INFO - [2024-04-25T12:43:09.817+0000] {dag.py:2941} INFO - Sync 1 DAGs
[2024-04-25T12:43:09.856+0000] {logging_mixin.py:154} INFO - [2024-04-25T12:43:09.856+0000] {dag.py:3722} INFO - Setting next_dagrun for tutorial to 2024-04-24T12:43:09.855949+00:00, run_after=2024-04-25T12:43:09.855949+00:00
[2024-04-25T12:43:09.890+0000] {processor.py:179} INFO - Processing /home/airflow/.local/lib/python3.8/site-packages/airflow/example_dags/tutorial.py took 0.128 seconds
[2024-04-25T12:43:42.368+0000] {processor.py:157} INFO - Started process (PID=3008) to work on /home/airflow/.local/lib/python3.8/site-packages/airflow/example_dags/tutorial.py
[2024-04-25T12:43:42.376+0000] {processor.py:829} INFO - Processing file /home/airflow/.local/lib/python3.8/site-packages/airflow/example_dags/tutorial.py for tasks to queue
[2024-04-25T12:43:42.378+0000] {logging_mixin.py:154} INFO - [2024-04-25T12:43:42.377+0000] {dagbag.py:536} INFO - Filling up the DagBag from /home/airflow/.local/lib/python3.8/site-packages/airflow/example_dags/tutorial.py
[2024-04-25T12:43:42.429+0000] {processor.py:839} INFO - DAG(s) dict_keys(['tutorial']) retrieved from /home/airflow/.local/lib/python3.8/site-packages/airflow/example_dags/tutorial.py
[2024-04-25T12:43:42.501+0000] {logging_mixin.py:154} INFO - [2024-04-25T12:43:42.501+0000] {dag.py:2941} INFO - Sync 1 DAGs
[2024-04-25T12:43:42.557+0000] {logging_mixin.py:154} INFO - [2024-04-25T12:43:42.557+0000] {dag.py:3722} INFO - Setting next_dagrun for tutorial to 2024-04-24T12:43:42.556939+00:00, run_after=2024-04-25T12:43:42.556939+00:00
[2024-04-25T12:43:42.607+0000] {processor.py:179} INFO - Processing /home/airflow/.local/lib/python3.8/site-packages/airflow/example_dags/tutorial.py took 0.254 seconds
[2024-04-25T12:44:13.629+0000] {processor.py:157} INFO - Started process (PID=3258) to work on /home/airflow/.local/lib/python3.8/site-packages/airflow/example_dags/tutorial.py
[2024-04-25T12:44:13.632+0000] {processor.py:829} INFO - Processing file /home/airflow/.local/lib/python3.8/site-packages/airflow/example_dags/tutorial.py for tasks to queue
[2024-04-25T12:44:13.634+0000] {logging_mixin.py:154} INFO - [2024-04-25T12:44:13.633+0000] {dagbag.py:536} INFO - Filling up the DagBag from /home/airflow/.local/lib/python3.8/site-packages/airflow/example_dags/tutorial.py
[2024-04-25T12:44:13.657+0000] {processor.py:839} INFO - DAG(s) dict_keys(['tutorial']) retrieved from /home/airflow/.local/lib/python3.8/site-packages/airflow/example_dags/tutorial.py
[2024-04-25T12:44:13.702+0000] {logging_mixin.py:154} INFO - [2024-04-25T12:44:13.702+0000] {dag.py:2941} INFO - Sync 1 DAGs
[2024-04-25T12:44:13.748+0000] {logging_mixin.py:154} INFO - [2024-04-25T12:44:13.748+0000] {dag.py:3722} INFO - Setting next_dagrun for tutorial to 2024-04-24T12:44:13.748029+00:00, run_after=2024-04-25T12:44:13.748029+00:00
[2024-04-25T12:44:13.789+0000] {processor.py:179} INFO - Processing /home/airflow/.local/lib/python3.8/site-packages/airflow/example_dags/tutorial.py took 0.172 seconds
[2024-04-25T12:44:43.922+0000] {processor.py:157} INFO - Started process (PID=3501) to work on /home/airflow/.local/lib/python3.8/site-packages/airflow/example_dags/tutorial.py
[2024-04-25T12:44:43.925+0000] {processor.py:829} INFO - Processing file /home/airflow/.local/lib/python3.8/site-packages/airflow/example_dags/tutorial.py for tasks to queue
[2024-04-25T12:44:43.926+0000] {logging_mixin.py:154} INFO - [2024-04-25T12:44:43.926+0000] {dagbag.py:536} INFO - Filling up the DagBag from /home/airflow/.local/lib/python3.8/site-packages/airflow/example_dags/tutorial.py
[2024-04-25T12:44:43.941+0000] {processor.py:839} INFO - DAG(s) dict_keys(['tutorial']) retrieved from /home/airflow/.local/lib/python3.8/site-packages/airflow/example_dags/tutorial.py
[2024-04-25T12:44:43.980+0000] {logging_mixin.py:154} INFO - [2024-04-25T12:44:43.980+0000] {dag.py:2941} INFO - Sync 1 DAGs
[2024-04-25T12:44:44.018+0000] {logging_mixin.py:154} INFO - [2024-04-25T12:44:44.017+0000] {dag.py:3722} INFO - Setting next_dagrun for tutorial to 2024-04-24T12:44:44.017600+00:00, run_after=2024-04-25T12:44:44.017600+00:00
[2024-04-25T12:44:44.048+0000] {processor.py:179} INFO - Processing /home/airflow/.local/lib/python3.8/site-packages/airflow/example_dags/tutorial.py took 0.132 seconds
[2024-04-25T12:45:14.808+0000] {processor.py:157} INFO - Started process (PID=3745) to work on /home/airflow/.local/lib/python3.8/site-packages/airflow/example_dags/tutorial.py
[2024-04-25T12:45:14.810+0000] {processor.py:829} INFO - Processing file /home/airflow/.local/lib/python3.8/site-packages/airflow/example_dags/tutorial.py for tasks to queue
[2024-04-25T12:45:14.811+0000] {logging_mixin.py:154} INFO - [2024-04-25T12:45:14.811+0000] {dagbag.py:536} INFO - Filling up the DagBag from /home/airflow/.local/lib/python3.8/site-packages/airflow/example_dags/tutorial.py
[2024-04-25T12:45:14.823+0000] {processor.py:839} INFO - DAG(s) dict_keys(['tutorial']) retrieved from /home/airflow/.local/lib/python3.8/site-packages/airflow/example_dags/tutorial.py
[2024-04-25T12:45:14.858+0000] {logging_mixin.py:154} INFO - [2024-04-25T12:45:14.858+0000] {dag.py:2941} INFO - Sync 1 DAGs
[2024-04-25T12:45:14.889+0000] {logging_mixin.py:154} INFO - [2024-04-25T12:45:14.888+0000] {dag.py:3722} INFO - Setting next_dagrun for tutorial to 2024-04-24T12:45:14.888397+00:00, run_after=2024-04-25T12:45:14.888397+00:00
[2024-04-25T12:45:14.915+0000] {processor.py:179} INFO - Processing /home/airflow/.local/lib/python3.8/site-packages/airflow/example_dags/tutorial.py took 0.113 seconds
[2024-04-25T12:45:45.964+0000] {processor.py:157} INFO - Started process (PID=3988) to work on /home/airflow/.local/lib/python3.8/site-packages/airflow/example_dags/tutorial.py
[2024-04-25T12:45:45.966+0000] {processor.py:829} INFO - Processing file /home/airflow/.local/lib/python3.8/site-packages/airflow/example_dags/tutorial.py for tasks to queue
[2024-04-25T12:45:45.968+0000] {logging_mixin.py:154} INFO - [2024-04-25T12:45:45.967+0000] {dagbag.py:536} INFO - Filling up the DagBag from /home/airflow/.local/lib/python3.8/site-packages/airflow/example_dags/tutorial.py
[2024-04-25T12:45:45.983+0000] {processor.py:839} INFO - DAG(s) dict_keys(['tutorial']) retrieved from /home/airflow/.local/lib/python3.8/site-packages/airflow/example_dags/tutorial.py
[2024-04-25T12:45:46.021+0000] {logging_mixin.py:154} INFO - [2024-04-25T12:45:46.021+0000] {dag.py:2941} INFO - Sync 1 DAGs
[2024-04-25T12:45:46.053+0000] {logging_mixin.py:154} INFO - [2024-04-25T12:45:46.052+0000] {dag.py:3722} INFO - Setting next_dagrun for tutorial to 2024-04-24T12:45:46.052431+00:00, run_after=2024-04-25T12:45:46.052431+00:00
[2024-04-25T12:45:46.080+0000] {processor.py:179} INFO - Processing /home/airflow/.local/lib/python3.8/site-packages/airflow/example_dags/tutorial.py took 0.124 seconds
[2024-04-25T12:46:16.778+0000] {processor.py:157} INFO - Started process (PID=4231) to work on /home/airflow/.local/lib/python3.8/site-packages/airflow/example_dags/tutorial.py
[2024-04-25T12:46:16.780+0000] {processor.py:829} INFO - Processing file /home/airflow/.local/lib/python3.8/site-packages/airflow/example_dags/tutorial.py for tasks to queue
[2024-04-25T12:46:16.781+0000] {logging_mixin.py:154} INFO - [2024-04-25T12:46:16.781+0000] {dagbag.py:536} INFO - Filling up the DagBag from /home/airflow/.local/lib/python3.8/site-packages/airflow/example_dags/tutorial.py
[2024-04-25T12:46:16.793+0000] {processor.py:839} INFO - DAG(s) dict_keys(['tutorial']) retrieved from /home/airflow/.local/lib/python3.8/site-packages/airflow/example_dags/tutorial.py
[2024-04-25T12:46:16.830+0000] {logging_mixin.py:154} INFO - [2024-04-25T12:46:16.829+0000] {dag.py:2941} INFO - Sync 1 DAGs
[2024-04-25T12:46:16.862+0000] {logging_mixin.py:154} INFO - [2024-04-25T12:46:16.862+0000] {dag.py:3722} INFO - Setting next_dagrun for tutorial to 2024-04-24T12:46:16.862051+00:00, run_after=2024-04-25T12:46:16.862051+00:00
[2024-04-25T12:46:16.897+0000] {processor.py:179} INFO - Processing /home/airflow/.local/lib/python3.8/site-packages/airflow/example_dags/tutorial.py took 0.126 seconds
[2024-04-25T12:46:49.210+0000] {processor.py:157} INFO - Started process (PID=4474) to work on /home/airflow/.local/lib/python3.8/site-packages/airflow/example_dags/tutorial.py
[2024-04-25T12:46:49.214+0000] {processor.py:829} INFO - Processing file /home/airflow/.local/lib/python3.8/site-packages/airflow/example_dags/tutorial.py for tasks to queue
[2024-04-25T12:46:49.218+0000] {logging_mixin.py:154} INFO - [2024-04-25T12:46:49.217+0000] {dagbag.py:536} INFO - Filling up the DagBag from /home/airflow/.local/lib/python3.8/site-packages/airflow/example_dags/tutorial.py
[2024-04-25T12:46:49.257+0000] {processor.py:839} INFO - DAG(s) dict_keys(['tutorial']) retrieved from /home/airflow/.local/lib/python3.8/site-packages/airflow/example_dags/tutorial.py
[2024-04-25T12:46:49.347+0000] {logging_mixin.py:154} INFO - [2024-04-25T12:46:49.346+0000] {dag.py:2941} INFO - Sync 1 DAGs
[2024-04-25T12:46:49.427+0000] {logging_mixin.py:154} INFO - [2024-04-25T12:46:49.427+0000] {dag.py:3722} INFO - Setting next_dagrun for tutorial to 2024-04-24T12:46:49.426690+00:00, run_after=2024-04-25T12:46:49.426690+00:00
[2024-04-25T12:46:49.491+0000] {processor.py:179} INFO - Processing /home/airflow/.local/lib/python3.8/site-packages/airflow/example_dags/tutorial.py took 0.302 seconds
[2024-04-25T12:47:19.721+0000] {processor.py:157} INFO - Started process (PID=4719) to work on /home/airflow/.local/lib/python3.8/site-packages/airflow/example_dags/tutorial.py
[2024-04-25T12:47:19.723+0000] {processor.py:829} INFO - Processing file /home/airflow/.local/lib/python3.8/site-packages/airflow/example_dags/tutorial.py for tasks to queue
[2024-04-25T12:47:19.724+0000] {logging_mixin.py:154} INFO - [2024-04-25T12:47:19.724+0000] {dagbag.py:536} INFO - Filling up the DagBag from /home/airflow/.local/lib/python3.8/site-packages/airflow/example_dags/tutorial.py
[2024-04-25T12:47:19.735+0000] {processor.py:839} INFO - DAG(s) dict_keys(['tutorial']) retrieved from /home/airflow/.local/lib/python3.8/site-packages/airflow/example_dags/tutorial.py
[2024-04-25T12:47:19.767+0000] {logging_mixin.py:154} INFO - [2024-04-25T12:47:19.767+0000] {dag.py:2941} INFO - Sync 1 DAGs
[2024-04-25T12:47:19.800+0000] {logging_mixin.py:154} INFO - [2024-04-25T12:47:19.800+0000] {dag.py:3722} INFO - Setting next_dagrun for tutorial to 2024-04-24T12:47:19.799693+00:00, run_after=2024-04-25T12:47:19.799693+00:00
[2024-04-25T12:47:20.065+0000] {processor.py:179} INFO - Processing /home/airflow/.local/lib/python3.8/site-packages/airflow/example_dags/tutorial.py took 0.350 seconds
[2024-04-25T12:51:43.709+0000] {processor.py:157} INFO - Started process (PID=315) to work on /home/airflow/.local/lib/python3.8/site-packages/airflow/example_dags/tutorial.py
[2024-04-25T12:51:43.711+0000] {processor.py:829} INFO - Processing file /home/airflow/.local/lib/python3.8/site-packages/airflow/example_dags/tutorial.py for tasks to queue
[2024-04-25T12:51:43.713+0000] {logging_mixin.py:154} INFO - [2024-04-25T12:51:43.712+0000] {dagbag.py:536} INFO - Filling up the DagBag from /home/airflow/.local/lib/python3.8/site-packages/airflow/example_dags/tutorial.py
[2024-04-25T12:51:43.725+0000] {processor.py:839} INFO - DAG(s) dict_keys(['tutorial']) retrieved from /home/airflow/.local/lib/python3.8/site-packages/airflow/example_dags/tutorial.py
[2024-04-25T12:51:43.745+0000] {logging_mixin.py:154} INFO - [2024-04-25T12:51:43.744+0000] {dag.py:2941} INFO - Sync 1 DAGs
[2024-04-25T12:51:43.782+0000] {logging_mixin.py:154} INFO - [2024-04-25T12:51:43.782+0000] {dag.py:3722} INFO - Setting next_dagrun for tutorial to 2024-04-24T12:51:43.782215+00:00, run_after=2024-04-25T12:51:43.782215+00:00
[2024-04-25T12:51:43.811+0000] {processor.py:179} INFO - Processing /home/airflow/.local/lib/python3.8/site-packages/airflow/example_dags/tutorial.py took 0.110 seconds
[2024-04-25T12:52:14.396+0000] {processor.py:157} INFO - Started process (PID=556) to work on /home/airflow/.local/lib/python3.8/site-packages/airflow/example_dags/tutorial.py
[2024-04-25T12:52:14.397+0000] {processor.py:829} INFO - Processing file /home/airflow/.local/lib/python3.8/site-packages/airflow/example_dags/tutorial.py for tasks to queue
[2024-04-25T12:52:14.398+0000] {logging_mixin.py:154} INFO - [2024-04-25T12:52:14.398+0000] {dagbag.py:536} INFO - Filling up the DagBag from /home/airflow/.local/lib/python3.8/site-packages/airflow/example_dags/tutorial.py
[2024-04-25T12:52:14.409+0000] {processor.py:839} INFO - DAG(s) dict_keys(['tutorial']) retrieved from /home/airflow/.local/lib/python3.8/site-packages/airflow/example_dags/tutorial.py
[2024-04-25T12:52:14.443+0000] {logging_mixin.py:154} INFO - [2024-04-25T12:52:14.443+0000] {dag.py:2941} INFO - Sync 1 DAGs
[2024-04-25T12:52:14.483+0000] {logging_mixin.py:154} INFO - [2024-04-25T12:52:14.482+0000] {dag.py:3722} INFO - Setting next_dagrun for tutorial to 2024-04-24T12:52:14.482541+00:00, run_after=2024-04-25T12:52:14.482541+00:00
[2024-04-25T12:52:14.515+0000] {processor.py:179} INFO - Processing /home/airflow/.local/lib/python3.8/site-packages/airflow/example_dags/tutorial.py took 0.125 seconds
[2024-04-25T12:52:45.586+0000] {processor.py:157} INFO - Started process (PID=806) to work on /home/airflow/.local/lib/python3.8/site-packages/airflow/example_dags/tutorial.py
[2024-04-25T12:52:45.589+0000] {processor.py:829} INFO - Processing file /home/airflow/.local/lib/python3.8/site-packages/airflow/example_dags/tutorial.py for tasks to queue
[2024-04-25T12:52:45.590+0000] {logging_mixin.py:154} INFO - [2024-04-25T12:52:45.590+0000] {dagbag.py:536} INFO - Filling up the DagBag from /home/airflow/.local/lib/python3.8/site-packages/airflow/example_dags/tutorial.py
[2024-04-25T12:52:45.604+0000] {processor.py:839} INFO - DAG(s) dict_keys(['tutorial']) retrieved from /home/airflow/.local/lib/python3.8/site-packages/airflow/example_dags/tutorial.py
[2024-04-25T12:52:45.662+0000] {logging_mixin.py:154} INFO - [2024-04-25T12:52:45.661+0000] {dag.py:2941} INFO - Sync 1 DAGs
[2024-04-25T12:52:45.707+0000] {logging_mixin.py:154} INFO - [2024-04-25T12:52:45.707+0000] {dag.py:3722} INFO - Setting next_dagrun for tutorial to 2024-04-24T12:52:45.706577+00:00, run_after=2024-04-25T12:52:45.706577+00:00
[2024-04-25T12:52:45.749+0000] {processor.py:179} INFO - Processing /home/airflow/.local/lib/python3.8/site-packages/airflow/example_dags/tutorial.py took 0.171 seconds
[2024-04-25T12:53:16.178+0000] {processor.py:157} INFO - Started process (PID=1053) to work on /home/airflow/.local/lib/python3.8/site-packages/airflow/example_dags/tutorial.py
[2024-04-25T12:53:16.180+0000] {processor.py:829} INFO - Processing file /home/airflow/.local/lib/python3.8/site-packages/airflow/example_dags/tutorial.py for tasks to queue
[2024-04-25T12:53:16.182+0000] {logging_mixin.py:154} INFO - [2024-04-25T12:53:16.181+0000] {dagbag.py:536} INFO - Filling up the DagBag from /home/airflow/.local/lib/python3.8/site-packages/airflow/example_dags/tutorial.py
[2024-04-25T12:53:16.194+0000] {processor.py:839} INFO - DAG(s) dict_keys(['tutorial']) retrieved from /home/airflow/.local/lib/python3.8/site-packages/airflow/example_dags/tutorial.py
[2024-04-25T12:53:16.227+0000] {logging_mixin.py:154} INFO - [2024-04-25T12:53:16.227+0000] {dag.py:2941} INFO - Sync 1 DAGs
[2024-04-25T12:53:16.261+0000] {logging_mixin.py:154} INFO - [2024-04-25T12:53:16.261+0000] {dag.py:3722} INFO - Setting next_dagrun for tutorial to 2024-04-24T12:53:16.260370+00:00, run_after=2024-04-25T12:53:16.260370+00:00
[2024-04-25T12:53:16.296+0000] {processor.py:179} INFO - Processing /home/airflow/.local/lib/python3.8/site-packages/airflow/example_dags/tutorial.py took 0.126 seconds
[2024-04-25T12:53:46.434+0000] {processor.py:157} INFO - Started process (PID=1296) to work on /home/airflow/.local/lib/python3.8/site-packages/airflow/example_dags/tutorial.py
[2024-04-25T12:53:46.436+0000] {processor.py:829} INFO - Processing file /home/airflow/.local/lib/python3.8/site-packages/airflow/example_dags/tutorial.py for tasks to queue
[2024-04-25T12:53:46.437+0000] {logging_mixin.py:154} INFO - [2024-04-25T12:53:46.437+0000] {dagbag.py:536} INFO - Filling up the DagBag from /home/airflow/.local/lib/python3.8/site-packages/airflow/example_dags/tutorial.py
[2024-04-25T12:53:46.453+0000] {processor.py:839} INFO - DAG(s) dict_keys(['tutorial']) retrieved from /home/airflow/.local/lib/python3.8/site-packages/airflow/example_dags/tutorial.py
[2024-04-25T12:53:46.495+0000] {logging_mixin.py:154} INFO - [2024-04-25T12:53:46.495+0000] {dag.py:2941} INFO - Sync 1 DAGs
[2024-04-25T12:53:46.536+0000] {logging_mixin.py:154} INFO - [2024-04-25T12:53:46.536+0000] {dag.py:3722} INFO - Setting next_dagrun for tutorial to 2024-04-24T12:53:46.536041+00:00, run_after=2024-04-25T12:53:46.536041+00:00
[2024-04-25T12:53:46.565+0000] {processor.py:179} INFO - Processing /home/airflow/.local/lib/python3.8/site-packages/airflow/example_dags/tutorial.py took 0.137 seconds
[2024-04-25T12:54:16.799+0000] {processor.py:157} INFO - Started process (PID=1541) to work on /home/airflow/.local/lib/python3.8/site-packages/airflow/example_dags/tutorial.py
[2024-04-25T12:54:16.801+0000] {processor.py:829} INFO - Processing file /home/airflow/.local/lib/python3.8/site-packages/airflow/example_dags/tutorial.py for tasks to queue
[2024-04-25T12:54:16.802+0000] {logging_mixin.py:154} INFO - [2024-04-25T12:54:16.802+0000] {dagbag.py:536} INFO - Filling up the DagBag from /home/airflow/.local/lib/python3.8/site-packages/airflow/example_dags/tutorial.py
[2024-04-25T12:54:16.814+0000] {processor.py:839} INFO - DAG(s) dict_keys(['tutorial']) retrieved from /home/airflow/.local/lib/python3.8/site-packages/airflow/example_dags/tutorial.py
[2024-04-25T12:54:16.848+0000] {logging_mixin.py:154} INFO - [2024-04-25T12:54:16.848+0000] {dag.py:2941} INFO - Sync 1 DAGs
[2024-04-25T12:54:16.891+0000] {logging_mixin.py:154} INFO - [2024-04-25T12:54:16.891+0000] {dag.py:3722} INFO - Setting next_dagrun for tutorial to 2024-04-24T12:54:16.890762+00:00, run_after=2024-04-25T12:54:16.890762+00:00
[2024-04-25T12:54:16.924+0000] {processor.py:179} INFO - Processing /home/airflow/.local/lib/python3.8/site-packages/airflow/example_dags/tutorial.py took 0.131 seconds
[2024-04-25T12:54:47.981+0000] {processor.py:157} INFO - Started process (PID=1782) to work on /home/airflow/.local/lib/python3.8/site-packages/airflow/example_dags/tutorial.py
[2024-04-25T12:54:47.984+0000] {processor.py:829} INFO - Processing file /home/airflow/.local/lib/python3.8/site-packages/airflow/example_dags/tutorial.py for tasks to queue
[2024-04-25T12:54:47.985+0000] {logging_mixin.py:154} INFO - [2024-04-25T12:54:47.984+0000] {dagbag.py:536} INFO - Filling up the DagBag from /home/airflow/.local/lib/python3.8/site-packages/airflow/example_dags/tutorial.py
[2024-04-25T12:54:47.996+0000] {processor.py:839} INFO - DAG(s) dict_keys(['tutorial']) retrieved from /home/airflow/.local/lib/python3.8/site-packages/airflow/example_dags/tutorial.py
[2024-04-25T12:54:48.028+0000] {logging_mixin.py:154} INFO - [2024-04-25T12:54:48.027+0000] {dag.py:2941} INFO - Sync 1 DAGs
[2024-04-25T12:54:48.059+0000] {logging_mixin.py:154} INFO - [2024-04-25T12:54:48.059+0000] {dag.py:3722} INFO - Setting next_dagrun for tutorial to 2024-04-24T12:54:48.058981+00:00, run_after=2024-04-25T12:54:48.058981+00:00
[2024-04-25T12:54:48.090+0000] {processor.py:179} INFO - Processing /home/airflow/.local/lib/python3.8/site-packages/airflow/example_dags/tutorial.py took 0.114 seconds
[2024-04-25T12:55:18.298+0000] {processor.py:157} INFO - Started process (PID=2025) to work on /home/airflow/.local/lib/python3.8/site-packages/airflow/example_dags/tutorial.py
[2024-04-25T12:55:18.300+0000] {processor.py:829} INFO - Processing file /home/airflow/.local/lib/python3.8/site-packages/airflow/example_dags/tutorial.py for tasks to queue
[2024-04-25T12:55:18.301+0000] {logging_mixin.py:154} INFO - [2024-04-25T12:55:18.300+0000] {dagbag.py:536} INFO - Filling up the DagBag from /home/airflow/.local/lib/python3.8/site-packages/airflow/example_dags/tutorial.py
[2024-04-25T12:55:18.311+0000] {processor.py:839} INFO - DAG(s) dict_keys(['tutorial']) retrieved from /home/airflow/.local/lib/python3.8/site-packages/airflow/example_dags/tutorial.py
[2024-04-25T12:55:18.348+0000] {logging_mixin.py:154} INFO - [2024-04-25T12:55:18.348+0000] {dag.py:2941} INFO - Sync 1 DAGs
[2024-04-25T12:55:18.385+0000] {logging_mixin.py:154} INFO - [2024-04-25T12:55:18.384+0000] {dag.py:3722} INFO - Setting next_dagrun for tutorial to 2024-04-24T12:55:18.384583+00:00, run_after=2024-04-25T12:55:18.384583+00:00
[2024-04-25T12:55:18.415+0000] {processor.py:179} INFO - Processing /home/airflow/.local/lib/python3.8/site-packages/airflow/example_dags/tutorial.py took 0.123 seconds
[2024-04-25T13:10:33.459+0000] {processor.py:157} INFO - Started process (PID=313) to work on /home/airflow/.local/lib/python3.8/site-packages/airflow/example_dags/tutorial.py
[2024-04-25T13:10:33.462+0000] {processor.py:829} INFO - Processing file /home/airflow/.local/lib/python3.8/site-packages/airflow/example_dags/tutorial.py for tasks to queue
[2024-04-25T13:10:33.463+0000] {logging_mixin.py:154} INFO - [2024-04-25T13:10:33.463+0000] {dagbag.py:536} INFO - Filling up the DagBag from /home/airflow/.local/lib/python3.8/site-packages/airflow/example_dags/tutorial.py
[2024-04-25T13:10:33.479+0000] {processor.py:839} INFO - DAG(s) dict_keys(['tutorial']) retrieved from /home/airflow/.local/lib/python3.8/site-packages/airflow/example_dags/tutorial.py
[2024-04-25T13:10:33.504+0000] {logging_mixin.py:154} INFO - [2024-04-25T13:10:33.503+0000] {dag.py:2941} INFO - Sync 1 DAGs
[2024-04-25T13:10:33.548+0000] {logging_mixin.py:154} INFO - [2024-04-25T13:10:33.548+0000] {dag.py:3722} INFO - Setting next_dagrun for tutorial to 2024-04-24T13:10:33.548235+00:00, run_after=2024-04-25T13:10:33.548235+00:00
[2024-04-25T13:10:33.575+0000] {processor.py:179} INFO - Processing /home/airflow/.local/lib/python3.8/site-packages/airflow/example_dags/tutorial.py took 0.123 seconds
[2024-04-25T13:11:05.100+0000] {processor.py:157} INFO - Started process (PID=556) to work on /home/airflow/.local/lib/python3.8/site-packages/airflow/example_dags/tutorial.py
[2024-04-25T13:11:05.104+0000] {processor.py:829} INFO - Processing file /home/airflow/.local/lib/python3.8/site-packages/airflow/example_dags/tutorial.py for tasks to queue
[2024-04-25T13:11:05.105+0000] {logging_mixin.py:154} INFO - [2024-04-25T13:11:05.105+0000] {dagbag.py:536} INFO - Filling up the DagBag from /home/airflow/.local/lib/python3.8/site-packages/airflow/example_dags/tutorial.py
[2024-04-25T13:11:05.117+0000] {processor.py:839} INFO - DAG(s) dict_keys(['tutorial']) retrieved from /home/airflow/.local/lib/python3.8/site-packages/airflow/example_dags/tutorial.py
[2024-04-25T13:11:05.150+0000] {logging_mixin.py:154} INFO - [2024-04-25T13:11:05.150+0000] {dag.py:2941} INFO - Sync 1 DAGs
[2024-04-25T13:11:05.186+0000] {logging_mixin.py:154} INFO - [2024-04-25T13:11:05.186+0000] {dag.py:3722} INFO - Setting next_dagrun for tutorial to 2024-04-24T13:11:05.186164+00:00, run_after=2024-04-25T13:11:05.186164+00:00
[2024-04-25T13:11:05.212+0000] {processor.py:179} INFO - Processing /home/airflow/.local/lib/python3.8/site-packages/airflow/example_dags/tutorial.py took 0.118 seconds
[2024-04-25T13:11:35.319+0000] {processor.py:157} INFO - Started process (PID=799) to work on /home/airflow/.local/lib/python3.8/site-packages/airflow/example_dags/tutorial.py
[2024-04-25T13:11:35.321+0000] {processor.py:829} INFO - Processing file /home/airflow/.local/lib/python3.8/site-packages/airflow/example_dags/tutorial.py for tasks to queue
[2024-04-25T13:11:35.322+0000] {logging_mixin.py:154} INFO - [2024-04-25T13:11:35.322+0000] {dagbag.py:536} INFO - Filling up the DagBag from /home/airflow/.local/lib/python3.8/site-packages/airflow/example_dags/tutorial.py
[2024-04-25T13:11:35.339+0000] {processor.py:839} INFO - DAG(s) dict_keys(['tutorial']) retrieved from /home/airflow/.local/lib/python3.8/site-packages/airflow/example_dags/tutorial.py
[2024-04-25T13:11:35.379+0000] {logging_mixin.py:154} INFO - [2024-04-25T13:11:35.378+0000] {dag.py:2941} INFO - Sync 1 DAGs
[2024-04-25T13:11:35.416+0000] {logging_mixin.py:154} INFO - [2024-04-25T13:11:35.416+0000] {dag.py:3722} INFO - Setting next_dagrun for tutorial to 2024-04-24T13:11:35.415915+00:00, run_after=2024-04-25T13:11:35.415915+00:00
[2024-04-25T13:11:35.449+0000] {processor.py:179} INFO - Processing /home/airflow/.local/lib/python3.8/site-packages/airflow/example_dags/tutorial.py took 0.139 seconds
[2024-04-25T13:12:06.243+0000] {processor.py:157} INFO - Started process (PID=1047) to work on /home/airflow/.local/lib/python3.8/site-packages/airflow/example_dags/tutorial.py
[2024-04-25T13:12:06.245+0000] {processor.py:829} INFO - Processing file /home/airflow/.local/lib/python3.8/site-packages/airflow/example_dags/tutorial.py for tasks to queue
[2024-04-25T13:12:06.247+0000] {logging_mixin.py:154} INFO - [2024-04-25T13:12:06.246+0000] {dagbag.py:536} INFO - Filling up the DagBag from /home/airflow/.local/lib/python3.8/site-packages/airflow/example_dags/tutorial.py
[2024-04-25T13:12:06.261+0000] {processor.py:839} INFO - DAG(s) dict_keys(['tutorial']) retrieved from /home/airflow/.local/lib/python3.8/site-packages/airflow/example_dags/tutorial.py
[2024-04-25T13:12:06.304+0000] {logging_mixin.py:154} INFO - [2024-04-25T13:12:06.304+0000] {dag.py:2941} INFO - Sync 1 DAGs
[2024-04-25T13:12:06.353+0000] {logging_mixin.py:154} INFO - [2024-04-25T13:12:06.353+0000] {dag.py:3722} INFO - Setting next_dagrun for tutorial to 2024-04-24T13:12:06.353133+00:00, run_after=2024-04-25T13:12:06.353133+00:00
[2024-04-25T13:12:06.387+0000] {processor.py:179} INFO - Processing /home/airflow/.local/lib/python3.8/site-packages/airflow/example_dags/tutorial.py took 0.152 seconds
[2024-04-25T13:12:36.977+0000] {processor.py:157} INFO - Started process (PID=1295) to work on /home/airflow/.local/lib/python3.8/site-packages/airflow/example_dags/tutorial.py
[2024-04-25T13:12:36.979+0000] {processor.py:829} INFO - Processing file /home/airflow/.local/lib/python3.8/site-packages/airflow/example_dags/tutorial.py for tasks to queue
[2024-04-25T13:12:36.981+0000] {logging_mixin.py:154} INFO - [2024-04-25T13:12:36.980+0000] {dagbag.py:536} INFO - Filling up the DagBag from /home/airflow/.local/lib/python3.8/site-packages/airflow/example_dags/tutorial.py
[2024-04-25T13:12:36.995+0000] {processor.py:839} INFO - DAG(s) dict_keys(['tutorial']) retrieved from /home/airflow/.local/lib/python3.8/site-packages/airflow/example_dags/tutorial.py
[2024-04-25T13:12:37.038+0000] {logging_mixin.py:154} INFO - [2024-04-25T13:12:37.037+0000] {dag.py:2941} INFO - Sync 1 DAGs
[2024-04-25T13:12:37.097+0000] {logging_mixin.py:154} INFO - [2024-04-25T13:12:37.096+0000] {dag.py:3722} INFO - Setting next_dagrun for tutorial to 2024-04-24T13:12:37.096174+00:00, run_after=2024-04-25T13:12:37.096174+00:00
[2024-04-25T13:12:37.134+0000] {processor.py:179} INFO - Processing /home/airflow/.local/lib/python3.8/site-packages/airflow/example_dags/tutorial.py took 0.165 seconds
[2024-04-25T13:13:07.279+0000] {processor.py:157} INFO - Started process (PID=1540) to work on /home/airflow/.local/lib/python3.8/site-packages/airflow/example_dags/tutorial.py
[2024-04-25T13:13:07.281+0000] {processor.py:829} INFO - Processing file /home/airflow/.local/lib/python3.8/site-packages/airflow/example_dags/tutorial.py for tasks to queue
[2024-04-25T13:13:07.283+0000] {logging_mixin.py:154} INFO - [2024-04-25T13:13:07.282+0000] {dagbag.py:536} INFO - Filling up the DagBag from /home/airflow/.local/lib/python3.8/site-packages/airflow/example_dags/tutorial.py
[2024-04-25T13:13:07.293+0000] {processor.py:839} INFO - DAG(s) dict_keys(['tutorial']) retrieved from /home/airflow/.local/lib/python3.8/site-packages/airflow/example_dags/tutorial.py
[2024-04-25T13:13:07.325+0000] {logging_mixin.py:154} INFO - [2024-04-25T13:13:07.324+0000] {dag.py:2941} INFO - Sync 1 DAGs
[2024-04-25T13:13:07.356+0000] {logging_mixin.py:154} INFO - [2024-04-25T13:13:07.356+0000] {dag.py:3722} INFO - Setting next_dagrun for tutorial to 2024-04-24T13:13:07.356226+00:00, run_after=2024-04-25T13:13:07.356226+00:00
[2024-04-25T13:13:07.384+0000] {processor.py:179} INFO - Processing /home/airflow/.local/lib/python3.8/site-packages/airflow/example_dags/tutorial.py took 0.111 seconds
[2024-04-25T13:13:37.580+0000] {processor.py:157} INFO - Started process (PID=1784) to work on /home/airflow/.local/lib/python3.8/site-packages/airflow/example_dags/tutorial.py
[2024-04-25T13:13:37.582+0000] {processor.py:829} INFO - Processing file /home/airflow/.local/lib/python3.8/site-packages/airflow/example_dags/tutorial.py for tasks to queue
[2024-04-25T13:13:37.583+0000] {logging_mixin.py:154} INFO - [2024-04-25T13:13:37.583+0000] {dagbag.py:536} INFO - Filling up the DagBag from /home/airflow/.local/lib/python3.8/site-packages/airflow/example_dags/tutorial.py
[2024-04-25T13:13:37.594+0000] {processor.py:839} INFO - DAG(s) dict_keys(['tutorial']) retrieved from /home/airflow/.local/lib/python3.8/site-packages/airflow/example_dags/tutorial.py
[2024-04-25T13:13:37.624+0000] {logging_mixin.py:154} INFO - [2024-04-25T13:13:37.624+0000] {dag.py:2941} INFO - Sync 1 DAGs
[2024-04-25T13:13:37.654+0000] {logging_mixin.py:154} INFO - [2024-04-25T13:13:37.654+0000] {dag.py:3722} INFO - Setting next_dagrun for tutorial to 2024-04-24T13:13:37.654155+00:00, run_after=2024-04-25T13:13:37.654155+00:00
[2024-04-25T13:13:37.680+0000] {processor.py:179} INFO - Processing /home/airflow/.local/lib/python3.8/site-packages/airflow/example_dags/tutorial.py took 0.106 seconds
[2024-04-25T13:14:07.859+0000] {processor.py:157} INFO - Started process (PID=2026) to work on /home/airflow/.local/lib/python3.8/site-packages/airflow/example_dags/tutorial.py
[2024-04-25T13:14:07.862+0000] {processor.py:829} INFO - Processing file /home/airflow/.local/lib/python3.8/site-packages/airflow/example_dags/tutorial.py for tasks to queue
[2024-04-25T13:14:07.863+0000] {logging_mixin.py:154} INFO - [2024-04-25T13:14:07.863+0000] {dagbag.py:536} INFO - Filling up the DagBag from /home/airflow/.local/lib/python3.8/site-packages/airflow/example_dags/tutorial.py
[2024-04-25T13:14:07.874+0000] {processor.py:839} INFO - DAG(s) dict_keys(['tutorial']) retrieved from /home/airflow/.local/lib/python3.8/site-packages/airflow/example_dags/tutorial.py
[2024-04-25T13:14:07.905+0000] {logging_mixin.py:154} INFO - [2024-04-25T13:14:07.905+0000] {dag.py:2941} INFO - Sync 1 DAGs
[2024-04-25T13:14:07.936+0000] {logging_mixin.py:154} INFO - [2024-04-25T13:14:07.936+0000] {dag.py:3722} INFO - Setting next_dagrun for tutorial to 2024-04-24T13:14:07.935740+00:00, run_after=2024-04-25T13:14:07.935740+00:00
[2024-04-25T13:14:07.962+0000] {processor.py:179} INFO - Processing /home/airflow/.local/lib/python3.8/site-packages/airflow/example_dags/tutorial.py took 0.109 seconds
[2024-04-25T13:14:38.500+0000] {processor.py:157} INFO - Started process (PID=2269) to work on /home/airflow/.local/lib/python3.8/site-packages/airflow/example_dags/tutorial.py
[2024-04-25T13:14:38.501+0000] {processor.py:829} INFO - Processing file /home/airflow/.local/lib/python3.8/site-packages/airflow/example_dags/tutorial.py for tasks to queue
[2024-04-25T13:14:38.502+0000] {logging_mixin.py:154} INFO - [2024-04-25T13:14:38.502+0000] {dagbag.py:536} INFO - Filling up the DagBag from /home/airflow/.local/lib/python3.8/site-packages/airflow/example_dags/tutorial.py
[2024-04-25T13:14:38.513+0000] {processor.py:839} INFO - DAG(s) dict_keys(['tutorial']) retrieved from /home/airflow/.local/lib/python3.8/site-packages/airflow/example_dags/tutorial.py
[2024-04-25T13:14:38.545+0000] {logging_mixin.py:154} INFO - [2024-04-25T13:14:38.545+0000] {dag.py:2941} INFO - Sync 1 DAGs
[2024-04-25T13:14:38.584+0000] {logging_mixin.py:154} INFO - [2024-04-25T13:14:38.583+0000] {dag.py:3722} INFO - Setting next_dagrun for tutorial to 2024-04-24T13:14:38.583583+00:00, run_after=2024-04-25T13:14:38.583583+00:00
[2024-04-25T13:14:38.608+0000] {processor.py:179} INFO - Processing /home/airflow/.local/lib/python3.8/site-packages/airflow/example_dags/tutorial.py took 0.114 seconds
[2024-04-25T13:15:08.978+0000] {processor.py:157} INFO - Started process (PID=2514) to work on /home/airflow/.local/lib/python3.8/site-packages/airflow/example_dags/tutorial.py
[2024-04-25T13:15:08.980+0000] {processor.py:829} INFO - Processing file /home/airflow/.local/lib/python3.8/site-packages/airflow/example_dags/tutorial.py for tasks to queue
[2024-04-25T13:15:08.981+0000] {logging_mixin.py:154} INFO - [2024-04-25T13:15:08.981+0000] {dagbag.py:536} INFO - Filling up the DagBag from /home/airflow/.local/lib/python3.8/site-packages/airflow/example_dags/tutorial.py
[2024-04-25T13:15:08.992+0000] {processor.py:839} INFO - DAG(s) dict_keys(['tutorial']) retrieved from /home/airflow/.local/lib/python3.8/site-packages/airflow/example_dags/tutorial.py
[2024-04-25T13:15:09.023+0000] {logging_mixin.py:154} INFO - [2024-04-25T13:15:09.022+0000] {dag.py:2941} INFO - Sync 1 DAGs
[2024-04-25T13:15:09.063+0000] {logging_mixin.py:154} INFO - [2024-04-25T13:15:09.063+0000] {dag.py:3722} INFO - Setting next_dagrun for tutorial to 2024-04-24T13:15:09.063216+00:00, run_after=2024-04-25T13:15:09.063216+00:00
[2024-04-25T13:15:09.092+0000] {processor.py:179} INFO - Processing /home/airflow/.local/lib/python3.8/site-packages/airflow/example_dags/tutorial.py took 0.121 seconds
[2024-04-25T13:15:40.445+0000] {processor.py:157} INFO - Started process (PID=2757) to work on /home/airflow/.local/lib/python3.8/site-packages/airflow/example_dags/tutorial.py
[2024-04-25T13:15:40.446+0000] {processor.py:829} INFO - Processing file /home/airflow/.local/lib/python3.8/site-packages/airflow/example_dags/tutorial.py for tasks to queue
[2024-04-25T13:15:40.447+0000] {logging_mixin.py:154} INFO - [2024-04-25T13:15:40.447+0000] {dagbag.py:536} INFO - Filling up the DagBag from /home/airflow/.local/lib/python3.8/site-packages/airflow/example_dags/tutorial.py
[2024-04-25T13:15:40.458+0000] {processor.py:839} INFO - DAG(s) dict_keys(['tutorial']) retrieved from /home/airflow/.local/lib/python3.8/site-packages/airflow/example_dags/tutorial.py
[2024-04-25T13:15:40.490+0000] {logging_mixin.py:154} INFO - [2024-04-25T13:15:40.490+0000] {dag.py:2941} INFO - Sync 1 DAGs
[2024-04-25T13:15:40.522+0000] {logging_mixin.py:154} INFO - [2024-04-25T13:15:40.522+0000] {dag.py:3722} INFO - Setting next_dagrun for tutorial to 2024-04-24T13:15:40.521735+00:00, run_after=2024-04-25T13:15:40.521735+00:00
[2024-04-25T13:15:40.551+0000] {processor.py:179} INFO - Processing /home/airflow/.local/lib/python3.8/site-packages/airflow/example_dags/tutorial.py took 0.112 seconds
[2024-04-25T13:16:11.371+0000] {processor.py:157} INFO - Started process (PID=2998) to work on /home/airflow/.local/lib/python3.8/site-packages/airflow/example_dags/tutorial.py
[2024-04-25T13:16:11.373+0000] {processor.py:829} INFO - Processing file /home/airflow/.local/lib/python3.8/site-packages/airflow/example_dags/tutorial.py for tasks to queue
[2024-04-25T13:16:11.374+0000] {logging_mixin.py:154} INFO - [2024-04-25T13:16:11.374+0000] {dagbag.py:536} INFO - Filling up the DagBag from /home/airflow/.local/lib/python3.8/site-packages/airflow/example_dags/tutorial.py
[2024-04-25T13:16:11.386+0000] {processor.py:839} INFO - DAG(s) dict_keys(['tutorial']) retrieved from /home/airflow/.local/lib/python3.8/site-packages/airflow/example_dags/tutorial.py
[2024-04-25T13:16:11.423+0000] {logging_mixin.py:154} INFO - [2024-04-25T13:16:11.422+0000] {dag.py:2941} INFO - Sync 1 DAGs
[2024-04-25T13:16:11.459+0000] {logging_mixin.py:154} INFO - [2024-04-25T13:16:11.458+0000] {dag.py:3722} INFO - Setting next_dagrun for tutorial to 2024-04-24T13:16:11.458382+00:00, run_after=2024-04-25T13:16:11.458382+00:00
[2024-04-25T13:16:11.487+0000] {processor.py:179} INFO - Processing /home/airflow/.local/lib/python3.8/site-packages/airflow/example_dags/tutorial.py took 0.122 seconds
[2024-04-25T13:16:42.512+0000] {processor.py:157} INFO - Started process (PID=3242) to work on /home/airflow/.local/lib/python3.8/site-packages/airflow/example_dags/tutorial.py
[2024-04-25T13:16:42.514+0000] {processor.py:829} INFO - Processing file /home/airflow/.local/lib/python3.8/site-packages/airflow/example_dags/tutorial.py for tasks to queue
[2024-04-25T13:16:42.516+0000] {logging_mixin.py:154} INFO - [2024-04-25T13:16:42.515+0000] {dagbag.py:536} INFO - Filling up the DagBag from /home/airflow/.local/lib/python3.8/site-packages/airflow/example_dags/tutorial.py
[2024-04-25T13:16:42.531+0000] {processor.py:839} INFO - DAG(s) dict_keys(['tutorial']) retrieved from /home/airflow/.local/lib/python3.8/site-packages/airflow/example_dags/tutorial.py
[2024-04-25T13:16:42.567+0000] {logging_mixin.py:154} INFO - [2024-04-25T13:16:42.567+0000] {dag.py:2941} INFO - Sync 1 DAGs
[2024-04-25T13:16:42.609+0000] {logging_mixin.py:154} INFO - [2024-04-25T13:16:42.608+0000] {dag.py:3722} INFO - Setting next_dagrun for tutorial to 2024-04-24T13:16:42.607747+00:00, run_after=2024-04-25T13:16:42.607747+00:00
[2024-04-25T13:16:42.640+0000] {processor.py:179} INFO - Processing /home/airflow/.local/lib/python3.8/site-packages/airflow/example_dags/tutorial.py took 0.136 seconds
[2024-04-25T13:17:13.404+0000] {processor.py:157} INFO - Started process (PID=3485) to work on /home/airflow/.local/lib/python3.8/site-packages/airflow/example_dags/tutorial.py
[2024-04-25T13:17:13.406+0000] {processor.py:829} INFO - Processing file /home/airflow/.local/lib/python3.8/site-packages/airflow/example_dags/tutorial.py for tasks to queue
[2024-04-25T13:17:13.407+0000] {logging_mixin.py:154} INFO - [2024-04-25T13:17:13.407+0000] {dagbag.py:536} INFO - Filling up the DagBag from /home/airflow/.local/lib/python3.8/site-packages/airflow/example_dags/tutorial.py
[2024-04-25T13:17:13.419+0000] {processor.py:839} INFO - DAG(s) dict_keys(['tutorial']) retrieved from /home/airflow/.local/lib/python3.8/site-packages/airflow/example_dags/tutorial.py
[2024-04-25T13:17:13.452+0000] {logging_mixin.py:154} INFO - [2024-04-25T13:17:13.452+0000] {dag.py:2941} INFO - Sync 1 DAGs
[2024-04-25T13:17:13.489+0000] {logging_mixin.py:154} INFO - [2024-04-25T13:17:13.488+0000] {dag.py:3722} INFO - Setting next_dagrun for tutorial to 2024-04-24T13:17:13.488615+00:00, run_after=2024-04-25T13:17:13.488615+00:00
[2024-04-25T13:17:13.519+0000] {processor.py:179} INFO - Processing /home/airflow/.local/lib/python3.8/site-packages/airflow/example_dags/tutorial.py took 0.121 seconds
[2024-04-25T13:17:43.879+0000] {processor.py:157} INFO - Started process (PID=3728) to work on /home/airflow/.local/lib/python3.8/site-packages/airflow/example_dags/tutorial.py
[2024-04-25T13:17:43.881+0000] {processor.py:829} INFO - Processing file /home/airflow/.local/lib/python3.8/site-packages/airflow/example_dags/tutorial.py for tasks to queue
[2024-04-25T13:17:43.882+0000] {logging_mixin.py:154} INFO - [2024-04-25T13:17:43.881+0000] {dagbag.py:536} INFO - Filling up the DagBag from /home/airflow/.local/lib/python3.8/site-packages/airflow/example_dags/tutorial.py
[2024-04-25T13:17:43.893+0000] {processor.py:839} INFO - DAG(s) dict_keys(['tutorial']) retrieved from /home/airflow/.local/lib/python3.8/site-packages/airflow/example_dags/tutorial.py
[2024-04-25T13:17:43.940+0000] {logging_mixin.py:154} INFO - [2024-04-25T13:17:43.939+0000] {dag.py:2941} INFO - Sync 1 DAGs
[2024-04-25T13:17:43.987+0000] {logging_mixin.py:154} INFO - [2024-04-25T13:17:43.986+0000] {dag.py:3722} INFO - Setting next_dagrun for tutorial to 2024-04-24T13:17:43.986134+00:00, run_after=2024-04-25T13:17:43.986134+00:00
[2024-04-25T13:17:44.025+0000] {processor.py:179} INFO - Processing /home/airflow/.local/lib/python3.8/site-packages/airflow/example_dags/tutorial.py took 0.152 seconds
[2024-04-25T13:18:14.945+0000] {processor.py:157} INFO - Started process (PID=3972) to work on /home/airflow/.local/lib/python3.8/site-packages/airflow/example_dags/tutorial.py
[2024-04-25T13:18:14.948+0000] {processor.py:829} INFO - Processing file /home/airflow/.local/lib/python3.8/site-packages/airflow/example_dags/tutorial.py for tasks to queue
[2024-04-25T13:18:14.950+0000] {logging_mixin.py:154} INFO - [2024-04-25T13:18:14.949+0000] {dagbag.py:536} INFO - Filling up the DagBag from /home/airflow/.local/lib/python3.8/site-packages/airflow/example_dags/tutorial.py
[2024-04-25T13:18:14.961+0000] {processor.py:839} INFO - DAG(s) dict_keys(['tutorial']) retrieved from /home/airflow/.local/lib/python3.8/site-packages/airflow/example_dags/tutorial.py
[2024-04-25T13:18:14.996+0000] {logging_mixin.py:154} INFO - [2024-04-25T13:18:14.996+0000] {dag.py:2941} INFO - Sync 1 DAGs
[2024-04-25T13:18:15.036+0000] {logging_mixin.py:154} INFO - [2024-04-25T13:18:15.036+0000] {dag.py:3722} INFO - Setting next_dagrun for tutorial to 2024-04-24T13:18:15.035570+00:00, run_after=2024-04-25T13:18:15.035570+00:00
[2024-04-25T13:18:15.068+0000] {processor.py:179} INFO - Processing /home/airflow/.local/lib/python3.8/site-packages/airflow/example_dags/tutorial.py took 0.131 seconds
[2024-04-25T13:18:46.001+0000] {processor.py:157} INFO - Started process (PID=4216) to work on /home/airflow/.local/lib/python3.8/site-packages/airflow/example_dags/tutorial.py
[2024-04-25T13:18:46.004+0000] {processor.py:829} INFO - Processing file /home/airflow/.local/lib/python3.8/site-packages/airflow/example_dags/tutorial.py for tasks to queue
[2024-04-25T13:18:46.005+0000] {logging_mixin.py:154} INFO - [2024-04-25T13:18:46.005+0000] {dagbag.py:536} INFO - Filling up the DagBag from /home/airflow/.local/lib/python3.8/site-packages/airflow/example_dags/tutorial.py
[2024-04-25T13:18:46.016+0000] {processor.py:839} INFO - DAG(s) dict_keys(['tutorial']) retrieved from /home/airflow/.local/lib/python3.8/site-packages/airflow/example_dags/tutorial.py
[2024-04-25T13:18:46.068+0000] {logging_mixin.py:154} INFO - [2024-04-25T13:18:46.067+0000] {dag.py:2941} INFO - Sync 1 DAGs
[2024-04-25T13:18:46.113+0000] {logging_mixin.py:154} INFO - [2024-04-25T13:18:46.113+0000] {dag.py:3722} INFO - Setting next_dagrun for tutorial to 2024-04-24T13:18:46.113110+00:00, run_after=2024-04-25T13:18:46.113110+00:00
[2024-04-25T13:18:46.145+0000] {processor.py:179} INFO - Processing /home/airflow/.local/lib/python3.8/site-packages/airflow/example_dags/tutorial.py took 0.155 seconds
[2024-04-25T13:27:16.302+0000] {processor.py:157} INFO - Started process (PID=315) to work on /home/airflow/.local/lib/python3.8/site-packages/airflow/example_dags/tutorial.py
[2024-04-25T13:27:16.305+0000] {processor.py:829} INFO - Processing file /home/airflow/.local/lib/python3.8/site-packages/airflow/example_dags/tutorial.py for tasks to queue
[2024-04-25T13:27:16.306+0000] {logging_mixin.py:154} INFO - [2024-04-25T13:27:16.306+0000] {dagbag.py:536} INFO - Filling up the DagBag from /home/airflow/.local/lib/python3.8/site-packages/airflow/example_dags/tutorial.py
[2024-04-25T13:27:16.324+0000] {processor.py:839} INFO - DAG(s) dict_keys(['tutorial']) retrieved from /home/airflow/.local/lib/python3.8/site-packages/airflow/example_dags/tutorial.py
[2024-04-25T13:27:16.351+0000] {logging_mixin.py:154} INFO - [2024-04-25T13:27:16.351+0000] {dag.py:2941} INFO - Sync 1 DAGs
[2024-04-25T13:27:16.396+0000] {logging_mixin.py:154} INFO - [2024-04-25T13:27:16.395+0000] {dag.py:3722} INFO - Setting next_dagrun for tutorial to 2024-04-24T13:27:16.395560+00:00, run_after=2024-04-25T13:27:16.395560+00:00
[2024-04-25T13:27:16.429+0000] {processor.py:179} INFO - Processing /home/airflow/.local/lib/python3.8/site-packages/airflow/example_dags/tutorial.py took 0.135 seconds
[2024-04-25T13:27:46.815+0000] {processor.py:157} INFO - Started process (PID=556) to work on /home/airflow/.local/lib/python3.8/site-packages/airflow/example_dags/tutorial.py
[2024-04-25T13:27:46.816+0000] {processor.py:829} INFO - Processing file /home/airflow/.local/lib/python3.8/site-packages/airflow/example_dags/tutorial.py for tasks to queue
[2024-04-25T13:27:46.818+0000] {logging_mixin.py:154} INFO - [2024-04-25T13:27:46.817+0000] {dagbag.py:536} INFO - Filling up the DagBag from /home/airflow/.local/lib/python3.8/site-packages/airflow/example_dags/tutorial.py
[2024-04-25T13:27:46.834+0000] {processor.py:839} INFO - DAG(s) dict_keys(['tutorial']) retrieved from /home/airflow/.local/lib/python3.8/site-packages/airflow/example_dags/tutorial.py
[2024-04-25T13:27:46.872+0000] {logging_mixin.py:154} INFO - [2024-04-25T13:27:46.872+0000] {dag.py:2941} INFO - Sync 1 DAGs
[2024-04-25T13:27:46.908+0000] {logging_mixin.py:154} INFO - [2024-04-25T13:27:46.908+0000] {dag.py:3722} INFO - Setting next_dagrun for tutorial to 2024-04-24T13:27:46.908042+00:00, run_after=2024-04-25T13:27:46.908042+00:00
[2024-04-25T13:27:46.944+0000] {processor.py:179} INFO - Processing /home/airflow/.local/lib/python3.8/site-packages/airflow/example_dags/tutorial.py took 0.135 seconds
[2024-04-25T13:28:17.316+0000] {processor.py:157} INFO - Started process (PID=799) to work on /home/airflow/.local/lib/python3.8/site-packages/airflow/example_dags/tutorial.py
[2024-04-25T13:28:17.319+0000] {processor.py:829} INFO - Processing file /home/airflow/.local/lib/python3.8/site-packages/airflow/example_dags/tutorial.py for tasks to queue
[2024-04-25T13:28:17.320+0000] {logging_mixin.py:154} INFO - [2024-04-25T13:28:17.320+0000] {dagbag.py:536} INFO - Filling up the DagBag from /home/airflow/.local/lib/python3.8/site-packages/airflow/example_dags/tutorial.py
[2024-04-25T13:28:17.334+0000] {processor.py:839} INFO - DAG(s) dict_keys(['tutorial']) retrieved from /home/airflow/.local/lib/python3.8/site-packages/airflow/example_dags/tutorial.py
[2024-04-25T13:28:17.378+0000] {logging_mixin.py:154} INFO - [2024-04-25T13:28:17.377+0000] {dag.py:2941} INFO - Sync 1 DAGs
[2024-04-25T13:28:17.423+0000] {logging_mixin.py:154} INFO - [2024-04-25T13:28:17.422+0000] {dag.py:3722} INFO - Setting next_dagrun for tutorial to 2024-04-24T13:28:17.422361+00:00, run_after=2024-04-25T13:28:17.422361+00:00
[2024-04-25T13:28:17.457+0000] {processor.py:179} INFO - Processing /home/airflow/.local/lib/python3.8/site-packages/airflow/example_dags/tutorial.py took 0.148 seconds
[2024-04-25T13:28:48.503+0000] {processor.py:157} INFO - Started process (PID=1049) to work on /home/airflow/.local/lib/python3.8/site-packages/airflow/example_dags/tutorial.py
[2024-04-25T13:28:48.508+0000] {processor.py:829} INFO - Processing file /home/airflow/.local/lib/python3.8/site-packages/airflow/example_dags/tutorial.py for tasks to queue
[2024-04-25T13:28:48.510+0000] {logging_mixin.py:154} INFO - [2024-04-25T13:28:48.509+0000] {dagbag.py:536} INFO - Filling up the DagBag from /home/airflow/.local/lib/python3.8/site-packages/airflow/example_dags/tutorial.py
[2024-04-25T13:28:48.524+0000] {processor.py:839} INFO - DAG(s) dict_keys(['tutorial']) retrieved from /home/airflow/.local/lib/python3.8/site-packages/airflow/example_dags/tutorial.py
[2024-04-25T13:28:48.563+0000] {logging_mixin.py:154} INFO - [2024-04-25T13:28:48.563+0000] {dag.py:2941} INFO - Sync 1 DAGs
[2024-04-25T13:28:48.601+0000] {logging_mixin.py:154} INFO - [2024-04-25T13:28:48.601+0000] {dag.py:3722} INFO - Setting next_dagrun for tutorial to 2024-04-24T13:28:48.600891+00:00, run_after=2024-04-25T13:28:48.600891+00:00
[2024-04-25T13:28:48.643+0000] {processor.py:179} INFO - Processing /home/airflow/.local/lib/python3.8/site-packages/airflow/example_dags/tutorial.py took 0.147 seconds
[2024-04-25T13:29:19.715+0000] {processor.py:157} INFO - Started process (PID=1295) to work on /home/airflow/.local/lib/python3.8/site-packages/airflow/example_dags/tutorial.py
[2024-04-25T13:29:19.718+0000] {processor.py:829} INFO - Processing file /home/airflow/.local/lib/python3.8/site-packages/airflow/example_dags/tutorial.py for tasks to queue
[2024-04-25T13:29:19.720+0000] {logging_mixin.py:154} INFO - [2024-04-25T13:29:19.719+0000] {dagbag.py:536} INFO - Filling up the DagBag from /home/airflow/.local/lib/python3.8/site-packages/airflow/example_dags/tutorial.py
[2024-04-25T13:29:19.734+0000] {processor.py:839} INFO - DAG(s) dict_keys(['tutorial']) retrieved from /home/airflow/.local/lib/python3.8/site-packages/airflow/example_dags/tutorial.py
[2024-04-25T13:29:19.776+0000] {logging_mixin.py:154} INFO - [2024-04-25T13:29:19.776+0000] {dag.py:2941} INFO - Sync 1 DAGs
[2024-04-25T13:29:19.819+0000] {logging_mixin.py:154} INFO - [2024-04-25T13:29:19.818+0000] {dag.py:3722} INFO - Setting next_dagrun for tutorial to 2024-04-24T13:29:19.818391+00:00, run_after=2024-04-25T13:29:19.818391+00:00
[2024-04-25T13:29:19.858+0000] {processor.py:179} INFO - Processing /home/airflow/.local/lib/python3.8/site-packages/airflow/example_dags/tutorial.py took 0.150 seconds
[2024-04-25T13:29:50.019+0000] {processor.py:157} INFO - Started process (PID=1538) to work on /home/airflow/.local/lib/python3.8/site-packages/airflow/example_dags/tutorial.py
[2024-04-25T13:29:50.021+0000] {processor.py:829} INFO - Processing file /home/airflow/.local/lib/python3.8/site-packages/airflow/example_dags/tutorial.py for tasks to queue
[2024-04-25T13:29:50.023+0000] {logging_mixin.py:154} INFO - [2024-04-25T13:29:50.022+0000] {dagbag.py:536} INFO - Filling up the DagBag from /home/airflow/.local/lib/python3.8/site-packages/airflow/example_dags/tutorial.py
[2024-04-25T13:29:50.033+0000] {processor.py:839} INFO - DAG(s) dict_keys(['tutorial']) retrieved from /home/airflow/.local/lib/python3.8/site-packages/airflow/example_dags/tutorial.py
[2024-04-25T13:29:50.070+0000] {logging_mixin.py:154} INFO - [2024-04-25T13:29:50.069+0000] {dag.py:2941} INFO - Sync 1 DAGs
[2024-04-25T13:29:50.102+0000] {logging_mixin.py:154} INFO - [2024-04-25T13:29:50.102+0000] {dag.py:3722} INFO - Setting next_dagrun for tutorial to 2024-04-24T13:29:50.101934+00:00, run_after=2024-04-25T13:29:50.101934+00:00
[2024-04-25T13:29:50.131+0000] {processor.py:179} INFO - Processing /home/airflow/.local/lib/python3.8/site-packages/airflow/example_dags/tutorial.py took 0.118 seconds
[2024-04-25T13:30:20.637+0000] {processor.py:157} INFO - Started process (PID=1781) to work on /home/airflow/.local/lib/python3.8/site-packages/airflow/example_dags/tutorial.py
[2024-04-25T13:30:20.640+0000] {processor.py:829} INFO - Processing file /home/airflow/.local/lib/python3.8/site-packages/airflow/example_dags/tutorial.py for tasks to queue
[2024-04-25T13:30:20.642+0000] {logging_mixin.py:154} INFO - [2024-04-25T13:30:20.641+0000] {dagbag.py:536} INFO - Filling up the DagBag from /home/airflow/.local/lib/python3.8/site-packages/airflow/example_dags/tutorial.py
[2024-04-25T13:30:20.655+0000] {processor.py:839} INFO - DAG(s) dict_keys(['tutorial']) retrieved from /home/airflow/.local/lib/python3.8/site-packages/airflow/example_dags/tutorial.py
[2024-04-25T13:30:20.697+0000] {logging_mixin.py:154} INFO - [2024-04-25T13:30:20.696+0000] {dag.py:2941} INFO - Sync 1 DAGs
[2024-04-25T13:30:20.742+0000] {logging_mixin.py:154} INFO - [2024-04-25T13:30:20.742+0000] {dag.py:3722} INFO - Setting next_dagrun for tutorial to 2024-04-24T13:30:20.741782+00:00, run_after=2024-04-25T13:30:20.741782+00:00
[2024-04-25T13:30:20.776+0000] {processor.py:179} INFO - Processing /home/airflow/.local/lib/python3.8/site-packages/airflow/example_dags/tutorial.py took 0.146 seconds
[2024-04-25T13:30:51.352+0000] {processor.py:157} INFO - Started process (PID=2025) to work on /home/airflow/.local/lib/python3.8/site-packages/airflow/example_dags/tutorial.py
[2024-04-25T13:30:51.354+0000] {processor.py:829} INFO - Processing file /home/airflow/.local/lib/python3.8/site-packages/airflow/example_dags/tutorial.py for tasks to queue
[2024-04-25T13:30:51.355+0000] {logging_mixin.py:154} INFO - [2024-04-25T13:30:51.355+0000] {dagbag.py:536} INFO - Filling up the DagBag from /home/airflow/.local/lib/python3.8/site-packages/airflow/example_dags/tutorial.py
[2024-04-25T13:30:51.372+0000] {processor.py:839} INFO - DAG(s) dict_keys(['tutorial']) retrieved from /home/airflow/.local/lib/python3.8/site-packages/airflow/example_dags/tutorial.py
[2024-04-25T13:30:51.409+0000] {logging_mixin.py:154} INFO - [2024-04-25T13:30:51.408+0000] {dag.py:2941} INFO - Sync 1 DAGs
[2024-04-25T13:30:51.446+0000] {logging_mixin.py:154} INFO - [2024-04-25T13:30:51.446+0000] {dag.py:3722} INFO - Setting next_dagrun for tutorial to 2024-04-24T13:30:51.446039+00:00, run_after=2024-04-25T13:30:51.446039+00:00
[2024-04-25T13:30:51.475+0000] {processor.py:179} INFO - Processing /home/airflow/.local/lib/python3.8/site-packages/airflow/example_dags/tutorial.py took 0.130 seconds
[2024-04-25T13:31:22.085+0000] {processor.py:157} INFO - Started process (PID=2268) to work on /home/airflow/.local/lib/python3.8/site-packages/airflow/example_dags/tutorial.py
[2024-04-25T13:31:22.088+0000] {processor.py:829} INFO - Processing file /home/airflow/.local/lib/python3.8/site-packages/airflow/example_dags/tutorial.py for tasks to queue
[2024-04-25T13:31:22.089+0000] {logging_mixin.py:154} INFO - [2024-04-25T13:31:22.089+0000] {dagbag.py:536} INFO - Filling up the DagBag from /home/airflow/.local/lib/python3.8/site-packages/airflow/example_dags/tutorial.py
[2024-04-25T13:31:22.106+0000] {processor.py:839} INFO - DAG(s) dict_keys(['tutorial']) retrieved from /home/airflow/.local/lib/python3.8/site-packages/airflow/example_dags/tutorial.py
[2024-04-25T13:31:22.152+0000] {logging_mixin.py:154} INFO - [2024-04-25T13:31:22.152+0000] {dag.py:2941} INFO - Sync 1 DAGs
[2024-04-25T13:31:22.186+0000] {logging_mixin.py:154} INFO - [2024-04-25T13:31:22.186+0000] {dag.py:3722} INFO - Setting next_dagrun for tutorial to 2024-04-24T13:31:22.186265+00:00, run_after=2024-04-25T13:31:22.186265+00:00
[2024-04-25T13:31:22.216+0000] {processor.py:179} INFO - Processing /home/airflow/.local/lib/python3.8/site-packages/airflow/example_dags/tutorial.py took 0.139 seconds
[2024-04-25T13:31:52.608+0000] {processor.py:157} INFO - Started process (PID=2511) to work on /home/airflow/.local/lib/python3.8/site-packages/airflow/example_dags/tutorial.py
[2024-04-25T13:31:52.610+0000] {processor.py:829} INFO - Processing file /home/airflow/.local/lib/python3.8/site-packages/airflow/example_dags/tutorial.py for tasks to queue
[2024-04-25T13:31:52.611+0000] {logging_mixin.py:154} INFO - [2024-04-25T13:31:52.611+0000] {dagbag.py:536} INFO - Filling up the DagBag from /home/airflow/.local/lib/python3.8/site-packages/airflow/example_dags/tutorial.py
[2024-04-25T13:31:52.628+0000] {processor.py:839} INFO - DAG(s) dict_keys(['tutorial']) retrieved from /home/airflow/.local/lib/python3.8/site-packages/airflow/example_dags/tutorial.py
[2024-04-25T13:31:52.671+0000] {logging_mixin.py:154} INFO - [2024-04-25T13:31:52.670+0000] {dag.py:2941} INFO - Sync 1 DAGs
[2024-04-25T13:31:52.709+0000] {logging_mixin.py:154} INFO - [2024-04-25T13:31:52.709+0000] {dag.py:3722} INFO - Setting next_dagrun for tutorial to 2024-04-24T13:31:52.709163+00:00, run_after=2024-04-25T13:31:52.709163+00:00
[2024-04-25T13:31:52.747+0000] {processor.py:179} INFO - Processing /home/airflow/.local/lib/python3.8/site-packages/airflow/example_dags/tutorial.py took 0.146 seconds
[2024-04-25T13:32:23.098+0000] {processor.py:157} INFO - Started process (PID=2754) to work on /home/airflow/.local/lib/python3.8/site-packages/airflow/example_dags/tutorial.py
[2024-04-25T13:32:23.100+0000] {processor.py:829} INFO - Processing file /home/airflow/.local/lib/python3.8/site-packages/airflow/example_dags/tutorial.py for tasks to queue
[2024-04-25T13:32:23.101+0000] {logging_mixin.py:154} INFO - [2024-04-25T13:32:23.101+0000] {dagbag.py:536} INFO - Filling up the DagBag from /home/airflow/.local/lib/python3.8/site-packages/airflow/example_dags/tutorial.py
[2024-04-25T13:32:23.114+0000] {processor.py:839} INFO - DAG(s) dict_keys(['tutorial']) retrieved from /home/airflow/.local/lib/python3.8/site-packages/airflow/example_dags/tutorial.py
[2024-04-25T13:32:23.148+0000] {logging_mixin.py:154} INFO - [2024-04-25T13:32:23.148+0000] {dag.py:2941} INFO - Sync 1 DAGs
[2024-04-25T13:32:23.192+0000] {logging_mixin.py:154} INFO - [2024-04-25T13:32:23.192+0000] {dag.py:3722} INFO - Setting next_dagrun for tutorial to 2024-04-24T13:32:23.191532+00:00, run_after=2024-04-25T13:32:23.191532+00:00
[2024-04-25T13:32:23.231+0000] {processor.py:179} INFO - Processing /home/airflow/.local/lib/python3.8/site-packages/airflow/example_dags/tutorial.py took 0.139 seconds
[2024-04-25T13:32:54.182+0000] {processor.py:157} INFO - Started process (PID=3000) to work on /home/airflow/.local/lib/python3.8/site-packages/airflow/example_dags/tutorial.py
[2024-04-25T13:32:54.184+0000] {processor.py:829} INFO - Processing file /home/airflow/.local/lib/python3.8/site-packages/airflow/example_dags/tutorial.py for tasks to queue
[2024-04-25T13:32:54.185+0000] {logging_mixin.py:154} INFO - [2024-04-25T13:32:54.185+0000] {dagbag.py:536} INFO - Filling up the DagBag from /home/airflow/.local/lib/python3.8/site-packages/airflow/example_dags/tutorial.py
[2024-04-25T13:32:54.201+0000] {processor.py:839} INFO - DAG(s) dict_keys(['tutorial']) retrieved from /home/airflow/.local/lib/python3.8/site-packages/airflow/example_dags/tutorial.py
[2024-04-25T13:32:54.252+0000] {logging_mixin.py:154} INFO - [2024-04-25T13:32:54.248+0000] {dag.py:2941} INFO - Sync 1 DAGs
[2024-04-25T13:32:54.321+0000] {logging_mixin.py:154} INFO - [2024-04-25T13:32:54.320+0000] {dag.py:3722} INFO - Setting next_dagrun for tutorial to 2024-04-24T13:32:54.320233+00:00, run_after=2024-04-25T13:32:54.320233+00:00
[2024-04-25T13:32:54.350+0000] {processor.py:179} INFO - Processing /home/airflow/.local/lib/python3.8/site-packages/airflow/example_dags/tutorial.py took 0.177 seconds
[2024-04-25T13:33:25.307+0000] {processor.py:157} INFO - Started process (PID=3248) to work on /home/airflow/.local/lib/python3.8/site-packages/airflow/example_dags/tutorial.py
[2024-04-25T13:33:25.311+0000] {processor.py:829} INFO - Processing file /home/airflow/.local/lib/python3.8/site-packages/airflow/example_dags/tutorial.py for tasks to queue
[2024-04-25T13:33:25.313+0000] {logging_mixin.py:154} INFO - [2024-04-25T13:33:25.313+0000] {dagbag.py:536} INFO - Filling up the DagBag from /home/airflow/.local/lib/python3.8/site-packages/airflow/example_dags/tutorial.py
[2024-04-25T13:33:25.328+0000] {processor.py:839} INFO - DAG(s) dict_keys(['tutorial']) retrieved from /home/airflow/.local/lib/python3.8/site-packages/airflow/example_dags/tutorial.py
[2024-04-25T13:33:25.371+0000] {logging_mixin.py:154} INFO - [2024-04-25T13:33:25.371+0000] {dag.py:2941} INFO - Sync 1 DAGs
[2024-04-25T13:33:25.422+0000] {logging_mixin.py:154} INFO - [2024-04-25T13:33:25.421+0000] {dag.py:3722} INFO - Setting next_dagrun for tutorial to 2024-04-24T13:33:25.421021+00:00, run_after=2024-04-25T13:33:25.421021+00:00
[2024-04-25T13:33:25.460+0000] {processor.py:179} INFO - Processing /home/airflow/.local/lib/python3.8/site-packages/airflow/example_dags/tutorial.py took 0.161 seconds
[2024-04-25T13:33:59.580+0000] {processor.py:157} INFO - Started process (PID=3502) to work on /home/airflow/.local/lib/python3.8/site-packages/airflow/example_dags/tutorial.py
[2024-04-25T13:33:59.586+0000] {processor.py:829} INFO - Processing file /home/airflow/.local/lib/python3.8/site-packages/airflow/example_dags/tutorial.py for tasks to queue
[2024-04-25T13:33:59.591+0000] {logging_mixin.py:154} INFO - [2024-04-25T13:33:59.590+0000] {dagbag.py:536} INFO - Filling up the DagBag from /home/airflow/.local/lib/python3.8/site-packages/airflow/example_dags/tutorial.py
[2024-04-25T13:33:59.638+0000] {processor.py:839} INFO - DAG(s) dict_keys(['tutorial']) retrieved from /home/airflow/.local/lib/python3.8/site-packages/airflow/example_dags/tutorial.py
[2024-04-25T13:33:59.766+0000] {logging_mixin.py:154} INFO - [2024-04-25T13:33:59.765+0000] {dag.py:2941} INFO - Sync 1 DAGs
[2024-04-25T13:33:59.910+0000] {logging_mixin.py:154} INFO - [2024-04-25T13:33:59.909+0000] {dag.py:3722} INFO - Setting next_dagrun for tutorial to 2024-04-24T13:33:59.907869+00:00, run_after=2024-04-25T13:33:59.907869+00:00
[2024-04-25T13:33:59.985+0000] {processor.py:179} INFO - Processing /home/airflow/.local/lib/python3.8/site-packages/airflow/example_dags/tutorial.py took 0.427 seconds
[2024-04-25T13:34:30.494+0000] {processor.py:157} INFO - Started process (PID=3747) to work on /home/airflow/.local/lib/python3.8/site-packages/airflow/example_dags/tutorial.py
[2024-04-25T13:34:30.498+0000] {processor.py:829} INFO - Processing file /home/airflow/.local/lib/python3.8/site-packages/airflow/example_dags/tutorial.py for tasks to queue
[2024-04-25T13:34:30.500+0000] {logging_mixin.py:154} INFO - [2024-04-25T13:34:30.499+0000] {dagbag.py:536} INFO - Filling up the DagBag from /home/airflow/.local/lib/python3.8/site-packages/airflow/example_dags/tutorial.py
[2024-04-25T13:34:30.511+0000] {processor.py:839} INFO - DAG(s) dict_keys(['tutorial']) retrieved from /home/airflow/.local/lib/python3.8/site-packages/airflow/example_dags/tutorial.py
[2024-04-25T13:34:30.550+0000] {logging_mixin.py:154} INFO - [2024-04-25T13:34:30.550+0000] {dag.py:2941} INFO - Sync 1 DAGs
[2024-04-25T13:34:30.582+0000] {logging_mixin.py:154} INFO - [2024-04-25T13:34:30.581+0000] {dag.py:3722} INFO - Setting next_dagrun for tutorial to 2024-04-24T13:34:30.581377+00:00, run_after=2024-04-25T13:34:30.581377+00:00
[2024-04-25T13:34:30.614+0000] {processor.py:179} INFO - Processing /home/airflow/.local/lib/python3.8/site-packages/airflow/example_dags/tutorial.py took 0.125 seconds
[2024-04-25T13:35:01.316+0000] {processor.py:157} INFO - Started process (PID=3991) to work on /home/airflow/.local/lib/python3.8/site-packages/airflow/example_dags/tutorial.py
[2024-04-25T13:35:01.317+0000] {processor.py:829} INFO - Processing file /home/airflow/.local/lib/python3.8/site-packages/airflow/example_dags/tutorial.py for tasks to queue
[2024-04-25T13:35:01.318+0000] {logging_mixin.py:154} INFO - [2024-04-25T13:35:01.318+0000] {dagbag.py:536} INFO - Filling up the DagBag from /home/airflow/.local/lib/python3.8/site-packages/airflow/example_dags/tutorial.py
[2024-04-25T13:35:01.329+0000] {processor.py:839} INFO - DAG(s) dict_keys(['tutorial']) retrieved from /home/airflow/.local/lib/python3.8/site-packages/airflow/example_dags/tutorial.py
[2024-04-25T13:35:01.362+0000] {logging_mixin.py:154} INFO - [2024-04-25T13:35:01.362+0000] {dag.py:2941} INFO - Sync 1 DAGs
[2024-04-25T13:35:01.395+0000] {logging_mixin.py:154} INFO - [2024-04-25T13:35:01.395+0000] {dag.py:3722} INFO - Setting next_dagrun for tutorial to 2024-04-24T13:35:01.394618+00:00, run_after=2024-04-25T13:35:01.394618+00:00
[2024-04-25T13:35:01.424+0000] {processor.py:179} INFO - Processing /home/airflow/.local/lib/python3.8/site-packages/airflow/example_dags/tutorial.py took 0.114 seconds
[2024-04-25T13:35:31.670+0000] {processor.py:157} INFO - Started process (PID=4235) to work on /home/airflow/.local/lib/python3.8/site-packages/airflow/example_dags/tutorial.py
[2024-04-25T13:35:31.672+0000] {processor.py:829} INFO - Processing file /home/airflow/.local/lib/python3.8/site-packages/airflow/example_dags/tutorial.py for tasks to queue
[2024-04-25T13:35:31.674+0000] {logging_mixin.py:154} INFO - [2024-04-25T13:35:31.673+0000] {dagbag.py:536} INFO - Filling up the DagBag from /home/airflow/.local/lib/python3.8/site-packages/airflow/example_dags/tutorial.py
[2024-04-25T13:35:31.686+0000] {processor.py:839} INFO - DAG(s) dict_keys(['tutorial']) retrieved from /home/airflow/.local/lib/python3.8/site-packages/airflow/example_dags/tutorial.py
[2024-04-25T13:35:31.719+0000] {logging_mixin.py:154} INFO - [2024-04-25T13:35:31.719+0000] {dag.py:2941} INFO - Sync 1 DAGs
[2024-04-25T13:35:31.752+0000] {logging_mixin.py:154} INFO - [2024-04-25T13:35:31.751+0000] {dag.py:3722} INFO - Setting next_dagrun for tutorial to 2024-04-24T13:35:31.751489+00:00, run_after=2024-04-25T13:35:31.751489+00:00
[2024-04-25T13:35:31.782+0000] {processor.py:179} INFO - Processing /home/airflow/.local/lib/python3.8/site-packages/airflow/example_dags/tutorial.py took 0.118 seconds
[2024-04-25T13:49:27.453+0000] {processor.py:157} INFO - Started process (PID=313) to work on /home/airflow/.local/lib/python3.8/site-packages/airflow/example_dags/tutorial.py
[2024-04-25T13:49:27.455+0000] {processor.py:829} INFO - Processing file /home/airflow/.local/lib/python3.8/site-packages/airflow/example_dags/tutorial.py for tasks to queue
[2024-04-25T13:49:27.457+0000] {logging_mixin.py:154} INFO - [2024-04-25T13:49:27.456+0000] {dagbag.py:536} INFO - Filling up the DagBag from /home/airflow/.local/lib/python3.8/site-packages/airflow/example_dags/tutorial.py
[2024-04-25T13:49:27.472+0000] {processor.py:839} INFO - DAG(s) dict_keys(['tutorial']) retrieved from /home/airflow/.local/lib/python3.8/site-packages/airflow/example_dags/tutorial.py
[2024-04-25T13:49:27.495+0000] {logging_mixin.py:154} INFO - [2024-04-25T13:49:27.494+0000] {dag.py:2941} INFO - Sync 1 DAGs
[2024-04-25T13:49:27.544+0000] {logging_mixin.py:154} INFO - [2024-04-25T13:49:27.544+0000] {dag.py:3722} INFO - Setting next_dagrun for tutorial to 2024-04-24T13:49:27.543464+00:00, run_after=2024-04-25T13:49:27.543464+00:00
[2024-04-25T13:49:27.582+0000] {processor.py:179} INFO - Processing /home/airflow/.local/lib/python3.8/site-packages/airflow/example_dags/tutorial.py took 0.137 seconds
[2024-04-25T13:49:58.498+0000] {processor.py:157} INFO - Started process (PID=557) to work on /home/airflow/.local/lib/python3.8/site-packages/airflow/example_dags/tutorial.py
[2024-04-25T13:49:58.501+0000] {processor.py:829} INFO - Processing file /home/airflow/.local/lib/python3.8/site-packages/airflow/example_dags/tutorial.py for tasks to queue
[2024-04-25T13:49:58.502+0000] {logging_mixin.py:154} INFO - [2024-04-25T13:49:58.501+0000] {dagbag.py:536} INFO - Filling up the DagBag from /home/airflow/.local/lib/python3.8/site-packages/airflow/example_dags/tutorial.py
[2024-04-25T13:49:58.514+0000] {processor.py:839} INFO - DAG(s) dict_keys(['tutorial']) retrieved from /home/airflow/.local/lib/python3.8/site-packages/airflow/example_dags/tutorial.py
[2024-04-25T13:49:58.550+0000] {logging_mixin.py:154} INFO - [2024-04-25T13:49:58.549+0000] {dag.py:2941} INFO - Sync 1 DAGs
[2024-04-25T13:49:58.584+0000] {logging_mixin.py:154} INFO - [2024-04-25T13:49:58.584+0000] {dag.py:3722} INFO - Setting next_dagrun for tutorial to 2024-04-24T13:49:58.583982+00:00, run_after=2024-04-25T13:49:58.583982+00:00
[2024-04-25T13:49:58.617+0000] {processor.py:179} INFO - Processing /home/airflow/.local/lib/python3.8/site-packages/airflow/example_dags/tutorial.py took 0.127 seconds
[2024-04-25T13:50:29.104+0000] {processor.py:157} INFO - Started process (PID=800) to work on /home/airflow/.local/lib/python3.8/site-packages/airflow/example_dags/tutorial.py
[2024-04-25T13:50:29.108+0000] {processor.py:829} INFO - Processing file /home/airflow/.local/lib/python3.8/site-packages/airflow/example_dags/tutorial.py for tasks to queue
[2024-04-25T13:50:29.109+0000] {logging_mixin.py:154} INFO - [2024-04-25T13:50:29.109+0000] {dagbag.py:536} INFO - Filling up the DagBag from /home/airflow/.local/lib/python3.8/site-packages/airflow/example_dags/tutorial.py
[2024-04-25T13:50:29.121+0000] {processor.py:839} INFO - DAG(s) dict_keys(['tutorial']) retrieved from /home/airflow/.local/lib/python3.8/site-packages/airflow/example_dags/tutorial.py
[2024-04-25T13:50:29.162+0000] {logging_mixin.py:154} INFO - [2024-04-25T13:50:29.161+0000] {dag.py:2941} INFO - Sync 1 DAGs
[2024-04-25T13:50:29.193+0000] {logging_mixin.py:154} INFO - [2024-04-25T13:50:29.193+0000] {dag.py:3722} INFO - Setting next_dagrun for tutorial to 2024-04-24T13:50:29.193151+00:00, run_after=2024-04-25T13:50:29.193151+00:00
[2024-04-25T13:50:29.221+0000] {processor.py:179} INFO - Processing /home/airflow/.local/lib/python3.8/site-packages/airflow/example_dags/tutorial.py took 0.124 seconds
[2024-04-25T13:51:00.326+0000] {processor.py:157} INFO - Started process (PID=1043) to work on /home/airflow/.local/lib/python3.8/site-packages/airflow/example_dags/tutorial.py
[2024-04-25T13:51:00.329+0000] {processor.py:829} INFO - Processing file /home/airflow/.local/lib/python3.8/site-packages/airflow/example_dags/tutorial.py for tasks to queue
[2024-04-25T13:51:00.330+0000] {logging_mixin.py:154} INFO - [2024-04-25T13:51:00.330+0000] {dagbag.py:536} INFO - Filling up the DagBag from /home/airflow/.local/lib/python3.8/site-packages/airflow/example_dags/tutorial.py
[2024-04-25T13:51:00.344+0000] {processor.py:839} INFO - DAG(s) dict_keys(['tutorial']) retrieved from /home/airflow/.local/lib/python3.8/site-packages/airflow/example_dags/tutorial.py
[2024-04-25T13:51:00.389+0000] {logging_mixin.py:154} INFO - [2024-04-25T13:51:00.389+0000] {dag.py:2941} INFO - Sync 1 DAGs
[2024-04-25T13:51:00.438+0000] {logging_mixin.py:154} INFO - [2024-04-25T13:51:00.437+0000] {dag.py:3722} INFO - Setting next_dagrun for tutorial to 2024-04-24T13:51:00.437066+00:00, run_after=2024-04-25T13:51:00.437066+00:00
[2024-04-25T13:51:00.473+0000] {processor.py:179} INFO - Processing /home/airflow/.local/lib/python3.8/site-packages/airflow/example_dags/tutorial.py took 0.154 seconds
[2024-04-25T13:51:30.884+0000] {processor.py:157} INFO - Started process (PID=1286) to work on /home/airflow/.local/lib/python3.8/site-packages/airflow/example_dags/tutorial.py
[2024-04-25T13:51:30.887+0000] {processor.py:829} INFO - Processing file /home/airflow/.local/lib/python3.8/site-packages/airflow/example_dags/tutorial.py for tasks to queue
[2024-04-25T13:51:30.888+0000] {logging_mixin.py:154} INFO - [2024-04-25T13:51:30.887+0000] {dagbag.py:536} INFO - Filling up the DagBag from /home/airflow/.local/lib/python3.8/site-packages/airflow/example_dags/tutorial.py
[2024-04-25T13:51:30.898+0000] {processor.py:839} INFO - DAG(s) dict_keys(['tutorial']) retrieved from /home/airflow/.local/lib/python3.8/site-packages/airflow/example_dags/tutorial.py
[2024-04-25T13:51:30.932+0000] {logging_mixin.py:154} INFO - [2024-04-25T13:51:30.932+0000] {dag.py:2941} INFO - Sync 1 DAGs
[2024-04-25T13:51:30.973+0000] {logging_mixin.py:154} INFO - [2024-04-25T13:51:30.972+0000] {dag.py:3722} INFO - Setting next_dagrun for tutorial to 2024-04-24T13:51:30.972124+00:00, run_after=2024-04-25T13:51:30.972124+00:00
[2024-04-25T13:51:31.005+0000] {processor.py:179} INFO - Processing /home/airflow/.local/lib/python3.8/site-packages/airflow/example_dags/tutorial.py took 0.128 seconds
[2024-04-25T13:52:01.377+0000] {processor.py:157} INFO - Started process (PID=1529) to work on /home/airflow/.local/lib/python3.8/site-packages/airflow/example_dags/tutorial.py
[2024-04-25T13:52:01.378+0000] {processor.py:829} INFO - Processing file /home/airflow/.local/lib/python3.8/site-packages/airflow/example_dags/tutorial.py for tasks to queue
[2024-04-25T13:52:01.380+0000] {logging_mixin.py:154} INFO - [2024-04-25T13:52:01.379+0000] {dagbag.py:536} INFO - Filling up the DagBag from /home/airflow/.local/lib/python3.8/site-packages/airflow/example_dags/tutorial.py
[2024-04-25T13:52:01.395+0000] {processor.py:839} INFO - DAG(s) dict_keys(['tutorial']) retrieved from /home/airflow/.local/lib/python3.8/site-packages/airflow/example_dags/tutorial.py
[2024-04-25T13:52:01.442+0000] {logging_mixin.py:154} INFO - [2024-04-25T13:52:01.441+0000] {dag.py:2941} INFO - Sync 1 DAGs
[2024-04-25T13:52:01.491+0000] {logging_mixin.py:154} INFO - [2024-04-25T13:52:01.490+0000] {dag.py:3722} INFO - Setting next_dagrun for tutorial to 2024-04-24T13:52:01.490601+00:00, run_after=2024-04-25T13:52:01.490601+00:00
[2024-04-25T13:52:01.524+0000] {processor.py:179} INFO - Processing /home/airflow/.local/lib/python3.8/site-packages/airflow/example_dags/tutorial.py took 0.156 seconds
[2024-04-25T13:52:32.660+0000] {processor.py:157} INFO - Started process (PID=1776) to work on /home/airflow/.local/lib/python3.8/site-packages/airflow/example_dags/tutorial.py
[2024-04-25T13:52:32.664+0000] {processor.py:829} INFO - Processing file /home/airflow/.local/lib/python3.8/site-packages/airflow/example_dags/tutorial.py for tasks to queue
[2024-04-25T13:52:32.666+0000] {logging_mixin.py:154} INFO - [2024-04-25T13:52:32.665+0000] {dagbag.py:536} INFO - Filling up the DagBag from /home/airflow/.local/lib/python3.8/site-packages/airflow/example_dags/tutorial.py
[2024-04-25T13:52:32.680+0000] {processor.py:839} INFO - DAG(s) dict_keys(['tutorial']) retrieved from /home/airflow/.local/lib/python3.8/site-packages/airflow/example_dags/tutorial.py
[2024-04-25T13:52:32.720+0000] {logging_mixin.py:154} INFO - [2024-04-25T13:52:32.720+0000] {dag.py:2941} INFO - Sync 1 DAGs
[2024-04-25T13:52:32.751+0000] {logging_mixin.py:154} INFO - [2024-04-25T13:52:32.750+0000] {dag.py:3722} INFO - Setting next_dagrun for tutorial to 2024-04-24T13:52:32.750629+00:00, run_after=2024-04-25T13:52:32.750629+00:00
[2024-04-25T13:52:32.779+0000] {processor.py:179} INFO - Processing /home/airflow/.local/lib/python3.8/site-packages/airflow/example_dags/tutorial.py took 0.127 seconds
[2024-04-25T13:53:04.632+0000] {processor.py:157} INFO - Started process (PID=2024) to work on /home/airflow/.local/lib/python3.8/site-packages/airflow/example_dags/tutorial.py
[2024-04-25T13:53:04.635+0000] {processor.py:829} INFO - Processing file /home/airflow/.local/lib/python3.8/site-packages/airflow/example_dags/tutorial.py for tasks to queue
[2024-04-25T13:53:04.636+0000] {logging_mixin.py:154} INFO - [2024-04-25T13:53:04.636+0000] {dagbag.py:536} INFO - Filling up the DagBag from /home/airflow/.local/lib/python3.8/site-packages/airflow/example_dags/tutorial.py
[2024-04-25T13:53:04.653+0000] {processor.py:839} INFO - DAG(s) dict_keys(['tutorial']) retrieved from /home/airflow/.local/lib/python3.8/site-packages/airflow/example_dags/tutorial.py
[2024-04-25T13:53:04.705+0000] {logging_mixin.py:154} INFO - [2024-04-25T13:53:04.705+0000] {dag.py:2941} INFO - Sync 1 DAGs
[2024-04-25T13:53:04.756+0000] {logging_mixin.py:154} INFO - [2024-04-25T13:53:04.755+0000] {dag.py:3722} INFO - Setting next_dagrun for tutorial to 2024-04-24T13:53:04.755130+00:00, run_after=2024-04-25T13:53:04.755130+00:00
[2024-04-25T13:53:04.793+0000] {processor.py:179} INFO - Processing /home/airflow/.local/lib/python3.8/site-packages/airflow/example_dags/tutorial.py took 0.170 seconds
[2024-04-25T13:53:35.153+0000] {processor.py:157} INFO - Started process (PID=2265) to work on /home/airflow/.local/lib/python3.8/site-packages/airflow/example_dags/tutorial.py
[2024-04-25T13:53:35.155+0000] {processor.py:829} INFO - Processing file /home/airflow/.local/lib/python3.8/site-packages/airflow/example_dags/tutorial.py for tasks to queue
[2024-04-25T13:53:35.157+0000] {logging_mixin.py:154} INFO - [2024-04-25T13:53:35.156+0000] {dagbag.py:536} INFO - Filling up the DagBag from /home/airflow/.local/lib/python3.8/site-packages/airflow/example_dags/tutorial.py
[2024-04-25T13:53:35.174+0000] {processor.py:839} INFO - DAG(s) dict_keys(['tutorial']) retrieved from /home/airflow/.local/lib/python3.8/site-packages/airflow/example_dags/tutorial.py
[2024-04-25T13:53:35.211+0000] {logging_mixin.py:154} INFO - [2024-04-25T13:53:35.211+0000] {dag.py:2941} INFO - Sync 1 DAGs
[2024-04-25T13:53:35.250+0000] {logging_mixin.py:154} INFO - [2024-04-25T13:53:35.250+0000] {dag.py:3722} INFO - Setting next_dagrun for tutorial to 2024-04-24T13:53:35.249438+00:00, run_after=2024-04-25T13:53:35.249438+00:00
[2024-04-25T13:53:35.278+0000] {processor.py:179} INFO - Processing /home/airflow/.local/lib/python3.8/site-packages/airflow/example_dags/tutorial.py took 0.133 seconds
