[2024-04-25T12:37:58.538+0000] {processor.py:157} INFO - Started process (PID=193) to work on /home/airflow/.local/lib/python3.8/site-packages/airflow/example_dags/tutorial_taskflow_api_virtualenv.py
[2024-04-25T12:37:58.539+0000] {processor.py:829} INFO - Processing file /home/airflow/.local/lib/python3.8/site-packages/airflow/example_dags/tutorial_taskflow_api_virtualenv.py for tasks to queue
[2024-04-25T12:37:58.540+0000] {logging_mixin.py:154} INFO - [2024-04-25T12:37:58.540+0000] {dagbag.py:536} INFO - Filling up the DagBag from /home/airflow/.local/lib/python3.8/site-packages/airflow/example_dags/tutorial_taskflow_api_virtualenv.py
[2024-04-25T12:37:58.558+0000] {processor.py:839} INFO - DAG(s) dict_keys(['tutorial_taskflow_api_virtualenv']) retrieved from /home/airflow/.local/lib/python3.8/site-packages/airflow/example_dags/tutorial_taskflow_api_virtualenv.py
[2024-04-25T12:37:58.782+0000] {logging_mixin.py:154} INFO - [2024-04-25T12:37:58.782+0000] {manager.py:499} INFO - Created Permission View: %s
[2024-04-25T12:37:58.801+0000] {logging_mixin.py:154} INFO - [2024-04-25T12:37:58.801+0000] {manager.py:499} INFO - Created Permission View: %s
[2024-04-25T12:37:58.812+0000] {logging_mixin.py:154} INFO - [2024-04-25T12:37:58.812+0000] {manager.py:499} INFO - Created Permission View: %s
[2024-04-25T12:37:58.813+0000] {logging_mixin.py:154} INFO - [2024-04-25T12:37:58.812+0000] {dag.py:2941} INFO - Sync 1 DAGs
[2024-04-25T12:37:58.835+0000] {logging_mixin.py:154} INFO - [2024-04-25T12:37:58.835+0000] {dag.py:2963} INFO - Creating ORM DAG for tutorial_taskflow_api_virtualenv
[2024-04-25T12:37:58.836+0000] {logging_mixin.py:154} INFO - [2024-04-25T12:37:58.836+0000] {dag.py:3722} INFO - Setting next_dagrun for tutorial_taskflow_api_virtualenv to None, run_after=None
[2024-04-25T12:37:58.863+0000] {processor.py:179} INFO - Processing /home/airflow/.local/lib/python3.8/site-packages/airflow/example_dags/tutorial_taskflow_api_virtualenv.py took 0.333 seconds
[2024-04-25T12:38:29.502+0000] {processor.py:157} INFO - Started process (PID=436) to work on /home/airflow/.local/lib/python3.8/site-packages/airflow/example_dags/tutorial_taskflow_api_virtualenv.py
[2024-04-25T12:38:29.505+0000] {processor.py:829} INFO - Processing file /home/airflow/.local/lib/python3.8/site-packages/airflow/example_dags/tutorial_taskflow_api_virtualenv.py for tasks to queue
[2024-04-25T12:38:29.507+0000] {logging_mixin.py:154} INFO - [2024-04-25T12:38:29.506+0000] {dagbag.py:536} INFO - Filling up the DagBag from /home/airflow/.local/lib/python3.8/site-packages/airflow/example_dags/tutorial_taskflow_api_virtualenv.py
[2024-04-25T12:38:29.525+0000] {processor.py:839} INFO - DAG(s) dict_keys(['tutorial_taskflow_api_virtualenv']) retrieved from /home/airflow/.local/lib/python3.8/site-packages/airflow/example_dags/tutorial_taskflow_api_virtualenv.py
[2024-04-25T12:38:29.573+0000] {logging_mixin.py:154} INFO - [2024-04-25T12:38:29.573+0000] {dag.py:2941} INFO - Sync 1 DAGs
[2024-04-25T12:38:29.602+0000] {logging_mixin.py:154} INFO - [2024-04-25T12:38:29.602+0000] {dag.py:3722} INFO - Setting next_dagrun for tutorial_taskflow_api_virtualenv to None, run_after=None
[2024-04-25T12:38:29.643+0000] {processor.py:179} INFO - Processing /home/airflow/.local/lib/python3.8/site-packages/airflow/example_dags/tutorial_taskflow_api_virtualenv.py took 0.149 seconds
[2024-04-25T12:39:00.071+0000] {processor.py:157} INFO - Started process (PID=682) to work on /home/airflow/.local/lib/python3.8/site-packages/airflow/example_dags/tutorial_taskflow_api_virtualenv.py
[2024-04-25T12:39:00.078+0000] {processor.py:829} INFO - Processing file /home/airflow/.local/lib/python3.8/site-packages/airflow/example_dags/tutorial_taskflow_api_virtualenv.py for tasks to queue
[2024-04-25T12:39:00.079+0000] {logging_mixin.py:154} INFO - [2024-04-25T12:39:00.079+0000] {dagbag.py:536} INFO - Filling up the DagBag from /home/airflow/.local/lib/python3.8/site-packages/airflow/example_dags/tutorial_taskflow_api_virtualenv.py
[2024-04-25T12:39:00.091+0000] {processor.py:839} INFO - DAG(s) dict_keys(['tutorial_taskflow_api_virtualenv']) retrieved from /home/airflow/.local/lib/python3.8/site-packages/airflow/example_dags/tutorial_taskflow_api_virtualenv.py
[2024-04-25T12:39:00.126+0000] {logging_mixin.py:154} INFO - [2024-04-25T12:39:00.126+0000] {dag.py:2941} INFO - Sync 1 DAGs
[2024-04-25T12:39:00.143+0000] {logging_mixin.py:154} INFO - [2024-04-25T12:39:00.143+0000] {dag.py:3722} INFO - Setting next_dagrun for tutorial_taskflow_api_virtualenv to None, run_after=None
[2024-04-25T12:39:00.169+0000] {processor.py:179} INFO - Processing /home/airflow/.local/lib/python3.8/site-packages/airflow/example_dags/tutorial_taskflow_api_virtualenv.py took 0.104 seconds
[2024-04-25T12:39:30.486+0000] {processor.py:157} INFO - Started process (PID=923) to work on /home/airflow/.local/lib/python3.8/site-packages/airflow/example_dags/tutorial_taskflow_api_virtualenv.py
[2024-04-25T12:39:30.487+0000] {processor.py:829} INFO - Processing file /home/airflow/.local/lib/python3.8/site-packages/airflow/example_dags/tutorial_taskflow_api_virtualenv.py for tasks to queue
[2024-04-25T12:39:30.488+0000] {logging_mixin.py:154} INFO - [2024-04-25T12:39:30.488+0000] {dagbag.py:536} INFO - Filling up the DagBag from /home/airflow/.local/lib/python3.8/site-packages/airflow/example_dags/tutorial_taskflow_api_virtualenv.py
[2024-04-25T12:39:30.499+0000] {processor.py:839} INFO - DAG(s) dict_keys(['tutorial_taskflow_api_virtualenv']) retrieved from /home/airflow/.local/lib/python3.8/site-packages/airflow/example_dags/tutorial_taskflow_api_virtualenv.py
[2024-04-25T12:39:30.537+0000] {logging_mixin.py:154} INFO - [2024-04-25T12:39:30.537+0000] {dag.py:2941} INFO - Sync 1 DAGs
[2024-04-25T12:39:30.560+0000] {logging_mixin.py:154} INFO - [2024-04-25T12:39:30.560+0000] {dag.py:3722} INFO - Setting next_dagrun for tutorial_taskflow_api_virtualenv to None, run_after=None
[2024-04-25T12:39:30.590+0000] {processor.py:179} INFO - Processing /home/airflow/.local/lib/python3.8/site-packages/airflow/example_dags/tutorial_taskflow_api_virtualenv.py took 0.110 seconds
[2024-04-25T12:40:01.508+0000] {processor.py:157} INFO - Started process (PID=1166) to work on /home/airflow/.local/lib/python3.8/site-packages/airflow/example_dags/tutorial_taskflow_api_virtualenv.py
[2024-04-25T12:40:01.510+0000] {processor.py:829} INFO - Processing file /home/airflow/.local/lib/python3.8/site-packages/airflow/example_dags/tutorial_taskflow_api_virtualenv.py for tasks to queue
[2024-04-25T12:40:01.512+0000] {logging_mixin.py:154} INFO - [2024-04-25T12:40:01.511+0000] {dagbag.py:536} INFO - Filling up the DagBag from /home/airflow/.local/lib/python3.8/site-packages/airflow/example_dags/tutorial_taskflow_api_virtualenv.py
[2024-04-25T12:40:01.523+0000] {processor.py:839} INFO - DAG(s) dict_keys(['tutorial_taskflow_api_virtualenv']) retrieved from /home/airflow/.local/lib/python3.8/site-packages/airflow/example_dags/tutorial_taskflow_api_virtualenv.py
[2024-04-25T12:40:01.555+0000] {logging_mixin.py:154} INFO - [2024-04-25T12:40:01.555+0000] {dag.py:2941} INFO - Sync 1 DAGs
[2024-04-25T12:40:01.574+0000] {logging_mixin.py:154} INFO - [2024-04-25T12:40:01.573+0000] {dag.py:3722} INFO - Setting next_dagrun for tutorial_taskflow_api_virtualenv to None, run_after=None
[2024-04-25T12:40:01.602+0000] {processor.py:179} INFO - Processing /home/airflow/.local/lib/python3.8/site-packages/airflow/example_dags/tutorial_taskflow_api_virtualenv.py took 0.099 seconds
[2024-04-25T12:40:31.684+0000] {processor.py:157} INFO - Started process (PID=1406) to work on /home/airflow/.local/lib/python3.8/site-packages/airflow/example_dags/tutorial_taskflow_api_virtualenv.py
[2024-04-25T12:40:31.686+0000] {processor.py:829} INFO - Processing file /home/airflow/.local/lib/python3.8/site-packages/airflow/example_dags/tutorial_taskflow_api_virtualenv.py for tasks to queue
[2024-04-25T12:40:31.687+0000] {logging_mixin.py:154} INFO - [2024-04-25T12:40:31.687+0000] {dagbag.py:536} INFO - Filling up the DagBag from /home/airflow/.local/lib/python3.8/site-packages/airflow/example_dags/tutorial_taskflow_api_virtualenv.py
[2024-04-25T12:40:31.698+0000] {processor.py:839} INFO - DAG(s) dict_keys(['tutorial_taskflow_api_virtualenv']) retrieved from /home/airflow/.local/lib/python3.8/site-packages/airflow/example_dags/tutorial_taskflow_api_virtualenv.py
[2024-04-25T12:40:31.730+0000] {logging_mixin.py:154} INFO - [2024-04-25T12:40:31.729+0000] {dag.py:2941} INFO - Sync 1 DAGs
[2024-04-25T12:40:31.747+0000] {logging_mixin.py:154} INFO - [2024-04-25T12:40:31.746+0000] {dag.py:3722} INFO - Setting next_dagrun for tutorial_taskflow_api_virtualenv to None, run_after=None
[2024-04-25T12:40:31.774+0000] {processor.py:179} INFO - Processing /home/airflow/.local/lib/python3.8/site-packages/airflow/example_dags/tutorial_taskflow_api_virtualenv.py took 0.096 seconds
[2024-04-25T12:41:02.049+0000] {processor.py:157} INFO - Started process (PID=1647) to work on /home/airflow/.local/lib/python3.8/site-packages/airflow/example_dags/tutorial_taskflow_api_virtualenv.py
[2024-04-25T12:41:02.051+0000] {processor.py:829} INFO - Processing file /home/airflow/.local/lib/python3.8/site-packages/airflow/example_dags/tutorial_taskflow_api_virtualenv.py for tasks to queue
[2024-04-25T12:41:02.052+0000] {logging_mixin.py:154} INFO - [2024-04-25T12:41:02.052+0000] {dagbag.py:536} INFO - Filling up the DagBag from /home/airflow/.local/lib/python3.8/site-packages/airflow/example_dags/tutorial_taskflow_api_virtualenv.py
[2024-04-25T12:41:02.063+0000] {processor.py:839} INFO - DAG(s) dict_keys(['tutorial_taskflow_api_virtualenv']) retrieved from /home/airflow/.local/lib/python3.8/site-packages/airflow/example_dags/tutorial_taskflow_api_virtualenv.py
[2024-04-25T12:41:02.096+0000] {logging_mixin.py:154} INFO - [2024-04-25T12:41:02.096+0000] {dag.py:2941} INFO - Sync 1 DAGs
[2024-04-25T12:41:02.116+0000] {logging_mixin.py:154} INFO - [2024-04-25T12:41:02.116+0000] {dag.py:3722} INFO - Setting next_dagrun for tutorial_taskflow_api_virtualenv to None, run_after=None
[2024-04-25T12:41:02.144+0000] {processor.py:179} INFO - Processing /home/airflow/.local/lib/python3.8/site-packages/airflow/example_dags/tutorial_taskflow_api_virtualenv.py took 0.102 seconds
[2024-04-25T12:41:32.246+0000] {processor.py:157} INFO - Started process (PID=1890) to work on /home/airflow/.local/lib/python3.8/site-packages/airflow/example_dags/tutorial_taskflow_api_virtualenv.py
[2024-04-25T12:41:32.247+0000] {processor.py:829} INFO - Processing file /home/airflow/.local/lib/python3.8/site-packages/airflow/example_dags/tutorial_taskflow_api_virtualenv.py for tasks to queue
[2024-04-25T12:41:32.249+0000] {logging_mixin.py:154} INFO - [2024-04-25T12:41:32.248+0000] {dagbag.py:536} INFO - Filling up the DagBag from /home/airflow/.local/lib/python3.8/site-packages/airflow/example_dags/tutorial_taskflow_api_virtualenv.py
[2024-04-25T12:41:32.258+0000] {processor.py:839} INFO - DAG(s) dict_keys(['tutorial_taskflow_api_virtualenv']) retrieved from /home/airflow/.local/lib/python3.8/site-packages/airflow/example_dags/tutorial_taskflow_api_virtualenv.py
[2024-04-25T12:41:32.294+0000] {logging_mixin.py:154} INFO - [2024-04-25T12:41:32.293+0000] {dag.py:2941} INFO - Sync 1 DAGs
[2024-04-25T12:41:32.314+0000] {logging_mixin.py:154} INFO - [2024-04-25T12:41:32.314+0000] {dag.py:3722} INFO - Setting next_dagrun for tutorial_taskflow_api_virtualenv to None, run_after=None
[2024-04-25T12:41:32.339+0000] {processor.py:179} INFO - Processing /home/airflow/.local/lib/python3.8/site-packages/airflow/example_dags/tutorial_taskflow_api_virtualenv.py took 0.098 seconds
[2024-04-25T12:42:02.752+0000] {processor.py:157} INFO - Started process (PID=2137) to work on /home/airflow/.local/lib/python3.8/site-packages/airflow/example_dags/tutorial_taskflow_api_virtualenv.py
[2024-04-25T12:42:02.755+0000] {processor.py:829} INFO - Processing file /home/airflow/.local/lib/python3.8/site-packages/airflow/example_dags/tutorial_taskflow_api_virtualenv.py for tasks to queue
[2024-04-25T12:42:02.757+0000] {logging_mixin.py:154} INFO - [2024-04-25T12:42:02.756+0000] {dagbag.py:536} INFO - Filling up the DagBag from /home/airflow/.local/lib/python3.8/site-packages/airflow/example_dags/tutorial_taskflow_api_virtualenv.py
[2024-04-25T12:42:02.772+0000] {processor.py:839} INFO - DAG(s) dict_keys(['tutorial_taskflow_api_virtualenv']) retrieved from /home/airflow/.local/lib/python3.8/site-packages/airflow/example_dags/tutorial_taskflow_api_virtualenv.py
[2024-04-25T12:42:02.824+0000] {logging_mixin.py:154} INFO - [2024-04-25T12:42:02.823+0000] {dag.py:2941} INFO - Sync 1 DAGs
[2024-04-25T12:42:02.856+0000] {logging_mixin.py:154} INFO - [2024-04-25T12:42:02.855+0000] {dag.py:3722} INFO - Setting next_dagrun for tutorial_taskflow_api_virtualenv to None, run_after=None
[2024-04-25T12:42:02.903+0000] {processor.py:179} INFO - Processing /home/airflow/.local/lib/python3.8/site-packages/airflow/example_dags/tutorial_taskflow_api_virtualenv.py took 0.158 seconds
[2024-04-25T12:42:33.433+0000] {processor.py:157} INFO - Started process (PID=2385) to work on /home/airflow/.local/lib/python3.8/site-packages/airflow/example_dags/tutorial_taskflow_api_virtualenv.py
[2024-04-25T12:42:33.435+0000] {processor.py:829} INFO - Processing file /home/airflow/.local/lib/python3.8/site-packages/airflow/example_dags/tutorial_taskflow_api_virtualenv.py for tasks to queue
[2024-04-25T12:42:33.436+0000] {logging_mixin.py:154} INFO - [2024-04-25T12:42:33.436+0000] {dagbag.py:536} INFO - Filling up the DagBag from /home/airflow/.local/lib/python3.8/site-packages/airflow/example_dags/tutorial_taskflow_api_virtualenv.py
[2024-04-25T12:42:33.448+0000] {processor.py:839} INFO - DAG(s) dict_keys(['tutorial_taskflow_api_virtualenv']) retrieved from /home/airflow/.local/lib/python3.8/site-packages/airflow/example_dags/tutorial_taskflow_api_virtualenv.py
[2024-04-25T12:42:33.487+0000] {logging_mixin.py:154} INFO - [2024-04-25T12:42:33.487+0000] {dag.py:2941} INFO - Sync 1 DAGs
[2024-04-25T12:42:33.510+0000] {logging_mixin.py:154} INFO - [2024-04-25T12:42:33.509+0000] {dag.py:3722} INFO - Setting next_dagrun for tutorial_taskflow_api_virtualenv to None, run_after=None
[2024-04-25T12:42:33.543+0000] {processor.py:179} INFO - Processing /home/airflow/.local/lib/python3.8/site-packages/airflow/example_dags/tutorial_taskflow_api_virtualenv.py took 0.116 seconds
[2024-04-25T12:43:04.305+0000] {processor.py:157} INFO - Started process (PID=2628) to work on /home/airflow/.local/lib/python3.8/site-packages/airflow/example_dags/tutorial_taskflow_api_virtualenv.py
[2024-04-25T12:43:04.307+0000] {processor.py:829} INFO - Processing file /home/airflow/.local/lib/python3.8/site-packages/airflow/example_dags/tutorial_taskflow_api_virtualenv.py for tasks to queue
[2024-04-25T12:43:04.308+0000] {logging_mixin.py:154} INFO - [2024-04-25T12:43:04.308+0000] {dagbag.py:536} INFO - Filling up the DagBag from /home/airflow/.local/lib/python3.8/site-packages/airflow/example_dags/tutorial_taskflow_api_virtualenv.py
[2024-04-25T12:43:04.320+0000] {processor.py:839} INFO - DAG(s) dict_keys(['tutorial_taskflow_api_virtualenv']) retrieved from /home/airflow/.local/lib/python3.8/site-packages/airflow/example_dags/tutorial_taskflow_api_virtualenv.py
[2024-04-25T12:43:04.355+0000] {logging_mixin.py:154} INFO - [2024-04-25T12:43:04.354+0000] {dag.py:2941} INFO - Sync 1 DAGs
[2024-04-25T12:43:04.374+0000] {logging_mixin.py:154} INFO - [2024-04-25T12:43:04.374+0000] {dag.py:3722} INFO - Setting next_dagrun for tutorial_taskflow_api_virtualenv to None, run_after=None
[2024-04-25T12:43:04.403+0000] {processor.py:179} INFO - Processing /home/airflow/.local/lib/python3.8/site-packages/airflow/example_dags/tutorial_taskflow_api_virtualenv.py took 0.104 seconds
[2024-04-25T12:43:35.108+0000] {processor.py:157} INFO - Started process (PID=2877) to work on /home/airflow/.local/lib/python3.8/site-packages/airflow/example_dags/tutorial_taskflow_api_virtualenv.py
[2024-04-25T12:43:35.110+0000] {processor.py:829} INFO - Processing file /home/airflow/.local/lib/python3.8/site-packages/airflow/example_dags/tutorial_taskflow_api_virtualenv.py for tasks to queue
[2024-04-25T12:43:35.112+0000] {logging_mixin.py:154} INFO - [2024-04-25T12:43:35.111+0000] {dagbag.py:536} INFO - Filling up the DagBag from /home/airflow/.local/lib/python3.8/site-packages/airflow/example_dags/tutorial_taskflow_api_virtualenv.py
[2024-04-25T12:43:35.126+0000] {processor.py:839} INFO - DAG(s) dict_keys(['tutorial_taskflow_api_virtualenv']) retrieved from /home/airflow/.local/lib/python3.8/site-packages/airflow/example_dags/tutorial_taskflow_api_virtualenv.py
[2024-04-25T12:43:35.171+0000] {logging_mixin.py:154} INFO - [2024-04-25T12:43:35.170+0000] {dag.py:2941} INFO - Sync 1 DAGs
[2024-04-25T12:43:35.198+0000] {logging_mixin.py:154} INFO - [2024-04-25T12:43:35.198+0000] {dag.py:3722} INFO - Setting next_dagrun for tutorial_taskflow_api_virtualenv to None, run_after=None
[2024-04-25T12:43:35.233+0000] {processor.py:179} INFO - Processing /home/airflow/.local/lib/python3.8/site-packages/airflow/example_dags/tutorial_taskflow_api_virtualenv.py took 0.131 seconds
[2024-04-25T12:44:05.365+0000] {processor.py:157} INFO - Started process (PID=3122) to work on /home/airflow/.local/lib/python3.8/site-packages/airflow/example_dags/tutorial_taskflow_api_virtualenv.py
[2024-04-25T12:44:05.370+0000] {processor.py:829} INFO - Processing file /home/airflow/.local/lib/python3.8/site-packages/airflow/example_dags/tutorial_taskflow_api_virtualenv.py for tasks to queue
[2024-04-25T12:44:05.372+0000] {logging_mixin.py:154} INFO - [2024-04-25T12:44:05.371+0000] {dagbag.py:536} INFO - Filling up the DagBag from /home/airflow/.local/lib/python3.8/site-packages/airflow/example_dags/tutorial_taskflow_api_virtualenv.py
[2024-04-25T12:44:05.390+0000] {processor.py:839} INFO - DAG(s) dict_keys(['tutorial_taskflow_api_virtualenv']) retrieved from /home/airflow/.local/lib/python3.8/site-packages/airflow/example_dags/tutorial_taskflow_api_virtualenv.py
[2024-04-25T12:44:05.435+0000] {logging_mixin.py:154} INFO - [2024-04-25T12:44:05.435+0000] {dag.py:2941} INFO - Sync 1 DAGs
[2024-04-25T12:44:05.463+0000] {logging_mixin.py:154} INFO - [2024-04-25T12:44:05.462+0000] {dag.py:3722} INFO - Setting next_dagrun for tutorial_taskflow_api_virtualenv to None, run_after=None
[2024-04-25T12:44:05.498+0000] {processor.py:179} INFO - Processing /home/airflow/.local/lib/python3.8/site-packages/airflow/example_dags/tutorial_taskflow_api_virtualenv.py took 0.140 seconds
[2024-04-25T12:44:35.913+0000] {processor.py:157} INFO - Started process (PID=3369) to work on /home/airflow/.local/lib/python3.8/site-packages/airflow/example_dags/tutorial_taskflow_api_virtualenv.py
[2024-04-25T12:44:35.916+0000] {processor.py:829} INFO - Processing file /home/airflow/.local/lib/python3.8/site-packages/airflow/example_dags/tutorial_taskflow_api_virtualenv.py for tasks to queue
[2024-04-25T12:44:35.917+0000] {logging_mixin.py:154} INFO - [2024-04-25T12:44:35.917+0000] {dagbag.py:536} INFO - Filling up the DagBag from /home/airflow/.local/lib/python3.8/site-packages/airflow/example_dags/tutorial_taskflow_api_virtualenv.py
[2024-04-25T12:44:35.933+0000] {processor.py:839} INFO - DAG(s) dict_keys(['tutorial_taskflow_api_virtualenv']) retrieved from /home/airflow/.local/lib/python3.8/site-packages/airflow/example_dags/tutorial_taskflow_api_virtualenv.py
[2024-04-25T12:44:35.976+0000] {logging_mixin.py:154} INFO - [2024-04-25T12:44:35.975+0000] {dag.py:2941} INFO - Sync 1 DAGs
[2024-04-25T12:44:36.000+0000] {logging_mixin.py:154} INFO - [2024-04-25T12:44:35.999+0000] {dag.py:3722} INFO - Setting next_dagrun for tutorial_taskflow_api_virtualenv to None, run_after=None
[2024-04-25T12:44:36.030+0000] {processor.py:179} INFO - Processing /home/airflow/.local/lib/python3.8/site-packages/airflow/example_dags/tutorial_taskflow_api_virtualenv.py took 0.125 seconds
[2024-04-25T12:45:06.601+0000] {processor.py:157} INFO - Started process (PID=3612) to work on /home/airflow/.local/lib/python3.8/site-packages/airflow/example_dags/tutorial_taskflow_api_virtualenv.py
[2024-04-25T12:45:06.603+0000] {processor.py:829} INFO - Processing file /home/airflow/.local/lib/python3.8/site-packages/airflow/example_dags/tutorial_taskflow_api_virtualenv.py for tasks to queue
[2024-04-25T12:45:06.604+0000] {logging_mixin.py:154} INFO - [2024-04-25T12:45:06.603+0000] {dagbag.py:536} INFO - Filling up the DagBag from /home/airflow/.local/lib/python3.8/site-packages/airflow/example_dags/tutorial_taskflow_api_virtualenv.py
[2024-04-25T12:45:06.614+0000] {processor.py:839} INFO - DAG(s) dict_keys(['tutorial_taskflow_api_virtualenv']) retrieved from /home/airflow/.local/lib/python3.8/site-packages/airflow/example_dags/tutorial_taskflow_api_virtualenv.py
[2024-04-25T12:45:06.647+0000] {logging_mixin.py:154} INFO - [2024-04-25T12:45:06.647+0000] {dag.py:2941} INFO - Sync 1 DAGs
[2024-04-25T12:45:06.665+0000] {logging_mixin.py:154} INFO - [2024-04-25T12:45:06.664+0000] {dag.py:3722} INFO - Setting next_dagrun for tutorial_taskflow_api_virtualenv to None, run_after=None
[2024-04-25T12:45:06.690+0000] {processor.py:179} INFO - Processing /home/airflow/.local/lib/python3.8/site-packages/airflow/example_dags/tutorial_taskflow_api_virtualenv.py took 0.095 seconds
[2024-04-25T12:45:37.534+0000] {processor.py:157} INFO - Started process (PID=3856) to work on /home/airflow/.local/lib/python3.8/site-packages/airflow/example_dags/tutorial_taskflow_api_virtualenv.py
[2024-04-25T12:45:37.536+0000] {processor.py:829} INFO - Processing file /home/airflow/.local/lib/python3.8/site-packages/airflow/example_dags/tutorial_taskflow_api_virtualenv.py for tasks to queue
[2024-04-25T12:45:37.537+0000] {logging_mixin.py:154} INFO - [2024-04-25T12:45:37.537+0000] {dagbag.py:536} INFO - Filling up the DagBag from /home/airflow/.local/lib/python3.8/site-packages/airflow/example_dags/tutorial_taskflow_api_virtualenv.py
[2024-04-25T12:45:37.548+0000] {processor.py:839} INFO - DAG(s) dict_keys(['tutorial_taskflow_api_virtualenv']) retrieved from /home/airflow/.local/lib/python3.8/site-packages/airflow/example_dags/tutorial_taskflow_api_virtualenv.py
[2024-04-25T12:45:37.581+0000] {logging_mixin.py:154} INFO - [2024-04-25T12:45:37.581+0000] {dag.py:2941} INFO - Sync 1 DAGs
[2024-04-25T12:45:37.599+0000] {logging_mixin.py:154} INFO - [2024-04-25T12:45:37.599+0000] {dag.py:3722} INFO - Setting next_dagrun for tutorial_taskflow_api_virtualenv to None, run_after=None
[2024-04-25T12:45:37.624+0000] {processor.py:179} INFO - Processing /home/airflow/.local/lib/python3.8/site-packages/airflow/example_dags/tutorial_taskflow_api_virtualenv.py took 0.096 seconds
[2024-04-25T12:46:08.428+0000] {processor.py:157} INFO - Started process (PID=4099) to work on /home/airflow/.local/lib/python3.8/site-packages/airflow/example_dags/tutorial_taskflow_api_virtualenv.py
[2024-04-25T12:46:08.431+0000] {processor.py:829} INFO - Processing file /home/airflow/.local/lib/python3.8/site-packages/airflow/example_dags/tutorial_taskflow_api_virtualenv.py for tasks to queue
[2024-04-25T12:46:08.432+0000] {logging_mixin.py:154} INFO - [2024-04-25T12:46:08.431+0000] {dagbag.py:536} INFO - Filling up the DagBag from /home/airflow/.local/lib/python3.8/site-packages/airflow/example_dags/tutorial_taskflow_api_virtualenv.py
[2024-04-25T12:46:08.443+0000] {processor.py:839} INFO - DAG(s) dict_keys(['tutorial_taskflow_api_virtualenv']) retrieved from /home/airflow/.local/lib/python3.8/site-packages/airflow/example_dags/tutorial_taskflow_api_virtualenv.py
[2024-04-25T12:46:08.479+0000] {logging_mixin.py:154} INFO - [2024-04-25T12:46:08.478+0000] {dag.py:2941} INFO - Sync 1 DAGs
[2024-04-25T12:46:08.500+0000] {logging_mixin.py:154} INFO - [2024-04-25T12:46:08.500+0000] {dag.py:3722} INFO - Setting next_dagrun for tutorial_taskflow_api_virtualenv to None, run_after=None
[2024-04-25T12:46:08.531+0000] {processor.py:179} INFO - Processing /home/airflow/.local/lib/python3.8/site-packages/airflow/example_dags/tutorial_taskflow_api_virtualenv.py took 0.109 seconds
[2024-04-25T12:46:39.141+0000] {processor.py:157} INFO - Started process (PID=4342) to work on /home/airflow/.local/lib/python3.8/site-packages/airflow/example_dags/tutorial_taskflow_api_virtualenv.py
[2024-04-25T12:46:39.143+0000] {processor.py:829} INFO - Processing file /home/airflow/.local/lib/python3.8/site-packages/airflow/example_dags/tutorial_taskflow_api_virtualenv.py for tasks to queue
[2024-04-25T12:46:39.145+0000] {logging_mixin.py:154} INFO - [2024-04-25T12:46:39.145+0000] {dagbag.py:536} INFO - Filling up the DagBag from /home/airflow/.local/lib/python3.8/site-packages/airflow/example_dags/tutorial_taskflow_api_virtualenv.py
[2024-04-25T12:46:39.161+0000] {processor.py:839} INFO - DAG(s) dict_keys(['tutorial_taskflow_api_virtualenv']) retrieved from /home/airflow/.local/lib/python3.8/site-packages/airflow/example_dags/tutorial_taskflow_api_virtualenv.py
[2024-04-25T12:46:39.195+0000] {logging_mixin.py:154} INFO - [2024-04-25T12:46:39.194+0000] {dag.py:2941} INFO - Sync 1 DAGs
[2024-04-25T12:46:39.213+0000] {logging_mixin.py:154} INFO - [2024-04-25T12:46:39.213+0000] {dag.py:3722} INFO - Setting next_dagrun for tutorial_taskflow_api_virtualenv to None, run_after=None
[2024-04-25T12:46:39.244+0000] {processor.py:179} INFO - Processing /home/airflow/.local/lib/python3.8/site-packages/airflow/example_dags/tutorial_taskflow_api_virtualenv.py took 0.111 seconds
[2024-04-25T12:47:09.640+0000] {processor.py:157} INFO - Started process (PID=4585) to work on /home/airflow/.local/lib/python3.8/site-packages/airflow/example_dags/tutorial_taskflow_api_virtualenv.py
[2024-04-25T12:47:09.644+0000] {processor.py:829} INFO - Processing file /home/airflow/.local/lib/python3.8/site-packages/airflow/example_dags/tutorial_taskflow_api_virtualenv.py for tasks to queue
[2024-04-25T12:47:09.648+0000] {logging_mixin.py:154} INFO - [2024-04-25T12:47:09.646+0000] {dagbag.py:536} INFO - Filling up the DagBag from /home/airflow/.local/lib/python3.8/site-packages/airflow/example_dags/tutorial_taskflow_api_virtualenv.py
[2024-04-25T12:47:09.685+0000] {processor.py:839} INFO - DAG(s) dict_keys(['tutorial_taskflow_api_virtualenv']) retrieved from /home/airflow/.local/lib/python3.8/site-packages/airflow/example_dags/tutorial_taskflow_api_virtualenv.py
[2024-04-25T12:47:09.771+0000] {logging_mixin.py:154} INFO - [2024-04-25T12:47:09.770+0000] {dag.py:2941} INFO - Sync 1 DAGs
[2024-04-25T12:47:09.820+0000] {logging_mixin.py:154} INFO - [2024-04-25T12:47:09.819+0000] {dag.py:3722} INFO - Setting next_dagrun for tutorial_taskflow_api_virtualenv to None, run_after=None
[2024-04-25T12:47:09.883+0000] {processor.py:179} INFO - Processing /home/airflow/.local/lib/python3.8/site-packages/airflow/example_dags/tutorial_taskflow_api_virtualenv.py took 0.261 seconds
[2024-04-25T12:47:40.269+0000] {processor.py:157} INFO - Started process (PID=4828) to work on /home/airflow/.local/lib/python3.8/site-packages/airflow/example_dags/tutorial_taskflow_api_virtualenv.py
[2024-04-25T12:47:40.271+0000] {processor.py:829} INFO - Processing file /home/airflow/.local/lib/python3.8/site-packages/airflow/example_dags/tutorial_taskflow_api_virtualenv.py for tasks to queue
[2024-04-25T12:47:40.272+0000] {logging_mixin.py:154} INFO - [2024-04-25T12:47:40.272+0000] {dagbag.py:536} INFO - Filling up the DagBag from /home/airflow/.local/lib/python3.8/site-packages/airflow/example_dags/tutorial_taskflow_api_virtualenv.py
[2024-04-25T12:47:40.284+0000] {processor.py:839} INFO - DAG(s) dict_keys(['tutorial_taskflow_api_virtualenv']) retrieved from /home/airflow/.local/lib/python3.8/site-packages/airflow/example_dags/tutorial_taskflow_api_virtualenv.py
[2024-04-25T12:47:40.320+0000] {logging_mixin.py:154} INFO - [2024-04-25T12:47:40.320+0000] {dag.py:2941} INFO - Sync 1 DAGs
[2024-04-25T12:47:40.340+0000] {logging_mixin.py:154} INFO - [2024-04-25T12:47:40.339+0000] {dag.py:3722} INFO - Setting next_dagrun for tutorial_taskflow_api_virtualenv to None, run_after=None
[2024-04-25T12:47:40.372+0000] {processor.py:179} INFO - Processing /home/airflow/.local/lib/python3.8/site-packages/airflow/example_dags/tutorial_taskflow_api_virtualenv.py took 0.110 seconds
[2024-04-25T12:51:41.286+0000] {processor.py:157} INFO - Started process (PID=193) to work on /home/airflow/.local/lib/python3.8/site-packages/airflow/example_dags/tutorial_taskflow_api_virtualenv.py
[2024-04-25T12:51:41.289+0000] {processor.py:829} INFO - Processing file /home/airflow/.local/lib/python3.8/site-packages/airflow/example_dags/tutorial_taskflow_api_virtualenv.py for tasks to queue
[2024-04-25T12:51:41.290+0000] {logging_mixin.py:154} INFO - [2024-04-25T12:51:41.289+0000] {dagbag.py:536} INFO - Filling up the DagBag from /home/airflow/.local/lib/python3.8/site-packages/airflow/example_dags/tutorial_taskflow_api_virtualenv.py
[2024-04-25T12:51:41.306+0000] {processor.py:839} INFO - DAG(s) dict_keys(['tutorial_taskflow_api_virtualenv']) retrieved from /home/airflow/.local/lib/python3.8/site-packages/airflow/example_dags/tutorial_taskflow_api_virtualenv.py
[2024-04-25T12:51:41.328+0000] {logging_mixin.py:154} INFO - [2024-04-25T12:51:41.328+0000] {dag.py:2941} INFO - Sync 1 DAGs
[2024-04-25T12:51:41.355+0000] {logging_mixin.py:154} INFO - [2024-04-25T12:51:41.355+0000] {dag.py:3722} INFO - Setting next_dagrun for tutorial_taskflow_api_virtualenv to None, run_after=None
[2024-04-25T12:51:41.396+0000] {processor.py:179} INFO - Processing /home/airflow/.local/lib/python3.8/site-packages/airflow/example_dags/tutorial_taskflow_api_virtualenv.py took 0.117 seconds
[2024-04-25T12:52:12.116+0000] {processor.py:157} INFO - Started process (PID=438) to work on /home/airflow/.local/lib/python3.8/site-packages/airflow/example_dags/tutorial_taskflow_api_virtualenv.py
[2024-04-25T12:52:12.118+0000] {processor.py:829} INFO - Processing file /home/airflow/.local/lib/python3.8/site-packages/airflow/example_dags/tutorial_taskflow_api_virtualenv.py for tasks to queue
[2024-04-25T12:52:12.119+0000] {logging_mixin.py:154} INFO - [2024-04-25T12:52:12.118+0000] {dagbag.py:536} INFO - Filling up the DagBag from /home/airflow/.local/lib/python3.8/site-packages/airflow/example_dags/tutorial_taskflow_api_virtualenv.py
[2024-04-25T12:52:12.130+0000] {processor.py:839} INFO - DAG(s) dict_keys(['tutorial_taskflow_api_virtualenv']) retrieved from /home/airflow/.local/lib/python3.8/site-packages/airflow/example_dags/tutorial_taskflow_api_virtualenv.py
[2024-04-25T12:52:12.163+0000] {logging_mixin.py:154} INFO - [2024-04-25T12:52:12.163+0000] {dag.py:2941} INFO - Sync 1 DAGs
[2024-04-25T12:52:12.184+0000] {logging_mixin.py:154} INFO - [2024-04-25T12:52:12.184+0000] {dag.py:3722} INFO - Setting next_dagrun for tutorial_taskflow_api_virtualenv to None, run_after=None
[2024-04-25T12:52:12.209+0000] {processor.py:179} INFO - Processing /home/airflow/.local/lib/python3.8/site-packages/airflow/example_dags/tutorial_taskflow_api_virtualenv.py took 0.098 seconds
[2024-04-25T12:52:42.728+0000] {processor.py:157} INFO - Started process (PID=686) to work on /home/airflow/.local/lib/python3.8/site-packages/airflow/example_dags/tutorial_taskflow_api_virtualenv.py
[2024-04-25T12:52:42.731+0000] {processor.py:829} INFO - Processing file /home/airflow/.local/lib/python3.8/site-packages/airflow/example_dags/tutorial_taskflow_api_virtualenv.py for tasks to queue
[2024-04-25T12:52:42.732+0000] {logging_mixin.py:154} INFO - [2024-04-25T12:52:42.732+0000] {dagbag.py:536} INFO - Filling up the DagBag from /home/airflow/.local/lib/python3.8/site-packages/airflow/example_dags/tutorial_taskflow_api_virtualenv.py
[2024-04-25T12:52:42.748+0000] {processor.py:839} INFO - DAG(s) dict_keys(['tutorial_taskflow_api_virtualenv']) retrieved from /home/airflow/.local/lib/python3.8/site-packages/airflow/example_dags/tutorial_taskflow_api_virtualenv.py
[2024-04-25T12:52:42.795+0000] {logging_mixin.py:154} INFO - [2024-04-25T12:52:42.794+0000] {dag.py:2941} INFO - Sync 1 DAGs
[2024-04-25T12:52:42.826+0000] {logging_mixin.py:154} INFO - [2024-04-25T12:52:42.826+0000] {dag.py:3722} INFO - Setting next_dagrun for tutorial_taskflow_api_virtualenv to None, run_after=None
[2024-04-25T12:52:42.861+0000] {processor.py:179} INFO - Processing /home/airflow/.local/lib/python3.8/site-packages/airflow/example_dags/tutorial_taskflow_api_virtualenv.py took 0.151 seconds
[2024-04-25T12:53:13.313+0000] {processor.py:157} INFO - Started process (PID=933) to work on /home/airflow/.local/lib/python3.8/site-packages/airflow/example_dags/tutorial_taskflow_api_virtualenv.py
[2024-04-25T12:53:13.316+0000] {processor.py:829} INFO - Processing file /home/airflow/.local/lib/python3.8/site-packages/airflow/example_dags/tutorial_taskflow_api_virtualenv.py for tasks to queue
[2024-04-25T12:53:13.317+0000] {logging_mixin.py:154} INFO - [2024-04-25T12:53:13.316+0000] {dagbag.py:536} INFO - Filling up the DagBag from /home/airflow/.local/lib/python3.8/site-packages/airflow/example_dags/tutorial_taskflow_api_virtualenv.py
[2024-04-25T12:53:13.329+0000] {processor.py:839} INFO - DAG(s) dict_keys(['tutorial_taskflow_api_virtualenv']) retrieved from /home/airflow/.local/lib/python3.8/site-packages/airflow/example_dags/tutorial_taskflow_api_virtualenv.py
[2024-04-25T12:53:13.362+0000] {logging_mixin.py:154} INFO - [2024-04-25T12:53:13.362+0000] {dag.py:2941} INFO - Sync 1 DAGs
[2024-04-25T12:53:13.380+0000] {logging_mixin.py:154} INFO - [2024-04-25T12:53:13.380+0000] {dag.py:3722} INFO - Setting next_dagrun for tutorial_taskflow_api_virtualenv to None, run_after=None
[2024-04-25T12:53:13.413+0000] {processor.py:179} INFO - Processing /home/airflow/.local/lib/python3.8/site-packages/airflow/example_dags/tutorial_taskflow_api_virtualenv.py took 0.107 seconds
[2024-04-25T12:53:43.734+0000] {processor.py:157} INFO - Started process (PID=1173) to work on /home/airflow/.local/lib/python3.8/site-packages/airflow/example_dags/tutorial_taskflow_api_virtualenv.py
[2024-04-25T12:53:43.736+0000] {processor.py:829} INFO - Processing file /home/airflow/.local/lib/python3.8/site-packages/airflow/example_dags/tutorial_taskflow_api_virtualenv.py for tasks to queue
[2024-04-25T12:53:43.738+0000] {logging_mixin.py:154} INFO - [2024-04-25T12:53:43.737+0000] {dagbag.py:536} INFO - Filling up the DagBag from /home/airflow/.local/lib/python3.8/site-packages/airflow/example_dags/tutorial_taskflow_api_virtualenv.py
[2024-04-25T12:53:43.749+0000] {processor.py:839} INFO - DAG(s) dict_keys(['tutorial_taskflow_api_virtualenv']) retrieved from /home/airflow/.local/lib/python3.8/site-packages/airflow/example_dags/tutorial_taskflow_api_virtualenv.py
[2024-04-25T12:53:43.784+0000] {logging_mixin.py:154} INFO - [2024-04-25T12:53:43.784+0000] {dag.py:2941} INFO - Sync 1 DAGs
[2024-04-25T12:53:43.803+0000] {logging_mixin.py:154} INFO - [2024-04-25T12:53:43.803+0000] {dag.py:3722} INFO - Setting next_dagrun for tutorial_taskflow_api_virtualenv to None, run_after=None
[2024-04-25T12:53:43.831+0000] {processor.py:179} INFO - Processing /home/airflow/.local/lib/python3.8/site-packages/airflow/example_dags/tutorial_taskflow_api_virtualenv.py took 0.103 seconds
[2024-04-25T12:54:14.162+0000] {processor.py:157} INFO - Started process (PID=1414) to work on /home/airflow/.local/lib/python3.8/site-packages/airflow/example_dags/tutorial_taskflow_api_virtualenv.py
[2024-04-25T12:54:14.165+0000] {processor.py:829} INFO - Processing file /home/airflow/.local/lib/python3.8/site-packages/airflow/example_dags/tutorial_taskflow_api_virtualenv.py for tasks to queue
[2024-04-25T12:54:14.167+0000] {logging_mixin.py:154} INFO - [2024-04-25T12:54:14.166+0000] {dagbag.py:536} INFO - Filling up the DagBag from /home/airflow/.local/lib/python3.8/site-packages/airflow/example_dags/tutorial_taskflow_api_virtualenv.py
[2024-04-25T12:54:14.182+0000] {processor.py:839} INFO - DAG(s) dict_keys(['tutorial_taskflow_api_virtualenv']) retrieved from /home/airflow/.local/lib/python3.8/site-packages/airflow/example_dags/tutorial_taskflow_api_virtualenv.py
[2024-04-25T12:54:14.220+0000] {logging_mixin.py:154} INFO - [2024-04-25T12:54:14.219+0000] {dag.py:2941} INFO - Sync 1 DAGs
[2024-04-25T12:54:14.238+0000] {logging_mixin.py:154} INFO - [2024-04-25T12:54:14.238+0000] {dag.py:3722} INFO - Setting next_dagrun for tutorial_taskflow_api_virtualenv to None, run_after=None
[2024-04-25T12:54:14.267+0000] {processor.py:179} INFO - Processing /home/airflow/.local/lib/python3.8/site-packages/airflow/example_dags/tutorial_taskflow_api_virtualenv.py took 0.114 seconds
[2024-04-25T12:54:44.538+0000] {processor.py:157} INFO - Started process (PID=1659) to work on /home/airflow/.local/lib/python3.8/site-packages/airflow/example_dags/tutorial_taskflow_api_virtualenv.py
[2024-04-25T12:54:44.540+0000] {processor.py:829} INFO - Processing file /home/airflow/.local/lib/python3.8/site-packages/airflow/example_dags/tutorial_taskflow_api_virtualenv.py for tasks to queue
[2024-04-25T12:54:44.542+0000] {logging_mixin.py:154} INFO - [2024-04-25T12:54:44.541+0000] {dagbag.py:536} INFO - Filling up the DagBag from /home/airflow/.local/lib/python3.8/site-packages/airflow/example_dags/tutorial_taskflow_api_virtualenv.py
[2024-04-25T12:54:44.555+0000] {processor.py:839} INFO - DAG(s) dict_keys(['tutorial_taskflow_api_virtualenv']) retrieved from /home/airflow/.local/lib/python3.8/site-packages/airflow/example_dags/tutorial_taskflow_api_virtualenv.py
[2024-04-25T12:54:44.589+0000] {logging_mixin.py:154} INFO - [2024-04-25T12:54:44.589+0000] {dag.py:2941} INFO - Sync 1 DAGs
[2024-04-25T12:54:44.607+0000] {logging_mixin.py:154} INFO - [2024-04-25T12:54:44.607+0000] {dag.py:3722} INFO - Setting next_dagrun for tutorial_taskflow_api_virtualenv to None, run_after=None
[2024-04-25T12:54:44.635+0000] {processor.py:179} INFO - Processing /home/airflow/.local/lib/python3.8/site-packages/airflow/example_dags/tutorial_taskflow_api_virtualenv.py took 0.104 seconds
[2024-04-25T12:55:14.732+0000] {processor.py:157} INFO - Started process (PID=1902) to work on /home/airflow/.local/lib/python3.8/site-packages/airflow/example_dags/tutorial_taskflow_api_virtualenv.py
[2024-04-25T12:55:14.734+0000] {processor.py:829} INFO - Processing file /home/airflow/.local/lib/python3.8/site-packages/airflow/example_dags/tutorial_taskflow_api_virtualenv.py for tasks to queue
[2024-04-25T12:55:14.735+0000] {logging_mixin.py:154} INFO - [2024-04-25T12:55:14.734+0000] {dagbag.py:536} INFO - Filling up the DagBag from /home/airflow/.local/lib/python3.8/site-packages/airflow/example_dags/tutorial_taskflow_api_virtualenv.py
[2024-04-25T12:55:14.746+0000] {processor.py:839} INFO - DAG(s) dict_keys(['tutorial_taskflow_api_virtualenv']) retrieved from /home/airflow/.local/lib/python3.8/site-packages/airflow/example_dags/tutorial_taskflow_api_virtualenv.py
[2024-04-25T12:55:14.782+0000] {logging_mixin.py:154} INFO - [2024-04-25T12:55:14.782+0000] {dag.py:2941} INFO - Sync 1 DAGs
[2024-04-25T12:55:14.810+0000] {logging_mixin.py:154} INFO - [2024-04-25T12:55:14.809+0000] {dag.py:3722} INFO - Setting next_dagrun for tutorial_taskflow_api_virtualenv to None, run_after=None
[2024-04-25T12:55:14.844+0000] {processor.py:179} INFO - Processing /home/airflow/.local/lib/python3.8/site-packages/airflow/example_dags/tutorial_taskflow_api_virtualenv.py took 0.118 seconds
[2024-04-25T13:10:31.352+0000] {processor.py:157} INFO - Started process (PID=193) to work on /home/airflow/.local/lib/python3.8/site-packages/airflow/example_dags/tutorial_taskflow_api_virtualenv.py
[2024-04-25T13:10:31.355+0000] {processor.py:829} INFO - Processing file /home/airflow/.local/lib/python3.8/site-packages/airflow/example_dags/tutorial_taskflow_api_virtualenv.py for tasks to queue
[2024-04-25T13:10:31.356+0000] {logging_mixin.py:154} INFO - [2024-04-25T13:10:31.356+0000] {dagbag.py:536} INFO - Filling up the DagBag from /home/airflow/.local/lib/python3.8/site-packages/airflow/example_dags/tutorial_taskflow_api_virtualenv.py
[2024-04-25T13:10:31.380+0000] {processor.py:839} INFO - DAG(s) dict_keys(['tutorial_taskflow_api_virtualenv']) retrieved from /home/airflow/.local/lib/python3.8/site-packages/airflow/example_dags/tutorial_taskflow_api_virtualenv.py
[2024-04-25T13:10:31.405+0000] {logging_mixin.py:154} INFO - [2024-04-25T13:10:31.404+0000] {dag.py:2941} INFO - Sync 1 DAGs
[2024-04-25T13:10:31.434+0000] {logging_mixin.py:154} INFO - [2024-04-25T13:10:31.434+0000] {dag.py:3722} INFO - Setting next_dagrun for tutorial_taskflow_api_virtualenv to None, run_after=None
[2024-04-25T13:10:31.469+0000] {processor.py:179} INFO - Processing /home/airflow/.local/lib/python3.8/site-packages/airflow/example_dags/tutorial_taskflow_api_virtualenv.py took 0.124 seconds
[2024-04-25T13:11:02.620+0000] {processor.py:157} INFO - Started process (PID=436) to work on /home/airflow/.local/lib/python3.8/site-packages/airflow/example_dags/tutorial_taskflow_api_virtualenv.py
[2024-04-25T13:11:02.622+0000] {processor.py:829} INFO - Processing file /home/airflow/.local/lib/python3.8/site-packages/airflow/example_dags/tutorial_taskflow_api_virtualenv.py for tasks to queue
[2024-04-25T13:11:02.623+0000] {logging_mixin.py:154} INFO - [2024-04-25T13:11:02.623+0000] {dagbag.py:536} INFO - Filling up the DagBag from /home/airflow/.local/lib/python3.8/site-packages/airflow/example_dags/tutorial_taskflow_api_virtualenv.py
[2024-04-25T13:11:02.635+0000] {processor.py:839} INFO - DAG(s) dict_keys(['tutorial_taskflow_api_virtualenv']) retrieved from /home/airflow/.local/lib/python3.8/site-packages/airflow/example_dags/tutorial_taskflow_api_virtualenv.py
[2024-04-25T13:11:02.668+0000] {logging_mixin.py:154} INFO - [2024-04-25T13:11:02.668+0000] {dag.py:2941} INFO - Sync 1 DAGs
[2024-04-25T13:11:02.685+0000] {logging_mixin.py:154} INFO - [2024-04-25T13:11:02.685+0000] {dag.py:3722} INFO - Setting next_dagrun for tutorial_taskflow_api_virtualenv to None, run_after=None
[2024-04-25T13:11:02.711+0000] {processor.py:179} INFO - Processing /home/airflow/.local/lib/python3.8/site-packages/airflow/example_dags/tutorial_taskflow_api_virtualenv.py took 0.096 seconds
[2024-04-25T13:11:32.819+0000] {processor.py:157} INFO - Started process (PID=679) to work on /home/airflow/.local/lib/python3.8/site-packages/airflow/example_dags/tutorial_taskflow_api_virtualenv.py
[2024-04-25T13:11:32.821+0000] {processor.py:829} INFO - Processing file /home/airflow/.local/lib/python3.8/site-packages/airflow/example_dags/tutorial_taskflow_api_virtualenv.py for tasks to queue
[2024-04-25T13:11:32.823+0000] {logging_mixin.py:154} INFO - [2024-04-25T13:11:32.823+0000] {dagbag.py:536} INFO - Filling up the DagBag from /home/airflow/.local/lib/python3.8/site-packages/airflow/example_dags/tutorial_taskflow_api_virtualenv.py
[2024-04-25T13:11:32.838+0000] {processor.py:839} INFO - DAG(s) dict_keys(['tutorial_taskflow_api_virtualenv']) retrieved from /home/airflow/.local/lib/python3.8/site-packages/airflow/example_dags/tutorial_taskflow_api_virtualenv.py
[2024-04-25T13:11:32.878+0000] {logging_mixin.py:154} INFO - [2024-04-25T13:11:32.877+0000] {dag.py:2941} INFO - Sync 1 DAGs
[2024-04-25T13:11:32.898+0000] {logging_mixin.py:154} INFO - [2024-04-25T13:11:32.898+0000] {dag.py:3722} INFO - Setting next_dagrun for tutorial_taskflow_api_virtualenv to None, run_after=None
[2024-04-25T13:11:32.929+0000] {processor.py:179} INFO - Processing /home/airflow/.local/lib/python3.8/site-packages/airflow/example_dags/tutorial_taskflow_api_virtualenv.py took 0.119 seconds
[2024-04-25T13:12:03.300+0000] {processor.py:157} INFO - Started process (PID=921) to work on /home/airflow/.local/lib/python3.8/site-packages/airflow/example_dags/tutorial_taskflow_api_virtualenv.py
[2024-04-25T13:12:03.302+0000] {processor.py:829} INFO - Processing file /home/airflow/.local/lib/python3.8/site-packages/airflow/example_dags/tutorial_taskflow_api_virtualenv.py for tasks to queue
[2024-04-25T13:12:03.303+0000] {logging_mixin.py:154} INFO - [2024-04-25T13:12:03.303+0000] {dagbag.py:536} INFO - Filling up the DagBag from /home/airflow/.local/lib/python3.8/site-packages/airflow/example_dags/tutorial_taskflow_api_virtualenv.py
[2024-04-25T13:12:03.314+0000] {processor.py:839} INFO - DAG(s) dict_keys(['tutorial_taskflow_api_virtualenv']) retrieved from /home/airflow/.local/lib/python3.8/site-packages/airflow/example_dags/tutorial_taskflow_api_virtualenv.py
[2024-04-25T13:12:03.362+0000] {logging_mixin.py:154} INFO - [2024-04-25T13:12:03.361+0000] {dag.py:2941} INFO - Sync 1 DAGs
[2024-04-25T13:12:03.400+0000] {logging_mixin.py:154} INFO - [2024-04-25T13:12:03.400+0000] {dag.py:3722} INFO - Setting next_dagrun for tutorial_taskflow_api_virtualenv to None, run_after=None
[2024-04-25T13:12:03.440+0000] {processor.py:179} INFO - Processing /home/airflow/.local/lib/python3.8/site-packages/airflow/example_dags/tutorial_taskflow_api_virtualenv.py took 0.148 seconds
[2024-04-25T13:12:33.708+0000] {processor.py:157} INFO - Started process (PID=1170) to work on /home/airflow/.local/lib/python3.8/site-packages/airflow/example_dags/tutorial_taskflow_api_virtualenv.py
[2024-04-25T13:12:33.710+0000] {processor.py:829} INFO - Processing file /home/airflow/.local/lib/python3.8/site-packages/airflow/example_dags/tutorial_taskflow_api_virtualenv.py for tasks to queue
[2024-04-25T13:12:33.712+0000] {logging_mixin.py:154} INFO - [2024-04-25T13:12:33.711+0000] {dagbag.py:536} INFO - Filling up the DagBag from /home/airflow/.local/lib/python3.8/site-packages/airflow/example_dags/tutorial_taskflow_api_virtualenv.py
[2024-04-25T13:12:33.726+0000] {processor.py:839} INFO - DAG(s) dict_keys(['tutorial_taskflow_api_virtualenv']) retrieved from /home/airflow/.local/lib/python3.8/site-packages/airflow/example_dags/tutorial_taskflow_api_virtualenv.py
[2024-04-25T13:12:33.768+0000] {logging_mixin.py:154} INFO - [2024-04-25T13:12:33.768+0000] {dag.py:2941} INFO - Sync 1 DAGs
[2024-04-25T13:12:33.794+0000] {logging_mixin.py:154} INFO - [2024-04-25T13:12:33.794+0000] {dag.py:3722} INFO - Setting next_dagrun for tutorial_taskflow_api_virtualenv to None, run_after=None
[2024-04-25T13:12:33.829+0000] {processor.py:179} INFO - Processing /home/airflow/.local/lib/python3.8/site-packages/airflow/example_dags/tutorial_taskflow_api_virtualenv.py took 0.129 seconds
[2024-04-25T13:13:04.490+0000] {processor.py:157} INFO - Started process (PID=1413) to work on /home/airflow/.local/lib/python3.8/site-packages/airflow/example_dags/tutorial_taskflow_api_virtualenv.py
[2024-04-25T13:13:04.494+0000] {processor.py:829} INFO - Processing file /home/airflow/.local/lib/python3.8/site-packages/airflow/example_dags/tutorial_taskflow_api_virtualenv.py for tasks to queue
[2024-04-25T13:13:04.495+0000] {logging_mixin.py:154} INFO - [2024-04-25T13:13:04.495+0000] {dagbag.py:536} INFO - Filling up the DagBag from /home/airflow/.local/lib/python3.8/site-packages/airflow/example_dags/tutorial_taskflow_api_virtualenv.py
[2024-04-25T13:13:04.508+0000] {processor.py:839} INFO - DAG(s) dict_keys(['tutorial_taskflow_api_virtualenv']) retrieved from /home/airflow/.local/lib/python3.8/site-packages/airflow/example_dags/tutorial_taskflow_api_virtualenv.py
[2024-04-25T13:13:04.540+0000] {logging_mixin.py:154} INFO - [2024-04-25T13:13:04.540+0000] {dag.py:2941} INFO - Sync 1 DAGs
[2024-04-25T13:13:04.560+0000] {logging_mixin.py:154} INFO - [2024-04-25T13:13:04.560+0000] {dag.py:3722} INFO - Setting next_dagrun for tutorial_taskflow_api_virtualenv to None, run_after=None
[2024-04-25T13:13:04.590+0000] {processor.py:179} INFO - Processing /home/airflow/.local/lib/python3.8/site-packages/airflow/example_dags/tutorial_taskflow_api_virtualenv.py took 0.107 seconds
[2024-04-25T13:13:35.046+0000] {processor.py:157} INFO - Started process (PID=1659) to work on /home/airflow/.local/lib/python3.8/site-packages/airflow/example_dags/tutorial_taskflow_api_virtualenv.py
[2024-04-25T13:13:35.048+0000] {processor.py:829} INFO - Processing file /home/airflow/.local/lib/python3.8/site-packages/airflow/example_dags/tutorial_taskflow_api_virtualenv.py for tasks to queue
[2024-04-25T13:13:35.049+0000] {logging_mixin.py:154} INFO - [2024-04-25T13:13:35.049+0000] {dagbag.py:536} INFO - Filling up the DagBag from /home/airflow/.local/lib/python3.8/site-packages/airflow/example_dags/tutorial_taskflow_api_virtualenv.py
[2024-04-25T13:13:35.060+0000] {processor.py:839} INFO - DAG(s) dict_keys(['tutorial_taskflow_api_virtualenv']) retrieved from /home/airflow/.local/lib/python3.8/site-packages/airflow/example_dags/tutorial_taskflow_api_virtualenv.py
[2024-04-25T13:13:35.094+0000] {logging_mixin.py:154} INFO - [2024-04-25T13:13:35.094+0000] {dag.py:2941} INFO - Sync 1 DAGs
[2024-04-25T13:13:35.113+0000] {logging_mixin.py:154} INFO - [2024-04-25T13:13:35.112+0000] {dag.py:3722} INFO - Setting next_dagrun for tutorial_taskflow_api_virtualenv to None, run_after=None
[2024-04-25T13:13:35.140+0000] {processor.py:179} INFO - Processing /home/airflow/.local/lib/python3.8/site-packages/airflow/example_dags/tutorial_taskflow_api_virtualenv.py took 0.100 seconds
[2024-04-25T13:14:05.438+0000] {processor.py:157} INFO - Started process (PID=1903) to work on /home/airflow/.local/lib/python3.8/site-packages/airflow/example_dags/tutorial_taskflow_api_virtualenv.py
[2024-04-25T13:14:05.440+0000] {processor.py:829} INFO - Processing file /home/airflow/.local/lib/python3.8/site-packages/airflow/example_dags/tutorial_taskflow_api_virtualenv.py for tasks to queue
[2024-04-25T13:14:05.441+0000] {logging_mixin.py:154} INFO - [2024-04-25T13:14:05.441+0000] {dagbag.py:536} INFO - Filling up the DagBag from /home/airflow/.local/lib/python3.8/site-packages/airflow/example_dags/tutorial_taskflow_api_virtualenv.py
[2024-04-25T13:14:05.452+0000] {processor.py:839} INFO - DAG(s) dict_keys(['tutorial_taskflow_api_virtualenv']) retrieved from /home/airflow/.local/lib/python3.8/site-packages/airflow/example_dags/tutorial_taskflow_api_virtualenv.py
[2024-04-25T13:14:05.488+0000] {logging_mixin.py:154} INFO - [2024-04-25T13:14:05.487+0000] {dag.py:2941} INFO - Sync 1 DAGs
[2024-04-25T13:14:05.506+0000] {logging_mixin.py:154} INFO - [2024-04-25T13:14:05.506+0000] {dag.py:3722} INFO - Setting next_dagrun for tutorial_taskflow_api_virtualenv to None, run_after=None
[2024-04-25T13:14:05.534+0000] {processor.py:179} INFO - Processing /home/airflow/.local/lib/python3.8/site-packages/airflow/example_dags/tutorial_taskflow_api_virtualenv.py took 0.102 seconds
[2024-04-25T13:14:36.008+0000] {processor.py:157} INFO - Started process (PID=2146) to work on /home/airflow/.local/lib/python3.8/site-packages/airflow/example_dags/tutorial_taskflow_api_virtualenv.py
[2024-04-25T13:14:36.010+0000] {processor.py:829} INFO - Processing file /home/airflow/.local/lib/python3.8/site-packages/airflow/example_dags/tutorial_taskflow_api_virtualenv.py for tasks to queue
[2024-04-25T13:14:36.011+0000] {logging_mixin.py:154} INFO - [2024-04-25T13:14:36.011+0000] {dagbag.py:536} INFO - Filling up the DagBag from /home/airflow/.local/lib/python3.8/site-packages/airflow/example_dags/tutorial_taskflow_api_virtualenv.py
[2024-04-25T13:14:36.027+0000] {processor.py:839} INFO - DAG(s) dict_keys(['tutorial_taskflow_api_virtualenv']) retrieved from /home/airflow/.local/lib/python3.8/site-packages/airflow/example_dags/tutorial_taskflow_api_virtualenv.py
[2024-04-25T13:14:36.065+0000] {logging_mixin.py:154} INFO - [2024-04-25T13:14:36.065+0000] {dag.py:2941} INFO - Sync 1 DAGs
[2024-04-25T13:14:36.084+0000] {logging_mixin.py:154} INFO - [2024-04-25T13:14:36.084+0000] {dag.py:3722} INFO - Setting next_dagrun for tutorial_taskflow_api_virtualenv to None, run_after=None
[2024-04-25T13:14:36.113+0000] {processor.py:179} INFO - Processing /home/airflow/.local/lib/python3.8/site-packages/airflow/example_dags/tutorial_taskflow_api_virtualenv.py took 0.111 seconds
[2024-04-25T13:15:06.515+0000] {processor.py:157} INFO - Started process (PID=2389) to work on /home/airflow/.local/lib/python3.8/site-packages/airflow/example_dags/tutorial_taskflow_api_virtualenv.py
[2024-04-25T13:15:06.517+0000] {processor.py:829} INFO - Processing file /home/airflow/.local/lib/python3.8/site-packages/airflow/example_dags/tutorial_taskflow_api_virtualenv.py for tasks to queue
[2024-04-25T13:15:06.518+0000] {logging_mixin.py:154} INFO - [2024-04-25T13:15:06.517+0000] {dagbag.py:536} INFO - Filling up the DagBag from /home/airflow/.local/lib/python3.8/site-packages/airflow/example_dags/tutorial_taskflow_api_virtualenv.py
[2024-04-25T13:15:06.528+0000] {processor.py:839} INFO - DAG(s) dict_keys(['tutorial_taskflow_api_virtualenv']) retrieved from /home/airflow/.local/lib/python3.8/site-packages/airflow/example_dags/tutorial_taskflow_api_virtualenv.py
[2024-04-25T13:15:06.564+0000] {logging_mixin.py:154} INFO - [2024-04-25T13:15:06.564+0000] {dag.py:2941} INFO - Sync 1 DAGs
[2024-04-25T13:15:06.582+0000] {logging_mixin.py:154} INFO - [2024-04-25T13:15:06.582+0000] {dag.py:3722} INFO - Setting next_dagrun for tutorial_taskflow_api_virtualenv to None, run_after=None
[2024-04-25T13:15:06.607+0000] {processor.py:179} INFO - Processing /home/airflow/.local/lib/python3.8/site-packages/airflow/example_dags/tutorial_taskflow_api_virtualenv.py took 0.101 seconds
[2024-04-25T13:15:37.469+0000] {processor.py:157} INFO - Started process (PID=2632) to work on /home/airflow/.local/lib/python3.8/site-packages/airflow/example_dags/tutorial_taskflow_api_virtualenv.py
[2024-04-25T13:15:37.471+0000] {processor.py:829} INFO - Processing file /home/airflow/.local/lib/python3.8/site-packages/airflow/example_dags/tutorial_taskflow_api_virtualenv.py for tasks to queue
[2024-04-25T13:15:37.473+0000] {logging_mixin.py:154} INFO - [2024-04-25T13:15:37.472+0000] {dagbag.py:536} INFO - Filling up the DagBag from /home/airflow/.local/lib/python3.8/site-packages/airflow/example_dags/tutorial_taskflow_api_virtualenv.py
[2024-04-25T13:15:37.491+0000] {processor.py:839} INFO - DAG(s) dict_keys(['tutorial_taskflow_api_virtualenv']) retrieved from /home/airflow/.local/lib/python3.8/site-packages/airflow/example_dags/tutorial_taskflow_api_virtualenv.py
[2024-04-25T13:15:37.529+0000] {logging_mixin.py:154} INFO - [2024-04-25T13:15:37.528+0000] {dag.py:2941} INFO - Sync 1 DAGs
[2024-04-25T13:15:37.545+0000] {logging_mixin.py:154} INFO - [2024-04-25T13:15:37.545+0000] {dag.py:3722} INFO - Setting next_dagrun for tutorial_taskflow_api_virtualenv to None, run_after=None
[2024-04-25T13:15:37.573+0000] {processor.py:179} INFO - Processing /home/airflow/.local/lib/python3.8/site-packages/airflow/example_dags/tutorial_taskflow_api_virtualenv.py took 0.109 seconds
[2024-04-25T13:16:08.423+0000] {processor.py:157} INFO - Started process (PID=2875) to work on /home/airflow/.local/lib/python3.8/site-packages/airflow/example_dags/tutorial_taskflow_api_virtualenv.py
[2024-04-25T13:16:08.425+0000] {processor.py:829} INFO - Processing file /home/airflow/.local/lib/python3.8/site-packages/airflow/example_dags/tutorial_taskflow_api_virtualenv.py for tasks to queue
[2024-04-25T13:16:08.427+0000] {logging_mixin.py:154} INFO - [2024-04-25T13:16:08.426+0000] {dagbag.py:536} INFO - Filling up the DagBag from /home/airflow/.local/lib/python3.8/site-packages/airflow/example_dags/tutorial_taskflow_api_virtualenv.py
[2024-04-25T13:16:08.441+0000] {processor.py:839} INFO - DAG(s) dict_keys(['tutorial_taskflow_api_virtualenv']) retrieved from /home/airflow/.local/lib/python3.8/site-packages/airflow/example_dags/tutorial_taskflow_api_virtualenv.py
[2024-04-25T13:16:08.485+0000] {logging_mixin.py:154} INFO - [2024-04-25T13:16:08.484+0000] {dag.py:2941} INFO - Sync 1 DAGs
[2024-04-25T13:16:08.513+0000] {logging_mixin.py:154} INFO - [2024-04-25T13:16:08.513+0000] {dag.py:3722} INFO - Setting next_dagrun for tutorial_taskflow_api_virtualenv to None, run_after=None
[2024-04-25T13:16:08.547+0000] {processor.py:179} INFO - Processing /home/airflow/.local/lib/python3.8/site-packages/airflow/example_dags/tutorial_taskflow_api_virtualenv.py took 0.131 seconds
[2024-04-25T13:16:39.477+0000] {processor.py:157} INFO - Started process (PID=3119) to work on /home/airflow/.local/lib/python3.8/site-packages/airflow/example_dags/tutorial_taskflow_api_virtualenv.py
[2024-04-25T13:16:39.479+0000] {processor.py:829} INFO - Processing file /home/airflow/.local/lib/python3.8/site-packages/airflow/example_dags/tutorial_taskflow_api_virtualenv.py for tasks to queue
[2024-04-25T13:16:39.480+0000] {logging_mixin.py:154} INFO - [2024-04-25T13:16:39.480+0000] {dagbag.py:536} INFO - Filling up the DagBag from /home/airflow/.local/lib/python3.8/site-packages/airflow/example_dags/tutorial_taskflow_api_virtualenv.py
[2024-04-25T13:16:39.492+0000] {processor.py:839} INFO - DAG(s) dict_keys(['tutorial_taskflow_api_virtualenv']) retrieved from /home/airflow/.local/lib/python3.8/site-packages/airflow/example_dags/tutorial_taskflow_api_virtualenv.py
[2024-04-25T13:16:39.533+0000] {logging_mixin.py:154} INFO - [2024-04-25T13:16:39.532+0000] {dag.py:2941} INFO - Sync 1 DAGs
[2024-04-25T13:16:39.552+0000] {logging_mixin.py:154} INFO - [2024-04-25T13:16:39.552+0000] {dag.py:3722} INFO - Setting next_dagrun for tutorial_taskflow_api_virtualenv to None, run_after=None
[2024-04-25T13:16:39.580+0000] {processor.py:179} INFO - Processing /home/airflow/.local/lib/python3.8/site-packages/airflow/example_dags/tutorial_taskflow_api_virtualenv.py took 0.113 seconds
[2024-04-25T13:17:09.628+0000] {processor.py:157} INFO - Started process (PID=3362) to work on /home/airflow/.local/lib/python3.8/site-packages/airflow/example_dags/tutorial_taskflow_api_virtualenv.py
[2024-04-25T13:17:09.629+0000] {processor.py:829} INFO - Processing file /home/airflow/.local/lib/python3.8/site-packages/airflow/example_dags/tutorial_taskflow_api_virtualenv.py for tasks to queue
[2024-04-25T13:17:09.630+0000] {logging_mixin.py:154} INFO - [2024-04-25T13:17:09.630+0000] {dagbag.py:536} INFO - Filling up the DagBag from /home/airflow/.local/lib/python3.8/site-packages/airflow/example_dags/tutorial_taskflow_api_virtualenv.py
[2024-04-25T13:17:09.642+0000] {processor.py:839} INFO - DAG(s) dict_keys(['tutorial_taskflow_api_virtualenv']) retrieved from /home/airflow/.local/lib/python3.8/site-packages/airflow/example_dags/tutorial_taskflow_api_virtualenv.py
[2024-04-25T13:17:09.675+0000] {logging_mixin.py:154} INFO - [2024-04-25T13:17:09.675+0000] {dag.py:2941} INFO - Sync 1 DAGs
[2024-04-25T13:17:09.692+0000] {logging_mixin.py:154} INFO - [2024-04-25T13:17:09.692+0000] {dag.py:3722} INFO - Setting next_dagrun for tutorial_taskflow_api_virtualenv to None, run_after=None
[2024-04-25T13:17:09.717+0000] {processor.py:179} INFO - Processing /home/airflow/.local/lib/python3.8/site-packages/airflow/example_dags/tutorial_taskflow_api_virtualenv.py took 0.095 seconds
[2024-04-25T13:17:40.431+0000] {processor.py:157} INFO - Started process (PID=3605) to work on /home/airflow/.local/lib/python3.8/site-packages/airflow/example_dags/tutorial_taskflow_api_virtualenv.py
[2024-04-25T13:17:40.434+0000] {processor.py:829} INFO - Processing file /home/airflow/.local/lib/python3.8/site-packages/airflow/example_dags/tutorial_taskflow_api_virtualenv.py for tasks to queue
[2024-04-25T13:17:40.435+0000] {logging_mixin.py:154} INFO - [2024-04-25T13:17:40.435+0000] {dagbag.py:536} INFO - Filling up the DagBag from /home/airflow/.local/lib/python3.8/site-packages/airflow/example_dags/tutorial_taskflow_api_virtualenv.py
[2024-04-25T13:17:40.449+0000] {processor.py:839} INFO - DAG(s) dict_keys(['tutorial_taskflow_api_virtualenv']) retrieved from /home/airflow/.local/lib/python3.8/site-packages/airflow/example_dags/tutorial_taskflow_api_virtualenv.py
[2024-04-25T13:17:40.489+0000] {logging_mixin.py:154} INFO - [2024-04-25T13:17:40.488+0000] {dag.py:2941} INFO - Sync 1 DAGs
[2024-04-25T13:17:40.506+0000] {logging_mixin.py:154} INFO - [2024-04-25T13:17:40.506+0000] {dag.py:3722} INFO - Setting next_dagrun for tutorial_taskflow_api_virtualenv to None, run_after=None
[2024-04-25T13:17:40.533+0000] {processor.py:179} INFO - Processing /home/airflow/.local/lib/python3.8/site-packages/airflow/example_dags/tutorial_taskflow_api_virtualenv.py took 0.107 seconds
[2024-04-25T13:18:11.240+0000] {processor.py:157} INFO - Started process (PID=3847) to work on /home/airflow/.local/lib/python3.8/site-packages/airflow/example_dags/tutorial_taskflow_api_virtualenv.py
[2024-04-25T13:18:11.242+0000] {processor.py:829} INFO - Processing file /home/airflow/.local/lib/python3.8/site-packages/airflow/example_dags/tutorial_taskflow_api_virtualenv.py for tasks to queue
[2024-04-25T13:18:11.244+0000] {logging_mixin.py:154} INFO - [2024-04-25T13:18:11.243+0000] {dagbag.py:536} INFO - Filling up the DagBag from /home/airflow/.local/lib/python3.8/site-packages/airflow/example_dags/tutorial_taskflow_api_virtualenv.py
[2024-04-25T13:18:11.255+0000] {processor.py:839} INFO - DAG(s) dict_keys(['tutorial_taskflow_api_virtualenv']) retrieved from /home/airflow/.local/lib/python3.8/site-packages/airflow/example_dags/tutorial_taskflow_api_virtualenv.py
[2024-04-25T13:18:11.297+0000] {logging_mixin.py:154} INFO - [2024-04-25T13:18:11.297+0000] {dag.py:2941} INFO - Sync 1 DAGs
[2024-04-25T13:18:11.324+0000] {logging_mixin.py:154} INFO - [2024-04-25T13:18:11.324+0000] {dag.py:3722} INFO - Setting next_dagrun for tutorial_taskflow_api_virtualenv to None, run_after=None
[2024-04-25T13:18:11.354+0000] {processor.py:179} INFO - Processing /home/airflow/.local/lib/python3.8/site-packages/airflow/example_dags/tutorial_taskflow_api_virtualenv.py took 0.120 seconds
[2024-04-25T13:18:42.432+0000] {processor.py:157} INFO - Started process (PID=4093) to work on /home/airflow/.local/lib/python3.8/site-packages/airflow/example_dags/tutorial_taskflow_api_virtualenv.py
[2024-04-25T13:18:42.436+0000] {processor.py:829} INFO - Processing file /home/airflow/.local/lib/python3.8/site-packages/airflow/example_dags/tutorial_taskflow_api_virtualenv.py for tasks to queue
[2024-04-25T13:18:42.437+0000] {logging_mixin.py:154} INFO - [2024-04-25T13:18:42.437+0000] {dagbag.py:536} INFO - Filling up the DagBag from /home/airflow/.local/lib/python3.8/site-packages/airflow/example_dags/tutorial_taskflow_api_virtualenv.py
[2024-04-25T13:18:42.449+0000] {processor.py:839} INFO - DAG(s) dict_keys(['tutorial_taskflow_api_virtualenv']) retrieved from /home/airflow/.local/lib/python3.8/site-packages/airflow/example_dags/tutorial_taskflow_api_virtualenv.py
[2024-04-25T13:18:42.489+0000] {logging_mixin.py:154} INFO - [2024-04-25T13:18:42.489+0000] {dag.py:2941} INFO - Sync 1 DAGs
[2024-04-25T13:18:42.512+0000] {logging_mixin.py:154} INFO - [2024-04-25T13:18:42.511+0000] {dag.py:3722} INFO - Setting next_dagrun for tutorial_taskflow_api_virtualenv to None, run_after=None
[2024-04-25T13:18:42.543+0000] {processor.py:179} INFO - Processing /home/airflow/.local/lib/python3.8/site-packages/airflow/example_dags/tutorial_taskflow_api_virtualenv.py took 0.120 seconds
[2024-04-25T13:27:13.689+0000] {processor.py:157} INFO - Started process (PID=193) to work on /home/airflow/.local/lib/python3.8/site-packages/airflow/example_dags/tutorial_taskflow_api_virtualenv.py
[2024-04-25T13:27:13.692+0000] {processor.py:829} INFO - Processing file /home/airflow/.local/lib/python3.8/site-packages/airflow/example_dags/tutorial_taskflow_api_virtualenv.py for tasks to queue
[2024-04-25T13:27:13.693+0000] {logging_mixin.py:154} INFO - [2024-04-25T13:27:13.693+0000] {dagbag.py:536} INFO - Filling up the DagBag from /home/airflow/.local/lib/python3.8/site-packages/airflow/example_dags/tutorial_taskflow_api_virtualenv.py
[2024-04-25T13:27:13.711+0000] {processor.py:839} INFO - DAG(s) dict_keys(['tutorial_taskflow_api_virtualenv']) retrieved from /home/airflow/.local/lib/python3.8/site-packages/airflow/example_dags/tutorial_taskflow_api_virtualenv.py
[2024-04-25T13:27:13.731+0000] {logging_mixin.py:154} INFO - [2024-04-25T13:27:13.731+0000] {dag.py:2941} INFO - Sync 1 DAGs
[2024-04-25T13:27:13.754+0000] {logging_mixin.py:154} INFO - [2024-04-25T13:27:13.753+0000] {dag.py:3722} INFO - Setting next_dagrun for tutorial_taskflow_api_virtualenv to None, run_after=None
[2024-04-25T13:27:13.790+0000] {processor.py:179} INFO - Processing /home/airflow/.local/lib/python3.8/site-packages/airflow/example_dags/tutorial_taskflow_api_virtualenv.py took 0.109 seconds
[2024-04-25T13:27:44.464+0000] {processor.py:157} INFO - Started process (PID=436) to work on /home/airflow/.local/lib/python3.8/site-packages/airflow/example_dags/tutorial_taskflow_api_virtualenv.py
[2024-04-25T13:27:44.466+0000] {processor.py:829} INFO - Processing file /home/airflow/.local/lib/python3.8/site-packages/airflow/example_dags/tutorial_taskflow_api_virtualenv.py for tasks to queue
[2024-04-25T13:27:44.467+0000] {logging_mixin.py:154} INFO - [2024-04-25T13:27:44.466+0000] {dagbag.py:536} INFO - Filling up the DagBag from /home/airflow/.local/lib/python3.8/site-packages/airflow/example_dags/tutorial_taskflow_api_virtualenv.py
[2024-04-25T13:27:44.479+0000] {processor.py:839} INFO - DAG(s) dict_keys(['tutorial_taskflow_api_virtualenv']) retrieved from /home/airflow/.local/lib/python3.8/site-packages/airflow/example_dags/tutorial_taskflow_api_virtualenv.py
[2024-04-25T13:27:44.514+0000] {logging_mixin.py:154} INFO - [2024-04-25T13:27:44.514+0000] {dag.py:2941} INFO - Sync 1 DAGs
[2024-04-25T13:27:44.532+0000] {logging_mixin.py:154} INFO - [2024-04-25T13:27:44.532+0000] {dag.py:3722} INFO - Setting next_dagrun for tutorial_taskflow_api_virtualenv to None, run_after=None
[2024-04-25T13:27:44.563+0000] {processor.py:179} INFO - Processing /home/airflow/.local/lib/python3.8/site-packages/airflow/example_dags/tutorial_taskflow_api_virtualenv.py took 0.105 seconds
[2024-04-25T13:28:14.975+0000] {processor.py:157} INFO - Started process (PID=679) to work on /home/airflow/.local/lib/python3.8/site-packages/airflow/example_dags/tutorial_taskflow_api_virtualenv.py
[2024-04-25T13:28:14.977+0000] {processor.py:829} INFO - Processing file /home/airflow/.local/lib/python3.8/site-packages/airflow/example_dags/tutorial_taskflow_api_virtualenv.py for tasks to queue
[2024-04-25T13:28:14.979+0000] {logging_mixin.py:154} INFO - [2024-04-25T13:28:14.978+0000] {dagbag.py:536} INFO - Filling up the DagBag from /home/airflow/.local/lib/python3.8/site-packages/airflow/example_dags/tutorial_taskflow_api_virtualenv.py
[2024-04-25T13:28:14.994+0000] {processor.py:839} INFO - DAG(s) dict_keys(['tutorial_taskflow_api_virtualenv']) retrieved from /home/airflow/.local/lib/python3.8/site-packages/airflow/example_dags/tutorial_taskflow_api_virtualenv.py
[2024-04-25T13:28:15.027+0000] {logging_mixin.py:154} INFO - [2024-04-25T13:28:15.027+0000] {dag.py:2941} INFO - Sync 1 DAGs
[2024-04-25T13:28:15.048+0000] {logging_mixin.py:154} INFO - [2024-04-25T13:28:15.048+0000] {dag.py:3722} INFO - Setting next_dagrun for tutorial_taskflow_api_virtualenv to None, run_after=None
[2024-04-25T13:28:15.082+0000] {processor.py:179} INFO - Processing /home/airflow/.local/lib/python3.8/site-packages/airflow/example_dags/tutorial_taskflow_api_virtualenv.py took 0.115 seconds
[2024-04-25T13:28:45.285+0000] {processor.py:157} INFO - Started process (PID=924) to work on /home/airflow/.local/lib/python3.8/site-packages/airflow/example_dags/tutorial_taskflow_api_virtualenv.py
[2024-04-25T13:28:45.291+0000] {processor.py:829} INFO - Processing file /home/airflow/.local/lib/python3.8/site-packages/airflow/example_dags/tutorial_taskflow_api_virtualenv.py for tasks to queue
[2024-04-25T13:28:45.293+0000] {logging_mixin.py:154} INFO - [2024-04-25T13:28:45.292+0000] {dagbag.py:536} INFO - Filling up the DagBag from /home/airflow/.local/lib/python3.8/site-packages/airflow/example_dags/tutorial_taskflow_api_virtualenv.py
[2024-04-25T13:28:45.307+0000] {processor.py:839} INFO - DAG(s) dict_keys(['tutorial_taskflow_api_virtualenv']) retrieved from /home/airflow/.local/lib/python3.8/site-packages/airflow/example_dags/tutorial_taskflow_api_virtualenv.py
[2024-04-25T13:28:45.354+0000] {logging_mixin.py:154} INFO - [2024-04-25T13:28:45.353+0000] {dag.py:2941} INFO - Sync 1 DAGs
[2024-04-25T13:28:45.381+0000] {logging_mixin.py:154} INFO - [2024-04-25T13:28:45.381+0000] {dag.py:3722} INFO - Setting next_dagrun for tutorial_taskflow_api_virtualenv to None, run_after=None
[2024-04-25T13:28:45.422+0000] {processor.py:179} INFO - Processing /home/airflow/.local/lib/python3.8/site-packages/airflow/example_dags/tutorial_taskflow_api_virtualenv.py took 0.144 seconds
[2024-04-25T13:29:16.382+0000] {processor.py:157} INFO - Started process (PID=1170) to work on /home/airflow/.local/lib/python3.8/site-packages/airflow/example_dags/tutorial_taskflow_api_virtualenv.py
[2024-04-25T13:29:16.385+0000] {processor.py:829} INFO - Processing file /home/airflow/.local/lib/python3.8/site-packages/airflow/example_dags/tutorial_taskflow_api_virtualenv.py for tasks to queue
[2024-04-25T13:29:16.387+0000] {logging_mixin.py:154} INFO - [2024-04-25T13:29:16.386+0000] {dagbag.py:536} INFO - Filling up the DagBag from /home/airflow/.local/lib/python3.8/site-packages/airflow/example_dags/tutorial_taskflow_api_virtualenv.py
[2024-04-25T13:29:16.398+0000] {processor.py:839} INFO - DAG(s) dict_keys(['tutorial_taskflow_api_virtualenv']) retrieved from /home/airflow/.local/lib/python3.8/site-packages/airflow/example_dags/tutorial_taskflow_api_virtualenv.py
[2024-04-25T13:29:16.441+0000] {logging_mixin.py:154} INFO - [2024-04-25T13:29:16.441+0000] {dag.py:2941} INFO - Sync 1 DAGs
[2024-04-25T13:29:16.467+0000] {logging_mixin.py:154} INFO - [2024-04-25T13:29:16.467+0000] {dag.py:3722} INFO - Setting next_dagrun for tutorial_taskflow_api_virtualenv to None, run_after=None
[2024-04-25T13:29:16.503+0000] {processor.py:179} INFO - Processing /home/airflow/.local/lib/python3.8/site-packages/airflow/example_dags/tutorial_taskflow_api_virtualenv.py took 0.127 seconds
[2024-04-25T13:29:47.328+0000] {processor.py:157} INFO - Started process (PID=1413) to work on /home/airflow/.local/lib/python3.8/site-packages/airflow/example_dags/tutorial_taskflow_api_virtualenv.py
[2024-04-25T13:29:47.330+0000] {processor.py:829} INFO - Processing file /home/airflow/.local/lib/python3.8/site-packages/airflow/example_dags/tutorial_taskflow_api_virtualenv.py for tasks to queue
[2024-04-25T13:29:47.332+0000] {logging_mixin.py:154} INFO - [2024-04-25T13:29:47.332+0000] {dagbag.py:536} INFO - Filling up the DagBag from /home/airflow/.local/lib/python3.8/site-packages/airflow/example_dags/tutorial_taskflow_api_virtualenv.py
[2024-04-25T13:29:47.345+0000] {processor.py:839} INFO - DAG(s) dict_keys(['tutorial_taskflow_api_virtualenv']) retrieved from /home/airflow/.local/lib/python3.8/site-packages/airflow/example_dags/tutorial_taskflow_api_virtualenv.py
[2024-04-25T13:29:47.388+0000] {logging_mixin.py:154} INFO - [2024-04-25T13:29:47.387+0000] {dag.py:2941} INFO - Sync 1 DAGs
[2024-04-25T13:29:47.413+0000] {logging_mixin.py:154} INFO - [2024-04-25T13:29:47.413+0000] {dag.py:3722} INFO - Setting next_dagrun for tutorial_taskflow_api_virtualenv to None, run_after=None
[2024-04-25T13:29:47.448+0000] {processor.py:179} INFO - Processing /home/airflow/.local/lib/python3.8/site-packages/airflow/example_dags/tutorial_taskflow_api_virtualenv.py took 0.126 seconds
[2024-04-25T13:30:17.837+0000] {processor.py:157} INFO - Started process (PID=1656) to work on /home/airflow/.local/lib/python3.8/site-packages/airflow/example_dags/tutorial_taskflow_api_virtualenv.py
[2024-04-25T13:30:17.840+0000] {processor.py:829} INFO - Processing file /home/airflow/.local/lib/python3.8/site-packages/airflow/example_dags/tutorial_taskflow_api_virtualenv.py for tasks to queue
[2024-04-25T13:30:17.842+0000] {logging_mixin.py:154} INFO - [2024-04-25T13:30:17.841+0000] {dagbag.py:536} INFO - Filling up the DagBag from /home/airflow/.local/lib/python3.8/site-packages/airflow/example_dags/tutorial_taskflow_api_virtualenv.py
[2024-04-25T13:30:17.857+0000] {processor.py:839} INFO - DAG(s) dict_keys(['tutorial_taskflow_api_virtualenv']) retrieved from /home/airflow/.local/lib/python3.8/site-packages/airflow/example_dags/tutorial_taskflow_api_virtualenv.py
[2024-04-25T13:30:17.895+0000] {logging_mixin.py:154} INFO - [2024-04-25T13:30:17.894+0000] {dag.py:2941} INFO - Sync 1 DAGs
[2024-04-25T13:30:17.914+0000] {logging_mixin.py:154} INFO - [2024-04-25T13:30:17.913+0000] {dag.py:3722} INFO - Setting next_dagrun for tutorial_taskflow_api_virtualenv to None, run_after=None
[2024-04-25T13:30:17.955+0000] {processor.py:179} INFO - Processing /home/airflow/.local/lib/python3.8/site-packages/airflow/example_dags/tutorial_taskflow_api_virtualenv.py took 0.126 seconds
[2024-04-25T13:30:48.321+0000] {processor.py:157} INFO - Started process (PID=1900) to work on /home/airflow/.local/lib/python3.8/site-packages/airflow/example_dags/tutorial_taskflow_api_virtualenv.py
[2024-04-25T13:30:48.322+0000] {processor.py:829} INFO - Processing file /home/airflow/.local/lib/python3.8/site-packages/airflow/example_dags/tutorial_taskflow_api_virtualenv.py for tasks to queue
[2024-04-25T13:30:48.323+0000] {logging_mixin.py:154} INFO - [2024-04-25T13:30:48.323+0000] {dagbag.py:536} INFO - Filling up the DagBag from /home/airflow/.local/lib/python3.8/site-packages/airflow/example_dags/tutorial_taskflow_api_virtualenv.py
[2024-04-25T13:30:48.336+0000] {processor.py:839} INFO - DAG(s) dict_keys(['tutorial_taskflow_api_virtualenv']) retrieved from /home/airflow/.local/lib/python3.8/site-packages/airflow/example_dags/tutorial_taskflow_api_virtualenv.py
[2024-04-25T13:30:48.376+0000] {logging_mixin.py:154} INFO - [2024-04-25T13:30:48.375+0000] {dag.py:2941} INFO - Sync 1 DAGs
[2024-04-25T13:30:48.395+0000] {logging_mixin.py:154} INFO - [2024-04-25T13:30:48.395+0000] {dag.py:3722} INFO - Setting next_dagrun for tutorial_taskflow_api_virtualenv to None, run_after=None
[2024-04-25T13:30:48.423+0000] {processor.py:179} INFO - Processing /home/airflow/.local/lib/python3.8/site-packages/airflow/example_dags/tutorial_taskflow_api_virtualenv.py took 0.107 seconds
[2024-04-25T13:31:18.518+0000] {processor.py:157} INFO - Started process (PID=2143) to work on /home/airflow/.local/lib/python3.8/site-packages/airflow/example_dags/tutorial_taskflow_api_virtualenv.py
[2024-04-25T13:31:18.520+0000] {processor.py:829} INFO - Processing file /home/airflow/.local/lib/python3.8/site-packages/airflow/example_dags/tutorial_taskflow_api_virtualenv.py for tasks to queue
[2024-04-25T13:31:18.521+0000] {logging_mixin.py:154} INFO - [2024-04-25T13:31:18.521+0000] {dagbag.py:536} INFO - Filling up the DagBag from /home/airflow/.local/lib/python3.8/site-packages/airflow/example_dags/tutorial_taskflow_api_virtualenv.py
[2024-04-25T13:31:18.537+0000] {processor.py:839} INFO - DAG(s) dict_keys(['tutorial_taskflow_api_virtualenv']) retrieved from /home/airflow/.local/lib/python3.8/site-packages/airflow/example_dags/tutorial_taskflow_api_virtualenv.py
[2024-04-25T13:31:18.574+0000] {logging_mixin.py:154} INFO - [2024-04-25T13:31:18.574+0000] {dag.py:2941} INFO - Sync 1 DAGs
[2024-04-25T13:31:18.595+0000] {logging_mixin.py:154} INFO - [2024-04-25T13:31:18.594+0000] {dag.py:3722} INFO - Setting next_dagrun for tutorial_taskflow_api_virtualenv to None, run_after=None
[2024-04-25T13:31:18.624+0000] {processor.py:179} INFO - Processing /home/airflow/.local/lib/python3.8/site-packages/airflow/example_dags/tutorial_taskflow_api_virtualenv.py took 0.113 seconds
[2024-04-25T13:31:49.037+0000] {processor.py:157} INFO - Started process (PID=2386) to work on /home/airflow/.local/lib/python3.8/site-packages/airflow/example_dags/tutorial_taskflow_api_virtualenv.py
[2024-04-25T13:31:49.040+0000] {processor.py:829} INFO - Processing file /home/airflow/.local/lib/python3.8/site-packages/airflow/example_dags/tutorial_taskflow_api_virtualenv.py for tasks to queue
[2024-04-25T13:31:49.041+0000] {logging_mixin.py:154} INFO - [2024-04-25T13:31:49.041+0000] {dagbag.py:536} INFO - Filling up the DagBag from /home/airflow/.local/lib/python3.8/site-packages/airflow/example_dags/tutorial_taskflow_api_virtualenv.py
[2024-04-25T13:31:49.057+0000] {processor.py:839} INFO - DAG(s) dict_keys(['tutorial_taskflow_api_virtualenv']) retrieved from /home/airflow/.local/lib/python3.8/site-packages/airflow/example_dags/tutorial_taskflow_api_virtualenv.py
[2024-04-25T13:31:49.094+0000] {logging_mixin.py:154} INFO - [2024-04-25T13:31:49.094+0000] {dag.py:2941} INFO - Sync 1 DAGs
[2024-04-25T13:31:49.114+0000] {logging_mixin.py:154} INFO - [2024-04-25T13:31:49.114+0000] {dag.py:3722} INFO - Setting next_dagrun for tutorial_taskflow_api_virtualenv to None, run_after=None
[2024-04-25T13:31:49.144+0000] {processor.py:179} INFO - Processing /home/airflow/.local/lib/python3.8/site-packages/airflow/example_dags/tutorial_taskflow_api_virtualenv.py took 0.116 seconds
[2024-04-25T13:32:19.724+0000] {processor.py:157} INFO - Started process (PID=2631) to work on /home/airflow/.local/lib/python3.8/site-packages/airflow/example_dags/tutorial_taskflow_api_virtualenv.py
[2024-04-25T13:32:19.725+0000] {processor.py:829} INFO - Processing file /home/airflow/.local/lib/python3.8/site-packages/airflow/example_dags/tutorial_taskflow_api_virtualenv.py for tasks to queue
[2024-04-25T13:32:19.726+0000] {logging_mixin.py:154} INFO - [2024-04-25T13:32:19.726+0000] {dagbag.py:536} INFO - Filling up the DagBag from /home/airflow/.local/lib/python3.8/site-packages/airflow/example_dags/tutorial_taskflow_api_virtualenv.py
[2024-04-25T13:32:19.737+0000] {processor.py:839} INFO - DAG(s) dict_keys(['tutorial_taskflow_api_virtualenv']) retrieved from /home/airflow/.local/lib/python3.8/site-packages/airflow/example_dags/tutorial_taskflow_api_virtualenv.py
[2024-04-25T13:32:19.770+0000] {logging_mixin.py:154} INFO - [2024-04-25T13:32:19.770+0000] {dag.py:2941} INFO - Sync 1 DAGs
[2024-04-25T13:32:19.788+0000] {logging_mixin.py:154} INFO - [2024-04-25T13:32:19.788+0000] {dag.py:3722} INFO - Setting next_dagrun for tutorial_taskflow_api_virtualenv to None, run_after=None
[2024-04-25T13:32:19.815+0000] {processor.py:179} INFO - Processing /home/airflow/.local/lib/python3.8/site-packages/airflow/example_dags/tutorial_taskflow_api_virtualenv.py took 0.097 seconds
[2024-04-25T13:32:50.262+0000] {processor.py:157} INFO - Started process (PID=2874) to work on /home/airflow/.local/lib/python3.8/site-packages/airflow/example_dags/tutorial_taskflow_api_virtualenv.py
[2024-04-25T13:32:50.264+0000] {processor.py:829} INFO - Processing file /home/airflow/.local/lib/python3.8/site-packages/airflow/example_dags/tutorial_taskflow_api_virtualenv.py for tasks to queue
[2024-04-25T13:32:50.265+0000] {logging_mixin.py:154} INFO - [2024-04-25T13:32:50.265+0000] {dagbag.py:536} INFO - Filling up the DagBag from /home/airflow/.local/lib/python3.8/site-packages/airflow/example_dags/tutorial_taskflow_api_virtualenv.py
[2024-04-25T13:32:50.277+0000] {processor.py:839} INFO - DAG(s) dict_keys(['tutorial_taskflow_api_virtualenv']) retrieved from /home/airflow/.local/lib/python3.8/site-packages/airflow/example_dags/tutorial_taskflow_api_virtualenv.py
[2024-04-25T13:32:50.312+0000] {logging_mixin.py:154} INFO - [2024-04-25T13:32:50.312+0000] {dag.py:2941} INFO - Sync 1 DAGs
[2024-04-25T13:32:50.331+0000] {logging_mixin.py:154} INFO - [2024-04-25T13:32:50.330+0000] {dag.py:3722} INFO - Setting next_dagrun for tutorial_taskflow_api_virtualenv to None, run_after=None
[2024-04-25T13:32:50.358+0000] {processor.py:179} INFO - Processing /home/airflow/.local/lib/python3.8/site-packages/airflow/example_dags/tutorial_taskflow_api_virtualenv.py took 0.102 seconds
[2024-04-25T13:33:20.686+0000] {processor.py:157} INFO - Started process (PID=3125) to work on /home/airflow/.local/lib/python3.8/site-packages/airflow/example_dags/tutorial_taskflow_api_virtualenv.py
[2024-04-25T13:33:20.692+0000] {processor.py:829} INFO - Processing file /home/airflow/.local/lib/python3.8/site-packages/airflow/example_dags/tutorial_taskflow_api_virtualenv.py for tasks to queue
[2024-04-25T13:33:20.695+0000] {logging_mixin.py:154} INFO - [2024-04-25T13:33:20.694+0000] {dagbag.py:536} INFO - Filling up the DagBag from /home/airflow/.local/lib/python3.8/site-packages/airflow/example_dags/tutorial_taskflow_api_virtualenv.py
[2024-04-25T13:33:20.719+0000] {processor.py:839} INFO - DAG(s) dict_keys(['tutorial_taskflow_api_virtualenv']) retrieved from /home/airflow/.local/lib/python3.8/site-packages/airflow/example_dags/tutorial_taskflow_api_virtualenv.py
[2024-04-25T13:33:20.764+0000] {logging_mixin.py:154} INFO - [2024-04-25T13:33:20.763+0000] {dag.py:2941} INFO - Sync 1 DAGs
[2024-04-25T13:33:20.793+0000] {logging_mixin.py:154} INFO - [2024-04-25T13:33:20.792+0000] {dag.py:3722} INFO - Setting next_dagrun for tutorial_taskflow_api_virtualenv to None, run_after=None
[2024-04-25T13:33:20.832+0000] {processor.py:179} INFO - Processing /home/airflow/.local/lib/python3.8/site-packages/airflow/example_dags/tutorial_taskflow_api_virtualenv.py took 0.157 seconds
[2024-04-25T13:33:51.627+0000] {processor.py:157} INFO - Started process (PID=3370) to work on /home/airflow/.local/lib/python3.8/site-packages/airflow/example_dags/tutorial_taskflow_api_virtualenv.py
[2024-04-25T13:33:51.635+0000] {processor.py:829} INFO - Processing file /home/airflow/.local/lib/python3.8/site-packages/airflow/example_dags/tutorial_taskflow_api_virtualenv.py for tasks to queue
[2024-04-25T13:33:51.644+0000] {logging_mixin.py:154} INFO - [2024-04-25T13:33:51.640+0000] {dagbag.py:536} INFO - Filling up the DagBag from /home/airflow/.local/lib/python3.8/site-packages/airflow/example_dags/tutorial_taskflow_api_virtualenv.py
[2024-04-25T13:33:51.710+0000] {processor.py:839} INFO - DAG(s) dict_keys(['tutorial_taskflow_api_virtualenv']) retrieved from /home/airflow/.local/lib/python3.8/site-packages/airflow/example_dags/tutorial_taskflow_api_virtualenv.py
[2024-04-25T13:33:51.847+0000] {logging_mixin.py:154} INFO - [2024-04-25T13:33:51.846+0000] {dag.py:2941} INFO - Sync 1 DAGs
[2024-04-25T13:33:51.923+0000] {logging_mixin.py:154} INFO - [2024-04-25T13:33:51.923+0000] {dag.py:3722} INFO - Setting next_dagrun for tutorial_taskflow_api_virtualenv to None, run_after=None
[2024-04-25T13:33:52.007+0000] {processor.py:179} INFO - Processing /home/airflow/.local/lib/python3.8/site-packages/airflow/example_dags/tutorial_taskflow_api_virtualenv.py took 0.401 seconds
[2024-04-25T13:34:22.253+0000] {processor.py:157} INFO - Started process (PID=3613) to work on /home/airflow/.local/lib/python3.8/site-packages/airflow/example_dags/tutorial_taskflow_api_virtualenv.py
[2024-04-25T13:34:22.257+0000] {processor.py:829} INFO - Processing file /home/airflow/.local/lib/python3.8/site-packages/airflow/example_dags/tutorial_taskflow_api_virtualenv.py for tasks to queue
[2024-04-25T13:34:22.260+0000] {logging_mixin.py:154} INFO - [2024-04-25T13:34:22.258+0000] {dagbag.py:536} INFO - Filling up the DagBag from /home/airflow/.local/lib/python3.8/site-packages/airflow/example_dags/tutorial_taskflow_api_virtualenv.py
[2024-04-25T13:34:22.297+0000] {processor.py:839} INFO - DAG(s) dict_keys(['tutorial_taskflow_api_virtualenv']) retrieved from /home/airflow/.local/lib/python3.8/site-packages/airflow/example_dags/tutorial_taskflow_api_virtualenv.py
[2024-04-25T13:34:22.423+0000] {logging_mixin.py:154} INFO - [2024-04-25T13:34:22.422+0000] {dag.py:2941} INFO - Sync 1 DAGs
[2024-04-25T13:34:22.555+0000] {logging_mixin.py:154} INFO - [2024-04-25T13:34:22.553+0000] {dag.py:3722} INFO - Setting next_dagrun for tutorial_taskflow_api_virtualenv to None, run_after=None
[2024-04-25T13:34:22.682+0000] {processor.py:179} INFO - Processing /home/airflow/.local/lib/python3.8/site-packages/airflow/example_dags/tutorial_taskflow_api_virtualenv.py took 0.442 seconds
[2024-04-25T13:34:53.645+0000] {processor.py:157} INFO - Started process (PID=3858) to work on /home/airflow/.local/lib/python3.8/site-packages/airflow/example_dags/tutorial_taskflow_api_virtualenv.py
[2024-04-25T13:34:53.648+0000] {processor.py:829} INFO - Processing file /home/airflow/.local/lib/python3.8/site-packages/airflow/example_dags/tutorial_taskflow_api_virtualenv.py for tasks to queue
[2024-04-25T13:34:53.649+0000] {logging_mixin.py:154} INFO - [2024-04-25T13:34:53.648+0000] {dagbag.py:536} INFO - Filling up the DagBag from /home/airflow/.local/lib/python3.8/site-packages/airflow/example_dags/tutorial_taskflow_api_virtualenv.py
[2024-04-25T13:34:53.665+0000] {processor.py:839} INFO - DAG(s) dict_keys(['tutorial_taskflow_api_virtualenv']) retrieved from /home/airflow/.local/lib/python3.8/site-packages/airflow/example_dags/tutorial_taskflow_api_virtualenv.py
[2024-04-25T13:34:53.702+0000] {logging_mixin.py:154} INFO - [2024-04-25T13:34:53.702+0000] {dag.py:2941} INFO - Sync 1 DAGs
[2024-04-25T13:34:53.722+0000] {logging_mixin.py:154} INFO - [2024-04-25T13:34:53.722+0000] {dag.py:3722} INFO - Setting next_dagrun for tutorial_taskflow_api_virtualenv to None, run_after=None
[2024-04-25T13:34:53.748+0000] {processor.py:179} INFO - Processing /home/airflow/.local/lib/python3.8/site-packages/airflow/example_dags/tutorial_taskflow_api_virtualenv.py took 0.112 seconds
[2024-04-25T13:35:24.524+0000] {processor.py:157} INFO - Started process (PID=4102) to work on /home/airflow/.local/lib/python3.8/site-packages/airflow/example_dags/tutorial_taskflow_api_virtualenv.py
[2024-04-25T13:35:24.526+0000] {processor.py:829} INFO - Processing file /home/airflow/.local/lib/python3.8/site-packages/airflow/example_dags/tutorial_taskflow_api_virtualenv.py for tasks to queue
[2024-04-25T13:35:24.527+0000] {logging_mixin.py:154} INFO - [2024-04-25T13:35:24.526+0000] {dagbag.py:536} INFO - Filling up the DagBag from /home/airflow/.local/lib/python3.8/site-packages/airflow/example_dags/tutorial_taskflow_api_virtualenv.py
[2024-04-25T13:35:24.540+0000] {processor.py:839} INFO - DAG(s) dict_keys(['tutorial_taskflow_api_virtualenv']) retrieved from /home/airflow/.local/lib/python3.8/site-packages/airflow/example_dags/tutorial_taskflow_api_virtualenv.py
[2024-04-25T13:35:24.584+0000] {logging_mixin.py:154} INFO - [2024-04-25T13:35:24.583+0000] {dag.py:2941} INFO - Sync 1 DAGs
[2024-04-25T13:35:24.610+0000] {logging_mixin.py:154} INFO - [2024-04-25T13:35:24.610+0000] {dag.py:3722} INFO - Setting next_dagrun for tutorial_taskflow_api_virtualenv to None, run_after=None
[2024-04-25T13:35:24.644+0000] {processor.py:179} INFO - Processing /home/airflow/.local/lib/python3.8/site-packages/airflow/example_dags/tutorial_taskflow_api_virtualenv.py took 0.129 seconds
[2024-04-25T13:49:25.295+0000] {processor.py:157} INFO - Started process (PID=193) to work on /home/airflow/.local/lib/python3.8/site-packages/airflow/example_dags/tutorial_taskflow_api_virtualenv.py
[2024-04-25T13:49:25.297+0000] {processor.py:829} INFO - Processing file /home/airflow/.local/lib/python3.8/site-packages/airflow/example_dags/tutorial_taskflow_api_virtualenv.py for tasks to queue
[2024-04-25T13:49:25.299+0000] {logging_mixin.py:154} INFO - [2024-04-25T13:49:25.298+0000] {dagbag.py:536} INFO - Filling up the DagBag from /home/airflow/.local/lib/python3.8/site-packages/airflow/example_dags/tutorial_taskflow_api_virtualenv.py
[2024-04-25T13:49:25.320+0000] {processor.py:839} INFO - DAG(s) dict_keys(['tutorial_taskflow_api_virtualenv']) retrieved from /home/airflow/.local/lib/python3.8/site-packages/airflow/example_dags/tutorial_taskflow_api_virtualenv.py
[2024-04-25T13:49:25.342+0000] {logging_mixin.py:154} INFO - [2024-04-25T13:49:25.341+0000] {dag.py:2941} INFO - Sync 1 DAGs
[2024-04-25T13:49:25.375+0000] {logging_mixin.py:154} INFO - [2024-04-25T13:49:25.375+0000] {dag.py:3722} INFO - Setting next_dagrun for tutorial_taskflow_api_virtualenv to None, run_after=None
[2024-04-25T13:49:25.409+0000] {processor.py:179} INFO - Processing /home/airflow/.local/lib/python3.8/site-packages/airflow/example_dags/tutorial_taskflow_api_virtualenv.py took 0.122 seconds
[2024-04-25T13:49:56.093+0000] {processor.py:157} INFO - Started process (PID=439) to work on /home/airflow/.local/lib/python3.8/site-packages/airflow/example_dags/tutorial_taskflow_api_virtualenv.py
[2024-04-25T13:49:56.096+0000] {processor.py:829} INFO - Processing file /home/airflow/.local/lib/python3.8/site-packages/airflow/example_dags/tutorial_taskflow_api_virtualenv.py for tasks to queue
[2024-04-25T13:49:56.097+0000] {logging_mixin.py:154} INFO - [2024-04-25T13:49:56.097+0000] {dagbag.py:536} INFO - Filling up the DagBag from /home/airflow/.local/lib/python3.8/site-packages/airflow/example_dags/tutorial_taskflow_api_virtualenv.py
[2024-04-25T13:49:56.109+0000] {processor.py:839} INFO - DAG(s) dict_keys(['tutorial_taskflow_api_virtualenv']) retrieved from /home/airflow/.local/lib/python3.8/site-packages/airflow/example_dags/tutorial_taskflow_api_virtualenv.py
[2024-04-25T13:49:56.148+0000] {logging_mixin.py:154} INFO - [2024-04-25T13:49:56.148+0000] {dag.py:2941} INFO - Sync 1 DAGs
[2024-04-25T13:49:56.169+0000] {logging_mixin.py:154} INFO - [2024-04-25T13:49:56.168+0000] {dag.py:3722} INFO - Setting next_dagrun for tutorial_taskflow_api_virtualenv to None, run_after=None
[2024-04-25T13:49:56.203+0000] {processor.py:179} INFO - Processing /home/airflow/.local/lib/python3.8/site-packages/airflow/example_dags/tutorial_taskflow_api_virtualenv.py took 0.118 seconds
[2024-04-25T13:50:26.890+0000] {processor.py:157} INFO - Started process (PID=680) to work on /home/airflow/.local/lib/python3.8/site-packages/airflow/example_dags/tutorial_taskflow_api_virtualenv.py
[2024-04-25T13:50:26.891+0000] {processor.py:829} INFO - Processing file /home/airflow/.local/lib/python3.8/site-packages/airflow/example_dags/tutorial_taskflow_api_virtualenv.py for tasks to queue
[2024-04-25T13:50:26.893+0000] {logging_mixin.py:154} INFO - [2024-04-25T13:50:26.892+0000] {dagbag.py:536} INFO - Filling up the DagBag from /home/airflow/.local/lib/python3.8/site-packages/airflow/example_dags/tutorial_taskflow_api_virtualenv.py
[2024-04-25T13:50:26.907+0000] {processor.py:839} INFO - DAG(s) dict_keys(['tutorial_taskflow_api_virtualenv']) retrieved from /home/airflow/.local/lib/python3.8/site-packages/airflow/example_dags/tutorial_taskflow_api_virtualenv.py
[2024-04-25T13:50:26.943+0000] {logging_mixin.py:154} INFO - [2024-04-25T13:50:26.943+0000] {dag.py:2941} INFO - Sync 1 DAGs
[2024-04-25T13:50:26.964+0000] {logging_mixin.py:154} INFO - [2024-04-25T13:50:26.964+0000] {dag.py:3722} INFO - Setting next_dagrun for tutorial_taskflow_api_virtualenv to None, run_after=None
[2024-04-25T13:50:26.995+0000] {processor.py:179} INFO - Processing /home/airflow/.local/lib/python3.8/site-packages/airflow/example_dags/tutorial_taskflow_api_virtualenv.py took 0.113 seconds
[2024-04-25T13:50:58.041+0000] {processor.py:157} INFO - Started process (PID=923) to work on /home/airflow/.local/lib/python3.8/site-packages/airflow/example_dags/tutorial_taskflow_api_virtualenv.py
[2024-04-25T13:50:58.044+0000] {processor.py:829} INFO - Processing file /home/airflow/.local/lib/python3.8/site-packages/airflow/example_dags/tutorial_taskflow_api_virtualenv.py for tasks to queue
[2024-04-25T13:50:58.045+0000] {logging_mixin.py:154} INFO - [2024-04-25T13:50:58.045+0000] {dagbag.py:536} INFO - Filling up the DagBag from /home/airflow/.local/lib/python3.8/site-packages/airflow/example_dags/tutorial_taskflow_api_virtualenv.py
[2024-04-25T13:50:58.060+0000] {processor.py:839} INFO - DAG(s) dict_keys(['tutorial_taskflow_api_virtualenv']) retrieved from /home/airflow/.local/lib/python3.8/site-packages/airflow/example_dags/tutorial_taskflow_api_virtualenv.py
[2024-04-25T13:50:58.095+0000] {logging_mixin.py:154} INFO - [2024-04-25T13:50:58.095+0000] {dag.py:2941} INFO - Sync 1 DAGs
[2024-04-25T13:50:58.116+0000] {logging_mixin.py:154} INFO - [2024-04-25T13:50:58.116+0000] {dag.py:3722} INFO - Setting next_dagrun for tutorial_taskflow_api_virtualenv to None, run_after=None
[2024-04-25T13:50:58.142+0000] {processor.py:179} INFO - Processing /home/airflow/.local/lib/python3.8/site-packages/airflow/example_dags/tutorial_taskflow_api_virtualenv.py took 0.109 seconds
[2024-04-25T13:51:28.307+0000] {processor.py:157} INFO - Started process (PID=1161) to work on /home/airflow/.local/lib/python3.8/site-packages/airflow/example_dags/tutorial_taskflow_api_virtualenv.py
[2024-04-25T13:51:28.309+0000] {processor.py:829} INFO - Processing file /home/airflow/.local/lib/python3.8/site-packages/airflow/example_dags/tutorial_taskflow_api_virtualenv.py for tasks to queue
[2024-04-25T13:51:28.311+0000] {logging_mixin.py:154} INFO - [2024-04-25T13:51:28.310+0000] {dagbag.py:536} INFO - Filling up the DagBag from /home/airflow/.local/lib/python3.8/site-packages/airflow/example_dags/tutorial_taskflow_api_virtualenv.py
[2024-04-25T13:51:28.322+0000] {processor.py:839} INFO - DAG(s) dict_keys(['tutorial_taskflow_api_virtualenv']) retrieved from /home/airflow/.local/lib/python3.8/site-packages/airflow/example_dags/tutorial_taskflow_api_virtualenv.py
[2024-04-25T13:51:28.355+0000] {logging_mixin.py:154} INFO - [2024-04-25T13:51:28.355+0000] {dag.py:2941} INFO - Sync 1 DAGs
[2024-04-25T13:51:28.373+0000] {logging_mixin.py:154} INFO - [2024-04-25T13:51:28.373+0000] {dag.py:3722} INFO - Setting next_dagrun for tutorial_taskflow_api_virtualenv to None, run_after=None
[2024-04-25T13:51:28.399+0000] {processor.py:179} INFO - Processing /home/airflow/.local/lib/python3.8/site-packages/airflow/example_dags/tutorial_taskflow_api_virtualenv.py took 0.098 seconds
[2024-04-25T13:51:58.545+0000] {processor.py:157} INFO - Started process (PID=1404) to work on /home/airflow/.local/lib/python3.8/site-packages/airflow/example_dags/tutorial_taskflow_api_virtualenv.py
[2024-04-25T13:51:58.546+0000] {processor.py:829} INFO - Processing file /home/airflow/.local/lib/python3.8/site-packages/airflow/example_dags/tutorial_taskflow_api_virtualenv.py for tasks to queue
[2024-04-25T13:51:58.547+0000] {logging_mixin.py:154} INFO - [2024-04-25T13:51:58.547+0000] {dagbag.py:536} INFO - Filling up the DagBag from /home/airflow/.local/lib/python3.8/site-packages/airflow/example_dags/tutorial_taskflow_api_virtualenv.py
[2024-04-25T13:51:58.559+0000] {processor.py:839} INFO - DAG(s) dict_keys(['tutorial_taskflow_api_virtualenv']) retrieved from /home/airflow/.local/lib/python3.8/site-packages/airflow/example_dags/tutorial_taskflow_api_virtualenv.py
[2024-04-25T13:51:58.594+0000] {logging_mixin.py:154} INFO - [2024-04-25T13:51:58.593+0000] {dag.py:2941} INFO - Sync 1 DAGs
[2024-04-25T13:51:58.615+0000] {logging_mixin.py:154} INFO - [2024-04-25T13:51:58.614+0000] {dag.py:3722} INFO - Setting next_dagrun for tutorial_taskflow_api_virtualenv to None, run_after=None
[2024-04-25T13:51:58.655+0000] {processor.py:179} INFO - Processing /home/airflow/.local/lib/python3.8/site-packages/airflow/example_dags/tutorial_taskflow_api_virtualenv.py took 0.116 seconds
[2024-04-25T13:52:29.433+0000] {processor.py:157} INFO - Started process (PID=1651) to work on /home/airflow/.local/lib/python3.8/site-packages/airflow/example_dags/tutorial_taskflow_api_virtualenv.py
[2024-04-25T13:52:29.436+0000] {processor.py:829} INFO - Processing file /home/airflow/.local/lib/python3.8/site-packages/airflow/example_dags/tutorial_taskflow_api_virtualenv.py for tasks to queue
[2024-04-25T13:52:29.438+0000] {logging_mixin.py:154} INFO - [2024-04-25T13:52:29.437+0000] {dagbag.py:536} INFO - Filling up the DagBag from /home/airflow/.local/lib/python3.8/site-packages/airflow/example_dags/tutorial_taskflow_api_virtualenv.py
[2024-04-25T13:52:29.465+0000] {processor.py:839} INFO - DAG(s) dict_keys(['tutorial_taskflow_api_virtualenv']) retrieved from /home/airflow/.local/lib/python3.8/site-packages/airflow/example_dags/tutorial_taskflow_api_virtualenv.py
[2024-04-25T13:52:29.519+0000] {logging_mixin.py:154} INFO - [2024-04-25T13:52:29.519+0000] {dag.py:2941} INFO - Sync 1 DAGs
[2024-04-25T13:52:29.546+0000] {logging_mixin.py:154} INFO - [2024-04-25T13:52:29.545+0000] {dag.py:3722} INFO - Setting next_dagrun for tutorial_taskflow_api_virtualenv to None, run_after=None
[2024-04-25T13:52:29.585+0000] {processor.py:179} INFO - Processing /home/airflow/.local/lib/python3.8/site-packages/airflow/example_dags/tutorial_taskflow_api_virtualenv.py took 0.165 seconds
[2024-04-25T13:53:00.176+0000] {processor.py:157} INFO - Started process (PID=1897) to work on /home/airflow/.local/lib/python3.8/site-packages/airflow/example_dags/tutorial_taskflow_api_virtualenv.py
[2024-04-25T13:53:00.179+0000] {processor.py:829} INFO - Processing file /home/airflow/.local/lib/python3.8/site-packages/airflow/example_dags/tutorial_taskflow_api_virtualenv.py for tasks to queue
[2024-04-25T13:53:00.181+0000] {logging_mixin.py:154} INFO - [2024-04-25T13:53:00.180+0000] {dagbag.py:536} INFO - Filling up the DagBag from /home/airflow/.local/lib/python3.8/site-packages/airflow/example_dags/tutorial_taskflow_api_virtualenv.py
[2024-04-25T13:53:00.202+0000] {processor.py:839} INFO - DAG(s) dict_keys(['tutorial_taskflow_api_virtualenv']) retrieved from /home/airflow/.local/lib/python3.8/site-packages/airflow/example_dags/tutorial_taskflow_api_virtualenv.py
[2024-04-25T13:53:00.258+0000] {logging_mixin.py:154} INFO - [2024-04-25T13:53:00.257+0000] {dag.py:2941} INFO - Sync 1 DAGs
[2024-04-25T13:53:00.290+0000] {logging_mixin.py:154} INFO - [2024-04-25T13:53:00.290+0000] {dag.py:3722} INFO - Setting next_dagrun for tutorial_taskflow_api_virtualenv to None, run_after=None
[2024-04-25T13:53:00.328+0000] {processor.py:179} INFO - Processing /home/airflow/.local/lib/python3.8/site-packages/airflow/example_dags/tutorial_taskflow_api_virtualenv.py took 0.163 seconds
[2024-04-25T13:53:31.146+0000] {processor.py:157} INFO - Started process (PID=2140) to work on /home/airflow/.local/lib/python3.8/site-packages/airflow/example_dags/tutorial_taskflow_api_virtualenv.py
[2024-04-25T13:53:31.149+0000] {processor.py:829} INFO - Processing file /home/airflow/.local/lib/python3.8/site-packages/airflow/example_dags/tutorial_taskflow_api_virtualenv.py for tasks to queue
[2024-04-25T13:53:31.151+0000] {logging_mixin.py:154} INFO - [2024-04-25T13:53:31.150+0000] {dagbag.py:536} INFO - Filling up the DagBag from /home/airflow/.local/lib/python3.8/site-packages/airflow/example_dags/tutorial_taskflow_api_virtualenv.py
[2024-04-25T13:53:31.166+0000] {processor.py:839} INFO - DAG(s) dict_keys(['tutorial_taskflow_api_virtualenv']) retrieved from /home/airflow/.local/lib/python3.8/site-packages/airflow/example_dags/tutorial_taskflow_api_virtualenv.py
[2024-04-25T13:53:31.201+0000] {logging_mixin.py:154} INFO - [2024-04-25T13:53:31.200+0000] {dag.py:2941} INFO - Sync 1 DAGs
[2024-04-25T13:53:31.219+0000] {logging_mixin.py:154} INFO - [2024-04-25T13:53:31.218+0000] {dag.py:3722} INFO - Setting next_dagrun for tutorial_taskflow_api_virtualenv to None, run_after=None
[2024-04-25T13:53:31.247+0000] {processor.py:179} INFO - Processing /home/airflow/.local/lib/python3.8/site-packages/airflow/example_dags/tutorial_taskflow_api_virtualenv.py took 0.109 seconds
