[2024-04-25T12:37:57.245+0000] {processor.py:157} INFO - Started process (PID=168) to work on /home/airflow/.local/lib/python3.8/site-packages/airflow/example_dags/tutorial_dag.py
[2024-04-25T12:37:57.247+0000] {processor.py:829} INFO - Processing file /home/airflow/.local/lib/python3.8/site-packages/airflow/example_dags/tutorial_dag.py for tasks to queue
[2024-04-25T12:37:57.248+0000] {logging_mixin.py:154} INFO - [2024-04-25T12:37:57.248+0000] {dagbag.py:536} INFO - Filling up the DagBag from /home/airflow/.local/lib/python3.8/site-packages/airflow/example_dags/tutorial_dag.py
[2024-04-25T12:37:57.283+0000] {processor.py:839} INFO - DAG(s) dict_keys(['tutorial_dag']) retrieved from /home/airflow/.local/lib/python3.8/site-packages/airflow/example_dags/tutorial_dag.py
[2024-04-25T12:37:57.658+0000] {logging_mixin.py:154} INFO - [2024-04-25T12:37:57.658+0000] {manager.py:499} INFO - Created Permission View: %s
[2024-04-25T12:37:57.677+0000] {logging_mixin.py:154} INFO - [2024-04-25T12:37:57.677+0000] {manager.py:499} INFO - Created Permission View: %s
[2024-04-25T12:37:57.689+0000] {logging_mixin.py:154} INFO - [2024-04-25T12:37:57.688+0000] {manager.py:499} INFO - Created Permission View: %s
[2024-04-25T12:37:57.689+0000] {logging_mixin.py:154} INFO - [2024-04-25T12:37:57.689+0000] {dag.py:2941} INFO - Sync 1 DAGs
[2024-04-25T12:37:57.710+0000] {logging_mixin.py:154} INFO - [2024-04-25T12:37:57.710+0000] {dag.py:2963} INFO - Creating ORM DAG for tutorial_dag
[2024-04-25T12:37:57.712+0000] {logging_mixin.py:154} INFO - [2024-04-25T12:37:57.711+0000] {dag.py:3722} INFO - Setting next_dagrun for tutorial_dag to None, run_after=None
[2024-04-25T12:37:57.750+0000] {processor.py:179} INFO - Processing /home/airflow/.local/lib/python3.8/site-packages/airflow/example_dags/tutorial_dag.py took 0.511 seconds
[2024-04-25T12:38:28.159+0000] {processor.py:157} INFO - Started process (PID=413) to work on /home/airflow/.local/lib/python3.8/site-packages/airflow/example_dags/tutorial_dag.py
[2024-04-25T12:38:28.160+0000] {processor.py:829} INFO - Processing file /home/airflow/.local/lib/python3.8/site-packages/airflow/example_dags/tutorial_dag.py for tasks to queue
[2024-04-25T12:38:28.161+0000] {logging_mixin.py:154} INFO - [2024-04-25T12:38:28.161+0000] {dagbag.py:536} INFO - Filling up the DagBag from /home/airflow/.local/lib/python3.8/site-packages/airflow/example_dags/tutorial_dag.py
[2024-04-25T12:38:28.169+0000] {processor.py:839} INFO - DAG(s) dict_keys(['tutorial_dag']) retrieved from /home/airflow/.local/lib/python3.8/site-packages/airflow/example_dags/tutorial_dag.py
[2024-04-25T12:38:28.208+0000] {logging_mixin.py:154} INFO - [2024-04-25T12:38:28.208+0000] {dag.py:2941} INFO - Sync 1 DAGs
[2024-04-25T12:38:28.231+0000] {logging_mixin.py:154} INFO - [2024-04-25T12:38:28.231+0000] {dag.py:3722} INFO - Setting next_dagrun for tutorial_dag to None, run_after=None
[2024-04-25T12:38:28.262+0000] {processor.py:179} INFO - Processing /home/airflow/.local/lib/python3.8/site-packages/airflow/example_dags/tutorial_dag.py took 0.109 seconds
[2024-04-25T12:38:58.433+0000] {processor.py:157} INFO - Started process (PID=655) to work on /home/airflow/.local/lib/python3.8/site-packages/airflow/example_dags/tutorial_dag.py
[2024-04-25T12:38:58.437+0000] {processor.py:829} INFO - Processing file /home/airflow/.local/lib/python3.8/site-packages/airflow/example_dags/tutorial_dag.py for tasks to queue
[2024-04-25T12:38:58.439+0000] {logging_mixin.py:154} INFO - [2024-04-25T12:38:58.438+0000] {dagbag.py:536} INFO - Filling up the DagBag from /home/airflow/.local/lib/python3.8/site-packages/airflow/example_dags/tutorial_dag.py
[2024-04-25T12:38:58.450+0000] {processor.py:839} INFO - DAG(s) dict_keys(['tutorial_dag']) retrieved from /home/airflow/.local/lib/python3.8/site-packages/airflow/example_dags/tutorial_dag.py
[2024-04-25T12:38:58.493+0000] {logging_mixin.py:154} INFO - [2024-04-25T12:38:58.493+0000] {dag.py:2941} INFO - Sync 1 DAGs
[2024-04-25T12:38:58.519+0000] {logging_mixin.py:154} INFO - [2024-04-25T12:38:58.519+0000] {dag.py:3722} INFO - Setting next_dagrun for tutorial_dag to None, run_after=None
[2024-04-25T12:38:58.549+0000] {processor.py:179} INFO - Processing /home/airflow/.local/lib/python3.8/site-packages/airflow/example_dags/tutorial_dag.py took 0.125 seconds
[2024-04-25T12:39:28.784+0000] {processor.py:157} INFO - Started process (PID=895) to work on /home/airflow/.local/lib/python3.8/site-packages/airflow/example_dags/tutorial_dag.py
[2024-04-25T12:39:28.785+0000] {processor.py:829} INFO - Processing file /home/airflow/.local/lib/python3.8/site-packages/airflow/example_dags/tutorial_dag.py for tasks to queue
[2024-04-25T12:39:28.786+0000] {logging_mixin.py:154} INFO - [2024-04-25T12:39:28.786+0000] {dagbag.py:536} INFO - Filling up the DagBag from /home/airflow/.local/lib/python3.8/site-packages/airflow/example_dags/tutorial_dag.py
[2024-04-25T12:39:28.798+0000] {processor.py:839} INFO - DAG(s) dict_keys(['tutorial_dag']) retrieved from /home/airflow/.local/lib/python3.8/site-packages/airflow/example_dags/tutorial_dag.py
[2024-04-25T12:39:28.836+0000] {logging_mixin.py:154} INFO - [2024-04-25T12:39:28.836+0000] {dag.py:2941} INFO - Sync 1 DAGs
[2024-04-25T12:39:28.854+0000] {logging_mixin.py:154} INFO - [2024-04-25T12:39:28.854+0000] {dag.py:3722} INFO - Setting next_dagrun for tutorial_dag to None, run_after=None
[2024-04-25T12:39:28.885+0000] {processor.py:179} INFO - Processing /home/airflow/.local/lib/python3.8/site-packages/airflow/example_dags/tutorial_dag.py took 0.106 seconds
[2024-04-25T12:39:59.018+0000] {processor.py:157} INFO - Started process (PID=1138) to work on /home/airflow/.local/lib/python3.8/site-packages/airflow/example_dags/tutorial_dag.py
[2024-04-25T12:39:59.023+0000] {processor.py:829} INFO - Processing file /home/airflow/.local/lib/python3.8/site-packages/airflow/example_dags/tutorial_dag.py for tasks to queue
[2024-04-25T12:39:59.025+0000] {logging_mixin.py:154} INFO - [2024-04-25T12:39:59.024+0000] {dagbag.py:536} INFO - Filling up the DagBag from /home/airflow/.local/lib/python3.8/site-packages/airflow/example_dags/tutorial_dag.py
[2024-04-25T12:39:59.038+0000] {processor.py:839} INFO - DAG(s) dict_keys(['tutorial_dag']) retrieved from /home/airflow/.local/lib/python3.8/site-packages/airflow/example_dags/tutorial_dag.py
[2024-04-25T12:39:59.076+0000] {logging_mixin.py:154} INFO - [2024-04-25T12:39:59.075+0000] {dag.py:2941} INFO - Sync 1 DAGs
[2024-04-25T12:39:59.093+0000] {logging_mixin.py:154} INFO - [2024-04-25T12:39:59.093+0000] {dag.py:3722} INFO - Setting next_dagrun for tutorial_dag to None, run_after=None
[2024-04-25T12:39:59.120+0000] {processor.py:179} INFO - Processing /home/airflow/.local/lib/python3.8/site-packages/airflow/example_dags/tutorial_dag.py took 0.107 seconds
[2024-04-25T12:40:29.353+0000] {processor.py:157} INFO - Started process (PID=1381) to work on /home/airflow/.local/lib/python3.8/site-packages/airflow/example_dags/tutorial_dag.py
[2024-04-25T12:40:29.356+0000] {processor.py:829} INFO - Processing file /home/airflow/.local/lib/python3.8/site-packages/airflow/example_dags/tutorial_dag.py for tasks to queue
[2024-04-25T12:40:29.357+0000] {logging_mixin.py:154} INFO - [2024-04-25T12:40:29.357+0000] {dagbag.py:536} INFO - Filling up the DagBag from /home/airflow/.local/lib/python3.8/site-packages/airflow/example_dags/tutorial_dag.py
[2024-04-25T12:40:29.368+0000] {processor.py:839} INFO - DAG(s) dict_keys(['tutorial_dag']) retrieved from /home/airflow/.local/lib/python3.8/site-packages/airflow/example_dags/tutorial_dag.py
[2024-04-25T12:40:29.405+0000] {logging_mixin.py:154} INFO - [2024-04-25T12:40:29.404+0000] {dag.py:2941} INFO - Sync 1 DAGs
[2024-04-25T12:40:29.424+0000] {logging_mixin.py:154} INFO - [2024-04-25T12:40:29.424+0000] {dag.py:3722} INFO - Setting next_dagrun for tutorial_dag to None, run_after=None
[2024-04-25T12:40:29.453+0000] {processor.py:179} INFO - Processing /home/airflow/.local/lib/python3.8/site-packages/airflow/example_dags/tutorial_dag.py took 0.106 seconds
[2024-04-25T12:40:59.700+0000] {processor.py:157} INFO - Started process (PID=1624) to work on /home/airflow/.local/lib/python3.8/site-packages/airflow/example_dags/tutorial_dag.py
[2024-04-25T12:40:59.703+0000] {processor.py:829} INFO - Processing file /home/airflow/.local/lib/python3.8/site-packages/airflow/example_dags/tutorial_dag.py for tasks to queue
[2024-04-25T12:40:59.705+0000] {logging_mixin.py:154} INFO - [2024-04-25T12:40:59.704+0000] {dagbag.py:536} INFO - Filling up the DagBag from /home/airflow/.local/lib/python3.8/site-packages/airflow/example_dags/tutorial_dag.py
[2024-04-25T12:40:59.717+0000] {processor.py:839} INFO - DAG(s) dict_keys(['tutorial_dag']) retrieved from /home/airflow/.local/lib/python3.8/site-packages/airflow/example_dags/tutorial_dag.py
[2024-04-25T12:40:59.753+0000] {logging_mixin.py:154} INFO - [2024-04-25T12:40:59.753+0000] {dag.py:2941} INFO - Sync 1 DAGs
[2024-04-25T12:40:59.772+0000] {logging_mixin.py:154} INFO - [2024-04-25T12:40:59.771+0000] {dag.py:3722} INFO - Setting next_dagrun for tutorial_dag to None, run_after=None
[2024-04-25T12:40:59.805+0000] {processor.py:179} INFO - Processing /home/airflow/.local/lib/python3.8/site-packages/airflow/example_dags/tutorial_dag.py took 0.110 seconds
[2024-04-25T12:41:29.933+0000] {processor.py:157} INFO - Started process (PID=1867) to work on /home/airflow/.local/lib/python3.8/site-packages/airflow/example_dags/tutorial_dag.py
[2024-04-25T12:41:29.935+0000] {processor.py:829} INFO - Processing file /home/airflow/.local/lib/python3.8/site-packages/airflow/example_dags/tutorial_dag.py for tasks to queue
[2024-04-25T12:41:29.937+0000] {logging_mixin.py:154} INFO - [2024-04-25T12:41:29.936+0000] {dagbag.py:536} INFO - Filling up the DagBag from /home/airflow/.local/lib/python3.8/site-packages/airflow/example_dags/tutorial_dag.py
[2024-04-25T12:41:29.947+0000] {processor.py:839} INFO - DAG(s) dict_keys(['tutorial_dag']) retrieved from /home/airflow/.local/lib/python3.8/site-packages/airflow/example_dags/tutorial_dag.py
[2024-04-25T12:41:29.984+0000] {logging_mixin.py:154} INFO - [2024-04-25T12:41:29.984+0000] {dag.py:2941} INFO - Sync 1 DAGs
[2024-04-25T12:41:30.001+0000] {logging_mixin.py:154} INFO - [2024-04-25T12:41:30.001+0000] {dag.py:3722} INFO - Setting next_dagrun for tutorial_dag to None, run_after=None
[2024-04-25T12:41:30.029+0000] {processor.py:179} INFO - Processing /home/airflow/.local/lib/python3.8/site-packages/airflow/example_dags/tutorial_dag.py took 0.104 seconds
[2024-04-25T12:42:00.393+0000] {processor.py:157} INFO - Started process (PID=2110) to work on /home/airflow/.local/lib/python3.8/site-packages/airflow/example_dags/tutorial_dag.py
[2024-04-25T12:42:00.396+0000] {processor.py:829} INFO - Processing file /home/airflow/.local/lib/python3.8/site-packages/airflow/example_dags/tutorial_dag.py for tasks to queue
[2024-04-25T12:42:00.397+0000] {logging_mixin.py:154} INFO - [2024-04-25T12:42:00.397+0000] {dagbag.py:536} INFO - Filling up the DagBag from /home/airflow/.local/lib/python3.8/site-packages/airflow/example_dags/tutorial_dag.py
[2024-04-25T12:42:00.408+0000] {processor.py:839} INFO - DAG(s) dict_keys(['tutorial_dag']) retrieved from /home/airflow/.local/lib/python3.8/site-packages/airflow/example_dags/tutorial_dag.py
[2024-04-25T12:42:00.455+0000] {logging_mixin.py:154} INFO - [2024-04-25T12:42:00.454+0000] {dag.py:2941} INFO - Sync 1 DAGs
[2024-04-25T12:42:00.485+0000] {logging_mixin.py:154} INFO - [2024-04-25T12:42:00.485+0000] {dag.py:3722} INFO - Setting next_dagrun for tutorial_dag to None, run_after=None
[2024-04-25T12:42:00.526+0000] {processor.py:179} INFO - Processing /home/airflow/.local/lib/python3.8/site-packages/airflow/example_dags/tutorial_dag.py took 0.142 seconds
[2024-04-25T12:42:31.216+0000] {processor.py:157} INFO - Started process (PID=2362) to work on /home/airflow/.local/lib/python3.8/site-packages/airflow/example_dags/tutorial_dag.py
[2024-04-25T12:42:31.217+0000] {processor.py:829} INFO - Processing file /home/airflow/.local/lib/python3.8/site-packages/airflow/example_dags/tutorial_dag.py for tasks to queue
[2024-04-25T12:42:31.219+0000] {logging_mixin.py:154} INFO - [2024-04-25T12:42:31.218+0000] {dagbag.py:536} INFO - Filling up the DagBag from /home/airflow/.local/lib/python3.8/site-packages/airflow/example_dags/tutorial_dag.py
[2024-04-25T12:42:31.231+0000] {processor.py:839} INFO - DAG(s) dict_keys(['tutorial_dag']) retrieved from /home/airflow/.local/lib/python3.8/site-packages/airflow/example_dags/tutorial_dag.py
[2024-04-25T12:42:31.274+0000] {logging_mixin.py:154} INFO - [2024-04-25T12:42:31.274+0000] {dag.py:2941} INFO - Sync 1 DAGs
[2024-04-25T12:42:31.292+0000] {logging_mixin.py:154} INFO - [2024-04-25T12:42:31.292+0000] {dag.py:3722} INFO - Setting next_dagrun for tutorial_dag to None, run_after=None
[2024-04-25T12:42:31.321+0000] {processor.py:179} INFO - Processing /home/airflow/.local/lib/python3.8/site-packages/airflow/example_dags/tutorial_dag.py took 0.116 seconds
[2024-04-25T12:43:02.004+0000] {processor.py:157} INFO - Started process (PID=2605) to work on /home/airflow/.local/lib/python3.8/site-packages/airflow/example_dags/tutorial_dag.py
[2024-04-25T12:43:02.007+0000] {processor.py:829} INFO - Processing file /home/airflow/.local/lib/python3.8/site-packages/airflow/example_dags/tutorial_dag.py for tasks to queue
[2024-04-25T12:43:02.008+0000] {logging_mixin.py:154} INFO - [2024-04-25T12:43:02.008+0000] {dagbag.py:536} INFO - Filling up the DagBag from /home/airflow/.local/lib/python3.8/site-packages/airflow/example_dags/tutorial_dag.py
[2024-04-25T12:43:02.019+0000] {processor.py:839} INFO - DAG(s) dict_keys(['tutorial_dag']) retrieved from /home/airflow/.local/lib/python3.8/site-packages/airflow/example_dags/tutorial_dag.py
[2024-04-25T12:43:02.058+0000] {logging_mixin.py:154} INFO - [2024-04-25T12:43:02.057+0000] {dag.py:2941} INFO - Sync 1 DAGs
[2024-04-25T12:43:02.079+0000] {logging_mixin.py:154} INFO - [2024-04-25T12:43:02.079+0000] {dag.py:3722} INFO - Setting next_dagrun for tutorial_dag to None, run_after=None
[2024-04-25T12:43:02.111+0000] {processor.py:179} INFO - Processing /home/airflow/.local/lib/python3.8/site-packages/airflow/example_dags/tutorial_dag.py took 0.115 seconds
[2024-04-25T12:43:32.606+0000] {processor.py:157} INFO - Started process (PID=2854) to work on /home/airflow/.local/lib/python3.8/site-packages/airflow/example_dags/tutorial_dag.py
[2024-04-25T12:43:32.614+0000] {processor.py:829} INFO - Processing file /home/airflow/.local/lib/python3.8/site-packages/airflow/example_dags/tutorial_dag.py for tasks to queue
[2024-04-25T12:43:32.616+0000] {logging_mixin.py:154} INFO - [2024-04-25T12:43:32.615+0000] {dagbag.py:536} INFO - Filling up the DagBag from /home/airflow/.local/lib/python3.8/site-packages/airflow/example_dags/tutorial_dag.py
[2024-04-25T12:43:32.627+0000] {processor.py:839} INFO - DAG(s) dict_keys(['tutorial_dag']) retrieved from /home/airflow/.local/lib/python3.8/site-packages/airflow/example_dags/tutorial_dag.py
[2024-04-25T12:43:32.676+0000] {logging_mixin.py:154} INFO - [2024-04-25T12:43:32.676+0000] {dag.py:2941} INFO - Sync 1 DAGs
[2024-04-25T12:43:32.703+0000] {logging_mixin.py:154} INFO - [2024-04-25T12:43:32.703+0000] {dag.py:3722} INFO - Setting next_dagrun for tutorial_dag to None, run_after=None
[2024-04-25T12:43:32.740+0000] {processor.py:179} INFO - Processing /home/airflow/.local/lib/python3.8/site-packages/airflow/example_dags/tutorial_dag.py took 0.142 seconds
[2024-04-25T12:44:02.987+0000] {processor.py:157} INFO - Started process (PID=3097) to work on /home/airflow/.local/lib/python3.8/site-packages/airflow/example_dags/tutorial_dag.py
[2024-04-25T12:44:02.990+0000] {processor.py:829} INFO - Processing file /home/airflow/.local/lib/python3.8/site-packages/airflow/example_dags/tutorial_dag.py for tasks to queue
[2024-04-25T12:44:02.992+0000] {logging_mixin.py:154} INFO - [2024-04-25T12:44:02.991+0000] {dagbag.py:536} INFO - Filling up the DagBag from /home/airflow/.local/lib/python3.8/site-packages/airflow/example_dags/tutorial_dag.py
[2024-04-25T12:44:03.002+0000] {processor.py:839} INFO - DAG(s) dict_keys(['tutorial_dag']) retrieved from /home/airflow/.local/lib/python3.8/site-packages/airflow/example_dags/tutorial_dag.py
[2024-04-25T12:44:03.045+0000] {logging_mixin.py:154} INFO - [2024-04-25T12:44:03.045+0000] {dag.py:2941} INFO - Sync 1 DAGs
[2024-04-25T12:44:03.072+0000] {logging_mixin.py:154} INFO - [2024-04-25T12:44:03.072+0000] {dag.py:3722} INFO - Setting next_dagrun for tutorial_dag to None, run_after=None
[2024-04-25T12:44:03.105+0000] {processor.py:179} INFO - Processing /home/airflow/.local/lib/python3.8/site-packages/airflow/example_dags/tutorial_dag.py took 0.124 seconds
[2024-04-25T12:44:33.703+0000] {processor.py:157} INFO - Started process (PID=3346) to work on /home/airflow/.local/lib/python3.8/site-packages/airflow/example_dags/tutorial_dag.py
[2024-04-25T12:44:33.707+0000] {processor.py:829} INFO - Processing file /home/airflow/.local/lib/python3.8/site-packages/airflow/example_dags/tutorial_dag.py for tasks to queue
[2024-04-25T12:44:33.709+0000] {logging_mixin.py:154} INFO - [2024-04-25T12:44:33.708+0000] {dagbag.py:536} INFO - Filling up the DagBag from /home/airflow/.local/lib/python3.8/site-packages/airflow/example_dags/tutorial_dag.py
[2024-04-25T12:44:33.719+0000] {processor.py:839} INFO - DAG(s) dict_keys(['tutorial_dag']) retrieved from /home/airflow/.local/lib/python3.8/site-packages/airflow/example_dags/tutorial_dag.py
[2024-04-25T12:44:33.758+0000] {logging_mixin.py:154} INFO - [2024-04-25T12:44:33.757+0000] {dag.py:2941} INFO - Sync 1 DAGs
[2024-04-25T12:44:33.777+0000] {logging_mixin.py:154} INFO - [2024-04-25T12:44:33.777+0000] {dag.py:3722} INFO - Setting next_dagrun for tutorial_dag to None, run_after=None
[2024-04-25T12:44:33.806+0000] {processor.py:179} INFO - Processing /home/airflow/.local/lib/python3.8/site-packages/airflow/example_dags/tutorial_dag.py took 0.109 seconds
[2024-04-25T12:45:04.386+0000] {processor.py:157} INFO - Started process (PID=3589) to work on /home/airflow/.local/lib/python3.8/site-packages/airflow/example_dags/tutorial_dag.py
[2024-04-25T12:45:04.390+0000] {processor.py:829} INFO - Processing file /home/airflow/.local/lib/python3.8/site-packages/airflow/example_dags/tutorial_dag.py for tasks to queue
[2024-04-25T12:45:04.391+0000] {logging_mixin.py:154} INFO - [2024-04-25T12:45:04.391+0000] {dagbag.py:536} INFO - Filling up the DagBag from /home/airflow/.local/lib/python3.8/site-packages/airflow/example_dags/tutorial_dag.py
[2024-04-25T12:45:04.401+0000] {processor.py:839} INFO - DAG(s) dict_keys(['tutorial_dag']) retrieved from /home/airflow/.local/lib/python3.8/site-packages/airflow/example_dags/tutorial_dag.py
[2024-04-25T12:45:04.446+0000] {logging_mixin.py:154} INFO - [2024-04-25T12:45:04.446+0000] {dag.py:2941} INFO - Sync 1 DAGs
[2024-04-25T12:45:04.473+0000] {logging_mixin.py:154} INFO - [2024-04-25T12:45:04.473+0000] {dag.py:3722} INFO - Setting next_dagrun for tutorial_dag to None, run_after=None
[2024-04-25T12:45:04.508+0000] {processor.py:179} INFO - Processing /home/airflow/.local/lib/python3.8/site-packages/airflow/example_dags/tutorial_dag.py took 0.130 seconds
[2024-04-25T12:45:35.156+0000] {processor.py:157} INFO - Started process (PID=3833) to work on /home/airflow/.local/lib/python3.8/site-packages/airflow/example_dags/tutorial_dag.py
[2024-04-25T12:45:35.161+0000] {processor.py:829} INFO - Processing file /home/airflow/.local/lib/python3.8/site-packages/airflow/example_dags/tutorial_dag.py for tasks to queue
[2024-04-25T12:45:35.164+0000] {logging_mixin.py:154} INFO - [2024-04-25T12:45:35.163+0000] {dagbag.py:536} INFO - Filling up the DagBag from /home/airflow/.local/lib/python3.8/site-packages/airflow/example_dags/tutorial_dag.py
[2024-04-25T12:45:35.176+0000] {processor.py:839} INFO - DAG(s) dict_keys(['tutorial_dag']) retrieved from /home/airflow/.local/lib/python3.8/site-packages/airflow/example_dags/tutorial_dag.py
[2024-04-25T12:45:35.234+0000] {logging_mixin.py:154} INFO - [2024-04-25T12:45:35.233+0000] {dag.py:2941} INFO - Sync 1 DAGs
[2024-04-25T12:45:35.263+0000] {logging_mixin.py:154} INFO - [2024-04-25T12:45:35.262+0000] {dag.py:3722} INFO - Setting next_dagrun for tutorial_dag to None, run_after=None
[2024-04-25T12:45:35.294+0000] {processor.py:179} INFO - Processing /home/airflow/.local/lib/python3.8/site-packages/airflow/example_dags/tutorial_dag.py took 0.145 seconds
[2024-04-25T12:46:06.080+0000] {processor.py:157} INFO - Started process (PID=4076) to work on /home/airflow/.local/lib/python3.8/site-packages/airflow/example_dags/tutorial_dag.py
[2024-04-25T12:46:06.082+0000] {processor.py:829} INFO - Processing file /home/airflow/.local/lib/python3.8/site-packages/airflow/example_dags/tutorial_dag.py for tasks to queue
[2024-04-25T12:46:06.084+0000] {logging_mixin.py:154} INFO - [2024-04-25T12:46:06.083+0000] {dagbag.py:536} INFO - Filling up the DagBag from /home/airflow/.local/lib/python3.8/site-packages/airflow/example_dags/tutorial_dag.py
[2024-04-25T12:46:06.096+0000] {processor.py:839} INFO - DAG(s) dict_keys(['tutorial_dag']) retrieved from /home/airflow/.local/lib/python3.8/site-packages/airflow/example_dags/tutorial_dag.py
[2024-04-25T12:46:06.138+0000] {logging_mixin.py:154} INFO - [2024-04-25T12:46:06.138+0000] {dag.py:2941} INFO - Sync 1 DAGs
[2024-04-25T12:46:06.158+0000] {logging_mixin.py:154} INFO - [2024-04-25T12:46:06.158+0000] {dag.py:3722} INFO - Setting next_dagrun for tutorial_dag to None, run_after=None
[2024-04-25T12:46:06.190+0000] {processor.py:179} INFO - Processing /home/airflow/.local/lib/python3.8/site-packages/airflow/example_dags/tutorial_dag.py took 0.117 seconds
[2024-04-25T12:46:36.790+0000] {processor.py:157} INFO - Started process (PID=4319) to work on /home/airflow/.local/lib/python3.8/site-packages/airflow/example_dags/tutorial_dag.py
[2024-04-25T12:46:36.792+0000] {processor.py:829} INFO - Processing file /home/airflow/.local/lib/python3.8/site-packages/airflow/example_dags/tutorial_dag.py for tasks to queue
[2024-04-25T12:46:36.794+0000] {logging_mixin.py:154} INFO - [2024-04-25T12:46:36.793+0000] {dagbag.py:536} INFO - Filling up the DagBag from /home/airflow/.local/lib/python3.8/site-packages/airflow/example_dags/tutorial_dag.py
[2024-04-25T12:46:36.806+0000] {processor.py:839} INFO - DAG(s) dict_keys(['tutorial_dag']) retrieved from /home/airflow/.local/lib/python3.8/site-packages/airflow/example_dags/tutorial_dag.py
[2024-04-25T12:46:36.852+0000] {logging_mixin.py:154} INFO - [2024-04-25T12:46:36.851+0000] {dag.py:2941} INFO - Sync 1 DAGs
[2024-04-25T12:46:36.879+0000] {logging_mixin.py:154} INFO - [2024-04-25T12:46:36.879+0000] {dag.py:3722} INFO - Setting next_dagrun for tutorial_dag to None, run_after=None
[2024-04-25T12:46:36.912+0000] {processor.py:179} INFO - Processing /home/airflow/.local/lib/python3.8/site-packages/airflow/example_dags/tutorial_dag.py took 0.128 seconds
[2024-04-25T12:47:07.140+0000] {processor.py:157} INFO - Started process (PID=4562) to work on /home/airflow/.local/lib/python3.8/site-packages/airflow/example_dags/tutorial_dag.py
[2024-04-25T12:47:07.142+0000] {processor.py:829} INFO - Processing file /home/airflow/.local/lib/python3.8/site-packages/airflow/example_dags/tutorial_dag.py for tasks to queue
[2024-04-25T12:47:07.146+0000] {logging_mixin.py:154} INFO - [2024-04-25T12:47:07.145+0000] {dagbag.py:536} INFO - Filling up the DagBag from /home/airflow/.local/lib/python3.8/site-packages/airflow/example_dags/tutorial_dag.py
[2024-04-25T12:47:07.168+0000] {processor.py:839} INFO - DAG(s) dict_keys(['tutorial_dag']) retrieved from /home/airflow/.local/lib/python3.8/site-packages/airflow/example_dags/tutorial_dag.py
[2024-04-25T12:47:07.250+0000] {logging_mixin.py:154} INFO - [2024-04-25T12:47:07.249+0000] {dag.py:2941} INFO - Sync 1 DAGs
[2024-04-25T12:47:07.302+0000] {logging_mixin.py:154} INFO - [2024-04-25T12:47:07.301+0000] {dag.py:3722} INFO - Setting next_dagrun for tutorial_dag to None, run_after=None
[2024-04-25T12:47:07.375+0000] {processor.py:179} INFO - Processing /home/airflow/.local/lib/python3.8/site-packages/airflow/example_dags/tutorial_dag.py took 0.259 seconds
[2024-04-25T12:47:37.918+0000] {processor.py:157} INFO - Started process (PID=4805) to work on /home/airflow/.local/lib/python3.8/site-packages/airflow/example_dags/tutorial_dag.py
[2024-04-25T12:47:37.920+0000] {processor.py:829} INFO - Processing file /home/airflow/.local/lib/python3.8/site-packages/airflow/example_dags/tutorial_dag.py for tasks to queue
[2024-04-25T12:47:37.922+0000] {logging_mixin.py:154} INFO - [2024-04-25T12:47:37.921+0000] {dagbag.py:536} INFO - Filling up the DagBag from /home/airflow/.local/lib/python3.8/site-packages/airflow/example_dags/tutorial_dag.py
[2024-04-25T12:47:37.934+0000] {processor.py:839} INFO - DAG(s) dict_keys(['tutorial_dag']) retrieved from /home/airflow/.local/lib/python3.8/site-packages/airflow/example_dags/tutorial_dag.py
[2024-04-25T12:47:37.976+0000] {logging_mixin.py:154} INFO - [2024-04-25T12:47:37.976+0000] {dag.py:2941} INFO - Sync 1 DAGs
[2024-04-25T12:47:37.997+0000] {logging_mixin.py:154} INFO - [2024-04-25T12:47:37.996+0000] {dag.py:3722} INFO - Setting next_dagrun for tutorial_dag to None, run_after=None
[2024-04-25T12:47:38.032+0000] {processor.py:179} INFO - Processing /home/airflow/.local/lib/python3.8/site-packages/airflow/example_dags/tutorial_dag.py took 0.124 seconds
[2024-04-25T12:51:40.518+0000] {processor.py:157} INFO - Started process (PID=168) to work on /home/airflow/.local/lib/python3.8/site-packages/airflow/example_dags/tutorial_dag.py
[2024-04-25T12:51:40.521+0000] {processor.py:829} INFO - Processing file /home/airflow/.local/lib/python3.8/site-packages/airflow/example_dags/tutorial_dag.py for tasks to queue
[2024-04-25T12:51:40.523+0000] {logging_mixin.py:154} INFO - [2024-04-25T12:51:40.522+0000] {dagbag.py:536} INFO - Filling up the DagBag from /home/airflow/.local/lib/python3.8/site-packages/airflow/example_dags/tutorial_dag.py
[2024-04-25T12:51:40.571+0000] {processor.py:839} INFO - DAG(s) dict_keys(['tutorial_dag']) retrieved from /home/airflow/.local/lib/python3.8/site-packages/airflow/example_dags/tutorial_dag.py
[2024-04-25T12:51:40.630+0000] {logging_mixin.py:154} INFO - [2024-04-25T12:51:40.630+0000] {dag.py:2941} INFO - Sync 1 DAGs
[2024-04-25T12:51:40.657+0000] {logging_mixin.py:154} INFO - [2024-04-25T12:51:40.657+0000] {dag.py:3722} INFO - Setting next_dagrun for tutorial_dag to None, run_after=None
[2024-04-25T12:51:40.687+0000] {processor.py:179} INFO - Processing /home/airflow/.local/lib/python3.8/site-packages/airflow/example_dags/tutorial_dag.py took 0.180 seconds
[2024-04-25T12:52:11.048+0000] {processor.py:157} INFO - Started process (PID=408) to work on /home/airflow/.local/lib/python3.8/site-packages/airflow/example_dags/tutorial_dag.py
[2024-04-25T12:52:11.050+0000] {processor.py:829} INFO - Processing file /home/airflow/.local/lib/python3.8/site-packages/airflow/example_dags/tutorial_dag.py for tasks to queue
[2024-04-25T12:52:11.052+0000] {logging_mixin.py:154} INFO - [2024-04-25T12:52:11.051+0000] {dagbag.py:536} INFO - Filling up the DagBag from /home/airflow/.local/lib/python3.8/site-packages/airflow/example_dags/tutorial_dag.py
[2024-04-25T12:52:11.068+0000] {processor.py:839} INFO - DAG(s) dict_keys(['tutorial_dag']) retrieved from /home/airflow/.local/lib/python3.8/site-packages/airflow/example_dags/tutorial_dag.py
[2024-04-25T12:52:11.108+0000] {logging_mixin.py:154} INFO - [2024-04-25T12:52:11.108+0000] {dag.py:2941} INFO - Sync 1 DAGs
[2024-04-25T12:52:11.127+0000] {logging_mixin.py:154} INFO - [2024-04-25T12:52:11.126+0000] {dag.py:3722} INFO - Setting next_dagrun for tutorial_dag to None, run_after=None
[2024-04-25T12:52:11.153+0000] {processor.py:179} INFO - Processing /home/airflow/.local/lib/python3.8/site-packages/airflow/example_dags/tutorial_dag.py took 0.113 seconds
[2024-04-25T12:52:41.801+0000] {processor.py:157} INFO - Started process (PID=661) to work on /home/airflow/.local/lib/python3.8/site-packages/airflow/example_dags/tutorial_dag.py
[2024-04-25T12:52:41.809+0000] {processor.py:829} INFO - Processing file /home/airflow/.local/lib/python3.8/site-packages/airflow/example_dags/tutorial_dag.py for tasks to queue
[2024-04-25T12:52:41.811+0000] {logging_mixin.py:154} INFO - [2024-04-25T12:52:41.810+0000] {dagbag.py:536} INFO - Filling up the DagBag from /home/airflow/.local/lib/python3.8/site-packages/airflow/example_dags/tutorial_dag.py
[2024-04-25T12:52:41.828+0000] {processor.py:839} INFO - DAG(s) dict_keys(['tutorial_dag']) retrieved from /home/airflow/.local/lib/python3.8/site-packages/airflow/example_dags/tutorial_dag.py
[2024-04-25T12:52:41.900+0000] {logging_mixin.py:154} INFO - [2024-04-25T12:52:41.900+0000] {dag.py:2941} INFO - Sync 1 DAGs
[2024-04-25T12:52:41.941+0000] {logging_mixin.py:154} INFO - [2024-04-25T12:52:41.940+0000] {dag.py:3722} INFO - Setting next_dagrun for tutorial_dag to None, run_after=None
[2024-04-25T12:52:41.996+0000] {processor.py:179} INFO - Processing /home/airflow/.local/lib/python3.8/site-packages/airflow/example_dags/tutorial_dag.py took 0.203 seconds
[2024-04-25T12:53:12.516+0000] {processor.py:157} INFO - Started process (PID=905) to work on /home/airflow/.local/lib/python3.8/site-packages/airflow/example_dags/tutorial_dag.py
[2024-04-25T12:53:12.520+0000] {processor.py:829} INFO - Processing file /home/airflow/.local/lib/python3.8/site-packages/airflow/example_dags/tutorial_dag.py for tasks to queue
[2024-04-25T12:53:12.521+0000] {logging_mixin.py:154} INFO - [2024-04-25T12:53:12.521+0000] {dagbag.py:536} INFO - Filling up the DagBag from /home/airflow/.local/lib/python3.8/site-packages/airflow/example_dags/tutorial_dag.py
[2024-04-25T12:53:12.533+0000] {processor.py:839} INFO - DAG(s) dict_keys(['tutorial_dag']) retrieved from /home/airflow/.local/lib/python3.8/site-packages/airflow/example_dags/tutorial_dag.py
[2024-04-25T12:53:12.570+0000] {logging_mixin.py:154} INFO - [2024-04-25T12:53:12.570+0000] {dag.py:2941} INFO - Sync 1 DAGs
[2024-04-25T12:53:12.590+0000] {logging_mixin.py:154} INFO - [2024-04-25T12:53:12.589+0000] {dag.py:3722} INFO - Setting next_dagrun for tutorial_dag to None, run_after=None
[2024-04-25T12:53:12.621+0000] {processor.py:179} INFO - Processing /home/airflow/.local/lib/python3.8/site-packages/airflow/example_dags/tutorial_dag.py took 0.113 seconds
[2024-04-25T12:53:43.218+0000] {processor.py:157} INFO - Started process (PID=1148) to work on /home/airflow/.local/lib/python3.8/site-packages/airflow/example_dags/tutorial_dag.py
[2024-04-25T12:53:43.222+0000] {processor.py:829} INFO - Processing file /home/airflow/.local/lib/python3.8/site-packages/airflow/example_dags/tutorial_dag.py for tasks to queue
[2024-04-25T12:53:43.224+0000] {logging_mixin.py:154} INFO - [2024-04-25T12:53:43.223+0000] {dagbag.py:536} INFO - Filling up the DagBag from /home/airflow/.local/lib/python3.8/site-packages/airflow/example_dags/tutorial_dag.py
[2024-04-25T12:53:43.235+0000] {processor.py:839} INFO - DAG(s) dict_keys(['tutorial_dag']) retrieved from /home/airflow/.local/lib/python3.8/site-packages/airflow/example_dags/tutorial_dag.py
[2024-04-25T12:53:43.279+0000] {logging_mixin.py:154} INFO - [2024-04-25T12:53:43.279+0000] {dag.py:2941} INFO - Sync 1 DAGs
[2024-04-25T12:53:43.306+0000] {logging_mixin.py:154} INFO - [2024-04-25T12:53:43.305+0000] {dag.py:3722} INFO - Setting next_dagrun for tutorial_dag to None, run_after=None
[2024-04-25T12:53:43.341+0000] {processor.py:179} INFO - Processing /home/airflow/.local/lib/python3.8/site-packages/airflow/example_dags/tutorial_dag.py took 0.130 seconds
[2024-04-25T12:54:13.675+0000] {processor.py:157} INFO - Started process (PID=1391) to work on /home/airflow/.local/lib/python3.8/site-packages/airflow/example_dags/tutorial_dag.py
[2024-04-25T12:54:13.679+0000] {processor.py:829} INFO - Processing file /home/airflow/.local/lib/python3.8/site-packages/airflow/example_dags/tutorial_dag.py for tasks to queue
[2024-04-25T12:54:13.681+0000] {logging_mixin.py:154} INFO - [2024-04-25T12:54:13.681+0000] {dagbag.py:536} INFO - Filling up the DagBag from /home/airflow/.local/lib/python3.8/site-packages/airflow/example_dags/tutorial_dag.py
[2024-04-25T12:54:13.693+0000] {processor.py:839} INFO - DAG(s) dict_keys(['tutorial_dag']) retrieved from /home/airflow/.local/lib/python3.8/site-packages/airflow/example_dags/tutorial_dag.py
[2024-04-25T12:54:13.733+0000] {logging_mixin.py:154} INFO - [2024-04-25T12:54:13.733+0000] {dag.py:2941} INFO - Sync 1 DAGs
[2024-04-25T12:54:13.753+0000] {logging_mixin.py:154} INFO - [2024-04-25T12:54:13.752+0000] {dag.py:3722} INFO - Setting next_dagrun for tutorial_dag to None, run_after=None
[2024-04-25T12:54:13.783+0000] {processor.py:179} INFO - Processing /home/airflow/.local/lib/python3.8/site-packages/airflow/example_dags/tutorial_dag.py took 0.117 seconds
[2024-04-25T12:54:44.078+0000] {processor.py:157} INFO - Started process (PID=1634) to work on /home/airflow/.local/lib/python3.8/site-packages/airflow/example_dags/tutorial_dag.py
[2024-04-25T12:54:44.080+0000] {processor.py:829} INFO - Processing file /home/airflow/.local/lib/python3.8/site-packages/airflow/example_dags/tutorial_dag.py for tasks to queue
[2024-04-25T12:54:44.082+0000] {logging_mixin.py:154} INFO - [2024-04-25T12:54:44.081+0000] {dagbag.py:536} INFO - Filling up the DagBag from /home/airflow/.local/lib/python3.8/site-packages/airflow/example_dags/tutorial_dag.py
[2024-04-25T12:54:44.094+0000] {processor.py:839} INFO - DAG(s) dict_keys(['tutorial_dag']) retrieved from /home/airflow/.local/lib/python3.8/site-packages/airflow/example_dags/tutorial_dag.py
[2024-04-25T12:54:44.138+0000] {logging_mixin.py:154} INFO - [2024-04-25T12:54:44.138+0000] {dag.py:2941} INFO - Sync 1 DAGs
[2024-04-25T12:54:44.164+0000] {logging_mixin.py:154} INFO - [2024-04-25T12:54:44.164+0000] {dag.py:3722} INFO - Setting next_dagrun for tutorial_dag to None, run_after=None
[2024-04-25T12:54:44.194+0000] {processor.py:179} INFO - Processing /home/airflow/.local/lib/python3.8/site-packages/airflow/example_dags/tutorial_dag.py took 0.124 seconds
[2024-04-25T12:55:14.261+0000] {processor.py:157} INFO - Started process (PID=1877) to work on /home/airflow/.local/lib/python3.8/site-packages/airflow/example_dags/tutorial_dag.py
[2024-04-25T12:55:14.263+0000] {processor.py:829} INFO - Processing file /home/airflow/.local/lib/python3.8/site-packages/airflow/example_dags/tutorial_dag.py for tasks to queue
[2024-04-25T12:55:14.265+0000] {logging_mixin.py:154} INFO - [2024-04-25T12:55:14.264+0000] {dagbag.py:536} INFO - Filling up the DagBag from /home/airflow/.local/lib/python3.8/site-packages/airflow/example_dags/tutorial_dag.py
[2024-04-25T12:55:14.273+0000] {processor.py:839} INFO - DAG(s) dict_keys(['tutorial_dag']) retrieved from /home/airflow/.local/lib/python3.8/site-packages/airflow/example_dags/tutorial_dag.py
[2024-04-25T12:55:14.314+0000] {logging_mixin.py:154} INFO - [2024-04-25T12:55:14.313+0000] {dag.py:2941} INFO - Sync 1 DAGs
[2024-04-25T12:55:14.340+0000] {logging_mixin.py:154} INFO - [2024-04-25T12:55:14.340+0000] {dag.py:3722} INFO - Setting next_dagrun for tutorial_dag to None, run_after=None
[2024-04-25T12:55:14.372+0000] {processor.py:179} INFO - Processing /home/airflow/.local/lib/python3.8/site-packages/airflow/example_dags/tutorial_dag.py took 0.120 seconds
[2024-04-25T13:10:30.542+0000] {processor.py:157} INFO - Started process (PID=168) to work on /home/airflow/.local/lib/python3.8/site-packages/airflow/example_dags/tutorial_dag.py
[2024-04-25T13:10:30.546+0000] {processor.py:829} INFO - Processing file /home/airflow/.local/lib/python3.8/site-packages/airflow/example_dags/tutorial_dag.py for tasks to queue
[2024-04-25T13:10:30.548+0000] {logging_mixin.py:154} INFO - [2024-04-25T13:10:30.547+0000] {dagbag.py:536} INFO - Filling up the DagBag from /home/airflow/.local/lib/python3.8/site-packages/airflow/example_dags/tutorial_dag.py
[2024-04-25T13:10:30.593+0000] {processor.py:839} INFO - DAG(s) dict_keys(['tutorial_dag']) retrieved from /home/airflow/.local/lib/python3.8/site-packages/airflow/example_dags/tutorial_dag.py
[2024-04-25T13:10:30.661+0000] {logging_mixin.py:154} INFO - [2024-04-25T13:10:30.661+0000] {dag.py:2941} INFO - Sync 1 DAGs
[2024-04-25T13:10:30.703+0000] {logging_mixin.py:154} INFO - [2024-04-25T13:10:30.702+0000] {dag.py:3722} INFO - Setting next_dagrun for tutorial_dag to None, run_after=None
[2024-04-25T13:10:30.740+0000] {processor.py:179} INFO - Processing /home/airflow/.local/lib/python3.8/site-packages/airflow/example_dags/tutorial_dag.py took 0.209 seconds
[2024-04-25T13:11:00.864+0000] {processor.py:157} INFO - Started process (PID=408) to work on /home/airflow/.local/lib/python3.8/site-packages/airflow/example_dags/tutorial_dag.py
[2024-04-25T13:11:00.865+0000] {processor.py:829} INFO - Processing file /home/airflow/.local/lib/python3.8/site-packages/airflow/example_dags/tutorial_dag.py for tasks to queue
[2024-04-25T13:11:00.867+0000] {logging_mixin.py:154} INFO - [2024-04-25T13:11:00.866+0000] {dagbag.py:536} INFO - Filling up the DagBag from /home/airflow/.local/lib/python3.8/site-packages/airflow/example_dags/tutorial_dag.py
[2024-04-25T13:11:00.880+0000] {processor.py:839} INFO - DAG(s) dict_keys(['tutorial_dag']) retrieved from /home/airflow/.local/lib/python3.8/site-packages/airflow/example_dags/tutorial_dag.py
[2024-04-25T13:11:00.925+0000] {logging_mixin.py:154} INFO - [2024-04-25T13:11:00.924+0000] {dag.py:2941} INFO - Sync 1 DAGs
[2024-04-25T13:11:00.946+0000] {logging_mixin.py:154} INFO - [2024-04-25T13:11:00.946+0000] {dag.py:3722} INFO - Setting next_dagrun for tutorial_dag to None, run_after=None
[2024-04-25T13:11:00.976+0000] {processor.py:179} INFO - Processing /home/airflow/.local/lib/python3.8/site-packages/airflow/example_dags/tutorial_dag.py took 0.124 seconds
[2024-04-25T13:11:31.329+0000] {processor.py:157} INFO - Started process (PID=651) to work on /home/airflow/.local/lib/python3.8/site-packages/airflow/example_dags/tutorial_dag.py
[2024-04-25T13:11:31.331+0000] {processor.py:829} INFO - Processing file /home/airflow/.local/lib/python3.8/site-packages/airflow/example_dags/tutorial_dag.py for tasks to queue
[2024-04-25T13:11:31.333+0000] {logging_mixin.py:154} INFO - [2024-04-25T13:11:31.332+0000] {dagbag.py:536} INFO - Filling up the DagBag from /home/airflow/.local/lib/python3.8/site-packages/airflow/example_dags/tutorial_dag.py
[2024-04-25T13:11:31.343+0000] {processor.py:839} INFO - DAG(s) dict_keys(['tutorial_dag']) retrieved from /home/airflow/.local/lib/python3.8/site-packages/airflow/example_dags/tutorial_dag.py
[2024-04-25T13:11:31.384+0000] {logging_mixin.py:154} INFO - [2024-04-25T13:11:31.384+0000] {dag.py:2941} INFO - Sync 1 DAGs
[2024-04-25T13:11:31.404+0000] {logging_mixin.py:154} INFO - [2024-04-25T13:11:31.404+0000] {dag.py:3722} INFO - Setting next_dagrun for tutorial_dag to None, run_after=None
[2024-04-25T13:11:31.435+0000] {processor.py:179} INFO - Processing /home/airflow/.local/lib/python3.8/site-packages/airflow/example_dags/tutorial_dag.py took 0.115 seconds
[2024-04-25T13:12:01.833+0000] {processor.py:157} INFO - Started process (PID=894) to work on /home/airflow/.local/lib/python3.8/site-packages/airflow/example_dags/tutorial_dag.py
[2024-04-25T13:12:01.835+0000] {processor.py:829} INFO - Processing file /home/airflow/.local/lib/python3.8/site-packages/airflow/example_dags/tutorial_dag.py for tasks to queue
[2024-04-25T13:12:01.836+0000] {logging_mixin.py:154} INFO - [2024-04-25T13:12:01.836+0000] {dagbag.py:536} INFO - Filling up the DagBag from /home/airflow/.local/lib/python3.8/site-packages/airflow/example_dags/tutorial_dag.py
[2024-04-25T13:12:01.844+0000] {processor.py:839} INFO - DAG(s) dict_keys(['tutorial_dag']) retrieved from /home/airflow/.local/lib/python3.8/site-packages/airflow/example_dags/tutorial_dag.py
[2024-04-25T13:12:01.881+0000] {logging_mixin.py:154} INFO - [2024-04-25T13:12:01.881+0000] {dag.py:2941} INFO - Sync 1 DAGs
[2024-04-25T13:12:01.908+0000] {logging_mixin.py:154} INFO - [2024-04-25T13:12:01.908+0000] {dag.py:3722} INFO - Setting next_dagrun for tutorial_dag to None, run_after=None
[2024-04-25T13:12:01.942+0000] {processor.py:179} INFO - Processing /home/airflow/.local/lib/python3.8/site-packages/airflow/example_dags/tutorial_dag.py took 0.114 seconds
[2024-04-25T13:12:32.303+0000] {processor.py:157} INFO - Started process (PID=1147) to work on /home/airflow/.local/lib/python3.8/site-packages/airflow/example_dags/tutorial_dag.py
[2024-04-25T13:12:32.308+0000] {processor.py:829} INFO - Processing file /home/airflow/.local/lib/python3.8/site-packages/airflow/example_dags/tutorial_dag.py for tasks to queue
[2024-04-25T13:12:32.310+0000] {logging_mixin.py:154} INFO - [2024-04-25T13:12:32.309+0000] {dagbag.py:536} INFO - Filling up the DagBag from /home/airflow/.local/lib/python3.8/site-packages/airflow/example_dags/tutorial_dag.py
[2024-04-25T13:12:32.325+0000] {processor.py:839} INFO - DAG(s) dict_keys(['tutorial_dag']) retrieved from /home/airflow/.local/lib/python3.8/site-packages/airflow/example_dags/tutorial_dag.py
[2024-04-25T13:12:32.370+0000] {logging_mixin.py:154} INFO - [2024-04-25T13:12:32.370+0000] {dag.py:2941} INFO - Sync 1 DAGs
[2024-04-25T13:12:32.391+0000] {logging_mixin.py:154} INFO - [2024-04-25T13:12:32.390+0000] {dag.py:3722} INFO - Setting next_dagrun for tutorial_dag to None, run_after=None
[2024-04-25T13:12:32.427+0000] {processor.py:179} INFO - Processing /home/airflow/.local/lib/python3.8/site-packages/airflow/example_dags/tutorial_dag.py took 0.133 seconds
[2024-04-25T13:13:03.145+0000] {processor.py:157} INFO - Started process (PID=1390) to work on /home/airflow/.local/lib/python3.8/site-packages/airflow/example_dags/tutorial_dag.py
[2024-04-25T13:13:03.150+0000] {processor.py:829} INFO - Processing file /home/airflow/.local/lib/python3.8/site-packages/airflow/example_dags/tutorial_dag.py for tasks to queue
[2024-04-25T13:13:03.152+0000] {logging_mixin.py:154} INFO - [2024-04-25T13:13:03.151+0000] {dagbag.py:536} INFO - Filling up the DagBag from /home/airflow/.local/lib/python3.8/site-packages/airflow/example_dags/tutorial_dag.py
[2024-04-25T13:13:03.160+0000] {processor.py:839} INFO - DAG(s) dict_keys(['tutorial_dag']) retrieved from /home/airflow/.local/lib/python3.8/site-packages/airflow/example_dags/tutorial_dag.py
[2024-04-25T13:13:03.198+0000] {logging_mixin.py:154} INFO - [2024-04-25T13:13:03.198+0000] {dag.py:2941} INFO - Sync 1 DAGs
[2024-04-25T13:13:03.217+0000] {logging_mixin.py:154} INFO - [2024-04-25T13:13:03.217+0000] {dag.py:3722} INFO - Setting next_dagrun for tutorial_dag to None, run_after=None
[2024-04-25T13:13:03.246+0000] {processor.py:179} INFO - Processing /home/airflow/.local/lib/python3.8/site-packages/airflow/example_dags/tutorial_dag.py took 0.107 seconds
[2024-04-25T13:13:33.685+0000] {processor.py:157} INFO - Started process (PID=1634) to work on /home/airflow/.local/lib/python3.8/site-packages/airflow/example_dags/tutorial_dag.py
[2024-04-25T13:13:33.688+0000] {processor.py:829} INFO - Processing file /home/airflow/.local/lib/python3.8/site-packages/airflow/example_dags/tutorial_dag.py for tasks to queue
[2024-04-25T13:13:33.689+0000] {logging_mixin.py:154} INFO - [2024-04-25T13:13:33.689+0000] {dagbag.py:536} INFO - Filling up the DagBag from /home/airflow/.local/lib/python3.8/site-packages/airflow/example_dags/tutorial_dag.py
[2024-04-25T13:13:33.701+0000] {processor.py:839} INFO - DAG(s) dict_keys(['tutorial_dag']) retrieved from /home/airflow/.local/lib/python3.8/site-packages/airflow/example_dags/tutorial_dag.py
[2024-04-25T13:13:33.744+0000] {logging_mixin.py:154} INFO - [2024-04-25T13:13:33.743+0000] {dag.py:2941} INFO - Sync 1 DAGs
[2024-04-25T13:13:33.769+0000] {logging_mixin.py:154} INFO - [2024-04-25T13:13:33.769+0000] {dag.py:3722} INFO - Setting next_dagrun for tutorial_dag to None, run_after=None
[2024-04-25T13:13:33.797+0000] {processor.py:179} INFO - Processing /home/airflow/.local/lib/python3.8/site-packages/airflow/example_dags/tutorial_dag.py took 0.121 seconds
[2024-04-25T13:14:04.035+0000] {processor.py:157} INFO - Started process (PID=1878) to work on /home/airflow/.local/lib/python3.8/site-packages/airflow/example_dags/tutorial_dag.py
[2024-04-25T13:14:04.040+0000] {processor.py:829} INFO - Processing file /home/airflow/.local/lib/python3.8/site-packages/airflow/example_dags/tutorial_dag.py for tasks to queue
[2024-04-25T13:14:04.042+0000] {logging_mixin.py:154} INFO - [2024-04-25T13:14:04.041+0000] {dagbag.py:536} INFO - Filling up the DagBag from /home/airflow/.local/lib/python3.8/site-packages/airflow/example_dags/tutorial_dag.py
[2024-04-25T13:14:04.058+0000] {processor.py:839} INFO - DAG(s) dict_keys(['tutorial_dag']) retrieved from /home/airflow/.local/lib/python3.8/site-packages/airflow/example_dags/tutorial_dag.py
[2024-04-25T13:14:04.109+0000] {logging_mixin.py:154} INFO - [2024-04-25T13:14:04.109+0000] {dag.py:2941} INFO - Sync 1 DAGs
[2024-04-25T13:14:04.133+0000] {logging_mixin.py:154} INFO - [2024-04-25T13:14:04.133+0000] {dag.py:3722} INFO - Setting next_dagrun for tutorial_dag to None, run_after=None
[2024-04-25T13:14:04.174+0000] {processor.py:179} INFO - Processing /home/airflow/.local/lib/python3.8/site-packages/airflow/example_dags/tutorial_dag.py took 0.146 seconds
[2024-04-25T13:14:34.508+0000] {processor.py:157} INFO - Started process (PID=2121) to work on /home/airflow/.local/lib/python3.8/site-packages/airflow/example_dags/tutorial_dag.py
[2024-04-25T13:14:34.512+0000] {processor.py:829} INFO - Processing file /home/airflow/.local/lib/python3.8/site-packages/airflow/example_dags/tutorial_dag.py for tasks to queue
[2024-04-25T13:14:34.513+0000] {logging_mixin.py:154} INFO - [2024-04-25T13:14:34.512+0000] {dagbag.py:536} INFO - Filling up the DagBag from /home/airflow/.local/lib/python3.8/site-packages/airflow/example_dags/tutorial_dag.py
[2024-04-25T13:14:34.523+0000] {processor.py:839} INFO - DAG(s) dict_keys(['tutorial_dag']) retrieved from /home/airflow/.local/lib/python3.8/site-packages/airflow/example_dags/tutorial_dag.py
[2024-04-25T13:14:34.565+0000] {logging_mixin.py:154} INFO - [2024-04-25T13:14:34.565+0000] {dag.py:2941} INFO - Sync 1 DAGs
[2024-04-25T13:14:34.586+0000] {logging_mixin.py:154} INFO - [2024-04-25T13:14:34.585+0000] {dag.py:3722} INFO - Setting next_dagrun for tutorial_dag to None, run_after=None
[2024-04-25T13:14:34.631+0000] {processor.py:179} INFO - Processing /home/airflow/.local/lib/python3.8/site-packages/airflow/example_dags/tutorial_dag.py took 0.129 seconds
[2024-04-25T13:15:05.044+0000] {processor.py:157} INFO - Started process (PID=2364) to work on /home/airflow/.local/lib/python3.8/site-packages/airflow/example_dags/tutorial_dag.py
[2024-04-25T13:15:05.046+0000] {processor.py:829} INFO - Processing file /home/airflow/.local/lib/python3.8/site-packages/airflow/example_dags/tutorial_dag.py for tasks to queue
[2024-04-25T13:15:05.047+0000] {logging_mixin.py:154} INFO - [2024-04-25T13:15:05.046+0000] {dagbag.py:536} INFO - Filling up the DagBag from /home/airflow/.local/lib/python3.8/site-packages/airflow/example_dags/tutorial_dag.py
[2024-04-25T13:15:05.056+0000] {processor.py:839} INFO - DAG(s) dict_keys(['tutorial_dag']) retrieved from /home/airflow/.local/lib/python3.8/site-packages/airflow/example_dags/tutorial_dag.py
[2024-04-25T13:15:05.092+0000] {logging_mixin.py:154} INFO - [2024-04-25T13:15:05.091+0000] {dag.py:2941} INFO - Sync 1 DAGs
[2024-04-25T13:15:05.109+0000] {logging_mixin.py:154} INFO - [2024-04-25T13:15:05.109+0000] {dag.py:3722} INFO - Setting next_dagrun for tutorial_dag to None, run_after=None
[2024-04-25T13:15:05.137+0000] {processor.py:179} INFO - Processing /home/airflow/.local/lib/python3.8/site-packages/airflow/example_dags/tutorial_dag.py took 0.099 seconds
[2024-04-25T13:15:35.994+0000] {processor.py:157} INFO - Started process (PID=2607) to work on /home/airflow/.local/lib/python3.8/site-packages/airflow/example_dags/tutorial_dag.py
[2024-04-25T13:15:35.997+0000] {processor.py:829} INFO - Processing file /home/airflow/.local/lib/python3.8/site-packages/airflow/example_dags/tutorial_dag.py for tasks to queue
[2024-04-25T13:15:35.999+0000] {logging_mixin.py:154} INFO - [2024-04-25T13:15:35.998+0000] {dagbag.py:536} INFO - Filling up the DagBag from /home/airflow/.local/lib/python3.8/site-packages/airflow/example_dags/tutorial_dag.py
[2024-04-25T13:15:36.009+0000] {processor.py:839} INFO - DAG(s) dict_keys(['tutorial_dag']) retrieved from /home/airflow/.local/lib/python3.8/site-packages/airflow/example_dags/tutorial_dag.py
[2024-04-25T13:15:36.050+0000] {logging_mixin.py:154} INFO - [2024-04-25T13:15:36.049+0000] {dag.py:2941} INFO - Sync 1 DAGs
[2024-04-25T13:15:36.069+0000] {logging_mixin.py:154} INFO - [2024-04-25T13:15:36.069+0000] {dag.py:3722} INFO - Setting next_dagrun for tutorial_dag to None, run_after=None
[2024-04-25T13:15:36.099+0000] {processor.py:179} INFO - Processing /home/airflow/.local/lib/python3.8/site-packages/airflow/example_dags/tutorial_dag.py took 0.112 seconds
[2024-04-25T13:16:06.939+0000] {processor.py:157} INFO - Started process (PID=2850) to work on /home/airflow/.local/lib/python3.8/site-packages/airflow/example_dags/tutorial_dag.py
[2024-04-25T13:16:06.940+0000] {processor.py:829} INFO - Processing file /home/airflow/.local/lib/python3.8/site-packages/airflow/example_dags/tutorial_dag.py for tasks to queue
[2024-04-25T13:16:06.942+0000] {logging_mixin.py:154} INFO - [2024-04-25T13:16:06.941+0000] {dagbag.py:536} INFO - Filling up the DagBag from /home/airflow/.local/lib/python3.8/site-packages/airflow/example_dags/tutorial_dag.py
[2024-04-25T13:16:06.951+0000] {processor.py:839} INFO - DAG(s) dict_keys(['tutorial_dag']) retrieved from /home/airflow/.local/lib/python3.8/site-packages/airflow/example_dags/tutorial_dag.py
[2024-04-25T13:16:06.999+0000] {logging_mixin.py:154} INFO - [2024-04-25T13:16:06.998+0000] {dag.py:2941} INFO - Sync 1 DAGs
[2024-04-25T13:16:07.020+0000] {logging_mixin.py:154} INFO - [2024-04-25T13:16:07.019+0000] {dag.py:3722} INFO - Setting next_dagrun for tutorial_dag to None, run_after=None
[2024-04-25T13:16:07.051+0000] {processor.py:179} INFO - Processing /home/airflow/.local/lib/python3.8/site-packages/airflow/example_dags/tutorial_dag.py took 0.120 seconds
[2024-04-25T13:16:37.928+0000] {processor.py:157} INFO - Started process (PID=3094) to work on /home/airflow/.local/lib/python3.8/site-packages/airflow/example_dags/tutorial_dag.py
[2024-04-25T13:16:37.931+0000] {processor.py:829} INFO - Processing file /home/airflow/.local/lib/python3.8/site-packages/airflow/example_dags/tutorial_dag.py for tasks to queue
[2024-04-25T13:16:37.932+0000] {logging_mixin.py:154} INFO - [2024-04-25T13:16:37.932+0000] {dagbag.py:536} INFO - Filling up the DagBag from /home/airflow/.local/lib/python3.8/site-packages/airflow/example_dags/tutorial_dag.py
[2024-04-25T13:16:37.941+0000] {processor.py:839} INFO - DAG(s) dict_keys(['tutorial_dag']) retrieved from /home/airflow/.local/lib/python3.8/site-packages/airflow/example_dags/tutorial_dag.py
[2024-04-25T13:16:37.981+0000] {logging_mixin.py:154} INFO - [2024-04-25T13:16:37.981+0000] {dag.py:2941} INFO - Sync 1 DAGs
[2024-04-25T13:16:38.000+0000] {logging_mixin.py:154} INFO - [2024-04-25T13:16:38.000+0000] {dag.py:3722} INFO - Setting next_dagrun for tutorial_dag to None, run_after=None
[2024-04-25T13:16:38.031+0000] {processor.py:179} INFO - Processing /home/airflow/.local/lib/python3.8/site-packages/airflow/example_dags/tutorial_dag.py took 0.111 seconds
[2024-04-25T13:17:08.172+0000] {processor.py:157} INFO - Started process (PID=3337) to work on /home/airflow/.local/lib/python3.8/site-packages/airflow/example_dags/tutorial_dag.py
[2024-04-25T13:17:08.174+0000] {processor.py:829} INFO - Processing file /home/airflow/.local/lib/python3.8/site-packages/airflow/example_dags/tutorial_dag.py for tasks to queue
[2024-04-25T13:17:08.175+0000] {logging_mixin.py:154} INFO - [2024-04-25T13:17:08.174+0000] {dagbag.py:536} INFO - Filling up the DagBag from /home/airflow/.local/lib/python3.8/site-packages/airflow/example_dags/tutorial_dag.py
[2024-04-25T13:17:08.186+0000] {processor.py:839} INFO - DAG(s) dict_keys(['tutorial_dag']) retrieved from /home/airflow/.local/lib/python3.8/site-packages/airflow/example_dags/tutorial_dag.py
[2024-04-25T13:17:08.222+0000] {logging_mixin.py:154} INFO - [2024-04-25T13:17:08.222+0000] {dag.py:2941} INFO - Sync 1 DAGs
[2024-04-25T13:17:08.240+0000] {logging_mixin.py:154} INFO - [2024-04-25T13:17:08.240+0000] {dag.py:3722} INFO - Setting next_dagrun for tutorial_dag to None, run_after=None
[2024-04-25T13:17:08.267+0000] {processor.py:179} INFO - Processing /home/airflow/.local/lib/python3.8/site-packages/airflow/example_dags/tutorial_dag.py took 0.102 seconds
[2024-04-25T13:17:38.908+0000] {processor.py:157} INFO - Started process (PID=3580) to work on /home/airflow/.local/lib/python3.8/site-packages/airflow/example_dags/tutorial_dag.py
[2024-04-25T13:17:38.910+0000] {processor.py:829} INFO - Processing file /home/airflow/.local/lib/python3.8/site-packages/airflow/example_dags/tutorial_dag.py for tasks to queue
[2024-04-25T13:17:38.912+0000] {logging_mixin.py:154} INFO - [2024-04-25T13:17:38.911+0000] {dagbag.py:536} INFO - Filling up the DagBag from /home/airflow/.local/lib/python3.8/site-packages/airflow/example_dags/tutorial_dag.py
[2024-04-25T13:17:38.921+0000] {processor.py:839} INFO - DAG(s) dict_keys(['tutorial_dag']) retrieved from /home/airflow/.local/lib/python3.8/site-packages/airflow/example_dags/tutorial_dag.py
[2024-04-25T13:17:38.964+0000] {logging_mixin.py:154} INFO - [2024-04-25T13:17:38.963+0000] {dag.py:2941} INFO - Sync 1 DAGs
[2024-04-25T13:17:38.982+0000] {logging_mixin.py:154} INFO - [2024-04-25T13:17:38.982+0000] {dag.py:3722} INFO - Setting next_dagrun for tutorial_dag to None, run_after=None
[2024-04-25T13:17:39.010+0000] {processor.py:179} INFO - Processing /home/airflow/.local/lib/python3.8/site-packages/airflow/example_dags/tutorial_dag.py took 0.108 seconds
[2024-04-25T13:18:10.008+0000] {processor.py:157} INFO - Started process (PID=3824) to work on /home/airflow/.local/lib/python3.8/site-packages/airflow/example_dags/tutorial_dag.py
[2024-04-25T13:18:10.011+0000] {processor.py:829} INFO - Processing file /home/airflow/.local/lib/python3.8/site-packages/airflow/example_dags/tutorial_dag.py for tasks to queue
[2024-04-25T13:18:10.013+0000] {logging_mixin.py:154} INFO - [2024-04-25T13:18:10.012+0000] {dagbag.py:536} INFO - Filling up the DagBag from /home/airflow/.local/lib/python3.8/site-packages/airflow/example_dags/tutorial_dag.py
[2024-04-25T13:18:10.024+0000] {processor.py:839} INFO - DAG(s) dict_keys(['tutorial_dag']) retrieved from /home/airflow/.local/lib/python3.8/site-packages/airflow/example_dags/tutorial_dag.py
[2024-04-25T13:18:10.061+0000] {logging_mixin.py:154} INFO - [2024-04-25T13:18:10.061+0000] {dag.py:2941} INFO - Sync 1 DAGs
[2024-04-25T13:18:10.086+0000] {logging_mixin.py:154} INFO - [2024-04-25T13:18:10.086+0000] {dag.py:3722} INFO - Setting next_dagrun for tutorial_dag to None, run_after=None
[2024-04-25T13:18:10.114+0000] {processor.py:179} INFO - Processing /home/airflow/.local/lib/python3.8/site-packages/airflow/example_dags/tutorial_dag.py took 0.115 seconds
[2024-04-25T13:18:40.956+0000] {processor.py:157} INFO - Started process (PID=4068) to work on /home/airflow/.local/lib/python3.8/site-packages/airflow/example_dags/tutorial_dag.py
[2024-04-25T13:18:40.958+0000] {processor.py:829} INFO - Processing file /home/airflow/.local/lib/python3.8/site-packages/airflow/example_dags/tutorial_dag.py for tasks to queue
[2024-04-25T13:18:40.960+0000] {logging_mixin.py:154} INFO - [2024-04-25T13:18:40.959+0000] {dagbag.py:536} INFO - Filling up the DagBag from /home/airflow/.local/lib/python3.8/site-packages/airflow/example_dags/tutorial_dag.py
[2024-04-25T13:18:40.968+0000] {processor.py:839} INFO - DAG(s) dict_keys(['tutorial_dag']) retrieved from /home/airflow/.local/lib/python3.8/site-packages/airflow/example_dags/tutorial_dag.py
[2024-04-25T13:18:41.009+0000] {logging_mixin.py:154} INFO - [2024-04-25T13:18:41.009+0000] {dag.py:2941} INFO - Sync 1 DAGs
[2024-04-25T13:18:41.027+0000] {logging_mixin.py:154} INFO - [2024-04-25T13:18:41.027+0000] {dag.py:3722} INFO - Setting next_dagrun for tutorial_dag to None, run_after=None
[2024-04-25T13:18:41.054+0000] {processor.py:179} INFO - Processing /home/airflow/.local/lib/python3.8/site-packages/airflow/example_dags/tutorial_dag.py took 0.108 seconds
[2024-04-25T13:27:12.904+0000] {processor.py:157} INFO - Started process (PID=168) to work on /home/airflow/.local/lib/python3.8/site-packages/airflow/example_dags/tutorial_dag.py
[2024-04-25T13:27:12.907+0000] {processor.py:829} INFO - Processing file /home/airflow/.local/lib/python3.8/site-packages/airflow/example_dags/tutorial_dag.py for tasks to queue
[2024-04-25T13:27:12.909+0000] {logging_mixin.py:154} INFO - [2024-04-25T13:27:12.908+0000] {dagbag.py:536} INFO - Filling up the DagBag from /home/airflow/.local/lib/python3.8/site-packages/airflow/example_dags/tutorial_dag.py
[2024-04-25T13:27:12.953+0000] {processor.py:839} INFO - DAG(s) dict_keys(['tutorial_dag']) retrieved from /home/airflow/.local/lib/python3.8/site-packages/airflow/example_dags/tutorial_dag.py
[2024-04-25T13:27:13.020+0000] {logging_mixin.py:154} INFO - [2024-04-25T13:27:13.019+0000] {dag.py:2941} INFO - Sync 1 DAGs
[2024-04-25T13:27:13.049+0000] {logging_mixin.py:154} INFO - [2024-04-25T13:27:13.048+0000] {dag.py:3722} INFO - Setting next_dagrun for tutorial_dag to None, run_after=None
[2024-04-25T13:27:13.079+0000] {processor.py:179} INFO - Processing /home/airflow/.local/lib/python3.8/site-packages/airflow/example_dags/tutorial_dag.py took 0.183 seconds
[2024-04-25T13:27:43.636+0000] {processor.py:157} INFO - Started process (PID=408) to work on /home/airflow/.local/lib/python3.8/site-packages/airflow/example_dags/tutorial_dag.py
[2024-04-25T13:27:43.638+0000] {processor.py:829} INFO - Processing file /home/airflow/.local/lib/python3.8/site-packages/airflow/example_dags/tutorial_dag.py for tasks to queue
[2024-04-25T13:27:43.640+0000] {logging_mixin.py:154} INFO - [2024-04-25T13:27:43.639+0000] {dagbag.py:536} INFO - Filling up the DagBag from /home/airflow/.local/lib/python3.8/site-packages/airflow/example_dags/tutorial_dag.py
[2024-04-25T13:27:43.656+0000] {processor.py:839} INFO - DAG(s) dict_keys(['tutorial_dag']) retrieved from /home/airflow/.local/lib/python3.8/site-packages/airflow/example_dags/tutorial_dag.py
[2024-04-25T13:27:43.702+0000] {logging_mixin.py:154} INFO - [2024-04-25T13:27:43.702+0000] {dag.py:2941} INFO - Sync 1 DAGs
[2024-04-25T13:27:43.724+0000] {logging_mixin.py:154} INFO - [2024-04-25T13:27:43.724+0000] {dag.py:3722} INFO - Setting next_dagrun for tutorial_dag to None, run_after=None
[2024-04-25T13:27:43.754+0000] {processor.py:179} INFO - Processing /home/airflow/.local/lib/python3.8/site-packages/airflow/example_dags/tutorial_dag.py took 0.125 seconds
[2024-04-25T13:28:14.344+0000] {processor.py:157} INFO - Started process (PID=651) to work on /home/airflow/.local/lib/python3.8/site-packages/airflow/example_dags/tutorial_dag.py
[2024-04-25T13:28:14.352+0000] {processor.py:829} INFO - Processing file /home/airflow/.local/lib/python3.8/site-packages/airflow/example_dags/tutorial_dag.py for tasks to queue
[2024-04-25T13:28:14.353+0000] {logging_mixin.py:154} INFO - [2024-04-25T13:28:14.353+0000] {dagbag.py:536} INFO - Filling up the DagBag from /home/airflow/.local/lib/python3.8/site-packages/airflow/example_dags/tutorial_dag.py
[2024-04-25T13:28:14.361+0000] {processor.py:839} INFO - DAG(s) dict_keys(['tutorial_dag']) retrieved from /home/airflow/.local/lib/python3.8/site-packages/airflow/example_dags/tutorial_dag.py
[2024-04-25T13:28:14.398+0000] {logging_mixin.py:154} INFO - [2024-04-25T13:28:14.398+0000] {dag.py:2941} INFO - Sync 1 DAGs
[2024-04-25T13:28:14.418+0000] {logging_mixin.py:154} INFO - [2024-04-25T13:28:14.418+0000] {dag.py:3722} INFO - Setting next_dagrun for tutorial_dag to None, run_after=None
[2024-04-25T13:28:14.446+0000] {processor.py:179} INFO - Processing /home/airflow/.local/lib/python3.8/site-packages/airflow/example_dags/tutorial_dag.py took 0.108 seconds
[2024-04-25T13:28:44.729+0000] {processor.py:157} INFO - Started process (PID=901) to work on /home/airflow/.local/lib/python3.8/site-packages/airflow/example_dags/tutorial_dag.py
[2024-04-25T13:28:44.734+0000] {processor.py:829} INFO - Processing file /home/airflow/.local/lib/python3.8/site-packages/airflow/example_dags/tutorial_dag.py for tasks to queue
[2024-04-25T13:28:44.737+0000] {logging_mixin.py:154} INFO - [2024-04-25T13:28:44.736+0000] {dagbag.py:536} INFO - Filling up the DagBag from /home/airflow/.local/lib/python3.8/site-packages/airflow/example_dags/tutorial_dag.py
[2024-04-25T13:28:44.752+0000] {processor.py:839} INFO - DAG(s) dict_keys(['tutorial_dag']) retrieved from /home/airflow/.local/lib/python3.8/site-packages/airflow/example_dags/tutorial_dag.py
[2024-04-25T13:28:44.818+0000] {logging_mixin.py:154} INFO - [2024-04-25T13:28:44.818+0000] {dag.py:2941} INFO - Sync 1 DAGs
[2024-04-25T13:28:44.853+0000] {logging_mixin.py:154} INFO - [2024-04-25T13:28:44.853+0000] {dag.py:3722} INFO - Setting next_dagrun for tutorial_dag to None, run_after=None
[2024-04-25T13:28:44.902+0000] {processor.py:179} INFO - Processing /home/airflow/.local/lib/python3.8/site-packages/airflow/example_dags/tutorial_dag.py took 0.191 seconds
[2024-04-25T13:29:15.883+0000] {processor.py:157} INFO - Started process (PID=1147) to work on /home/airflow/.local/lib/python3.8/site-packages/airflow/example_dags/tutorial_dag.py
[2024-04-25T13:29:15.890+0000] {processor.py:829} INFO - Processing file /home/airflow/.local/lib/python3.8/site-packages/airflow/example_dags/tutorial_dag.py for tasks to queue
[2024-04-25T13:29:15.892+0000] {logging_mixin.py:154} INFO - [2024-04-25T13:29:15.891+0000] {dagbag.py:536} INFO - Filling up the DagBag from /home/airflow/.local/lib/python3.8/site-packages/airflow/example_dags/tutorial_dag.py
[2024-04-25T13:29:15.905+0000] {processor.py:839} INFO - DAG(s) dict_keys(['tutorial_dag']) retrieved from /home/airflow/.local/lib/python3.8/site-packages/airflow/example_dags/tutorial_dag.py
[2024-04-25T13:29:15.948+0000] {logging_mixin.py:154} INFO - [2024-04-25T13:29:15.948+0000] {dag.py:2941} INFO - Sync 1 DAGs
[2024-04-25T13:29:15.975+0000] {logging_mixin.py:154} INFO - [2024-04-25T13:29:15.974+0000] {dag.py:3722} INFO - Setting next_dagrun for tutorial_dag to None, run_after=None
[2024-04-25T13:29:16.008+0000] {processor.py:179} INFO - Processing /home/airflow/.local/lib/python3.8/site-packages/airflow/example_dags/tutorial_dag.py took 0.134 seconds
[2024-04-25T13:29:46.975+0000] {processor.py:157} INFO - Started process (PID=1390) to work on /home/airflow/.local/lib/python3.8/site-packages/airflow/example_dags/tutorial_dag.py
[2024-04-25T13:29:46.978+0000] {processor.py:829} INFO - Processing file /home/airflow/.local/lib/python3.8/site-packages/airflow/example_dags/tutorial_dag.py for tasks to queue
[2024-04-25T13:29:46.979+0000] {logging_mixin.py:154} INFO - [2024-04-25T13:29:46.979+0000] {dagbag.py:536} INFO - Filling up the DagBag from /home/airflow/.local/lib/python3.8/site-packages/airflow/example_dags/tutorial_dag.py
[2024-04-25T13:29:46.988+0000] {processor.py:839} INFO - DAG(s) dict_keys(['tutorial_dag']) retrieved from /home/airflow/.local/lib/python3.8/site-packages/airflow/example_dags/tutorial_dag.py
[2024-04-25T13:29:47.025+0000] {logging_mixin.py:154} INFO - [2024-04-25T13:29:47.025+0000] {dag.py:2941} INFO - Sync 1 DAGs
[2024-04-25T13:29:47.043+0000] {logging_mixin.py:154} INFO - [2024-04-25T13:29:47.042+0000] {dag.py:3722} INFO - Setting next_dagrun for tutorial_dag to None, run_after=None
[2024-04-25T13:29:47.070+0000] {processor.py:179} INFO - Processing /home/airflow/.local/lib/python3.8/site-packages/airflow/example_dags/tutorial_dag.py took 0.101 seconds
[2024-04-25T13:30:17.357+0000] {processor.py:157} INFO - Started process (PID=1633) to work on /home/airflow/.local/lib/python3.8/site-packages/airflow/example_dags/tutorial_dag.py
[2024-04-25T13:30:17.359+0000] {processor.py:829} INFO - Processing file /home/airflow/.local/lib/python3.8/site-packages/airflow/example_dags/tutorial_dag.py for tasks to queue
[2024-04-25T13:30:17.361+0000] {logging_mixin.py:154} INFO - [2024-04-25T13:30:17.361+0000] {dagbag.py:536} INFO - Filling up the DagBag from /home/airflow/.local/lib/python3.8/site-packages/airflow/example_dags/tutorial_dag.py
[2024-04-25T13:30:17.374+0000] {processor.py:839} INFO - DAG(s) dict_keys(['tutorial_dag']) retrieved from /home/airflow/.local/lib/python3.8/site-packages/airflow/example_dags/tutorial_dag.py
[2024-04-25T13:30:17.414+0000] {logging_mixin.py:154} INFO - [2024-04-25T13:30:17.414+0000] {dag.py:2941} INFO - Sync 1 DAGs
[2024-04-25T13:30:17.436+0000] {logging_mixin.py:154} INFO - [2024-04-25T13:30:17.435+0000] {dag.py:3722} INFO - Setting next_dagrun for tutorial_dag to None, run_after=None
[2024-04-25T13:30:17.465+0000] {processor.py:179} INFO - Processing /home/airflow/.local/lib/python3.8/site-packages/airflow/example_dags/tutorial_dag.py took 0.117 seconds
[2024-04-25T13:30:47.857+0000] {processor.py:157} INFO - Started process (PID=1877) to work on /home/airflow/.local/lib/python3.8/site-packages/airflow/example_dags/tutorial_dag.py
[2024-04-25T13:30:47.859+0000] {processor.py:829} INFO - Processing file /home/airflow/.local/lib/python3.8/site-packages/airflow/example_dags/tutorial_dag.py for tasks to queue
[2024-04-25T13:30:47.861+0000] {logging_mixin.py:154} INFO - [2024-04-25T13:30:47.860+0000] {dagbag.py:536} INFO - Filling up the DagBag from /home/airflow/.local/lib/python3.8/site-packages/airflow/example_dags/tutorial_dag.py
[2024-04-25T13:30:47.869+0000] {processor.py:839} INFO - DAG(s) dict_keys(['tutorial_dag']) retrieved from /home/airflow/.local/lib/python3.8/site-packages/airflow/example_dags/tutorial_dag.py
[2024-04-25T13:30:47.910+0000] {logging_mixin.py:154} INFO - [2024-04-25T13:30:47.910+0000] {dag.py:2941} INFO - Sync 1 DAGs
[2024-04-25T13:30:47.932+0000] {logging_mixin.py:154} INFO - [2024-04-25T13:30:47.932+0000] {dag.py:3722} INFO - Setting next_dagrun for tutorial_dag to None, run_after=None
[2024-04-25T13:30:47.970+0000] {processor.py:179} INFO - Processing /home/airflow/.local/lib/python3.8/site-packages/airflow/example_dags/tutorial_dag.py took 0.119 seconds
[2024-04-25T13:31:18.051+0000] {processor.py:157} INFO - Started process (PID=2120) to work on /home/airflow/.local/lib/python3.8/site-packages/airflow/example_dags/tutorial_dag.py
[2024-04-25T13:31:18.053+0000] {processor.py:829} INFO - Processing file /home/airflow/.local/lib/python3.8/site-packages/airflow/example_dags/tutorial_dag.py for tasks to queue
[2024-04-25T13:31:18.055+0000] {logging_mixin.py:154} INFO - [2024-04-25T13:31:18.055+0000] {dagbag.py:536} INFO - Filling up the DagBag from /home/airflow/.local/lib/python3.8/site-packages/airflow/example_dags/tutorial_dag.py
[2024-04-25T13:31:18.068+0000] {processor.py:839} INFO - DAG(s) dict_keys(['tutorial_dag']) retrieved from /home/airflow/.local/lib/python3.8/site-packages/airflow/example_dags/tutorial_dag.py
[2024-04-25T13:31:18.110+0000] {logging_mixin.py:154} INFO - [2024-04-25T13:31:18.110+0000] {dag.py:2941} INFO - Sync 1 DAGs
[2024-04-25T13:31:18.129+0000] {logging_mixin.py:154} INFO - [2024-04-25T13:31:18.129+0000] {dag.py:3722} INFO - Setting next_dagrun for tutorial_dag to None, run_after=None
[2024-04-25T13:31:18.157+0000] {processor.py:179} INFO - Processing /home/airflow/.local/lib/python3.8/site-packages/airflow/example_dags/tutorial_dag.py took 0.115 seconds
[2024-04-25T13:31:48.570+0000] {processor.py:157} INFO - Started process (PID=2363) to work on /home/airflow/.local/lib/python3.8/site-packages/airflow/example_dags/tutorial_dag.py
[2024-04-25T13:31:48.572+0000] {processor.py:829} INFO - Processing file /home/airflow/.local/lib/python3.8/site-packages/airflow/example_dags/tutorial_dag.py for tasks to queue
[2024-04-25T13:31:48.573+0000] {logging_mixin.py:154} INFO - [2024-04-25T13:31:48.572+0000] {dagbag.py:536} INFO - Filling up the DagBag from /home/airflow/.local/lib/python3.8/site-packages/airflow/example_dags/tutorial_dag.py
[2024-04-25T13:31:48.586+0000] {processor.py:839} INFO - DAG(s) dict_keys(['tutorial_dag']) retrieved from /home/airflow/.local/lib/python3.8/site-packages/airflow/example_dags/tutorial_dag.py
[2024-04-25T13:31:48.627+0000] {logging_mixin.py:154} INFO - [2024-04-25T13:31:48.626+0000] {dag.py:2941} INFO - Sync 1 DAGs
[2024-04-25T13:31:48.646+0000] {logging_mixin.py:154} INFO - [2024-04-25T13:31:48.646+0000] {dag.py:3722} INFO - Setting next_dagrun for tutorial_dag to None, run_after=None
[2024-04-25T13:31:48.678+0000] {processor.py:179} INFO - Processing /home/airflow/.local/lib/python3.8/site-packages/airflow/example_dags/tutorial_dag.py took 0.114 seconds
[2024-04-25T13:32:19.237+0000] {processor.py:157} INFO - Started process (PID=2606) to work on /home/airflow/.local/lib/python3.8/site-packages/airflow/example_dags/tutorial_dag.py
[2024-04-25T13:32:19.240+0000] {processor.py:829} INFO - Processing file /home/airflow/.local/lib/python3.8/site-packages/airflow/example_dags/tutorial_dag.py for tasks to queue
[2024-04-25T13:32:19.242+0000] {logging_mixin.py:154} INFO - [2024-04-25T13:32:19.241+0000] {dagbag.py:536} INFO - Filling up the DagBag from /home/airflow/.local/lib/python3.8/site-packages/airflow/example_dags/tutorial_dag.py
[2024-04-25T13:32:19.255+0000] {processor.py:839} INFO - DAG(s) dict_keys(['tutorial_dag']) retrieved from /home/airflow/.local/lib/python3.8/site-packages/airflow/example_dags/tutorial_dag.py
[2024-04-25T13:32:19.296+0000] {logging_mixin.py:154} INFO - [2024-04-25T13:32:19.296+0000] {dag.py:2941} INFO - Sync 1 DAGs
[2024-04-25T13:32:19.321+0000] {logging_mixin.py:154} INFO - [2024-04-25T13:32:19.321+0000] {dag.py:3722} INFO - Setting next_dagrun for tutorial_dag to None, run_after=None
[2024-04-25T13:32:19.351+0000] {processor.py:179} INFO - Processing /home/airflow/.local/lib/python3.8/site-packages/airflow/example_dags/tutorial_dag.py took 0.119 seconds
[2024-04-25T13:32:49.799+0000] {processor.py:157} INFO - Started process (PID=2849) to work on /home/airflow/.local/lib/python3.8/site-packages/airflow/example_dags/tutorial_dag.py
[2024-04-25T13:32:49.800+0000] {processor.py:829} INFO - Processing file /home/airflow/.local/lib/python3.8/site-packages/airflow/example_dags/tutorial_dag.py for tasks to queue
[2024-04-25T13:32:49.801+0000] {logging_mixin.py:154} INFO - [2024-04-25T13:32:49.801+0000] {dagbag.py:536} INFO - Filling up the DagBag from /home/airflow/.local/lib/python3.8/site-packages/airflow/example_dags/tutorial_dag.py
[2024-04-25T13:32:49.811+0000] {processor.py:839} INFO - DAG(s) dict_keys(['tutorial_dag']) retrieved from /home/airflow/.local/lib/python3.8/site-packages/airflow/example_dags/tutorial_dag.py
[2024-04-25T13:32:49.851+0000] {logging_mixin.py:154} INFO - [2024-04-25T13:32:49.851+0000] {dag.py:2941} INFO - Sync 1 DAGs
[2024-04-25T13:32:49.871+0000] {logging_mixin.py:154} INFO - [2024-04-25T13:32:49.871+0000] {dag.py:3722} INFO - Setting next_dagrun for tutorial_dag to None, run_after=None
[2024-04-25T13:32:49.899+0000] {processor.py:179} INFO - Processing /home/airflow/.local/lib/python3.8/site-packages/airflow/example_dags/tutorial_dag.py took 0.107 seconds
[2024-04-25T13:33:19.952+0000] {processor.py:157} INFO - Started process (PID=3100) to work on /home/airflow/.local/lib/python3.8/site-packages/airflow/example_dags/tutorial_dag.py
[2024-04-25T13:33:19.958+0000] {processor.py:829} INFO - Processing file /home/airflow/.local/lib/python3.8/site-packages/airflow/example_dags/tutorial_dag.py for tasks to queue
[2024-04-25T13:33:19.960+0000] {logging_mixin.py:154} INFO - [2024-04-25T13:33:19.959+0000] {dagbag.py:536} INFO - Filling up the DagBag from /home/airflow/.local/lib/python3.8/site-packages/airflow/example_dags/tutorial_dag.py
[2024-04-25T13:33:19.972+0000] {processor.py:839} INFO - DAG(s) dict_keys(['tutorial_dag']) retrieved from /home/airflow/.local/lib/python3.8/site-packages/airflow/example_dags/tutorial_dag.py
[2024-04-25T13:33:20.018+0000] {logging_mixin.py:154} INFO - [2024-04-25T13:33:20.018+0000] {dag.py:2941} INFO - Sync 1 DAGs
[2024-04-25T13:33:20.046+0000] {logging_mixin.py:154} INFO - [2024-04-25T13:33:20.045+0000] {dag.py:3722} INFO - Setting next_dagrun for tutorial_dag to None, run_after=None
[2024-04-25T13:33:20.084+0000] {processor.py:179} INFO - Processing /home/airflow/.local/lib/python3.8/site-packages/airflow/example_dags/tutorial_dag.py took 0.140 seconds
[2024-04-25T13:33:50.195+0000] {processor.py:157} INFO - Started process (PID=3347) to work on /home/airflow/.local/lib/python3.8/site-packages/airflow/example_dags/tutorial_dag.py
[2024-04-25T13:33:50.203+0000] {processor.py:829} INFO - Processing file /home/airflow/.local/lib/python3.8/site-packages/airflow/example_dags/tutorial_dag.py for tasks to queue
[2024-04-25T13:33:50.206+0000] {logging_mixin.py:154} INFO - [2024-04-25T13:33:50.204+0000] {dagbag.py:536} INFO - Filling up the DagBag from /home/airflow/.local/lib/python3.8/site-packages/airflow/example_dags/tutorial_dag.py
[2024-04-25T13:33:50.235+0000] {processor.py:839} INFO - DAG(s) dict_keys(['tutorial_dag']) retrieved from /home/airflow/.local/lib/python3.8/site-packages/airflow/example_dags/tutorial_dag.py
[2024-04-25T13:33:50.338+0000] {logging_mixin.py:154} INFO - [2024-04-25T13:33:50.336+0000] {dag.py:2941} INFO - Sync 1 DAGs
[2024-04-25T13:33:50.391+0000] {logging_mixin.py:154} INFO - [2024-04-25T13:33:50.389+0000] {dag.py:3722} INFO - Setting next_dagrun for tutorial_dag to None, run_after=None
[2024-04-25T13:33:50.450+0000] {processor.py:179} INFO - Processing /home/airflow/.local/lib/python3.8/site-packages/airflow/example_dags/tutorial_dag.py took 0.273 seconds
[2024-04-25T13:34:20.687+0000] {processor.py:157} INFO - Started process (PID=3590) to work on /home/airflow/.local/lib/python3.8/site-packages/airflow/example_dags/tutorial_dag.py
[2024-04-25T13:34:20.690+0000] {processor.py:829} INFO - Processing file /home/airflow/.local/lib/python3.8/site-packages/airflow/example_dags/tutorial_dag.py for tasks to queue
[2024-04-25T13:34:20.695+0000] {logging_mixin.py:154} INFO - [2024-04-25T13:34:20.693+0000] {dagbag.py:536} INFO - Filling up the DagBag from /home/airflow/.local/lib/python3.8/site-packages/airflow/example_dags/tutorial_dag.py
[2024-04-25T13:34:20.724+0000] {processor.py:839} INFO - DAG(s) dict_keys(['tutorial_dag']) retrieved from /home/airflow/.local/lib/python3.8/site-packages/airflow/example_dags/tutorial_dag.py
[2024-04-25T13:34:20.869+0000] {logging_mixin.py:154} INFO - [2024-04-25T13:34:20.867+0000] {dag.py:2941} INFO - Sync 1 DAGs
[2024-04-25T13:34:20.962+0000] {logging_mixin.py:154} INFO - [2024-04-25T13:34:20.961+0000] {dag.py:3722} INFO - Setting next_dagrun for tutorial_dag to None, run_after=None
[2024-04-25T13:34:21.088+0000] {processor.py:179} INFO - Processing /home/airflow/.local/lib/python3.8/site-packages/airflow/example_dags/tutorial_dag.py took 0.424 seconds
[2024-04-25T13:34:51.309+0000] {processor.py:157} INFO - Started process (PID=3833) to work on /home/airflow/.local/lib/python3.8/site-packages/airflow/example_dags/tutorial_dag.py
[2024-04-25T13:34:51.313+0000] {processor.py:829} INFO - Processing file /home/airflow/.local/lib/python3.8/site-packages/airflow/example_dags/tutorial_dag.py for tasks to queue
[2024-04-25T13:34:51.314+0000] {logging_mixin.py:154} INFO - [2024-04-25T13:34:51.313+0000] {dagbag.py:536} INFO - Filling up the DagBag from /home/airflow/.local/lib/python3.8/site-packages/airflow/example_dags/tutorial_dag.py
[2024-04-25T13:34:51.323+0000] {processor.py:839} INFO - DAG(s) dict_keys(['tutorial_dag']) retrieved from /home/airflow/.local/lib/python3.8/site-packages/airflow/example_dags/tutorial_dag.py
[2024-04-25T13:34:51.357+0000] {logging_mixin.py:154} INFO - [2024-04-25T13:34:51.357+0000] {dag.py:2941} INFO - Sync 1 DAGs
[2024-04-25T13:34:51.376+0000] {logging_mixin.py:154} INFO - [2024-04-25T13:34:51.376+0000] {dag.py:3722} INFO - Setting next_dagrun for tutorial_dag to None, run_after=None
[2024-04-25T13:34:51.405+0000] {processor.py:179} INFO - Processing /home/airflow/.local/lib/python3.8/site-packages/airflow/example_dags/tutorial_dag.py took 0.102 seconds
[2024-04-25T13:35:22.149+0000] {processor.py:157} INFO - Started process (PID=4077) to work on /home/airflow/.local/lib/python3.8/site-packages/airflow/example_dags/tutorial_dag.py
[2024-04-25T13:35:22.151+0000] {processor.py:829} INFO - Processing file /home/airflow/.local/lib/python3.8/site-packages/airflow/example_dags/tutorial_dag.py for tasks to queue
[2024-04-25T13:35:22.152+0000] {logging_mixin.py:154} INFO - [2024-04-25T13:35:22.151+0000] {dagbag.py:536} INFO - Filling up the DagBag from /home/airflow/.local/lib/python3.8/site-packages/airflow/example_dags/tutorial_dag.py
[2024-04-25T13:35:22.161+0000] {processor.py:839} INFO - DAG(s) dict_keys(['tutorial_dag']) retrieved from /home/airflow/.local/lib/python3.8/site-packages/airflow/example_dags/tutorial_dag.py
[2024-04-25T13:35:22.196+0000] {logging_mixin.py:154} INFO - [2024-04-25T13:35:22.195+0000] {dag.py:2941} INFO - Sync 1 DAGs
[2024-04-25T13:35:22.214+0000] {logging_mixin.py:154} INFO - [2024-04-25T13:35:22.214+0000] {dag.py:3722} INFO - Setting next_dagrun for tutorial_dag to None, run_after=None
[2024-04-25T13:35:22.243+0000] {processor.py:179} INFO - Processing /home/airflow/.local/lib/python3.8/site-packages/airflow/example_dags/tutorial_dag.py took 0.100 seconds
[2024-04-25T13:49:24.438+0000] {processor.py:157} INFO - Started process (PID=168) to work on /home/airflow/.local/lib/python3.8/site-packages/airflow/example_dags/tutorial_dag.py
[2024-04-25T13:49:24.442+0000] {processor.py:829} INFO - Processing file /home/airflow/.local/lib/python3.8/site-packages/airflow/example_dags/tutorial_dag.py for tasks to queue
[2024-04-25T13:49:24.444+0000] {logging_mixin.py:154} INFO - [2024-04-25T13:49:24.443+0000] {dagbag.py:536} INFO - Filling up the DagBag from /home/airflow/.local/lib/python3.8/site-packages/airflow/example_dags/tutorial_dag.py
[2024-04-25T13:49:24.492+0000] {processor.py:839} INFO - DAG(s) dict_keys(['tutorial_dag']) retrieved from /home/airflow/.local/lib/python3.8/site-packages/airflow/example_dags/tutorial_dag.py
[2024-04-25T13:49:24.560+0000] {logging_mixin.py:154} INFO - [2024-04-25T13:49:24.560+0000] {dag.py:2941} INFO - Sync 1 DAGs
[2024-04-25T13:49:24.588+0000] {logging_mixin.py:154} INFO - [2024-04-25T13:49:24.588+0000] {dag.py:3722} INFO - Setting next_dagrun for tutorial_dag to None, run_after=None
[2024-04-25T13:49:24.619+0000] {processor.py:179} INFO - Processing /home/airflow/.local/lib/python3.8/site-packages/airflow/example_dags/tutorial_dag.py took 0.192 seconds
[2024-04-25T13:49:54.828+0000] {processor.py:157} INFO - Started process (PID=409) to work on /home/airflow/.local/lib/python3.8/site-packages/airflow/example_dags/tutorial_dag.py
[2024-04-25T13:49:54.835+0000] {processor.py:829} INFO - Processing file /home/airflow/.local/lib/python3.8/site-packages/airflow/example_dags/tutorial_dag.py for tasks to queue
[2024-04-25T13:49:54.836+0000] {logging_mixin.py:154} INFO - [2024-04-25T13:49:54.836+0000] {dagbag.py:536} INFO - Filling up the DagBag from /home/airflow/.local/lib/python3.8/site-packages/airflow/example_dags/tutorial_dag.py
[2024-04-25T13:49:54.848+0000] {processor.py:839} INFO - DAG(s) dict_keys(['tutorial_dag']) retrieved from /home/airflow/.local/lib/python3.8/site-packages/airflow/example_dags/tutorial_dag.py
[2024-04-25T13:49:54.887+0000] {logging_mixin.py:154} INFO - [2024-04-25T13:49:54.886+0000] {dag.py:2941} INFO - Sync 1 DAGs
[2024-04-25T13:49:54.909+0000] {logging_mixin.py:154} INFO - [2024-04-25T13:49:54.909+0000] {dag.py:3722} INFO - Setting next_dagrun for tutorial_dag to None, run_after=None
[2024-04-25T13:49:54.940+0000] {processor.py:179} INFO - Processing /home/airflow/.local/lib/python3.8/site-packages/airflow/example_dags/tutorial_dag.py took 0.119 seconds
[2024-04-25T13:50:25.102+0000] {processor.py:157} INFO - Started process (PID=652) to work on /home/airflow/.local/lib/python3.8/site-packages/airflow/example_dags/tutorial_dag.py
[2024-04-25T13:50:25.103+0000] {processor.py:829} INFO - Processing file /home/airflow/.local/lib/python3.8/site-packages/airflow/example_dags/tutorial_dag.py for tasks to queue
[2024-04-25T13:50:25.105+0000] {logging_mixin.py:154} INFO - [2024-04-25T13:50:25.104+0000] {dagbag.py:536} INFO - Filling up the DagBag from /home/airflow/.local/lib/python3.8/site-packages/airflow/example_dags/tutorial_dag.py
[2024-04-25T13:50:25.116+0000] {processor.py:839} INFO - DAG(s) dict_keys(['tutorial_dag']) retrieved from /home/airflow/.local/lib/python3.8/site-packages/airflow/example_dags/tutorial_dag.py
[2024-04-25T13:50:25.163+0000] {logging_mixin.py:154} INFO - [2024-04-25T13:50:25.162+0000] {dag.py:2941} INFO - Sync 1 DAGs
[2024-04-25T13:50:25.186+0000] {logging_mixin.py:154} INFO - [2024-04-25T13:50:25.185+0000] {dag.py:3722} INFO - Setting next_dagrun for tutorial_dag to None, run_after=None
[2024-04-25T13:50:25.215+0000] {processor.py:179} INFO - Processing /home/airflow/.local/lib/python3.8/site-packages/airflow/example_dags/tutorial_dag.py took 0.121 seconds
[2024-04-25T13:50:55.503+0000] {processor.py:157} INFO - Started process (PID=895) to work on /home/airflow/.local/lib/python3.8/site-packages/airflow/example_dags/tutorial_dag.py
[2024-04-25T13:50:55.506+0000] {processor.py:829} INFO - Processing file /home/airflow/.local/lib/python3.8/site-packages/airflow/example_dags/tutorial_dag.py for tasks to queue
[2024-04-25T13:50:55.507+0000] {logging_mixin.py:154} INFO - [2024-04-25T13:50:55.506+0000] {dagbag.py:536} INFO - Filling up the DagBag from /home/airflow/.local/lib/python3.8/site-packages/airflow/example_dags/tutorial_dag.py
[2024-04-25T13:50:55.519+0000] {processor.py:839} INFO - DAG(s) dict_keys(['tutorial_dag']) retrieved from /home/airflow/.local/lib/python3.8/site-packages/airflow/example_dags/tutorial_dag.py
[2024-04-25T13:50:55.558+0000] {logging_mixin.py:154} INFO - [2024-04-25T13:50:55.557+0000] {dag.py:2941} INFO - Sync 1 DAGs
[2024-04-25T13:50:55.583+0000] {logging_mixin.py:154} INFO - [2024-04-25T13:50:55.583+0000] {dag.py:3722} INFO - Setting next_dagrun for tutorial_dag to None, run_after=None
[2024-04-25T13:50:55.614+0000] {processor.py:179} INFO - Processing /home/airflow/.local/lib/python3.8/site-packages/airflow/example_dags/tutorial_dag.py took 0.117 seconds
[2024-04-25T13:51:25.968+0000] {processor.py:157} INFO - Started process (PID=1138) to work on /home/airflow/.local/lib/python3.8/site-packages/airflow/example_dags/tutorial_dag.py
[2024-04-25T13:51:25.970+0000] {processor.py:829} INFO - Processing file /home/airflow/.local/lib/python3.8/site-packages/airflow/example_dags/tutorial_dag.py for tasks to queue
[2024-04-25T13:51:25.972+0000] {logging_mixin.py:154} INFO - [2024-04-25T13:51:25.971+0000] {dagbag.py:536} INFO - Filling up the DagBag from /home/airflow/.local/lib/python3.8/site-packages/airflow/example_dags/tutorial_dag.py
[2024-04-25T13:51:25.984+0000] {processor.py:839} INFO - DAG(s) dict_keys(['tutorial_dag']) retrieved from /home/airflow/.local/lib/python3.8/site-packages/airflow/example_dags/tutorial_dag.py
[2024-04-25T13:51:26.024+0000] {logging_mixin.py:154} INFO - [2024-04-25T13:51:26.023+0000] {dag.py:2941} INFO - Sync 1 DAGs
[2024-04-25T13:51:26.043+0000] {logging_mixin.py:154} INFO - [2024-04-25T13:51:26.043+0000] {dag.py:3722} INFO - Setting next_dagrun for tutorial_dag to None, run_after=None
[2024-04-25T13:51:26.072+0000] {processor.py:179} INFO - Processing /home/airflow/.local/lib/python3.8/site-packages/airflow/example_dags/tutorial_dag.py took 0.110 seconds
[2024-04-25T13:51:56.209+0000] {processor.py:157} INFO - Started process (PID=1381) to work on /home/airflow/.local/lib/python3.8/site-packages/airflow/example_dags/tutorial_dag.py
[2024-04-25T13:51:56.211+0000] {processor.py:829} INFO - Processing file /home/airflow/.local/lib/python3.8/site-packages/airflow/example_dags/tutorial_dag.py for tasks to queue
[2024-04-25T13:51:56.212+0000] {logging_mixin.py:154} INFO - [2024-04-25T13:51:56.212+0000] {dagbag.py:536} INFO - Filling up the DagBag from /home/airflow/.local/lib/python3.8/site-packages/airflow/example_dags/tutorial_dag.py
[2024-04-25T13:51:56.221+0000] {processor.py:839} INFO - DAG(s) dict_keys(['tutorial_dag']) retrieved from /home/airflow/.local/lib/python3.8/site-packages/airflow/example_dags/tutorial_dag.py
[2024-04-25T13:51:56.257+0000] {logging_mixin.py:154} INFO - [2024-04-25T13:51:56.257+0000] {dag.py:2941} INFO - Sync 1 DAGs
[2024-04-25T13:51:56.275+0000] {logging_mixin.py:154} INFO - [2024-04-25T13:51:56.275+0000] {dag.py:3722} INFO - Setting next_dagrun for tutorial_dag to None, run_after=None
[2024-04-25T13:51:56.302+0000] {processor.py:179} INFO - Processing /home/airflow/.local/lib/python3.8/site-packages/airflow/example_dags/tutorial_dag.py took 0.098 seconds
[2024-04-25T13:52:27.021+0000] {processor.py:157} INFO - Started process (PID=1628) to work on /home/airflow/.local/lib/python3.8/site-packages/airflow/example_dags/tutorial_dag.py
[2024-04-25T13:52:27.024+0000] {processor.py:829} INFO - Processing file /home/airflow/.local/lib/python3.8/site-packages/airflow/example_dags/tutorial_dag.py for tasks to queue
[2024-04-25T13:52:27.025+0000] {logging_mixin.py:154} INFO - [2024-04-25T13:52:27.025+0000] {dagbag.py:536} INFO - Filling up the DagBag from /home/airflow/.local/lib/python3.8/site-packages/airflow/example_dags/tutorial_dag.py
[2024-04-25T13:52:27.037+0000] {processor.py:839} INFO - DAG(s) dict_keys(['tutorial_dag']) retrieved from /home/airflow/.local/lib/python3.8/site-packages/airflow/example_dags/tutorial_dag.py
[2024-04-25T13:52:27.084+0000] {logging_mixin.py:154} INFO - [2024-04-25T13:52:27.084+0000] {dag.py:2941} INFO - Sync 1 DAGs
[2024-04-25T13:52:27.109+0000] {logging_mixin.py:154} INFO - [2024-04-25T13:52:27.109+0000] {dag.py:3722} INFO - Setting next_dagrun for tutorial_dag to None, run_after=None
[2024-04-25T13:52:27.137+0000] {processor.py:179} INFO - Processing /home/airflow/.local/lib/python3.8/site-packages/airflow/example_dags/tutorial_dag.py took 0.124 seconds
[2024-04-25T13:52:57.656+0000] {processor.py:157} INFO - Started process (PID=1874) to work on /home/airflow/.local/lib/python3.8/site-packages/airflow/example_dags/tutorial_dag.py
[2024-04-25T13:52:57.660+0000] {processor.py:829} INFO - Processing file /home/airflow/.local/lib/python3.8/site-packages/airflow/example_dags/tutorial_dag.py for tasks to queue
[2024-04-25T13:52:57.662+0000] {logging_mixin.py:154} INFO - [2024-04-25T13:52:57.661+0000] {dagbag.py:536} INFO - Filling up the DagBag from /home/airflow/.local/lib/python3.8/site-packages/airflow/example_dags/tutorial_dag.py
[2024-04-25T13:52:57.688+0000] {processor.py:839} INFO - DAG(s) dict_keys(['tutorial_dag']) retrieved from /home/airflow/.local/lib/python3.8/site-packages/airflow/example_dags/tutorial_dag.py
[2024-04-25T13:52:57.763+0000] {logging_mixin.py:154} INFO - [2024-04-25T13:52:57.762+0000] {dag.py:2941} INFO - Sync 1 DAGs
[2024-04-25T13:52:57.798+0000] {logging_mixin.py:154} INFO - [2024-04-25T13:52:57.798+0000] {dag.py:3722} INFO - Setting next_dagrun for tutorial_dag to None, run_after=None
[2024-04-25T13:52:57.846+0000] {processor.py:179} INFO - Processing /home/airflow/.local/lib/python3.8/site-packages/airflow/example_dags/tutorial_dag.py took 0.212 seconds
[2024-04-25T13:53:27.934+0000] {processor.py:157} INFO - Started process (PID=2117) to work on /home/airflow/.local/lib/python3.8/site-packages/airflow/example_dags/tutorial_dag.py
[2024-04-25T13:53:27.936+0000] {processor.py:829} INFO - Processing file /home/airflow/.local/lib/python3.8/site-packages/airflow/example_dags/tutorial_dag.py for tasks to queue
[2024-04-25T13:53:27.938+0000] {logging_mixin.py:154} INFO - [2024-04-25T13:53:27.937+0000] {dagbag.py:536} INFO - Filling up the DagBag from /home/airflow/.local/lib/python3.8/site-packages/airflow/example_dags/tutorial_dag.py
[2024-04-25T13:53:27.951+0000] {processor.py:839} INFO - DAG(s) dict_keys(['tutorial_dag']) retrieved from /home/airflow/.local/lib/python3.8/site-packages/airflow/example_dags/tutorial_dag.py
[2024-04-25T13:53:27.990+0000] {logging_mixin.py:154} INFO - [2024-04-25T13:53:27.990+0000] {dag.py:2941} INFO - Sync 1 DAGs
[2024-04-25T13:53:28.008+0000] {logging_mixin.py:154} INFO - [2024-04-25T13:53:28.008+0000] {dag.py:3722} INFO - Setting next_dagrun for tutorial_dag to None, run_after=None
[2024-04-25T13:53:28.037+0000] {processor.py:179} INFO - Processing /home/airflow/.local/lib/python3.8/site-packages/airflow/example_dags/tutorial_dag.py took 0.108 seconds
