[2024-04-25T12:53:05.422+0000] {taskinstance.py:1159} INFO - Dependencies all met for dep_context=non-requeueable deps ti=<TaskInstance: kafka_spark_dag.pyspark_consumer manual__2024-04-25T12:52:30.942476+00:00 [queued]>
[2024-04-25T12:53:05.434+0000] {taskinstance.py:1159} INFO - Dependencies all met for dep_context=requeueable deps ti=<TaskInstance: kafka_spark_dag.pyspark_consumer manual__2024-04-25T12:52:30.942476+00:00 [queued]>
[2024-04-25T12:53:05.434+0000] {taskinstance.py:1361} INFO - Starting attempt 2 of 2
[2024-04-25T12:53:05.450+0000] {taskinstance.py:1382} INFO - Executing <Task(DockerOperator): pyspark_consumer> on 2024-04-25 12:52:30.942476+00:00
[2024-04-25T12:53:05.459+0000] {standard_task_runner.py:57} INFO - Started process 904 to run task
[2024-04-25T12:53:05.465+0000] {standard_task_runner.py:84} INFO - Running: ['***', 'tasks', 'run', 'kafka_spark_dag', 'pyspark_consumer', 'manual__2024-04-25T12:52:30.942476+00:00', '--job-id', '11', '--raw', '--subdir', 'DAGS_FOLDER/dag_kafka_spark.py', '--cfg-path', '/tmp/tmpbkrj9ug2']
[2024-04-25T12:53:05.470+0000] {standard_task_runner.py:85} INFO - Job 11: Subtask pyspark_consumer
[2024-04-25T12:53:05.538+0000] {task_command.py:416} INFO - Running <TaskInstance: kafka_spark_dag.pyspark_consumer manual__2024-04-25T12:52:30.942476+00:00 [running]> on host f307f11eca83
[2024-04-25T12:53:05.642+0000] {taskinstance.py:1662} INFO - Exporting env vars: AIRFLOW_CTX_DAG_OWNER='***' AIRFLOW_CTX_DAG_ID='kafka_spark_dag' AIRFLOW_CTX_TASK_ID='pyspark_consumer' AIRFLOW_CTX_EXECUTION_DATE='2024-04-25T12:52:30.942476+00:00' AIRFLOW_CTX_TRY_NUMBER='2' AIRFLOW_CTX_DAG_RUN_ID='manual__2024-04-25T12:52:30.942476+00:00'
[2024-04-25T12:53:05.674+0000] {docker.py:343} INFO - Starting docker container from image rappel-conso/spark:latest
[2024-04-25T12:53:05.678+0000] {docker.py:351} WARNING - Using remote engine or docker-in-docker and mounting temporary volume from host is not supported. Falling back to `mount_tmp_dir=False` mode. You can set `mount_tmp_dir` parameter to False to disable mounting and remove the warning
[2024-04-25T12:53:06.055+0000] {docker.py:413} INFO - [38;5;6mspark [38;5;5m12:53:06.05 [0m[38;5;2mINFO [0m ==>
[2024-04-25T12:53:06.057+0000] {docker.py:413} INFO - [38;5;6mspark [38;5;5m12:53:06.05 [0m[38;5;2mINFO [0m ==> [1mWelcome to the Bitnami spark container[0m
[2024-04-25T12:53:06.059+0000] {docker.py:413} INFO - [38;5;6mspark [38;5;5m12:53:06.05 [0m[38;5;2mINFO [0m ==> Subscribe to project updates by watching [1mhttps://github.com/bitnami/containers[0m
[2024-04-25T12:53:06.062+0000] {docker.py:413} INFO - [38;5;6mspark [38;5;5m12:53:06.06 [0m[38;5;2mINFO [0m ==> Submit issues and feature requests at [1mhttps://github.com/bitnami/containers/issues[0m
[2024-04-25T12:53:06.064+0000] {docker.py:413} INFO - [38;5;6mspark [38;5;5m12:53:06.06 [0m[38;5;2mINFO [0m ==>
[2024-04-25T12:53:06.075+0000] {docker.py:413} INFO - 
[2024-04-25T12:53:08.251+0000] {docker.py:413} INFO - :: loading settings :: url = jar:file:/opt/bitnami/spark/jars/ivy-2.5.1.jar!/org/apache/ivy/core/settings/ivysettings.xml
[2024-04-25T12:53:08.335+0000] {docker.py:413} INFO - Ivy Default Cache set to: /opt/bitnami/spark/.ivy2/cache
The jars for the packages stored in: /opt/bitnami/spark/.ivy2/jars
[2024-04-25T12:53:08.341+0000] {docker.py:413} INFO - org.postgresql#postgresql added as a dependency
org.apache.spark#spark-sql-kafka-0-10_2.12 added as a dependency
[2024-04-25T12:53:08.343+0000] {docker.py:413} INFO - :: resolving dependencies :: org.apache.spark#spark-submit-parent-ac3279bf-e527-4c91-b05b-a184b67e8ecf;1.0
	confs: [default]
[2024-04-25T12:53:08.918+0000] {docker.py:413} INFO - found org.postgresql#postgresql;42.5.4 in central
[2024-04-25T12:53:08.982+0000] {docker.py:413} INFO - found org.checkerframework#checker-qual;3.5.0 in central
[2024-04-25T12:53:09.909+0000] {docker.py:413} INFO - found org.apache.spark#spark-sql-kafka-0-10_2.12;3.5.0 in central
[2024-04-25T12:53:10.334+0000] {docker.py:413} INFO - found org.apache.spark#spark-token-provider-kafka-0-10_2.12;3.5.0 in central
[2024-04-25T12:53:10.401+0000] {docker.py:413} INFO - found org.apache.kafka#kafka-clients;3.4.1 in central
[2024-04-25T12:53:10.470+0000] {docker.py:413} INFO - found org.lz4#lz4-java;1.8.0 in central
[2024-04-25T12:53:10.539+0000] {docker.py:413} INFO - found org.xerial.snappy#snappy-java;1.1.10.3 in central
[2024-04-25T12:53:10.909+0000] {docker.py:413} INFO - found org.slf4j#slf4j-api;2.0.7 in central
[2024-04-25T12:53:11.623+0000] {docker.py:413} INFO - found org.apache.hadoop#hadoop-client-runtime;3.3.4 in central
[2024-04-25T12:53:11.740+0000] {docker.py:413} INFO - found org.apache.hadoop#hadoop-client-api;3.3.4 in central
[2024-04-25T12:53:11.972+0000] {docker.py:413} INFO - found commons-logging#commons-logging;1.1.3 in central
[2024-04-25T12:53:12.054+0000] {docker.py:413} INFO - found com.google.code.findbugs#jsr305;3.0.0 in central
[2024-04-25T12:53:12.734+0000] {docker.py:413} INFO - found org.apache.commons#commons-pool2;2.11.1 in central
[2024-04-25T12:53:12.771+0000] {docker.py:413} INFO - downloading https://repo1.maven.org/maven2/org/postgresql/postgresql/42.5.4/postgresql-42.5.4.jar ...
[2024-04-25T12:53:12.832+0000] {docker.py:413} INFO - [SUCCESSFUL ] org.postgresql#postgresql;42.5.4!postgresql.jar (77ms)
[2024-04-25T12:53:12.855+0000] {docker.py:413} INFO - downloading https://repo1.maven.org/maven2/org/apache/spark/spark-sql-kafka-0-10_2.12/3.5.0/spark-sql-kafka-0-10_2.12-3.5.0.jar ...
[2024-04-25T12:53:12.921+0000] {docker.py:413} INFO - [SUCCESSFUL ] org.apache.spark#spark-sql-kafka-0-10_2.12;3.5.0!spark-sql-kafka-0-10_2.12.jar (87ms)
[2024-04-25T12:53:12.952+0000] {docker.py:413} INFO - downloading https://repo1.maven.org/maven2/org/checkerframework/checker-qual/3.5.0/checker-qual-3.5.0.jar ...
[2024-04-25T12:53:12.984+0000] {docker.py:413} INFO - [SUCCESSFUL ] org.checkerframework#checker-qual;3.5.0!checker-qual.jar (61ms)
[2024-04-25T12:53:13.011+0000] {docker.py:413} INFO - downloading https://repo1.maven.org/maven2/org/apache/spark/spark-token-provider-kafka-0-10_2.12/3.5.0/spark-token-provider-kafka-0-10_2.12-3.5.0.jar ...
[2024-04-25T12:53:13.027+0000] {docker.py:413} INFO - [SUCCESSFUL ] org.apache.spark#spark-token-provider-kafka-0-10_2.12;3.5.0!spark-token-provider-kafka-0-10_2.12.jar (34ms)
[2024-04-25T12:53:13.047+0000] {docker.py:413} INFO - downloading https://repo1.maven.org/maven2/org/apache/kafka/kafka-clients/3.4.1/kafka-clients-3.4.1.jar ...
[2024-04-25T12:53:13.274+0000] {docker.py:413} INFO - [SUCCESSFUL ] org.apache.kafka#kafka-clients;3.4.1!kafka-clients.jar (245ms)
[2024-04-25T12:53:13.292+0000] {docker.py:413} INFO - downloading https://repo1.maven.org/maven2/com/google/code/findbugs/jsr305/3.0.0/jsr305-3.0.0.jar ...
[2024-04-25T12:53:13.308+0000] {docker.py:413} INFO - [SUCCESSFUL ] com.google.code.findbugs#jsr305;3.0.0!jsr305.jar (30ms)
[2024-04-25T12:53:13.326+0000] {docker.py:413} INFO - downloading https://repo1.maven.org/maven2/org/apache/commons/commons-pool2/2.11.1/commons-pool2-2.11.1.jar ...
[2024-04-25T12:53:13.342+0000] {docker.py:413} INFO - [SUCCESSFUL ] org.apache.commons#commons-pool2;2.11.1!commons-pool2.jar (30ms)
[2024-04-25T12:53:13.357+0000] {docker.py:413} INFO - downloading https://repo1.maven.org/maven2/org/apache/hadoop/hadoop-client-runtime/3.3.4/hadoop-client-runtime-3.3.4.jar ...
[2024-04-25T12:53:13.813+0000] {docker.py:413} INFO - [SUCCESSFUL ] org.apache.hadoop#hadoop-client-runtime;3.3.4!hadoop-client-runtime.jar (468ms)
[2024-04-25T12:53:13.830+0000] {docker.py:413} INFO - downloading https://repo1.maven.org/maven2/org/lz4/lz4-java/1.8.0/lz4-java-1.8.0.jar ...
[2024-04-25T12:53:13.865+0000] {docker.py:413} INFO - [SUCCESSFUL ] org.lz4#lz4-java;1.8.0!lz4-java.jar (50ms)
[2024-04-25T12:53:13.889+0000] {docker.py:413} INFO - downloading https://repo1.maven.org/maven2/org/xerial/snappy/snappy-java/1.1.10.3/snappy-java-1.1.10.3.jar ...
[2024-04-25T12:53:13.940+0000] {docker.py:413} INFO - [SUCCESSFUL ] org.xerial.snappy#snappy-java;1.1.10.3!snappy-java.jar(bundle) (73ms)
[2024-04-25T12:53:13.963+0000] {docker.py:413} INFO - downloading https://repo1.maven.org/maven2/org/slf4j/slf4j-api/2.0.7/slf4j-api-2.0.7.jar ...
[2024-04-25T12:53:13.984+0000] {docker.py:413} INFO - [SUCCESSFUL ] org.slf4j#slf4j-api;2.0.7!slf4j-api.jar (37ms)
[2024-04-25T12:53:14.013+0000] {docker.py:413} INFO - downloading https://repo1.maven.org/maven2/org/apache/hadoop/hadoop-client-api/3.3.4/hadoop-client-api-3.3.4.jar ...
[2024-04-25T12:53:14.339+0000] {docker.py:413} INFO - [SUCCESSFUL ] org.apache.hadoop#hadoop-client-api;3.3.4!hadoop-client-api.jar (342ms)
[2024-04-25T12:53:14.353+0000] {docker.py:413} INFO - downloading https://repo1.maven.org/maven2/commons-logging/commons-logging/1.1.3/commons-logging-1.1.3.jar ...
[2024-04-25T12:53:14.370+0000] {docker.py:413} INFO - [SUCCESSFUL ] commons-logging#commons-logging;1.1.3!commons-logging.jar (27ms)
[2024-04-25T12:53:14.371+0000] {docker.py:413} INFO - :: resolution report :: resolve 4408ms :: artifacts dl 1617ms
[2024-04-25T12:53:14.371+0000] {docker.py:413} INFO - :: modules in use:
[2024-04-25T12:53:14.371+0000] {docker.py:413} INFO - com.google.code.findbugs#jsr305;3.0.0 from central in [default]
	commons-logging#commons-logging;1.1.3 from central in [default]
	org.apache.commons#commons-pool2;2.11.1 from central in [default]
	org.apache.hadoop#hadoop-client-api;3.3.4 from central in [default]
	org.apache.hadoop#hadoop-client-runtime;3.3.4 from central in [default]
	org.apache.kafka#kafka-clients;3.4.1 from central in [default]
	org.apache.spark#spark-sql-kafka-0-10_2.12;3.5.0 from central in [default]
	org.apache.spark#spark-token-provider-kafka-0-10_2.12;3.5.0 from central in [default]
	org.checkerframework#checker-qual;3.5.0 from central in [default]
	org.lz4#lz4-java;1.8.0 from central in [default]
	org.postgresql#postgresql;42.5.4 from central in [default]
	org.slf4j#slf4j-api;2.0.7 from central in [default]
	org.xerial.snappy#snappy-java;1.1.10.3 from central in [default]
	---------------------------------------------------------------------
	|                  |            modules            ||   artifacts   |
	|       conf       | number| search|dwnlded|evicted|| number|dwnlded|
	---------------------------------------------------------------------
	|      default     |   13  |   13  |   13  |   0   ||   13  |   13  |
	---------------------------------------------------------------------
[2024-04-25T12:53:14.397+0000] {docker.py:413} INFO - :: retrieving :: org.apache.spark#spark-submit-parent-ac3279bf-e527-4c91-b05b-a184b67e8ecf
[2024-04-25T12:53:14.399+0000] {docker.py:413} INFO - confs: [default]
[2024-04-25T12:53:14.525+0000] {docker.py:413} INFO - 13 artifacts copied, 0 already retrieved (58001kB/128ms)
[2024-04-25T12:53:15.036+0000] {docker.py:413} INFO - 24/04/25 12:53:15 WARN NativeCodeLoader: Unable to load native-hadoop library for your platform... using builtin-java classes where applicable
[2024-04-25T12:53:17.512+0000] {docker.py:413} INFO - 24/04/25 12:53:17 INFO SparkContext: Running Spark version 3.5.0
[2024-04-25T12:53:17.513+0000] {docker.py:413} INFO - 24/04/25 12:53:17 INFO SparkContext: OS info Linux, 6.5.0-1016-gcp, amd64
[2024-04-25T12:53:17.513+0000] {docker.py:413} INFO - 24/04/25 12:53:17 INFO SparkContext: Java version 17.0.10
[2024-04-25T12:53:17.552+0000] {docker.py:413} INFO - 24/04/25 12:53:17 INFO ResourceUtils: ==============================================================
[2024-04-25T12:53:17.553+0000] {docker.py:413} INFO - 24/04/25 12:53:17 INFO ResourceUtils: No custom resources configured for spark.driver.
[2024-04-25T12:53:17.553+0000] {docker.py:413} INFO - 24/04/25 12:53:17 INFO ResourceUtils: ==============================================================
[2024-04-25T12:53:17.559+0000] {docker.py:413} INFO - 24/04/25 12:53:17 INFO SparkContext: Submitted application: PostgreSQL Connection with PySpark
[2024-04-25T12:53:17.597+0000] {docker.py:413} INFO - 24/04/25 12:53:17 INFO ResourceProfile: Default ResourceProfile created, executor resources: Map(cores -> name: cores, amount: 1, script: , vendor: , memory -> name: memory, amount: 1024, script: , vendor: , offHeap -> name: offHeap, amount: 0, script: , vendor: ), task resources: Map(cpus -> name: cpus, amount: 1.0)
[2024-04-25T12:53:17.610+0000] {docker.py:413} INFO - 24/04/25 12:53:17 INFO ResourceProfile: Limiting resource is cpu
[2024-04-25T12:53:17.612+0000] {docker.py:413} INFO - 24/04/25 12:53:17 INFO ResourceProfileManager: Added ResourceProfile id: 0
[2024-04-25T12:53:17.694+0000] {docker.py:413} INFO - 24/04/25 12:53:17 INFO SecurityManager: Changing view acls to: spark
[2024-04-25T12:53:17.695+0000] {docker.py:413} INFO - 24/04/25 12:53:17 INFO SecurityManager: Changing modify acls to: spark
[2024-04-25T12:53:17.696+0000] {docker.py:413} INFO - 24/04/25 12:53:17 INFO SecurityManager: Changing view acls groups to:
[2024-04-25T12:53:17.697+0000] {docker.py:413} INFO - 24/04/25 12:53:17 INFO SecurityManager: Changing modify acls groups to:
[2024-04-25T12:53:17.698+0000] {docker.py:413} INFO - 24/04/25 12:53:17 INFO SecurityManager: SecurityManager: authentication disabled; ui acls disabled; users with view permissions: spark; groups with view permissions: EMPTY; users with modify permissions: spark; groups with modify permissions: EMPTY
[2024-04-25T12:53:18.118+0000] {docker.py:413} INFO - 24/04/25 12:53:18 INFO Utils: Successfully started service 'sparkDriver' on port 44241.
[2024-04-25T12:53:18.158+0000] {docker.py:413} INFO - 24/04/25 12:53:18 INFO SparkEnv: Registering MapOutputTracker
[2024-04-25T12:53:18.216+0000] {docker.py:413} INFO - 24/04/25 12:53:18 INFO SparkEnv: Registering BlockManagerMaster
[2024-04-25T12:53:18.247+0000] {docker.py:413} INFO - 24/04/25 12:53:18 INFO BlockManagerMasterEndpoint: Using org.apache.spark.storage.DefaultTopologyMapper for getting topology information
[2024-04-25T12:53:18.248+0000] {docker.py:413} INFO - 24/04/25 12:53:18 INFO BlockManagerMasterEndpoint: BlockManagerMasterEndpoint up
[2024-04-25T12:53:18.255+0000] {docker.py:413} INFO - 24/04/25 12:53:18 INFO SparkEnv: Registering BlockManagerMasterHeartbeat
[2024-04-25T12:53:18.284+0000] {docker.py:413} INFO - 24/04/25 12:53:18 INFO DiskBlockManager: Created local directory at /tmp/blockmgr-afc7e9c3-0893-4748-ac1a-ec261a1dbf63
[2024-04-25T12:53:18.301+0000] {docker.py:413} INFO - 24/04/25 12:53:18 INFO MemoryStore: MemoryStore started with capacity 434.4 MiB
[2024-04-25T12:53:18.319+0000] {docker.py:413} INFO - 24/04/25 12:53:18 INFO SparkEnv: Registering OutputCommitCoordinator
[2024-04-25T12:53:18.462+0000] {docker.py:413} INFO - 24/04/25 12:53:18 INFO JettyUtils: Start Jetty 0.0.0.0:4040 for SparkUI
[2024-04-25T12:53:18.529+0000] {docker.py:413} INFO - 24/04/25 12:53:18 INFO Utils: Successfully started service 'SparkUI' on port 4040.
[2024-04-25T12:53:18.587+0000] {docker.py:413} INFO - 24/04/25 12:53:18 INFO SparkContext: Added JAR file:///opt/bitnami/spark/.ivy2/jars/org.postgresql_postgresql-42.5.4.jar at spark://localhost:44241/jars/org.postgresql_postgresql-42.5.4.jar with timestamp 1714049597500
[2024-04-25T12:53:18.589+0000] {docker.py:413} INFO - 24/04/25 12:53:18 INFO SparkContext: Added JAR file:///opt/bitnami/spark/.ivy2/jars/org.apache.spark_spark-sql-kafka-0-10_2.12-3.5.0.jar at spark://localhost:44241/jars/org.apache.spark_spark-sql-kafka-0-10_2.12-3.5.0.jar with timestamp 1714049597500
24/04/25 12:53:18 INFO SparkContext: Added JAR file:///opt/bitnami/spark/.ivy2/jars/org.checkerframework_checker-qual-3.5.0.jar at spark://localhost:44241/jars/org.checkerframework_checker-qual-3.5.0.jar with timestamp 1714049597500
24/04/25 12:53:18 INFO SparkContext: Added JAR file:///opt/bitnami/spark/.ivy2/jars/org.apache.spark_spark-token-provider-kafka-0-10_2.12-3.5.0.jar at spark://localhost:44241/jars/org.apache.spark_spark-token-provider-kafka-0-10_2.12-3.5.0.jar with timestamp 1714049597500
24/04/25 12:53:18 INFO SparkContext: Added JAR file:///opt/bitnami/spark/.ivy2/jars/org.apache.kafka_kafka-clients-3.4.1.jar at spark://localhost:44241/jars/org.apache.kafka_kafka-clients-3.4.1.jar with timestamp 1714049597500
24/04/25 12:53:18 INFO SparkContext: Added JAR file:///opt/bitnami/spark/.ivy2/jars/com.google.code.findbugs_jsr305-3.0.0.jar at spark://localhost:44241/jars/com.google.code.findbugs_jsr305-3.0.0.jar with timestamp 1714049597500
[2024-04-25T12:53:18.590+0000] {docker.py:413} INFO - 24/04/25 12:53:18 INFO SparkContext: Added JAR file:///opt/bitnami/spark/.ivy2/jars/org.apache.commons_commons-pool2-2.11.1.jar at spark://localhost:44241/jars/org.apache.commons_commons-pool2-2.11.1.jar with timestamp 1714049597500
[2024-04-25T12:53:18.590+0000] {docker.py:413} INFO - 24/04/25 12:53:18 INFO SparkContext: Added JAR file:///opt/bitnami/spark/.ivy2/jars/org.apache.hadoop_hadoop-client-runtime-3.3.4.jar at spark://localhost:44241/jars/org.apache.hadoop_hadoop-client-runtime-3.3.4.jar with timestamp 1714049597500
[2024-04-25T12:53:18.591+0000] {docker.py:413} INFO - 24/04/25 12:53:18 INFO SparkContext: Added JAR file:///opt/bitnami/spark/.ivy2/jars/org.lz4_lz4-java-1.8.0.jar at spark://localhost:44241/jars/org.lz4_lz4-java-1.8.0.jar with timestamp 1714049597500
[2024-04-25T12:53:18.591+0000] {docker.py:413} INFO - 24/04/25 12:53:18 INFO SparkContext: Added JAR file:///opt/bitnami/spark/.ivy2/jars/org.xerial.snappy_snappy-java-1.1.10.3.jar at spark://localhost:44241/jars/org.xerial.snappy_snappy-java-1.1.10.3.jar with timestamp 1714049597500
[2024-04-25T12:53:18.591+0000] {docker.py:413} INFO - 24/04/25 12:53:18 INFO SparkContext: Added JAR file:///opt/bitnami/spark/.ivy2/jars/org.slf4j_slf4j-api-2.0.7.jar at spark://localhost:44241/jars/org.slf4j_slf4j-api-2.0.7.jar with timestamp 1714049597500
[2024-04-25T12:53:18.592+0000] {docker.py:413} INFO - 24/04/25 12:53:18 INFO SparkContext: Added JAR file:///opt/bitnami/spark/.ivy2/jars/org.apache.hadoop_hadoop-client-api-3.3.4.jar at spark://localhost:44241/jars/org.apache.hadoop_hadoop-client-api-3.3.4.jar with timestamp 1714049597500
[2024-04-25T12:53:18.592+0000] {docker.py:413} INFO - 24/04/25 12:53:18 INFO SparkContext: Added JAR file:///opt/bitnami/spark/.ivy2/jars/commons-logging_commons-logging-1.1.3.jar at spark://localhost:44241/jars/commons-logging_commons-logging-1.1.3.jar with timestamp 1714049597500
[2024-04-25T12:53:18.597+0000] {docker.py:413} INFO - 24/04/25 12:53:18 INFO SparkContext: Added file file:///opt/bitnami/spark/.ivy2/jars/org.postgresql_postgresql-42.5.4.jar at file:///opt/bitnami/spark/.ivy2/jars/org.postgresql_postgresql-42.5.4.jar with timestamp 1714049597500
[2024-04-25T12:53:18.598+0000] {docker.py:413} INFO - 24/04/25 12:53:18 INFO Utils: Copying /opt/bitnami/spark/.ivy2/jars/org.postgresql_postgresql-42.5.4.jar to /tmp/spark-693681b9-3a4a-46ae-8561-7d0fd44860e8/userFiles-8336b684-7c40-4d8e-948a-1239c2847c90/org.postgresql_postgresql-42.5.4.jar
[2024-04-25T12:53:18.615+0000] {docker.py:413} INFO - 24/04/25 12:53:18 INFO SparkContext: Added file file:///opt/bitnami/spark/.ivy2/jars/org.apache.spark_spark-sql-kafka-0-10_2.12-3.5.0.jar at file:///opt/bitnami/spark/.ivy2/jars/org.apache.spark_spark-sql-kafka-0-10_2.12-3.5.0.jar with timestamp 1714049597500
[2024-04-25T12:53:18.616+0000] {docker.py:413} INFO - 24/04/25 12:53:18 INFO Utils: Copying /opt/bitnami/spark/.ivy2/jars/org.apache.spark_spark-sql-kafka-0-10_2.12-3.5.0.jar to /tmp/spark-693681b9-3a4a-46ae-8561-7d0fd44860e8/userFiles-8336b684-7c40-4d8e-948a-1239c2847c90/org.apache.spark_spark-sql-kafka-0-10_2.12-3.5.0.jar
[2024-04-25T12:53:18.625+0000] {docker.py:413} INFO - 24/04/25 12:53:18 INFO SparkContext: Added file file:///opt/bitnami/spark/.ivy2/jars/org.checkerframework_checker-qual-3.5.0.jar at file:///opt/bitnami/spark/.ivy2/jars/org.checkerframework_checker-qual-3.5.0.jar with timestamp 1714049597500
24/04/25 12:53:18 INFO Utils: Copying /opt/bitnami/spark/.ivy2/jars/org.checkerframework_checker-qual-3.5.0.jar to /tmp/spark-693681b9-3a4a-46ae-8561-7d0fd44860e8/userFiles-8336b684-7c40-4d8e-948a-1239c2847c90/org.checkerframework_checker-qual-3.5.0.jar
[2024-04-25T12:53:18.633+0000] {docker.py:413} INFO - 24/04/25 12:53:18 INFO SparkContext: Added file file:///opt/bitnami/spark/.ivy2/jars/org.apache.spark_spark-token-provider-kafka-0-10_2.12-3.5.0.jar at file:///opt/bitnami/spark/.ivy2/jars/org.apache.spark_spark-token-provider-kafka-0-10_2.12-3.5.0.jar with timestamp 1714049597500
[2024-04-25T12:53:18.633+0000] {docker.py:413} INFO - 24/04/25 12:53:18 INFO Utils: Copying /opt/bitnami/spark/.ivy2/jars/org.apache.spark_spark-token-provider-kafka-0-10_2.12-3.5.0.jar to /tmp/spark-693681b9-3a4a-46ae-8561-7d0fd44860e8/userFiles-8336b684-7c40-4d8e-948a-1239c2847c90/org.apache.spark_spark-token-provider-kafka-0-10_2.12-3.5.0.jar
[2024-04-25T12:53:18.640+0000] {docker.py:413} INFO - 24/04/25 12:53:18 INFO SparkContext: Added file file:///opt/bitnami/spark/.ivy2/jars/org.apache.kafka_kafka-clients-3.4.1.jar at file:///opt/bitnami/spark/.ivy2/jars/org.apache.kafka_kafka-clients-3.4.1.jar with timestamp 1714049597500
[2024-04-25T12:53:18.641+0000] {docker.py:413} INFO - 24/04/25 12:53:18 INFO Utils: Copying /opt/bitnami/spark/.ivy2/jars/org.apache.kafka_kafka-clients-3.4.1.jar to /tmp/spark-693681b9-3a4a-46ae-8561-7d0fd44860e8/userFiles-8336b684-7c40-4d8e-948a-1239c2847c90/org.apache.kafka_kafka-clients-3.4.1.jar
[2024-04-25T12:53:18.657+0000] {docker.py:413} INFO - 24/04/25 12:53:18 INFO SparkContext: Added file file:///opt/bitnami/spark/.ivy2/jars/com.google.code.findbugs_jsr305-3.0.0.jar at file:///opt/bitnami/spark/.ivy2/jars/com.google.code.findbugs_jsr305-3.0.0.jar with timestamp 1714049597500
[2024-04-25T12:53:18.658+0000] {docker.py:413} INFO - 24/04/25 12:53:18 INFO Utils: Copying /opt/bitnami/spark/.ivy2/jars/com.google.code.findbugs_jsr305-3.0.0.jar to /tmp/spark-693681b9-3a4a-46ae-8561-7d0fd44860e8/userFiles-8336b684-7c40-4d8e-948a-1239c2847c90/com.google.code.findbugs_jsr305-3.0.0.jar
[2024-04-25T12:53:18.666+0000] {docker.py:413} INFO - 24/04/25 12:53:18 INFO SparkContext: Added file file:///opt/bitnami/spark/.ivy2/jars/org.apache.commons_commons-pool2-2.11.1.jar at file:///opt/bitnami/spark/.ivy2/jars/org.apache.commons_commons-pool2-2.11.1.jar with timestamp 1714049597500
[2024-04-25T12:53:18.667+0000] {docker.py:413} INFO - 24/04/25 12:53:18 INFO Utils: Copying /opt/bitnami/spark/.ivy2/jars/org.apache.commons_commons-pool2-2.11.1.jar to /tmp/spark-693681b9-3a4a-46ae-8561-7d0fd44860e8/userFiles-8336b684-7c40-4d8e-948a-1239c2847c90/org.apache.commons_commons-pool2-2.11.1.jar
[2024-04-25T12:53:18.674+0000] {docker.py:413} INFO - 24/04/25 12:53:18 INFO SparkContext: Added file file:///opt/bitnami/spark/.ivy2/jars/org.apache.hadoop_hadoop-client-runtime-3.3.4.jar at file:///opt/bitnami/spark/.ivy2/jars/org.apache.hadoop_hadoop-client-runtime-3.3.4.jar with timestamp 1714049597500
[2024-04-25T12:53:18.675+0000] {docker.py:413} INFO - 24/04/25 12:53:18 INFO Utils: Copying /opt/bitnami/spark/.ivy2/jars/org.apache.hadoop_hadoop-client-runtime-3.3.4.jar to /tmp/spark-693681b9-3a4a-46ae-8561-7d0fd44860e8/userFiles-8336b684-7c40-4d8e-948a-1239c2847c90/org.apache.hadoop_hadoop-client-runtime-3.3.4.jar
[2024-04-25T12:53:18.713+0000] {docker.py:413} INFO - 24/04/25 12:53:18 INFO SparkContext: Added file file:///opt/bitnami/spark/.ivy2/jars/org.lz4_lz4-java-1.8.0.jar at file:///opt/bitnami/spark/.ivy2/jars/org.lz4_lz4-java-1.8.0.jar with timestamp 1714049597500
[2024-04-25T12:53:18.714+0000] {docker.py:413} INFO - 24/04/25 12:53:18 INFO Utils: Copying /opt/bitnami/spark/.ivy2/jars/org.lz4_lz4-java-1.8.0.jar to /tmp/spark-693681b9-3a4a-46ae-8561-7d0fd44860e8/userFiles-8336b684-7c40-4d8e-948a-1239c2847c90/org.lz4_lz4-java-1.8.0.jar
[2024-04-25T12:53:18.723+0000] {docker.py:413} INFO - 24/04/25 12:53:18 INFO SparkContext: Added file file:///opt/bitnami/spark/.ivy2/jars/org.xerial.snappy_snappy-java-1.1.10.3.jar at file:///opt/bitnami/spark/.ivy2/jars/org.xerial.snappy_snappy-java-1.1.10.3.jar with timestamp 1714049597500
[2024-04-25T12:53:18.724+0000] {docker.py:413} INFO - 24/04/25 12:53:18 INFO Utils: Copying /opt/bitnami/spark/.ivy2/jars/org.xerial.snappy_snappy-java-1.1.10.3.jar to /tmp/spark-693681b9-3a4a-46ae-8561-7d0fd44860e8/userFiles-8336b684-7c40-4d8e-948a-1239c2847c90/org.xerial.snappy_snappy-java-1.1.10.3.jar
[2024-04-25T12:53:18.731+0000] {docker.py:413} INFO - 24/04/25 12:53:18 INFO SparkContext: Added file file:///opt/bitnami/spark/.ivy2/jars/org.slf4j_slf4j-api-2.0.7.jar at file:///opt/bitnami/spark/.ivy2/jars/org.slf4j_slf4j-api-2.0.7.jar with timestamp 1714049597500
[2024-04-25T12:53:18.732+0000] {docker.py:413} INFO - 24/04/25 12:53:18 INFO Utils: Copying /opt/bitnami/spark/.ivy2/jars/org.slf4j_slf4j-api-2.0.7.jar to /tmp/spark-693681b9-3a4a-46ae-8561-7d0fd44860e8/userFiles-8336b684-7c40-4d8e-948a-1239c2847c90/org.slf4j_slf4j-api-2.0.7.jar
[2024-04-25T12:53:18.737+0000] {docker.py:413} INFO - 24/04/25 12:53:18 INFO SparkContext: Added file file:///opt/bitnami/spark/.ivy2/jars/org.apache.hadoop_hadoop-client-api-3.3.4.jar at file:///opt/bitnami/spark/.ivy2/jars/org.apache.hadoop_hadoop-client-api-3.3.4.jar with timestamp 1714049597500
[2024-04-25T12:53:18.738+0000] {docker.py:413} INFO - 24/04/25 12:53:18 INFO Utils: Copying /opt/bitnami/spark/.ivy2/jars/org.apache.hadoop_hadoop-client-api-3.3.4.jar to /tmp/spark-693681b9-3a4a-46ae-8561-7d0fd44860e8/userFiles-8336b684-7c40-4d8e-948a-1239c2847c90/org.apache.hadoop_hadoop-client-api-3.3.4.jar
[2024-04-25T12:53:18.766+0000] {docker.py:413} INFO - 24/04/25 12:53:18 INFO SparkContext: Added file file:///opt/bitnami/spark/.ivy2/jars/commons-logging_commons-logging-1.1.3.jar at file:///opt/bitnami/spark/.ivy2/jars/commons-logging_commons-logging-1.1.3.jar with timestamp 1714049597500
[2024-04-25T12:53:18.767+0000] {docker.py:413} INFO - 24/04/25 12:53:18 INFO Utils: Copying /opt/bitnami/spark/.ivy2/jars/commons-logging_commons-logging-1.1.3.jar to /tmp/spark-693681b9-3a4a-46ae-8561-7d0fd44860e8/userFiles-8336b684-7c40-4d8e-948a-1239c2847c90/commons-logging_commons-logging-1.1.3.jar
[2024-04-25T12:53:18.853+0000] {docker.py:413} INFO - 24/04/25 12:53:18 INFO Executor: Starting executor ID driver on host localhost
[2024-04-25T12:53:18.853+0000] {docker.py:413} INFO - 24/04/25 12:53:18 INFO Executor: OS info Linux, 6.5.0-1016-gcp, amd64
[2024-04-25T12:53:18.854+0000] {docker.py:413} INFO - 24/04/25 12:53:18 INFO Executor: Java version 17.0.10
[2024-04-25T12:53:18.864+0000] {docker.py:413} INFO - 24/04/25 12:53:18 INFO Executor: Starting executor with user classpath (userClassPathFirst = false): ''
[2024-04-25T12:53:18.865+0000] {docker.py:413} INFO - 24/04/25 12:53:18 INFO Executor: Created or updated repl class loader org.apache.spark.util.MutableURLClassLoader@23d3afa9 for default.
[2024-04-25T12:53:18.879+0000] {docker.py:413} INFO - 24/04/25 12:53:18 INFO Executor: Fetching file:///opt/bitnami/spark/.ivy2/jars/org.apache.spark_spark-token-provider-kafka-0-10_2.12-3.5.0.jar with timestamp 1714049597500
[2024-04-25T12:53:18.900+0000] {docker.py:413} INFO - 24/04/25 12:53:18 INFO Utils: /opt/bitnami/spark/.ivy2/jars/org.apache.spark_spark-token-provider-kafka-0-10_2.12-3.5.0.jar has been previously copied to /tmp/spark-693681b9-3a4a-46ae-8561-7d0fd44860e8/userFiles-8336b684-7c40-4d8e-948a-1239c2847c90/org.apache.spark_spark-token-provider-kafka-0-10_2.12-3.5.0.jar
[2024-04-25T12:53:18.906+0000] {docker.py:413} INFO - 24/04/25 12:53:18 INFO Executor: Fetching file:///opt/bitnami/spark/.ivy2/jars/org.apache.hadoop_hadoop-client-runtime-3.3.4.jar with timestamp 1714049597500
[2024-04-25T12:53:18.945+0000] {docker.py:413} INFO - 24/04/25 12:53:18 INFO Utils: /opt/bitnami/spark/.ivy2/jars/org.apache.hadoop_hadoop-client-runtime-3.3.4.jar has been previously copied to /tmp/spark-693681b9-3a4a-46ae-8561-7d0fd44860e8/userFiles-8336b684-7c40-4d8e-948a-1239c2847c90/org.apache.hadoop_hadoop-client-runtime-3.3.4.jar
[2024-04-25T12:53:18.952+0000] {docker.py:413} INFO - 24/04/25 12:53:18 INFO Executor: Fetching file:///opt/bitnami/spark/.ivy2/jars/org.apache.commons_commons-pool2-2.11.1.jar with timestamp 1714049597500
[2024-04-25T12:53:18.953+0000] {docker.py:413} INFO - 24/04/25 12:53:18 INFO Utils: /opt/bitnami/spark/.ivy2/jars/org.apache.commons_commons-pool2-2.11.1.jar has been previously copied to /tmp/spark-693681b9-3a4a-46ae-8561-7d0fd44860e8/userFiles-8336b684-7c40-4d8e-948a-1239c2847c90/org.apache.commons_commons-pool2-2.11.1.jar
[2024-04-25T12:53:18.958+0000] {docker.py:413} INFO - 24/04/25 12:53:18 INFO Executor: Fetching file:///opt/bitnami/spark/.ivy2/jars/org.postgresql_postgresql-42.5.4.jar with timestamp 1714049597500
[2024-04-25T12:53:18.961+0000] {docker.py:413} INFO - 24/04/25 12:53:18 INFO Utils: /opt/bitnami/spark/.ivy2/jars/org.postgresql_postgresql-42.5.4.jar has been previously copied to /tmp/spark-693681b9-3a4a-46ae-8561-7d0fd44860e8/userFiles-8336b684-7c40-4d8e-948a-1239c2847c90/org.postgresql_postgresql-42.5.4.jar
[2024-04-25T12:53:18.966+0000] {docker.py:413} INFO - 24/04/25 12:53:18 INFO Executor: Fetching file:///opt/bitnami/spark/.ivy2/jars/org.slf4j_slf4j-api-2.0.7.jar with timestamp 1714049597500
[2024-04-25T12:53:18.967+0000] {docker.py:413} INFO - 24/04/25 12:53:18 INFO Utils: /opt/bitnami/spark/.ivy2/jars/org.slf4j_slf4j-api-2.0.7.jar has been previously copied to /tmp/spark-693681b9-3a4a-46ae-8561-7d0fd44860e8/userFiles-8336b684-7c40-4d8e-948a-1239c2847c90/org.slf4j_slf4j-api-2.0.7.jar
[2024-04-25T12:53:18.972+0000] {docker.py:413} INFO - 24/04/25 12:53:18 INFO Executor: Fetching file:///opt/bitnami/spark/.ivy2/jars/org.apache.kafka_kafka-clients-3.4.1.jar with timestamp 1714049597500
[2024-04-25T12:53:18.980+0000] {docker.py:413} INFO - 24/04/25 12:53:18 INFO Utils: /opt/bitnami/spark/.ivy2/jars/org.apache.kafka_kafka-clients-3.4.1.jar has been previously copied to /tmp/spark-693681b9-3a4a-46ae-8561-7d0fd44860e8/userFiles-8336b684-7c40-4d8e-948a-1239c2847c90/org.apache.kafka_kafka-clients-3.4.1.jar
[2024-04-25T12:53:18.985+0000] {docker.py:413} INFO - 24/04/25 12:53:18 INFO Executor: Fetching file:///opt/bitnami/spark/.ivy2/jars/com.google.code.findbugs_jsr305-3.0.0.jar with timestamp 1714049597500
[2024-04-25T12:53:18.986+0000] {docker.py:413} INFO - 24/04/25 12:53:18 INFO Utils: /opt/bitnami/spark/.ivy2/jars/com.google.code.findbugs_jsr305-3.0.0.jar has been previously copied to /tmp/spark-693681b9-3a4a-46ae-8561-7d0fd44860e8/userFiles-8336b684-7c40-4d8e-948a-1239c2847c90/com.google.code.findbugs_jsr305-3.0.0.jar
[2024-04-25T12:53:18.992+0000] {docker.py:413} INFO - 24/04/25 12:53:18 INFO Executor: Fetching file:///opt/bitnami/spark/.ivy2/jars/org.lz4_lz4-java-1.8.0.jar with timestamp 1714049597500
[2024-04-25T12:53:18.993+0000] {docker.py:413} INFO - 24/04/25 12:53:18 INFO Utils: /opt/bitnami/spark/.ivy2/jars/org.lz4_lz4-java-1.8.0.jar has been previously copied to /tmp/spark-693681b9-3a4a-46ae-8561-7d0fd44860e8/userFiles-8336b684-7c40-4d8e-948a-1239c2847c90/org.lz4_lz4-java-1.8.0.jar
[2024-04-25T12:53:18.998+0000] {docker.py:413} INFO - 24/04/25 12:53:18 INFO Executor: Fetching file:///opt/bitnami/spark/.ivy2/jars/org.apache.spark_spark-sql-kafka-0-10_2.12-3.5.0.jar with timestamp 1714049597500
[2024-04-25T12:53:18.999+0000] {docker.py:413} INFO - 24/04/25 12:53:18 INFO Utils: /opt/bitnami/spark/.ivy2/jars/org.apache.spark_spark-sql-kafka-0-10_2.12-3.5.0.jar has been previously copied to /tmp/spark-693681b9-3a4a-46ae-8561-7d0fd44860e8/userFiles-8336b684-7c40-4d8e-948a-1239c2847c90/org.apache.spark_spark-sql-kafka-0-10_2.12-3.5.0.jar
[2024-04-25T12:53:19.004+0000] {docker.py:413} INFO - 24/04/25 12:53:19 INFO Executor: Fetching file:///opt/bitnami/spark/.ivy2/jars/org.apache.hadoop_hadoop-client-api-3.3.4.jar with timestamp 1714049597500
[2024-04-25T12:53:19.031+0000] {docker.py:413} INFO - 24/04/25 12:53:19 INFO Utils: /opt/bitnami/spark/.ivy2/jars/org.apache.hadoop_hadoop-client-api-3.3.4.jar has been previously copied to /tmp/spark-693681b9-3a4a-46ae-8561-7d0fd44860e8/userFiles-8336b684-7c40-4d8e-948a-1239c2847c90/org.apache.hadoop_hadoop-client-api-3.3.4.jar
[2024-04-25T12:53:19.036+0000] {docker.py:413} INFO - 24/04/25 12:53:19 INFO Executor: Fetching file:///opt/bitnami/spark/.ivy2/jars/commons-logging_commons-logging-1.1.3.jar with timestamp 1714049597500
[2024-04-25T12:53:19.037+0000] {docker.py:413} INFO - 24/04/25 12:53:19 INFO Utils: /opt/bitnami/spark/.ivy2/jars/commons-logging_commons-logging-1.1.3.jar has been previously copied to /tmp/spark-693681b9-3a4a-46ae-8561-7d0fd44860e8/userFiles-8336b684-7c40-4d8e-948a-1239c2847c90/commons-logging_commons-logging-1.1.3.jar
[2024-04-25T12:53:19.041+0000] {docker.py:413} INFO - 24/04/25 12:53:19 INFO Executor: Fetching file:///opt/bitnami/spark/.ivy2/jars/org.checkerframework_checker-qual-3.5.0.jar with timestamp 1714049597500
[2024-04-25T12:53:19.043+0000] {docker.py:413} INFO - 24/04/25 12:53:19 INFO Utils: /opt/bitnami/spark/.ivy2/jars/org.checkerframework_checker-qual-3.5.0.jar has been previously copied to /tmp/spark-693681b9-3a4a-46ae-8561-7d0fd44860e8/userFiles-8336b684-7c40-4d8e-948a-1239c2847c90/org.checkerframework_checker-qual-3.5.0.jar
[2024-04-25T12:53:19.048+0000] {docker.py:413} INFO - 24/04/25 12:53:19 INFO Executor: Fetching file:///opt/bitnami/spark/.ivy2/jars/org.xerial.snappy_snappy-java-1.1.10.3.jar with timestamp 1714049597500
[2024-04-25T12:53:19.051+0000] {docker.py:413} INFO - 24/04/25 12:53:19 INFO Utils: /opt/bitnami/spark/.ivy2/jars/org.xerial.snappy_snappy-java-1.1.10.3.jar has been previously copied to /tmp/spark-693681b9-3a4a-46ae-8561-7d0fd44860e8/userFiles-8336b684-7c40-4d8e-948a-1239c2847c90/org.xerial.snappy_snappy-java-1.1.10.3.jar
[2024-04-25T12:53:19.059+0000] {docker.py:413} INFO - 24/04/25 12:53:19 INFO Executor: Fetching spark://localhost:44241/jars/org.slf4j_slf4j-api-2.0.7.jar with timestamp 1714049597500
[2024-04-25T12:53:19.108+0000] {docker.py:413} INFO - 24/04/25 12:53:19 INFO TransportClientFactory: Successfully created connection to localhost/127.0.0.1:44241 after 34 ms (0 ms spent in bootstraps)
[2024-04-25T12:53:19.126+0000] {docker.py:413} INFO - 24/04/25 12:53:19 INFO Utils: Fetching spark://localhost:44241/jars/org.slf4j_slf4j-api-2.0.7.jar to /tmp/spark-693681b9-3a4a-46ae-8561-7d0fd44860e8/userFiles-8336b684-7c40-4d8e-948a-1239c2847c90/fetchFileTemp7570184058043423503.tmp
[2024-04-25T12:53:19.158+0000] {docker.py:413} INFO - 24/04/25 12:53:19 INFO Utils: /tmp/spark-693681b9-3a4a-46ae-8561-7d0fd44860e8/userFiles-8336b684-7c40-4d8e-948a-1239c2847c90/fetchFileTemp7570184058043423503.tmp has been previously copied to /tmp/spark-693681b9-3a4a-46ae-8561-7d0fd44860e8/userFiles-8336b684-7c40-4d8e-948a-1239c2847c90/org.slf4j_slf4j-api-2.0.7.jar
[2024-04-25T12:53:19.165+0000] {docker.py:413} INFO - 24/04/25 12:53:19 INFO Executor: Adding file:/tmp/spark-693681b9-3a4a-46ae-8561-7d0fd44860e8/userFiles-8336b684-7c40-4d8e-948a-1239c2847c90/org.slf4j_slf4j-api-2.0.7.jar to class loader default
[2024-04-25T12:53:19.166+0000] {docker.py:413} INFO - 24/04/25 12:53:19 INFO Executor: Fetching spark://localhost:44241/jars/org.checkerframework_checker-qual-3.5.0.jar with timestamp 1714049597500
[2024-04-25T12:53:19.167+0000] {docker.py:413} INFO - 24/04/25 12:53:19 INFO Utils: Fetching spark://localhost:44241/jars/org.checkerframework_checker-qual-3.5.0.jar to /tmp/spark-693681b9-3a4a-46ae-8561-7d0fd44860e8/userFiles-8336b684-7c40-4d8e-948a-1239c2847c90/fetchFileTemp17759406764833666561.tmp
[2024-04-25T12:53:19.170+0000] {docker.py:413} INFO - 24/04/25 12:53:19 INFO Utils: /tmp/spark-693681b9-3a4a-46ae-8561-7d0fd44860e8/userFiles-8336b684-7c40-4d8e-948a-1239c2847c90/fetchFileTemp17759406764833666561.tmp has been previously copied to /tmp/spark-693681b9-3a4a-46ae-8561-7d0fd44860e8/userFiles-8336b684-7c40-4d8e-948a-1239c2847c90/org.checkerframework_checker-qual-3.5.0.jar
[2024-04-25T12:53:19.176+0000] {docker.py:413} INFO - 24/04/25 12:53:19 INFO Executor: Adding file:/tmp/spark-693681b9-3a4a-46ae-8561-7d0fd44860e8/userFiles-8336b684-7c40-4d8e-948a-1239c2847c90/org.checkerframework_checker-qual-3.5.0.jar to class loader default
[2024-04-25T12:53:19.177+0000] {docker.py:413} INFO - 24/04/25 12:53:19 INFO Executor: Fetching spark://localhost:44241/jars/org.apache.kafka_kafka-clients-3.4.1.jar with timestamp 1714049597500
[2024-04-25T12:53:19.178+0000] {docker.py:413} INFO - 24/04/25 12:53:19 INFO Utils: Fetching spark://localhost:44241/jars/org.apache.kafka_kafka-clients-3.4.1.jar to /tmp/spark-693681b9-3a4a-46ae-8561-7d0fd44860e8/userFiles-8336b684-7c40-4d8e-948a-1239c2847c90/fetchFileTemp10572426881717117865.tmp
[2024-04-25T12:53:19.219+0000] {docker.py:413} INFO - 24/04/25 12:53:19 INFO Utils: /tmp/spark-693681b9-3a4a-46ae-8561-7d0fd44860e8/userFiles-8336b684-7c40-4d8e-948a-1239c2847c90/fetchFileTemp10572426881717117865.tmp has been previously copied to /tmp/spark-693681b9-3a4a-46ae-8561-7d0fd44860e8/userFiles-8336b684-7c40-4d8e-948a-1239c2847c90/org.apache.kafka_kafka-clients-3.4.1.jar
[2024-04-25T12:53:19.229+0000] {docker.py:413} INFO - 24/04/25 12:53:19 INFO Executor: Adding file:/tmp/spark-693681b9-3a4a-46ae-8561-7d0fd44860e8/userFiles-8336b684-7c40-4d8e-948a-1239c2847c90/org.apache.kafka_kafka-clients-3.4.1.jar to class loader default
[2024-04-25T12:53:19.230+0000] {docker.py:413} INFO - 24/04/25 12:53:19 INFO Executor: Fetching spark://localhost:44241/jars/org.lz4_lz4-java-1.8.0.jar with timestamp 1714049597500
[2024-04-25T12:53:19.230+0000] {docker.py:413} INFO - 24/04/25 12:53:19 INFO Utils: Fetching spark://localhost:44241/jars/org.lz4_lz4-java-1.8.0.jar to /tmp/spark-693681b9-3a4a-46ae-8561-7d0fd44860e8/userFiles-8336b684-7c40-4d8e-948a-1239c2847c90/fetchFileTemp2614324608728710666.tmp
[2024-04-25T12:53:19.237+0000] {docker.py:413} INFO - 24/04/25 12:53:19 INFO Utils: /tmp/spark-693681b9-3a4a-46ae-8561-7d0fd44860e8/userFiles-8336b684-7c40-4d8e-948a-1239c2847c90/fetchFileTemp2614324608728710666.tmp has been previously copied to /tmp/spark-693681b9-3a4a-46ae-8561-7d0fd44860e8/userFiles-8336b684-7c40-4d8e-948a-1239c2847c90/org.lz4_lz4-java-1.8.0.jar
[2024-04-25T12:53:19.245+0000] {docker.py:413} INFO - 24/04/25 12:53:19 INFO Executor: Adding file:/tmp/spark-693681b9-3a4a-46ae-8561-7d0fd44860e8/userFiles-8336b684-7c40-4d8e-948a-1239c2847c90/org.lz4_lz4-java-1.8.0.jar to class loader default
[2024-04-25T12:53:19.246+0000] {docker.py:413} INFO - 24/04/25 12:53:19 INFO Executor: Fetching spark://localhost:44241/jars/org.apache.spark_spark-sql-kafka-0-10_2.12-3.5.0.jar with timestamp 1714049597500
[2024-04-25T12:53:19.248+0000] {docker.py:413} INFO - 24/04/25 12:53:19 INFO Utils: Fetching spark://localhost:44241/jars/org.apache.spark_spark-sql-kafka-0-10_2.12-3.5.0.jar to /tmp/spark-693681b9-3a4a-46ae-8561-7d0fd44860e8/userFiles-8336b684-7c40-4d8e-948a-1239c2847c90/fetchFileTemp12267615705263822615.tmp
[2024-04-25T12:53:19.253+0000] {docker.py:413} INFO - 24/04/25 12:53:19 INFO Utils: /tmp/spark-693681b9-3a4a-46ae-8561-7d0fd44860e8/userFiles-8336b684-7c40-4d8e-948a-1239c2847c90/fetchFileTemp12267615705263822615.tmp has been previously copied to /tmp/spark-693681b9-3a4a-46ae-8561-7d0fd44860e8/userFiles-8336b684-7c40-4d8e-948a-1239c2847c90/org.apache.spark_spark-sql-kafka-0-10_2.12-3.5.0.jar
[2024-04-25T12:53:19.263+0000] {docker.py:413} INFO - 24/04/25 12:53:19 INFO Executor: Adding file:/tmp/spark-693681b9-3a4a-46ae-8561-7d0fd44860e8/userFiles-8336b684-7c40-4d8e-948a-1239c2847c90/org.apache.spark_spark-sql-kafka-0-10_2.12-3.5.0.jar to class loader default
[2024-04-25T12:53:19.263+0000] {docker.py:413} INFO - 24/04/25 12:53:19 INFO Executor: Fetching spark://localhost:44241/jars/org.postgresql_postgresql-42.5.4.jar with timestamp 1714049597500
[2024-04-25T12:53:19.265+0000] {docker.py:413} INFO - 24/04/25 12:53:19 INFO Utils: Fetching spark://localhost:44241/jars/org.postgresql_postgresql-42.5.4.jar to /tmp/spark-693681b9-3a4a-46ae-8561-7d0fd44860e8/userFiles-8336b684-7c40-4d8e-948a-1239c2847c90/fetchFileTemp16905710239438621706.tmp
[2024-04-25T12:53:19.276+0000] {docker.py:413} INFO - 24/04/25 12:53:19 INFO Utils: /tmp/spark-693681b9-3a4a-46ae-8561-7d0fd44860e8/userFiles-8336b684-7c40-4d8e-948a-1239c2847c90/fetchFileTemp16905710239438621706.tmp has been previously copied to /tmp/spark-693681b9-3a4a-46ae-8561-7d0fd44860e8/userFiles-8336b684-7c40-4d8e-948a-1239c2847c90/org.postgresql_postgresql-42.5.4.jar
[2024-04-25T12:53:19.284+0000] {docker.py:413} INFO - 24/04/25 12:53:19 INFO Executor: Adding file:/tmp/spark-693681b9-3a4a-46ae-8561-7d0fd44860e8/userFiles-8336b684-7c40-4d8e-948a-1239c2847c90/org.postgresql_postgresql-42.5.4.jar to class loader default
[2024-04-25T12:53:19.285+0000] {docker.py:413} INFO - 24/04/25 12:53:19 INFO Executor: Fetching spark://localhost:44241/jars/org.xerial.snappy_snappy-java-1.1.10.3.jar with timestamp 1714049597500
[2024-04-25T12:53:19.286+0000] {docker.py:413} INFO - 24/04/25 12:53:19 INFO Utils: Fetching spark://localhost:44241/jars/org.xerial.snappy_snappy-java-1.1.10.3.jar to /tmp/spark-693681b9-3a4a-46ae-8561-7d0fd44860e8/userFiles-8336b684-7c40-4d8e-948a-1239c2847c90/fetchFileTemp3354290544705769078.tmp
[2024-04-25T12:53:19.310+0000] {docker.py:413} INFO - 24/04/25 12:53:19 INFO Utils: /tmp/spark-693681b9-3a4a-46ae-8561-7d0fd44860e8/userFiles-8336b684-7c40-4d8e-948a-1239c2847c90/fetchFileTemp3354290544705769078.tmp has been previously copied to /tmp/spark-693681b9-3a4a-46ae-8561-7d0fd44860e8/userFiles-8336b684-7c40-4d8e-948a-1239c2847c90/org.xerial.snappy_snappy-java-1.1.10.3.jar
[2024-04-25T12:53:19.320+0000] {docker.py:413} INFO - 24/04/25 12:53:19 INFO Executor: Adding file:/tmp/spark-693681b9-3a4a-46ae-8561-7d0fd44860e8/userFiles-8336b684-7c40-4d8e-948a-1239c2847c90/org.xerial.snappy_snappy-java-1.1.10.3.jar to class loader default
24/04/25 12:53:19 INFO Executor: Fetching spark://localhost:44241/jars/com.google.code.findbugs_jsr305-3.0.0.jar with timestamp 1714049597500
24/04/25 12:53:19 INFO Utils: Fetching spark://localhost:44241/jars/com.google.code.findbugs_jsr305-3.0.0.jar to /tmp/spark-693681b9-3a4a-46ae-8561-7d0fd44860e8/userFiles-8336b684-7c40-4d8e-948a-1239c2847c90/fetchFileTemp9059531372823404869.tmp
[2024-04-25T12:53:19.322+0000] {docker.py:413} INFO - 24/04/25 12:53:19 INFO Utils: /tmp/spark-693681b9-3a4a-46ae-8561-7d0fd44860e8/userFiles-8336b684-7c40-4d8e-948a-1239c2847c90/fetchFileTemp9059531372823404869.tmp has been previously copied to /tmp/spark-693681b9-3a4a-46ae-8561-7d0fd44860e8/userFiles-8336b684-7c40-4d8e-948a-1239c2847c90/com.google.code.findbugs_jsr305-3.0.0.jar
[2024-04-25T12:53:19.328+0000] {docker.py:413} INFO - 24/04/25 12:53:19 INFO Executor: Adding file:/tmp/spark-693681b9-3a4a-46ae-8561-7d0fd44860e8/userFiles-8336b684-7c40-4d8e-948a-1239c2847c90/com.google.code.findbugs_jsr305-3.0.0.jar to class loader default
[2024-04-25T12:53:19.329+0000] {docker.py:413} INFO - 24/04/25 12:53:19 INFO Executor: Fetching spark://localhost:44241/jars/org.apache.commons_commons-pool2-2.11.1.jar with timestamp 1714049597500
[2024-04-25T12:53:19.330+0000] {docker.py:413} INFO - 24/04/25 12:53:19 INFO Utils: Fetching spark://localhost:44241/jars/org.apache.commons_commons-pool2-2.11.1.jar to /tmp/spark-693681b9-3a4a-46ae-8561-7d0fd44860e8/userFiles-8336b684-7c40-4d8e-948a-1239c2847c90/fetchFileTemp7230013611783693015.tmp
[2024-04-25T12:53:19.334+0000] {docker.py:413} INFO - 24/04/25 12:53:19 INFO Utils: /tmp/spark-693681b9-3a4a-46ae-8561-7d0fd44860e8/userFiles-8336b684-7c40-4d8e-948a-1239c2847c90/fetchFileTemp7230013611783693015.tmp has been previously copied to /tmp/spark-693681b9-3a4a-46ae-8561-7d0fd44860e8/userFiles-8336b684-7c40-4d8e-948a-1239c2847c90/org.apache.commons_commons-pool2-2.11.1.jar
[2024-04-25T12:53:19.342+0000] {docker.py:413} INFO - 24/04/25 12:53:19 INFO Executor: Adding file:/tmp/spark-693681b9-3a4a-46ae-8561-7d0fd44860e8/userFiles-8336b684-7c40-4d8e-948a-1239c2847c90/org.apache.commons_commons-pool2-2.11.1.jar to class loader default
[2024-04-25T12:53:19.343+0000] {docker.py:413} INFO - 24/04/25 12:53:19 INFO Executor: Fetching spark://localhost:44241/jars/org.apache.hadoop_hadoop-client-runtime-3.3.4.jar with timestamp 1714049597500
[2024-04-25T12:53:19.344+0000] {docker.py:413} INFO - 24/04/25 12:53:19 INFO Utils: Fetching spark://localhost:44241/jars/org.apache.hadoop_hadoop-client-runtime-3.3.4.jar to /tmp/spark-693681b9-3a4a-46ae-8561-7d0fd44860e8/userFiles-8336b684-7c40-4d8e-948a-1239c2847c90/fetchFileTemp18208984156528996022.tmp
[2024-04-25T12:53:19.538+0000] {docker.py:413} INFO - 24/04/25 12:53:19 INFO Utils: /tmp/spark-693681b9-3a4a-46ae-8561-7d0fd44860e8/userFiles-8336b684-7c40-4d8e-948a-1239c2847c90/fetchFileTemp18208984156528996022.tmp has been previously copied to /tmp/spark-693681b9-3a4a-46ae-8561-7d0fd44860e8/userFiles-8336b684-7c40-4d8e-948a-1239c2847c90/org.apache.hadoop_hadoop-client-runtime-3.3.4.jar
[2024-04-25T12:53:19.548+0000] {docker.py:413} INFO - 24/04/25 12:53:19 INFO Executor: Adding file:/tmp/spark-693681b9-3a4a-46ae-8561-7d0fd44860e8/userFiles-8336b684-7c40-4d8e-948a-1239c2847c90/org.apache.hadoop_hadoop-client-runtime-3.3.4.jar to class loader default
[2024-04-25T12:53:19.549+0000] {docker.py:413} INFO - 24/04/25 12:53:19 INFO Executor: Fetching spark://localhost:44241/jars/org.apache.spark_spark-token-provider-kafka-0-10_2.12-3.5.0.jar with timestamp 1714049597500
[2024-04-25T12:53:19.549+0000] {docker.py:413} INFO - 24/04/25 12:53:19 INFO Utils: Fetching spark://localhost:44241/jars/org.apache.spark_spark-token-provider-kafka-0-10_2.12-3.5.0.jar to /tmp/spark-693681b9-3a4a-46ae-8561-7d0fd44860e8/userFiles-8336b684-7c40-4d8e-948a-1239c2847c90/fetchFileTemp871764220351449888.tmp
[2024-04-25T12:53:19.551+0000] {docker.py:413} INFO - 24/04/25 12:53:19 INFO Utils: /tmp/spark-693681b9-3a4a-46ae-8561-7d0fd44860e8/userFiles-8336b684-7c40-4d8e-948a-1239c2847c90/fetchFileTemp871764220351449888.tmp has been previously copied to /tmp/spark-693681b9-3a4a-46ae-8561-7d0fd44860e8/userFiles-8336b684-7c40-4d8e-948a-1239c2847c90/org.apache.spark_spark-token-provider-kafka-0-10_2.12-3.5.0.jar
[2024-04-25T12:53:19.557+0000] {docker.py:413} INFO - 24/04/25 12:53:19 INFO Executor: Adding file:/tmp/spark-693681b9-3a4a-46ae-8561-7d0fd44860e8/userFiles-8336b684-7c40-4d8e-948a-1239c2847c90/org.apache.spark_spark-token-provider-kafka-0-10_2.12-3.5.0.jar to class loader default
[2024-04-25T12:53:19.557+0000] {docker.py:413} INFO - 24/04/25 12:53:19 INFO Executor: Fetching spark://localhost:44241/jars/org.apache.hadoop_hadoop-client-api-3.3.4.jar with timestamp 1714049597500
[2024-04-25T12:53:19.558+0000] {docker.py:413} INFO - 24/04/25 12:53:19 INFO Utils: Fetching spark://localhost:44241/jars/org.apache.hadoop_hadoop-client-api-3.3.4.jar to /tmp/spark-693681b9-3a4a-46ae-8561-7d0fd44860e8/userFiles-8336b684-7c40-4d8e-948a-1239c2847c90/fetchFileTemp15531129809909947564.tmp
[2024-04-25T12:53:19.648+0000] {docker.py:413} INFO - 24/04/25 12:53:19 INFO Utils: /tmp/spark-693681b9-3a4a-46ae-8561-7d0fd44860e8/userFiles-8336b684-7c40-4d8e-948a-1239c2847c90/fetchFileTemp15531129809909947564.tmp has been previously copied to /tmp/spark-693681b9-3a4a-46ae-8561-7d0fd44860e8/userFiles-8336b684-7c40-4d8e-948a-1239c2847c90/org.apache.hadoop_hadoop-client-api-3.3.4.jar
[2024-04-25T12:53:19.657+0000] {docker.py:413} INFO - 24/04/25 12:53:19 INFO Executor: Adding file:/tmp/spark-693681b9-3a4a-46ae-8561-7d0fd44860e8/userFiles-8336b684-7c40-4d8e-948a-1239c2847c90/org.apache.hadoop_hadoop-client-api-3.3.4.jar to class loader default
[2024-04-25T12:53:19.658+0000] {docker.py:413} INFO - 24/04/25 12:53:19 INFO Executor: Fetching spark://localhost:44241/jars/commons-logging_commons-logging-1.1.3.jar with timestamp 1714049597500
[2024-04-25T12:53:19.658+0000] {docker.py:413} INFO - 24/04/25 12:53:19 INFO Utils: Fetching spark://localhost:44241/jars/commons-logging_commons-logging-1.1.3.jar to /tmp/spark-693681b9-3a4a-46ae-8561-7d0fd44860e8/userFiles-8336b684-7c40-4d8e-948a-1239c2847c90/fetchFileTemp12684559875273035048.tmp
[2024-04-25T12:53:19.660+0000] {docker.py:413} INFO - 24/04/25 12:53:19 INFO Utils: /tmp/spark-693681b9-3a4a-46ae-8561-7d0fd44860e8/userFiles-8336b684-7c40-4d8e-948a-1239c2847c90/fetchFileTemp12684559875273035048.tmp has been previously copied to /tmp/spark-693681b9-3a4a-46ae-8561-7d0fd44860e8/userFiles-8336b684-7c40-4d8e-948a-1239c2847c90/commons-logging_commons-logging-1.1.3.jar
[2024-04-25T12:53:19.666+0000] {docker.py:413} INFO - 24/04/25 12:53:19 INFO Executor: Adding file:/tmp/spark-693681b9-3a4a-46ae-8561-7d0fd44860e8/userFiles-8336b684-7c40-4d8e-948a-1239c2847c90/commons-logging_commons-logging-1.1.3.jar to class loader default
[2024-04-25T12:53:19.676+0000] {docker.py:413} INFO - 24/04/25 12:53:19 INFO Utils: Successfully started service 'org.apache.spark.network.netty.NettyBlockTransferService' on port 41501.
[2024-04-25T12:53:19.677+0000] {docker.py:413} INFO - 24/04/25 12:53:19 INFO NettyBlockTransferService: Server created on localhost:41501
[2024-04-25T12:53:19.679+0000] {docker.py:413} INFO - 24/04/25 12:53:19 INFO BlockManager: Using org.apache.spark.storage.RandomBlockReplicationPolicy for block replication policy
[2024-04-25T12:53:19.687+0000] {docker.py:413} INFO - 24/04/25 12:53:19 INFO BlockManagerMaster: Registering BlockManager BlockManagerId(driver, localhost, 41501, None)
[2024-04-25T12:53:19.692+0000] {docker.py:413} INFO - 24/04/25 12:53:19 INFO BlockManagerMasterEndpoint: Registering block manager localhost:41501 with 434.4 MiB RAM, BlockManagerId(driver, localhost, 41501, None)
[2024-04-25T12:53:19.695+0000] {docker.py:413} INFO - 24/04/25 12:53:19 INFO BlockManagerMaster: Registered BlockManager BlockManagerId(driver, localhost, 41501, None)
[2024-04-25T12:53:19.696+0000] {docker.py:413} INFO - 24/04/25 12:53:19 INFO BlockManager: Initialized BlockManager: BlockManagerId(driver, localhost, 41501, None)
[2024-04-25T12:53:20.215+0000] {docker.py:413} INFO - 2024-04-25 12:53:20,214:create_spark_session:INFO:Spark session created successfully
[2024-04-25T12:53:20.225+0000] {docker.py:413} INFO - 24/04/25 12:53:20 INFO SharedState: Setting hive.metastore.warehouse.dir ('null') to the value of spark.sql.warehouse.dir.
[2024-04-25T12:53:20.232+0000] {docker.py:413} INFO - 24/04/25 12:53:20 INFO SharedState: Warehouse path is 'file:/opt/bitnami/spark/spark-warehouse'.
[2024-04-25T12:53:22.173+0000] {docker.py:413} INFO - 2024-04-25 12:53:22,172:create_initial_dataframe:INFO:Initial dataframe created successfully
[2024-04-25T12:53:22.809+0000] {docker.py:413} INFO - Traceback (most recent call last):
  File "/opt/bitnami/spark/spark_streaming.py", line 103, in <module>
[2024-04-25T12:53:22.810+0000] {docker.py:413} INFO - write_to_postgres()
[2024-04-25T12:53:22.810+0000] {docker.py:413} INFO - File "/opt/bitnami/spark/spark_streaming.py", line 99, in write_to_postgres
    start_streaming(df_final, spark=spark)
  File "/opt/bitnami/spark/spark_streaming.py", line 73, in start_streaming
[2024-04-25T12:53:22.810+0000] {docker.py:413} INFO - existing_data_df = spark.read.jdbc(
                       ^^^^^^^^^^^^^^^^
  File "/opt/bitnami/spark/python/lib/pyspark.zip/pyspark/sql/readwriter.py", line 946, in jdbc
[2024-04-25T12:53:22.811+0000] {docker.py:413} INFO - File "/opt/bitnami/spark/python/lib/py4j-0.10.9.7-src.zip/py4j/java_gateway.py", line 1322, in __call__
[2024-04-25T12:53:22.812+0000] {docker.py:413} INFO - File "/opt/bitnami/spark/python/lib/pyspark.zip/pyspark/errors/exceptions/captured.py", line 179, in deco
[2024-04-25T12:53:22.812+0000] {docker.py:413} INFO - File "/opt/bitnami/spark/python/lib/py4j-0.10.9.7-src.zip/py4j/protocol.py", line 326, in get_return_value
[2024-04-25T12:53:22.813+0000] {docker.py:413} INFO - py4j.protocol.Py4JJavaError
[2024-04-25T12:53:22.814+0000] {docker.py:413} INFO - : An error occurred while calling o50.jdbc.
: org.postgresql.util.PSQLException: The connection attempt failed.
	at org.postgresql.core.v3.ConnectionFactoryImpl.openConnectionImpl(ConnectionFactoryImpl.java:354)
	at org.postgresql.core.ConnectionFactory.openConnection(ConnectionFactory.java:54)
	at org.postgresql.jdbc.PgConnection.<init>(PgConnection.java:253)
	at org.postgresql.Driver.makeConnection(Driver.java:434)
	at org.postgresql.Driver.connect(Driver.java:291)
	at org.apache.spark.sql.execution.datasources.jdbc.connection.BasicConnectionProvider.getConnection(BasicConnectionProvider.scala:49)
	at org.apache.spark.sql.execution.datasources.jdbc.connection.ConnectionProviderBase.create(ConnectionProvider.scala:102)
	at org.apache.spark.sql.jdbc.JdbcDialect.$anonfun$createConnectionFactory$1(JdbcDialects.scala:160)
	at org.apache.spark.sql.jdbc.JdbcDialect.$anonfun$createConnectionFactory$1$adapted(JdbcDialects.scala:156)
	at org.apache.spark.sql.execution.datasources.jdbc.JDBCRDD$.getQueryOutputSchema(JDBC
[2024-04-25T12:53:22.814+0000] {docker.py:413} INFO - RDD.scala:63)
	at org.apache.spark.sql.execution.datasources.jdbc.JDBCRDD$.resolveTable(JDBCRDD.scala:58)
	at org.apache.spark.sql.execution.datasources.jdbc.JDBCRelation$.getSchema(JDBCRelation.scala:241)
	at org.apache.spark.sql.execution.datasources.jdbc.JdbcRelationProvider.createRelation(JdbcRelationProvider.scala:37)
	at org.apache.spark.sql.execution.datasources.DataSource.resolveRelation(DataSource.scala:346)
	at org.apache.spark.sql.DataFrameReader.loadV1Source(DataFrameReader.scala:229)
	at org.apache.spark.sql.DataFrameReader.$anonfun$load$2(DataFrameReader.scala:211)
	at scala.Option.getOrElse(Option.scala:189)
	at org.apache.spark.sql.DataFrameReader.load(DataFrameReader.scala:211)
	at org.apache.spark.sql.DataFrameReader.load(DataFrameReader.scala:172)
	at org.apache.spark.sql.DataFrameReader.jdbc(DataFrameReader.scala:249)
	at java.base/jdk.internal.reflect.NativeMethodAccessorImpl.invoke0(Native Method)
	at java.base/jdk.internal.reflect.NativeMethodAccessorImpl.invoke(NativeMethodAccessorImpl.java:77)
	at java.base/jdk.internal.reflect.DelegatingMethodAccessorImpl.invoke(DelegatingMethodAccessorImpl.java:43)
	at java.base/java.lang.reflect.Method.invoke(Method.java:568)
	at py4j.reflection.MethodInvoker.invoke(MethodInvoker.java:244)
	at py4j.reflection.ReflectionEngine.invoke(ReflectionEngine.java:374)
	at py4j.Gateway.invoke(Gateway.java:282)
	at py4j.commands.AbstractCommand.invokeMethod(AbstractCommand.java:132)
	at py4j.commands.CallCommand.execute(CallCommand.java:79)
	at py4j.ClientServerConnection.waitForCommands(ClientServerConnection.java:182)
	at py4j.ClientServerConnection.run(ClientServerConnection.java:106)
	at java.base/java.lang.Thread.run(Thread.java:840)
Caused by: java.net.UnknownHostException: host.docker.internal
	at java.base/sun.nio.ch.NioSocketImpl.connect(NioSocketImpl.java:572)
	at java.base/java.net.SocksSocketImpl.connect(SocksSocketImpl.java:327)
	at java.base/java.net.Socket.connect(Socket.java:633)
	at org.postgresql.core.PGStream.createSocket(PGStream.java:243)
	at org.postgresql.core.PGStream.<init>(PGStream.java:98)
	at org.postgresql.core.v3.ConnectionFactoryImpl.tryConnect(ConnectionFactoryImpl.java:132)
	at org.postgresql.core.v3.ConnectionFactoryImpl.openConnectionImpl(ConnectionFactoryImpl.java:258)
	... 31 more
[2024-04-25T12:53:22.815+0000] {docker.py:413} INFO - 2024-04-25 12:53:22,814:close:INFO:Closing down clientserver connection
[2024-04-25T12:53:22.892+0000] {docker.py:413} INFO - 24/04/25 12:53:22 INFO SparkContext: Invoking stop() from shutdown hook
[2024-04-25T12:53:22.892+0000] {docker.py:413} INFO - 24/04/25 12:53:22 INFO SparkContext: SparkContext is stopping with exitCode 0.
[2024-04-25T12:53:22.912+0000] {docker.py:413} INFO - 24/04/25 12:53:22 INFO SparkUI: Stopped Spark web UI at http://localhost:4040
[2024-04-25T12:53:22.932+0000] {docker.py:413} INFO - 24/04/25 12:53:22 INFO MapOutputTrackerMasterEndpoint: MapOutputTrackerMasterEndpoint stopped!
[2024-04-25T12:53:22.952+0000] {docker.py:413} INFO - 24/04/25 12:53:22 INFO MemoryStore: MemoryStore cleared
[2024-04-25T12:53:22.954+0000] {docker.py:413} INFO - 24/04/25 12:53:22 INFO BlockManager: BlockManager stopped
[2024-04-25T12:53:22.964+0000] {docker.py:413} INFO - 24/04/25 12:53:22 INFO BlockManagerMaster: BlockManagerMaster stopped
[2024-04-25T12:53:22.969+0000] {docker.py:413} INFO - 24/04/25 12:53:22 INFO OutputCommitCoordinator$OutputCommitCoordinatorEndpoint: OutputCommitCoordinator stopped!
[2024-04-25T12:53:22.993+0000] {docker.py:413} INFO - 24/04/25 12:53:22 INFO SparkContext: Successfully stopped SparkContext
[2024-04-25T12:53:22.994+0000] {docker.py:413} INFO - 24/04/25 12:53:22 INFO ShutdownHookManager: Shutdown hook called
[2024-04-25T12:53:22.996+0000] {docker.py:413} INFO - 24/04/25 12:53:22 INFO ShutdownHookManager: Deleting directory /tmp/spark-693681b9-3a4a-46ae-8561-7d0fd44860e8
[2024-04-25T12:53:23.003+0000] {docker.py:413} INFO - 24/04/25 12:53:23 INFO ShutdownHookManager: Deleting directory /tmp/spark-693681b9-3a4a-46ae-8561-7d0fd44860e8/pyspark-71856485-887d-428e-a449-060cc787501c
[2024-04-25T12:53:23.009+0000] {docker.py:413} INFO - 24/04/25 12:53:23 INFO ShutdownHookManager: Deleting directory /tmp/spark-3bfdeb54-ea5f-4899-a558-ab023174f68a
[2024-04-25T12:53:23.910+0000] {taskinstance.py:1937} ERROR - Task failed with exception
Traceback (most recent call last):
  File "/home/airflow/.local/lib/python3.8/site-packages/docker/api/client.py", line 268, in _raise_for_status
    response.raise_for_status()
  File "/home/airflow/.local/lib/python3.8/site-packages/requests/models.py", line 1021, in raise_for_status
    raise HTTPError(http_error_msg, response=self)
requests.exceptions.HTTPError: 400 Client Error: Bad Request for url: http://docker-proxy:2375/v1.45/containers/create

The above exception was the direct cause of the following exception:

Traceback (most recent call last):
  File "/home/airflow/.local/lib/python3.8/site-packages/airflow/providers/docker/operators/docker.py", line 348, in _run_image
    return self._run_image_with_mounts([*self.mounts, tmp_mount], add_tmp_variable=True)
  File "/home/airflow/.local/lib/python3.8/site-packages/airflow/providers/docker/operators/docker.py", line 375, in _run_image_with_mounts
    self.container = self.cli.create_container(
  File "/home/airflow/.local/lib/python3.8/site-packages/docker/api/container.py", line 431, in create_container
    return self.create_container_from_config(config, name, platform)
  File "/home/airflow/.local/lib/python3.8/site-packages/docker/api/container.py", line 448, in create_container_from_config
    return self._result(res, True)
  File "/home/airflow/.local/lib/python3.8/site-packages/docker/api/client.py", line 274, in _result
    self._raise_for_status(response)
  File "/home/airflow/.local/lib/python3.8/site-packages/docker/api/client.py", line 270, in _raise_for_status
    raise create_api_error_from_http_exception(e) from e
  File "/home/airflow/.local/lib/python3.8/site-packages/docker/errors.py", line 39, in create_api_error_from_http_exception
    raise cls(e, response=response, explanation=explanation) from e
docker.errors.APIError: 400 Client Error for http://docker-proxy:2375/v1.45/containers/create: Bad Request ("invalid mount config for type "bind": bind source path does not exist: /tmp/airflowtmpc_sfvffv")

During handling of the above exception, another exception occurred:

Traceback (most recent call last):
  File "/home/airflow/.local/lib/python3.8/site-packages/airflow/providers/docker/operators/docker.py", line 486, in execute
    return self._run_image()
  File "/home/airflow/.local/lib/python3.8/site-packages/airflow/providers/docker/operators/docker.py", line 357, in _run_image
    return self._run_image_with_mounts(self.mounts, add_tmp_variable=False)
  File "/home/airflow/.local/lib/python3.8/site-packages/airflow/providers/docker/operators/docker.py", line 421, in _run_image_with_mounts
    raise DockerContainerFailedException(f"Docker container failed: {result!r}", logs=log_lines)
airflow.providers.docker.exceptions.DockerContainerFailedException: Docker container failed: {'StatusCode': 1}
[2024-04-25T12:53:23.917+0000] {taskinstance.py:1400} INFO - Marking task as FAILED. dag_id=kafka_spark_dag, task_id=pyspark_consumer, execution_date=20240425T125230, start_date=20240425T125305, end_date=20240425T125323
[2024-04-25T12:53:23.933+0000] {standard_task_runner.py:104} ERROR - Failed to execute job 11 for task pyspark_consumer (Docker container failed: {'StatusCode': 1}; 904)
[2024-04-25T12:53:23.946+0000] {local_task_job_runner.py:228} INFO - Task exited with return code 1
[2024-04-25T12:53:23.967+0000] {taskinstance.py:2778} INFO - 0 downstream tasks scheduled from follow-on schedule check
