[2024-04-25T13:12:31.434+0000] {taskinstance.py:1159} INFO - Dependencies all met for dep_context=non-requeueable deps ti=<TaskInstance: kafka_spark_dag.pyspark_consumer manual__2024-04-25T13:12:01.611302+00:00 [queued]>
[2024-04-25T13:12:31.445+0000] {taskinstance.py:1159} INFO - Dependencies all met for dep_context=requeueable deps ti=<TaskInstance: kafka_spark_dag.pyspark_consumer manual__2024-04-25T13:12:01.611302+00:00 [queued]>
[2024-04-25T13:12:31.445+0000] {taskinstance.py:1361} INFO - Starting attempt 2 of 2
[2024-04-25T13:12:31.461+0000] {taskinstance.py:1382} INFO - Executing <Task(DockerOperator): pyspark_consumer> on 2024-04-25 13:12:01.611302+00:00
[2024-04-25T13:12:31.471+0000] {standard_task_runner.py:57} INFO - Started process 1146 to run task
[2024-04-25T13:12:31.476+0000] {standard_task_runner.py:84} INFO - Running: ['***', 'tasks', 'run', 'kafka_spark_dag', 'pyspark_consumer', 'manual__2024-04-25T13:12:01.611302+00:00', '--job-id', '15', '--raw', '--subdir', 'DAGS_FOLDER/dag_kafka_spark.py', '--cfg-path', '/tmp/tmp17hvs6xi']
[2024-04-25T13:12:31.481+0000] {standard_task_runner.py:85} INFO - Job 15: Subtask pyspark_consumer
[2024-04-25T13:12:31.550+0000] {task_command.py:416} INFO - Running <TaskInstance: kafka_spark_dag.pyspark_consumer manual__2024-04-25T13:12:01.611302+00:00 [running]> on host dd219027efda
[2024-04-25T13:12:31.649+0000] {taskinstance.py:1662} INFO - Exporting env vars: AIRFLOW_CTX_DAG_OWNER='***' AIRFLOW_CTX_DAG_ID='kafka_spark_dag' AIRFLOW_CTX_TASK_ID='pyspark_consumer' AIRFLOW_CTX_EXECUTION_DATE='2024-04-25T13:12:01.611302+00:00' AIRFLOW_CTX_TRY_NUMBER='2' AIRFLOW_CTX_DAG_RUN_ID='manual__2024-04-25T13:12:01.611302+00:00'
[2024-04-25T13:12:31.678+0000] {docker.py:343} INFO - Starting docker container from image rappel-conso/spark:latest
[2024-04-25T13:12:31.683+0000] {docker.py:351} WARNING - Using remote engine or docker-in-docker and mounting temporary volume from host is not supported. Falling back to `mount_tmp_dir=False` mode. You can set `mount_tmp_dir` parameter to False to disable mounting and remove the warning
[2024-04-25T13:12:32.066+0000] {docker.py:413} INFO - [38;5;6mspark [38;5;5m13:12:32.06 [0m[38;5;2mINFO [0m ==>
[2024-04-25T13:12:32.068+0000] {docker.py:413} INFO - [38;5;6mspark [38;5;5m13:12:32.06 [0m[38;5;2mINFO [0m ==> [1mWelcome to the Bitnami spark container[0m
[2024-04-25T13:12:32.070+0000] {docker.py:413} INFO - [38;5;6mspark [38;5;5m13:12:32.06 [0m[38;5;2mINFO [0m ==> Subscribe to project updates by watching [1mhttps://github.com/bitnami/containers[0m
[2024-04-25T13:12:32.072+0000] {docker.py:413} INFO - [38;5;6mspark [38;5;5m13:12:32.07 [0m[38;5;2mINFO [0m ==> Submit issues and feature requests at [1mhttps://github.com/bitnami/containers/issues[0m
[2024-04-25T13:12:32.075+0000] {docker.py:413} INFO - [38;5;6mspark [38;5;5m13:12:32.07 [0m[38;5;2mINFO [0m ==>
[2024-04-25T13:12:32.085+0000] {docker.py:413} INFO - 
[2024-04-25T13:12:34.685+0000] {docker.py:413} INFO - :: loading settings :: url = jar:file:/opt/bitnami/spark/jars/ivy-2.5.1.jar!/org/apache/ivy/core/settings/ivysettings.xml
[2024-04-25T13:12:34.811+0000] {docker.py:413} INFO - Ivy Default Cache set to: /opt/bitnami/spark/.ivy2/cache
The jars for the packages stored in: /opt/bitnami/spark/.ivy2/jars
[2024-04-25T13:12:34.820+0000] {docker.py:413} INFO - org.postgresql#postgresql added as a dependency
[2024-04-25T13:12:34.821+0000] {docker.py:413} INFO - org.apache.spark#spark-sql-kafka-0-10_2.12 added as a dependency
[2024-04-25T13:12:34.822+0000] {docker.py:413} INFO - :: resolving dependencies :: org.apache.spark#spark-submit-parent-9d0c4420-f391-40ef-a101-8ce654a0e388;1.0
[2024-04-25T13:12:34.823+0000] {docker.py:413} INFO - confs: [default]
[2024-04-25T13:12:35.790+0000] {docker.py:413} INFO - found org.postgresql#postgresql;42.5.4 in central
[2024-04-25T13:12:35.874+0000] {docker.py:413} INFO - found org.checkerframework#checker-qual;3.5.0 in central
[2024-04-25T13:12:36.859+0000] {docker.py:413} INFO - found org.apache.spark#spark-sql-kafka-0-10_2.12;3.5.0 in central
[2024-04-25T13:12:37.463+0000] {docker.py:413} INFO - found org.apache.spark#spark-token-provider-kafka-0-10_2.12;3.5.0 in central
[2024-04-25T13:12:37.557+0000] {docker.py:413} INFO - found org.apache.kafka#kafka-clients;3.4.1 in central
[2024-04-25T13:12:37.646+0000] {docker.py:413} INFO - found org.lz4#lz4-java;1.8.0 in central
[2024-04-25T13:12:37.732+0000] {docker.py:413} INFO - found org.xerial.snappy#snappy-java;1.1.10.3 in central
[2024-04-25T13:12:38.131+0000] {docker.py:413} INFO - found org.slf4j#slf4j-api;2.0.7 in central
[2024-04-25T13:12:39.013+0000] {docker.py:413} INFO - found org.apache.hadoop#hadoop-client-runtime;3.3.4 in central
[2024-04-25T13:12:39.190+0000] {docker.py:413} INFO - found org.apache.hadoop#hadoop-client-api;3.3.4 in central
[2024-04-25T13:12:39.419+0000] {docker.py:413} INFO - found commons-logging#commons-logging;1.1.3 in central
[2024-04-25T13:12:39.488+0000] {docker.py:413} INFO - found com.google.code.findbugs#jsr305;3.0.0 in central
[2024-04-25T13:12:40.262+0000] {docker.py:413} INFO - found org.apache.commons#commons-pool2;2.11.1 in central
[2024-04-25T13:12:40.286+0000] {docker.py:413} INFO - downloading https://repo1.maven.org/maven2/org/postgresql/postgresql/42.5.4/postgresql-42.5.4.jar ...
[2024-04-25T13:12:40.402+0000] {docker.py:413} INFO - [SUCCESSFUL ] org.postgresql#postgresql;42.5.4!postgresql.jar (127ms)
[2024-04-25T13:12:40.417+0000] {docker.py:413} INFO - downloading https://repo1.maven.org/maven2/org/apache/spark/spark-sql-kafka-0-10_2.12/3.5.0/spark-sql-kafka-0-10_2.12-3.5.0.jar ...
[2024-04-25T13:12:40.461+0000] {docker.py:413} INFO - [SUCCESSFUL ] org.apache.spark#spark-sql-kafka-0-10_2.12;3.5.0!spark-sql-kafka-0-10_2.12.jar (58ms)
[2024-04-25T13:12:40.476+0000] {docker.py:413} INFO - downloading https://repo1.maven.org/maven2/org/checkerframework/checker-qual/3.5.0/checker-qual-3.5.0.jar ...
[2024-04-25T13:12:40.502+0000] {docker.py:413} INFO - [SUCCESSFUL ] org.checkerframework#checker-qual;3.5.0!checker-qual.jar (39ms)
[2024-04-25T13:12:40.515+0000] {docker.py:413} INFO - downloading https://repo1.maven.org/maven2/org/apache/spark/spark-token-provider-kafka-0-10_2.12/3.5.0/spark-token-provider-kafka-0-10_2.12-3.5.0.jar ...
[2024-04-25T13:12:40.531+0000] {docker.py:413} INFO - [SUCCESSFUL ] org.apache.spark#spark-token-provider-kafka-0-10_2.12;3.5.0!spark-token-provider-kafka-0-10_2.12.jar (27ms)
[2024-04-25T13:12:40.552+0000] {docker.py:413} INFO - downloading https://repo1.maven.org/maven2/org/apache/kafka/kafka-clients/3.4.1/kafka-clients-3.4.1.jar ...
[2024-04-25T13:12:40.770+0000] {docker.py:413} INFO - [SUCCESSFUL ] org.apache.kafka#kafka-clients;3.4.1!kafka-clients.jar (237ms)
[2024-04-25T13:12:40.782+0000] {docker.py:413} INFO - downloading https://repo1.maven.org/maven2/com/google/code/findbugs/jsr305/3.0.0/jsr305-3.0.0.jar ...
[2024-04-25T13:12:40.796+0000] {docker.py:413} INFO - [SUCCESSFUL ] com.google.code.findbugs#jsr305;3.0.0!jsr305.jar (25ms)
[2024-04-25T13:12:40.810+0000] {docker.py:413} INFO - downloading https://repo1.maven.org/maven2/org/apache/commons/commons-pool2/2.11.1/commons-pool2-2.11.1.jar ...
[2024-04-25T13:12:40.826+0000] {docker.py:413} INFO - [SUCCESSFUL ] org.apache.commons#commons-pool2;2.11.1!commons-pool2.jar (29ms)
[2024-04-25T13:12:40.841+0000] {docker.py:413} INFO - downloading https://repo1.maven.org/maven2/org/apache/hadoop/hadoop-client-runtime/3.3.4/hadoop-client-runtime-3.3.4.jar ...
[2024-04-25T13:12:41.276+0000] {docker.py:413} INFO - [SUCCESSFUL ] org.apache.hadoop#hadoop-client-runtime;3.3.4!hadoop-client-runtime.jar (449ms)
[2024-04-25T13:12:41.290+0000] {docker.py:413} INFO - downloading https://repo1.maven.org/maven2/org/lz4/lz4-java/1.8.0/lz4-java-1.8.0.jar ...
[2024-04-25T13:12:41.315+0000] {docker.py:413} INFO - [SUCCESSFUL ] org.lz4#lz4-java;1.8.0!lz4-java.jar (37ms)
[2024-04-25T13:12:41.333+0000] {docker.py:413} INFO - downloading https://repo1.maven.org/maven2/org/xerial/snappy/snappy-java/1.1.10.3/snappy-java-1.1.10.3.jar ...
[2024-04-25T13:12:41.405+0000] {docker.py:413} INFO - [SUCCESSFUL ] org.xerial.snappy#snappy-java;1.1.10.3!snappy-java.jar(bundle) (88ms)
[2024-04-25T13:12:41.423+0000] {docker.py:413} INFO - downloading https://repo1.maven.org/maven2/org/slf4j/slf4j-api/2.0.7/slf4j-api-2.0.7.jar ...
[2024-04-25T13:12:41.438+0000] {docker.py:413} INFO - [SUCCESSFUL ] org.slf4j#slf4j-api;2.0.7!slf4j-api.jar (27ms)
[2024-04-25T13:12:41.453+0000] {docker.py:413} INFO - downloading https://repo1.maven.org/maven2/org/apache/hadoop/hadoop-client-api/3.3.4/hadoop-client-api-3.3.4.jar ...
[2024-04-25T13:12:41.717+0000] {docker.py:413} INFO - [SUCCESSFUL ] org.apache.hadoop#hadoop-client-api;3.3.4!hadoop-client-api.jar (277ms)
[2024-04-25T13:12:41.731+0000] {docker.py:413} INFO - downloading https://repo1.maven.org/maven2/commons-logging/commons-logging/1.1.3/commons-logging-1.1.3.jar ...
[2024-04-25T13:12:41.746+0000] {docker.py:413} INFO - [SUCCESSFUL ] commons-logging#commons-logging;1.1.3!commons-logging.jar (27ms)
[2024-04-25T13:12:41.748+0000] {docker.py:413} INFO - :: resolution report :: resolve 5451ms :: artifacts dl 1472ms
	:: modules in use:
	com.google.code.findbugs#jsr305;3.0.0 from central in [default]
	commons-logging#commons-logging;1.1.3 from central in [default]
	org.apache.commons#commons-pool2;2.11.1 from central in [default]
	org.apache.hadoop#hadoop-client-api;3.3.4 from central in [default]
	org.apache.hadoop#hadoop-client-runtime;3.3.4 from central in [default]
	org.apache.kafka#kafka-clients;3.4.1 from central in [default]
	org.apache.spark#spark-sql-kafka-0-10_2.12;3.5.0 from central in [default]
	org.apache.spark#spark-token-provider-kafka-0-10_2.12;3.5.0 from central in [default]
	org.checkerframework#checker-qual;3.5.0 from central in [default]
[2024-04-25T13:12:41.748+0000] {docker.py:413} INFO - org.lz4#lz4-java;1.8.0 from central in [default]
	org.postgresql#postgresql;42.5.4 from central in [default]
[2024-04-25T13:12:41.749+0000] {docker.py:413} INFO - org.slf4j#slf4j-api;2.0.7 from central in [default]
[2024-04-25T13:12:41.749+0000] {docker.py:413} INFO - org.xerial.snappy#snappy-java;1.1.10.3 from central in [default]
[2024-04-25T13:12:41.749+0000] {docker.py:413} INFO - ---------------------------------------------------------------------
	|                  |            modules            ||   artifacts   |
	|       conf       | number| search|dwnlded|evicted|| number|dwnlded|
	---------------------------------------------------------------------
[2024-04-25T13:12:41.750+0000] {docker.py:413} INFO - |      default     |   13  |   13  |   13  |   0   ||   13  |   13  |
	---------------------------------------------------------------------
[2024-04-25T13:12:41.760+0000] {docker.py:413} INFO - :: retrieving :: org.apache.spark#spark-submit-parent-9d0c4420-f391-40ef-a101-8ce654a0e388
[2024-04-25T13:12:41.760+0000] {docker.py:413} INFO - confs: [default]
[2024-04-25T13:12:41.873+0000] {docker.py:413} INFO - 13 artifacts copied, 0 already retrieved (58001kB/113ms)
[2024-04-25T13:12:42.218+0000] {docker.py:413} INFO - 24/04/25 13:12:42 WARN NativeCodeLoader: Unable to load native-hadoop library for your platform... using builtin-java classes where applicable
[2024-04-25T13:12:43.770+0000] {docker.py:413} INFO - 24/04/25 13:12:43 INFO SparkContext: Running Spark version 3.5.0
[2024-04-25T13:12:43.771+0000] {docker.py:413} INFO - 24/04/25 13:12:43 INFO SparkContext: OS info Linux, 6.5.0-1016-gcp, amd64
24/04/25 13:12:43 INFO SparkContext: Java version 17.0.10
[2024-04-25T13:12:43.800+0000] {docker.py:413} INFO - 24/04/25 13:12:43 INFO ResourceUtils: ==============================================================
[2024-04-25T13:12:43.801+0000] {docker.py:413} INFO - 24/04/25 13:12:43 INFO ResourceUtils: No custom resources configured for spark.driver.
24/04/25 13:12:43 INFO ResourceUtils: ==============================================================
[2024-04-25T13:12:43.802+0000] {docker.py:413} INFO - 24/04/25 13:12:43 INFO SparkContext: Submitted application: PostgreSQL Connection with PySpark
[2024-04-25T13:12:43.832+0000] {docker.py:413} INFO - 24/04/25 13:12:43 INFO ResourceProfile: Default ResourceProfile created, executor resources: Map(cores -> name: cores, amount: 1, script: , vendor: , memory -> name: memory, amount: 1024, script: , vendor: , offHeap -> name: offHeap, amount: 0, script: , vendor: ), task resources: Map(cpus -> name: cpus, amount: 1.0)
[2024-04-25T13:12:43.844+0000] {docker.py:413} INFO - 24/04/25 13:12:43 INFO ResourceProfile: Limiting resource is cpu
[2024-04-25T13:12:43.845+0000] {docker.py:413} INFO - 24/04/25 13:12:43 INFO ResourceProfileManager: Added ResourceProfile id: 0
[2024-04-25T13:12:43.914+0000] {docker.py:413} INFO - 24/04/25 13:12:43 INFO SecurityManager: Changing view acls to: spark
[2024-04-25T13:12:43.916+0000] {docker.py:413} INFO - 24/04/25 13:12:43 INFO SecurityManager: Changing modify acls to: spark
[2024-04-25T13:12:43.916+0000] {docker.py:413} INFO - 24/04/25 13:12:43 INFO SecurityManager: Changing view acls groups to:
[2024-04-25T13:12:43.917+0000] {docker.py:413} INFO - 24/04/25 13:12:43 INFO SecurityManager: Changing modify acls groups to: 
24/04/25 13:12:43 INFO SecurityManager: SecurityManager: authentication disabled; ui acls disabled; users with view permissions: spark; groups with view permissions: EMPTY; users with modify permissions: spark; groups with modify permissions: EMPTY
[2024-04-25T13:12:44.182+0000] {docker.py:413} INFO - 24/04/25 13:12:44 INFO Utils: Successfully started service 'sparkDriver' on port 36501.
[2024-04-25T13:12:44.211+0000] {docker.py:413} INFO - 24/04/25 13:12:44 INFO SparkEnv: Registering MapOutputTracker
[2024-04-25T13:12:44.253+0000] {docker.py:413} INFO - 24/04/25 13:12:44 INFO SparkEnv: Registering BlockManagerMaster
[2024-04-25T13:12:44.273+0000] {docker.py:413} INFO - 24/04/25 13:12:44 INFO BlockManagerMasterEndpoint: Using org.apache.spark.storage.DefaultTopologyMapper for getting topology information
[2024-04-25T13:12:44.274+0000] {docker.py:413} INFO - 24/04/25 13:12:44 INFO BlockManagerMasterEndpoint: BlockManagerMasterEndpoint up
[2024-04-25T13:12:44.278+0000] {docker.py:413} INFO - 24/04/25 13:12:44 INFO SparkEnv: Registering BlockManagerMasterHeartbeat
[2024-04-25T13:12:44.303+0000] {docker.py:413} INFO - 24/04/25 13:12:44 INFO DiskBlockManager: Created local directory at /tmp/blockmgr-4a38fa53-eb8d-4ceb-a5af-5a6bbde3264d
[2024-04-25T13:12:44.321+0000] {docker.py:413} INFO - 24/04/25 13:12:44 INFO MemoryStore: MemoryStore started with capacity 434.4 MiB
[2024-04-25T13:12:44.339+0000] {docker.py:413} INFO - 24/04/25 13:12:44 INFO SparkEnv: Registering OutputCommitCoordinator
[2024-04-25T13:12:44.486+0000] {docker.py:413} INFO - 24/04/25 13:12:44 INFO JettyUtils: Start Jetty 0.0.0.0:4040 for SparkUI
[2024-04-25T13:12:44.551+0000] {docker.py:413} INFO - 24/04/25 13:12:44 INFO Utils: Successfully started service 'SparkUI' on port 4040.
[2024-04-25T13:12:44.613+0000] {docker.py:413} INFO - 24/04/25 13:12:44 INFO SparkContext: Added JAR file:///opt/bitnami/spark/.ivy2/jars/org.postgresql_postgresql-42.5.4.jar at spark://localhost:36501/jars/org.postgresql_postgresql-42.5.4.jar with timestamp 1714050763760
[2024-04-25T13:12:44.615+0000] {docker.py:413} INFO - 24/04/25 13:12:44 INFO SparkContext: Added JAR file:///opt/bitnami/spark/.ivy2/jars/org.apache.spark_spark-sql-kafka-0-10_2.12-3.5.0.jar at spark://localhost:36501/jars/org.apache.spark_spark-sql-kafka-0-10_2.12-3.5.0.jar with timestamp 1714050763760
24/04/25 13:12:44 INFO SparkContext: Added JAR file:///opt/bitnami/spark/.ivy2/jars/org.checkerframework_checker-qual-3.5.0.jar at spark://localhost:36501/jars/org.checkerframework_checker-qual-3.5.0.jar with timestamp 1714050763760
[2024-04-25T13:12:44.616+0000] {docker.py:413} INFO - 24/04/25 13:12:44 INFO SparkContext: Added JAR file:///opt/bitnami/spark/.ivy2/jars/org.apache.spark_spark-token-provider-kafka-0-10_2.12-3.5.0.jar at spark://localhost:36501/jars/org.apache.spark_spark-token-provider-kafka-0-10_2.12-3.5.0.jar with timestamp 1714050763760
[2024-04-25T13:12:44.617+0000] {docker.py:413} INFO - 24/04/25 13:12:44 INFO SparkContext: Added JAR file:///opt/bitnami/spark/.ivy2/jars/org.apache.kafka_kafka-clients-3.4.1.jar at spark://localhost:36501/jars/org.apache.kafka_kafka-clients-3.4.1.jar with timestamp 1714050763760
[2024-04-25T13:12:44.617+0000] {docker.py:413} INFO - 24/04/25 13:12:44 INFO SparkContext: Added JAR file:///opt/bitnami/spark/.ivy2/jars/com.google.code.findbugs_jsr305-3.0.0.jar at spark://localhost:36501/jars/com.google.code.findbugs_jsr305-3.0.0.jar with timestamp 1714050763760
[2024-04-25T13:12:44.617+0000] {docker.py:413} INFO - 24/04/25 13:12:44 INFO SparkContext: Added JAR file:///opt/bitnami/spark/.ivy2/jars/org.apache.commons_commons-pool2-2.11.1.jar at spark://localhost:36501/jars/org.apache.commons_commons-pool2-2.11.1.jar with timestamp 1714050763760
[2024-04-25T13:12:44.618+0000] {docker.py:413} INFO - 24/04/25 13:12:44 INFO SparkContext: Added JAR file:///opt/bitnami/spark/.ivy2/jars/org.apache.hadoop_hadoop-client-runtime-3.3.4.jar at spark://localhost:36501/jars/org.apache.hadoop_hadoop-client-runtime-3.3.4.jar with timestamp 1714050763760
[2024-04-25T13:12:44.618+0000] {docker.py:413} INFO - 24/04/25 13:12:44 INFO SparkContext: Added JAR file:///opt/bitnami/spark/.ivy2/jars/org.lz4_lz4-java-1.8.0.jar at spark://localhost:36501/jars/org.lz4_lz4-java-1.8.0.jar with timestamp 1714050763760
24/04/25 13:12:44 INFO SparkContext: Added JAR file:///opt/bitnami/spark/.ivy2/jars/org.xerial.snappy_snappy-java-1.1.10.3.jar at spark://localhost:36501/jars/org.xerial.snappy_snappy-java-1.1.10.3.jar with timestamp 1714050763760
24/04/25 13:12:44 INFO SparkContext: Added JAR file:///opt/bitnami/spark/.ivy2/jars/org.slf4j_slf4j-api-2.0.7.jar at spark://localhost:36501/jars/org.slf4j_slf4j-api-2.0.7.jar with timestamp 1714050763760
24/04/25 13:12:44 INFO SparkContext: Added JAR file:///opt/bitnami/spark/.ivy2/jars/org.apache.hadoop_hadoop-client-api-3.3.4.jar at spark://localhost:36501/jars/org.apache.hadoop_hadoop-client-api-3.3.4.jar with timestamp 1714050763760
24/04/25 13:12:44 INFO SparkContext: Added JAR file:///opt/bitnami/spark/.ivy2/jars/commons-logging_commons-logging-1.1.3.jar at spark://localhost:36501/jars/commons-logging_commons-logging-1.1.3.jar with timestamp 1714050763760
[2024-04-25T13:12:44.623+0000] {docker.py:413} INFO - 24/04/25 13:12:44 INFO SparkContext: Added file file:///opt/bitnami/spark/.ivy2/jars/org.postgresql_postgresql-42.5.4.jar at file:///opt/bitnami/spark/.ivy2/jars/org.postgresql_postgresql-42.5.4.jar with timestamp 1714050763760
[2024-04-25T13:12:44.625+0000] {docker.py:413} INFO - 24/04/25 13:12:44 INFO Utils: Copying /opt/bitnami/spark/.ivy2/jars/org.postgresql_postgresql-42.5.4.jar to /tmp/spark-8b44722a-ea4c-4088-b619-5ae2f30007da/userFiles-3e3d22ee-adf3-4d27-92df-0d81480b0c13/org.postgresql_postgresql-42.5.4.jar
[2024-04-25T13:12:44.642+0000] {docker.py:413} INFO - 24/04/25 13:12:44 INFO SparkContext: Added file file:///opt/bitnami/spark/.ivy2/jars/org.apache.spark_spark-sql-kafka-0-10_2.12-3.5.0.jar at file:///opt/bitnami/spark/.ivy2/jars/org.apache.spark_spark-sql-kafka-0-10_2.12-3.5.0.jar with timestamp 1714050763760
[2024-04-25T13:12:44.643+0000] {docker.py:413} INFO - 24/04/25 13:12:44 INFO Utils: Copying /opt/bitnami/spark/.ivy2/jars/org.apache.spark_spark-sql-kafka-0-10_2.12-3.5.0.jar to /tmp/spark-8b44722a-ea4c-4088-b619-5ae2f30007da/userFiles-3e3d22ee-adf3-4d27-92df-0d81480b0c13/org.apache.spark_spark-sql-kafka-0-10_2.12-3.5.0.jar
[2024-04-25T13:12:44.650+0000] {docker.py:413} INFO - 24/04/25 13:12:44 INFO SparkContext: Added file file:///opt/bitnami/spark/.ivy2/jars/org.checkerframework_checker-qual-3.5.0.jar at file:///opt/bitnami/spark/.ivy2/jars/org.checkerframework_checker-qual-3.5.0.jar with timestamp 1714050763760
[2024-04-25T13:12:44.652+0000] {docker.py:413} INFO - 24/04/25 13:12:44 INFO Utils: Copying /opt/bitnami/spark/.ivy2/jars/org.checkerframework_checker-qual-3.5.0.jar to /tmp/spark-8b44722a-ea4c-4088-b619-5ae2f30007da/userFiles-3e3d22ee-adf3-4d27-92df-0d81480b0c13/org.checkerframework_checker-qual-3.5.0.jar
[2024-04-25T13:12:44.661+0000] {docker.py:413} INFO - 24/04/25 13:12:44 INFO SparkContext: Added file file:///opt/bitnami/spark/.ivy2/jars/org.apache.spark_spark-token-provider-kafka-0-10_2.12-3.5.0.jar at file:///opt/bitnami/spark/.ivy2/jars/org.apache.spark_spark-token-provider-kafka-0-10_2.12-3.5.0.jar with timestamp 1714050763760
[2024-04-25T13:12:44.662+0000] {docker.py:413} INFO - 24/04/25 13:12:44 INFO Utils: Copying /opt/bitnami/spark/.ivy2/jars/org.apache.spark_spark-token-provider-kafka-0-10_2.12-3.5.0.jar to /tmp/spark-8b44722a-ea4c-4088-b619-5ae2f30007da/userFiles-3e3d22ee-adf3-4d27-92df-0d81480b0c13/org.apache.spark_spark-token-provider-kafka-0-10_2.12-3.5.0.jar
[2024-04-25T13:12:44.668+0000] {docker.py:413} INFO - 24/04/25 13:12:44 INFO SparkContext: Added file file:///opt/bitnami/spark/.ivy2/jars/org.apache.kafka_kafka-clients-3.4.1.jar at file:///opt/bitnami/spark/.ivy2/jars/org.apache.kafka_kafka-clients-3.4.1.jar with timestamp 1714050763760
[2024-04-25T13:12:44.669+0000] {docker.py:413} INFO - 24/04/25 13:12:44 INFO Utils: Copying /opt/bitnami/spark/.ivy2/jars/org.apache.kafka_kafka-clients-3.4.1.jar to /tmp/spark-8b44722a-ea4c-4088-b619-5ae2f30007da/userFiles-3e3d22ee-adf3-4d27-92df-0d81480b0c13/org.apache.kafka_kafka-clients-3.4.1.jar
[2024-04-25T13:12:44.681+0000] {docker.py:413} INFO - 24/04/25 13:12:44 INFO SparkContext: Added file file:///opt/bitnami/spark/.ivy2/jars/com.google.code.findbugs_jsr305-3.0.0.jar at file:///opt/bitnami/spark/.ivy2/jars/com.google.code.findbugs_jsr305-3.0.0.jar with timestamp 1714050763760
[2024-04-25T13:12:44.682+0000] {docker.py:413} INFO - 24/04/25 13:12:44 INFO Utils: Copying /opt/bitnami/spark/.ivy2/jars/com.google.code.findbugs_jsr305-3.0.0.jar to /tmp/spark-8b44722a-ea4c-4088-b619-5ae2f30007da/userFiles-3e3d22ee-adf3-4d27-92df-0d81480b0c13/com.google.code.findbugs_jsr305-3.0.0.jar
[2024-04-25T13:12:44.690+0000] {docker.py:413} INFO - 24/04/25 13:12:44 INFO SparkContext: Added file file:///opt/bitnami/spark/.ivy2/jars/org.apache.commons_commons-pool2-2.11.1.jar at file:///opt/bitnami/spark/.ivy2/jars/org.apache.commons_commons-pool2-2.11.1.jar with timestamp 1714050763760
[2024-04-25T13:12:44.690+0000] {docker.py:413} INFO - 24/04/25 13:12:44 INFO Utils: Copying /opt/bitnami/spark/.ivy2/jars/org.apache.commons_commons-pool2-2.11.1.jar to /tmp/spark-8b44722a-ea4c-4088-b619-5ae2f30007da/userFiles-3e3d22ee-adf3-4d27-92df-0d81480b0c13/org.apache.commons_commons-pool2-2.11.1.jar
[2024-04-25T13:12:44.697+0000] {docker.py:413} INFO - 24/04/25 13:12:44 INFO SparkContext: Added file file:///opt/bitnami/spark/.ivy2/jars/org.apache.hadoop_hadoop-client-runtime-3.3.4.jar at file:///opt/bitnami/spark/.ivy2/jars/org.apache.hadoop_hadoop-client-runtime-3.3.4.jar with timestamp 1714050763760
[2024-04-25T13:12:44.698+0000] {docker.py:413} INFO - 24/04/25 13:12:44 INFO Utils: Copying /opt/bitnami/spark/.ivy2/jars/org.apache.hadoop_hadoop-client-runtime-3.3.4.jar to /tmp/spark-8b44722a-ea4c-4088-b619-5ae2f30007da/userFiles-3e3d22ee-adf3-4d27-92df-0d81480b0c13/org.apache.hadoop_hadoop-client-runtime-3.3.4.jar
[2024-04-25T13:12:44.748+0000] {docker.py:413} INFO - 24/04/25 13:12:44 INFO SparkContext: Added file file:///opt/bitnami/spark/.ivy2/jars/org.lz4_lz4-java-1.8.0.jar at file:///opt/bitnami/spark/.ivy2/jars/org.lz4_lz4-java-1.8.0.jar with timestamp 1714050763760
[2024-04-25T13:12:44.748+0000] {docker.py:413} INFO - 24/04/25 13:12:44 INFO Utils: Copying /opt/bitnami/spark/.ivy2/jars/org.lz4_lz4-java-1.8.0.jar to /tmp/spark-8b44722a-ea4c-4088-b619-5ae2f30007da/userFiles-3e3d22ee-adf3-4d27-92df-0d81480b0c13/org.lz4_lz4-java-1.8.0.jar
[2024-04-25T13:12:44.756+0000] {docker.py:413} INFO - 24/04/25 13:12:44 INFO SparkContext: Added file file:///opt/bitnami/spark/.ivy2/jars/org.xerial.snappy_snappy-java-1.1.10.3.jar at file:///opt/bitnami/spark/.ivy2/jars/org.xerial.snappy_snappy-java-1.1.10.3.jar with timestamp 1714050763760
[2024-04-25T13:12:44.767+0000] {docker.py:413} INFO - 24/04/25 13:12:44 INFO Utils: Copying /opt/bitnami/spark/.ivy2/jars/org.xerial.snappy_snappy-java-1.1.10.3.jar to /tmp/spark-8b44722a-ea4c-4088-b619-5ae2f30007da/userFiles-3e3d22ee-adf3-4d27-92df-0d81480b0c13/org.xerial.snappy_snappy-java-1.1.10.3.jar
[2024-04-25T13:12:44.775+0000] {docker.py:413} INFO - 24/04/25 13:12:44 INFO SparkContext: Added file file:///opt/bitnami/spark/.ivy2/jars/org.slf4j_slf4j-api-2.0.7.jar at file:///opt/bitnami/spark/.ivy2/jars/org.slf4j_slf4j-api-2.0.7.jar with timestamp 1714050763760
[2024-04-25T13:12:44.777+0000] {docker.py:413} INFO - 24/04/25 13:12:44 INFO Utils: Copying /opt/bitnami/spark/.ivy2/jars/org.slf4j_slf4j-api-2.0.7.jar to /tmp/spark-8b44722a-ea4c-4088-b619-5ae2f30007da/userFiles-3e3d22ee-adf3-4d27-92df-0d81480b0c13/org.slf4j_slf4j-api-2.0.7.jar
[2024-04-25T13:12:44.785+0000] {docker.py:413} INFO - 24/04/25 13:12:44 INFO SparkContext: Added file file:///opt/bitnami/spark/.ivy2/jars/org.apache.hadoop_hadoop-client-api-3.3.4.jar at file:///opt/bitnami/spark/.ivy2/jars/org.apache.hadoop_hadoop-client-api-3.3.4.jar with timestamp 1714050763760
[2024-04-25T13:12:44.786+0000] {docker.py:413} INFO - 24/04/25 13:12:44 INFO Utils: Copying /opt/bitnami/spark/.ivy2/jars/org.apache.hadoop_hadoop-client-api-3.3.4.jar to /tmp/spark-8b44722a-ea4c-4088-b619-5ae2f30007da/userFiles-3e3d22ee-adf3-4d27-92df-0d81480b0c13/org.apache.hadoop_hadoop-client-api-3.3.4.jar
[2024-04-25T13:12:44.822+0000] {docker.py:413} INFO - 24/04/25 13:12:44 INFO SparkContext: Added file file:///opt/bitnami/spark/.ivy2/jars/commons-logging_commons-logging-1.1.3.jar at file:///opt/bitnami/spark/.ivy2/jars/commons-logging_commons-logging-1.1.3.jar with timestamp 1714050763760
[2024-04-25T13:12:44.822+0000] {docker.py:413} INFO - 24/04/25 13:12:44 INFO Utils: Copying /opt/bitnami/spark/.ivy2/jars/commons-logging_commons-logging-1.1.3.jar to /tmp/spark-8b44722a-ea4c-4088-b619-5ae2f30007da/userFiles-3e3d22ee-adf3-4d27-92df-0d81480b0c13/commons-logging_commons-logging-1.1.3.jar
[2024-04-25T13:12:44.904+0000] {docker.py:413} INFO - 24/04/25 13:12:44 INFO Executor: Starting executor ID driver on host localhost
[2024-04-25T13:12:44.906+0000] {docker.py:413} INFO - 24/04/25 13:12:44 INFO Executor: OS info Linux, 6.5.0-1016-gcp, amd64
[2024-04-25T13:12:44.907+0000] {docker.py:413} INFO - 24/04/25 13:12:44 INFO Executor: Java version 17.0.10
[2024-04-25T13:12:44.918+0000] {docker.py:413} INFO - 24/04/25 13:12:44 INFO Executor: Starting executor with user classpath (userClassPathFirst = false): ''
[2024-04-25T13:12:44.919+0000] {docker.py:413} INFO - 24/04/25 13:12:44 INFO Executor: Created or updated repl class loader org.apache.spark.util.MutableURLClassLoader@428df771 for default.
[2024-04-25T13:12:44.935+0000] {docker.py:413} INFO - 24/04/25 13:12:44 INFO Executor: Fetching file:///opt/bitnami/spark/.ivy2/jars/org.apache.spark_spark-token-provider-kafka-0-10_2.12-3.5.0.jar with timestamp 1714050763760
[2024-04-25T13:12:44.958+0000] {docker.py:413} INFO - 24/04/25 13:12:44 INFO Utils: /opt/bitnami/spark/.ivy2/jars/org.apache.spark_spark-token-provider-kafka-0-10_2.12-3.5.0.jar has been previously copied to /tmp/spark-8b44722a-ea4c-4088-b619-5ae2f30007da/userFiles-3e3d22ee-adf3-4d27-92df-0d81480b0c13/org.apache.spark_spark-token-provider-kafka-0-10_2.12-3.5.0.jar
[2024-04-25T13:12:44.964+0000] {docker.py:413} INFO - 24/04/25 13:12:44 INFO Executor: Fetching file:///opt/bitnami/spark/.ivy2/jars/org.apache.hadoop_hadoop-client-runtime-3.3.4.jar with timestamp 1714050763760
[2024-04-25T13:12:45.003+0000] {docker.py:413} INFO - 24/04/25 13:12:45 INFO Utils: /opt/bitnami/spark/.ivy2/jars/org.apache.hadoop_hadoop-client-runtime-3.3.4.jar has been previously copied to /tmp/spark-8b44722a-ea4c-4088-b619-5ae2f30007da/userFiles-3e3d22ee-adf3-4d27-92df-0d81480b0c13/org.apache.hadoop_hadoop-client-runtime-3.3.4.jar
[2024-04-25T13:12:45.009+0000] {docker.py:413} INFO - 24/04/25 13:12:45 INFO Executor: Fetching file:///opt/bitnami/spark/.ivy2/jars/org.apache.commons_commons-pool2-2.11.1.jar with timestamp 1714050763760
[2024-04-25T13:12:45.010+0000] {docker.py:413} INFO - 24/04/25 13:12:45 INFO Utils: /opt/bitnami/spark/.ivy2/jars/org.apache.commons_commons-pool2-2.11.1.jar has been previously copied to /tmp/spark-8b44722a-ea4c-4088-b619-5ae2f30007da/userFiles-3e3d22ee-adf3-4d27-92df-0d81480b0c13/org.apache.commons_commons-pool2-2.11.1.jar
[2024-04-25T13:12:45.018+0000] {docker.py:413} INFO - 24/04/25 13:12:45 INFO Executor: Fetching file:///opt/bitnami/spark/.ivy2/jars/org.postgresql_postgresql-42.5.4.jar with timestamp 1714050763760
[2024-04-25T13:12:45.021+0000] {docker.py:413} INFO - 24/04/25 13:12:45 INFO Utils: /opt/bitnami/spark/.ivy2/jars/org.postgresql_postgresql-42.5.4.jar has been previously copied to /tmp/spark-8b44722a-ea4c-4088-b619-5ae2f30007da/userFiles-3e3d22ee-adf3-4d27-92df-0d81480b0c13/org.postgresql_postgresql-42.5.4.jar
[2024-04-25T13:12:45.026+0000] {docker.py:413} INFO - 24/04/25 13:12:45 INFO Executor: Fetching file:///opt/bitnami/spark/.ivy2/jars/org.slf4j_slf4j-api-2.0.7.jar with timestamp 1714050763760
[2024-04-25T13:12:45.027+0000] {docker.py:413} INFO - 24/04/25 13:12:45 INFO Utils: /opt/bitnami/spark/.ivy2/jars/org.slf4j_slf4j-api-2.0.7.jar has been previously copied to /tmp/spark-8b44722a-ea4c-4088-b619-5ae2f30007da/userFiles-3e3d22ee-adf3-4d27-92df-0d81480b0c13/org.slf4j_slf4j-api-2.0.7.jar
[2024-04-25T13:12:45.032+0000] {docker.py:413} INFO - 24/04/25 13:12:45 INFO Executor: Fetching file:///opt/bitnami/spark/.ivy2/jars/org.apache.kafka_kafka-clients-3.4.1.jar with timestamp 1714050763760
[2024-04-25T13:12:45.039+0000] {docker.py:413} INFO - 24/04/25 13:12:45 INFO Utils: /opt/bitnami/spark/.ivy2/jars/org.apache.kafka_kafka-clients-3.4.1.jar has been previously copied to /tmp/spark-8b44722a-ea4c-4088-b619-5ae2f30007da/userFiles-3e3d22ee-adf3-4d27-92df-0d81480b0c13/org.apache.kafka_kafka-clients-3.4.1.jar
[2024-04-25T13:12:45.045+0000] {docker.py:413} INFO - 24/04/25 13:12:45 INFO Executor: Fetching file:///opt/bitnami/spark/.ivy2/jars/com.google.code.findbugs_jsr305-3.0.0.jar with timestamp 1714050763760
[2024-04-25T13:12:45.045+0000] {docker.py:413} INFO - 24/04/25 13:12:45 INFO Utils: /opt/bitnami/spark/.ivy2/jars/com.google.code.findbugs_jsr305-3.0.0.jar has been previously copied to /tmp/spark-8b44722a-ea4c-4088-b619-5ae2f30007da/userFiles-3e3d22ee-adf3-4d27-92df-0d81480b0c13/com.google.code.findbugs_jsr305-3.0.0.jar
[2024-04-25T13:12:45.051+0000] {docker.py:413} INFO - 24/04/25 13:12:45 INFO Executor: Fetching file:///opt/bitnami/spark/.ivy2/jars/org.lz4_lz4-java-1.8.0.jar with timestamp 1714050763760
[2024-04-25T13:12:45.053+0000] {docker.py:413} INFO - 24/04/25 13:12:45 INFO Utils: /opt/bitnami/spark/.ivy2/jars/org.lz4_lz4-java-1.8.0.jar has been previously copied to /tmp/spark-8b44722a-ea4c-4088-b619-5ae2f30007da/userFiles-3e3d22ee-adf3-4d27-92df-0d81480b0c13/org.lz4_lz4-java-1.8.0.jar
[2024-04-25T13:12:45.059+0000] {docker.py:413} INFO - 24/04/25 13:12:45 INFO Executor: Fetching file:///opt/bitnami/spark/.ivy2/jars/org.apache.spark_spark-sql-kafka-0-10_2.12-3.5.0.jar with timestamp 1714050763760
[2024-04-25T13:12:45.060+0000] {docker.py:413} INFO - 24/04/25 13:12:45 INFO Utils: /opt/bitnami/spark/.ivy2/jars/org.apache.spark_spark-sql-kafka-0-10_2.12-3.5.0.jar has been previously copied to /tmp/spark-8b44722a-ea4c-4088-b619-5ae2f30007da/userFiles-3e3d22ee-adf3-4d27-92df-0d81480b0c13/org.apache.spark_spark-sql-kafka-0-10_2.12-3.5.0.jar
[2024-04-25T13:12:45.066+0000] {docker.py:413} INFO - 24/04/25 13:12:45 INFO Executor: Fetching file:///opt/bitnami/spark/.ivy2/jars/org.apache.hadoop_hadoop-client-api-3.3.4.jar with timestamp 1714050763760
[2024-04-25T13:12:45.092+0000] {docker.py:413} INFO - 24/04/25 13:12:45 INFO Utils: /opt/bitnami/spark/.ivy2/jars/org.apache.hadoop_hadoop-client-api-3.3.4.jar has been previously copied to /tmp/spark-8b44722a-ea4c-4088-b619-5ae2f30007da/userFiles-3e3d22ee-adf3-4d27-92df-0d81480b0c13/org.apache.hadoop_hadoop-client-api-3.3.4.jar
[2024-04-25T13:12:45.098+0000] {docker.py:413} INFO - 24/04/25 13:12:45 INFO Executor: Fetching file:///opt/bitnami/spark/.ivy2/jars/commons-logging_commons-logging-1.1.3.jar with timestamp 1714050763760
[2024-04-25T13:12:45.099+0000] {docker.py:413} INFO - 24/04/25 13:12:45 INFO Utils: /opt/bitnami/spark/.ivy2/jars/commons-logging_commons-logging-1.1.3.jar has been previously copied to /tmp/spark-8b44722a-ea4c-4088-b619-5ae2f30007da/userFiles-3e3d22ee-adf3-4d27-92df-0d81480b0c13/commons-logging_commons-logging-1.1.3.jar
[2024-04-25T13:12:45.105+0000] {docker.py:413} INFO - 24/04/25 13:12:45 INFO Executor: Fetching file:///opt/bitnami/spark/.ivy2/jars/org.checkerframework_checker-qual-3.5.0.jar with timestamp 1714050763760
[2024-04-25T13:12:45.106+0000] {docker.py:413} INFO - 24/04/25 13:12:45 INFO Utils: /opt/bitnami/spark/.ivy2/jars/org.checkerframework_checker-qual-3.5.0.jar has been previously copied to /tmp/spark-8b44722a-ea4c-4088-b619-5ae2f30007da/userFiles-3e3d22ee-adf3-4d27-92df-0d81480b0c13/org.checkerframework_checker-qual-3.5.0.jar
[2024-04-25T13:12:45.123+0000] {docker.py:413} INFO - 24/04/25 13:12:45 INFO Executor: Fetching file:///opt/bitnami/spark/.ivy2/jars/org.xerial.snappy_snappy-java-1.1.10.3.jar with timestamp 1714050763760
[2024-04-25T13:12:45.126+0000] {docker.py:413} INFO - 24/04/25 13:12:45 INFO Utils: /opt/bitnami/spark/.ivy2/jars/org.xerial.snappy_snappy-java-1.1.10.3.jar has been previously copied to /tmp/spark-8b44722a-ea4c-4088-b619-5ae2f30007da/userFiles-3e3d22ee-adf3-4d27-92df-0d81480b0c13/org.xerial.snappy_snappy-java-1.1.10.3.jar
[2024-04-25T13:12:45.134+0000] {docker.py:413} INFO - 24/04/25 13:12:45 INFO Executor: Fetching spark://localhost:36501/jars/org.xerial.snappy_snappy-java-1.1.10.3.jar with timestamp 1714050763760
[2024-04-25T13:12:45.181+0000] {docker.py:413} INFO - 24/04/25 13:12:45 INFO TransportClientFactory: Successfully created connection to localhost/127.0.0.1:36501 after 33 ms (0 ms spent in bootstraps)
[2024-04-25T13:12:45.188+0000] {docker.py:413} INFO - 24/04/25 13:12:45 INFO Utils: Fetching spark://localhost:36501/jars/org.xerial.snappy_snappy-java-1.1.10.3.jar to /tmp/spark-8b44722a-ea4c-4088-b619-5ae2f30007da/userFiles-3e3d22ee-adf3-4d27-92df-0d81480b0c13/fetchFileTemp3971238723218194847.tmp
[2024-04-25T13:12:45.236+0000] {docker.py:413} INFO - 24/04/25 13:12:45 INFO Utils: /tmp/spark-8b44722a-ea4c-4088-b619-5ae2f30007da/userFiles-3e3d22ee-adf3-4d27-92df-0d81480b0c13/fetchFileTemp3971238723218194847.tmp has been previously copied to /tmp/spark-8b44722a-ea4c-4088-b619-5ae2f30007da/userFiles-3e3d22ee-adf3-4d27-92df-0d81480b0c13/org.xerial.snappy_snappy-java-1.1.10.3.jar
[2024-04-25T13:12:45.243+0000] {docker.py:413} INFO - 24/04/25 13:12:45 INFO Executor: Adding file:/tmp/spark-8b44722a-ea4c-4088-b619-5ae2f30007da/userFiles-3e3d22ee-adf3-4d27-92df-0d81480b0c13/org.xerial.snappy_snappy-java-1.1.10.3.jar to class loader default
[2024-04-25T13:12:45.244+0000] {docker.py:413} INFO - 24/04/25 13:12:45 INFO Executor: Fetching spark://localhost:36501/jars/commons-logging_commons-logging-1.1.3.jar with timestamp 1714050763760
[2024-04-25T13:12:45.245+0000] {docker.py:413} INFO - 24/04/25 13:12:45 INFO Utils: Fetching spark://localhost:36501/jars/commons-logging_commons-logging-1.1.3.jar to /tmp/spark-8b44722a-ea4c-4088-b619-5ae2f30007da/userFiles-3e3d22ee-adf3-4d27-92df-0d81480b0c13/fetchFileTemp7759210138169323177.tmp
[2024-04-25T13:12:45.248+0000] {docker.py:413} INFO - 24/04/25 13:12:45 INFO Utils: /tmp/spark-8b44722a-ea4c-4088-b619-5ae2f30007da/userFiles-3e3d22ee-adf3-4d27-92df-0d81480b0c13/fetchFileTemp7759210138169323177.tmp has been previously copied to /tmp/spark-8b44722a-ea4c-4088-b619-5ae2f30007da/userFiles-3e3d22ee-adf3-4d27-92df-0d81480b0c13/commons-logging_commons-logging-1.1.3.jar
[2024-04-25T13:12:45.255+0000] {docker.py:413} INFO - 24/04/25 13:12:45 INFO Executor: Adding file:/tmp/spark-8b44722a-ea4c-4088-b619-5ae2f30007da/userFiles-3e3d22ee-adf3-4d27-92df-0d81480b0c13/commons-logging_commons-logging-1.1.3.jar to class loader default
[2024-04-25T13:12:45.256+0000] {docker.py:413} INFO - 24/04/25 13:12:45 INFO Executor: Fetching spark://localhost:36501/jars/com.google.code.findbugs_jsr305-3.0.0.jar with timestamp 1714050763760
[2024-04-25T13:12:45.256+0000] {docker.py:413} INFO - 24/04/25 13:12:45 INFO Utils: Fetching spark://localhost:36501/jars/com.google.code.findbugs_jsr305-3.0.0.jar to /tmp/spark-8b44722a-ea4c-4088-b619-5ae2f30007da/userFiles-3e3d22ee-adf3-4d27-92df-0d81480b0c13/fetchFileTemp10743531217195630860.tmp
[2024-04-25T13:12:45.259+0000] {docker.py:413} INFO - 24/04/25 13:12:45 INFO Utils: /tmp/spark-8b44722a-ea4c-4088-b619-5ae2f30007da/userFiles-3e3d22ee-adf3-4d27-92df-0d81480b0c13/fetchFileTemp10743531217195630860.tmp has been previously copied to /tmp/spark-8b44722a-ea4c-4088-b619-5ae2f30007da/userFiles-3e3d22ee-adf3-4d27-92df-0d81480b0c13/com.google.code.findbugs_jsr305-3.0.0.jar
[2024-04-25T13:12:45.266+0000] {docker.py:413} INFO - 24/04/25 13:12:45 INFO Executor: Adding file:/tmp/spark-8b44722a-ea4c-4088-b619-5ae2f30007da/userFiles-3e3d22ee-adf3-4d27-92df-0d81480b0c13/com.google.code.findbugs_jsr305-3.0.0.jar to class loader default
[2024-04-25T13:12:45.266+0000] {docker.py:413} INFO - 24/04/25 13:12:45 INFO Executor: Fetching spark://localhost:36501/jars/org.apache.commons_commons-pool2-2.11.1.jar with timestamp 1714050763760
[2024-04-25T13:12:45.269+0000] {docker.py:413} INFO - 24/04/25 13:12:45 INFO Utils: Fetching spark://localhost:36501/jars/org.apache.commons_commons-pool2-2.11.1.jar to /tmp/spark-8b44722a-ea4c-4088-b619-5ae2f30007da/userFiles-3e3d22ee-adf3-4d27-92df-0d81480b0c13/fetchFileTemp16046989493591543195.tmp
[2024-04-25T13:12:45.271+0000] {docker.py:413} INFO - 24/04/25 13:12:45 INFO Utils: /tmp/spark-8b44722a-ea4c-4088-b619-5ae2f30007da/userFiles-3e3d22ee-adf3-4d27-92df-0d81480b0c13/fetchFileTemp16046989493591543195.tmp has been previously copied to /tmp/spark-8b44722a-ea4c-4088-b619-5ae2f30007da/userFiles-3e3d22ee-adf3-4d27-92df-0d81480b0c13/org.apache.commons_commons-pool2-2.11.1.jar
[2024-04-25T13:12:45.278+0000] {docker.py:413} INFO - 24/04/25 13:12:45 INFO Executor: Adding file:/tmp/spark-8b44722a-ea4c-4088-b619-5ae2f30007da/userFiles-3e3d22ee-adf3-4d27-92df-0d81480b0c13/org.apache.commons_commons-pool2-2.11.1.jar to class loader default
[2024-04-25T13:12:45.278+0000] {docker.py:413} INFO - 24/04/25 13:12:45 INFO Executor: Fetching spark://localhost:36501/jars/org.apache.hadoop_hadoop-client-runtime-3.3.4.jar with timestamp 1714050763760
[2024-04-25T13:12:45.279+0000] {docker.py:413} INFO - 24/04/25 13:12:45 INFO Utils: Fetching spark://localhost:36501/jars/org.apache.hadoop_hadoop-client-runtime-3.3.4.jar to /tmp/spark-8b44722a-ea4c-4088-b619-5ae2f30007da/userFiles-3e3d22ee-adf3-4d27-92df-0d81480b0c13/fetchFileTemp2593730628269088004.tmp
[2024-04-25T13:12:45.514+0000] {docker.py:413} INFO - 24/04/25 13:12:45 INFO Utils: /tmp/spark-8b44722a-ea4c-4088-b619-5ae2f30007da/userFiles-3e3d22ee-adf3-4d27-92df-0d81480b0c13/fetchFileTemp2593730628269088004.tmp has been previously copied to /tmp/spark-8b44722a-ea4c-4088-b619-5ae2f30007da/userFiles-3e3d22ee-adf3-4d27-92df-0d81480b0c13/org.apache.hadoop_hadoop-client-runtime-3.3.4.jar
[2024-04-25T13:12:45.524+0000] {docker.py:413} INFO - 24/04/25 13:12:45 INFO Executor: Adding file:/tmp/spark-8b44722a-ea4c-4088-b619-5ae2f30007da/userFiles-3e3d22ee-adf3-4d27-92df-0d81480b0c13/org.apache.hadoop_hadoop-client-runtime-3.3.4.jar to class loader default
[2024-04-25T13:12:45.525+0000] {docker.py:413} INFO - 24/04/25 13:12:45 INFO Executor: Fetching spark://localhost:36501/jars/org.apache.spark_spark-token-provider-kafka-0-10_2.12-3.5.0.jar with timestamp 1714050763760
[2024-04-25T13:12:45.526+0000] {docker.py:413} INFO - 24/04/25 13:12:45 INFO Utils: Fetching spark://localhost:36501/jars/org.apache.spark_spark-token-provider-kafka-0-10_2.12-3.5.0.jar to /tmp/spark-8b44722a-ea4c-4088-b619-5ae2f30007da/userFiles-3e3d22ee-adf3-4d27-92df-0d81480b0c13/fetchFileTemp3783496991261237066.tmp
[2024-04-25T13:12:45.527+0000] {docker.py:413} INFO - 24/04/25 13:12:45 INFO Utils: /tmp/spark-8b44722a-ea4c-4088-b619-5ae2f30007da/userFiles-3e3d22ee-adf3-4d27-92df-0d81480b0c13/fetchFileTemp3783496991261237066.tmp has been previously copied to /tmp/spark-8b44722a-ea4c-4088-b619-5ae2f30007da/userFiles-3e3d22ee-adf3-4d27-92df-0d81480b0c13/org.apache.spark_spark-token-provider-kafka-0-10_2.12-3.5.0.jar
[2024-04-25T13:12:45.534+0000] {docker.py:413} INFO - 24/04/25 13:12:45 INFO Executor: Adding file:/tmp/spark-8b44722a-ea4c-4088-b619-5ae2f30007da/userFiles-3e3d22ee-adf3-4d27-92df-0d81480b0c13/org.apache.spark_spark-token-provider-kafka-0-10_2.12-3.5.0.jar to class loader default
[2024-04-25T13:12:45.535+0000] {docker.py:413} INFO - 24/04/25 13:12:45 INFO Executor: Fetching spark://localhost:36501/jars/org.apache.kafka_kafka-clients-3.4.1.jar with timestamp 1714050763760
[2024-04-25T13:12:45.535+0000] {docker.py:413} INFO - 24/04/25 13:12:45 INFO Utils: Fetching spark://localhost:36501/jars/org.apache.kafka_kafka-clients-3.4.1.jar to /tmp/spark-8b44722a-ea4c-4088-b619-5ae2f30007da/userFiles-3e3d22ee-adf3-4d27-92df-0d81480b0c13/fetchFileTemp14856508606641484407.tmp
[2024-04-25T13:12:45.562+0000] {docker.py:413} INFO - 24/04/25 13:12:45 INFO Utils: /tmp/spark-8b44722a-ea4c-4088-b619-5ae2f30007da/userFiles-3e3d22ee-adf3-4d27-92df-0d81480b0c13/fetchFileTemp14856508606641484407.tmp has been previously copied to /tmp/spark-8b44722a-ea4c-4088-b619-5ae2f30007da/userFiles-3e3d22ee-adf3-4d27-92df-0d81480b0c13/org.apache.kafka_kafka-clients-3.4.1.jar
[2024-04-25T13:12:45.569+0000] {docker.py:413} INFO - 24/04/25 13:12:45 INFO Executor: Adding file:/tmp/spark-8b44722a-ea4c-4088-b619-5ae2f30007da/userFiles-3e3d22ee-adf3-4d27-92df-0d81480b0c13/org.apache.kafka_kafka-clients-3.4.1.jar to class loader default
[2024-04-25T13:12:45.569+0000] {docker.py:413} INFO - 24/04/25 13:12:45 INFO Executor: Fetching spark://localhost:36501/jars/org.apache.hadoop_hadoop-client-api-3.3.4.jar with timestamp 1714050763760
[2024-04-25T13:12:45.570+0000] {docker.py:413} INFO - 24/04/25 13:12:45 INFO Utils: Fetching spark://localhost:36501/jars/org.apache.hadoop_hadoop-client-api-3.3.4.jar to /tmp/spark-8b44722a-ea4c-4088-b619-5ae2f30007da/userFiles-3e3d22ee-adf3-4d27-92df-0d81480b0c13/fetchFileTemp11062604522202338209.tmp
[2024-04-25T13:12:45.673+0000] {docker.py:413} INFO - 24/04/25 13:12:45 INFO Utils: /tmp/spark-8b44722a-ea4c-4088-b619-5ae2f30007da/userFiles-3e3d22ee-adf3-4d27-92df-0d81480b0c13/fetchFileTemp11062604522202338209.tmp has been previously copied to /tmp/spark-8b44722a-ea4c-4088-b619-5ae2f30007da/userFiles-3e3d22ee-adf3-4d27-92df-0d81480b0c13/org.apache.hadoop_hadoop-client-api-3.3.4.jar
[2024-04-25T13:12:45.684+0000] {docker.py:413} INFO - 24/04/25 13:12:45 INFO Executor: Adding file:/tmp/spark-8b44722a-ea4c-4088-b619-5ae2f30007da/userFiles-3e3d22ee-adf3-4d27-92df-0d81480b0c13/org.apache.hadoop_hadoop-client-api-3.3.4.jar to class loader default
[2024-04-25T13:12:45.684+0000] {docker.py:413} INFO - 24/04/25 13:12:45 INFO Executor: Fetching spark://localhost:36501/jars/org.slf4j_slf4j-api-2.0.7.jar with timestamp 1714050763760
[2024-04-25T13:12:45.685+0000] {docker.py:413} INFO - 24/04/25 13:12:45 INFO Utils: Fetching spark://localhost:36501/jars/org.slf4j_slf4j-api-2.0.7.jar to /tmp/spark-8b44722a-ea4c-4088-b619-5ae2f30007da/userFiles-3e3d22ee-adf3-4d27-92df-0d81480b0c13/fetchFileTemp17743380410776279458.tmp
[2024-04-25T13:12:45.687+0000] {docker.py:413} INFO - 24/04/25 13:12:45 INFO Utils: /tmp/spark-8b44722a-ea4c-4088-b619-5ae2f30007da/userFiles-3e3d22ee-adf3-4d27-92df-0d81480b0c13/fetchFileTemp17743380410776279458.tmp has been previously copied to /tmp/spark-8b44722a-ea4c-4088-b619-5ae2f30007da/userFiles-3e3d22ee-adf3-4d27-92df-0d81480b0c13/org.slf4j_slf4j-api-2.0.7.jar
[2024-04-25T13:12:45.693+0000] {docker.py:413} INFO - 24/04/25 13:12:45 INFO Executor: Adding file:/tmp/spark-8b44722a-ea4c-4088-b619-5ae2f30007da/userFiles-3e3d22ee-adf3-4d27-92df-0d81480b0c13/org.slf4j_slf4j-api-2.0.7.jar to class loader default
[2024-04-25T13:12:45.694+0000] {docker.py:413} INFO - 24/04/25 13:12:45 INFO Executor: Fetching spark://localhost:36501/jars/org.postgresql_postgresql-42.5.4.jar with timestamp 1714050763760
[2024-04-25T13:12:45.694+0000] {docker.py:413} INFO - 24/04/25 13:12:45 INFO Utils: Fetching spark://localhost:36501/jars/org.postgresql_postgresql-42.5.4.jar to /tmp/spark-8b44722a-ea4c-4088-b619-5ae2f30007da/userFiles-3e3d22ee-adf3-4d27-92df-0d81480b0c13/fetchFileTemp3482504242690754926.tmp
[2024-04-25T13:12:45.702+0000] {docker.py:413} INFO - 24/04/25 13:12:45 INFO Utils: /tmp/spark-8b44722a-ea4c-4088-b619-5ae2f30007da/userFiles-3e3d22ee-adf3-4d27-92df-0d81480b0c13/fetchFileTemp3482504242690754926.tmp has been previously copied to /tmp/spark-8b44722a-ea4c-4088-b619-5ae2f30007da/userFiles-3e3d22ee-adf3-4d27-92df-0d81480b0c13/org.postgresql_postgresql-42.5.4.jar
[2024-04-25T13:12:45.710+0000] {docker.py:413} INFO - 24/04/25 13:12:45 INFO Executor: Adding file:/tmp/spark-8b44722a-ea4c-4088-b619-5ae2f30007da/userFiles-3e3d22ee-adf3-4d27-92df-0d81480b0c13/org.postgresql_postgresql-42.5.4.jar to class loader default
[2024-04-25T13:12:45.711+0000] {docker.py:413} INFO - 24/04/25 13:12:45 INFO Executor: Fetching spark://localhost:36501/jars/org.checkerframework_checker-qual-3.5.0.jar with timestamp 1714050763760
[2024-04-25T13:12:45.711+0000] {docker.py:413} INFO - 24/04/25 13:12:45 INFO Utils: Fetching spark://localhost:36501/jars/org.checkerframework_checker-qual-3.5.0.jar to /tmp/spark-8b44722a-ea4c-4088-b619-5ae2f30007da/userFiles-3e3d22ee-adf3-4d27-92df-0d81480b0c13/fetchFileTemp6895106804575860801.tmp
[2024-04-25T13:12:45.715+0000] {docker.py:413} INFO - 24/04/25 13:12:45 INFO Utils: /tmp/spark-8b44722a-ea4c-4088-b619-5ae2f30007da/userFiles-3e3d22ee-adf3-4d27-92df-0d81480b0c13/fetchFileTemp6895106804575860801.tmp has been previously copied to /tmp/spark-8b44722a-ea4c-4088-b619-5ae2f30007da/userFiles-3e3d22ee-adf3-4d27-92df-0d81480b0c13/org.checkerframework_checker-qual-3.5.0.jar
[2024-04-25T13:12:45.721+0000] {docker.py:413} INFO - 24/04/25 13:12:45 INFO Executor: Adding file:/tmp/spark-8b44722a-ea4c-4088-b619-5ae2f30007da/userFiles-3e3d22ee-adf3-4d27-92df-0d81480b0c13/org.checkerframework_checker-qual-3.5.0.jar to class loader default
[2024-04-25T13:12:45.722+0000] {docker.py:413} INFO - 24/04/25 13:12:45 INFO Executor: Fetching spark://localhost:36501/jars/org.lz4_lz4-java-1.8.0.jar with timestamp 1714050763760
[2024-04-25T13:12:45.722+0000] {docker.py:413} INFO - 24/04/25 13:12:45 INFO Utils: Fetching spark://localhost:36501/jars/org.lz4_lz4-java-1.8.0.jar to /tmp/spark-8b44722a-ea4c-4088-b619-5ae2f30007da/userFiles-3e3d22ee-adf3-4d27-92df-0d81480b0c13/fetchFileTemp1676928706360100017.tmp
[2024-04-25T13:12:45.727+0000] {docker.py:413} INFO - 24/04/25 13:12:45 INFO Utils: /tmp/spark-8b44722a-ea4c-4088-b619-5ae2f30007da/userFiles-3e3d22ee-adf3-4d27-92df-0d81480b0c13/fetchFileTemp1676928706360100017.tmp has been previously copied to /tmp/spark-8b44722a-ea4c-4088-b619-5ae2f30007da/userFiles-3e3d22ee-adf3-4d27-92df-0d81480b0c13/org.lz4_lz4-java-1.8.0.jar
[2024-04-25T13:12:45.735+0000] {docker.py:413} INFO - 24/04/25 13:12:45 INFO Executor: Adding file:/tmp/spark-8b44722a-ea4c-4088-b619-5ae2f30007da/userFiles-3e3d22ee-adf3-4d27-92df-0d81480b0c13/org.lz4_lz4-java-1.8.0.jar to class loader default
[2024-04-25T13:12:45.735+0000] {docker.py:413} INFO - 24/04/25 13:12:45 INFO Executor: Fetching spark://localhost:36501/jars/org.apache.spark_spark-sql-kafka-0-10_2.12-3.5.0.jar with timestamp 1714050763760
[2024-04-25T13:12:45.736+0000] {docker.py:413} INFO - 24/04/25 13:12:45 INFO Utils: Fetching spark://localhost:36501/jars/org.apache.spark_spark-sql-kafka-0-10_2.12-3.5.0.jar to /tmp/spark-8b44722a-ea4c-4088-b619-5ae2f30007da/userFiles-3e3d22ee-adf3-4d27-92df-0d81480b0c13/fetchFileTemp2401974316970619378.tmp
[2024-04-25T13:12:45.739+0000] {docker.py:413} INFO - 24/04/25 13:12:45 INFO Utils: /tmp/spark-8b44722a-ea4c-4088-b619-5ae2f30007da/userFiles-3e3d22ee-adf3-4d27-92df-0d81480b0c13/fetchFileTemp2401974316970619378.tmp has been previously copied to /tmp/spark-8b44722a-ea4c-4088-b619-5ae2f30007da/userFiles-3e3d22ee-adf3-4d27-92df-0d81480b0c13/org.apache.spark_spark-sql-kafka-0-10_2.12-3.5.0.jar
[2024-04-25T13:12:45.746+0000] {docker.py:413} INFO - 24/04/25 13:12:45 INFO Executor: Adding file:/tmp/spark-8b44722a-ea4c-4088-b619-5ae2f30007da/userFiles-3e3d22ee-adf3-4d27-92df-0d81480b0c13/org.apache.spark_spark-sql-kafka-0-10_2.12-3.5.0.jar to class loader default
[2024-04-25T13:12:45.758+0000] {docker.py:413} INFO - 24/04/25 13:12:45 INFO Utils: Successfully started service 'org.apache.spark.network.netty.NettyBlockTransferService' on port 36135.
[2024-04-25T13:12:45.758+0000] {docker.py:413} INFO - 24/04/25 13:12:45 INFO NettyBlockTransferService: Server created on localhost:36135
[2024-04-25T13:12:45.760+0000] {docker.py:413} INFO - 24/04/25 13:12:45 INFO BlockManager: Using org.apache.spark.storage.RandomBlockReplicationPolicy for block replication policy
[2024-04-25T13:12:45.767+0000] {docker.py:413} INFO - 24/04/25 13:12:45 INFO BlockManagerMaster: Registering BlockManager BlockManagerId(driver, localhost, 36135, None)
[2024-04-25T13:12:45.771+0000] {docker.py:413} INFO - 24/04/25 13:12:45 INFO BlockManagerMasterEndpoint: Registering block manager localhost:36135 with 434.4 MiB RAM, BlockManagerId(driver, localhost, 36135, None)
[2024-04-25T13:12:45.774+0000] {docker.py:413} INFO - 24/04/25 13:12:45 INFO BlockManagerMaster: Registered BlockManager BlockManagerId(driver, localhost, 36135, None)
[2024-04-25T13:12:45.775+0000] {docker.py:413} INFO - 24/04/25 13:12:45 INFO BlockManager: Initialized BlockManager: BlockManagerId(driver, localhost, 36135, None)
[2024-04-25T13:12:46.277+0000] {docker.py:413} INFO - 2024-04-25 13:12:46,276:create_spark_session:INFO:Spark session created successfully
[2024-04-25T13:12:46.288+0000] {docker.py:413} INFO - 24/04/25 13:12:46 INFO SharedState: Setting hive.metastore.warehouse.dir ('null') to the value of spark.sql.warehouse.dir.
[2024-04-25T13:12:46.292+0000] {docker.py:413} INFO - 24/04/25 13:12:46 INFO SharedState: Warehouse path is 'file:/opt/bitnami/spark/spark-warehouse'.
[2024-04-25T13:12:48.132+0000] {docker.py:413} INFO - 2024-04-25 13:12:48,131:create_initial_dataframe:INFO:Initial dataframe created successfully
[2024-04-25T13:12:48.848+0000] {docker.py:413} INFO - Traceback (most recent call last):
  File "/opt/bitnami/spark/spark_streaming.py", line 103, in <module>
    write_to_postgres()
  File "/opt/bitnami/spark/spark_streaming.py", line 99, in write_to_postgres
    start_streaming(df_final, spark=spark)
  File "/opt/bitnami/spark/spark_streaming.py", line 73, in start_streaming
    existing_data_df = spark.read.jdbc(
                       ^^^^^^^^^^^^^^^^
  File "/opt/bitnami/spark/python/lib/pyspark.zip/pyspark/sql/readwriter.py", line 946, in jdbc
  File "/opt/bitnami/spark/python/lib/py4j-0.10.9.7-src.zip/py4j/java_gateway.py", line 1322, in __call__
[2024-04-25T13:12:48.850+0000] {docker.py:413} INFO - File "/opt/bitnami/spark/python/lib/pyspark.zip/pyspark/errors/exceptions/captured.py", line 179, in deco
  File "/opt/bitnami/spark/python/lib/py4j-0.10.9.7-src.zip/py4j/protocol.py", line 326, in get_return_value
py4j.protocol.Py4JJavaError
[2024-04-25T13:12:48.856+0000] {docker.py:413} INFO - : An error occurred while calling o50.jdbc.
: org.postgresql.util.PSQLException: The connection attempt failed.
	at org.postgresql.core.v3.ConnectionFactoryImpl.openConnectionImpl(ConnectionFactoryImpl.java:354)
	at org.postgresql.core.ConnectionFactory.openConnection(ConnectionFactory.java:54)
	at org.postgresql.jdbc.PgConnection.<init>(PgConnection.java:253)
	at org.postgresql.Driver.makeConnection(Driver.java:434)
	at org.postgresql.Driver.connect(Driver.java:291)
	at org.apache.spark.sql.execution.datasources.jdbc.connection.BasicConnectionProvider.getConnection(BasicConnectionProvider.scala:49)
	at org.apache.spark.sql.execution.datasources.jdbc.connection.ConnectionProviderBase.create(ConnectionProvider.scala:102)
	at org.apache.spark.sql.jdbc.JdbcDialect.$anonfun$createConnectionFactory$1(JdbcDialects.scala:160)
	at org.apache.spark.sql.jdbc.JdbcDialect.$anonfun$createConnectionFactory$1$adapted(JdbcDialects.scala:156)
	at org.apache.spark.sql.execution.datasources.jdbc.JDBCRDD$.getQueryOutputSchema(JD
[2024-04-25T13:12:48.857+0000] {docker.py:413} INFO - BCRDD.scala:63)
	at org.apache.spark.sql.execution.datasources.jdbc.JDBCRDD$.resolveTable(JDBCRDD.scala:58)
	at org.apache.spark.sql.execution.datasources.jdbc.JDBCRelation$.getSchema(JDBCRelation.scala:241)
	at org.apache.spark.sql.execution.datasources.jdbc.JdbcRelationProvider.createRelation(JdbcRelationProvider.scala:37)
	at org.apache.spark.sql.execution.datasources.DataSource.resolveRelation(DataSource.scala:346)
	at org.apache.spark.sql.DataFrameReader.loadV1Source(DataFrameReader.scala:229)
	at org.apache.spark.sql.DataFrameReader.$anonfun$load$2(DataFrameReader.scala:211)
	at scala.Option.getOrElse(Option.scala:189)
	at org.apache.spark.sql.DataFrameReader.load(DataFrameReader.scala:211)
	at org.apache.spark.sql.DataFrameReader.load(DataFrameReader.scala:172)
	at org.apache.spark.sql.DataFrameReader.jdbc(DataFrameReader.scala:249)
	at java.base/jdk.internal.reflect.NativeMethodAccessorImpl.invoke0(Native Method)
	at java.base/jdk.internal.reflect.NativeMethodAccessorImpl.invoke(NativeMethodAccessorIm
[2024-04-25T13:12:48.858+0000] {docker.py:413} INFO - pl.java:77)
	at java.base/jdk.internal.reflect.DelegatingMethodAccessorImpl.invoke(DelegatingMethodAccessorImpl.java:43)
	at java.base/java.lang.reflect.Method.invoke(Method.java:568)
	at py4j.reflection.MethodInvoker.invoke(MethodInvoker.java:244)
	at py4j.reflection.ReflectionEngine.invoke(ReflectionEngine.java:374)
	at py4j.Gateway.invoke(Gateway.java:282)
	at py4j.commands.AbstractCommand.invokeMethod(AbstractCommand.java:132)
	at py4j.commands.CallCommand.execute(CallCommand.java:79)
	at py4j.ClientServerConnection.waitForCommands(ClientServerConnection.java:182)
	at py4j.ClientServerConnection.run(ClientServerConnection.java:106)
	at java.base/java.lang.Thread.run(Thread.java:840)
Caused by: java.net.UnknownHostException: host.docker.internal
	at java.base/sun.nio.ch.NioSocketImpl.connect(NioSocketImpl.java:572)
	at java.base/java.net.SocksSocketImpl.connect(SocksSocketImpl.java:327)
	at java.base/java.net.Socket.connect(Socket.java:633)
	at org.postgresql.core.PGStream.createSocket(PGStream.java:243)
[2024-04-25T13:12:48.858+0000] {docker.py:413} INFO - at org.postgresql.core.PGStream.<init>(PGStream.java:98)
	at org.postgresql.core.v3.ConnectionFactoryImpl.tryConnect(ConnectionFactoryImpl.java:132)
	at org.postgresql.core.v3.ConnectionFactoryImpl.openConnectionImpl(ConnectionFactoryImpl.java:258)
	... 31 more

2024-04-25 13:12:48,850:close:INFO:Closing down clientserver connection
[2024-04-25T13:12:48.919+0000] {docker.py:413} INFO - 24/04/25 13:12:48 INFO SparkContext: Invoking stop() from shutdown hook
[2024-04-25T13:12:48.919+0000] {docker.py:413} INFO - 24/04/25 13:12:48 INFO SparkContext: SparkContext is stopping with exitCode 0.
[2024-04-25T13:12:48.933+0000] {docker.py:413} INFO - 24/04/25 13:12:48 INFO SparkUI: Stopped Spark web UI at http://localhost:4040
[2024-04-25T13:12:48.950+0000] {docker.py:413} INFO - 24/04/25 13:12:48 INFO MapOutputTrackerMasterEndpoint: MapOutputTrackerMasterEndpoint stopped!
[2024-04-25T13:12:48.966+0000] {docker.py:413} INFO - 24/04/25 13:12:48 INFO MemoryStore: MemoryStore cleared
[2024-04-25T13:12:48.966+0000] {docker.py:413} INFO - 24/04/25 13:12:48 INFO BlockManager: BlockManager stopped
[2024-04-25T13:12:48.973+0000] {docker.py:413} INFO - 24/04/25 13:12:48 INFO BlockManagerMaster: BlockManagerMaster stopped
[2024-04-25T13:12:48.977+0000] {docker.py:413} INFO - 24/04/25 13:12:48 INFO OutputCommitCoordinator$OutputCommitCoordinatorEndpoint: OutputCommitCoordinator stopped!
[2024-04-25T13:12:49.002+0000] {docker.py:413} INFO - 24/04/25 13:12:49 INFO SparkContext: Successfully stopped SparkContext
[2024-04-25T13:12:49.002+0000] {docker.py:413} INFO - 24/04/25 13:12:49 INFO ShutdownHookManager: Shutdown hook called
[2024-04-25T13:12:49.003+0000] {docker.py:413} INFO - 24/04/25 13:12:49 INFO ShutdownHookManager: Deleting directory /tmp/spark-8b44722a-ea4c-4088-b619-5ae2f30007da
[2024-04-25T13:12:49.010+0000] {docker.py:413} INFO - 24/04/25 13:12:49 INFO ShutdownHookManager: Deleting directory /tmp/spark-8b44722a-ea4c-4088-b619-5ae2f30007da/pyspark-c220b79e-f4b3-46c9-8bdf-cf57e666f6da
[2024-04-25T13:12:49.015+0000] {docker.py:413} INFO - 24/04/25 13:12:49 INFO ShutdownHookManager: Deleting directory /tmp/spark-f1a9d8bb-0897-4f07-862e-dfa3cff510bc
[2024-04-25T13:12:49.932+0000] {taskinstance.py:1937} ERROR - Task failed with exception
Traceback (most recent call last):
  File "/home/airflow/.local/lib/python3.8/site-packages/docker/api/client.py", line 268, in _raise_for_status
    response.raise_for_status()
  File "/home/airflow/.local/lib/python3.8/site-packages/requests/models.py", line 1021, in raise_for_status
    raise HTTPError(http_error_msg, response=self)
requests.exceptions.HTTPError: 400 Client Error: Bad Request for url: http://docker-proxy:2375/v1.45/containers/create

The above exception was the direct cause of the following exception:

Traceback (most recent call last):
  File "/home/airflow/.local/lib/python3.8/site-packages/airflow/providers/docker/operators/docker.py", line 348, in _run_image
    return self._run_image_with_mounts([*self.mounts, tmp_mount], add_tmp_variable=True)
  File "/home/airflow/.local/lib/python3.8/site-packages/airflow/providers/docker/operators/docker.py", line 375, in _run_image_with_mounts
    self.container = self.cli.create_container(
  File "/home/airflow/.local/lib/python3.8/site-packages/docker/api/container.py", line 431, in create_container
    return self.create_container_from_config(config, name, platform)
  File "/home/airflow/.local/lib/python3.8/site-packages/docker/api/container.py", line 448, in create_container_from_config
    return self._result(res, True)
  File "/home/airflow/.local/lib/python3.8/site-packages/docker/api/client.py", line 274, in _result
    self._raise_for_status(response)
  File "/home/airflow/.local/lib/python3.8/site-packages/docker/api/client.py", line 270, in _raise_for_status
    raise create_api_error_from_http_exception(e) from e
  File "/home/airflow/.local/lib/python3.8/site-packages/docker/errors.py", line 39, in create_api_error_from_http_exception
    raise cls(e, response=response, explanation=explanation) from e
docker.errors.APIError: 400 Client Error for http://docker-proxy:2375/v1.45/containers/create: Bad Request ("invalid mount config for type "bind": bind source path does not exist: /tmp/airflowtmpdfdos0mp")

During handling of the above exception, another exception occurred:

Traceback (most recent call last):
  File "/home/airflow/.local/lib/python3.8/site-packages/airflow/providers/docker/operators/docker.py", line 486, in execute
    return self._run_image()
  File "/home/airflow/.local/lib/python3.8/site-packages/airflow/providers/docker/operators/docker.py", line 357, in _run_image
    return self._run_image_with_mounts(self.mounts, add_tmp_variable=False)
  File "/home/airflow/.local/lib/python3.8/site-packages/airflow/providers/docker/operators/docker.py", line 421, in _run_image_with_mounts
    raise DockerContainerFailedException(f"Docker container failed: {result!r}", logs=log_lines)
airflow.providers.docker.exceptions.DockerContainerFailedException: Docker container failed: {'StatusCode': 1}
[2024-04-25T13:12:49.938+0000] {taskinstance.py:1400} INFO - Marking task as FAILED. dag_id=kafka_spark_dag, task_id=pyspark_consumer, execution_date=20240425T131201, start_date=20240425T131231, end_date=20240425T131249
[2024-04-25T13:12:49.955+0000] {standard_task_runner.py:104} ERROR - Failed to execute job 15 for task pyspark_consumer (Docker container failed: {'StatusCode': 1}; 1146)
[2024-04-25T13:12:49.998+0000] {local_task_job_runner.py:228} INFO - Task exited with return code 1
[2024-04-25T13:12:50.019+0000] {taskinstance.py:2778} INFO - 0 downstream tasks scheduled from follow-on schedule check
