[2024-04-27T03:43:17.883+0000] {processor.py:157} INFO - Started process (PID=165) to work on /opt/airflow/dags/dag_kafka_spark.py
[2024-04-27T03:43:17.884+0000] {processor.py:829} INFO - Processing file /opt/airflow/dags/dag_kafka_spark.py for tasks to queue
[2024-04-27T03:43:17.886+0000] {logging_mixin.py:154} INFO - [2024-04-27T03:43:17.885+0000] {dagbag.py:536} INFO - Filling up the DagBag from /opt/airflow/dags/dag_kafka_spark.py
[2024-04-27T03:43:18.105+0000] {processor.py:839} INFO - DAG(s) dict_keys(['kafka_spark_dag']) retrieved from /opt/airflow/dags/dag_kafka_spark.py
[2024-04-27T03:43:18.540+0000] {logging_mixin.py:154} WARNING - 2024-04-27 03:43:18,540 - Sync 1 DAGs
[2024-04-27T03:43:18.579+0000] {logging_mixin.py:154} WARNING - 2024-04-27 03:43:18,578 - Setting next_dagrun for kafka_spark_dag to 2024-04-26T03:43:18.578129+00:00, run_after=2024-04-27T03:43:18.578129+00:00
[2024-04-27T03:43:18.615+0000] {processor.py:179} INFO - Processing /opt/airflow/dags/dag_kafka_spark.py took 0.739 seconds
[2024-04-27T03:43:48.760+0000] {processor.py:157} INFO - Started process (PID=432) to work on /opt/airflow/dags/dag_kafka_spark.py
[2024-04-27T03:43:48.763+0000] {processor.py:829} INFO - Processing file /opt/airflow/dags/dag_kafka_spark.py for tasks to queue
[2024-04-27T03:43:48.765+0000] {logging_mixin.py:154} INFO - [2024-04-27T03:43:48.764+0000] {dagbag.py:536} INFO - Filling up the DagBag from /opt/airflow/dags/dag_kafka_spark.py
[2024-04-27T03:43:48.863+0000] {processor.py:839} INFO - DAG(s) dict_keys(['kafka_spark_dag']) retrieved from /opt/airflow/dags/dag_kafka_spark.py
[2024-04-27T03:43:49.027+0000] {logging_mixin.py:154} WARNING - 2024-04-27 03:43:49,027 - Sync 1 DAGs
[2024-04-27T03:43:49.066+0000] {logging_mixin.py:154} WARNING - 2024-04-27 03:43:49,065 - Setting next_dagrun for kafka_spark_dag to 2024-04-27T03:43:18.578129+00:00, run_after=2024-04-28T03:43:18.578129+00:00
[2024-04-27T03:43:49.338+0000] {processor.py:179} INFO - Processing /opt/airflow/dags/dag_kafka_spark.py took 0.586 seconds
[2024-04-27T03:44:19.400+0000] {processor.py:157} INFO - Started process (PID=690) to work on /opt/airflow/dags/dag_kafka_spark.py
[2024-04-27T03:44:19.402+0000] {processor.py:829} INFO - Processing file /opt/airflow/dags/dag_kafka_spark.py for tasks to queue
[2024-04-27T03:44:19.404+0000] {logging_mixin.py:154} INFO - [2024-04-27T03:44:19.403+0000] {dagbag.py:536} INFO - Filling up the DagBag from /opt/airflow/dags/dag_kafka_spark.py
[2024-04-27T03:44:19.497+0000] {processor.py:839} INFO - DAG(s) dict_keys(['kafka_spark_dag']) retrieved from /opt/airflow/dags/dag_kafka_spark.py
[2024-04-27T03:44:19.901+0000] {logging_mixin.py:154} WARNING - 2024-04-27 03:44:19,901 - Sync 1 DAGs
[2024-04-27T03:44:19.935+0000] {logging_mixin.py:154} WARNING - 2024-04-27 03:44:19,935 - Setting next_dagrun for kafka_spark_dag to 2024-04-27T03:43:18.578129+00:00, run_after=2024-04-28T03:43:18.578129+00:00
[2024-04-27T03:44:19.960+0000] {processor.py:179} INFO - Processing /opt/airflow/dags/dag_kafka_spark.py took 0.568 seconds
[2024-04-27T03:44:50.129+0000] {processor.py:157} INFO - Started process (PID=951) to work on /opt/airflow/dags/dag_kafka_spark.py
[2024-04-27T03:44:50.131+0000] {processor.py:829} INFO - Processing file /opt/airflow/dags/dag_kafka_spark.py for tasks to queue
[2024-04-27T03:44:50.132+0000] {logging_mixin.py:154} INFO - [2024-04-27T03:44:50.132+0000] {dagbag.py:536} INFO - Filling up the DagBag from /opt/airflow/dags/dag_kafka_spark.py
[2024-04-27T03:44:50.214+0000] {processor.py:839} INFO - DAG(s) dict_keys(['kafka_spark_dag']) retrieved from /opt/airflow/dags/dag_kafka_spark.py
[2024-04-27T03:44:50.376+0000] {logging_mixin.py:154} WARNING - 2024-04-27 03:44:50,376 - Sync 1 DAGs
[2024-04-27T03:44:50.663+0000] {logging_mixin.py:154} WARNING - 2024-04-27 03:44:50,663 - Setting next_dagrun for kafka_spark_dag to 2024-04-27T03:43:18.578129+00:00, run_after=2024-04-28T03:43:18.578129+00:00
[2024-04-27T03:44:50.690+0000] {processor.py:179} INFO - Processing /opt/airflow/dags/dag_kafka_spark.py took 0.567 seconds
[2024-04-27T03:45:20.867+0000] {processor.py:157} INFO - Started process (PID=1192) to work on /opt/airflow/dags/dag_kafka_spark.py
[2024-04-27T03:45:20.869+0000] {processor.py:829} INFO - Processing file /opt/airflow/dags/dag_kafka_spark.py for tasks to queue
[2024-04-27T03:45:20.871+0000] {logging_mixin.py:154} INFO - [2024-04-27T03:45:20.870+0000] {dagbag.py:536} INFO - Filling up the DagBag from /opt/airflow/dags/dag_kafka_spark.py
[2024-04-27T03:45:20.943+0000] {processor.py:839} INFO - DAG(s) dict_keys(['kafka_spark_dag']) retrieved from /opt/airflow/dags/dag_kafka_spark.py
[2024-04-27T03:45:21.081+0000] {logging_mixin.py:154} WARNING - 2024-04-27 03:45:21,080 - Sync 1 DAGs
[2024-04-27T03:45:21.411+0000] {logging_mixin.py:154} WARNING - 2024-04-27 03:45:21,411 - Setting next_dagrun for kafka_spark_dag to 2024-04-27T03:43:18.578129+00:00, run_after=2024-04-28T03:43:18.578129+00:00
[2024-04-27T03:45:21.450+0000] {processor.py:179} INFO - Processing /opt/airflow/dags/dag_kafka_spark.py took 0.590 seconds
[2024-04-27T03:45:52.217+0000] {processor.py:157} INFO - Started process (PID=1437) to work on /opt/airflow/dags/dag_kafka_spark.py
[2024-04-27T03:45:52.220+0000] {processor.py:829} INFO - Processing file /opt/airflow/dags/dag_kafka_spark.py for tasks to queue
[2024-04-27T03:45:52.222+0000] {logging_mixin.py:154} INFO - [2024-04-27T03:45:52.221+0000] {dagbag.py:536} INFO - Filling up the DagBag from /opt/airflow/dags/dag_kafka_spark.py
[2024-04-27T03:45:52.325+0000] {processor.py:839} INFO - DAG(s) dict_keys(['kafka_spark_dag']) retrieved from /opt/airflow/dags/dag_kafka_spark.py
[2024-04-27T03:45:52.773+0000] {logging_mixin.py:154} WARNING - 2024-04-27 03:45:52,773 - Sync 1 DAGs
[2024-04-27T03:45:52.802+0000] {logging_mixin.py:154} WARNING - 2024-04-27 03:45:52,802 - Setting next_dagrun for kafka_spark_dag to 2024-04-27T03:43:18.578129+00:00, run_after=2024-04-28T03:43:18.578129+00:00
[2024-04-27T03:45:52.832+0000] {processor.py:179} INFO - Processing /opt/airflow/dags/dag_kafka_spark.py took 0.623 seconds
[2024-04-27T03:46:23.222+0000] {processor.py:157} INFO - Started process (PID=1680) to work on /opt/airflow/dags/dag_kafka_spark.py
[2024-04-27T03:46:23.229+0000] {processor.py:829} INFO - Processing file /opt/airflow/dags/dag_kafka_spark.py for tasks to queue
[2024-04-27T03:46:23.231+0000] {logging_mixin.py:154} INFO - [2024-04-27T03:46:23.230+0000] {dagbag.py:536} INFO - Filling up the DagBag from /opt/airflow/dags/dag_kafka_spark.py
[2024-04-27T03:46:23.314+0000] {processor.py:839} INFO - DAG(s) dict_keys(['kafka_spark_dag']) retrieved from /opt/airflow/dags/dag_kafka_spark.py
[2024-04-27T03:46:23.758+0000] {logging_mixin.py:154} WARNING - 2024-04-27 03:46:23,758 - Sync 1 DAGs
[2024-04-27T03:46:23.796+0000] {logging_mixin.py:154} WARNING - 2024-04-27 03:46:23,796 - Setting next_dagrun for kafka_spark_dag to 2024-04-27T03:43:18.578129+00:00, run_after=2024-04-28T03:43:18.578129+00:00
[2024-04-27T03:46:23.831+0000] {processor.py:179} INFO - Processing /opt/airflow/dags/dag_kafka_spark.py took 0.616 seconds
[2024-04-27T03:46:53.899+0000] {processor.py:157} INFO - Started process (PID=1939) to work on /opt/airflow/dags/dag_kafka_spark.py
[2024-04-27T03:46:53.901+0000] {processor.py:829} INFO - Processing file /opt/airflow/dags/dag_kafka_spark.py for tasks to queue
[2024-04-27T03:46:53.903+0000] {logging_mixin.py:154} INFO - [2024-04-27T03:46:53.902+0000] {dagbag.py:536} INFO - Filling up the DagBag from /opt/airflow/dags/dag_kafka_spark.py
[2024-04-27T03:46:53.974+0000] {processor.py:839} INFO - DAG(s) dict_keys(['kafka_spark_dag']) retrieved from /opt/airflow/dags/dag_kafka_spark.py
[2024-04-27T03:46:54.388+0000] {logging_mixin.py:154} WARNING - 2024-04-27 03:46:54,388 - Sync 1 DAGs
[2024-04-27T03:46:54.413+0000] {logging_mixin.py:154} WARNING - 2024-04-27 03:46:54,412 - Setting next_dagrun for kafka_spark_dag to 2024-04-27T03:43:18.578129+00:00, run_after=2024-04-28T03:43:18.578129+00:00
[2024-04-27T03:46:54.440+0000] {processor.py:179} INFO - Processing /opt/airflow/dags/dag_kafka_spark.py took 0.546 seconds
[2024-04-27T03:47:25.271+0000] {processor.py:157} INFO - Started process (PID=2182) to work on /opt/airflow/dags/dag_kafka_spark.py
[2024-04-27T03:47:25.273+0000] {processor.py:829} INFO - Processing file /opt/airflow/dags/dag_kafka_spark.py for tasks to queue
[2024-04-27T03:47:25.274+0000] {logging_mixin.py:154} INFO - [2024-04-27T03:47:25.274+0000] {dagbag.py:536} INFO - Filling up the DagBag from /opt/airflow/dags/dag_kafka_spark.py
[2024-04-27T03:47:25.352+0000] {processor.py:839} INFO - DAG(s) dict_keys(['kafka_spark_dag']) retrieved from /opt/airflow/dags/dag_kafka_spark.py
[2024-04-27T03:47:25.745+0000] {logging_mixin.py:154} WARNING - 2024-04-27 03:47:25,745 - Sync 1 DAGs
[2024-04-27T03:47:25.777+0000] {logging_mixin.py:154} WARNING - 2024-04-27 03:47:25,777 - Setting next_dagrun for kafka_spark_dag to 2024-04-27T03:43:18.578129+00:00, run_after=2024-04-28T03:43:18.578129+00:00
[2024-04-27T03:47:25.804+0000] {processor.py:179} INFO - Processing /opt/airflow/dags/dag_kafka_spark.py took 0.538 seconds
