[2024-04-30T06:14:35.335+0000] {taskinstance.py:1159} INFO - Dependencies all met for dep_context=non-requeueable deps ti=<TaskInstance: kafka_spark_dag.pyspark_consumer manual__2024-04-30T06:14:29.331135+00:00 [queued]>
[2024-04-30T06:14:35.348+0000] {taskinstance.py:1159} INFO - Dependencies all met for dep_context=requeueable deps ti=<TaskInstance: kafka_spark_dag.pyspark_consumer manual__2024-04-30T06:14:29.331135+00:00 [queued]>
[2024-04-30T06:14:35.349+0000] {taskinstance.py:1361} INFO - Starting attempt 1 of 2
[2024-04-30T06:14:35.370+0000] {taskinstance.py:1382} INFO - Executing <Task(DockerOperator): pyspark_consumer> on 2024-04-30 06:14:29.331135+00:00
[2024-04-30T06:14:35.380+0000] {standard_task_runner.py:57} INFO - Started process 3831 to run task
[2024-04-30T06:14:35.386+0000] {standard_task_runner.py:84} INFO - Running: ['***', 'tasks', 'run', 'kafka_spark_dag', 'pyspark_consumer', 'manual__2024-04-30T06:14:29.331135+00:00', '--job-id', '34', '--raw', '--subdir', 'DAGS_FOLDER/dag_kafka_spark.py', '--cfg-path', '/tmp/tmpusacjlqm']
[2024-04-30T06:14:35.392+0000] {standard_task_runner.py:85} INFO - Job 34: Subtask pyspark_consumer
[2024-04-30T06:14:35.471+0000] {task_command.py:416} INFO - Running <TaskInstance: kafka_spark_dag.pyspark_consumer manual__2024-04-30T06:14:29.331135+00:00 [running]> on host fb2a3c3d6004
[2024-04-30T06:14:35.618+0000] {taskinstance.py:1662} INFO - Exporting env vars: AIRFLOW_CTX_DAG_OWNER='***' AIRFLOW_CTX_DAG_ID='kafka_spark_dag' AIRFLOW_CTX_TASK_ID='pyspark_consumer' AIRFLOW_CTX_EXECUTION_DATE='2024-04-30T06:14:29.331135+00:00' AIRFLOW_CTX_TRY_NUMBER='1' AIRFLOW_CTX_DAG_RUN_ID='manual__2024-04-30T06:14:29.331135+00:00'
[2024-04-30T06:14:35.653+0000] {docker.py:343} INFO - Starting docker container from image rappel-conso/spark:latest
[2024-04-30T06:14:35.659+0000] {docker.py:351} WARNING - Using remote engine or docker-in-docker and mounting temporary volume from host is not supported. Falling back to `mount_tmp_dir=False` mode. You can set `mount_tmp_dir` parameter to False to disable mounting and remove the warning
[2024-04-30T06:14:36.138+0000] {docker.py:413} INFO - [38;5;6mspark [38;5;5m06:14:36.13 [0m[38;5;2mINFO [0m ==>
[2024-04-30T06:14:36.141+0000] {docker.py:413} INFO - [38;5;6mspark [38;5;5m06:14:36.14 [0m[38;5;2mINFO [0m ==> [1mWelcome to the Bitnami spark container[0m
[2024-04-30T06:14:36.144+0000] {docker.py:413} INFO - [38;5;6mspark [38;5;5m06:14:36.14 [0m[38;5;2mINFO [0m ==> Subscribe to project updates by watching [1mhttps://github.com/bitnami/containers[0m
[2024-04-30T06:14:36.147+0000] {docker.py:413} INFO - [38;5;6mspark [38;5;5m06:14:36.14 [0m[38;5;2mINFO [0m ==> Submit issues and feature requests at [1mhttps://github.com/bitnami/containers/issues[0m
[2024-04-30T06:14:36.150+0000] {docker.py:413} INFO - [38;5;6mspark [38;5;5m06:14:36.14 [0m[38;5;2mINFO [0m ==>
[2024-04-30T06:14:36.164+0000] {docker.py:413} INFO - 
[2024-04-30T06:14:40.143+0000] {docker.py:413} INFO - :: loading settings :: url = jar:file:/opt/bitnami/spark/jars/ivy-2.5.1.jar!/org/apache/ivy/core/settings/ivysettings.xml
[2024-04-30T06:14:40.356+0000] {docker.py:413} INFO - Ivy Default Cache set to: /opt/bitnami/spark/.ivy2/cache
[2024-04-30T06:14:40.357+0000] {docker.py:413} INFO - The jars for the packages stored in: /opt/bitnami/spark/.ivy2/jars
[2024-04-30T06:14:40.373+0000] {docker.py:413} INFO - org.postgresql#postgresql added as a dependency
[2024-04-30T06:14:40.374+0000] {docker.py:413} INFO - org.apache.spark#spark-sql-kafka-0-10_2.12 added as a dependency
[2024-04-30T06:14:40.378+0000] {docker.py:413} INFO - :: resolving dependencies :: org.apache.spark#spark-submit-parent-782a28dd-d120-4828-91b4-6d80e74fcb35;1.0
[2024-04-30T06:14:40.379+0000] {docker.py:413} INFO - confs: [default]
[2024-04-30T06:14:41.939+0000] {docker.py:413} INFO - found org.postgresql#postgresql;42.5.4 in central
[2024-04-30T06:14:42.039+0000] {docker.py:413} INFO - found org.checkerframework#checker-qual;3.5.0 in central
[2024-04-30T06:14:43.420+0000] {docker.py:413} INFO - found org.apache.spark#spark-sql-kafka-0-10_2.12;3.5.0 in central
[2024-04-30T06:14:44.573+0000] {docker.py:413} INFO - found org.apache.spark#spark-token-provider-kafka-0-10_2.12;3.5.0 in central
[2024-04-30T06:14:44.768+0000] {docker.py:413} INFO - found org.apache.kafka#kafka-clients;3.4.1 in central
[2024-04-30T06:14:44.865+0000] {docker.py:413} INFO - found org.lz4#lz4-java;1.8.0 in central
[2024-04-30T06:14:45.005+0000] {docker.py:413} INFO - found org.xerial.snappy#snappy-java;1.1.10.3 in central
[2024-04-30T06:14:45.517+0000] {docker.py:413} INFO - found org.slf4j#slf4j-api;2.0.7 in central
[2024-04-30T06:14:46.661+0000] {docker.py:413} INFO - found org.apache.hadoop#hadoop-client-runtime;3.3.4 in central
[2024-04-30T06:14:47.010+0000] {docker.py:413} INFO - found org.apache.hadoop#hadoop-client-api;3.3.4 in central
[2024-04-30T06:14:47.425+0000] {docker.py:413} INFO - found commons-logging#commons-logging;1.1.3 in central
[2024-04-30T06:14:47.775+0000] {docker.py:413} INFO - found com.google.code.findbugs#jsr305;3.0.0 in central
[2024-04-30T06:14:49.254+0000] {docker.py:413} INFO - found org.apache.commons#commons-pool2;2.11.1 in central
[2024-04-30T06:14:49.313+0000] {docker.py:413} INFO - downloading https://repo1.maven.org/maven2/org/postgresql/postgresql/42.5.4/postgresql-42.5.4.jar ...
[2024-04-30T06:14:49.479+0000] {docker.py:413} INFO - [SUCCESSFUL ] org.postgresql#postgresql;42.5.4!postgresql.jar (184ms)
[2024-04-30T06:14:49.494+0000] {docker.py:413} INFO - downloading https://repo1.maven.org/maven2/org/apache/spark/spark-sql-kafka-0-10_2.12/3.5.0/spark-sql-kafka-0-10_2.12-3.5.0.jar ...
[2024-04-30T06:14:49.544+0000] {docker.py:413} INFO - [SUCCESSFUL ] org.apache.spark#spark-sql-kafka-0-10_2.12;3.5.0!spark-sql-kafka-0-10_2.12.jar (62ms)
[2024-04-30T06:14:49.563+0000] {docker.py:413} INFO - downloading https://repo1.maven.org/maven2/org/checkerframework/checker-qual/3.5.0/checker-qual-3.5.0.jar ...
[2024-04-30T06:14:49.595+0000] {docker.py:413} INFO - [SUCCESSFUL ] org.checkerframework#checker-qual;3.5.0!checker-qual.jar (47ms)
[2024-04-30T06:14:49.617+0000] {docker.py:413} INFO - downloading https://repo1.maven.org/maven2/org/apache/spark/spark-token-provider-kafka-0-10_2.12/3.5.0/spark-token-provider-kafka-0-10_2.12-3.5.0.jar ...
[2024-04-30T06:14:49.637+0000] {docker.py:413} INFO - [SUCCESSFUL ] org.apache.spark#spark-token-provider-kafka-0-10_2.12;3.5.0!spark-token-provider-kafka-0-10_2.12.jar (35ms)
[2024-04-30T06:14:49.663+0000] {docker.py:413} INFO - downloading https://repo1.maven.org/maven2/org/apache/kafka/kafka-clients/3.4.1/kafka-clients-3.4.1.jar ...
[2024-04-30T06:14:49.936+0000] {docker.py:413} INFO - [SUCCESSFUL ] org.apache.kafka#kafka-clients;3.4.1!kafka-clients.jar (295ms)
[2024-04-30T06:14:49.950+0000] {docker.py:413} INFO - downloading https://repo1.maven.org/maven2/com/google/code/findbugs/jsr305/3.0.0/jsr305-3.0.0.jar ...
[2024-04-30T06:14:49.965+0000] {docker.py:413} INFO - [SUCCESSFUL ] com.google.code.findbugs#jsr305;3.0.0!jsr305.jar (28ms)
[2024-04-30T06:14:49.981+0000] {docker.py:413} INFO - downloading https://repo1.maven.org/maven2/org/apache/commons/commons-pool2/2.11.1/commons-pool2-2.11.1.jar ...
[2024-04-30T06:14:50.002+0000] {docker.py:413} INFO - [SUCCESSFUL ] org.apache.commons#commons-pool2;2.11.1!commons-pool2.jar (34ms)
[2024-04-30T06:14:50.019+0000] {docker.py:413} INFO - downloading https://repo1.maven.org/maven2/org/apache/hadoop/hadoop-client-runtime/3.3.4/hadoop-client-runtime-3.3.4.jar ...
[2024-04-30T06:14:50.595+0000] {docker.py:413} INFO - [SUCCESSFUL ] org.apache.hadoop#hadoop-client-runtime;3.3.4!hadoop-client-runtime.jar (589ms)
[2024-04-30T06:14:50.612+0000] {docker.py:413} INFO - downloading https://repo1.maven.org/maven2/org/lz4/lz4-java/1.8.0/lz4-java-1.8.0.jar ...
[2024-04-30T06:14:50.644+0000] {docker.py:413} INFO - [SUCCESSFUL ] org.lz4#lz4-java;1.8.0!lz4-java.jar (47ms)
[2024-04-30T06:14:50.668+0000] {docker.py:413} INFO - downloading https://repo1.maven.org/maven2/org/xerial/snappy/snappy-java/1.1.10.3/snappy-java-1.1.10.3.jar ...
[2024-04-30T06:14:50.740+0000] {docker.py:413} INFO - [SUCCESSFUL ] org.xerial.snappy#snappy-java;1.1.10.3!snappy-java.jar(bundle) (94ms)
[2024-04-30T06:14:50.758+0000] {docker.py:413} INFO - downloading https://repo1.maven.org/maven2/org/slf4j/slf4j-api/2.0.7/slf4j-api-2.0.7.jar ...
[2024-04-30T06:14:50.773+0000] {docker.py:413} INFO - [SUCCESSFUL ] org.slf4j#slf4j-api;2.0.7!slf4j-api.jar (29ms)
[2024-04-30T06:14:50.789+0000] {docker.py:413} INFO - downloading https://repo1.maven.org/maven2/org/apache/hadoop/hadoop-client-api/3.3.4/hadoop-client-api-3.3.4.jar ...
[2024-04-30T06:14:51.528+0000] {docker.py:413} INFO - [SUCCESSFUL ] org.apache.hadoop#hadoop-client-api;3.3.4!hadoop-client-api.jar (752ms)
[2024-04-30T06:14:51.558+0000] {docker.py:413} INFO - downloading https://repo1.maven.org/maven2/commons-logging/commons-logging/1.1.3/commons-logging-1.1.3.jar ...
[2024-04-30T06:14:51.578+0000] {docker.py:413} INFO - [SUCCESSFUL ] commons-logging#commons-logging;1.1.3!commons-logging.jar (37ms)
[2024-04-30T06:14:51.587+0000] {docker.py:413} INFO - :: resolution report :: resolve 8903ms :: artifacts dl 2305ms
[2024-04-30T06:14:51.587+0000] {docker.py:413} INFO - :: modules in use:
[2024-04-30T06:14:51.588+0000] {docker.py:413} INFO - com.google.code.findbugs#jsr305;3.0.0 from central in [default]
[2024-04-30T06:14:51.588+0000] {docker.py:413} INFO - commons-logging#commons-logging;1.1.3 from central in [default]
[2024-04-30T06:14:51.589+0000] {docker.py:413} INFO - org.apache.commons#commons-pool2;2.11.1 from central in [default]
[2024-04-30T06:14:51.589+0000] {docker.py:413} INFO - org.apache.hadoop#hadoop-client-api;3.3.4 from central in [default]
	org.apache.hadoop#hadoop-client-runtime;3.3.4 from central in [default]
[2024-04-30T06:14:51.590+0000] {docker.py:413} INFO - org.apache.kafka#kafka-clients;3.4.1 from central in [default]
[2024-04-30T06:14:51.590+0000] {docker.py:413} INFO - org.apache.spark#spark-sql-kafka-0-10_2.12;3.5.0 from central in [default]
[2024-04-30T06:14:51.590+0000] {docker.py:413} INFO - org.apache.spark#spark-token-provider-kafka-0-10_2.12;3.5.0 from central in [default]
	org.checkerframework#checker-qual;3.5.0 from central in [default]
[2024-04-30T06:14:51.591+0000] {docker.py:413} INFO - org.lz4#lz4-java;1.8.0 from central in [default]
[2024-04-30T06:14:51.591+0000] {docker.py:413} INFO - org.postgresql#postgresql;42.5.4 from central in [default]
[2024-04-30T06:14:51.592+0000] {docker.py:413} INFO - org.slf4j#slf4j-api;2.0.7 from central in [default]
[2024-04-30T06:14:51.592+0000] {docker.py:413} INFO - org.xerial.snappy#snappy-java;1.1.10.3 from central in [default]
[2024-04-30T06:14:51.592+0000] {docker.py:413} INFO - ---------------------------------------------------------------------
[2024-04-30T06:14:51.593+0000] {docker.py:413} INFO - |                  |            modules            ||   artifacts   |
	|       conf       | number| search|dwnlded|evicted|| number|dwnlded|
	---------------------------------------------------------------------
[2024-04-30T06:14:51.593+0000] {docker.py:413} INFO - |      default     |   13  |   13  |   13  |   0   ||   13  |   13  |
	---------------------------------------------------------------------
[2024-04-30T06:14:51.619+0000] {docker.py:413} INFO - :: retrieving :: org.apache.spark#spark-submit-parent-782a28dd-d120-4828-91b4-6d80e74fcb35
[2024-04-30T06:14:51.631+0000] {docker.py:413} INFO - confs: [default]
[2024-04-30T06:14:51.849+0000] {docker.py:413} INFO - 13 artifacts copied, 0 already retrieved (58001kB/219ms)
[2024-04-30T06:14:52.534+0000] {docker.py:413} INFO - 24/04/30 06:14:52 WARN NativeCodeLoader: Unable to load native-hadoop library for your platform... using builtin-java classes where applicable
[2024-04-30T06:14:54.949+0000] {docker.py:413} INFO - 24/04/30 06:14:54 INFO SparkContext: Running Spark version 3.5.0
[2024-04-30T06:14:54.956+0000] {docker.py:413} INFO - 24/04/30 06:14:54 INFO SparkContext: OS info Linux, 6.5.0-1018-gcp, amd64
[2024-04-30T06:14:54.957+0000] {docker.py:413} INFO - 24/04/30 06:14:54 INFO SparkContext: Java version 17.0.10
[2024-04-30T06:14:55.028+0000] {docker.py:413} INFO - 24/04/30 06:14:55 INFO ResourceUtils: ==============================================================
[2024-04-30T06:14:55.029+0000] {docker.py:413} INFO - 24/04/30 06:14:55 INFO ResourceUtils: No custom resources configured for spark.driver.
[2024-04-30T06:14:55.029+0000] {docker.py:413} INFO - 24/04/30 06:14:55 INFO ResourceUtils: ==============================================================
[2024-04-30T06:14:55.030+0000] {docker.py:413} INFO - 24/04/30 06:14:55 INFO SparkContext: Submitted application: PostgreSQL Connection with PySpark
[2024-04-30T06:14:55.100+0000] {docker.py:413} INFO - 24/04/30 06:14:55 INFO ResourceProfile: Default ResourceProfile created, executor resources: Map(cores -> name: cores, amount: 1, script: , vendor: , memory -> name: memory, amount: 1024, script: , vendor: , offHeap -> name: offHeap, amount: 0, script: , vendor: ), task resources: Map(cpus -> name: cpus, amount: 1.0)
[2024-04-30T06:14:55.116+0000] {docker.py:413} INFO - 24/04/30 06:14:55 INFO ResourceProfile: Limiting resource is cpu
[2024-04-30T06:14:55.117+0000] {docker.py:413} INFO - 24/04/30 06:14:55 INFO ResourceProfileManager: Added ResourceProfile id: 0
[2024-04-30T06:14:55.196+0000] {docker.py:413} INFO - 24/04/30 06:14:55 INFO SecurityManager: Changing view acls to: spark
[2024-04-30T06:14:55.198+0000] {docker.py:413} INFO - 24/04/30 06:14:55 INFO SecurityManager: Changing modify acls to: spark
[2024-04-30T06:14:55.199+0000] {docker.py:413} INFO - 24/04/30 06:14:55 INFO SecurityManager: Changing view acls groups to:
[2024-04-30T06:14:55.200+0000] {docker.py:413} INFO - 24/04/30 06:14:55 INFO SecurityManager: Changing modify acls groups to:
[2024-04-30T06:14:55.201+0000] {docker.py:413} INFO - 24/04/30 06:14:55 INFO SecurityManager: SecurityManager: authentication disabled; ui acls disabled; users with view permissions: spark; groups with view permissions: EMPTY; users with modify permissions: spark; groups with modify permissions: EMPTY
[2024-04-30T06:14:55.737+0000] {docker.py:413} INFO - 24/04/30 06:14:55 INFO Utils: Successfully started service 'sparkDriver' on port 44629.
[2024-04-30T06:14:55.779+0000] {docker.py:413} INFO - 24/04/30 06:14:55 INFO SparkEnv: Registering MapOutputTracker
[2024-04-30T06:14:55.840+0000] {docker.py:413} INFO - 24/04/30 06:14:55 INFO SparkEnv: Registering BlockManagerMaster
[2024-04-30T06:14:55.870+0000] {docker.py:413} INFO - 24/04/30 06:14:55 INFO BlockManagerMasterEndpoint: Using org.apache.spark.storage.DefaultTopologyMapper for getting topology information
[2024-04-30T06:14:55.872+0000] {docker.py:413} INFO - 24/04/30 06:14:55 INFO BlockManagerMasterEndpoint: BlockManagerMasterEndpoint up
[2024-04-30T06:14:55.877+0000] {docker.py:413} INFO - 24/04/30 06:14:55 INFO SparkEnv: Registering BlockManagerMasterHeartbeat
[2024-04-30T06:14:55.911+0000] {docker.py:413} INFO - 24/04/30 06:14:55 INFO DiskBlockManager: Created local directory at /tmp/blockmgr-fc965cb1-c536-474f-9b76-2cb0c1378056
[2024-04-30T06:14:55.933+0000] {docker.py:413} INFO - 24/04/30 06:14:55 INFO MemoryStore: MemoryStore started with capacity 434.4 MiB
[2024-04-30T06:14:55.955+0000] {docker.py:413} INFO - 24/04/30 06:14:55 INFO SparkEnv: Registering OutputCommitCoordinator
[2024-04-30T06:14:56.161+0000] {docker.py:413} INFO - 24/04/30 06:14:56 INFO JettyUtils: Start Jetty 0.0.0.0:4040 for SparkUI
[2024-04-30T06:14:56.245+0000] {docker.py:413} INFO - 24/04/30 06:14:56 INFO Utils: Successfully started service 'SparkUI' on port 4040.
[2024-04-30T06:14:56.301+0000] {docker.py:413} INFO - 24/04/30 06:14:56 INFO SparkContext: Added JAR file:///opt/bitnami/spark/.ivy2/jars/org.postgresql_postgresql-42.5.4.jar at spark://localhost:44629/jars/org.postgresql_postgresql-42.5.4.jar with timestamp 1714457694921
[2024-04-30T06:14:56.302+0000] {docker.py:413} INFO - 24/04/30 06:14:56 INFO SparkContext: Added JAR file:///opt/bitnami/spark/.ivy2/jars/org.apache.spark_spark-sql-kafka-0-10_2.12-3.5.0.jar at spark://localhost:44629/jars/org.apache.spark_spark-sql-kafka-0-10_2.12-3.5.0.jar with timestamp 1714457694921
24/04/30 06:14:56 INFO SparkContext: Added JAR file:///opt/bitnami/spark/.ivy2/jars/org.checkerframework_checker-qual-3.5.0.jar at spark://localhost:44629/jars/org.checkerframework_checker-qual-3.5.0.jar with timestamp 1714457694921
[2024-04-30T06:14:56.302+0000] {docker.py:413} INFO - 24/04/30 06:14:56 INFO SparkContext: Added JAR file:///opt/bitnami/spark/.ivy2/jars/org.apache.spark_spark-token-provider-kafka-0-10_2.12-3.5.0.jar at spark://localhost:44629/jars/org.apache.spark_spark-token-provider-kafka-0-10_2.12-3.5.0.jar with timestamp 1714457694921
[2024-04-30T06:14:56.303+0000] {docker.py:413} INFO - 24/04/30 06:14:56 INFO SparkContext: Added JAR file:///opt/bitnami/spark/.ivy2/jars/org.apache.kafka_kafka-clients-3.4.1.jar at spark://localhost:44629/jars/org.apache.kafka_kafka-clients-3.4.1.jar with timestamp 1714457694921
[2024-04-30T06:14:56.303+0000] {docker.py:413} INFO - 24/04/30 06:14:56 INFO SparkContext: Added JAR file:///opt/bitnami/spark/.ivy2/jars/com.google.code.findbugs_jsr305-3.0.0.jar at spark://localhost:44629/jars/com.google.code.findbugs_jsr305-3.0.0.jar with timestamp 1714457694921
24/04/30 06:14:56 INFO SparkContext: Added JAR file:///opt/bitnami/spark/.ivy2/jars/org.apache.commons_commons-pool2-2.11.1.jar at spark://localhost:44629/jars/org.apache.commons_commons-pool2-2.11.1.jar with timestamp 1714457694921
24/04/30 06:14:56 INFO SparkContext: Added JAR file:///opt/bitnami/spark/.ivy2/jars/org.apache.hadoop_hadoop-client-runtime-3.3.4.jar at spark://localhost:44629/jars/org.apache.hadoop_hadoop-client-runtime-3.3.4.jar with timestamp 1714457694921
24/04/30 06:14:56 INFO SparkContext: Added JAR file:///opt/bitnami/spark/.ivy2/jars/org.lz4_lz4-java-1.8.0.jar at spark://localhost:44629/jars/org.lz4_lz4-java-1.8.0.jar with timestamp 1714457694921
[2024-04-30T06:14:56.304+0000] {docker.py:413} INFO - 24/04/30 06:14:56 INFO SparkContext: Added JAR file:///opt/bitnami/spark/.ivy2/jars/org.xerial.snappy_snappy-java-1.1.10.3.jar at spark://localhost:44629/jars/org.xerial.snappy_snappy-java-1.1.10.3.jar with timestamp 1714457694921
[2024-04-30T06:14:56.305+0000] {docker.py:413} INFO - 24/04/30 06:14:56 INFO SparkContext: Added JAR file:///opt/bitnami/spark/.ivy2/jars/org.slf4j_slf4j-api-2.0.7.jar at spark://localhost:44629/jars/org.slf4j_slf4j-api-2.0.7.jar with timestamp 1714457694921
24/04/30 06:14:56 INFO SparkContext: Added JAR file:///opt/bitnami/spark/.ivy2/jars/org.apache.hadoop_hadoop-client-api-3.3.4.jar at spark://localhost:44629/jars/org.apache.hadoop_hadoop-client-api-3.3.4.jar with timestamp 1714457694921
[2024-04-30T06:14:56.305+0000] {docker.py:413} INFO - 24/04/30 06:14:56 INFO SparkContext: Added JAR file:///opt/bitnami/spark/.ivy2/jars/commons-logging_commons-logging-1.1.3.jar at spark://localhost:44629/jars/commons-logging_commons-logging-1.1.3.jar with timestamp 1714457694921
[2024-04-30T06:14:56.310+0000] {docker.py:413} INFO - 24/04/30 06:14:56 INFO SparkContext: Added file file:///opt/bitnami/spark/.ivy2/jars/org.postgresql_postgresql-42.5.4.jar at file:///opt/bitnami/spark/.ivy2/jars/org.postgresql_postgresql-42.5.4.jar with timestamp 1714457694921
[2024-04-30T06:14:56.313+0000] {docker.py:413} INFO - 24/04/30 06:14:56 INFO Utils: Copying /opt/bitnami/spark/.ivy2/jars/org.postgresql_postgresql-42.5.4.jar to /tmp/spark-f4451802-0ea1-424b-9a2a-0b911bac5639/userFiles-db6e3c58-65e8-4beb-8bb2-772cfca3c403/org.postgresql_postgresql-42.5.4.jar
[2024-04-30T06:14:56.360+0000] {docker.py:413} INFO - 24/04/30 06:14:56 INFO SparkContext: Added file file:///opt/bitnami/spark/.ivy2/jars/org.apache.spark_spark-sql-kafka-0-10_2.12-3.5.0.jar at file:///opt/bitnami/spark/.ivy2/jars/org.apache.spark_spark-sql-kafka-0-10_2.12-3.5.0.jar with timestamp 1714457694921
[2024-04-30T06:14:56.361+0000] {docker.py:413} INFO - 24/04/30 06:14:56 INFO Utils: Copying /opt/bitnami/spark/.ivy2/jars/org.apache.spark_spark-sql-kafka-0-10_2.12-3.5.0.jar to /tmp/spark-f4451802-0ea1-424b-9a2a-0b911bac5639/userFiles-db6e3c58-65e8-4beb-8bb2-772cfca3c403/org.apache.spark_spark-sql-kafka-0-10_2.12-3.5.0.jar
[2024-04-30T06:14:56.401+0000] {docker.py:413} INFO - 24/04/30 06:14:56 INFO SparkContext: Added file file:///opt/bitnami/spark/.ivy2/jars/org.checkerframework_checker-qual-3.5.0.jar at file:///opt/bitnami/spark/.ivy2/jars/org.checkerframework_checker-qual-3.5.0.jar with timestamp 1714457694921
[2024-04-30T06:14:56.403+0000] {docker.py:413} INFO - 24/04/30 06:14:56 INFO Utils: Copying /opt/bitnami/spark/.ivy2/jars/org.checkerframework_checker-qual-3.5.0.jar to /tmp/spark-f4451802-0ea1-424b-9a2a-0b911bac5639/userFiles-db6e3c58-65e8-4beb-8bb2-772cfca3c403/org.checkerframework_checker-qual-3.5.0.jar
[2024-04-30T06:14:56.421+0000] {docker.py:413} INFO - 24/04/30 06:14:56 INFO SparkContext: Added file file:///opt/bitnami/spark/.ivy2/jars/org.apache.spark_spark-token-provider-kafka-0-10_2.12-3.5.0.jar at file:///opt/bitnami/spark/.ivy2/jars/org.apache.spark_spark-token-provider-kafka-0-10_2.12-3.5.0.jar with timestamp 1714457694921
[2024-04-30T06:14:56.422+0000] {docker.py:413} INFO - 24/04/30 06:14:56 INFO Utils: Copying /opt/bitnami/spark/.ivy2/jars/org.apache.spark_spark-token-provider-kafka-0-10_2.12-3.5.0.jar to /tmp/spark-f4451802-0ea1-424b-9a2a-0b911bac5639/userFiles-db6e3c58-65e8-4beb-8bb2-772cfca3c403/org.apache.spark_spark-token-provider-kafka-0-10_2.12-3.5.0.jar
[2024-04-30T06:14:56.441+0000] {docker.py:413} INFO - 24/04/30 06:14:56 INFO SparkContext: Added file file:///opt/bitnami/spark/.ivy2/jars/org.apache.kafka_kafka-clients-3.4.1.jar at file:///opt/bitnami/spark/.ivy2/jars/org.apache.kafka_kafka-clients-3.4.1.jar with timestamp 1714457694921
[2024-04-30T06:14:56.442+0000] {docker.py:413} INFO - 24/04/30 06:14:56 INFO Utils: Copying /opt/bitnami/spark/.ivy2/jars/org.apache.kafka_kafka-clients-3.4.1.jar to /tmp/spark-f4451802-0ea1-424b-9a2a-0b911bac5639/userFiles-db6e3c58-65e8-4beb-8bb2-772cfca3c403/org.apache.kafka_kafka-clients-3.4.1.jar
[2024-04-30T06:14:56.463+0000] {docker.py:413} INFO - 24/04/30 06:14:56 INFO SparkContext: Added file file:///opt/bitnami/spark/.ivy2/jars/com.google.code.findbugs_jsr305-3.0.0.jar at file:///opt/bitnami/spark/.ivy2/jars/com.google.code.findbugs_jsr305-3.0.0.jar with timestamp 1714457694921
[2024-04-30T06:14:56.464+0000] {docker.py:413} INFO - 24/04/30 06:14:56 INFO Utils: Copying /opt/bitnami/spark/.ivy2/jars/com.google.code.findbugs_jsr305-3.0.0.jar to /tmp/spark-f4451802-0ea1-424b-9a2a-0b911bac5639/userFiles-db6e3c58-65e8-4beb-8bb2-772cfca3c403/com.google.code.findbugs_jsr305-3.0.0.jar
[2024-04-30T06:14:56.474+0000] {docker.py:413} INFO - 24/04/30 06:14:56 INFO SparkContext: Added file file:///opt/bitnami/spark/.ivy2/jars/org.apache.commons_commons-pool2-2.11.1.jar at file:///opt/bitnami/spark/.ivy2/jars/org.apache.commons_commons-pool2-2.11.1.jar with timestamp 1714457694921
[2024-04-30T06:14:56.475+0000] {docker.py:413} INFO - 24/04/30 06:14:56 INFO Utils: Copying /opt/bitnami/spark/.ivy2/jars/org.apache.commons_commons-pool2-2.11.1.jar to /tmp/spark-f4451802-0ea1-424b-9a2a-0b911bac5639/userFiles-db6e3c58-65e8-4beb-8bb2-772cfca3c403/org.apache.commons_commons-pool2-2.11.1.jar
[2024-04-30T06:14:56.482+0000] {docker.py:413} INFO - 24/04/30 06:14:56 INFO SparkContext: Added file file:///opt/bitnami/spark/.ivy2/jars/org.apache.hadoop_hadoop-client-runtime-3.3.4.jar at file:///opt/bitnami/spark/.ivy2/jars/org.apache.hadoop_hadoop-client-runtime-3.3.4.jar with timestamp 1714457694921
[2024-04-30T06:14:56.482+0000] {docker.py:413} INFO - 24/04/30 06:14:56 INFO Utils: Copying /opt/bitnami/spark/.ivy2/jars/org.apache.hadoop_hadoop-client-runtime-3.3.4.jar to /tmp/spark-f4451802-0ea1-424b-9a2a-0b911bac5639/userFiles-db6e3c58-65e8-4beb-8bb2-772cfca3c403/org.apache.hadoop_hadoop-client-runtime-3.3.4.jar
[2024-04-30T06:14:56.533+0000] {docker.py:413} INFO - 24/04/30 06:14:56 INFO SparkContext: Added file file:///opt/bitnami/spark/.ivy2/jars/org.lz4_lz4-java-1.8.0.jar at file:///opt/bitnami/spark/.ivy2/jars/org.lz4_lz4-java-1.8.0.jar with timestamp 1714457694921
[2024-04-30T06:14:56.534+0000] {docker.py:413} INFO - 24/04/30 06:14:56 INFO Utils: Copying /opt/bitnami/spark/.ivy2/jars/org.lz4_lz4-java-1.8.0.jar to /tmp/spark-f4451802-0ea1-424b-9a2a-0b911bac5639/userFiles-db6e3c58-65e8-4beb-8bb2-772cfca3c403/org.lz4_lz4-java-1.8.0.jar
[2024-04-30T06:14:56.543+0000] {docker.py:413} INFO - 24/04/30 06:14:56 INFO SparkContext: Added file file:///opt/bitnami/spark/.ivy2/jars/org.xerial.snappy_snappy-java-1.1.10.3.jar at file:///opt/bitnami/spark/.ivy2/jars/org.xerial.snappy_snappy-java-1.1.10.3.jar with timestamp 1714457694921
[2024-04-30T06:14:56.544+0000] {docker.py:413} INFO - 24/04/30 06:14:56 INFO Utils: Copying /opt/bitnami/spark/.ivy2/jars/org.xerial.snappy_snappy-java-1.1.10.3.jar to /tmp/spark-f4451802-0ea1-424b-9a2a-0b911bac5639/userFiles-db6e3c58-65e8-4beb-8bb2-772cfca3c403/org.xerial.snappy_snappy-java-1.1.10.3.jar
[2024-04-30T06:14:56.554+0000] {docker.py:413} INFO - 24/04/30 06:14:56 INFO SparkContext: Added file file:///opt/bitnami/spark/.ivy2/jars/org.slf4j_slf4j-api-2.0.7.jar at file:///opt/bitnami/spark/.ivy2/jars/org.slf4j_slf4j-api-2.0.7.jar with timestamp 1714457694921
[2024-04-30T06:14:56.554+0000] {docker.py:413} INFO - 24/04/30 06:14:56 INFO Utils: Copying /opt/bitnami/spark/.ivy2/jars/org.slf4j_slf4j-api-2.0.7.jar to /tmp/spark-f4451802-0ea1-424b-9a2a-0b911bac5639/userFiles-db6e3c58-65e8-4beb-8bb2-772cfca3c403/org.slf4j_slf4j-api-2.0.7.jar
[2024-04-30T06:14:56.561+0000] {docker.py:413} INFO - 24/04/30 06:14:56 INFO SparkContext: Added file file:///opt/bitnami/spark/.ivy2/jars/org.apache.hadoop_hadoop-client-api-3.3.4.jar at file:///opt/bitnami/spark/.ivy2/jars/org.apache.hadoop_hadoop-client-api-3.3.4.jar with timestamp 1714457694921
[2024-04-30T06:14:56.562+0000] {docker.py:413} INFO - 24/04/30 06:14:56 INFO Utils: Copying /opt/bitnami/spark/.ivy2/jars/org.apache.hadoop_hadoop-client-api-3.3.4.jar to /tmp/spark-f4451802-0ea1-424b-9a2a-0b911bac5639/userFiles-db6e3c58-65e8-4beb-8bb2-772cfca3c403/org.apache.hadoop_hadoop-client-api-3.3.4.jar
[2024-04-30T06:14:56.598+0000] {docker.py:413} INFO - 24/04/30 06:14:56 INFO SparkContext: Added file file:///opt/bitnami/spark/.ivy2/jars/commons-logging_commons-logging-1.1.3.jar at file:///opt/bitnami/spark/.ivy2/jars/commons-logging_commons-logging-1.1.3.jar with timestamp 1714457694921
[2024-04-30T06:14:56.598+0000] {docker.py:413} INFO - 24/04/30 06:14:56 INFO Utils: Copying /opt/bitnami/spark/.ivy2/jars/commons-logging_commons-logging-1.1.3.jar to /tmp/spark-f4451802-0ea1-424b-9a2a-0b911bac5639/userFiles-db6e3c58-65e8-4beb-8bb2-772cfca3c403/commons-logging_commons-logging-1.1.3.jar
[2024-04-30T06:14:56.719+0000] {docker.py:413} INFO - 24/04/30 06:14:56 INFO Executor: Starting executor ID driver on host localhost
[2024-04-30T06:14:56.720+0000] {docker.py:413} INFO - 24/04/30 06:14:56 INFO Executor: OS info Linux, 6.5.0-1018-gcp, amd64
[2024-04-30T06:14:56.721+0000] {docker.py:413} INFO - 24/04/30 06:14:56 INFO Executor: Java version 17.0.10
[2024-04-30T06:14:56.731+0000] {docker.py:413} INFO - 24/04/30 06:14:56 INFO Executor: Starting executor with user classpath (userClassPathFirst = false): ''
[2024-04-30T06:14:56.731+0000] {docker.py:413} INFO - 24/04/30 06:14:56 INFO Executor: Created or updated repl class loader org.apache.spark.util.MutableURLClassLoader@7666ee1a for default.
[2024-04-30T06:14:56.749+0000] {docker.py:413} INFO - 24/04/30 06:14:56 INFO Executor: Fetching file:///opt/bitnami/spark/.ivy2/jars/org.apache.spark_spark-token-provider-kafka-0-10_2.12-3.5.0.jar with timestamp 1714457694921
[2024-04-30T06:14:56.780+0000] {docker.py:413} INFO - 24/04/30 06:14:56 INFO Utils: /opt/bitnami/spark/.ivy2/jars/org.apache.spark_spark-token-provider-kafka-0-10_2.12-3.5.0.jar has been previously copied to /tmp/spark-f4451802-0ea1-424b-9a2a-0b911bac5639/userFiles-db6e3c58-65e8-4beb-8bb2-772cfca3c403/org.apache.spark_spark-token-provider-kafka-0-10_2.12-3.5.0.jar
[2024-04-30T06:14:56.788+0000] {docker.py:413} INFO - 24/04/30 06:14:56 INFO Executor: Fetching file:///opt/bitnami/spark/.ivy2/jars/org.apache.hadoop_hadoop-client-runtime-3.3.4.jar with timestamp 1714457694921
[2024-04-30T06:14:56.845+0000] {docker.py:413} INFO - 24/04/30 06:14:56 INFO Utils: /opt/bitnami/spark/.ivy2/jars/org.apache.hadoop_hadoop-client-runtime-3.3.4.jar has been previously copied to /tmp/spark-f4451802-0ea1-424b-9a2a-0b911bac5639/userFiles-db6e3c58-65e8-4beb-8bb2-772cfca3c403/org.apache.hadoop_hadoop-client-runtime-3.3.4.jar
[2024-04-30T06:14:56.852+0000] {docker.py:413} INFO - 24/04/30 06:14:56 INFO Executor: Fetching file:///opt/bitnami/spark/.ivy2/jars/org.apache.commons_commons-pool2-2.11.1.jar with timestamp 1714457694921
[2024-04-30T06:14:56.853+0000] {docker.py:413} INFO - 24/04/30 06:14:56 INFO Utils: /opt/bitnami/spark/.ivy2/jars/org.apache.commons_commons-pool2-2.11.1.jar has been previously copied to /tmp/spark-f4451802-0ea1-424b-9a2a-0b911bac5639/userFiles-db6e3c58-65e8-4beb-8bb2-772cfca3c403/org.apache.commons_commons-pool2-2.11.1.jar
[2024-04-30T06:14:56.859+0000] {docker.py:413} INFO - 24/04/30 06:14:56 INFO Executor: Fetching file:///opt/bitnami/spark/.ivy2/jars/org.postgresql_postgresql-42.5.4.jar with timestamp 1714457694921
[2024-04-30T06:14:56.862+0000] {docker.py:413} INFO - 24/04/30 06:14:56 INFO Utils: /opt/bitnami/spark/.ivy2/jars/org.postgresql_postgresql-42.5.4.jar has been previously copied to /tmp/spark-f4451802-0ea1-424b-9a2a-0b911bac5639/userFiles-db6e3c58-65e8-4beb-8bb2-772cfca3c403/org.postgresql_postgresql-42.5.4.jar
[2024-04-30T06:14:56.868+0000] {docker.py:413} INFO - 24/04/30 06:14:56 INFO Executor: Fetching file:///opt/bitnami/spark/.ivy2/jars/org.slf4j_slf4j-api-2.0.7.jar with timestamp 1714457694921
[2024-04-30T06:14:56.869+0000] {docker.py:413} INFO - 24/04/30 06:14:56 INFO Utils: /opt/bitnami/spark/.ivy2/jars/org.slf4j_slf4j-api-2.0.7.jar has been previously copied to /tmp/spark-f4451802-0ea1-424b-9a2a-0b911bac5639/userFiles-db6e3c58-65e8-4beb-8bb2-772cfca3c403/org.slf4j_slf4j-api-2.0.7.jar
[2024-04-30T06:14:56.876+0000] {docker.py:413} INFO - 24/04/30 06:14:56 INFO Executor: Fetching file:///opt/bitnami/spark/.ivy2/jars/org.apache.kafka_kafka-clients-3.4.1.jar with timestamp 1714457694921
[2024-04-30T06:14:56.885+0000] {docker.py:413} INFO - 24/04/30 06:14:56 INFO Utils: /opt/bitnami/spark/.ivy2/jars/org.apache.kafka_kafka-clients-3.4.1.jar has been previously copied to /tmp/spark-f4451802-0ea1-424b-9a2a-0b911bac5639/userFiles-db6e3c58-65e8-4beb-8bb2-772cfca3c403/org.apache.kafka_kafka-clients-3.4.1.jar
[2024-04-30T06:14:56.892+0000] {docker.py:413} INFO - 24/04/30 06:14:56 INFO Executor: Fetching file:///opt/bitnami/spark/.ivy2/jars/com.google.code.findbugs_jsr305-3.0.0.jar with timestamp 1714457694921
[2024-04-30T06:14:56.892+0000] {docker.py:413} INFO - 24/04/30 06:14:56 INFO Utils: /opt/bitnami/spark/.ivy2/jars/com.google.code.findbugs_jsr305-3.0.0.jar has been previously copied to /tmp/spark-f4451802-0ea1-424b-9a2a-0b911bac5639/userFiles-db6e3c58-65e8-4beb-8bb2-772cfca3c403/com.google.code.findbugs_jsr305-3.0.0.jar
[2024-04-30T06:14:56.898+0000] {docker.py:413} INFO - 24/04/30 06:14:56 INFO Executor: Fetching file:///opt/bitnami/spark/.ivy2/jars/org.lz4_lz4-java-1.8.0.jar with timestamp 1714457694921
[2024-04-30T06:14:56.900+0000] {docker.py:413} INFO - 24/04/30 06:14:56 INFO Utils: /opt/bitnami/spark/.ivy2/jars/org.lz4_lz4-java-1.8.0.jar has been previously copied to /tmp/spark-f4451802-0ea1-424b-9a2a-0b911bac5639/userFiles-db6e3c58-65e8-4beb-8bb2-772cfca3c403/org.lz4_lz4-java-1.8.0.jar
[2024-04-30T06:14:56.907+0000] {docker.py:413} INFO - 24/04/30 06:14:56 INFO Executor: Fetching file:///opt/bitnami/spark/.ivy2/jars/org.apache.spark_spark-sql-kafka-0-10_2.12-3.5.0.jar with timestamp 1714457694921
[2024-04-30T06:14:56.908+0000] {docker.py:413} INFO - 24/04/30 06:14:56 INFO Utils: /opt/bitnami/spark/.ivy2/jars/org.apache.spark_spark-sql-kafka-0-10_2.12-3.5.0.jar has been previously copied to /tmp/spark-f4451802-0ea1-424b-9a2a-0b911bac5639/userFiles-db6e3c58-65e8-4beb-8bb2-772cfca3c403/org.apache.spark_spark-sql-kafka-0-10_2.12-3.5.0.jar
[2024-04-30T06:14:56.915+0000] {docker.py:413} INFO - 24/04/30 06:14:56 INFO Executor: Fetching file:///opt/bitnami/spark/.ivy2/jars/org.apache.hadoop_hadoop-client-api-3.3.4.jar with timestamp 1714457694921
[2024-04-30T06:14:56.951+0000] {docker.py:413} INFO - 24/04/30 06:14:56 INFO Utils: /opt/bitnami/spark/.ivy2/jars/org.apache.hadoop_hadoop-client-api-3.3.4.jar has been previously copied to /tmp/spark-f4451802-0ea1-424b-9a2a-0b911bac5639/userFiles-db6e3c58-65e8-4beb-8bb2-772cfca3c403/org.apache.hadoop_hadoop-client-api-3.3.4.jar
[2024-04-30T06:14:56.957+0000] {docker.py:413} INFO - 24/04/30 06:14:56 INFO Executor: Fetching file:///opt/bitnami/spark/.ivy2/jars/commons-logging_commons-logging-1.1.3.jar with timestamp 1714457694921
[2024-04-30T06:14:56.959+0000] {docker.py:413} INFO - 24/04/30 06:14:56 INFO Utils: /opt/bitnami/spark/.ivy2/jars/commons-logging_commons-logging-1.1.3.jar has been previously copied to /tmp/spark-f4451802-0ea1-424b-9a2a-0b911bac5639/userFiles-db6e3c58-65e8-4beb-8bb2-772cfca3c403/commons-logging_commons-logging-1.1.3.jar
[2024-04-30T06:14:56.966+0000] {docker.py:413} INFO - 24/04/30 06:14:56 INFO Executor: Fetching file:///opt/bitnami/spark/.ivy2/jars/org.checkerframework_checker-qual-3.5.0.jar with timestamp 1714457694921
[2024-04-30T06:14:56.967+0000] {docker.py:413} INFO - 24/04/30 06:14:56 INFO Utils: /opt/bitnami/spark/.ivy2/jars/org.checkerframework_checker-qual-3.5.0.jar has been previously copied to /tmp/spark-f4451802-0ea1-424b-9a2a-0b911bac5639/userFiles-db6e3c58-65e8-4beb-8bb2-772cfca3c403/org.checkerframework_checker-qual-3.5.0.jar
[2024-04-30T06:14:56.973+0000] {docker.py:413} INFO - 24/04/30 06:14:56 INFO Executor: Fetching file:///opt/bitnami/spark/.ivy2/jars/org.xerial.snappy_snappy-java-1.1.10.3.jar with timestamp 1714457694921
[2024-04-30T06:14:56.977+0000] {docker.py:413} INFO - 24/04/30 06:14:56 INFO Utils: /opt/bitnami/spark/.ivy2/jars/org.xerial.snappy_snappy-java-1.1.10.3.jar has been previously copied to /tmp/spark-f4451802-0ea1-424b-9a2a-0b911bac5639/userFiles-db6e3c58-65e8-4beb-8bb2-772cfca3c403/org.xerial.snappy_snappy-java-1.1.10.3.jar
[2024-04-30T06:14:56.987+0000] {docker.py:413} INFO - 24/04/30 06:14:56 INFO Executor: Fetching spark://localhost:44629/jars/commons-logging_commons-logging-1.1.3.jar with timestamp 1714457694921
[2024-04-30T06:14:57.054+0000] {docker.py:413} INFO - 24/04/30 06:14:57 INFO TransportClientFactory: Successfully created connection to localhost/127.0.0.1:44629 after 45 ms (0 ms spent in bootstraps)
[2024-04-30T06:14:57.083+0000] {docker.py:413} INFO - 24/04/30 06:14:57 INFO Utils: Fetching spark://localhost:44629/jars/commons-logging_commons-logging-1.1.3.jar to /tmp/spark-f4451802-0ea1-424b-9a2a-0b911bac5639/userFiles-db6e3c58-65e8-4beb-8bb2-772cfca3c403/fetchFileTemp1203688213248721020.tmp
[2024-04-30T06:14:57.165+0000] {docker.py:413} INFO - 24/04/30 06:14:57 INFO Utils: /tmp/spark-f4451802-0ea1-424b-9a2a-0b911bac5639/userFiles-db6e3c58-65e8-4beb-8bb2-772cfca3c403/fetchFileTemp1203688213248721020.tmp has been previously copied to /tmp/spark-f4451802-0ea1-424b-9a2a-0b911bac5639/userFiles-db6e3c58-65e8-4beb-8bb2-772cfca3c403/commons-logging_commons-logging-1.1.3.jar
[2024-04-30T06:14:57.175+0000] {docker.py:413} INFO - 24/04/30 06:14:57 INFO Executor: Adding file:/tmp/spark-f4451802-0ea1-424b-9a2a-0b911bac5639/userFiles-db6e3c58-65e8-4beb-8bb2-772cfca3c403/commons-logging_commons-logging-1.1.3.jar to class loader default
[2024-04-30T06:14:57.176+0000] {docker.py:413} INFO - 24/04/30 06:14:57 INFO Executor: Fetching spark://localhost:44629/jars/org.apache.spark_spark-sql-kafka-0-10_2.12-3.5.0.jar with timestamp 1714457694921
[2024-04-30T06:14:57.177+0000] {docker.py:413} INFO - 24/04/30 06:14:57 INFO Utils: Fetching spark://localhost:44629/jars/org.apache.spark_spark-sql-kafka-0-10_2.12-3.5.0.jar to /tmp/spark-f4451802-0ea1-424b-9a2a-0b911bac5639/userFiles-db6e3c58-65e8-4beb-8bb2-772cfca3c403/fetchFileTemp8440914049052740451.tmp
[2024-04-30T06:14:57.185+0000] {docker.py:413} INFO - 24/04/30 06:14:57 INFO Utils: /tmp/spark-f4451802-0ea1-424b-9a2a-0b911bac5639/userFiles-db6e3c58-65e8-4beb-8bb2-772cfca3c403/fetchFileTemp8440914049052740451.tmp has been previously copied to /tmp/spark-f4451802-0ea1-424b-9a2a-0b911bac5639/userFiles-db6e3c58-65e8-4beb-8bb2-772cfca3c403/org.apache.spark_spark-sql-kafka-0-10_2.12-3.5.0.jar
[2024-04-30T06:14:57.192+0000] {docker.py:413} INFO - 24/04/30 06:14:57 INFO Executor: Adding file:/tmp/spark-f4451802-0ea1-424b-9a2a-0b911bac5639/userFiles-db6e3c58-65e8-4beb-8bb2-772cfca3c403/org.apache.spark_spark-sql-kafka-0-10_2.12-3.5.0.jar to class loader default
[2024-04-30T06:14:57.192+0000] {docker.py:413} INFO - 24/04/30 06:14:57 INFO Executor: Fetching spark://localhost:44629/jars/org.apache.commons_commons-pool2-2.11.1.jar with timestamp 1714457694921
[2024-04-30T06:14:57.196+0000] {docker.py:413} INFO - 24/04/30 06:14:57 INFO Utils: Fetching spark://localhost:44629/jars/org.apache.commons_commons-pool2-2.11.1.jar to /tmp/spark-f4451802-0ea1-424b-9a2a-0b911bac5639/userFiles-db6e3c58-65e8-4beb-8bb2-772cfca3c403/fetchFileTemp13069429321805549726.tmp
[2024-04-30T06:14:57.198+0000] {docker.py:413} INFO - 24/04/30 06:14:57 INFO Utils: /tmp/spark-f4451802-0ea1-424b-9a2a-0b911bac5639/userFiles-db6e3c58-65e8-4beb-8bb2-772cfca3c403/fetchFileTemp13069429321805549726.tmp has been previously copied to /tmp/spark-f4451802-0ea1-424b-9a2a-0b911bac5639/userFiles-db6e3c58-65e8-4beb-8bb2-772cfca3c403/org.apache.commons_commons-pool2-2.11.1.jar
[2024-04-30T06:14:57.204+0000] {docker.py:413} INFO - 24/04/30 06:14:57 INFO Executor: Adding file:/tmp/spark-f4451802-0ea1-424b-9a2a-0b911bac5639/userFiles-db6e3c58-65e8-4beb-8bb2-772cfca3c403/org.apache.commons_commons-pool2-2.11.1.jar to class loader default
[2024-04-30T06:14:57.205+0000] {docker.py:413} INFO - 24/04/30 06:14:57 INFO Executor: Fetching spark://localhost:44629/jars/com.google.code.findbugs_jsr305-3.0.0.jar with timestamp 1714457694921
[2024-04-30T06:14:57.207+0000] {docker.py:413} INFO - 24/04/30 06:14:57 INFO Utils: Fetching spark://localhost:44629/jars/com.google.code.findbugs_jsr305-3.0.0.jar to /tmp/spark-f4451802-0ea1-424b-9a2a-0b911bac5639/userFiles-db6e3c58-65e8-4beb-8bb2-772cfca3c403/fetchFileTemp18006623103481214440.tmp
[2024-04-30T06:14:57.209+0000] {docker.py:413} INFO - 24/04/30 06:14:57 INFO Utils: /tmp/spark-f4451802-0ea1-424b-9a2a-0b911bac5639/userFiles-db6e3c58-65e8-4beb-8bb2-772cfca3c403/fetchFileTemp18006623103481214440.tmp has been previously copied to /tmp/spark-f4451802-0ea1-424b-9a2a-0b911bac5639/userFiles-db6e3c58-65e8-4beb-8bb2-772cfca3c403/com.google.code.findbugs_jsr305-3.0.0.jar
[2024-04-30T06:14:57.216+0000] {docker.py:413} INFO - 24/04/30 06:14:57 INFO Executor: Adding file:/tmp/spark-f4451802-0ea1-424b-9a2a-0b911bac5639/userFiles-db6e3c58-65e8-4beb-8bb2-772cfca3c403/com.google.code.findbugs_jsr305-3.0.0.jar to class loader default
[2024-04-30T06:14:57.216+0000] {docker.py:413} INFO - 24/04/30 06:14:57 INFO Executor: Fetching spark://localhost:44629/jars/org.checkerframework_checker-qual-3.5.0.jar with timestamp 1714457694921
[2024-04-30T06:14:57.219+0000] {docker.py:413} INFO - 24/04/30 06:14:57 INFO Utils: Fetching spark://localhost:44629/jars/org.checkerframework_checker-qual-3.5.0.jar to /tmp/spark-f4451802-0ea1-424b-9a2a-0b911bac5639/userFiles-db6e3c58-65e8-4beb-8bb2-772cfca3c403/fetchFileTemp11167542054129780039.tmp
[2024-04-30T06:14:57.223+0000] {docker.py:413} INFO - 24/04/30 06:14:57 INFO Utils: /tmp/spark-f4451802-0ea1-424b-9a2a-0b911bac5639/userFiles-db6e3c58-65e8-4beb-8bb2-772cfca3c403/fetchFileTemp11167542054129780039.tmp has been previously copied to /tmp/spark-f4451802-0ea1-424b-9a2a-0b911bac5639/userFiles-db6e3c58-65e8-4beb-8bb2-772cfca3c403/org.checkerframework_checker-qual-3.5.0.jar
[2024-04-30T06:14:57.230+0000] {docker.py:413} INFO - 24/04/30 06:14:57 INFO Executor: Adding file:/tmp/spark-f4451802-0ea1-424b-9a2a-0b911bac5639/userFiles-db6e3c58-65e8-4beb-8bb2-772cfca3c403/org.checkerframework_checker-qual-3.5.0.jar to class loader default
[2024-04-30T06:14:57.232+0000] {docker.py:413} INFO - 24/04/30 06:14:57 INFO Executor: Fetching spark://localhost:44629/jars/org.apache.hadoop_hadoop-client-api-3.3.4.jar with timestamp 1714457694921
[2024-04-30T06:14:57.233+0000] {docker.py:413} INFO - 24/04/30 06:14:57 INFO Utils: Fetching spark://localhost:44629/jars/org.apache.hadoop_hadoop-client-api-3.3.4.jar to /tmp/spark-f4451802-0ea1-424b-9a2a-0b911bac5639/userFiles-db6e3c58-65e8-4beb-8bb2-772cfca3c403/fetchFileTemp9906059998455353628.tmp
[2024-04-30T06:14:57.415+0000] {docker.py:413} INFO - 24/04/30 06:14:57 INFO Utils: /tmp/spark-f4451802-0ea1-424b-9a2a-0b911bac5639/userFiles-db6e3c58-65e8-4beb-8bb2-772cfca3c403/fetchFileTemp9906059998455353628.tmp has been previously copied to /tmp/spark-f4451802-0ea1-424b-9a2a-0b911bac5639/userFiles-db6e3c58-65e8-4beb-8bb2-772cfca3c403/org.apache.hadoop_hadoop-client-api-3.3.4.jar
[2024-04-30T06:14:57.427+0000] {docker.py:413} INFO - 24/04/30 06:14:57 INFO Executor: Adding file:/tmp/spark-f4451802-0ea1-424b-9a2a-0b911bac5639/userFiles-db6e3c58-65e8-4beb-8bb2-772cfca3c403/org.apache.hadoop_hadoop-client-api-3.3.4.jar to class loader default
[2024-04-30T06:14:57.429+0000] {docker.py:413} INFO - 24/04/30 06:14:57 INFO Executor: Fetching spark://localhost:44629/jars/org.lz4_lz4-java-1.8.0.jar with timestamp 1714457694921
[2024-04-30T06:14:57.433+0000] {docker.py:413} INFO - 24/04/30 06:14:57 INFO Utils: Fetching spark://localhost:44629/jars/org.lz4_lz4-java-1.8.0.jar to /tmp/spark-f4451802-0ea1-424b-9a2a-0b911bac5639/userFiles-db6e3c58-65e8-4beb-8bb2-772cfca3c403/fetchFileTemp15164458532474806560.tmp
[2024-04-30T06:14:57.440+0000] {docker.py:413} INFO - 24/04/30 06:14:57 INFO Utils: /tmp/spark-f4451802-0ea1-424b-9a2a-0b911bac5639/userFiles-db6e3c58-65e8-4beb-8bb2-772cfca3c403/fetchFileTemp15164458532474806560.tmp has been previously copied to /tmp/spark-f4451802-0ea1-424b-9a2a-0b911bac5639/userFiles-db6e3c58-65e8-4beb-8bb2-772cfca3c403/org.lz4_lz4-java-1.8.0.jar
[2024-04-30T06:14:57.454+0000] {docker.py:413} INFO - 24/04/30 06:14:57 INFO Executor: Adding file:/tmp/spark-f4451802-0ea1-424b-9a2a-0b911bac5639/userFiles-db6e3c58-65e8-4beb-8bb2-772cfca3c403/org.lz4_lz4-java-1.8.0.jar to class loader default
[2024-04-30T06:14:57.456+0000] {docker.py:413} INFO - 24/04/30 06:14:57 INFO Executor: Fetching spark://localhost:44629/jars/org.apache.kafka_kafka-clients-3.4.1.jar with timestamp 1714457694921
[2024-04-30T06:14:57.458+0000] {docker.py:413} INFO - 24/04/30 06:14:57 INFO Utils: Fetching spark://localhost:44629/jars/org.apache.kafka_kafka-clients-3.4.1.jar to /tmp/spark-f4451802-0ea1-424b-9a2a-0b911bac5639/userFiles-db6e3c58-65e8-4beb-8bb2-772cfca3c403/fetchFileTemp11738721021779004144.tmp
[2024-04-30T06:14:57.513+0000] {docker.py:413} INFO - 24/04/30 06:14:57 INFO Utils: /tmp/spark-f4451802-0ea1-424b-9a2a-0b911bac5639/userFiles-db6e3c58-65e8-4beb-8bb2-772cfca3c403/fetchFileTemp11738721021779004144.tmp has been previously copied to /tmp/spark-f4451802-0ea1-424b-9a2a-0b911bac5639/userFiles-db6e3c58-65e8-4beb-8bb2-772cfca3c403/org.apache.kafka_kafka-clients-3.4.1.jar
[2024-04-30T06:14:57.520+0000] {docker.py:413} INFO - 24/04/30 06:14:57 INFO Executor: Adding file:/tmp/spark-f4451802-0ea1-424b-9a2a-0b911bac5639/userFiles-db6e3c58-65e8-4beb-8bb2-772cfca3c403/org.apache.kafka_kafka-clients-3.4.1.jar to class loader default
[2024-04-30T06:14:57.522+0000] {docker.py:413} INFO - 24/04/30 06:14:57 INFO Executor: Fetching spark://localhost:44629/jars/org.xerial.snappy_snappy-java-1.1.10.3.jar with timestamp 1714457694921
[2024-04-30T06:14:57.523+0000] {docker.py:413} INFO - 24/04/30 06:14:57 INFO Utils: Fetching spark://localhost:44629/jars/org.xerial.snappy_snappy-java-1.1.10.3.jar to /tmp/spark-f4451802-0ea1-424b-9a2a-0b911bac5639/userFiles-db6e3c58-65e8-4beb-8bb2-772cfca3c403/fetchFileTemp2518481976176789732.tmp
[2024-04-30T06:14:57.540+0000] {docker.py:413} INFO - 24/04/30 06:14:57 INFO Utils: /tmp/spark-f4451802-0ea1-424b-9a2a-0b911bac5639/userFiles-db6e3c58-65e8-4beb-8bb2-772cfca3c403/fetchFileTemp2518481976176789732.tmp has been previously copied to /tmp/spark-f4451802-0ea1-424b-9a2a-0b911bac5639/userFiles-db6e3c58-65e8-4beb-8bb2-772cfca3c403/org.xerial.snappy_snappy-java-1.1.10.3.jar
[2024-04-30T06:14:57.547+0000] {docker.py:413} INFO - 24/04/30 06:14:57 INFO Executor: Adding file:/tmp/spark-f4451802-0ea1-424b-9a2a-0b911bac5639/userFiles-db6e3c58-65e8-4beb-8bb2-772cfca3c403/org.xerial.snappy_snappy-java-1.1.10.3.jar to class loader default
[2024-04-30T06:14:57.548+0000] {docker.py:413} INFO - 24/04/30 06:14:57 INFO Executor: Fetching spark://localhost:44629/jars/org.postgresql_postgresql-42.5.4.jar with timestamp 1714457694921
[2024-04-30T06:14:57.550+0000] {docker.py:413} INFO - 24/04/30 06:14:57 INFO Utils: Fetching spark://localhost:44629/jars/org.postgresql_postgresql-42.5.4.jar to /tmp/spark-f4451802-0ea1-424b-9a2a-0b911bac5639/userFiles-db6e3c58-65e8-4beb-8bb2-772cfca3c403/fetchFileTemp14522589157066121584.tmp
[2024-04-30T06:14:57.559+0000] {docker.py:413} INFO - 24/04/30 06:14:57 INFO Utils: /tmp/spark-f4451802-0ea1-424b-9a2a-0b911bac5639/userFiles-db6e3c58-65e8-4beb-8bb2-772cfca3c403/fetchFileTemp14522589157066121584.tmp has been previously copied to /tmp/spark-f4451802-0ea1-424b-9a2a-0b911bac5639/userFiles-db6e3c58-65e8-4beb-8bb2-772cfca3c403/org.postgresql_postgresql-42.5.4.jar
[2024-04-30T06:14:57.567+0000] {docker.py:413} INFO - 24/04/30 06:14:57 INFO Executor: Adding file:/tmp/spark-f4451802-0ea1-424b-9a2a-0b911bac5639/userFiles-db6e3c58-65e8-4beb-8bb2-772cfca3c403/org.postgresql_postgresql-42.5.4.jar to class loader default
[2024-04-30T06:14:57.568+0000] {docker.py:413} INFO - 24/04/30 06:14:57 INFO Executor: Fetching spark://localhost:44629/jars/org.apache.hadoop_hadoop-client-runtime-3.3.4.jar with timestamp 1714457694921
[2024-04-30T06:14:57.569+0000] {docker.py:413} INFO - 24/04/30 06:14:57 INFO Utils: Fetching spark://localhost:44629/jars/org.apache.hadoop_hadoop-client-runtime-3.3.4.jar to /tmp/spark-f4451802-0ea1-424b-9a2a-0b911bac5639/userFiles-db6e3c58-65e8-4beb-8bb2-772cfca3c403/fetchFileTemp9596061043007715636.tmp
[2024-04-30T06:14:57.829+0000] {docker.py:413} INFO - 24/04/30 06:14:57 INFO Utils: /tmp/spark-f4451802-0ea1-424b-9a2a-0b911bac5639/userFiles-db6e3c58-65e8-4beb-8bb2-772cfca3c403/fetchFileTemp9596061043007715636.tmp has been previously copied to /tmp/spark-f4451802-0ea1-424b-9a2a-0b911bac5639/userFiles-db6e3c58-65e8-4beb-8bb2-772cfca3c403/org.apache.hadoop_hadoop-client-runtime-3.3.4.jar
[2024-04-30T06:14:57.842+0000] {docker.py:413} INFO - 24/04/30 06:14:57 INFO Executor: Adding file:/tmp/spark-f4451802-0ea1-424b-9a2a-0b911bac5639/userFiles-db6e3c58-65e8-4beb-8bb2-772cfca3c403/org.apache.hadoop_hadoop-client-runtime-3.3.4.jar to class loader default
[2024-04-30T06:14:57.843+0000] {docker.py:413} INFO - 24/04/30 06:14:57 INFO Executor: Fetching spark://localhost:44629/jars/org.slf4j_slf4j-api-2.0.7.jar with timestamp 1714457694921
[2024-04-30T06:14:57.844+0000] {docker.py:413} INFO - 24/04/30 06:14:57 INFO Utils: Fetching spark://localhost:44629/jars/org.slf4j_slf4j-api-2.0.7.jar to /tmp/spark-f4451802-0ea1-424b-9a2a-0b911bac5639/userFiles-db6e3c58-65e8-4beb-8bb2-772cfca3c403/fetchFileTemp5862337756417827465.tmp
[2024-04-30T06:14:57.848+0000] {docker.py:413} INFO - 24/04/30 06:14:57 INFO Utils: /tmp/spark-f4451802-0ea1-424b-9a2a-0b911bac5639/userFiles-db6e3c58-65e8-4beb-8bb2-772cfca3c403/fetchFileTemp5862337756417827465.tmp has been previously copied to /tmp/spark-f4451802-0ea1-424b-9a2a-0b911bac5639/userFiles-db6e3c58-65e8-4beb-8bb2-772cfca3c403/org.slf4j_slf4j-api-2.0.7.jar
[2024-04-30T06:14:57.854+0000] {docker.py:413} INFO - 24/04/30 06:14:57 INFO Executor: Adding file:/tmp/spark-f4451802-0ea1-424b-9a2a-0b911bac5639/userFiles-db6e3c58-65e8-4beb-8bb2-772cfca3c403/org.slf4j_slf4j-api-2.0.7.jar to class loader default
[2024-04-30T06:14:57.855+0000] {docker.py:413} INFO - 24/04/30 06:14:57 INFO Executor: Fetching spark://localhost:44629/jars/org.apache.spark_spark-token-provider-kafka-0-10_2.12-3.5.0.jar with timestamp 1714457694921
[2024-04-30T06:14:57.856+0000] {docker.py:413} INFO - 24/04/30 06:14:57 INFO Utils: Fetching spark://localhost:44629/jars/org.apache.spark_spark-token-provider-kafka-0-10_2.12-3.5.0.jar to /tmp/spark-f4451802-0ea1-424b-9a2a-0b911bac5639/userFiles-db6e3c58-65e8-4beb-8bb2-772cfca3c403/fetchFileTemp10863645072946213436.tmp
[2024-04-30T06:14:57.859+0000] {docker.py:413} INFO - 24/04/30 06:14:57 INFO Utils: /tmp/spark-f4451802-0ea1-424b-9a2a-0b911bac5639/userFiles-db6e3c58-65e8-4beb-8bb2-772cfca3c403/fetchFileTemp10863645072946213436.tmp has been previously copied to /tmp/spark-f4451802-0ea1-424b-9a2a-0b911bac5639/userFiles-db6e3c58-65e8-4beb-8bb2-772cfca3c403/org.apache.spark_spark-token-provider-kafka-0-10_2.12-3.5.0.jar
[2024-04-30T06:14:57.865+0000] {docker.py:413} INFO - 24/04/30 06:14:57 INFO Executor: Adding file:/tmp/spark-f4451802-0ea1-424b-9a2a-0b911bac5639/userFiles-db6e3c58-65e8-4beb-8bb2-772cfca3c403/org.apache.spark_spark-token-provider-kafka-0-10_2.12-3.5.0.jar to class loader default
[2024-04-30T06:14:57.878+0000] {docker.py:413} INFO - 24/04/30 06:14:57 INFO Utils: Successfully started service 'org.apache.spark.network.netty.NettyBlockTransferService' on port 43499.
[2024-04-30T06:14:57.879+0000] {docker.py:413} INFO - 24/04/30 06:14:57 INFO NettyBlockTransferService: Server created on localhost:43499
[2024-04-30T06:14:57.882+0000] {docker.py:413} INFO - 24/04/30 06:14:57 INFO BlockManager: Using org.apache.spark.storage.RandomBlockReplicationPolicy for block replication policy
[2024-04-30T06:14:57.891+0000] {docker.py:413} INFO - 24/04/30 06:14:57 INFO BlockManagerMaster: Registering BlockManager BlockManagerId(driver, localhost, 43499, None)
[2024-04-30T06:14:57.896+0000] {docker.py:413} INFO - 24/04/30 06:14:57 INFO BlockManagerMasterEndpoint: Registering block manager localhost:43499 with 434.4 MiB RAM, BlockManagerId(driver, localhost, 43499, None)
[2024-04-30T06:14:57.903+0000] {docker.py:413} INFO - 24/04/30 06:14:57 INFO BlockManagerMaster: Registered BlockManager BlockManagerId(driver, localhost, 43499, None)
[2024-04-30T06:14:57.905+0000] {docker.py:413} INFO - 24/04/30 06:14:57 INFO BlockManager: Initialized BlockManager: BlockManagerId(driver, localhost, 43499, None)
[2024-04-30T06:14:59.088+0000] {docker.py:413} INFO - 2024-04-30 06:14:59,087:create_spark_session:INFO:Spark session created successfully
[2024-04-30T06:14:59.105+0000] {docker.py:413} INFO - 24/04/30 06:14:59 INFO SharedState: Setting hive.metastore.warehouse.dir ('null') to the value of spark.sql.warehouse.dir.
[2024-04-30T06:14:59.110+0000] {docker.py:413} INFO - 24/04/30 06:14:59 INFO SharedState: Warehouse path is 'file:/opt/bitnami/spark/spark-warehouse'.
[2024-04-30T06:15:01.802+0000] {docker.py:413} INFO - 2024-04-30 06:15:01,801:create_initial_dataframe:INFO:Initial dataframe created successfully
[2024-04-30T06:15:03.146+0000] {docker.py:413} INFO - Traceback (most recent call last):
  File "/opt/bitnami/spark/spark_streaming.py", line 103, in <module>
[2024-04-30T06:15:03.150+0000] {docker.py:413} INFO - write_to_postgres()
  File "/opt/bitnami/spark/spark_streaming.py", line 99, in write_to_postgres
    start_streaming(df_final, spark=spark)
  File "/opt/bitnami/spark/spark_streaming.py", line 73, in start_streaming
    existing_data_df = spark.read.jdbc(
                       ^^^^^^^^^^^^^^^^
  File "/opt/bitnami/spark/python/lib/pyspark.zip/pyspark/sql/readwriter.py", line 946, in jdbc
  File "/opt/bitnami/spark/python/lib/py4j-0.10.9.7-src.zip/py4j/java_gateway.py", line 1322, in __call__
  File "/opt/bitnami/spark/python/lib/pyspark.zip/pyspark/errors/exceptions/captured.py", line 179, in deco
  File "/opt/bitnami/spark/python/lib/py4j-0.10.9.7-src.zip/py4j/protocol.py", line 326, in get_return_value
py4j.protocol.Py4JJavaError
[2024-04-30T06:15:03.154+0000] {docker.py:413} INFO - : An error occurred while calling o50.jdbc.
: org.postgresql.util.PSQLException: Connection to 34.16.15.217:5432 refused. Check that the hostname and port are correct and that the postmaster is accepting TCP/IP connections.
	at org.postgresql.core.v3.ConnectionFactoryImpl.openConnectionImpl(ConnectionFactoryImpl.java:342)
	at org.postgresql.core.ConnectionFactory.openConnection(ConnectionFactory.java:54)
	at org.postgresql.jdbc.PgConnection.<init>(PgConnection.java:253)
	at org.postgresql.Driver.makeConnection(Driver.java:434)
	at org.postgresql.Driver.connect(Driver.java:291)
	at org.apache.spark.sql.execution.datasources.jdbc.connection.BasicConnectionProvider.getConnection(BasicConnectionProvider.scala:49)
	at org.apache.spark.sql.execution.datasources.jdbc.connection.ConnectionProviderBase.create(ConnectionProvider.scala:102)
	at org.apache.spark.sql.jdbc.JdbcDialect.$anonfun$createConnectionFactory$1(JdbcDialects.scala:160)
	at org.apache.spark.sql.jdbc.JdbcDialect.$anonfun$createConnectionFactory$1$adap
[2024-04-30T06:15:03.154+0000] {docker.py:413} INFO - ted(JdbcDialects.scala:156)
	at org.apache.spark.sql.execution.datasources.jdbc.JDBCRDD$.getQueryOutputSchema(JDBCRDD.scala:63)
	at org.apache.spark.sql.execution.datasources.jdbc.JDBCRDD$.resolveTable(JDBCRDD.scala:58)
	at org.apache.spark.sql.execution.datasources.jdbc.JDBCRelation$.getSchema(JDBCRelation.scala:241)
	at org.apache.spark.sql.execution.datasources.jdbc.JdbcRelationProvider.createRelation(JdbcRelationProvider.scala:37)
	at org.apache.spark.sql.execution.datasources.DataSource.resolveRelation(DataSource.scala:346)
	at org.apache.spark.sql.DataFrameReader.loadV1Source(DataFrameReader.scala:229)
	at org.apache.spark.sql.DataFrameReader.$anonfun$load$2(DataFrameReader.scala:211)
	at scala.Option.getOrElse(Option.scala:189)
	at org.apache.spark.sql.DataFrameReader.load(DataFrameReader.scala:211)
	at org.apache.spark.sql.DataFrameReader.load(DataFrameReader.scala:172)
	at org.apache.spark.sql.DataFrameReader.jdbc(DataFrameReader.scala:249)
	at java.base/jdk.internal.reflect.NativeMethodAccessorImpl.
[2024-04-30T06:15:03.155+0000] {docker.py:413} INFO - invoke0(Native Method)
	at java.base/jdk.internal.reflect.NativeMethodAccessorImpl.invoke(NativeMethodAccessorImpl.java:77)
	at java.base/jdk.internal.reflect.DelegatingMethodAccessorImpl.invoke(DelegatingMethodAccessorImpl.java:43)
	at java.base/java.lang.reflect.Method.invoke(Method.java:568)
	at py4j.reflection.MethodInvoker.invoke(MethodInvoker.java:244)
	at py4j.reflection.ReflectionEngine.invoke(ReflectionEngine.java:374)
	at py4j.Gateway.invoke(Gateway.java:282)
	at py4j.commands.AbstractCommand.invokeMethod(AbstractCommand.java:132)
	at py4j.commands.CallCommand.execute(CallCommand.java:79)
	at py4j.ClientServerConnection.waitForCommands(ClientServerConnection.java:182)
	at py4j.ClientServerConnection.run(ClientServerConnection.java:106)
	at java.base/java.lang.Thread.run(Thread.java:840)
Caused by: java.net.ConnectException: Connection refused
	at java.base/sun.nio.ch.Net.pollConnect(Native Method)
	at java.base/sun.nio.ch.Net.pollConnectNow(Net.java:672)
	at java.base/sun.nio.ch.NioSocketImpl.timedF
[2024-04-30T06:15:03.155+0000] {docker.py:413} INFO - inishConnect(NioSocketImpl.java:554)
	at java.base/sun.nio.ch.NioSocketImpl.connect(NioSocketImpl.java:602)
	at java.base/java.net.SocksSocketImpl.connect(SocksSocketImpl.java:327)
	at java.base/java.net.Socket.connect(Socket.java:633)
	at org.postgresql.core.PGStream.createSocket(PGStream.java:243)
	at org.postgresql.core.PGStream.<init>(PGStream.java:98)
	at org.postgresql.core.v3.ConnectionFactoryImpl.tryConnect(ConnectionFactoryImpl.java:132)
	at org.postgresql.core.v3.ConnectionFactoryImpl.openConnectionImpl(ConnectionFactoryImpl.java:258)
	... 31 more

2024-04-30 06:15:03,151:close:INFO:Closing down clientserver connection
[2024-04-30T06:15:03.250+0000] {docker.py:413} INFO - 24/04/30 06:15:03 INFO SparkContext: Invoking stop() from shutdown hook
[2024-04-30T06:15:03.251+0000] {docker.py:413} INFO - 24/04/30 06:15:03 INFO SparkContext: SparkContext is stopping with exitCode 0.
[2024-04-30T06:15:03.289+0000] {docker.py:413} INFO - 24/04/30 06:15:03 INFO SparkUI: Stopped Spark web UI at http://localhost:4040
[2024-04-30T06:15:03.318+0000] {docker.py:413} INFO - 24/04/30 06:15:03 INFO MapOutputTrackerMasterEndpoint: MapOutputTrackerMasterEndpoint stopped!
[2024-04-30T06:15:03.336+0000] {docker.py:413} INFO - 24/04/30 06:15:03 INFO MemoryStore: MemoryStore cleared
[2024-04-30T06:15:03.337+0000] {docker.py:413} INFO - 24/04/30 06:15:03 INFO BlockManager: BlockManager stopped
[2024-04-30T06:15:03.346+0000] {docker.py:413} INFO - 24/04/30 06:15:03 INFO BlockManagerMaster: BlockManagerMaster stopped
[2024-04-30T06:15:03.352+0000] {docker.py:413} INFO - 24/04/30 06:15:03 INFO OutputCommitCoordinator$OutputCommitCoordinatorEndpoint: OutputCommitCoordinator stopped!
[2024-04-30T06:15:03.385+0000] {docker.py:413} INFO - 24/04/30 06:15:03 INFO SparkContext: Successfully stopped SparkContext
[2024-04-30T06:15:03.385+0000] {docker.py:413} INFO - 24/04/30 06:15:03 INFO ShutdownHookManager: Shutdown hook called
[2024-04-30T06:15:03.386+0000] {docker.py:413} INFO - 24/04/30 06:15:03 INFO ShutdownHookManager: Deleting directory /tmp/spark-4381cc87-3180-4cff-86a8-908965262941
[2024-04-30T06:15:03.393+0000] {docker.py:413} INFO - 24/04/30 06:15:03 INFO ShutdownHookManager: Deleting directory /tmp/spark-f4451802-0ea1-424b-9a2a-0b911bac5639/pyspark-d8b6402b-99d3-4228-a173-d07cfe599103
[2024-04-30T06:15:03.401+0000] {docker.py:413} INFO - 24/04/30 06:15:03 INFO ShutdownHookManager: Deleting directory /tmp/spark-f4451802-0ea1-424b-9a2a-0b911bac5639
[2024-04-30T06:15:04.338+0000] {taskinstance.py:1937} ERROR - Task failed with exception
Traceback (most recent call last):
  File "/home/airflow/.local/lib/python3.8/site-packages/docker/api/client.py", line 268, in _raise_for_status
    response.raise_for_status()
  File "/home/airflow/.local/lib/python3.8/site-packages/requests/models.py", line 1021, in raise_for_status
    raise HTTPError(http_error_msg, response=self)
requests.exceptions.HTTPError: 400 Client Error: Bad Request for url: http://docker-proxy:2375/v1.45/containers/create

The above exception was the direct cause of the following exception:

Traceback (most recent call last):
  File "/home/airflow/.local/lib/python3.8/site-packages/airflow/providers/docker/operators/docker.py", line 348, in _run_image
    return self._run_image_with_mounts([*self.mounts, tmp_mount], add_tmp_variable=True)
  File "/home/airflow/.local/lib/python3.8/site-packages/airflow/providers/docker/operators/docker.py", line 375, in _run_image_with_mounts
    self.container = self.cli.create_container(
  File "/home/airflow/.local/lib/python3.8/site-packages/docker/api/container.py", line 431, in create_container
    return self.create_container_from_config(config, name, platform)
  File "/home/airflow/.local/lib/python3.8/site-packages/docker/api/container.py", line 448, in create_container_from_config
    return self._result(res, True)
  File "/home/airflow/.local/lib/python3.8/site-packages/docker/api/client.py", line 274, in _result
    self._raise_for_status(response)
  File "/home/airflow/.local/lib/python3.8/site-packages/docker/api/client.py", line 270, in _raise_for_status
    raise create_api_error_from_http_exception(e) from e
  File "/home/airflow/.local/lib/python3.8/site-packages/docker/errors.py", line 39, in create_api_error_from_http_exception
    raise cls(e, response=response, explanation=explanation) from e
docker.errors.APIError: 400 Client Error for http://docker-proxy:2375/v1.45/containers/create: Bad Request ("invalid mount config for type "bind": bind source path does not exist: /tmp/airflowtmpvl6z0yhz")

During handling of the above exception, another exception occurred:

Traceback (most recent call last):
  File "/home/airflow/.local/lib/python3.8/site-packages/airflow/providers/docker/operators/docker.py", line 486, in execute
    return self._run_image()
  File "/home/airflow/.local/lib/python3.8/site-packages/airflow/providers/docker/operators/docker.py", line 357, in _run_image
    return self._run_image_with_mounts(self.mounts, add_tmp_variable=False)
  File "/home/airflow/.local/lib/python3.8/site-packages/airflow/providers/docker/operators/docker.py", line 421, in _run_image_with_mounts
    raise DockerContainerFailedException(f"Docker container failed: {result!r}", logs=log_lines)
airflow.providers.docker.exceptions.DockerContainerFailedException: Docker container failed: {'StatusCode': 1}
[2024-04-30T06:15:04.346+0000] {taskinstance.py:1400} INFO - Marking task as UP_FOR_RETRY. dag_id=kafka_spark_dag, task_id=pyspark_consumer, execution_date=20240430T061429, start_date=20240430T061435, end_date=20240430T061504
[2024-04-30T06:15:04.366+0000] {standard_task_runner.py:104} ERROR - Failed to execute job 34 for task pyspark_consumer (Docker container failed: {'StatusCode': 1}; 3831)
[2024-04-30T06:15:04.397+0000] {local_task_job_runner.py:228} INFO - Task exited with return code 1
[2024-04-30T06:15:04.424+0000] {taskinstance.py:2778} INFO - 0 downstream tasks scheduled from follow-on schedule check
