[2024-04-30T06:15:11.849+0000] {taskinstance.py:1159} INFO - Dependencies all met for dep_context=non-requeueable deps ti=<TaskInstance: kafka_spark_dag.pyspark_consumer manual__2024-04-30T06:14:29.331135+00:00 [queued]>
[2024-04-30T06:15:11.864+0000] {taskinstance.py:1159} INFO - Dependencies all met for dep_context=requeueable deps ti=<TaskInstance: kafka_spark_dag.pyspark_consumer manual__2024-04-30T06:14:29.331135+00:00 [queued]>
[2024-04-30T06:15:11.865+0000] {taskinstance.py:1361} INFO - Starting attempt 2 of 2
[2024-04-30T06:15:11.887+0000] {taskinstance.py:1382} INFO - Executing <Task(DockerOperator): pyspark_consumer> on 2024-04-30 06:14:29.331135+00:00
[2024-04-30T06:15:11.902+0000] {standard_task_runner.py:57} INFO - Started process 4138 to run task
[2024-04-30T06:15:11.910+0000] {standard_task_runner.py:84} INFO - Running: ['***', 'tasks', 'run', 'kafka_spark_dag', 'pyspark_consumer', 'manual__2024-04-30T06:14:29.331135+00:00', '--job-id', '35', '--raw', '--subdir', 'DAGS_FOLDER/dag_kafka_spark.py', '--cfg-path', '/tmp/tmpm0ycbuie']
[2024-04-30T06:15:11.915+0000] {standard_task_runner.py:85} INFO - Job 35: Subtask pyspark_consumer
[2024-04-30T06:15:12.026+0000] {task_command.py:416} INFO - Running <TaskInstance: kafka_spark_dag.pyspark_consumer manual__2024-04-30T06:14:29.331135+00:00 [running]> on host fb2a3c3d6004
[2024-04-30T06:15:12.194+0000] {taskinstance.py:1662} INFO - Exporting env vars: AIRFLOW_CTX_DAG_OWNER='***' AIRFLOW_CTX_DAG_ID='kafka_spark_dag' AIRFLOW_CTX_TASK_ID='pyspark_consumer' AIRFLOW_CTX_EXECUTION_DATE='2024-04-30T06:14:29.331135+00:00' AIRFLOW_CTX_TRY_NUMBER='2' AIRFLOW_CTX_DAG_RUN_ID='manual__2024-04-30T06:14:29.331135+00:00'
[2024-04-30T06:15:12.235+0000] {docker.py:343} INFO - Starting docker container from image rappel-conso/spark:latest
[2024-04-30T06:15:12.241+0000] {docker.py:351} WARNING - Using remote engine or docker-in-docker and mounting temporary volume from host is not supported. Falling back to `mount_tmp_dir=False` mode. You can set `mount_tmp_dir` parameter to False to disable mounting and remove the warning
[2024-04-30T06:15:12.734+0000] {docker.py:413} INFO - [38;5;6mspark [38;5;5m06:15:12.73 [0m[38;5;2mINFO [0m ==>
[2024-04-30T06:15:12.737+0000] {docker.py:413} INFO - [38;5;6mspark [38;5;5m06:15:12.73 [0m[38;5;2mINFO [0m ==> [1mWelcome to the Bitnami spark container[0m
[2024-04-30T06:15:12.741+0000] {docker.py:413} INFO - [38;5;6mspark [38;5;5m06:15:12.74 [0m[38;5;2mINFO [0m ==> Subscribe to project updates by watching [1mhttps://github.com/bitnami/containers[0m
[2024-04-30T06:15:12.744+0000] {docker.py:413} INFO - [38;5;6mspark [38;5;5m06:15:12.74 [0m[38;5;2mINFO [0m ==> Submit issues and feature requests at [1mhttps://github.com/bitnami/containers/issues[0m
[2024-04-30T06:15:12.747+0000] {docker.py:413} INFO - [38;5;6mspark [38;5;5m06:15:12.74 [0m[38;5;2mINFO [0m ==>
[2024-04-30T06:15:12.761+0000] {docker.py:413} INFO - 
[2024-04-30T06:15:17.560+0000] {docker.py:413} INFO - :: loading settings :: url = jar:file:/opt/bitnami/spark/jars/ivy-2.5.1.jar!/org/apache/ivy/core/settings/ivysettings.xml
[2024-04-30T06:15:17.679+0000] {docker.py:413} INFO - Ivy Default Cache set to: /opt/bitnami/spark/.ivy2/cache
The jars for the packages stored in: /opt/bitnami/spark/.ivy2/jars
[2024-04-30T06:15:17.688+0000] {docker.py:413} INFO - org.postgresql#postgresql added as a dependency
[2024-04-30T06:15:17.689+0000] {docker.py:413} INFO - org.apache.spark#spark-sql-kafka-0-10_2.12 added as a dependency
[2024-04-30T06:15:17.691+0000] {docker.py:413} INFO - :: resolving dependencies :: org.apache.spark#spark-submit-parent-62a4e76a-d173-401e-a509-b8f62bd83c6f;1.0
[2024-04-30T06:15:17.692+0000] {docker.py:413} INFO - confs: [default]
[2024-04-30T06:15:19.887+0000] {docker.py:413} INFO - found org.postgresql#postgresql;42.5.4 in central
[2024-04-30T06:15:20.151+0000] {docker.py:413} INFO - found org.checkerframework#checker-qual;3.5.0 in central
[2024-04-30T06:15:21.228+0000] {docker.py:413} INFO - found org.apache.spark#spark-sql-kafka-0-10_2.12;3.5.0 in central
[2024-04-30T06:15:21.957+0000] {docker.py:413} INFO - found org.apache.spark#spark-token-provider-kafka-0-10_2.12;3.5.0 in central
[2024-04-30T06:15:22.123+0000] {docker.py:413} INFO - found org.apache.kafka#kafka-clients;3.4.1 in central
[2024-04-30T06:15:22.217+0000] {docker.py:413} INFO - found org.lz4#lz4-java;1.8.0 in central
[2024-04-30T06:15:22.272+0000] {docker.py:413} INFO - found org.xerial.snappy#snappy-java;1.1.10.3 in central
[2024-04-30T06:15:22.739+0000] {docker.py:413} INFO - found org.slf4j#slf4j-api;2.0.7 in central
[2024-04-30T06:15:23.145+0000] {docker.py:413} INFO - found org.apache.hadoop#hadoop-client-runtime;3.3.4 in central
[2024-04-30T06:15:23.376+0000] {docker.py:413} INFO - found org.apache.hadoop#hadoop-client-api;3.3.4 in central
[2024-04-30T06:15:24.231+0000] {docker.py:413} INFO - found commons-logging#commons-logging;1.1.3 in central
[2024-04-30T06:15:24.311+0000] {docker.py:413} INFO - found com.google.code.findbugs#jsr305;3.0.0 in central
[2024-04-30T06:15:24.682+0000] {docker.py:413} INFO - found org.apache.commons#commons-pool2;2.11.1 in central
[2024-04-30T06:15:24.747+0000] {docker.py:413} INFO - downloading https://repo1.maven.org/maven2/org/postgresql/postgresql/42.5.4/postgresql-42.5.4.jar ...
[2024-04-30T06:15:24.876+0000] {docker.py:413} INFO - [SUCCESSFUL ] org.postgresql#postgresql;42.5.4!postgresql.jar (144ms)
[2024-04-30T06:15:24.892+0000] {docker.py:413} INFO - downloading https://repo1.maven.org/maven2/org/apache/spark/spark-sql-kafka-0-10_2.12/3.5.0/spark-sql-kafka-0-10_2.12-3.5.0.jar ...
[2024-04-30T06:15:24.939+0000] {docker.py:413} INFO - [SUCCESSFUL ] org.apache.spark#spark-sql-kafka-0-10_2.12;3.5.0!spark-sql-kafka-0-10_2.12.jar (61ms)
[2024-04-30T06:15:24.954+0000] {docker.py:413} INFO - downloading https://repo1.maven.org/maven2/org/checkerframework/checker-qual/3.5.0/checker-qual-3.5.0.jar ...
[2024-04-30T06:15:24.981+0000] {docker.py:413} INFO - [SUCCESSFUL ] org.checkerframework#checker-qual;3.5.0!checker-qual.jar (40ms)
[2024-04-30T06:15:24.995+0000] {docker.py:413} INFO - downloading https://repo1.maven.org/maven2/org/apache/spark/spark-token-provider-kafka-0-10_2.12/3.5.0/spark-token-provider-kafka-0-10_2.12-3.5.0.jar ...
[2024-04-30T06:15:25.013+0000] {docker.py:413} INFO - [SUCCESSFUL ] org.apache.spark#spark-token-provider-kafka-0-10_2.12;3.5.0!spark-token-provider-kafka-0-10_2.12.jar (29ms)
[2024-04-30T06:15:25.037+0000] {docker.py:413} INFO - downloading https://repo1.maven.org/maven2/org/apache/kafka/kafka-clients/3.4.1/kafka-clients-3.4.1.jar ...
[2024-04-30T06:15:25.331+0000] {docker.py:413} INFO - [SUCCESSFUL ] org.apache.kafka#kafka-clients;3.4.1!kafka-clients.jar (316ms)
[2024-04-30T06:15:25.348+0000] {docker.py:413} INFO - downloading https://repo1.maven.org/maven2/com/google/code/findbugs/jsr305/3.0.0/jsr305-3.0.0.jar ...
[2024-04-30T06:15:25.363+0000] {docker.py:413} INFO - [SUCCESSFUL ] com.google.code.findbugs#jsr305;3.0.0!jsr305.jar (26ms)
[2024-04-30T06:15:25.378+0000] {docker.py:413} INFO - downloading https://repo1.maven.org/maven2/org/apache/commons/commons-pool2/2.11.1/commons-pool2-2.11.1.jar ...
[2024-04-30T06:15:25.396+0000] {docker.py:413} INFO - [SUCCESSFUL ] org.apache.commons#commons-pool2;2.11.1!commons-pool2.jar (31ms)
[2024-04-30T06:15:25.411+0000] {docker.py:413} INFO - downloading https://repo1.maven.org/maven2/org/apache/hadoop/hadoop-client-runtime/3.3.4/hadoop-client-runtime-3.3.4.jar ...
[2024-04-30T06:15:26.274+0000] {docker.py:413} INFO - [SUCCESSFUL ] org.apache.hadoop#hadoop-client-runtime;3.3.4!hadoop-client-runtime.jar (875ms)
[2024-04-30T06:15:26.302+0000] {docker.py:413} INFO - downloading https://repo1.maven.org/maven2/org/lz4/lz4-java/1.8.0/lz4-java-1.8.0.jar ...
[2024-04-30T06:15:26.327+0000] {docker.py:413} INFO - [SUCCESSFUL ] org.lz4#lz4-java;1.8.0!lz4-java.jar (39ms)
[2024-04-30T06:15:26.356+0000] {docker.py:413} INFO - downloading https://repo1.maven.org/maven2/org/xerial/snappy/snappy-java/1.1.10.3/snappy-java-1.1.10.3.jar ...
[2024-04-30T06:15:26.402+0000] {docker.py:413} INFO - [SUCCESSFUL ] org.xerial.snappy#snappy-java;1.1.10.3!snappy-java.jar(bundle) (62ms)
[2024-04-30T06:15:26.417+0000] {docker.py:413} INFO - downloading https://repo1.maven.org/maven2/org/slf4j/slf4j-api/2.0.7/slf4j-api-2.0.7.jar ...
[2024-04-30T06:15:26.431+0000] {docker.py:413} INFO - [SUCCESSFUL ] org.slf4j#slf4j-api;2.0.7!slf4j-api.jar (26ms)
[2024-04-30T06:15:26.445+0000] {docker.py:413} INFO - downloading https://repo1.maven.org/maven2/org/apache/hadoop/hadoop-client-api/3.3.4/hadoop-client-api-3.3.4.jar ...
[2024-04-30T06:15:26.760+0000] {docker.py:413} INFO - [SUCCESSFUL ] org.apache.hadoop#hadoop-client-api;3.3.4!hadoop-client-api.jar (327ms)
[2024-04-30T06:15:26.775+0000] {docker.py:413} INFO - downloading https://repo1.maven.org/maven2/commons-logging/commons-logging/1.1.3/commons-logging-1.1.3.jar ...
[2024-04-30T06:15:26.790+0000] {docker.py:413} INFO - [SUCCESSFUL ] commons-logging#commons-logging;1.1.3!commons-logging.jar (27ms)
[2024-04-30T06:15:26.792+0000] {docker.py:413} INFO - :: resolution report :: resolve 7024ms :: artifacts dl 2077ms
[2024-04-30T06:15:26.793+0000] {docker.py:413} INFO - :: modules in use:
[2024-04-30T06:15:26.794+0000] {docker.py:413} INFO - com.google.code.findbugs#jsr305;3.0.0 from central in [default]
[2024-04-30T06:15:26.796+0000] {docker.py:413} INFO - commons-logging#commons-logging;1.1.3 from central in [default]
[2024-04-30T06:15:26.797+0000] {docker.py:413} INFO - org.apache.commons#commons-pool2;2.11.1 from central in [default]
[2024-04-30T06:15:26.798+0000] {docker.py:413} INFO - org.apache.hadoop#hadoop-client-api;3.3.4 from central in [default]
[2024-04-30T06:15:26.798+0000] {docker.py:413} INFO - org.apache.hadoop#hadoop-client-runtime;3.3.4 from central in [default]
[2024-04-30T06:15:26.799+0000] {docker.py:413} INFO - org.apache.kafka#kafka-clients;3.4.1 from central in [default]
[2024-04-30T06:15:26.800+0000] {docker.py:413} INFO - org.apache.spark#spark-sql-kafka-0-10_2.12;3.5.0 from central in [default]
[2024-04-30T06:15:26.800+0000] {docker.py:413} INFO - org.apache.spark#spark-token-provider-kafka-0-10_2.12;3.5.0 from central in [default]
[2024-04-30T06:15:26.801+0000] {docker.py:413} INFO - org.checkerframework#checker-qual;3.5.0 from central in [default]
[2024-04-30T06:15:26.802+0000] {docker.py:413} INFO - org.lz4#lz4-java;1.8.0 from central in [default]
[2024-04-30T06:15:26.803+0000] {docker.py:413} INFO - org.postgresql#postgresql;42.5.4 from central in [default]
[2024-04-30T06:15:26.804+0000] {docker.py:413} INFO - org.slf4j#slf4j-api;2.0.7 from central in [default]
[2024-04-30T06:15:26.804+0000] {docker.py:413} INFO - org.xerial.snappy#snappy-java;1.1.10.3 from central in [default]
[2024-04-30T06:15:26.805+0000] {docker.py:413} INFO - ---------------------------------------------------------------------
[2024-04-30T06:15:26.806+0000] {docker.py:413} INFO - |                  |            modules            ||   artifacts   |
[2024-04-30T06:15:26.807+0000] {docker.py:413} INFO - |       conf       | number| search|dwnlded|evicted|| number|dwnlded|
[2024-04-30T06:15:26.807+0000] {docker.py:413} INFO - ---------------------------------------------------------------------
[2024-04-30T06:15:26.808+0000] {docker.py:413} INFO - |      default     |   13  |   13  |   13  |   0   ||   13  |   13  |
[2024-04-30T06:15:26.809+0000] {docker.py:413} INFO - ---------------------------------------------------------------------
[2024-04-30T06:15:26.830+0000] {docker.py:413} INFO - :: retrieving :: org.apache.spark#spark-submit-parent-62a4e76a-d173-401e-a509-b8f62bd83c6f
[2024-04-30T06:15:26.831+0000] {docker.py:413} INFO - confs: [default]
[2024-04-30T06:15:26.983+0000] {docker.py:413} INFO - 13 artifacts copied, 0 already retrieved (58001kB/152ms)
[2024-04-30T06:15:27.508+0000] {docker.py:413} INFO - 24/04/30 06:15:27 WARN NativeCodeLoader: Unable to load native-hadoop library for your platform... using builtin-java classes where applicable
[2024-04-30T06:15:30.101+0000] {docker.py:413} INFO - 24/04/30 06:15:30 INFO SparkContext: Running Spark version 3.5.0
[2024-04-30T06:15:30.102+0000] {docker.py:413} INFO - 24/04/30 06:15:30 INFO SparkContext: OS info Linux, 6.5.0-1018-gcp, amd64
[2024-04-30T06:15:30.103+0000] {docker.py:413} INFO - 24/04/30 06:15:30 INFO SparkContext: Java version 17.0.10
[2024-04-30T06:15:30.173+0000] {docker.py:413} INFO - 24/04/30 06:15:30 INFO ResourceUtils: ==============================================================
[2024-04-30T06:15:30.174+0000] {docker.py:413} INFO - 24/04/30 06:15:30 INFO ResourceUtils: No custom resources configured for spark.driver.
[2024-04-30T06:15:30.174+0000] {docker.py:413} INFO - 24/04/30 06:15:30 INFO ResourceUtils: ==============================================================
[2024-04-30T06:15:30.175+0000] {docker.py:413} INFO - 24/04/30 06:15:30 INFO SparkContext: Submitted application: PostgreSQL Connection with PySpark
[2024-04-30T06:15:30.236+0000] {docker.py:413} INFO - 24/04/30 06:15:30 INFO ResourceProfile: Default ResourceProfile created, executor resources: Map(cores -> name: cores, amount: 1, script: , vendor: , memory -> name: memory, amount: 1024, script: , vendor: , offHeap -> name: offHeap, amount: 0, script: , vendor: ), task resources: Map(cpus -> name: cpus, amount: 1.0)
[2024-04-30T06:15:30.255+0000] {docker.py:413} INFO - 24/04/30 06:15:30 INFO ResourceProfile: Limiting resource is cpu
[2024-04-30T06:15:30.258+0000] {docker.py:413} INFO - 24/04/30 06:15:30 INFO ResourceProfileManager: Added ResourceProfile id: 0
[2024-04-30T06:15:30.367+0000] {docker.py:413} INFO - 24/04/30 06:15:30 INFO SecurityManager: Changing view acls to: spark
[2024-04-30T06:15:30.368+0000] {docker.py:413} INFO - 24/04/30 06:15:30 INFO SecurityManager: Changing modify acls to: spark
[2024-04-30T06:15:30.369+0000] {docker.py:413} INFO - 24/04/30 06:15:30 INFO SecurityManager: Changing view acls groups to:
[2024-04-30T06:15:30.370+0000] {docker.py:413} INFO - 24/04/30 06:15:30 INFO SecurityManager: Changing modify acls groups to:
[2024-04-30T06:15:30.371+0000] {docker.py:413} INFO - 24/04/30 06:15:30 INFO SecurityManager: SecurityManager: authentication disabled; ui acls disabled; users with view permissions: spark; groups with view permissions: EMPTY; users with modify permissions: spark; groups with modify permissions: EMPTY
[2024-04-30T06:15:30.833+0000] {docker.py:413} INFO - 24/04/30 06:15:30 INFO Utils: Successfully started service 'sparkDriver' on port 37725.
[2024-04-30T06:15:30.887+0000] {docker.py:413} INFO - 24/04/30 06:15:30 INFO SparkEnv: Registering MapOutputTracker
[2024-04-30T06:15:30.939+0000] {docker.py:413} INFO - 24/04/30 06:15:30 INFO SparkEnv: Registering BlockManagerMaster
[2024-04-30T06:15:30.967+0000] {docker.py:413} INFO - 24/04/30 06:15:30 INFO BlockManagerMasterEndpoint: Using org.apache.spark.storage.DefaultTopologyMapper for getting topology information
[2024-04-30T06:15:30.968+0000] {docker.py:413} INFO - 24/04/30 06:15:30 INFO BlockManagerMasterEndpoint: BlockManagerMasterEndpoint up
[2024-04-30T06:15:30.973+0000] {docker.py:413} INFO - 24/04/30 06:15:30 INFO SparkEnv: Registering BlockManagerMasterHeartbeat
[2024-04-30T06:15:31.004+0000] {docker.py:413} INFO - 24/04/30 06:15:31 INFO DiskBlockManager: Created local directory at /tmp/blockmgr-8e3367c1-75ba-456b-95bb-be23505e0561
[2024-04-30T06:15:31.028+0000] {docker.py:413} INFO - 24/04/30 06:15:31 INFO MemoryStore: MemoryStore started with capacity 434.4 MiB
[2024-04-30T06:15:31.059+0000] {docker.py:413} INFO - 24/04/30 06:15:31 INFO SparkEnv: Registering OutputCommitCoordinator
[2024-04-30T06:15:31.261+0000] {docker.py:413} INFO - 24/04/30 06:15:31 INFO JettyUtils: Start Jetty 0.0.0.0:4040 for SparkUI
[2024-04-30T06:15:31.346+0000] {docker.py:413} INFO - 24/04/30 06:15:31 INFO Utils: Successfully started service 'SparkUI' on port 4040.
[2024-04-30T06:15:31.403+0000] {docker.py:413} INFO - 24/04/30 06:15:31 INFO SparkContext: Added JAR file:///opt/bitnami/spark/.ivy2/jars/org.postgresql_postgresql-42.5.4.jar at spark://localhost:37725/jars/org.postgresql_postgresql-42.5.4.jar with timestamp 1714457730058
[2024-04-30T06:15:31.404+0000] {docker.py:413} INFO - 24/04/30 06:15:31 INFO SparkContext: Added JAR file:///opt/bitnami/spark/.ivy2/jars/org.apache.spark_spark-sql-kafka-0-10_2.12-3.5.0.jar at spark://localhost:37725/jars/org.apache.spark_spark-sql-kafka-0-10_2.12-3.5.0.jar with timestamp 1714457730058
[2024-04-30T06:15:31.405+0000] {docker.py:413} INFO - 24/04/30 06:15:31 INFO SparkContext: Added JAR file:///opt/bitnami/spark/.ivy2/jars/org.checkerframework_checker-qual-3.5.0.jar at spark://localhost:37725/jars/org.checkerframework_checker-qual-3.5.0.jar with timestamp 1714457730058
[2024-04-30T06:15:31.405+0000] {docker.py:413} INFO - 24/04/30 06:15:31 INFO SparkContext: Added JAR file:///opt/bitnami/spark/.ivy2/jars/org.apache.spark_spark-token-provider-kafka-0-10_2.12-3.5.0.jar at spark://localhost:37725/jars/org.apache.spark_spark-token-provider-kafka-0-10_2.12-3.5.0.jar with timestamp 1714457730058
[2024-04-30T06:15:31.406+0000] {docker.py:413} INFO - 24/04/30 06:15:31 INFO SparkContext: Added JAR file:///opt/bitnami/spark/.ivy2/jars/org.apache.kafka_kafka-clients-3.4.1.jar at spark://localhost:37725/jars/org.apache.kafka_kafka-clients-3.4.1.jar with timestamp 1714457730058
[2024-04-30T06:15:31.407+0000] {docker.py:413} INFO - 24/04/30 06:15:31 INFO SparkContext: Added JAR file:///opt/bitnami/spark/.ivy2/jars/com.google.code.findbugs_jsr305-3.0.0.jar at spark://localhost:37725/jars/com.google.code.findbugs_jsr305-3.0.0.jar with timestamp 1714457730058
[2024-04-30T06:15:31.407+0000] {docker.py:413} INFO - 24/04/30 06:15:31 INFO SparkContext: Added JAR file:///opt/bitnami/spark/.ivy2/jars/org.apache.commons_commons-pool2-2.11.1.jar at spark://localhost:37725/jars/org.apache.commons_commons-pool2-2.11.1.jar with timestamp 1714457730058
[2024-04-30T06:15:31.408+0000] {docker.py:413} INFO - 24/04/30 06:15:31 INFO SparkContext: Added JAR file:///opt/bitnami/spark/.ivy2/jars/org.apache.hadoop_hadoop-client-runtime-3.3.4.jar at spark://localhost:37725/jars/org.apache.hadoop_hadoop-client-runtime-3.3.4.jar with timestamp 1714457730058
[2024-04-30T06:15:31.409+0000] {docker.py:413} INFO - 24/04/30 06:15:31 INFO SparkContext: Added JAR file:///opt/bitnami/spark/.ivy2/jars/org.lz4_lz4-java-1.8.0.jar at spark://localhost:37725/jars/org.lz4_lz4-java-1.8.0.jar with timestamp 1714457730058
[2024-04-30T06:15:31.409+0000] {docker.py:413} INFO - 24/04/30 06:15:31 INFO SparkContext: Added JAR file:///opt/bitnami/spark/.ivy2/jars/org.xerial.snappy_snappy-java-1.1.10.3.jar at spark://localhost:37725/jars/org.xerial.snappy_snappy-java-1.1.10.3.jar with timestamp 1714457730058
[2024-04-30T06:15:31.410+0000] {docker.py:413} INFO - 24/04/30 06:15:31 INFO SparkContext: Added JAR file:///opt/bitnami/spark/.ivy2/jars/org.slf4j_slf4j-api-2.0.7.jar at spark://localhost:37725/jars/org.slf4j_slf4j-api-2.0.7.jar with timestamp 1714457730058
[2024-04-30T06:15:31.412+0000] {docker.py:413} INFO - 24/04/30 06:15:31 INFO SparkContext: Added JAR file:///opt/bitnami/spark/.ivy2/jars/org.apache.hadoop_hadoop-client-api-3.3.4.jar at spark://localhost:37725/jars/org.apache.hadoop_hadoop-client-api-3.3.4.jar with timestamp 1714457730058
[2024-04-30T06:15:31.412+0000] {docker.py:413} INFO - 24/04/30 06:15:31 INFO SparkContext: Added JAR file:///opt/bitnami/spark/.ivy2/jars/commons-logging_commons-logging-1.1.3.jar at spark://localhost:37725/jars/commons-logging_commons-logging-1.1.3.jar with timestamp 1714457730058
[2024-04-30T06:15:31.418+0000] {docker.py:413} INFO - 24/04/30 06:15:31 INFO SparkContext: Added file file:///opt/bitnami/spark/.ivy2/jars/org.postgresql_postgresql-42.5.4.jar at file:///opt/bitnami/spark/.ivy2/jars/org.postgresql_postgresql-42.5.4.jar with timestamp 1714457730058
[2024-04-30T06:15:31.430+0000] {docker.py:413} INFO - 24/04/30 06:15:31 INFO Utils: Copying /opt/bitnami/spark/.ivy2/jars/org.postgresql_postgresql-42.5.4.jar to /tmp/spark-dc39af8c-5e59-457f-9dfd-bd98f222d423/userFiles-f9d88851-af68-40b5-af51-e2d8cc3fcb98/org.postgresql_postgresql-42.5.4.jar
[2024-04-30T06:15:31.473+0000] {docker.py:413} INFO - 24/04/30 06:15:31 INFO SparkContext: Added file file:///opt/bitnami/spark/.ivy2/jars/org.apache.spark_spark-sql-kafka-0-10_2.12-3.5.0.jar at file:///opt/bitnami/spark/.ivy2/jars/org.apache.spark_spark-sql-kafka-0-10_2.12-3.5.0.jar with timestamp 1714457730058
[2024-04-30T06:15:31.474+0000] {docker.py:413} INFO - 24/04/30 06:15:31 INFO Utils: Copying /opt/bitnami/spark/.ivy2/jars/org.apache.spark_spark-sql-kafka-0-10_2.12-3.5.0.jar to /tmp/spark-dc39af8c-5e59-457f-9dfd-bd98f222d423/userFiles-f9d88851-af68-40b5-af51-e2d8cc3fcb98/org.apache.spark_spark-sql-kafka-0-10_2.12-3.5.0.jar
[2024-04-30T06:15:31.501+0000] {docker.py:413} INFO - 24/04/30 06:15:31 INFO SparkContext: Added file file:///opt/bitnami/spark/.ivy2/jars/org.checkerframework_checker-qual-3.5.0.jar at file:///opt/bitnami/spark/.ivy2/jars/org.checkerframework_checker-qual-3.5.0.jar with timestamp 1714457730058
[2024-04-30T06:15:31.502+0000] {docker.py:413} INFO - 24/04/30 06:15:31 INFO Utils: Copying /opt/bitnami/spark/.ivy2/jars/org.checkerframework_checker-qual-3.5.0.jar to /tmp/spark-dc39af8c-5e59-457f-9dfd-bd98f222d423/userFiles-f9d88851-af68-40b5-af51-e2d8cc3fcb98/org.checkerframework_checker-qual-3.5.0.jar
[2024-04-30T06:15:31.515+0000] {docker.py:413} INFO - 24/04/30 06:15:31 INFO SparkContext: Added file file:///opt/bitnami/spark/.ivy2/jars/org.apache.spark_spark-token-provider-kafka-0-10_2.12-3.5.0.jar at file:///opt/bitnami/spark/.ivy2/jars/org.apache.spark_spark-token-provider-kafka-0-10_2.12-3.5.0.jar with timestamp 1714457730058
[2024-04-30T06:15:31.516+0000] {docker.py:413} INFO - 24/04/30 06:15:31 INFO Utils: Copying /opt/bitnami/spark/.ivy2/jars/org.apache.spark_spark-token-provider-kafka-0-10_2.12-3.5.0.jar to /tmp/spark-dc39af8c-5e59-457f-9dfd-bd98f222d423/userFiles-f9d88851-af68-40b5-af51-e2d8cc3fcb98/org.apache.spark_spark-token-provider-kafka-0-10_2.12-3.5.0.jar
[2024-04-30T06:15:31.522+0000] {docker.py:413} INFO - 24/04/30 06:15:31 INFO SparkContext: Added file file:///opt/bitnami/spark/.ivy2/jars/org.apache.kafka_kafka-clients-3.4.1.jar at file:///opt/bitnami/spark/.ivy2/jars/org.apache.kafka_kafka-clients-3.4.1.jar with timestamp 1714457730058
[2024-04-30T06:15:31.523+0000] {docker.py:413} INFO - 24/04/30 06:15:31 INFO Utils: Copying /opt/bitnami/spark/.ivy2/jars/org.apache.kafka_kafka-clients-3.4.1.jar to /tmp/spark-dc39af8c-5e59-457f-9dfd-bd98f222d423/userFiles-f9d88851-af68-40b5-af51-e2d8cc3fcb98/org.apache.kafka_kafka-clients-3.4.1.jar
[2024-04-30T06:15:31.537+0000] {docker.py:413} INFO - 24/04/30 06:15:31 INFO SparkContext: Added file file:///opt/bitnami/spark/.ivy2/jars/com.google.code.findbugs_jsr305-3.0.0.jar at file:///opt/bitnami/spark/.ivy2/jars/com.google.code.findbugs_jsr305-3.0.0.jar with timestamp 1714457730058
[2024-04-30T06:15:31.537+0000] {docker.py:413} INFO - 24/04/30 06:15:31 INFO Utils: Copying /opt/bitnami/spark/.ivy2/jars/com.google.code.findbugs_jsr305-3.0.0.jar to /tmp/spark-dc39af8c-5e59-457f-9dfd-bd98f222d423/userFiles-f9d88851-af68-40b5-af51-e2d8cc3fcb98/com.google.code.findbugs_jsr305-3.0.0.jar
[2024-04-30T06:15:31.545+0000] {docker.py:413} INFO - 24/04/30 06:15:31 INFO SparkContext: Added file file:///opt/bitnami/spark/.ivy2/jars/org.apache.commons_commons-pool2-2.11.1.jar at file:///opt/bitnami/spark/.ivy2/jars/org.apache.commons_commons-pool2-2.11.1.jar with timestamp 1714457730058
[2024-04-30T06:15:31.546+0000] {docker.py:413} INFO - 24/04/30 06:15:31 INFO Utils: Copying /opt/bitnami/spark/.ivy2/jars/org.apache.commons_commons-pool2-2.11.1.jar to /tmp/spark-dc39af8c-5e59-457f-9dfd-bd98f222d423/userFiles-f9d88851-af68-40b5-af51-e2d8cc3fcb98/org.apache.commons_commons-pool2-2.11.1.jar
[2024-04-30T06:15:31.555+0000] {docker.py:413} INFO - 24/04/30 06:15:31 INFO SparkContext: Added file file:///opt/bitnami/spark/.ivy2/jars/org.apache.hadoop_hadoop-client-runtime-3.3.4.jar at file:///opt/bitnami/spark/.ivy2/jars/org.apache.hadoop_hadoop-client-runtime-3.3.4.jar with timestamp 1714457730058
[2024-04-30T06:15:31.556+0000] {docker.py:413} INFO - 24/04/30 06:15:31 INFO Utils: Copying /opt/bitnami/spark/.ivy2/jars/org.apache.hadoop_hadoop-client-runtime-3.3.4.jar to /tmp/spark-dc39af8c-5e59-457f-9dfd-bd98f222d423/userFiles-f9d88851-af68-40b5-af51-e2d8cc3fcb98/org.apache.hadoop_hadoop-client-runtime-3.3.4.jar
[2024-04-30T06:15:31.616+0000] {docker.py:413} INFO - 24/04/30 06:15:31 INFO SparkContext: Added file file:///opt/bitnami/spark/.ivy2/jars/org.lz4_lz4-java-1.8.0.jar at file:///opt/bitnami/spark/.ivy2/jars/org.lz4_lz4-java-1.8.0.jar with timestamp 1714457730058
[2024-04-30T06:15:31.618+0000] {docker.py:413} INFO - 24/04/30 06:15:31 INFO Utils: Copying /opt/bitnami/spark/.ivy2/jars/org.lz4_lz4-java-1.8.0.jar to /tmp/spark-dc39af8c-5e59-457f-9dfd-bd98f222d423/userFiles-f9d88851-af68-40b5-af51-e2d8cc3fcb98/org.lz4_lz4-java-1.8.0.jar
[2024-04-30T06:15:31.630+0000] {docker.py:413} INFO - 24/04/30 06:15:31 INFO SparkContext: Added file file:///opt/bitnami/spark/.ivy2/jars/org.xerial.snappy_snappy-java-1.1.10.3.jar at file:///opt/bitnami/spark/.ivy2/jars/org.xerial.snappy_snappy-java-1.1.10.3.jar with timestamp 1714457730058
[2024-04-30T06:15:31.631+0000] {docker.py:413} INFO - 24/04/30 06:15:31 INFO Utils: Copying /opt/bitnami/spark/.ivy2/jars/org.xerial.snappy_snappy-java-1.1.10.3.jar to /tmp/spark-dc39af8c-5e59-457f-9dfd-bd98f222d423/userFiles-f9d88851-af68-40b5-af51-e2d8cc3fcb98/org.xerial.snappy_snappy-java-1.1.10.3.jar
[2024-04-30T06:15:31.644+0000] {docker.py:413} INFO - 24/04/30 06:15:31 INFO SparkContext: Added file file:///opt/bitnami/spark/.ivy2/jars/org.slf4j_slf4j-api-2.0.7.jar at file:///opt/bitnami/spark/.ivy2/jars/org.slf4j_slf4j-api-2.0.7.jar with timestamp 1714457730058
[2024-04-30T06:15:31.645+0000] {docker.py:413} INFO - 24/04/30 06:15:31 INFO Utils: Copying /opt/bitnami/spark/.ivy2/jars/org.slf4j_slf4j-api-2.0.7.jar to /tmp/spark-dc39af8c-5e59-457f-9dfd-bd98f222d423/userFiles-f9d88851-af68-40b5-af51-e2d8cc3fcb98/org.slf4j_slf4j-api-2.0.7.jar
[2024-04-30T06:15:31.654+0000] {docker.py:413} INFO - 24/04/30 06:15:31 INFO SparkContext: Added file file:///opt/bitnami/spark/.ivy2/jars/org.apache.hadoop_hadoop-client-api-3.3.4.jar at file:///opt/bitnami/spark/.ivy2/jars/org.apache.hadoop_hadoop-client-api-3.3.4.jar with timestamp 1714457730058
[2024-04-30T06:15:31.655+0000] {docker.py:413} INFO - 24/04/30 06:15:31 INFO Utils: Copying /opt/bitnami/spark/.ivy2/jars/org.apache.hadoop_hadoop-client-api-3.3.4.jar to /tmp/spark-dc39af8c-5e59-457f-9dfd-bd98f222d423/userFiles-f9d88851-af68-40b5-af51-e2d8cc3fcb98/org.apache.hadoop_hadoop-client-api-3.3.4.jar
[2024-04-30T06:15:31.692+0000] {docker.py:413} INFO - 24/04/30 06:15:31 INFO SparkContext: Added file file:///opt/bitnami/spark/.ivy2/jars/commons-logging_commons-logging-1.1.3.jar at file:///opt/bitnami/spark/.ivy2/jars/commons-logging_commons-logging-1.1.3.jar with timestamp 1714457730058
[2024-04-30T06:15:31.693+0000] {docker.py:413} INFO - 24/04/30 06:15:31 INFO Utils: Copying /opt/bitnami/spark/.ivy2/jars/commons-logging_commons-logging-1.1.3.jar to /tmp/spark-dc39af8c-5e59-457f-9dfd-bd98f222d423/userFiles-f9d88851-af68-40b5-af51-e2d8cc3fcb98/commons-logging_commons-logging-1.1.3.jar
[2024-04-30T06:15:31.829+0000] {docker.py:413} INFO - 24/04/30 06:15:31 INFO Executor: Starting executor ID driver on host localhost
[2024-04-30T06:15:31.831+0000] {docker.py:413} INFO - 24/04/30 06:15:31 INFO Executor: OS info Linux, 6.5.0-1018-gcp, amd64
24/04/30 06:15:31 INFO Executor: Java version 17.0.10
[2024-04-30T06:15:31.850+0000] {docker.py:413} INFO - 24/04/30 06:15:31 INFO Executor: Starting executor with user classpath (userClassPathFirst = false): ''
24/04/30 06:15:31 INFO Executor: Created or updated repl class loader org.apache.spark.util.MutableURLClassLoader@6a10c009 for default.
[2024-04-30T06:15:31.862+0000] {docker.py:413} INFO - 24/04/30 06:15:31 INFO Executor: Fetching file:///opt/bitnami/spark/.ivy2/jars/org.apache.spark_spark-token-provider-kafka-0-10_2.12-3.5.0.jar with timestamp 1714457730058
[2024-04-30T06:15:31.888+0000] {docker.py:413} INFO - 24/04/30 06:15:31 INFO Utils: /opt/bitnami/spark/.ivy2/jars/org.apache.spark_spark-token-provider-kafka-0-10_2.12-3.5.0.jar has been previously copied to /tmp/spark-dc39af8c-5e59-457f-9dfd-bd98f222d423/userFiles-f9d88851-af68-40b5-af51-e2d8cc3fcb98/org.apache.spark_spark-token-provider-kafka-0-10_2.12-3.5.0.jar
[2024-04-30T06:15:31.894+0000] {docker.py:413} INFO - 24/04/30 06:15:31 INFO Executor: Fetching file:///opt/bitnami/spark/.ivy2/jars/org.apache.hadoop_hadoop-client-runtime-3.3.4.jar with timestamp 1714457730058
[2024-04-30T06:15:31.951+0000] {docker.py:413} INFO - 24/04/30 06:15:31 INFO Utils: /opt/bitnami/spark/.ivy2/jars/org.apache.hadoop_hadoop-client-runtime-3.3.4.jar has been previously copied to /tmp/spark-dc39af8c-5e59-457f-9dfd-bd98f222d423/userFiles-f9d88851-af68-40b5-af51-e2d8cc3fcb98/org.apache.hadoop_hadoop-client-runtime-3.3.4.jar
[2024-04-30T06:15:31.966+0000] {docker.py:413} INFO - 24/04/30 06:15:31 INFO Executor: Fetching file:///opt/bitnami/spark/.ivy2/jars/org.apache.commons_commons-pool2-2.11.1.jar with timestamp 1714457730058
[2024-04-30T06:15:31.966+0000] {docker.py:413} INFO - 24/04/30 06:15:31 INFO Utils: /opt/bitnami/spark/.ivy2/jars/org.apache.commons_commons-pool2-2.11.1.jar has been previously copied to /tmp/spark-dc39af8c-5e59-457f-9dfd-bd98f222d423/userFiles-f9d88851-af68-40b5-af51-e2d8cc3fcb98/org.apache.commons_commons-pool2-2.11.1.jar
[2024-04-30T06:15:31.986+0000] {docker.py:413} INFO - 24/04/30 06:15:31 INFO Executor: Fetching file:///opt/bitnami/spark/.ivy2/jars/org.postgresql_postgresql-42.5.4.jar with timestamp 1714457730058
[2024-04-30T06:15:31.988+0000] {docker.py:413} INFO - 24/04/30 06:15:31 INFO Utils: /opt/bitnami/spark/.ivy2/jars/org.postgresql_postgresql-42.5.4.jar has been previously copied to /tmp/spark-dc39af8c-5e59-457f-9dfd-bd98f222d423/userFiles-f9d88851-af68-40b5-af51-e2d8cc3fcb98/org.postgresql_postgresql-42.5.4.jar
[2024-04-30T06:15:31.996+0000] {docker.py:413} INFO - 24/04/30 06:15:31 INFO Executor: Fetching file:///opt/bitnami/spark/.ivy2/jars/org.slf4j_slf4j-api-2.0.7.jar with timestamp 1714457730058
[2024-04-30T06:15:31.997+0000] {docker.py:413} INFO - 24/04/30 06:15:31 INFO Utils: /opt/bitnami/spark/.ivy2/jars/org.slf4j_slf4j-api-2.0.7.jar has been previously copied to /tmp/spark-dc39af8c-5e59-457f-9dfd-bd98f222d423/userFiles-f9d88851-af68-40b5-af51-e2d8cc3fcb98/org.slf4j_slf4j-api-2.0.7.jar
[2024-04-30T06:15:32.045+0000] {docker.py:413} INFO - 24/04/30 06:15:32 INFO Executor: Fetching file:///opt/bitnami/spark/.ivy2/jars/org.apache.kafka_kafka-clients-3.4.1.jar with timestamp 1714457730058
[2024-04-30T06:15:32.067+0000] {docker.py:413} INFO - 24/04/30 06:15:32 INFO Utils: /opt/bitnami/spark/.ivy2/jars/org.apache.kafka_kafka-clients-3.4.1.jar has been previously copied to /tmp/spark-dc39af8c-5e59-457f-9dfd-bd98f222d423/userFiles-f9d88851-af68-40b5-af51-e2d8cc3fcb98/org.apache.kafka_kafka-clients-3.4.1.jar
[2024-04-30T06:15:32.081+0000] {docker.py:413} INFO - 24/04/30 06:15:32 INFO Executor: Fetching file:///opt/bitnami/spark/.ivy2/jars/com.google.code.findbugs_jsr305-3.0.0.jar with timestamp 1714457730058
[2024-04-30T06:15:32.083+0000] {docker.py:413} INFO - 24/04/30 06:15:32 INFO Utils: /opt/bitnami/spark/.ivy2/jars/com.google.code.findbugs_jsr305-3.0.0.jar has been previously copied to /tmp/spark-dc39af8c-5e59-457f-9dfd-bd98f222d423/userFiles-f9d88851-af68-40b5-af51-e2d8cc3fcb98/com.google.code.findbugs_jsr305-3.0.0.jar
[2024-04-30T06:15:32.091+0000] {docker.py:413} INFO - 24/04/30 06:15:32 INFO Executor: Fetching file:///opt/bitnami/spark/.ivy2/jars/org.lz4_lz4-java-1.8.0.jar with timestamp 1714457730058
[2024-04-30T06:15:32.095+0000] {docker.py:413} INFO - 24/04/30 06:15:32 INFO Utils: /opt/bitnami/spark/.ivy2/jars/org.lz4_lz4-java-1.8.0.jar has been previously copied to /tmp/spark-dc39af8c-5e59-457f-9dfd-bd98f222d423/userFiles-f9d88851-af68-40b5-af51-e2d8cc3fcb98/org.lz4_lz4-java-1.8.0.jar
[2024-04-30T06:15:32.102+0000] {docker.py:413} INFO - 24/04/30 06:15:32 INFO Executor: Fetching file:///opt/bitnami/spark/.ivy2/jars/org.apache.spark_spark-sql-kafka-0-10_2.12-3.5.0.jar with timestamp 1714457730058
[2024-04-30T06:15:32.104+0000] {docker.py:413} INFO - 24/04/30 06:15:32 INFO Utils: /opt/bitnami/spark/.ivy2/jars/org.apache.spark_spark-sql-kafka-0-10_2.12-3.5.0.jar has been previously copied to /tmp/spark-dc39af8c-5e59-457f-9dfd-bd98f222d423/userFiles-f9d88851-af68-40b5-af51-e2d8cc3fcb98/org.apache.spark_spark-sql-kafka-0-10_2.12-3.5.0.jar
[2024-04-30T06:15:32.111+0000] {docker.py:413} INFO - 24/04/30 06:15:32 INFO Executor: Fetching file:///opt/bitnami/spark/.ivy2/jars/org.apache.hadoop_hadoop-client-api-3.3.4.jar with timestamp 1714457730058
[2024-04-30T06:15:32.151+0000] {docker.py:413} INFO - 24/04/30 06:15:32 INFO Utils: /opt/bitnami/spark/.ivy2/jars/org.apache.hadoop_hadoop-client-api-3.3.4.jar has been previously copied to /tmp/spark-dc39af8c-5e59-457f-9dfd-bd98f222d423/userFiles-f9d88851-af68-40b5-af51-e2d8cc3fcb98/org.apache.hadoop_hadoop-client-api-3.3.4.jar
[2024-04-30T06:15:32.160+0000] {docker.py:413} INFO - 24/04/30 06:15:32 INFO Executor: Fetching file:///opt/bitnami/spark/.ivy2/jars/commons-logging_commons-logging-1.1.3.jar with timestamp 1714457730058
[2024-04-30T06:15:32.162+0000] {docker.py:413} INFO - 24/04/30 06:15:32 INFO Utils: /opt/bitnami/spark/.ivy2/jars/commons-logging_commons-logging-1.1.3.jar has been previously copied to /tmp/spark-dc39af8c-5e59-457f-9dfd-bd98f222d423/userFiles-f9d88851-af68-40b5-af51-e2d8cc3fcb98/commons-logging_commons-logging-1.1.3.jar
[2024-04-30T06:15:32.169+0000] {docker.py:413} INFO - 24/04/30 06:15:32 INFO Executor: Fetching file:///opt/bitnami/spark/.ivy2/jars/org.checkerframework_checker-qual-3.5.0.jar with timestamp 1714457730058
[2024-04-30T06:15:32.170+0000] {docker.py:413} INFO - 24/04/30 06:15:32 INFO Utils: /opt/bitnami/spark/.ivy2/jars/org.checkerframework_checker-qual-3.5.0.jar has been previously copied to /tmp/spark-dc39af8c-5e59-457f-9dfd-bd98f222d423/userFiles-f9d88851-af68-40b5-af51-e2d8cc3fcb98/org.checkerframework_checker-qual-3.5.0.jar
[2024-04-30T06:15:32.177+0000] {docker.py:413} INFO - 24/04/30 06:15:32 INFO Executor: Fetching file:///opt/bitnami/spark/.ivy2/jars/org.xerial.snappy_snappy-java-1.1.10.3.jar with timestamp 1714457730058
[2024-04-30T06:15:32.181+0000] {docker.py:413} INFO - 24/04/30 06:15:32 INFO Utils: /opt/bitnami/spark/.ivy2/jars/org.xerial.snappy_snappy-java-1.1.10.3.jar has been previously copied to /tmp/spark-dc39af8c-5e59-457f-9dfd-bd98f222d423/userFiles-f9d88851-af68-40b5-af51-e2d8cc3fcb98/org.xerial.snappy_snappy-java-1.1.10.3.jar
[2024-04-30T06:15:32.193+0000] {docker.py:413} INFO - 24/04/30 06:15:32 INFO Executor: Fetching spark://localhost:37725/jars/org.checkerframework_checker-qual-3.5.0.jar with timestamp 1714457730058
[2024-04-30T06:15:32.258+0000] {docker.py:413} INFO - 24/04/30 06:15:32 INFO TransportClientFactory: Successfully created connection to localhost/127.0.0.1:37725 after 48 ms (0 ms spent in bootstraps)
[2024-04-30T06:15:32.272+0000] {docker.py:413} INFO - 24/04/30 06:15:32 INFO Utils: Fetching spark://localhost:37725/jars/org.checkerframework_checker-qual-3.5.0.jar to /tmp/spark-dc39af8c-5e59-457f-9dfd-bd98f222d423/userFiles-f9d88851-af68-40b5-af51-e2d8cc3fcb98/fetchFileTemp13293398298428631610.tmp
[2024-04-30T06:15:32.310+0000] {docker.py:413} INFO - 24/04/30 06:15:32 INFO Utils: /tmp/spark-dc39af8c-5e59-457f-9dfd-bd98f222d423/userFiles-f9d88851-af68-40b5-af51-e2d8cc3fcb98/fetchFileTemp13293398298428631610.tmp has been previously copied to /tmp/spark-dc39af8c-5e59-457f-9dfd-bd98f222d423/userFiles-f9d88851-af68-40b5-af51-e2d8cc3fcb98/org.checkerframework_checker-qual-3.5.0.jar
[2024-04-30T06:15:32.318+0000] {docker.py:413} INFO - 24/04/30 06:15:32 INFO Executor: Adding file:/tmp/spark-dc39af8c-5e59-457f-9dfd-bd98f222d423/userFiles-f9d88851-af68-40b5-af51-e2d8cc3fcb98/org.checkerframework_checker-qual-3.5.0.jar to class loader default
[2024-04-30T06:15:32.320+0000] {docker.py:413} INFO - 24/04/30 06:15:32 INFO Executor: Fetching spark://localhost:37725/jars/commons-logging_commons-logging-1.1.3.jar with timestamp 1714457730058
[2024-04-30T06:15:32.321+0000] {docker.py:413} INFO - 24/04/30 06:15:32 INFO Utils: Fetching spark://localhost:37725/jars/commons-logging_commons-logging-1.1.3.jar to /tmp/spark-dc39af8c-5e59-457f-9dfd-bd98f222d423/userFiles-f9d88851-af68-40b5-af51-e2d8cc3fcb98/fetchFileTemp9078395808490989604.tmp
[2024-04-30T06:15:32.325+0000] {docker.py:413} INFO - 24/04/30 06:15:32 INFO Utils: /tmp/spark-dc39af8c-5e59-457f-9dfd-bd98f222d423/userFiles-f9d88851-af68-40b5-af51-e2d8cc3fcb98/fetchFileTemp9078395808490989604.tmp has been previously copied to /tmp/spark-dc39af8c-5e59-457f-9dfd-bd98f222d423/userFiles-f9d88851-af68-40b5-af51-e2d8cc3fcb98/commons-logging_commons-logging-1.1.3.jar
[2024-04-30T06:15:32.333+0000] {docker.py:413} INFO - 24/04/30 06:15:32 INFO Executor: Adding file:/tmp/spark-dc39af8c-5e59-457f-9dfd-bd98f222d423/userFiles-f9d88851-af68-40b5-af51-e2d8cc3fcb98/commons-logging_commons-logging-1.1.3.jar to class loader default
[2024-04-30T06:15:32.334+0000] {docker.py:413} INFO - 24/04/30 06:15:32 INFO Executor: Fetching spark://localhost:37725/jars/org.lz4_lz4-java-1.8.0.jar with timestamp 1714457730058
[2024-04-30T06:15:32.336+0000] {docker.py:413} INFO - 24/04/30 06:15:32 INFO Utils: Fetching spark://localhost:37725/jars/org.lz4_lz4-java-1.8.0.jar to /tmp/spark-dc39af8c-5e59-457f-9dfd-bd98f222d423/userFiles-f9d88851-af68-40b5-af51-e2d8cc3fcb98/fetchFileTemp6469897110771036930.tmp
[2024-04-30T06:15:32.346+0000] {docker.py:413} INFO - 24/04/30 06:15:32 INFO Utils: /tmp/spark-dc39af8c-5e59-457f-9dfd-bd98f222d423/userFiles-f9d88851-af68-40b5-af51-e2d8cc3fcb98/fetchFileTemp6469897110771036930.tmp has been previously copied to /tmp/spark-dc39af8c-5e59-457f-9dfd-bd98f222d423/userFiles-f9d88851-af68-40b5-af51-e2d8cc3fcb98/org.lz4_lz4-java-1.8.0.jar
[2024-04-30T06:15:32.353+0000] {docker.py:413} INFO - 24/04/30 06:15:32 INFO Executor: Adding file:/tmp/spark-dc39af8c-5e59-457f-9dfd-bd98f222d423/userFiles-f9d88851-af68-40b5-af51-e2d8cc3fcb98/org.lz4_lz4-java-1.8.0.jar to class loader default
[2024-04-30T06:15:32.354+0000] {docker.py:413} INFO - 24/04/30 06:15:32 INFO Executor: Fetching spark://localhost:37725/jars/org.apache.commons_commons-pool2-2.11.1.jar with timestamp 1714457730058
[2024-04-30T06:15:32.355+0000] {docker.py:413} INFO - 24/04/30 06:15:32 INFO Utils: Fetching spark://localhost:37725/jars/org.apache.commons_commons-pool2-2.11.1.jar to /tmp/spark-dc39af8c-5e59-457f-9dfd-bd98f222d423/userFiles-f9d88851-af68-40b5-af51-e2d8cc3fcb98/fetchFileTemp12598509504757554356.tmp
[2024-04-30T06:15:32.360+0000] {docker.py:413} INFO - 24/04/30 06:15:32 INFO Utils: /tmp/spark-dc39af8c-5e59-457f-9dfd-bd98f222d423/userFiles-f9d88851-af68-40b5-af51-e2d8cc3fcb98/fetchFileTemp12598509504757554356.tmp has been previously copied to /tmp/spark-dc39af8c-5e59-457f-9dfd-bd98f222d423/userFiles-f9d88851-af68-40b5-af51-e2d8cc3fcb98/org.apache.commons_commons-pool2-2.11.1.jar
[2024-04-30T06:15:32.367+0000] {docker.py:413} INFO - 24/04/30 06:15:32 INFO Executor: Adding file:/tmp/spark-dc39af8c-5e59-457f-9dfd-bd98f222d423/userFiles-f9d88851-af68-40b5-af51-e2d8cc3fcb98/org.apache.commons_commons-pool2-2.11.1.jar to class loader default
[2024-04-30T06:15:32.368+0000] {docker.py:413} INFO - 24/04/30 06:15:32 INFO Executor: Fetching spark://localhost:37725/jars/org.apache.kafka_kafka-clients-3.4.1.jar with timestamp 1714457730058
[2024-04-30T06:15:32.370+0000] {docker.py:413} INFO - 24/04/30 06:15:32 INFO Utils: Fetching spark://localhost:37725/jars/org.apache.kafka_kafka-clients-3.4.1.jar to /tmp/spark-dc39af8c-5e59-457f-9dfd-bd98f222d423/userFiles-f9d88851-af68-40b5-af51-e2d8cc3fcb98/fetchFileTemp17942627984656705071.tmp
[2024-04-30T06:15:32.429+0000] {docker.py:413} INFO - 24/04/30 06:15:32 INFO Utils: /tmp/spark-dc39af8c-5e59-457f-9dfd-bd98f222d423/userFiles-f9d88851-af68-40b5-af51-e2d8cc3fcb98/fetchFileTemp17942627984656705071.tmp has been previously copied to /tmp/spark-dc39af8c-5e59-457f-9dfd-bd98f222d423/userFiles-f9d88851-af68-40b5-af51-e2d8cc3fcb98/org.apache.kafka_kafka-clients-3.4.1.jar
[2024-04-30T06:15:32.438+0000] {docker.py:413} INFO - 24/04/30 06:15:32 INFO Executor: Adding file:/tmp/spark-dc39af8c-5e59-457f-9dfd-bd98f222d423/userFiles-f9d88851-af68-40b5-af51-e2d8cc3fcb98/org.apache.kafka_kafka-clients-3.4.1.jar to class loader default
[2024-04-30T06:15:32.439+0000] {docker.py:413} INFO - 24/04/30 06:15:32 INFO Executor: Fetching spark://localhost:37725/jars/org.apache.spark_spark-token-provider-kafka-0-10_2.12-3.5.0.jar with timestamp 1714457730058
[2024-04-30T06:15:32.441+0000] {docker.py:413} INFO - 24/04/30 06:15:32 INFO Utils: Fetching spark://localhost:37725/jars/org.apache.spark_spark-token-provider-kafka-0-10_2.12-3.5.0.jar to /tmp/spark-dc39af8c-5e59-457f-9dfd-bd98f222d423/userFiles-f9d88851-af68-40b5-af51-e2d8cc3fcb98/fetchFileTemp11767607073584115281.tmp
[2024-04-30T06:15:32.444+0000] {docker.py:413} INFO - 24/04/30 06:15:32 INFO Utils: /tmp/spark-dc39af8c-5e59-457f-9dfd-bd98f222d423/userFiles-f9d88851-af68-40b5-af51-e2d8cc3fcb98/fetchFileTemp11767607073584115281.tmp has been previously copied to /tmp/spark-dc39af8c-5e59-457f-9dfd-bd98f222d423/userFiles-f9d88851-af68-40b5-af51-e2d8cc3fcb98/org.apache.spark_spark-token-provider-kafka-0-10_2.12-3.5.0.jar
[2024-04-30T06:15:32.451+0000] {docker.py:413} INFO - 24/04/30 06:15:32 INFO Executor: Adding file:/tmp/spark-dc39af8c-5e59-457f-9dfd-bd98f222d423/userFiles-f9d88851-af68-40b5-af51-e2d8cc3fcb98/org.apache.spark_spark-token-provider-kafka-0-10_2.12-3.5.0.jar to class loader default
[2024-04-30T06:15:32.452+0000] {docker.py:413} INFO - 24/04/30 06:15:32 INFO Executor: Fetching spark://localhost:37725/jars/org.postgresql_postgresql-42.5.4.jar with timestamp 1714457730058
[2024-04-30T06:15:32.453+0000] {docker.py:413} INFO - 24/04/30 06:15:32 INFO Utils: Fetching spark://localhost:37725/jars/org.postgresql_postgresql-42.5.4.jar to /tmp/spark-dc39af8c-5e59-457f-9dfd-bd98f222d423/userFiles-f9d88851-af68-40b5-af51-e2d8cc3fcb98/fetchFileTemp14838809952452507473.tmp
[2024-04-30T06:15:32.467+0000] {docker.py:413} INFO - 24/04/30 06:15:32 INFO Utils: /tmp/spark-dc39af8c-5e59-457f-9dfd-bd98f222d423/userFiles-f9d88851-af68-40b5-af51-e2d8cc3fcb98/fetchFileTemp14838809952452507473.tmp has been previously copied to /tmp/spark-dc39af8c-5e59-457f-9dfd-bd98f222d423/userFiles-f9d88851-af68-40b5-af51-e2d8cc3fcb98/org.postgresql_postgresql-42.5.4.jar
[2024-04-30T06:15:32.476+0000] {docker.py:413} INFO - 24/04/30 06:15:32 INFO Executor: Adding file:/tmp/spark-dc39af8c-5e59-457f-9dfd-bd98f222d423/userFiles-f9d88851-af68-40b5-af51-e2d8cc3fcb98/org.postgresql_postgresql-42.5.4.jar to class loader default
[2024-04-30T06:15:32.478+0000] {docker.py:413} INFO - 24/04/30 06:15:32 INFO Executor: Fetching spark://localhost:37725/jars/org.slf4j_slf4j-api-2.0.7.jar with timestamp 1714457730058
[2024-04-30T06:15:32.480+0000] {docker.py:413} INFO - 24/04/30 06:15:32 INFO Utils: Fetching spark://localhost:37725/jars/org.slf4j_slf4j-api-2.0.7.jar to /tmp/spark-dc39af8c-5e59-457f-9dfd-bd98f222d423/userFiles-f9d88851-af68-40b5-af51-e2d8cc3fcb98/fetchFileTemp10382341404742048851.tmp
[2024-04-30T06:15:32.483+0000] {docker.py:413} INFO - 24/04/30 06:15:32 INFO Utils: /tmp/spark-dc39af8c-5e59-457f-9dfd-bd98f222d423/userFiles-f9d88851-af68-40b5-af51-e2d8cc3fcb98/fetchFileTemp10382341404742048851.tmp has been previously copied to /tmp/spark-dc39af8c-5e59-457f-9dfd-bd98f222d423/userFiles-f9d88851-af68-40b5-af51-e2d8cc3fcb98/org.slf4j_slf4j-api-2.0.7.jar
[2024-04-30T06:15:32.490+0000] {docker.py:413} INFO - 24/04/30 06:15:32 INFO Executor: Adding file:/tmp/spark-dc39af8c-5e59-457f-9dfd-bd98f222d423/userFiles-f9d88851-af68-40b5-af51-e2d8cc3fcb98/org.slf4j_slf4j-api-2.0.7.jar to class loader default
[2024-04-30T06:15:32.491+0000] {docker.py:413} INFO - 24/04/30 06:15:32 INFO Executor: Fetching spark://localhost:37725/jars/com.google.code.findbugs_jsr305-3.0.0.jar with timestamp 1714457730058
[2024-04-30T06:15:32.494+0000] {docker.py:413} INFO - 24/04/30 06:15:32 INFO Utils: Fetching spark://localhost:37725/jars/com.google.code.findbugs_jsr305-3.0.0.jar to /tmp/spark-dc39af8c-5e59-457f-9dfd-bd98f222d423/userFiles-f9d88851-af68-40b5-af51-e2d8cc3fcb98/fetchFileTemp9683115251794412152.tmp
[2024-04-30T06:15:32.495+0000] {docker.py:413} INFO - 24/04/30 06:15:32 INFO Utils: /tmp/spark-dc39af8c-5e59-457f-9dfd-bd98f222d423/userFiles-f9d88851-af68-40b5-af51-e2d8cc3fcb98/fetchFileTemp9683115251794412152.tmp has been previously copied to /tmp/spark-dc39af8c-5e59-457f-9dfd-bd98f222d423/userFiles-f9d88851-af68-40b5-af51-e2d8cc3fcb98/com.google.code.findbugs_jsr305-3.0.0.jar
[2024-04-30T06:15:32.501+0000] {docker.py:413} INFO - 24/04/30 06:15:32 INFO Executor: Adding file:/tmp/spark-dc39af8c-5e59-457f-9dfd-bd98f222d423/userFiles-f9d88851-af68-40b5-af51-e2d8cc3fcb98/com.google.code.findbugs_jsr305-3.0.0.jar to class loader default
[2024-04-30T06:15:32.502+0000] {docker.py:413} INFO - 24/04/30 06:15:32 INFO Executor: Fetching spark://localhost:37725/jars/org.apache.hadoop_hadoop-client-api-3.3.4.jar with timestamp 1714457730058
[2024-04-30T06:15:32.503+0000] {docker.py:413} INFO - 24/04/30 06:15:32 INFO Utils: Fetching spark://localhost:37725/jars/org.apache.hadoop_hadoop-client-api-3.3.4.jar to /tmp/spark-dc39af8c-5e59-457f-9dfd-bd98f222d423/userFiles-f9d88851-af68-40b5-af51-e2d8cc3fcb98/fetchFileTemp2340714817622852082.tmp
[2024-04-30T06:15:32.669+0000] {docker.py:413} INFO - 24/04/30 06:15:32 INFO Utils: /tmp/spark-dc39af8c-5e59-457f-9dfd-bd98f222d423/userFiles-f9d88851-af68-40b5-af51-e2d8cc3fcb98/fetchFileTemp2340714817622852082.tmp has been previously copied to /tmp/spark-dc39af8c-5e59-457f-9dfd-bd98f222d423/userFiles-f9d88851-af68-40b5-af51-e2d8cc3fcb98/org.apache.hadoop_hadoop-client-api-3.3.4.jar
[2024-04-30T06:15:32.680+0000] {docker.py:413} INFO - 24/04/30 06:15:32 INFO Executor: Adding file:/tmp/spark-dc39af8c-5e59-457f-9dfd-bd98f222d423/userFiles-f9d88851-af68-40b5-af51-e2d8cc3fcb98/org.apache.hadoop_hadoop-client-api-3.3.4.jar to class loader default
[2024-04-30T06:15:32.681+0000] {docker.py:413} INFO - 24/04/30 06:15:32 INFO Executor: Fetching spark://localhost:37725/jars/org.apache.hadoop_hadoop-client-runtime-3.3.4.jar with timestamp 1714457730058
[2024-04-30T06:15:32.681+0000] {docker.py:413} INFO - 24/04/30 06:15:32 INFO Utils: Fetching spark://localhost:37725/jars/org.apache.hadoop_hadoop-client-runtime-3.3.4.jar to /tmp/spark-dc39af8c-5e59-457f-9dfd-bd98f222d423/userFiles-f9d88851-af68-40b5-af51-e2d8cc3fcb98/fetchFileTemp4190098319625969171.tmp
[2024-04-30T06:15:32.945+0000] {docker.py:413} INFO - 24/04/30 06:15:32 INFO Utils: /tmp/spark-dc39af8c-5e59-457f-9dfd-bd98f222d423/userFiles-f9d88851-af68-40b5-af51-e2d8cc3fcb98/fetchFileTemp4190098319625969171.tmp has been previously copied to /tmp/spark-dc39af8c-5e59-457f-9dfd-bd98f222d423/userFiles-f9d88851-af68-40b5-af51-e2d8cc3fcb98/org.apache.hadoop_hadoop-client-runtime-3.3.4.jar
[2024-04-30T06:15:32.959+0000] {docker.py:413} INFO - 24/04/30 06:15:32 INFO Executor: Adding file:/tmp/spark-dc39af8c-5e59-457f-9dfd-bd98f222d423/userFiles-f9d88851-af68-40b5-af51-e2d8cc3fcb98/org.apache.hadoop_hadoop-client-runtime-3.3.4.jar to class loader default
[2024-04-30T06:15:32.961+0000] {docker.py:413} INFO - 24/04/30 06:15:32 INFO Executor: Fetching spark://localhost:37725/jars/org.apache.spark_spark-sql-kafka-0-10_2.12-3.5.0.jar with timestamp 1714457730058
[2024-04-30T06:15:32.965+0000] {docker.py:413} INFO - 24/04/30 06:15:32 INFO Utils: Fetching spark://localhost:37725/jars/org.apache.spark_spark-sql-kafka-0-10_2.12-3.5.0.jar to /tmp/spark-dc39af8c-5e59-457f-9dfd-bd98f222d423/userFiles-f9d88851-af68-40b5-af51-e2d8cc3fcb98/fetchFileTemp15643614034889736329.tmp
[2024-04-30T06:15:32.969+0000] {docker.py:413} INFO - 24/04/30 06:15:32 INFO Utils: /tmp/spark-dc39af8c-5e59-457f-9dfd-bd98f222d423/userFiles-f9d88851-af68-40b5-af51-e2d8cc3fcb98/fetchFileTemp15643614034889736329.tmp has been previously copied to /tmp/spark-dc39af8c-5e59-457f-9dfd-bd98f222d423/userFiles-f9d88851-af68-40b5-af51-e2d8cc3fcb98/org.apache.spark_spark-sql-kafka-0-10_2.12-3.5.0.jar
[2024-04-30T06:15:32.978+0000] {docker.py:413} INFO - 24/04/30 06:15:32 INFO Executor: Adding file:/tmp/spark-dc39af8c-5e59-457f-9dfd-bd98f222d423/userFiles-f9d88851-af68-40b5-af51-e2d8cc3fcb98/org.apache.spark_spark-sql-kafka-0-10_2.12-3.5.0.jar to class loader default
[2024-04-30T06:15:32.979+0000] {docker.py:413} INFO - 24/04/30 06:15:32 INFO Executor: Fetching spark://localhost:37725/jars/org.xerial.snappy_snappy-java-1.1.10.3.jar with timestamp 1714457730058
[2024-04-30T06:15:32.980+0000] {docker.py:413} INFO - 24/04/30 06:15:32 INFO Utils: Fetching spark://localhost:37725/jars/org.xerial.snappy_snappy-java-1.1.10.3.jar to /tmp/spark-dc39af8c-5e59-457f-9dfd-bd98f222d423/userFiles-f9d88851-af68-40b5-af51-e2d8cc3fcb98/fetchFileTemp13537339294601782097.tmp
[2024-04-30T06:15:32.994+0000] {docker.py:413} INFO - 24/04/30 06:15:32 INFO Utils: /tmp/spark-dc39af8c-5e59-457f-9dfd-bd98f222d423/userFiles-f9d88851-af68-40b5-af51-e2d8cc3fcb98/fetchFileTemp13537339294601782097.tmp has been previously copied to /tmp/spark-dc39af8c-5e59-457f-9dfd-bd98f222d423/userFiles-f9d88851-af68-40b5-af51-e2d8cc3fcb98/org.xerial.snappy_snappy-java-1.1.10.3.jar
[2024-04-30T06:15:33.002+0000] {docker.py:413} INFO - 24/04/30 06:15:33 INFO Executor: Adding file:/tmp/spark-dc39af8c-5e59-457f-9dfd-bd98f222d423/userFiles-f9d88851-af68-40b5-af51-e2d8cc3fcb98/org.xerial.snappy_snappy-java-1.1.10.3.jar to class loader default
[2024-04-30T06:15:33.019+0000] {docker.py:413} INFO - 24/04/30 06:15:33 INFO Utils: Successfully started service 'org.apache.spark.network.netty.NettyBlockTransferService' on port 35783.
[2024-04-30T06:15:33.020+0000] {docker.py:413} INFO - 24/04/30 06:15:33 INFO NettyBlockTransferService: Server created on localhost:35783
[2024-04-30T06:15:33.024+0000] {docker.py:413} INFO - 24/04/30 06:15:33 INFO BlockManager: Using org.apache.spark.storage.RandomBlockReplicationPolicy for block replication policy
[2024-04-30T06:15:33.034+0000] {docker.py:413} INFO - 24/04/30 06:15:33 INFO BlockManagerMaster: Registering BlockManager BlockManagerId(driver, localhost, 35783, None)
[2024-04-30T06:15:33.040+0000] {docker.py:413} INFO - 24/04/30 06:15:33 INFO BlockManagerMasterEndpoint: Registering block manager localhost:35783 with 434.4 MiB RAM, BlockManagerId(driver, localhost, 35783, None)
[2024-04-30T06:15:33.049+0000] {docker.py:413} INFO - 24/04/30 06:15:33 INFO BlockManagerMaster: Registered BlockManager BlockManagerId(driver, localhost, 35783, None)
[2024-04-30T06:15:33.052+0000] {docker.py:413} INFO - 24/04/30 06:15:33 INFO BlockManager: Initialized BlockManager: BlockManagerId(driver, localhost, 35783, None)
[2024-04-30T06:15:33.772+0000] {docker.py:413} INFO - 2024-04-30 06:15:33,771:create_spark_session:INFO:Spark session created successfully
[2024-04-30T06:15:33.783+0000] {docker.py:413} INFO - 24/04/30 06:15:33 INFO SharedState: Setting hive.metastore.warehouse.dir ('null') to the value of spark.sql.warehouse.dir.
[2024-04-30T06:15:33.788+0000] {docker.py:413} INFO - 24/04/30 06:15:33 INFO SharedState: Warehouse path is 'file:/opt/bitnami/spark/spark-warehouse'.
[2024-04-30T06:15:36.531+0000] {docker.py:413} INFO - 2024-04-30 06:15:36,530:create_initial_dataframe:INFO:Initial dataframe created successfully
[2024-04-30T06:15:37.838+0000] {docker.py:413} INFO - Traceback (most recent call last):
  File "/opt/bitnami/spark/spark_streaming.py", line 103, in <module>
[2024-04-30T06:15:37.840+0000] {docker.py:413} INFO - write_to_postgres()
  File "/opt/bitnami/spark/spark_streaming.py", line 99, in write_to_postgres
    start_streaming(df_final, spark=spark)
  File "/opt/bitnami/spark/spark_streaming.py", line 73, in start_streaming
    existing_data_df = spark.read.jdbc(
                       ^^^^^^^^^^^^^^^^
  File "/opt/bitnami/spark/python/lib/pyspark.zip/pyspark/sql/readwriter.py", line 946, in jdbc
[2024-04-30T06:15:37.840+0000] {docker.py:413} INFO - File "/opt/bitnami/spark/python/lib/py4j-0.10.9.7-src.zip/py4j/java_gateway.py", line 1322, in __call__
  File "/opt/bitnami/spark/python/lib/pyspark.zip/pyspark/errors/exceptions/captured.py", line 179, in deco
[2024-04-30T06:15:37.841+0000] {docker.py:413} INFO - File "/opt/bitnami/spark/python/lib/py4j-0.10.9.7-src.zip/py4j/protocol.py", line 326, in get_return_value
py4j.protocol.Py4JJavaError
[2024-04-30T06:15:37.843+0000] {docker.py:413} INFO - :
[2024-04-30T06:15:37.844+0000] {docker.py:413} INFO - An error occurred while calling o50.jdbc.
: org.postgresql.util.PSQLException: Connection to 34.16.15.217:5432 refused. Check that the hostname and port are correct and that the postmaster is accepting TCP/IP connections.
	at org.postgresql.core.v3.ConnectionFactoryImpl.openConnectionImpl(ConnectionFactoryImpl.java:342)
	at org.postgresql.core.ConnectionFactory.openConnection(ConnectionFactory.java:54)
	at org.postgresql.jdbc.PgConnection.<init>(PgConnection.java:253)
	at org.postgresql.Driver.makeConnection(Driver.java:434)
	at org.postgresql.Driver.connect(Driver.java:291)
	at org.apache.spark.sql.execution.datasources.jdbc.connection.BasicConnectionProvider.getConnection(BasicConnectionProvider.scala:49)
	at org.apache.spark.sql.execution.datasources.jdbc.connection.ConnectionProviderBase.create(ConnectionProvider.scala:102)
	at org.apache.spark.sql.jdbc.JdbcDialect.$anonfun$createConnectionFactory$1(JdbcDialects.scala:160)
	at org.apache.spark.sql.jdbc.JdbcDialect.$anonfun$createConnectionFactory$1$adapte
[2024-04-30T06:15:37.845+0000] {docker.py:413} INFO - d(JdbcDialects.scala:156)
	at org.apache.spark.sql.execution.datasources.jdbc.JDBCRDD$.getQueryOutputSchema(JDBCRDD.scala:63)
	at org.apache.spark.sql.execution.datasources.jdbc.JDBCRDD$.resolveTable(JDBCRDD.scala:58)
	at org.apache.spark.sql.execution.datasources.jdbc.JDBCRelation$.getSchema(JDBCRelation.scala:241)
	at org.apache.spark.sql.execution.datasources.jdbc.JdbcRelationProvider.createRelation(JdbcRelationProvider.scala:37)
	at org.apache.spark.sql.execution.datasources.DataSource.resolveRelation(DataSource.scala:346)
	at org.apache.spark.sql.DataFrameReader.loadV1Source(DataFrameReader.scala:229)
	at org.apache.spark.sql.DataFrameReader.$anonfun$load$2(DataFrameReader.scala:211)
	at scala.Option.getOrElse(Option.scala:189)
	at org.apache.spark.sql.DataFrameReader.load(DataFrameReader.scala:211)
	at org.apache.spark.sql.DataFrameReader.load(DataFrameReader.scala:172)
	at org.apache.spark.sql.DataFrameReader.jdbc(DataFrameReader.scala:249)
	at java.base/jdk.internal.reflect.NativeMethodAccessorImpl.invoke0(Native Method)
	at java.base/jdk.internal.reflect.NativeMethodAccessorImpl.invoke(NativeMethodAccessorImpl.java:77)
	at java.base/jdk.internal.reflect.DelegatingMethodAccessorImpl.invoke(DelegatingMethodAccessorImpl.java:43)
	at java.base/java.lang.reflect.Method.invoke(Method.java:568)
	at py4j.reflection.MethodInvoker.invoke(MethodInvoker.java:244)
	at py4j.reflection.ReflectionEngine.invoke(ReflectionEngine.java:374)
	at py4j.Gateway.invoke(Gateway.java:282)
	at py4j.commands.AbstractCommand.invokeMethod(AbstractCommand.java:132)
	at py4j.commands.CallCommand.execute(CallCommand.java:79)
	at py4j.ClientServerConnection.waitForCommands(ClientServerConnection.java:182)
	at py4j.ClientServerConnection.run(ClientServerConnection.java:106)
	at java.base/java.lang.Thread.run(Thread.java:840)
Caused by: java.net.ConnectException: Connection refused
	at java.base/sun.nio.ch.Net.pollConnect(Native Method)
	at java.base/sun.nio.ch.Net.pollConnectNow(Net.java:672)
	at java.base/sun.nio.ch.NioSocketImpl.timedFinishConnect(NioSocketImpl.java:554)
	at java.base/sun.nio.ch.NioSocketImpl.connect(NioSocketImpl.java:602)
	at java.base/java.net.SocksSocketImpl.connect(SocksSocketImpl.java:327)
	at java.base/java.net.Socket.connect(Socket.java:633)
	at org.postgresql.core.PGStream.createSocket(PGStream.java:243)
	at org.postgresql.core.PGStream.<init>(PGStream.java:98)
	at org.postgresql.core.v3.ConnectionFactoryImpl.tryConnect(ConnectionFactoryImpl.java:132)
	at org.postgresql.core.v3.ConnectionFactoryImpl.openConnectionImpl(ConnectionFactoryImpl.java:258)
	... 31 more
[2024-04-30T06:15:37.845+0000] {docker.py:413} INFO - 2024-04-30 06:15:37,844:close:INFO:Closing down clientserver connection
[2024-04-30T06:15:37.909+0000] {docker.py:413} INFO - 24/04/30 06:15:37 INFO SparkContext: Invoking stop() from shutdown hook
[2024-04-30T06:15:37.910+0000] {docker.py:413} INFO - 24/04/30 06:15:37 INFO SparkContext: SparkContext is stopping with exitCode 0.
[2024-04-30T06:15:37.932+0000] {docker.py:413} INFO - 24/04/30 06:15:37 INFO SparkUI: Stopped Spark web UI at http://localhost:4040
[2024-04-30T06:15:37.957+0000] {docker.py:413} INFO - 24/04/30 06:15:37 INFO MapOutputTrackerMasterEndpoint: MapOutputTrackerMasterEndpoint stopped!
[2024-04-30T06:15:38.037+0000] {docker.py:413} INFO - 24/04/30 06:15:38 INFO MemoryStore: MemoryStore cleared
[2024-04-30T06:15:38.038+0000] {docker.py:413} INFO - 24/04/30 06:15:38 INFO BlockManager: BlockManager stopped
[2024-04-30T06:15:38.050+0000] {docker.py:413} INFO - 24/04/30 06:15:38 INFO BlockManagerMaster: BlockManagerMaster stopped
[2024-04-30T06:15:38.056+0000] {docker.py:413} INFO - 24/04/30 06:15:38 INFO OutputCommitCoordinator$OutputCommitCoordinatorEndpoint: OutputCommitCoordinator stopped!
[2024-04-30T06:15:38.088+0000] {docker.py:413} INFO - 24/04/30 06:15:38 INFO SparkContext: Successfully stopped SparkContext
[2024-04-30T06:15:38.089+0000] {docker.py:413} INFO - 24/04/30 06:15:38 INFO ShutdownHookManager: Shutdown hook called
[2024-04-30T06:15:38.091+0000] {docker.py:413} INFO - 24/04/30 06:15:38 INFO ShutdownHookManager: Deleting directory /tmp/spark-fb8e9ace-9113-49e9-9f19-1811a32d38ac
[2024-04-30T06:15:38.100+0000] {docker.py:413} INFO - 24/04/30 06:15:38 INFO ShutdownHookManager: Deleting directory /tmp/spark-dc39af8c-5e59-457f-9dfd-bd98f222d423/pyspark-82f1e033-fa42-49ed-93d5-2e6539a45a00
[2024-04-30T06:15:38.106+0000] {docker.py:413} INFO - 24/04/30 06:15:38 INFO ShutdownHookManager: Deleting directory /tmp/spark-dc39af8c-5e59-457f-9dfd-bd98f222d423
[2024-04-30T06:15:38.440+0000] {taskinstance.py:1937} ERROR - Task failed with exception
Traceback (most recent call last):
  File "/home/airflow/.local/lib/python3.8/site-packages/docker/api/client.py", line 268, in _raise_for_status
    response.raise_for_status()
  File "/home/airflow/.local/lib/python3.8/site-packages/requests/models.py", line 1021, in raise_for_status
    raise HTTPError(http_error_msg, response=self)
requests.exceptions.HTTPError: 400 Client Error: Bad Request for url: http://docker-proxy:2375/v1.45/containers/create

The above exception was the direct cause of the following exception:

Traceback (most recent call last):
  File "/home/airflow/.local/lib/python3.8/site-packages/airflow/providers/docker/operators/docker.py", line 348, in _run_image
    return self._run_image_with_mounts([*self.mounts, tmp_mount], add_tmp_variable=True)
  File "/home/airflow/.local/lib/python3.8/site-packages/airflow/providers/docker/operators/docker.py", line 375, in _run_image_with_mounts
    self.container = self.cli.create_container(
  File "/home/airflow/.local/lib/python3.8/site-packages/docker/api/container.py", line 431, in create_container
    return self.create_container_from_config(config, name, platform)
  File "/home/airflow/.local/lib/python3.8/site-packages/docker/api/container.py", line 448, in create_container_from_config
    return self._result(res, True)
  File "/home/airflow/.local/lib/python3.8/site-packages/docker/api/client.py", line 274, in _result
    self._raise_for_status(response)
  File "/home/airflow/.local/lib/python3.8/site-packages/docker/api/client.py", line 270, in _raise_for_status
    raise create_api_error_from_http_exception(e) from e
  File "/home/airflow/.local/lib/python3.8/site-packages/docker/errors.py", line 39, in create_api_error_from_http_exception
    raise cls(e, response=response, explanation=explanation) from e
docker.errors.APIError: 400 Client Error for http://docker-proxy:2375/v1.45/containers/create: Bad Request ("invalid mount config for type "bind": bind source path does not exist: /tmp/airflowtmpjpngpcnd")

During handling of the above exception, another exception occurred:

Traceback (most recent call last):
  File "/home/airflow/.local/lib/python3.8/site-packages/airflow/providers/docker/operators/docker.py", line 486, in execute
    return self._run_image()
  File "/home/airflow/.local/lib/python3.8/site-packages/airflow/providers/docker/operators/docker.py", line 357, in _run_image
    return self._run_image_with_mounts(self.mounts, add_tmp_variable=False)
  File "/home/airflow/.local/lib/python3.8/site-packages/airflow/providers/docker/operators/docker.py", line 421, in _run_image_with_mounts
    raise DockerContainerFailedException(f"Docker container failed: {result!r}", logs=log_lines)
airflow.providers.docker.exceptions.DockerContainerFailedException: Docker container failed: {'StatusCode': 1}
[2024-04-30T06:15:38.448+0000] {taskinstance.py:1400} INFO - Marking task as FAILED. dag_id=kafka_spark_dag, task_id=pyspark_consumer, execution_date=20240430T061429, start_date=20240430T061511, end_date=20240430T061538
[2024-04-30T06:15:38.469+0000] {standard_task_runner.py:104} ERROR - Failed to execute job 35 for task pyspark_consumer (Docker container failed: {'StatusCode': 1}; 4138)
[2024-04-30T06:15:38.520+0000] {local_task_job_runner.py:228} INFO - Task exited with return code 1
[2024-04-30T06:15:38.548+0000] {taskinstance.py:2778} INFO - 0 downstream tasks scheduled from follow-on schedule check
