[2024-04-25T12:43:30.243+0000] {taskinstance.py:1159} INFO - Dependencies all met for dep_context=non-requeueable deps ti=<TaskInstance: kafka_spark_dag.pyspark_consumer manual__2024-04-25T12:42:00.231778+00:00 [queued]>
[2024-04-25T12:43:30.257+0000] {taskinstance.py:1159} INFO - Dependencies all met for dep_context=requeueable deps ti=<TaskInstance: kafka_spark_dag.pyspark_consumer manual__2024-04-25T12:42:00.231778+00:00 [queued]>
[2024-04-25T12:43:30.257+0000] {taskinstance.py:1361} INFO - Starting attempt 1 of 2
[2024-04-25T12:43:30.285+0000] {taskinstance.py:1382} INFO - Executing <Task(DockerOperator): pyspark_consumer> on 2024-04-25 12:42:00.231778+00:00
[2024-04-25T12:43:30.299+0000] {standard_task_runner.py:57} INFO - Started process 2851 to run task
[2024-04-25T12:43:30.309+0000] {standard_task_runner.py:84} INFO - Running: ['***', 'tasks', 'run', 'kafka_spark_dag', 'pyspark_consumer', 'manual__2024-04-25T12:42:00.231778+00:00', '--job-id', '4', '--raw', '--subdir', 'DAGS_FOLDER/dag_kafka_spark.py', '--cfg-path', '/tmp/tmpq22kce2l']
[2024-04-25T12:43:30.315+0000] {standard_task_runner.py:85} INFO - Job 4: Subtask pyspark_consumer
[2024-04-25T12:43:30.412+0000] {task_command.py:416} INFO - Running <TaskInstance: kafka_spark_dag.pyspark_consumer manual__2024-04-25T12:42:00.231778+00:00 [running]> on host cc4a11a92376
[2024-04-25T12:43:30.528+0000] {taskinstance.py:1662} INFO - Exporting env vars: AIRFLOW_CTX_DAG_OWNER='***' AIRFLOW_CTX_DAG_ID='kafka_spark_dag' AIRFLOW_CTX_TASK_ID='pyspark_consumer' AIRFLOW_CTX_EXECUTION_DATE='2024-04-25T12:42:00.231778+00:00' AIRFLOW_CTX_TRY_NUMBER='1' AIRFLOW_CTX_DAG_RUN_ID='manual__2024-04-25T12:42:00.231778+00:00'
[2024-04-25T12:43:30.563+0000] {docker.py:343} INFO - Starting docker container from image rappel-conso/spark:latest
[2024-04-25T12:43:30.568+0000] {docker.py:351} WARNING - Using remote engine or docker-in-docker and mounting temporary volume from host is not supported. Falling back to `mount_tmp_dir=False` mode. You can set `mount_tmp_dir` parameter to False to disable mounting and remove the warning
[2024-04-25T12:43:31.132+0000] {docker.py:413} INFO - [38;5;6mspark [38;5;5m12:43:31.13 [0m[38;5;2mINFO [0m ==>
[2024-04-25T12:43:31.135+0000] {docker.py:413} INFO - [38;5;6mspark [38;5;5m12:43:31.13 [0m[38;5;2mINFO [0m ==> [1mWelcome to the Bitnami spark container[0m
[2024-04-25T12:43:31.138+0000] {docker.py:413} INFO - [38;5;6mspark [38;5;5m12:43:31.13 [0m[38;5;2mINFO [0m ==> Subscribe to project updates by watching [1mhttps://github.com/bitnami/containers[0m
[2024-04-25T12:43:31.141+0000] {docker.py:413} INFO - [38;5;6mspark [38;5;5m12:43:31.14 [0m[38;5;2mINFO [0m ==> Submit issues and feature requests at [1mhttps://github.com/bitnami/containers/issues[0m
[2024-04-25T12:43:31.143+0000] {docker.py:413} INFO - [38;5;6mspark [38;5;5m12:43:31.14 [0m[38;5;2mINFO [0m ==>
[2024-04-25T12:43:31.157+0000] {docker.py:413} INFO - 
[2024-04-25T12:43:36.638+0000] {docker.py:413} INFO - :: loading settings :: url = jar:file:/opt/bitnami/spark/jars/ivy-2.5.1.jar!/org/apache/ivy/core/settings/ivysettings.xml
[2024-04-25T12:43:36.821+0000] {docker.py:413} INFO - Ivy Default Cache set to: /opt/bitnami/spark/.ivy2/cache
The jars for the packages stored in: /opt/bitnami/spark/.ivy2/jars
[2024-04-25T12:43:36.836+0000] {docker.py:413} INFO - org.postgresql#postgresql added as a dependency
org.apache.spark#spark-sql-kafka-0-10_2.12 added as a dependency
[2024-04-25T12:43:36.841+0000] {docker.py:413} INFO - :: resolving dependencies :: org.apache.spark#spark-submit-parent-46634ce9-87a1-4d25-aa4a-23a7162087e7;1.0
	confs: [default]
[2024-04-25T12:43:38.114+0000] {docker.py:413} INFO - found org.postgresql#postgresql;42.5.4 in central
[2024-04-25T12:43:38.209+0000] {docker.py:413} INFO - found org.checkerframework#checker-qual;3.5.0 in central
[2024-04-25T12:43:39.643+0000] {docker.py:413} INFO - found org.apache.spark#spark-sql-kafka-0-10_2.12;3.5.0 in central
[2024-04-25T12:43:41.061+0000] {docker.py:413} INFO - found org.apache.spark#spark-token-provider-kafka-0-10_2.12;3.5.0 in central
[2024-04-25T12:43:41.206+0000] {docker.py:413} INFO - found org.apache.kafka#kafka-clients;3.4.1 in central
[2024-04-25T12:43:41.405+0000] {docker.py:413} INFO - found org.lz4#lz4-java;1.8.0 in central
[2024-04-25T12:43:41.553+0000] {docker.py:413} INFO - found org.xerial.snappy#snappy-java;1.1.10.3 in central
[2024-04-25T12:43:41.879+0000] {docker.py:413} INFO - found org.slf4j#slf4j-api;2.0.7 in central
[2024-04-25T12:43:42.795+0000] {docker.py:413} INFO - found org.apache.hadoop#hadoop-client-runtime;3.3.4 in central
[2024-04-25T12:43:43.210+0000] {docker.py:413} INFO - found org.apache.hadoop#hadoop-client-api;3.3.4 in central
[2024-04-25T12:43:43.685+0000] {docker.py:413} INFO - found commons-logging#commons-logging;1.1.3 in central
[2024-04-25T12:43:43.805+0000] {docker.py:413} INFO - found com.google.code.findbugs#jsr305;3.0.0 in central
[2024-04-25T12:43:44.581+0000] {docker.py:413} INFO - found org.apache.commons#commons-pool2;2.11.1 in central
[2024-04-25T12:43:44.671+0000] {docker.py:413} INFO - downloading https://repo1.maven.org/maven2/org/postgresql/postgresql/42.5.4/postgresql-42.5.4.jar ...
[2024-04-25T12:43:44.835+0000] {docker.py:413} INFO - [SUCCESSFUL ] org.postgresql#postgresql;42.5.4!postgresql.jar (186ms)
[2024-04-25T12:43:44.852+0000] {docker.py:413} INFO - downloading https://repo1.maven.org/maven2/org/apache/spark/spark-sql-kafka-0-10_2.12/3.5.0/spark-sql-kafka-0-10_2.12-3.5.0.jar ...
[2024-04-25T12:43:44.901+0000] {docker.py:413} INFO - [SUCCESSFUL ] org.apache.spark#spark-sql-kafka-0-10_2.12;3.5.0!spark-sql-kafka-0-10_2.12.jar (64ms)
[2024-04-25T12:43:44.934+0000] {docker.py:413} INFO - downloading https://repo1.maven.org/maven2/org/checkerframework/checker-qual/3.5.0/checker-qual-3.5.0.jar ...
[2024-04-25T12:43:44.968+0000] {docker.py:413} INFO - [SUCCESSFUL ] org.checkerframework#checker-qual;3.5.0!checker-qual.jar (42ms)
[2024-04-25T12:43:44.985+0000] {docker.py:413} INFO - downloading https://repo1.maven.org/maven2/org/apache/spark/spark-token-provider-kafka-0-10_2.12/3.5.0/spark-token-provider-kafka-0-10_2.12-3.5.0.jar ...
[2024-04-25T12:43:45.003+0000] {docker.py:413} INFO - [SUCCESSFUL ] org.apache.spark#spark-token-provider-kafka-0-10_2.12;3.5.0!spark-token-provider-kafka-0-10_2.12.jar (33ms)
[2024-04-25T12:43:45.024+0000] {docker.py:413} INFO - downloading https://repo1.maven.org/maven2/org/apache/kafka/kafka-clients/3.4.1/kafka-clients-3.4.1.jar ...
[2024-04-25T12:43:45.264+0000] {docker.py:413} INFO - [SUCCESSFUL ] org.apache.kafka#kafka-clients;3.4.1!kafka-clients.jar (257ms)
[2024-04-25T12:43:45.278+0000] {docker.py:413} INFO - downloading https://repo1.maven.org/maven2/com/google/code/findbugs/jsr305/3.0.0/jsr305-3.0.0.jar ...
[2024-04-25T12:43:45.292+0000] {docker.py:413} INFO - [SUCCESSFUL ] com.google.code.findbugs#jsr305;3.0.0!jsr305.jar (26ms)
[2024-04-25T12:43:45.307+0000] {docker.py:413} INFO - downloading https://repo1.maven.org/maven2/org/apache/commons/commons-pool2/2.11.1/commons-pool2-2.11.1.jar ...
[2024-04-25T12:43:45.323+0000] {docker.py:413} INFO - [SUCCESSFUL ] org.apache.commons#commons-pool2;2.11.1!commons-pool2.jar (30ms)
[2024-04-25T12:43:45.338+0000] {docker.py:413} INFO - downloading https://repo1.maven.org/maven2/org/apache/hadoop/hadoop-client-runtime/3.3.4/hadoop-client-runtime-3.3.4.jar ...
[2024-04-25T12:43:45.892+0000] {docker.py:413} INFO - [SUCCESSFUL ] org.apache.hadoop#hadoop-client-runtime;3.3.4!hadoop-client-runtime.jar (566ms)
[2024-04-25T12:43:45.907+0000] {docker.py:413} INFO - downloading https://repo1.maven.org/maven2/org/lz4/lz4-java/1.8.0/lz4-java-1.8.0.jar ...
[2024-04-25T12:43:45.944+0000] {docker.py:413} INFO - [SUCCESSFUL ] org.lz4#lz4-java;1.8.0!lz4-java.jar (52ms)
[2024-04-25T12:43:45.960+0000] {docker.py:413} INFO - downloading https://repo1.maven.org/maven2/org/xerial/snappy/snappy-java/1.1.10.3/snappy-java-1.1.10.3.jar ...
[2024-04-25T12:43:46.035+0000] {docker.py:413} INFO - [SUCCESSFUL ] org.xerial.snappy#snappy-java;1.1.10.3!snappy-java.jar(bundle) (88ms)
[2024-04-25T12:43:46.049+0000] {docker.py:413} INFO - downloading https://repo1.maven.org/maven2/org/slf4j/slf4j-api/2.0.7/slf4j-api-2.0.7.jar ...
[2024-04-25T12:43:46.064+0000] {docker.py:413} INFO - [SUCCESSFUL ] org.slf4j#slf4j-api;2.0.7!slf4j-api.jar (27ms)
[2024-04-25T12:43:46.079+0000] {docker.py:413} INFO - downloading https://repo1.maven.org/maven2/org/apache/hadoop/hadoop-client-api/3.3.4/hadoop-client-api-3.3.4.jar ...
[2024-04-25T12:43:46.462+0000] {docker.py:413} INFO - [SUCCESSFUL ] org.apache.hadoop#hadoop-client-api;3.3.4!hadoop-client-api.jar (398ms)
[2024-04-25T12:43:46.476+0000] {docker.py:413} INFO - downloading https://repo1.maven.org/maven2/commons-logging/commons-logging/1.1.3/commons-logging-1.1.3.jar ...
[2024-04-25T12:43:46.491+0000] {docker.py:413} INFO - [SUCCESSFUL ] commons-logging#commons-logging;1.1.3!commons-logging.jar (27ms)
[2024-04-25T12:43:46.491+0000] {docker.py:413} INFO - :: resolution report :: resolve 7796ms :: artifacts dl 1854ms
	:: modules in use:
[2024-04-25T12:43:46.493+0000] {docker.py:413} INFO - com.google.code.findbugs#jsr305;3.0.0 from central in [default]
[2024-04-25T12:43:46.494+0000] {docker.py:413} INFO - commons-logging#commons-logging;1.1.3 from central in [default]
	org.apache.commons#commons-pool2;2.11.1 from central in [default]
[2024-04-25T12:43:46.494+0000] {docker.py:413} INFO - org.apache.hadoop#hadoop-client-api;3.3.4 from central in [default]
	org.apache.hadoop#hadoop-client-runtime;3.3.4 from central in [default]
	org.apache.kafka#kafka-clients;3.4.1 from central in [default]
	org.apache.spark#spark-sql-kafka-0-10_2.12;3.5.0 from central in [default]
	org.apache.spark#spark-token-provider-kafka-0-10_2.12;3.5.0 from central in [default]
	org.checkerframework#checker-qual;3.5.0 from central in [default]
[2024-04-25T12:43:46.494+0000] {docker.py:413} INFO - org.lz4#lz4-java;1.8.0 from central in [default]
	org.postgresql#postgresql;42.5.4 from central in [default]
	org.slf4j#slf4j-api;2.0.7 from central in [default]
[2024-04-25T12:43:46.495+0000] {docker.py:413} INFO - org.xerial.snappy#snappy-java;1.1.10.3 from central in [default]
	---------------------------------------------------------------------
	|                  |            modules            ||   artifacts   |
[2024-04-25T12:43:46.495+0000] {docker.py:413} INFO - |       conf       | number| search|dwnlded|evicted|| number|dwnlded|
	---------------------------------------------------------------------
[2024-04-25T12:43:46.495+0000] {docker.py:413} INFO - |      default     |   13  |   13  |   13  |   0   ||   13  |   13  |
	---------------------------------------------------------------------
[2024-04-25T12:43:46.511+0000] {docker.py:413} INFO - :: retrieving :: org.apache.spark#spark-submit-parent-46634ce9-87a1-4d25-aa4a-23a7162087e7
[2024-04-25T12:43:46.512+0000] {docker.py:413} INFO - confs: [default]
[2024-04-25T12:43:46.823+0000] {docker.py:413} INFO - 13 artifacts copied, 0 already retrieved (58001kB/312ms)
[2024-04-25T12:43:47.581+0000] {docker.py:413} INFO - 24/04/25 12:43:47 WARN NativeCodeLoader: Unable to load native-hadoop library for your platform... using builtin-java classes where applicable
[2024-04-25T12:43:50.023+0000] {docker.py:413} INFO - 24/04/25 12:43:50 INFO SparkContext: Running Spark version 3.5.0
[2024-04-25T12:43:50.029+0000] {docker.py:413} INFO - 24/04/25 12:43:50 INFO SparkContext: OS info Linux, 6.5.0-1016-gcp, amd64
[2024-04-25T12:43:50.035+0000] {docker.py:413} INFO - 24/04/25 12:43:50 INFO SparkContext: Java version 17.0.10
[2024-04-25T12:43:50.135+0000] {docker.py:413} INFO - 24/04/25 12:43:50 INFO ResourceUtils: ==============================================================
[2024-04-25T12:43:50.136+0000] {docker.py:413} INFO - 24/04/25 12:43:50 INFO ResourceUtils: No custom resources configured for spark.driver.
[2024-04-25T12:43:50.138+0000] {docker.py:413} INFO - 24/04/25 12:43:50 INFO ResourceUtils: ==============================================================
[2024-04-25T12:43:50.142+0000] {docker.py:413} INFO - 24/04/25 12:43:50 INFO SparkContext: Submitted application: PostgreSQL Connection with PySpark
[2024-04-25T12:43:50.208+0000] {docker.py:413} INFO - 24/04/25 12:43:50 INFO ResourceProfile: Default ResourceProfile created, executor resources: Map(cores -> name: cores, amount: 1, script: , vendor: , memory -> name: memory, amount: 1024, script: , vendor: , offHeap -> name: offHeap, amount: 0, script: , vendor: ), task resources: Map(cpus -> name: cpus, amount: 1.0)
[2024-04-25T12:43:50.229+0000] {docker.py:413} INFO - 24/04/25 12:43:50 INFO ResourceProfile: Limiting resource is cpu
[2024-04-25T12:43:50.230+0000] {docker.py:413} INFO - 24/04/25 12:43:50 INFO ResourceProfileManager: Added ResourceProfile id: 0
[2024-04-25T12:43:50.353+0000] {docker.py:413} INFO - 24/04/25 12:43:50 INFO SecurityManager: Changing view acls to: spark
[2024-04-25T12:43:50.357+0000] {docker.py:413} INFO - 24/04/25 12:43:50 INFO SecurityManager: Changing modify acls to: spark
[2024-04-25T12:43:50.358+0000] {docker.py:413} INFO - 24/04/25 12:43:50 INFO SecurityManager: Changing view acls groups to:
[2024-04-25T12:43:50.358+0000] {docker.py:413} INFO - 24/04/25 12:43:50 INFO SecurityManager: Changing modify acls groups to:
[2024-04-25T12:43:50.362+0000] {docker.py:413} INFO - 24/04/25 12:43:50 INFO SecurityManager: SecurityManager: authentication disabled; ui acls disabled; users with view permissions: spark; groups with view permissions: EMPTY; users with modify permissions: spark; groups with modify permissions: EMPTY
[2024-04-25T12:43:51.163+0000] {docker.py:413} INFO - 24/04/25 12:43:51 INFO Utils: Successfully started service 'sparkDriver' on port 35037.
[2024-04-25T12:43:51.275+0000] {docker.py:413} INFO - 24/04/25 12:43:51 INFO SparkEnv: Registering MapOutputTracker
[2024-04-25T12:43:51.350+0000] {docker.py:413} INFO - 24/04/25 12:43:51 INFO SparkEnv: Registering BlockManagerMaster
[2024-04-25T12:43:51.382+0000] {docker.py:413} INFO - 24/04/25 12:43:51 INFO BlockManagerMasterEndpoint: Using org.apache.spark.storage.DefaultTopologyMapper for getting topology information
[2024-04-25T12:43:51.384+0000] {docker.py:413} INFO - 24/04/25 12:43:51 INFO BlockManagerMasterEndpoint: BlockManagerMasterEndpoint up
[2024-04-25T12:43:51.392+0000] {docker.py:413} INFO - 24/04/25 12:43:51 INFO SparkEnv: Registering BlockManagerMasterHeartbeat
[2024-04-25T12:43:51.442+0000] {docker.py:413} INFO - 24/04/25 12:43:51 INFO DiskBlockManager: Created local directory at /tmp/blockmgr-28f46801-9aff-400c-a7d6-ba37a9e41a85
[2024-04-25T12:43:51.465+0000] {docker.py:413} INFO - 24/04/25 12:43:51 INFO MemoryStore: MemoryStore started with capacity 434.4 MiB
[2024-04-25T12:43:51.488+0000] {docker.py:413} INFO - 24/04/25 12:43:51 INFO SparkEnv: Registering OutputCommitCoordinator
[2024-04-25T12:43:51.760+0000] {docker.py:413} INFO - 24/04/25 12:43:51 INFO JettyUtils: Start Jetty 0.0.0.0:4040 for SparkUI
[2024-04-25T12:43:51.905+0000] {docker.py:413} INFO - 24/04/25 12:43:51 INFO Utils: Successfully started service 'SparkUI' on port 4040.
[2024-04-25T12:43:52.018+0000] {docker.py:413} INFO - 24/04/25 12:43:52 INFO SparkContext: Added JAR file:///opt/bitnami/spark/.ivy2/jars/org.postgresql_postgresql-42.5.4.jar at spark://localhost:35037/jars/org.postgresql_postgresql-42.5.4.jar with timestamp 1714049029976
[2024-04-25T12:43:52.019+0000] {docker.py:413} INFO - 24/04/25 12:43:52 INFO SparkContext: Added JAR file:///opt/bitnami/spark/.ivy2/jars/org.apache.spark_spark-sql-kafka-0-10_2.12-3.5.0.jar at spark://localhost:35037/jars/org.apache.spark_spark-sql-kafka-0-10_2.12-3.5.0.jar with timestamp 1714049029976
[2024-04-25T12:43:52.020+0000] {docker.py:413} INFO - 24/04/25 12:43:52 INFO SparkContext: Added JAR file:///opt/bitnami/spark/.ivy2/jars/org.checkerframework_checker-qual-3.5.0.jar at spark://localhost:35037/jars/org.checkerframework_checker-qual-3.5.0.jar with timestamp 1714049029976
[2024-04-25T12:43:52.021+0000] {docker.py:413} INFO - 24/04/25 12:43:52 INFO SparkContext: Added JAR file:///opt/bitnami/spark/.ivy2/jars/org.apache.spark_spark-token-provider-kafka-0-10_2.12-3.5.0.jar at spark://localhost:35037/jars/org.apache.spark_spark-token-provider-kafka-0-10_2.12-3.5.0.jar with timestamp 1714049029976
[2024-04-25T12:43:52.022+0000] {docker.py:413} INFO - 24/04/25 12:43:52 INFO SparkContext: Added JAR file:///opt/bitnami/spark/.ivy2/jars/org.apache.kafka_kafka-clients-3.4.1.jar at spark://localhost:35037/jars/org.apache.kafka_kafka-clients-3.4.1.jar with timestamp 1714049029976
[2024-04-25T12:43:52.023+0000] {docker.py:413} INFO - 24/04/25 12:43:52 INFO SparkContext: Added JAR file:///opt/bitnami/spark/.ivy2/jars/com.google.code.findbugs_jsr305-3.0.0.jar at spark://localhost:35037/jars/com.google.code.findbugs_jsr305-3.0.0.jar with timestamp 1714049029976
[2024-04-25T12:43:52.024+0000] {docker.py:413} INFO - 24/04/25 12:43:52 INFO SparkContext: Added JAR file:///opt/bitnami/spark/.ivy2/jars/org.apache.commons_commons-pool2-2.11.1.jar at spark://localhost:35037/jars/org.apache.commons_commons-pool2-2.11.1.jar with timestamp 1714049029976
[2024-04-25T12:43:52.024+0000] {docker.py:413} INFO - 24/04/25 12:43:52 INFO SparkContext: Added JAR file:///opt/bitnami/spark/.ivy2/jars/org.apache.hadoop_hadoop-client-runtime-3.3.4.jar at spark://localhost:35037/jars/org.apache.hadoop_hadoop-client-runtime-3.3.4.jar with timestamp 1714049029976
[2024-04-25T12:43:52.025+0000] {docker.py:413} INFO - 24/04/25 12:43:52 INFO SparkContext: Added JAR file:///opt/bitnami/spark/.ivy2/jars/org.lz4_lz4-java-1.8.0.jar at spark://localhost:35037/jars/org.lz4_lz4-java-1.8.0.jar with timestamp 1714049029976
[2024-04-25T12:43:52.026+0000] {docker.py:413} INFO - 24/04/25 12:43:52 INFO SparkContext: Added JAR file:///opt/bitnami/spark/.ivy2/jars/org.xerial.snappy_snappy-java-1.1.10.3.jar at spark://localhost:35037/jars/org.xerial.snappy_snappy-java-1.1.10.3.jar with timestamp 1714049029976
[2024-04-25T12:43:52.027+0000] {docker.py:413} INFO - 24/04/25 12:43:52 INFO SparkContext: Added JAR file:///opt/bitnami/spark/.ivy2/jars/org.slf4j_slf4j-api-2.0.7.jar at spark://localhost:35037/jars/org.slf4j_slf4j-api-2.0.7.jar with timestamp 1714049029976
[2024-04-25T12:43:52.028+0000] {docker.py:413} INFO - 24/04/25 12:43:52 INFO SparkContext: Added JAR file:///opt/bitnami/spark/.ivy2/jars/org.apache.hadoop_hadoop-client-api-3.3.4.jar at spark://localhost:35037/jars/org.apache.hadoop_hadoop-client-api-3.3.4.jar with timestamp 1714049029976
[2024-04-25T12:43:52.028+0000] {docker.py:413} INFO - 24/04/25 12:43:52 INFO SparkContext: Added JAR file:///opt/bitnami/spark/.ivy2/jars/commons-logging_commons-logging-1.1.3.jar at spark://localhost:35037/jars/commons-logging_commons-logging-1.1.3.jar with timestamp 1714049029976
[2024-04-25T12:43:52.035+0000] {docker.py:413} INFO - 24/04/25 12:43:52 INFO SparkContext: Added file file:///opt/bitnami/spark/.ivy2/jars/org.postgresql_postgresql-42.5.4.jar at file:///opt/bitnami/spark/.ivy2/jars/org.postgresql_postgresql-42.5.4.jar with timestamp 1714049029976
[2024-04-25T12:43:52.040+0000] {docker.py:413} INFO - 24/04/25 12:43:52 INFO Utils: Copying /opt/bitnami/spark/.ivy2/jars/org.postgresql_postgresql-42.5.4.jar to /tmp/spark-041bc452-1706-4f86-a2bc-e84c2eacfe19/userFiles-8063803a-907a-484e-9290-a8350f0c474c/org.postgresql_postgresql-42.5.4.jar
[2024-04-25T12:43:52.077+0000] {docker.py:413} INFO - 24/04/25 12:43:52 INFO SparkContext: Added file file:///opt/bitnami/spark/.ivy2/jars/org.apache.spark_spark-sql-kafka-0-10_2.12-3.5.0.jar at file:///opt/bitnami/spark/.ivy2/jars/org.apache.spark_spark-sql-kafka-0-10_2.12-3.5.0.jar with timestamp 1714049029976
[2024-04-25T12:43:52.077+0000] {docker.py:413} INFO - 24/04/25 12:43:52 INFO Utils: Copying /opt/bitnami/spark/.ivy2/jars/org.apache.spark_spark-sql-kafka-0-10_2.12-3.5.0.jar to /tmp/spark-041bc452-1706-4f86-a2bc-e84c2eacfe19/userFiles-8063803a-907a-484e-9290-a8350f0c474c/org.apache.spark_spark-sql-kafka-0-10_2.12-3.5.0.jar
[2024-04-25T12:43:52.095+0000] {docker.py:413} INFO - 24/04/25 12:43:52 INFO SparkContext: Added file file:///opt/bitnami/spark/.ivy2/jars/org.checkerframework_checker-qual-3.5.0.jar at file:///opt/bitnami/spark/.ivy2/jars/org.checkerframework_checker-qual-3.5.0.jar with timestamp 1714049029976
[2024-04-25T12:43:52.097+0000] {docker.py:413} INFO - 24/04/25 12:43:52 INFO Utils: Copying /opt/bitnami/spark/.ivy2/jars/org.checkerframework_checker-qual-3.5.0.jar to /tmp/spark-041bc452-1706-4f86-a2bc-e84c2eacfe19/userFiles-8063803a-907a-484e-9290-a8350f0c474c/org.checkerframework_checker-qual-3.5.0.jar
[2024-04-25T12:43:52.110+0000] {docker.py:413} INFO - 24/04/25 12:43:52 INFO SparkContext: Added file file:///opt/bitnami/spark/.ivy2/jars/org.apache.spark_spark-token-provider-kafka-0-10_2.12-3.5.0.jar at file:///opt/bitnami/spark/.ivy2/jars/org.apache.spark_spark-token-provider-kafka-0-10_2.12-3.5.0.jar with timestamp 1714049029976
[2024-04-25T12:43:52.115+0000] {docker.py:413} INFO - 24/04/25 12:43:52 INFO Utils: Copying /opt/bitnami/spark/.ivy2/jars/org.apache.spark_spark-token-provider-kafka-0-10_2.12-3.5.0.jar to /tmp/spark-041bc452-1706-4f86-a2bc-e84c2eacfe19/userFiles-8063803a-907a-484e-9290-a8350f0c474c/org.apache.spark_spark-token-provider-kafka-0-10_2.12-3.5.0.jar
[2024-04-25T12:43:52.121+0000] {docker.py:413} INFO - 24/04/25 12:43:52 INFO SparkContext: Added file file:///opt/bitnami/spark/.ivy2/jars/org.apache.kafka_kafka-clients-3.4.1.jar at file:///opt/bitnami/spark/.ivy2/jars/org.apache.kafka_kafka-clients-3.4.1.jar with timestamp 1714049029976
[2024-04-25T12:43:52.126+0000] {docker.py:413} INFO - 24/04/25 12:43:52 INFO Utils: Copying /opt/bitnami/spark/.ivy2/jars/org.apache.kafka_kafka-clients-3.4.1.jar to /tmp/spark-041bc452-1706-4f86-a2bc-e84c2eacfe19/userFiles-8063803a-907a-484e-9290-a8350f0c474c/org.apache.kafka_kafka-clients-3.4.1.jar
[2024-04-25T12:43:52.143+0000] {docker.py:413} INFO - 24/04/25 12:43:52 INFO SparkContext: Added file file:///opt/bitnami/spark/.ivy2/jars/com.google.code.findbugs_jsr305-3.0.0.jar at file:///opt/bitnami/spark/.ivy2/jars/com.google.code.findbugs_jsr305-3.0.0.jar with timestamp 1714049029976
[2024-04-25T12:43:52.143+0000] {docker.py:413} INFO - 24/04/25 12:43:52 INFO Utils: Copying /opt/bitnami/spark/.ivy2/jars/com.google.code.findbugs_jsr305-3.0.0.jar to /tmp/spark-041bc452-1706-4f86-a2bc-e84c2eacfe19/userFiles-8063803a-907a-484e-9290-a8350f0c474c/com.google.code.findbugs_jsr305-3.0.0.jar
[2024-04-25T12:43:52.153+0000] {docker.py:413} INFO - 24/04/25 12:43:52 INFO SparkContext: Added file file:///opt/bitnami/spark/.ivy2/jars/org.apache.commons_commons-pool2-2.11.1.jar at file:///opt/bitnami/spark/.ivy2/jars/org.apache.commons_commons-pool2-2.11.1.jar with timestamp 1714049029976
[2024-04-25T12:43:52.154+0000] {docker.py:413} INFO - 24/04/25 12:43:52 INFO Utils: Copying /opt/bitnami/spark/.ivy2/jars/org.apache.commons_commons-pool2-2.11.1.jar to /tmp/spark-041bc452-1706-4f86-a2bc-e84c2eacfe19/userFiles-8063803a-907a-484e-9290-a8350f0c474c/org.apache.commons_commons-pool2-2.11.1.jar
[2024-04-25T12:43:52.165+0000] {docker.py:413} INFO - 24/04/25 12:43:52 INFO SparkContext: Added file file:///opt/bitnami/spark/.ivy2/jars/org.apache.hadoop_hadoop-client-runtime-3.3.4.jar at file:///opt/bitnami/spark/.ivy2/jars/org.apache.hadoop_hadoop-client-runtime-3.3.4.jar with timestamp 1714049029976
[2024-04-25T12:43:52.166+0000] {docker.py:413} INFO - 24/04/25 12:43:52 INFO Utils: Copying /opt/bitnami/spark/.ivy2/jars/org.apache.hadoop_hadoop-client-runtime-3.3.4.jar to /tmp/spark-041bc452-1706-4f86-a2bc-e84c2eacfe19/userFiles-8063803a-907a-484e-9290-a8350f0c474c/org.apache.hadoop_hadoop-client-runtime-3.3.4.jar
[2024-04-25T12:43:52.232+0000] {docker.py:413} INFO - 24/04/25 12:43:52 INFO SparkContext: Added file file:///opt/bitnami/spark/.ivy2/jars/org.lz4_lz4-java-1.8.0.jar at file:///opt/bitnami/spark/.ivy2/jars/org.lz4_lz4-java-1.8.0.jar with timestamp 1714049029976
[2024-04-25T12:43:52.233+0000] {docker.py:413} INFO - 24/04/25 12:43:52 INFO Utils: Copying /opt/bitnami/spark/.ivy2/jars/org.lz4_lz4-java-1.8.0.jar to /tmp/spark-041bc452-1706-4f86-a2bc-e84c2eacfe19/userFiles-8063803a-907a-484e-9290-a8350f0c474c/org.lz4_lz4-java-1.8.0.jar
[2024-04-25T12:43:52.248+0000] {docker.py:413} INFO - 24/04/25 12:43:52 INFO SparkContext: Added file file:///opt/bitnami/spark/.ivy2/jars/org.xerial.snappy_snappy-java-1.1.10.3.jar at file:///opt/bitnami/spark/.ivy2/jars/org.xerial.snappy_snappy-java-1.1.10.3.jar with timestamp 1714049029976
[2024-04-25T12:43:52.249+0000] {docker.py:413} INFO - 24/04/25 12:43:52 INFO Utils: Copying /opt/bitnami/spark/.ivy2/jars/org.xerial.snappy_snappy-java-1.1.10.3.jar to /tmp/spark-041bc452-1706-4f86-a2bc-e84c2eacfe19/userFiles-8063803a-907a-484e-9290-a8350f0c474c/org.xerial.snappy_snappy-java-1.1.10.3.jar
[2024-04-25T12:43:52.263+0000] {docker.py:413} INFO - 24/04/25 12:43:52 INFO SparkContext: Added file file:///opt/bitnami/spark/.ivy2/jars/org.slf4j_slf4j-api-2.0.7.jar at file:///opt/bitnami/spark/.ivy2/jars/org.slf4j_slf4j-api-2.0.7.jar with timestamp 1714049029976
[2024-04-25T12:43:52.264+0000] {docker.py:413} INFO - 24/04/25 12:43:52 INFO Utils: Copying /opt/bitnami/spark/.ivy2/jars/org.slf4j_slf4j-api-2.0.7.jar to /tmp/spark-041bc452-1706-4f86-a2bc-e84c2eacfe19/userFiles-8063803a-907a-484e-9290-a8350f0c474c/org.slf4j_slf4j-api-2.0.7.jar
[2024-04-25T12:43:52.272+0000] {docker.py:413} INFO - 24/04/25 12:43:52 INFO SparkContext: Added file file:///opt/bitnami/spark/.ivy2/jars/org.apache.hadoop_hadoop-client-api-3.3.4.jar at file:///opt/bitnami/spark/.ivy2/jars/org.apache.hadoop_hadoop-client-api-3.3.4.jar with timestamp 1714049029976
[2024-04-25T12:43:52.277+0000] {docker.py:413} INFO - 24/04/25 12:43:52 INFO Utils: Copying /opt/bitnami/spark/.ivy2/jars/org.apache.hadoop_hadoop-client-api-3.3.4.jar to /tmp/spark-041bc452-1706-4f86-a2bc-e84c2eacfe19/userFiles-8063803a-907a-484e-9290-a8350f0c474c/org.apache.hadoop_hadoop-client-api-3.3.4.jar
[2024-04-25T12:43:52.336+0000] {docker.py:413} INFO - 24/04/25 12:43:52 INFO SparkContext: Added file file:///opt/bitnami/spark/.ivy2/jars/commons-logging_commons-logging-1.1.3.jar at file:///opt/bitnami/spark/.ivy2/jars/commons-logging_commons-logging-1.1.3.jar with timestamp 1714049029976
24/04/25 12:43:52 INFO Utils: Copying /opt/bitnami/spark/.ivy2/jars/commons-logging_commons-logging-1.1.3.jar to /tmp/spark-041bc452-1706-4f86-a2bc-e84c2eacfe19/userFiles-8063803a-907a-484e-9290-a8350f0c474c/commons-logging_commons-logging-1.1.3.jar
[2024-04-25T12:43:52.494+0000] {docker.py:413} INFO - 24/04/25 12:43:52 INFO Executor: Starting executor ID driver on host localhost
[2024-04-25T12:43:52.495+0000] {docker.py:413} INFO - 24/04/25 12:43:52 INFO Executor: OS info Linux, 6.5.0-1016-gcp, amd64
[2024-04-25T12:43:52.496+0000] {docker.py:413} INFO - 24/04/25 12:43:52 INFO Executor: Java version 17.0.10
[2024-04-25T12:43:52.516+0000] {docker.py:413} INFO - 24/04/25 12:43:52 INFO Executor: Starting executor with user classpath (userClassPathFirst = false): ''
[2024-04-25T12:43:52.518+0000] {docker.py:413} INFO - 24/04/25 12:43:52 INFO Executor: Created or updated repl class loader org.apache.spark.util.MutableURLClassLoader@6dcfb33d for default.
[2024-04-25T12:43:52.541+0000] {docker.py:413} INFO - 24/04/25 12:43:52 INFO Executor: Fetching file:///opt/bitnami/spark/.ivy2/jars/org.apache.spark_spark-token-provider-kafka-0-10_2.12-3.5.0.jar with timestamp 1714049029976
[2024-04-25T12:43:52.586+0000] {docker.py:413} INFO - 24/04/25 12:43:52 INFO Utils: /opt/bitnami/spark/.ivy2/jars/org.apache.spark_spark-token-provider-kafka-0-10_2.12-3.5.0.jar has been previously copied to /tmp/spark-041bc452-1706-4f86-a2bc-e84c2eacfe19/userFiles-8063803a-907a-484e-9290-a8350f0c474c/org.apache.spark_spark-token-provider-kafka-0-10_2.12-3.5.0.jar
[2024-04-25T12:43:52.605+0000] {docker.py:413} INFO - 24/04/25 12:43:52 INFO Executor: Fetching file:///opt/bitnami/spark/.ivy2/jars/org.apache.hadoop_hadoop-client-runtime-3.3.4.jar with timestamp 1714049029976
[2024-04-25T12:43:52.675+0000] {docker.py:413} INFO - 24/04/25 12:43:52 INFO Utils: /opt/bitnami/spark/.ivy2/jars/org.apache.hadoop_hadoop-client-runtime-3.3.4.jar has been previously copied to /tmp/spark-041bc452-1706-4f86-a2bc-e84c2eacfe19/userFiles-8063803a-907a-484e-9290-a8350f0c474c/org.apache.hadoop_hadoop-client-runtime-3.3.4.jar
[2024-04-25T12:43:52.683+0000] {docker.py:413} INFO - 24/04/25 12:43:52 INFO Executor: Fetching file:///opt/bitnami/spark/.ivy2/jars/org.apache.commons_commons-pool2-2.11.1.jar with timestamp 1714049029976
[2024-04-25T12:43:52.685+0000] {docker.py:413} INFO - 24/04/25 12:43:52 INFO Utils: /opt/bitnami/spark/.ivy2/jars/org.apache.commons_commons-pool2-2.11.1.jar has been previously copied to /tmp/spark-041bc452-1706-4f86-a2bc-e84c2eacfe19/userFiles-8063803a-907a-484e-9290-a8350f0c474c/org.apache.commons_commons-pool2-2.11.1.jar
[2024-04-25T12:43:52.690+0000] {docker.py:413} INFO - 24/04/25 12:43:52 INFO Executor: Fetching file:///opt/bitnami/spark/.ivy2/jars/org.postgresql_postgresql-42.5.4.jar with timestamp 1714049029976
[2024-04-25T12:43:52.693+0000] {docker.py:413} INFO - 24/04/25 12:43:52 INFO Utils: /opt/bitnami/spark/.ivy2/jars/org.postgresql_postgresql-42.5.4.jar has been previously copied to /tmp/spark-041bc452-1706-4f86-a2bc-e84c2eacfe19/userFiles-8063803a-907a-484e-9290-a8350f0c474c/org.postgresql_postgresql-42.5.4.jar
[2024-04-25T12:43:52.699+0000] {docker.py:413} INFO - 24/04/25 12:43:52 INFO Executor: Fetching file:///opt/bitnami/spark/.ivy2/jars/org.slf4j_slf4j-api-2.0.7.jar with timestamp 1714049029976
[2024-04-25T12:43:52.700+0000] {docker.py:413} INFO - 24/04/25 12:43:52 INFO Utils: /opt/bitnami/spark/.ivy2/jars/org.slf4j_slf4j-api-2.0.7.jar has been previously copied to /tmp/spark-041bc452-1706-4f86-a2bc-e84c2eacfe19/userFiles-8063803a-907a-484e-9290-a8350f0c474c/org.slf4j_slf4j-api-2.0.7.jar
[2024-04-25T12:43:52.705+0000] {docker.py:413} INFO - 24/04/25 12:43:52 INFO Executor: Fetching file:///opt/bitnami/spark/.ivy2/jars/org.apache.kafka_kafka-clients-3.4.1.jar with timestamp 1714049029976
[2024-04-25T12:43:52.713+0000] {docker.py:413} INFO - 24/04/25 12:43:52 INFO Utils: /opt/bitnami/spark/.ivy2/jars/org.apache.kafka_kafka-clients-3.4.1.jar has been previously copied to /tmp/spark-041bc452-1706-4f86-a2bc-e84c2eacfe19/userFiles-8063803a-907a-484e-9290-a8350f0c474c/org.apache.kafka_kafka-clients-3.4.1.jar
[2024-04-25T12:43:52.719+0000] {docker.py:413} INFO - 24/04/25 12:43:52 INFO Executor: Fetching file:///opt/bitnami/spark/.ivy2/jars/com.google.code.findbugs_jsr305-3.0.0.jar with timestamp 1714049029976
[2024-04-25T12:43:52.720+0000] {docker.py:413} INFO - 24/04/25 12:43:52 INFO Utils: /opt/bitnami/spark/.ivy2/jars/com.google.code.findbugs_jsr305-3.0.0.jar has been previously copied to /tmp/spark-041bc452-1706-4f86-a2bc-e84c2eacfe19/userFiles-8063803a-907a-484e-9290-a8350f0c474c/com.google.code.findbugs_jsr305-3.0.0.jar
[2024-04-25T12:43:52.726+0000] {docker.py:413} INFO - 24/04/25 12:43:52 INFO Executor: Fetching file:///opt/bitnami/spark/.ivy2/jars/org.lz4_lz4-java-1.8.0.jar with timestamp 1714049029976
[2024-04-25T12:43:52.728+0000] {docker.py:413} INFO - 24/04/25 12:43:52 INFO Utils: /opt/bitnami/spark/.ivy2/jars/org.lz4_lz4-java-1.8.0.jar has been previously copied to /tmp/spark-041bc452-1706-4f86-a2bc-e84c2eacfe19/userFiles-8063803a-907a-484e-9290-a8350f0c474c/org.lz4_lz4-java-1.8.0.jar
[2024-04-25T12:43:52.734+0000] {docker.py:413} INFO - 24/04/25 12:43:52 INFO Executor: Fetching file:///opt/bitnami/spark/.ivy2/jars/org.apache.spark_spark-sql-kafka-0-10_2.12-3.5.0.jar with timestamp 1714049029976
[2024-04-25T12:43:52.736+0000] {docker.py:413} INFO - 24/04/25 12:43:52 INFO Utils: /opt/bitnami/spark/.ivy2/jars/org.apache.spark_spark-sql-kafka-0-10_2.12-3.5.0.jar has been previously copied to /tmp/spark-041bc452-1706-4f86-a2bc-e84c2eacfe19/userFiles-8063803a-907a-484e-9290-a8350f0c474c/org.apache.spark_spark-sql-kafka-0-10_2.12-3.5.0.jar
[2024-04-25T12:43:52.742+0000] {docker.py:413} INFO - 24/04/25 12:43:52 INFO Executor: Fetching file:///opt/bitnami/spark/.ivy2/jars/org.apache.hadoop_hadoop-client-api-3.3.4.jar with timestamp 1714049029976
[2024-04-25T12:43:52.768+0000] {docker.py:413} INFO - 24/04/25 12:43:52 INFO Utils: /opt/bitnami/spark/.ivy2/jars/org.apache.hadoop_hadoop-client-api-3.3.4.jar has been previously copied to /tmp/spark-041bc452-1706-4f86-a2bc-e84c2eacfe19/userFiles-8063803a-907a-484e-9290-a8350f0c474c/org.apache.hadoop_hadoop-client-api-3.3.4.jar
[2024-04-25T12:43:52.774+0000] {docker.py:413} INFO - 24/04/25 12:43:52 INFO Executor: Fetching file:///opt/bitnami/spark/.ivy2/jars/commons-logging_commons-logging-1.1.3.jar with timestamp 1714049029976
[2024-04-25T12:43:52.775+0000] {docker.py:413} INFO - 24/04/25 12:43:52 INFO Utils: /opt/bitnami/spark/.ivy2/jars/commons-logging_commons-logging-1.1.3.jar has been previously copied to /tmp/spark-041bc452-1706-4f86-a2bc-e84c2eacfe19/userFiles-8063803a-907a-484e-9290-a8350f0c474c/commons-logging_commons-logging-1.1.3.jar
[2024-04-25T12:43:52.780+0000] {docker.py:413} INFO - 24/04/25 12:43:52 INFO Executor: Fetching file:///opt/bitnami/spark/.ivy2/jars/org.checkerframework_checker-qual-3.5.0.jar with timestamp 1714049029976
[2024-04-25T12:43:52.781+0000] {docker.py:413} INFO - 24/04/25 12:43:52 INFO Utils: /opt/bitnami/spark/.ivy2/jars/org.checkerframework_checker-qual-3.5.0.jar has been previously copied to /tmp/spark-041bc452-1706-4f86-a2bc-e84c2eacfe19/userFiles-8063803a-907a-484e-9290-a8350f0c474c/org.checkerframework_checker-qual-3.5.0.jar
[2024-04-25T12:43:52.786+0000] {docker.py:413} INFO - 24/04/25 12:43:52 INFO Executor: Fetching file:///opt/bitnami/spark/.ivy2/jars/org.xerial.snappy_snappy-java-1.1.10.3.jar with timestamp 1714049029976
[2024-04-25T12:43:52.789+0000] {docker.py:413} INFO - 24/04/25 12:43:52 INFO Utils: /opt/bitnami/spark/.ivy2/jars/org.xerial.snappy_snappy-java-1.1.10.3.jar has been previously copied to /tmp/spark-041bc452-1706-4f86-a2bc-e84c2eacfe19/userFiles-8063803a-907a-484e-9290-a8350f0c474c/org.xerial.snappy_snappy-java-1.1.10.3.jar
[2024-04-25T12:43:52.800+0000] {docker.py:413} INFO - 24/04/25 12:43:52 INFO Executor: Fetching spark://localhost:35037/jars/org.lz4_lz4-java-1.8.0.jar with timestamp 1714049029976
[2024-04-25T12:43:52.874+0000] {docker.py:413} INFO - 24/04/25 12:43:52 INFO TransportClientFactory: Successfully created connection to localhost/127.0.0.1:35037 after 53 ms (0 ms spent in bootstraps)
[2024-04-25T12:43:52.906+0000] {docker.py:413} INFO - 24/04/25 12:43:52 INFO Utils: Fetching spark://localhost:35037/jars/org.lz4_lz4-java-1.8.0.jar to /tmp/spark-041bc452-1706-4f86-a2bc-e84c2eacfe19/userFiles-8063803a-907a-484e-9290-a8350f0c474c/fetchFileTemp2271137158320843309.tmp
[2024-04-25T12:43:53.031+0000] {docker.py:413} INFO - 24/04/25 12:43:53 INFO Utils: /tmp/spark-041bc452-1706-4f86-a2bc-e84c2eacfe19/userFiles-8063803a-907a-484e-9290-a8350f0c474c/fetchFileTemp2271137158320843309.tmp has been previously copied to /tmp/spark-041bc452-1706-4f86-a2bc-e84c2eacfe19/userFiles-8063803a-907a-484e-9290-a8350f0c474c/org.lz4_lz4-java-1.8.0.jar
[2024-04-25T12:43:53.040+0000] {docker.py:413} INFO - 24/04/25 12:43:53 INFO Executor: Adding file:/tmp/spark-041bc452-1706-4f86-a2bc-e84c2eacfe19/userFiles-8063803a-907a-484e-9290-a8350f0c474c/org.lz4_lz4-java-1.8.0.jar to class loader default
[2024-04-25T12:43:53.041+0000] {docker.py:413} INFO - 24/04/25 12:43:53 INFO Executor: Fetching spark://localhost:35037/jars/org.apache.hadoop_hadoop-client-api-3.3.4.jar with timestamp 1714049029976
[2024-04-25T12:43:53.041+0000] {docker.py:413} INFO - 24/04/25 12:43:53 INFO Utils: Fetching spark://localhost:35037/jars/org.apache.hadoop_hadoop-client-api-3.3.4.jar to /tmp/spark-041bc452-1706-4f86-a2bc-e84c2eacfe19/userFiles-8063803a-907a-484e-9290-a8350f0c474c/fetchFileTemp12410659393049468830.tmp
[2024-04-25T12:43:53.166+0000] {docker.py:413} INFO - 24/04/25 12:43:53 INFO Utils: /tmp/spark-041bc452-1706-4f86-a2bc-e84c2eacfe19/userFiles-8063803a-907a-484e-9290-a8350f0c474c/fetchFileTemp12410659393049468830.tmp has been previously copied to /tmp/spark-041bc452-1706-4f86-a2bc-e84c2eacfe19/userFiles-8063803a-907a-484e-9290-a8350f0c474c/org.apache.hadoop_hadoop-client-api-3.3.4.jar
[2024-04-25T12:43:53.292+0000] {docker.py:413} INFO - 24/04/25 12:43:53 INFO Executor: Adding file:/tmp/spark-041bc452-1706-4f86-a2bc-e84c2eacfe19/userFiles-8063803a-907a-484e-9290-a8350f0c474c/org.apache.hadoop_hadoop-client-api-3.3.4.jar to class loader default
[2024-04-25T12:43:53.292+0000] {docker.py:413} INFO - 24/04/25 12:43:53 INFO Executor: Fetching spark://localhost:35037/jars/org.apache.spark_spark-sql-kafka-0-10_2.12-3.5.0.jar with timestamp 1714049029976
[2024-04-25T12:43:53.295+0000] {docker.py:413} INFO - 24/04/25 12:43:53 INFO Utils: Fetching spark://localhost:35037/jars/org.apache.spark_spark-sql-kafka-0-10_2.12-3.5.0.jar to /tmp/spark-041bc452-1706-4f86-a2bc-e84c2eacfe19/userFiles-8063803a-907a-484e-9290-a8350f0c474c/fetchFileTemp7424231339406117317.tmp
[2024-04-25T12:43:53.300+0000] {docker.py:413} INFO - 24/04/25 12:43:53 INFO Utils: /tmp/spark-041bc452-1706-4f86-a2bc-e84c2eacfe19/userFiles-8063803a-907a-484e-9290-a8350f0c474c/fetchFileTemp7424231339406117317.tmp has been previously copied to /tmp/spark-041bc452-1706-4f86-a2bc-e84c2eacfe19/userFiles-8063803a-907a-484e-9290-a8350f0c474c/org.apache.spark_spark-sql-kafka-0-10_2.12-3.5.0.jar
[2024-04-25T12:43:53.306+0000] {docker.py:413} INFO - 24/04/25 12:43:53 INFO Executor: Adding file:/tmp/spark-041bc452-1706-4f86-a2bc-e84c2eacfe19/userFiles-8063803a-907a-484e-9290-a8350f0c474c/org.apache.spark_spark-sql-kafka-0-10_2.12-3.5.0.jar to class loader default
[2024-04-25T12:43:53.307+0000] {docker.py:413} INFO - 24/04/25 12:43:53 INFO Executor: Fetching spark://localhost:35037/jars/commons-logging_commons-logging-1.1.3.jar with timestamp 1714049029976
[2024-04-25T12:43:53.310+0000] {docker.py:413} INFO - 24/04/25 12:43:53 INFO Utils: Fetching spark://localhost:35037/jars/commons-logging_commons-logging-1.1.3.jar to /tmp/spark-041bc452-1706-4f86-a2bc-e84c2eacfe19/userFiles-8063803a-907a-484e-9290-a8350f0c474c/fetchFileTemp4775148979513469477.tmp
[2024-04-25T12:43:53.311+0000] {docker.py:413} INFO - 24/04/25 12:43:53 INFO Utils: /tmp/spark-041bc452-1706-4f86-a2bc-e84c2eacfe19/userFiles-8063803a-907a-484e-9290-a8350f0c474c/fetchFileTemp4775148979513469477.tmp has been previously copied to /tmp/spark-041bc452-1706-4f86-a2bc-e84c2eacfe19/userFiles-8063803a-907a-484e-9290-a8350f0c474c/commons-logging_commons-logging-1.1.3.jar
[2024-04-25T12:43:53.320+0000] {docker.py:413} INFO - 24/04/25 12:43:53 INFO Executor: Adding file:/tmp/spark-041bc452-1706-4f86-a2bc-e84c2eacfe19/userFiles-8063803a-907a-484e-9290-a8350f0c474c/commons-logging_commons-logging-1.1.3.jar to class loader default
24/04/25 12:43:53 INFO Executor: Fetching spark://localhost:35037/jars/org.apache.kafka_kafka-clients-3.4.1.jar with timestamp 1714049029976
[2024-04-25T12:43:53.320+0000] {docker.py:413} INFO - 24/04/25 12:43:53 INFO Utils: Fetching spark://localhost:35037/jars/org.apache.kafka_kafka-clients-3.4.1.jar to /tmp/spark-041bc452-1706-4f86-a2bc-e84c2eacfe19/userFiles-8063803a-907a-484e-9290-a8350f0c474c/fetchFileTemp10783906625131851147.tmp
[2024-04-25T12:43:53.358+0000] {docker.py:413} INFO - 24/04/25 12:43:53 INFO Utils: /tmp/spark-041bc452-1706-4f86-a2bc-e84c2eacfe19/userFiles-8063803a-907a-484e-9290-a8350f0c474c/fetchFileTemp10783906625131851147.tmp has been previously copied to /tmp/spark-041bc452-1706-4f86-a2bc-e84c2eacfe19/userFiles-8063803a-907a-484e-9290-a8350f0c474c/org.apache.kafka_kafka-clients-3.4.1.jar
[2024-04-25T12:43:53.374+0000] {docker.py:413} INFO - 24/04/25 12:43:53 INFO Executor: Adding file:/tmp/spark-041bc452-1706-4f86-a2bc-e84c2eacfe19/userFiles-8063803a-907a-484e-9290-a8350f0c474c/org.apache.kafka_kafka-clients-3.4.1.jar to class loader default
[2024-04-25T12:43:53.375+0000] {docker.py:413} INFO - 24/04/25 12:43:53 INFO Executor: Fetching spark://localhost:35037/jars/org.checkerframework_checker-qual-3.5.0.jar with timestamp 1714049029976
[2024-04-25T12:43:53.375+0000] {docker.py:413} INFO - 24/04/25 12:43:53 INFO Utils: Fetching spark://localhost:35037/jars/org.checkerframework_checker-qual-3.5.0.jar to /tmp/spark-041bc452-1706-4f86-a2bc-e84c2eacfe19/userFiles-8063803a-907a-484e-9290-a8350f0c474c/fetchFileTemp92386419617098.tmp
[2024-04-25T12:43:53.509+0000] {docker.py:413} INFO - 24/04/25 12:43:53 INFO Utils: /tmp/spark-041bc452-1706-4f86-a2bc-e84c2eacfe19/userFiles-8063803a-907a-484e-9290-a8350f0c474c/fetchFileTemp92386419617098.tmp has been previously copied to /tmp/spark-041bc452-1706-4f86-a2bc-e84c2eacfe19/userFiles-8063803a-907a-484e-9290-a8350f0c474c/org.checkerframework_checker-qual-3.5.0.jar
[2024-04-25T12:43:53.520+0000] {docker.py:413} INFO - 24/04/25 12:43:53 INFO Executor: Adding file:/tmp/spark-041bc452-1706-4f86-a2bc-e84c2eacfe19/userFiles-8063803a-907a-484e-9290-a8350f0c474c/org.checkerframework_checker-qual-3.5.0.jar to class loader default
[2024-04-25T12:43:53.520+0000] {docker.py:413} INFO - 24/04/25 12:43:53 INFO Executor: Fetching spark://localhost:35037/jars/org.postgresql_postgresql-42.5.4.jar with timestamp 1714049029976
[2024-04-25T12:43:53.521+0000] {docker.py:413} INFO - 24/04/25 12:43:53 INFO Utils: Fetching spark://localhost:35037/jars/org.postgresql_postgresql-42.5.4.jar to /tmp/spark-041bc452-1706-4f86-a2bc-e84c2eacfe19/userFiles-8063803a-907a-484e-9290-a8350f0c474c/fetchFileTemp13548067032009594746.tmp
[2024-04-25T12:43:53.654+0000] {docker.py:413} INFO - 24/04/25 12:43:53 INFO Utils: /tmp/spark-041bc452-1706-4f86-a2bc-e84c2eacfe19/userFiles-8063803a-907a-484e-9290-a8350f0c474c/fetchFileTemp13548067032009594746.tmp has been previously copied to /tmp/spark-041bc452-1706-4f86-a2bc-e84c2eacfe19/userFiles-8063803a-907a-484e-9290-a8350f0c474c/org.postgresql_postgresql-42.5.4.jar
[2024-04-25T12:43:53.664+0000] {docker.py:413} INFO - 24/04/25 12:43:53 INFO Executor: Adding file:/tmp/spark-041bc452-1706-4f86-a2bc-e84c2eacfe19/userFiles-8063803a-907a-484e-9290-a8350f0c474c/org.postgresql_postgresql-42.5.4.jar to class loader default
[2024-04-25T12:43:53.665+0000] {docker.py:413} INFO - 24/04/25 12:43:53 INFO Executor: Fetching spark://localhost:35037/jars/org.apache.commons_commons-pool2-2.11.1.jar with timestamp 1714049029976
[2024-04-25T12:43:53.665+0000] {docker.py:413} INFO - 24/04/25 12:43:53 INFO Utils: Fetching spark://localhost:35037/jars/org.apache.commons_commons-pool2-2.11.1.jar to /tmp/spark-041bc452-1706-4f86-a2bc-e84c2eacfe19/userFiles-8063803a-907a-484e-9290-a8350f0c474c/fetchFileTemp5799515921160638719.tmp
[2024-04-25T12:43:53.797+0000] {docker.py:413} INFO - 24/04/25 12:43:53 INFO Utils: /tmp/spark-041bc452-1706-4f86-a2bc-e84c2eacfe19/userFiles-8063803a-907a-484e-9290-a8350f0c474c/fetchFileTemp5799515921160638719.tmp has been previously copied to /tmp/spark-041bc452-1706-4f86-a2bc-e84c2eacfe19/userFiles-8063803a-907a-484e-9290-a8350f0c474c/org.apache.commons_commons-pool2-2.11.1.jar
[2024-04-25T12:43:53.894+0000] {docker.py:413} INFO - 24/04/25 12:43:53 INFO Executor: Adding file:/tmp/spark-041bc452-1706-4f86-a2bc-e84c2eacfe19/userFiles-8063803a-907a-484e-9290-a8350f0c474c/org.apache.commons_commons-pool2-2.11.1.jar to class loader default
[2024-04-25T12:43:53.895+0000] {docker.py:413} INFO - 24/04/25 12:43:53 INFO Executor: Fetching spark://localhost:35037/jars/org.apache.spark_spark-token-provider-kafka-0-10_2.12-3.5.0.jar with timestamp 1714049029976
[2024-04-25T12:43:53.896+0000] {docker.py:413} INFO - 24/04/25 12:43:53 INFO Utils: Fetching spark://localhost:35037/jars/org.apache.spark_spark-token-provider-kafka-0-10_2.12-3.5.0.jar to /tmp/spark-041bc452-1706-4f86-a2bc-e84c2eacfe19/userFiles-8063803a-907a-484e-9290-a8350f0c474c/fetchFileTemp7180642769044987270.tmp
[2024-04-25T12:43:53.898+0000] {docker.py:413} INFO - 24/04/25 12:43:53 INFO Utils: /tmp/spark-041bc452-1706-4f86-a2bc-e84c2eacfe19/userFiles-8063803a-907a-484e-9290-a8350f0c474c/fetchFileTemp7180642769044987270.tmp has been previously copied to /tmp/spark-041bc452-1706-4f86-a2bc-e84c2eacfe19/userFiles-8063803a-907a-484e-9290-a8350f0c474c/org.apache.spark_spark-token-provider-kafka-0-10_2.12-3.5.0.jar
[2024-04-25T12:43:53.914+0000] {docker.py:413} INFO - 24/04/25 12:43:53 INFO Executor: Adding file:/tmp/spark-041bc452-1706-4f86-a2bc-e84c2eacfe19/userFiles-8063803a-907a-484e-9290-a8350f0c474c/org.apache.spark_spark-token-provider-kafka-0-10_2.12-3.5.0.jar to class loader default
[2024-04-25T12:43:53.914+0000] {docker.py:413} INFO - 24/04/25 12:43:53 INFO Executor: Fetching spark://localhost:35037/jars/org.xerial.snappy_snappy-java-1.1.10.3.jar with timestamp 1714049029976
[2024-04-25T12:43:53.915+0000] {docker.py:413} INFO - 24/04/25 12:43:53 INFO Utils: Fetching spark://localhost:35037/jars/org.xerial.snappy_snappy-java-1.1.10.3.jar to /tmp/spark-041bc452-1706-4f86-a2bc-e84c2eacfe19/userFiles-8063803a-907a-484e-9290-a8350f0c474c/fetchFileTemp7902822675550855047.tmp
[2024-04-25T12:43:53.931+0000] {docker.py:413} INFO - 24/04/25 12:43:53 INFO Utils: /tmp/spark-041bc452-1706-4f86-a2bc-e84c2eacfe19/userFiles-8063803a-907a-484e-9290-a8350f0c474c/fetchFileTemp7902822675550855047.tmp has been previously copied to /tmp/spark-041bc452-1706-4f86-a2bc-e84c2eacfe19/userFiles-8063803a-907a-484e-9290-a8350f0c474c/org.xerial.snappy_snappy-java-1.1.10.3.jar
[2024-04-25T12:43:53.937+0000] {docker.py:413} INFO - 24/04/25 12:43:53 INFO Executor: Adding file:/tmp/spark-041bc452-1706-4f86-a2bc-e84c2eacfe19/userFiles-8063803a-907a-484e-9290-a8350f0c474c/org.xerial.snappy_snappy-java-1.1.10.3.jar to class loader default
[2024-04-25T12:43:53.938+0000] {docker.py:413} INFO - 24/04/25 12:43:53 INFO Executor: Fetching spark://localhost:35037/jars/org.slf4j_slf4j-api-2.0.7.jar with timestamp 1714049029976
[2024-04-25T12:43:53.939+0000] {docker.py:413} INFO - 24/04/25 12:43:53 INFO Utils: Fetching spark://localhost:35037/jars/org.slf4j_slf4j-api-2.0.7.jar to /tmp/spark-041bc452-1706-4f86-a2bc-e84c2eacfe19/userFiles-8063803a-907a-484e-9290-a8350f0c474c/fetchFileTemp3709514426024458261.tmp
[2024-04-25T12:43:53.941+0000] {docker.py:413} INFO - 24/04/25 12:43:53 INFO Utils: /tmp/spark-041bc452-1706-4f86-a2bc-e84c2eacfe19/userFiles-8063803a-907a-484e-9290-a8350f0c474c/fetchFileTemp3709514426024458261.tmp has been previously copied to /tmp/spark-041bc452-1706-4f86-a2bc-e84c2eacfe19/userFiles-8063803a-907a-484e-9290-a8350f0c474c/org.slf4j_slf4j-api-2.0.7.jar
[2024-04-25T12:43:53.950+0000] {docker.py:413} INFO - 24/04/25 12:43:53 INFO Executor: Adding file:/tmp/spark-041bc452-1706-4f86-a2bc-e84c2eacfe19/userFiles-8063803a-907a-484e-9290-a8350f0c474c/org.slf4j_slf4j-api-2.0.7.jar to class loader default
24/04/25 12:43:53 INFO Executor: Fetching spark://localhost:35037/jars/org.apache.hadoop_hadoop-client-runtime-3.3.4.jar with timestamp 1714049029976
[2024-04-25T12:43:53.951+0000] {docker.py:413} INFO - 24/04/25 12:43:53 INFO Utils: Fetching spark://localhost:35037/jars/org.apache.hadoop_hadoop-client-runtime-3.3.4.jar to /tmp/spark-041bc452-1706-4f86-a2bc-e84c2eacfe19/userFiles-8063803a-907a-484e-9290-a8350f0c474c/fetchFileTemp18216606670479000706.tmp
[2024-04-25T12:43:54.357+0000] {docker.py:413} INFO - 24/04/25 12:43:54 INFO Utils: /tmp/spark-041bc452-1706-4f86-a2bc-e84c2eacfe19/userFiles-8063803a-907a-484e-9290-a8350f0c474c/fetchFileTemp18216606670479000706.tmp has been previously copied to /tmp/spark-041bc452-1706-4f86-a2bc-e84c2eacfe19/userFiles-8063803a-907a-484e-9290-a8350f0c474c/org.apache.hadoop_hadoop-client-runtime-3.3.4.jar
[2024-04-25T12:43:54.369+0000] {docker.py:413} INFO - 24/04/25 12:43:54 INFO Executor: Adding file:/tmp/spark-041bc452-1706-4f86-a2bc-e84c2eacfe19/userFiles-8063803a-907a-484e-9290-a8350f0c474c/org.apache.hadoop_hadoop-client-runtime-3.3.4.jar to class loader default
[2024-04-25T12:43:54.370+0000] {docker.py:413} INFO - 24/04/25 12:43:54 INFO Executor: Fetching spark://localhost:35037/jars/com.google.code.findbugs_jsr305-3.0.0.jar with timestamp 1714049029976
[2024-04-25T12:43:54.370+0000] {docker.py:413} INFO - 24/04/25 12:43:54 INFO Utils: Fetching spark://localhost:35037/jars/com.google.code.findbugs_jsr305-3.0.0.jar to /tmp/spark-041bc452-1706-4f86-a2bc-e84c2eacfe19/userFiles-8063803a-907a-484e-9290-a8350f0c474c/fetchFileTemp12259387883395526566.tmp
[2024-04-25T12:43:54.372+0000] {docker.py:413} INFO - 24/04/25 12:43:54 INFO Utils: /tmp/spark-041bc452-1706-4f86-a2bc-e84c2eacfe19/userFiles-8063803a-907a-484e-9290-a8350f0c474c/fetchFileTemp12259387883395526566.tmp has been previously copied to /tmp/spark-041bc452-1706-4f86-a2bc-e84c2eacfe19/userFiles-8063803a-907a-484e-9290-a8350f0c474c/com.google.code.findbugs_jsr305-3.0.0.jar
[2024-04-25T12:43:54.379+0000] {docker.py:413} INFO - 24/04/25 12:43:54 INFO Executor: Adding file:/tmp/spark-041bc452-1706-4f86-a2bc-e84c2eacfe19/userFiles-8063803a-907a-484e-9290-a8350f0c474c/com.google.code.findbugs_jsr305-3.0.0.jar to class loader default
[2024-04-25T12:43:54.396+0000] {docker.py:413} INFO - 24/04/25 12:43:54 INFO Utils: Successfully started service 'org.apache.spark.network.netty.NettyBlockTransferService' on port 34235.
[2024-04-25T12:43:54.397+0000] {docker.py:413} INFO - 24/04/25 12:43:54 INFO NettyBlockTransferService: Server created on localhost:34235
[2024-04-25T12:43:54.400+0000] {docker.py:413} INFO - 24/04/25 12:43:54 INFO BlockManager: Using org.apache.spark.storage.RandomBlockReplicationPolicy for block replication policy
[2024-04-25T12:43:54.411+0000] {docker.py:413} INFO - 24/04/25 12:43:54 INFO BlockManagerMaster: Registering BlockManager BlockManagerId(driver, localhost, 34235, None)
[2024-04-25T12:43:54.419+0000] {docker.py:413} INFO - 24/04/25 12:43:54 INFO BlockManagerMasterEndpoint: Registering block manager localhost:34235 with 434.4 MiB RAM, BlockManagerId(driver, localhost, 34235, None)
[2024-04-25T12:43:54.423+0000] {docker.py:413} INFO - 24/04/25 12:43:54 INFO BlockManagerMaster: Registered BlockManager BlockManagerId(driver, localhost, 34235, None)
[2024-04-25T12:43:54.425+0000] {docker.py:413} INFO - 24/04/25 12:43:54 INFO BlockManager: Initialized BlockManager: BlockManagerId(driver, localhost, 34235, None)
[2024-04-25T12:43:55.155+0000] {docker.py:413} INFO - 2024-04-25 12:43:55,154:create_spark_session:INFO:Spark session created successfully
[2024-04-25T12:43:55.175+0000] {docker.py:413} INFO - 24/04/25 12:43:55 INFO SharedState: Setting hive.metastore.warehouse.dir ('null') to the value of spark.sql.warehouse.dir.
[2024-04-25T12:43:55.179+0000] {docker.py:413} INFO - 24/04/25 12:43:55 INFO SharedState: Warehouse path is 'file:/opt/bitnami/spark/spark-warehouse'.
[2024-04-25T12:43:58.110+0000] {docker.py:413} INFO - 2024-04-25 12:43:58,109:create_initial_dataframe:INFO:Initial dataframe created successfully
[2024-04-25T12:43:59.447+0000] {docker.py:413} INFO - Traceback (most recent call last):
  File "/opt/bitnami/spark/spark_streaming.py", line 103, in <module>
[2024-04-25T12:43:59.448+0000] {docker.py:413} INFO - write_to_postgres()
[2024-04-25T12:43:59.448+0000] {docker.py:413} INFO - File "/opt/bitnami/spark/spark_streaming.py", line 99, in write_to_postgres
[2024-04-25T12:43:59.449+0000] {docker.py:413} INFO - start_streaming(df_final, spark=spark)
[2024-04-25T12:43:59.449+0000] {docker.py:413} INFO - File "/opt/bitnami/spark/spark_streaming.py", line 73, in start_streaming
[2024-04-25T12:43:59.449+0000] {docker.py:413} INFO - existing_data_df = spark.read.jdbc(
                       ^^^^^^^^^^^^^^^^
[2024-04-25T12:43:59.449+0000] {docker.py:413} INFO - File "/opt/bitnami/spark/python/lib/pyspark.zip/pyspark/sql/readwriter.py", line 946, in jdbc
[2024-04-25T12:43:59.450+0000] {docker.py:413} INFO - File "/opt/bitnami/spark/python/lib/py4j-0.10.9.7-src.zip/py4j/java_gateway.py", line 1322, in __call__
[2024-04-25T12:43:59.450+0000] {docker.py:413} INFO - File "/opt/bitnami/spark/python/lib/pyspark.zip/pyspark/errors/exceptions/captured.py", line 179, in deco
[2024-04-25T12:43:59.451+0000] {docker.py:413} INFO - File "/opt/bitnami/spark/python/lib/py4j-0.10.9.7-src.zip/py4j/protocol.py", line 326, in get_return_value
[2024-04-25T12:43:59.451+0000] {docker.py:413} INFO - py4j.protocol.Py4JJavaError
[2024-04-25T12:43:59.452+0000] {docker.py:413} INFO - :
[2024-04-25T12:43:59.453+0000] {docker.py:413} INFO - An error occurred while calling o50.jdbc.
: org.postgresql.util.PSQLException: The connection attempt failed.
	at org.postgresql.core.v3.ConnectionFactoryImpl.openConnectionImpl(ConnectionFactoryImpl.java:354)
	at org.postgresql.core.ConnectionFactory.openConnection(ConnectionFactory.java:54)
	at org.postgresql.jdbc.PgConnection.<init>(PgConnection.java:253)
	at org.postgresql.Driver.makeConnection(Driver.java:434)
	at org.postgresql.Driver.connect(Driver.java:291)
	at org.apache.spark.sql.execution.datasources.jdbc.connection.BasicConnectionProvider.getConnection(BasicConnectionProvider.scala:49)
	at org.apache.spark.sql.execution.datasources.jdbc.connection.ConnectionProviderBase.create(ConnectionProvider.scala:102)
	at org.apache.spark.sql.jdbc.JdbcDialect.$anonfun$createConnectionFactory$1(JdbcDialects.scala:160)
	at org.apache.spark.sql.jdbc.JdbcDialect.$anonfun$createConnectionFactory$1$adapted(JdbcDialects.scala:156)
	at org.apache.spark.sql.execution.datasources.jdbc.JDBCRDD$.getQueryOutputSchema(JDBCRDD.scala:63)
	at org.apache.spark.sql.execution.datasources.jdbc.JDBCRDD$.resolveTable(JDBCRDD.scala:58)
	at org.apache.spark.sql.execution.datasources.jdbc.JDBCRelation$.getSchema(JDBCRelation.scala:241)
	at org.apache.spark.sql.execution.datasources.jdbc.JdbcRelationProvider.createRelation(JdbcRelationProvider.scala:37)
	at org.apache.spark.sql.execution.datasources.DataSource.resolveRelation(DataSource.scala:346)
	at org.apache.spark.sql.DataFrameReader.loadV1Source(DataFrameReader.scala:229)
	at org.apache.spark.sql.DataFrameReader.$anonfun$load$2(DataFrameReader.scala:211)
	at scala.Option.getOrElse(Option.scala:189)
	at org.apache.spark.sql.DataFrameReader.load(DataFrameReader.scala:211)
	at org.apache.spark.sql.DataFrameReader.load(DataFrameReader.scala:172)
	at org.apache.spark.sql.DataFrameReader.jdbc(DataFrameReader.scala:249)
	at java.base/jdk.internal.reflect.NativeMethodAccessorImpl.invoke0(Native Method)
	at java.base/jdk.internal.reflect.NativeMethodAccessorImpl.invoke(NativeMethodAccessorImpl.java:77)
	at java.base/jdk.internal.reflect.DelegatingMethodAccessorImpl.invoke(DelegatingMethodAccessorImpl.java:43)
	at java.base/java.lang.reflect.Method.invoke(Method.java:568)
	at py4j.reflection.MethodInvoker.invoke(MethodInvoker.java:244)
	at py4j.reflection.ReflectionEngine.invoke(ReflectionEngine.java:374)
	at py4j.Gateway.invoke(Gateway.java:282)
	at py4j.commands.AbstractCommand.invokeMethod(AbstractCommand.java:132)
	at py4j.commands.CallCommand.execute(CallCommand.java:79)
	at py4j.ClientServerConnection.waitForCommands(ClientServerConnection.java:182)
	at py4j.ClientServerConnection.run(ClientServerConnection.java:106)
	at java.base/java.lang.Thread.run(Thread.java:840)
Caused by: java.net.UnknownHostException: host.docker.internal
	at java.base/sun.nio.ch.NioSocketImpl.connect(NioSocketImpl.java:572)
	at java.base/java.net.SocksSocketImpl.connect(SocksSocketImpl.java:327)
	at java.base/java.net.Socket.connect(Socket.java:633)
	at org.postgresql.core.PGStream.createSocket(PGStream.java:243)
	at org.postgresql.core.PGStream.<init>(PGStream.java:98)
	at org.postgresql.core.v3.ConnectionFactoryImpl.tryConnect(ConnectionFactoryImpl.java:132)
	at org.postgresql.core.v3.ConnectionFactoryImpl.openConnectionImpl(ConnectionFactoryImpl.java:258)
	... 31 more

2024-04-25 12:43:59,452:close:INFO:Closing down clientserver connection
[2024-04-25T12:43:59.512+0000] {docker.py:413} INFO - 24/04/25 12:43:59 INFO SparkContext: Invoking stop() from shutdown hook
[2024-04-25T12:43:59.513+0000] {docker.py:413} INFO - 24/04/25 12:43:59 INFO SparkContext: SparkContext is stopping with exitCode 0.
[2024-04-25T12:43:59.531+0000] {docker.py:413} INFO - 24/04/25 12:43:59 INFO SparkUI: Stopped Spark web UI at http://localhost:4040
[2024-04-25T12:43:59.552+0000] {docker.py:413} INFO - 24/04/25 12:43:59 INFO MapOutputTrackerMasterEndpoint: MapOutputTrackerMasterEndpoint stopped!
[2024-04-25T12:43:59.572+0000] {docker.py:413} INFO - 24/04/25 12:43:59 INFO MemoryStore: MemoryStore cleared
[2024-04-25T12:43:59.573+0000] {docker.py:413} INFO - 24/04/25 12:43:59 INFO BlockManager: BlockManager stopped
[2024-04-25T12:43:59.583+0000] {docker.py:413} INFO - 24/04/25 12:43:59 INFO BlockManagerMaster: BlockManagerMaster stopped
[2024-04-25T12:43:59.588+0000] {docker.py:413} INFO - 24/04/25 12:43:59 INFO OutputCommitCoordinator$OutputCommitCoordinatorEndpoint: OutputCommitCoordinator stopped!
[2024-04-25T12:43:59.620+0000] {docker.py:413} INFO - 24/04/25 12:43:59 INFO SparkContext: Successfully stopped SparkContext
[2024-04-25T12:43:59.621+0000] {docker.py:413} INFO - 24/04/25 12:43:59 INFO ShutdownHookManager: Shutdown hook called
[2024-04-25T12:43:59.622+0000] {docker.py:413} INFO - 24/04/25 12:43:59 INFO ShutdownHookManager: Deleting directory /tmp/spark-36b95659-4726-42bd-b1bc-b31c48d0ff2b
[2024-04-25T12:43:59.627+0000] {docker.py:413} INFO - 24/04/25 12:43:59 INFO ShutdownHookManager: Deleting directory /tmp/spark-041bc452-1706-4f86-a2bc-e84c2eacfe19
[2024-04-25T12:43:59.634+0000] {docker.py:413} INFO - 24/04/25 12:43:59 INFO ShutdownHookManager: Deleting directory /tmp/spark-041bc452-1706-4f86-a2bc-e84c2eacfe19/pyspark-6173c9e2-9e7f-4ba2-bdd9-a49d869f4f27
[2024-04-25T12:44:00.018+0000] {taskinstance.py:1937} ERROR - Task failed with exception
Traceback (most recent call last):
  File "/home/airflow/.local/lib/python3.8/site-packages/docker/api/client.py", line 268, in _raise_for_status
    response.raise_for_status()
  File "/home/airflow/.local/lib/python3.8/site-packages/requests/models.py", line 1021, in raise_for_status
    raise HTTPError(http_error_msg, response=self)
requests.exceptions.HTTPError: 400 Client Error: Bad Request for url: http://docker-proxy:2375/v1.45/containers/create

The above exception was the direct cause of the following exception:

Traceback (most recent call last):
  File "/home/airflow/.local/lib/python3.8/site-packages/airflow/providers/docker/operators/docker.py", line 348, in _run_image
    return self._run_image_with_mounts([*self.mounts, tmp_mount], add_tmp_variable=True)
  File "/home/airflow/.local/lib/python3.8/site-packages/airflow/providers/docker/operators/docker.py", line 375, in _run_image_with_mounts
    self.container = self.cli.create_container(
  File "/home/airflow/.local/lib/python3.8/site-packages/docker/api/container.py", line 431, in create_container
    return self.create_container_from_config(config, name, platform)
  File "/home/airflow/.local/lib/python3.8/site-packages/docker/api/container.py", line 448, in create_container_from_config
    return self._result(res, True)
  File "/home/airflow/.local/lib/python3.8/site-packages/docker/api/client.py", line 274, in _result
    self._raise_for_status(response)
  File "/home/airflow/.local/lib/python3.8/site-packages/docker/api/client.py", line 270, in _raise_for_status
    raise create_api_error_from_http_exception(e) from e
  File "/home/airflow/.local/lib/python3.8/site-packages/docker/errors.py", line 39, in create_api_error_from_http_exception
    raise cls(e, response=response, explanation=explanation) from e
docker.errors.APIError: 400 Client Error for http://docker-proxy:2375/v1.45/containers/create: Bad Request ("invalid mount config for type "bind": bind source path does not exist: /tmp/airflowtmp8efqw8st")

During handling of the above exception, another exception occurred:

Traceback (most recent call last):
  File "/home/airflow/.local/lib/python3.8/site-packages/airflow/providers/docker/operators/docker.py", line 486, in execute
    return self._run_image()
  File "/home/airflow/.local/lib/python3.8/site-packages/airflow/providers/docker/operators/docker.py", line 357, in _run_image
    return self._run_image_with_mounts(self.mounts, add_tmp_variable=False)
  File "/home/airflow/.local/lib/python3.8/site-packages/airflow/providers/docker/operators/docker.py", line 421, in _run_image_with_mounts
    raise DockerContainerFailedException(f"Docker container failed: {result!r}", logs=log_lines)
airflow.providers.docker.exceptions.DockerContainerFailedException: Docker container failed: {'StatusCode': 1}
[2024-04-25T12:44:00.025+0000] {taskinstance.py:1400} INFO - Marking task as UP_FOR_RETRY. dag_id=kafka_spark_dag, task_id=pyspark_consumer, execution_date=20240425T124200, start_date=20240425T124330, end_date=20240425T124400
[2024-04-25T12:44:00.045+0000] {standard_task_runner.py:104} ERROR - Failed to execute job 4 for task pyspark_consumer (Docker container failed: {'StatusCode': 1}; 2851)
[2024-04-25T12:44:00.080+0000] {local_task_job_runner.py:228} INFO - Task exited with return code 1
[2024-04-25T12:44:00.102+0000] {taskinstance.py:2778} INFO - 0 downstream tasks scheduled from follow-on schedule check
