[2024-04-27T03:43:19.598+0000] {processor.py:157} INFO - Started process (PID=243) to work on /home/airflow/.local/lib/python3.8/site-packages/airflow/example_dags/example_params_trigger_ui.py
[2024-04-27T03:43:19.600+0000] {processor.py:829} INFO - Processing file /home/airflow/.local/lib/python3.8/site-packages/airflow/example_dags/example_params_trigger_ui.py for tasks to queue
[2024-04-27T03:43:19.601+0000] {logging_mixin.py:154} INFO - [2024-04-27T03:43:19.601+0000] {dagbag.py:536} INFO - Filling up the DagBag from /home/airflow/.local/lib/python3.8/site-packages/airflow/example_dags/example_params_trigger_ui.py
[2024-04-27T03:43:19.676+0000] {processor.py:839} INFO - DAG(s) dict_keys(['example_params_trigger_ui']) retrieved from /home/airflow/.local/lib/python3.8/site-packages/airflow/example_dags/example_params_trigger_ui.py
[2024-04-27T03:43:19.699+0000] {logging_mixin.py:154} INFO - [2024-04-27T03:43:19.699+0000] {dag.py:2941} INFO - Sync 1 DAGs
[2024-04-27T03:43:19.728+0000] {logging_mixin.py:154} INFO - [2024-04-27T03:43:19.727+0000] {dag.py:3722} INFO - Setting next_dagrun for example_params_trigger_ui to None, run_after=None
[2024-04-27T03:43:19.770+0000] {processor.py:179} INFO - Processing /home/airflow/.local/lib/python3.8/site-packages/airflow/example_dags/example_params_trigger_ui.py took 0.187 seconds
[2024-04-27T03:43:50.120+0000] {processor.py:157} INFO - Started process (PID=490) to work on /home/airflow/.local/lib/python3.8/site-packages/airflow/example_dags/example_params_trigger_ui.py
[2024-04-27T03:43:50.122+0000] {processor.py:829} INFO - Processing file /home/airflow/.local/lib/python3.8/site-packages/airflow/example_dags/example_params_trigger_ui.py for tasks to queue
[2024-04-27T03:43:50.123+0000] {logging_mixin.py:154} INFO - [2024-04-27T03:43:50.122+0000] {dagbag.py:536} INFO - Filling up the DagBag from /home/airflow/.local/lib/python3.8/site-packages/airflow/example_dags/example_params_trigger_ui.py
[2024-04-27T03:43:50.151+0000] {processor.py:839} INFO - DAG(s) dict_keys(['example_params_trigger_ui']) retrieved from /home/airflow/.local/lib/python3.8/site-packages/airflow/example_dags/example_params_trigger_ui.py
[2024-04-27T03:43:50.224+0000] {logging_mixin.py:154} INFO - [2024-04-27T03:43:50.224+0000] {dag.py:2941} INFO - Sync 1 DAGs
[2024-04-27T03:43:50.248+0000] {logging_mixin.py:154} INFO - [2024-04-27T03:43:50.248+0000] {dag.py:3722} INFO - Setting next_dagrun for example_params_trigger_ui to None, run_after=None
[2024-04-27T03:43:50.275+0000] {processor.py:179} INFO - Processing /home/airflow/.local/lib/python3.8/site-packages/airflow/example_dags/example_params_trigger_ui.py took 0.162 seconds
[2024-04-27T03:44:20.371+0000] {processor.py:157} INFO - Started process (PID=733) to work on /home/airflow/.local/lib/python3.8/site-packages/airflow/example_dags/example_params_trigger_ui.py
[2024-04-27T03:44:20.373+0000] {processor.py:829} INFO - Processing file /home/airflow/.local/lib/python3.8/site-packages/airflow/example_dags/example_params_trigger_ui.py for tasks to queue
[2024-04-27T03:44:20.374+0000] {logging_mixin.py:154} INFO - [2024-04-27T03:44:20.374+0000] {dagbag.py:536} INFO - Filling up the DagBag from /home/airflow/.local/lib/python3.8/site-packages/airflow/example_dags/example_params_trigger_ui.py
[2024-04-27T03:44:20.403+0000] {processor.py:839} INFO - DAG(s) dict_keys(['example_params_trigger_ui']) retrieved from /home/airflow/.local/lib/python3.8/site-packages/airflow/example_dags/example_params_trigger_ui.py
[2024-04-27T03:44:20.494+0000] {logging_mixin.py:154} INFO - [2024-04-27T03:44:20.494+0000] {dag.py:2941} INFO - Sync 1 DAGs
[2024-04-27T03:44:20.514+0000] {logging_mixin.py:154} INFO - [2024-04-27T03:44:20.514+0000] {dag.py:3722} INFO - Setting next_dagrun for example_params_trigger_ui to None, run_after=None
[2024-04-27T03:44:20.539+0000] {processor.py:179} INFO - Processing /home/airflow/.local/lib/python3.8/site-packages/airflow/example_dags/example_params_trigger_ui.py took 0.175 seconds
[2024-04-27T03:44:51.273+0000] {processor.py:157} INFO - Started process (PID=979) to work on /home/airflow/.local/lib/python3.8/site-packages/airflow/example_dags/example_params_trigger_ui.py
[2024-04-27T03:44:51.276+0000] {processor.py:829} INFO - Processing file /home/airflow/.local/lib/python3.8/site-packages/airflow/example_dags/example_params_trigger_ui.py for tasks to queue
[2024-04-27T03:44:51.278+0000] {logging_mixin.py:154} INFO - [2024-04-27T03:44:51.277+0000] {dagbag.py:536} INFO - Filling up the DagBag from /home/airflow/.local/lib/python3.8/site-packages/airflow/example_dags/example_params_trigger_ui.py
[2024-04-27T03:44:51.314+0000] {processor.py:839} INFO - DAG(s) dict_keys(['example_params_trigger_ui']) retrieved from /home/airflow/.local/lib/python3.8/site-packages/airflow/example_dags/example_params_trigger_ui.py
[2024-04-27T03:44:51.425+0000] {logging_mixin.py:154} INFO - [2024-04-27T03:44:51.425+0000] {dag.py:2941} INFO - Sync 1 DAGs
[2024-04-27T03:44:51.455+0000] {logging_mixin.py:154} INFO - [2024-04-27T03:44:51.454+0000] {dag.py:3722} INFO - Setting next_dagrun for example_params_trigger_ui to None, run_after=None
[2024-04-27T03:44:51.495+0000] {processor.py:179} INFO - Processing /home/airflow/.local/lib/python3.8/site-packages/airflow/example_dags/example_params_trigger_ui.py took 0.229 seconds
[2024-04-27T03:45:22.125+0000] {processor.py:157} INFO - Started process (PID=1222) to work on /home/airflow/.local/lib/python3.8/site-packages/airflow/example_dags/example_params_trigger_ui.py
[2024-04-27T03:45:22.135+0000] {processor.py:829} INFO - Processing file /home/airflow/.local/lib/python3.8/site-packages/airflow/example_dags/example_params_trigger_ui.py for tasks to queue
[2024-04-27T03:45:22.137+0000] {logging_mixin.py:154} INFO - [2024-04-27T03:45:22.136+0000] {dagbag.py:536} INFO - Filling up the DagBag from /home/airflow/.local/lib/python3.8/site-packages/airflow/example_dags/example_params_trigger_ui.py
[2024-04-27T03:45:22.191+0000] {processor.py:839} INFO - DAG(s) dict_keys(['example_params_trigger_ui']) retrieved from /home/airflow/.local/lib/python3.8/site-packages/airflow/example_dags/example_params_trigger_ui.py
[2024-04-27T03:45:22.314+0000] {logging_mixin.py:154} INFO - [2024-04-27T03:45:22.313+0000] {dag.py:2941} INFO - Sync 1 DAGs
[2024-04-27T03:45:22.341+0000] {logging_mixin.py:154} INFO - [2024-04-27T03:45:22.340+0000] {dag.py:3722} INFO - Setting next_dagrun for example_params_trigger_ui to None, run_after=None
[2024-04-27T03:45:22.377+0000] {processor.py:179} INFO - Processing /home/airflow/.local/lib/python3.8/site-packages/airflow/example_dags/example_params_trigger_ui.py took 0.263 seconds
[2024-04-27T03:45:52.974+0000] {processor.py:157} INFO - Started process (PID=1465) to work on /home/airflow/.local/lib/python3.8/site-packages/airflow/example_dags/example_params_trigger_ui.py
[2024-04-27T03:45:52.976+0000] {processor.py:829} INFO - Processing file /home/airflow/.local/lib/python3.8/site-packages/airflow/example_dags/example_params_trigger_ui.py for tasks to queue
[2024-04-27T03:45:52.978+0000] {logging_mixin.py:154} INFO - [2024-04-27T03:45:52.978+0000] {dagbag.py:536} INFO - Filling up the DagBag from /home/airflow/.local/lib/python3.8/site-packages/airflow/example_dags/example_params_trigger_ui.py
[2024-04-27T03:45:53.007+0000] {processor.py:839} INFO - DAG(s) dict_keys(['example_params_trigger_ui']) retrieved from /home/airflow/.local/lib/python3.8/site-packages/airflow/example_dags/example_params_trigger_ui.py
[2024-04-27T03:45:53.098+0000] {logging_mixin.py:154} INFO - [2024-04-27T03:45:53.097+0000] {dag.py:2941} INFO - Sync 1 DAGs
[2024-04-27T03:45:53.124+0000] {logging_mixin.py:154} INFO - [2024-04-27T03:45:53.124+0000] {dag.py:3722} INFO - Setting next_dagrun for example_params_trigger_ui to None, run_after=None
[2024-04-27T03:45:53.158+0000] {processor.py:179} INFO - Processing /home/airflow/.local/lib/python3.8/site-packages/airflow/example_dags/example_params_trigger_ui.py took 0.189 seconds
[2024-04-27T03:46:23.929+0000] {processor.py:157} INFO - Started process (PID=1708) to work on /home/airflow/.local/lib/python3.8/site-packages/airflow/example_dags/example_params_trigger_ui.py
[2024-04-27T03:46:23.936+0000] {processor.py:829} INFO - Processing file /home/airflow/.local/lib/python3.8/site-packages/airflow/example_dags/example_params_trigger_ui.py for tasks to queue
[2024-04-27T03:46:23.938+0000] {logging_mixin.py:154} INFO - [2024-04-27T03:46:23.937+0000] {dagbag.py:536} INFO - Filling up the DagBag from /home/airflow/.local/lib/python3.8/site-packages/airflow/example_dags/example_params_trigger_ui.py
[2024-04-27T03:46:23.964+0000] {processor.py:839} INFO - DAG(s) dict_keys(['example_params_trigger_ui']) retrieved from /home/airflow/.local/lib/python3.8/site-packages/airflow/example_dags/example_params_trigger_ui.py
[2024-04-27T03:46:24.042+0000] {logging_mixin.py:154} INFO - [2024-04-27T03:46:24.042+0000] {dag.py:2941} INFO - Sync 1 DAGs
[2024-04-27T03:46:24.062+0000] {logging_mixin.py:154} INFO - [2024-04-27T03:46:24.062+0000] {dag.py:3722} INFO - Setting next_dagrun for example_params_trigger_ui to None, run_after=None
[2024-04-27T03:46:24.095+0000] {processor.py:179} INFO - Processing /home/airflow/.local/lib/python3.8/site-packages/airflow/example_dags/example_params_trigger_ui.py took 0.172 seconds
[2024-04-27T03:46:54.636+0000] {processor.py:157} INFO - Started process (PID=1954) to work on /home/airflow/.local/lib/python3.8/site-packages/airflow/example_dags/example_params_trigger_ui.py
[2024-04-27T03:46:54.638+0000] {processor.py:829} INFO - Processing file /home/airflow/.local/lib/python3.8/site-packages/airflow/example_dags/example_params_trigger_ui.py for tasks to queue
[2024-04-27T03:46:54.639+0000] {logging_mixin.py:154} INFO - [2024-04-27T03:46:54.639+0000] {dagbag.py:536} INFO - Filling up the DagBag from /home/airflow/.local/lib/python3.8/site-packages/airflow/example_dags/example_params_trigger_ui.py
[2024-04-27T03:46:54.664+0000] {processor.py:839} INFO - DAG(s) dict_keys(['example_params_trigger_ui']) retrieved from /home/airflow/.local/lib/python3.8/site-packages/airflow/example_dags/example_params_trigger_ui.py
[2024-04-27T03:46:54.742+0000] {logging_mixin.py:154} INFO - [2024-04-27T03:46:54.741+0000] {dag.py:2941} INFO - Sync 1 DAGs
[2024-04-27T03:46:54.760+0000] {logging_mixin.py:154} INFO - [2024-04-27T03:46:54.760+0000] {dag.py:3722} INFO - Setting next_dagrun for example_params_trigger_ui to None, run_after=None
[2024-04-27T03:46:54.786+0000] {processor.py:179} INFO - Processing /home/airflow/.local/lib/python3.8/site-packages/airflow/example_dags/example_params_trigger_ui.py took 0.154 seconds
[2024-04-27T03:47:25.606+0000] {processor.py:157} INFO - Started process (PID=2195) to work on /home/airflow/.local/lib/python3.8/site-packages/airflow/example_dags/example_params_trigger_ui.py
[2024-04-27T03:47:25.608+0000] {processor.py:829} INFO - Processing file /home/airflow/.local/lib/python3.8/site-packages/airflow/example_dags/example_params_trigger_ui.py for tasks to queue
[2024-04-27T03:47:25.609+0000] {logging_mixin.py:154} INFO - [2024-04-27T03:47:25.609+0000] {dagbag.py:536} INFO - Filling up the DagBag from /home/airflow/.local/lib/python3.8/site-packages/airflow/example_dags/example_params_trigger_ui.py
[2024-04-27T03:47:25.633+0000] {processor.py:839} INFO - DAG(s) dict_keys(['example_params_trigger_ui']) retrieved from /home/airflow/.local/lib/python3.8/site-packages/airflow/example_dags/example_params_trigger_ui.py
[2024-04-27T03:47:25.704+0000] {logging_mixin.py:154} INFO - [2024-04-27T03:47:25.703+0000] {dag.py:2941} INFO - Sync 1 DAGs
[2024-04-27T03:47:25.722+0000] {logging_mixin.py:154} INFO - [2024-04-27T03:47:25.721+0000] {dag.py:3722} INFO - Setting next_dagrun for example_params_trigger_ui to None, run_after=None
[2024-04-27T03:47:25.751+0000] {processor.py:179} INFO - Processing /home/airflow/.local/lib/python3.8/site-packages/airflow/example_dags/example_params_trigger_ui.py took 0.150 seconds
