[2024-04-27T03:43:21.848+0000] {processor.py:157} INFO - Started process (PID=342) to work on /home/airflow/.local/lib/python3.8/site-packages/airflow/example_dags/example_task_group_decorator.py
[2024-04-27T03:43:21.850+0000] {processor.py:829} INFO - Processing file /home/airflow/.local/lib/python3.8/site-packages/airflow/example_dags/example_task_group_decorator.py for tasks to queue
[2024-04-27T03:43:21.851+0000] {logging_mixin.py:154} INFO - [2024-04-27T03:43:21.851+0000] {dagbag.py:536} INFO - Filling up the DagBag from /home/airflow/.local/lib/python3.8/site-packages/airflow/example_dags/example_task_group_decorator.py
[2024-04-27T03:43:21.884+0000] {processor.py:839} INFO - DAG(s) dict_keys(['example_task_group_decorator']) retrieved from /home/airflow/.local/lib/python3.8/site-packages/airflow/example_dags/example_task_group_decorator.py
[2024-04-27T03:43:21.907+0000] {logging_mixin.py:154} INFO - [2024-04-27T03:43:21.907+0000] {dag.py:2941} INFO - Sync 1 DAGs
[2024-04-27T03:43:21.958+0000] {logging_mixin.py:154} INFO - [2024-04-27T03:43:21.958+0000] {dag.py:3722} INFO - Setting next_dagrun for example_task_group_decorator to 2024-04-26T03:43:21.957893+00:00, run_after=2024-04-27T03:43:21.957893+00:00
[2024-04-27T03:43:21.996+0000] {processor.py:179} INFO - Processing /home/airflow/.local/lib/python3.8/site-packages/airflow/example_dags/example_task_group_decorator.py took 0.154 seconds
[2024-04-27T03:43:52.092+0000] {processor.py:157} INFO - Started process (PID=585) to work on /home/airflow/.local/lib/python3.8/site-packages/airflow/example_dags/example_task_group_decorator.py
[2024-04-27T03:43:52.098+0000] {processor.py:829} INFO - Processing file /home/airflow/.local/lib/python3.8/site-packages/airflow/example_dags/example_task_group_decorator.py for tasks to queue
[2024-04-27T03:43:52.099+0000] {logging_mixin.py:154} INFO - [2024-04-27T03:43:52.099+0000] {dagbag.py:536} INFO - Filling up the DagBag from /home/airflow/.local/lib/python3.8/site-packages/airflow/example_dags/example_task_group_decorator.py
[2024-04-27T03:43:52.133+0000] {processor.py:839} INFO - DAG(s) dict_keys(['example_task_group_decorator']) retrieved from /home/airflow/.local/lib/python3.8/site-packages/airflow/example_dags/example_task_group_decorator.py
[2024-04-27T03:43:52.167+0000] {logging_mixin.py:154} INFO - [2024-04-27T03:43:52.167+0000] {dag.py:2941} INFO - Sync 1 DAGs
[2024-04-27T03:43:52.195+0000] {logging_mixin.py:154} INFO - [2024-04-27T03:43:52.194+0000] {dag.py:3722} INFO - Setting next_dagrun for example_task_group_decorator to 2024-04-26T03:43:52.194635+00:00, run_after=2024-04-27T03:43:52.194635+00:00
[2024-04-27T03:43:52.220+0000] {processor.py:179} INFO - Processing /home/airflow/.local/lib/python3.8/site-packages/airflow/example_dags/example_task_group_decorator.py took 0.135 seconds
[2024-04-27T03:44:22.320+0000] {processor.py:157} INFO - Started process (PID=828) to work on /home/airflow/.local/lib/python3.8/site-packages/airflow/example_dags/example_task_group_decorator.py
[2024-04-27T03:44:22.322+0000] {processor.py:829} INFO - Processing file /home/airflow/.local/lib/python3.8/site-packages/airflow/example_dags/example_task_group_decorator.py for tasks to queue
[2024-04-27T03:44:22.324+0000] {logging_mixin.py:154} INFO - [2024-04-27T03:44:22.323+0000] {dagbag.py:536} INFO - Filling up the DagBag from /home/airflow/.local/lib/python3.8/site-packages/airflow/example_dags/example_task_group_decorator.py
[2024-04-27T03:44:22.353+0000] {processor.py:839} INFO - DAG(s) dict_keys(['example_task_group_decorator']) retrieved from /home/airflow/.local/lib/python3.8/site-packages/airflow/example_dags/example_task_group_decorator.py
[2024-04-27T03:44:22.386+0000] {logging_mixin.py:154} INFO - [2024-04-27T03:44:22.386+0000] {dag.py:2941} INFO - Sync 1 DAGs
[2024-04-27T03:44:22.416+0000] {logging_mixin.py:154} INFO - [2024-04-27T03:44:22.416+0000] {dag.py:3722} INFO - Setting next_dagrun for example_task_group_decorator to 2024-04-26T03:44:22.416161+00:00, run_after=2024-04-27T03:44:22.416161+00:00
[2024-04-27T03:44:22.449+0000] {processor.py:179} INFO - Processing /home/airflow/.local/lib/python3.8/site-packages/airflow/example_dags/example_task_group_decorator.py took 0.135 seconds
[2024-04-27T03:44:53.376+0000] {processor.py:157} INFO - Started process (PID=1074) to work on /home/airflow/.local/lib/python3.8/site-packages/airflow/example_dags/example_task_group_decorator.py
[2024-04-27T03:44:53.378+0000] {processor.py:829} INFO - Processing file /home/airflow/.local/lib/python3.8/site-packages/airflow/example_dags/example_task_group_decorator.py for tasks to queue
[2024-04-27T03:44:53.380+0000] {logging_mixin.py:154} INFO - [2024-04-27T03:44:53.379+0000] {dagbag.py:536} INFO - Filling up the DagBag from /home/airflow/.local/lib/python3.8/site-packages/airflow/example_dags/example_task_group_decorator.py
[2024-04-27T03:44:53.417+0000] {processor.py:839} INFO - DAG(s) dict_keys(['example_task_group_decorator']) retrieved from /home/airflow/.local/lib/python3.8/site-packages/airflow/example_dags/example_task_group_decorator.py
[2024-04-27T03:44:53.466+0000] {logging_mixin.py:154} INFO - [2024-04-27T03:44:53.466+0000] {dag.py:2941} INFO - Sync 1 DAGs
[2024-04-27T03:44:53.516+0000] {logging_mixin.py:154} INFO - [2024-04-27T03:44:53.516+0000] {dag.py:3722} INFO - Setting next_dagrun for example_task_group_decorator to 2024-04-26T03:44:53.515838+00:00, run_after=2024-04-27T03:44:53.515838+00:00
[2024-04-27T03:44:53.551+0000] {processor.py:179} INFO - Processing /home/airflow/.local/lib/python3.8/site-packages/airflow/example_dags/example_task_group_decorator.py took 0.183 seconds
[2024-04-27T03:45:24.346+0000] {processor.py:157} INFO - Started process (PID=1316) to work on /home/airflow/.local/lib/python3.8/site-packages/airflow/example_dags/example_task_group_decorator.py
[2024-04-27T03:45:24.350+0000] {processor.py:829} INFO - Processing file /home/airflow/.local/lib/python3.8/site-packages/airflow/example_dags/example_task_group_decorator.py for tasks to queue
[2024-04-27T03:45:24.352+0000] {logging_mixin.py:154} INFO - [2024-04-27T03:45:24.352+0000] {dagbag.py:536} INFO - Filling up the DagBag from /home/airflow/.local/lib/python3.8/site-packages/airflow/example_dags/example_task_group_decorator.py
[2024-04-27T03:45:24.396+0000] {processor.py:839} INFO - DAG(s) dict_keys(['example_task_group_decorator']) retrieved from /home/airflow/.local/lib/python3.8/site-packages/airflow/example_dags/example_task_group_decorator.py
[2024-04-27T03:45:24.475+0000] {logging_mixin.py:154} INFO - [2024-04-27T03:45:24.474+0000] {dag.py:2941} INFO - Sync 1 DAGs
[2024-04-27T03:45:24.524+0000] {logging_mixin.py:154} INFO - [2024-04-27T03:45:24.524+0000] {dag.py:3722} INFO - Setting next_dagrun for example_task_group_decorator to 2024-04-26T03:45:24.523828+00:00, run_after=2024-04-27T03:45:24.523828+00:00
[2024-04-27T03:45:24.585+0000] {processor.py:179} INFO - Processing /home/airflow/.local/lib/python3.8/site-packages/airflow/example_dags/example_task_group_decorator.py took 0.250 seconds
[2024-04-27T03:45:54.698+0000] {processor.py:157} INFO - Started process (PID=1560) to work on /home/airflow/.local/lib/python3.8/site-packages/airflow/example_dags/example_task_group_decorator.py
[2024-04-27T03:45:54.700+0000] {processor.py:829} INFO - Processing file /home/airflow/.local/lib/python3.8/site-packages/airflow/example_dags/example_task_group_decorator.py for tasks to queue
[2024-04-27T03:45:54.702+0000] {logging_mixin.py:154} INFO - [2024-04-27T03:45:54.701+0000] {dagbag.py:536} INFO - Filling up the DagBag from /home/airflow/.local/lib/python3.8/site-packages/airflow/example_dags/example_task_group_decorator.py
[2024-04-27T03:45:54.724+0000] {processor.py:839} INFO - DAG(s) dict_keys(['example_task_group_decorator']) retrieved from /home/airflow/.local/lib/python3.8/site-packages/airflow/example_dags/example_task_group_decorator.py
[2024-04-27T03:45:54.772+0000] {logging_mixin.py:154} INFO - [2024-04-27T03:45:54.772+0000] {dag.py:2941} INFO - Sync 1 DAGs
[2024-04-27T03:45:54.807+0000] {logging_mixin.py:154} INFO - [2024-04-27T03:45:54.806+0000] {dag.py:3722} INFO - Setting next_dagrun for example_task_group_decorator to 2024-04-26T03:45:54.806523+00:00, run_after=2024-04-27T03:45:54.806523+00:00
[2024-04-27T03:45:54.835+0000] {processor.py:179} INFO - Processing /home/airflow/.local/lib/python3.8/site-packages/airflow/example_dags/example_task_group_decorator.py took 0.144 seconds
[2024-04-27T03:46:25.582+0000] {processor.py:157} INFO - Started process (PID=1804) to work on /home/airflow/.local/lib/python3.8/site-packages/airflow/example_dags/example_task_group_decorator.py
[2024-04-27T03:46:25.584+0000] {processor.py:829} INFO - Processing file /home/airflow/.local/lib/python3.8/site-packages/airflow/example_dags/example_task_group_decorator.py for tasks to queue
[2024-04-27T03:46:25.586+0000] {logging_mixin.py:154} INFO - [2024-04-27T03:46:25.585+0000] {dagbag.py:536} INFO - Filling up the DagBag from /home/airflow/.local/lib/python3.8/site-packages/airflow/example_dags/example_task_group_decorator.py
[2024-04-27T03:46:25.606+0000] {processor.py:839} INFO - DAG(s) dict_keys(['example_task_group_decorator']) retrieved from /home/airflow/.local/lib/python3.8/site-packages/airflow/example_dags/example_task_group_decorator.py
[2024-04-27T03:46:25.651+0000] {logging_mixin.py:154} INFO - [2024-04-27T03:46:25.651+0000] {dag.py:2941} INFO - Sync 1 DAGs
[2024-04-27T03:46:25.694+0000] {logging_mixin.py:154} INFO - [2024-04-27T03:46:25.693+0000] {dag.py:3722} INFO - Setting next_dagrun for example_task_group_decorator to 2024-04-26T03:46:25.693496+00:00, run_after=2024-04-27T03:46:25.693496+00:00
[2024-04-27T03:46:25.726+0000] {processor.py:179} INFO - Processing /home/airflow/.local/lib/python3.8/site-packages/airflow/example_dags/example_task_group_decorator.py took 0.151 seconds
[2024-04-27T03:46:56.347+0000] {processor.py:157} INFO - Started process (PID=2047) to work on /home/airflow/.local/lib/python3.8/site-packages/airflow/example_dags/example_task_group_decorator.py
[2024-04-27T03:46:56.350+0000] {processor.py:829} INFO - Processing file /home/airflow/.local/lib/python3.8/site-packages/airflow/example_dags/example_task_group_decorator.py for tasks to queue
[2024-04-27T03:46:56.351+0000] {logging_mixin.py:154} INFO - [2024-04-27T03:46:56.351+0000] {dagbag.py:536} INFO - Filling up the DagBag from /home/airflow/.local/lib/python3.8/site-packages/airflow/example_dags/example_task_group_decorator.py
[2024-04-27T03:46:56.374+0000] {processor.py:839} INFO - DAG(s) dict_keys(['example_task_group_decorator']) retrieved from /home/airflow/.local/lib/python3.8/site-packages/airflow/example_dags/example_task_group_decorator.py
[2024-04-27T03:46:56.412+0000] {logging_mixin.py:154} INFO - [2024-04-27T03:46:56.412+0000] {dag.py:2941} INFO - Sync 1 DAGs
[2024-04-27T03:46:56.443+0000] {logging_mixin.py:154} INFO - [2024-04-27T03:46:56.443+0000] {dag.py:3722} INFO - Setting next_dagrun for example_task_group_decorator to 2024-04-26T03:46:56.443006+00:00, run_after=2024-04-27T03:46:56.443006+00:00
[2024-04-27T03:46:56.469+0000] {processor.py:179} INFO - Processing /home/airflow/.local/lib/python3.8/site-packages/airflow/example_dags/example_task_group_decorator.py took 0.130 seconds
[2024-04-27T03:47:27.376+0000] {processor.py:157} INFO - Started process (PID=2290) to work on /home/airflow/.local/lib/python3.8/site-packages/airflow/example_dags/example_task_group_decorator.py
[2024-04-27T03:47:27.378+0000] {processor.py:829} INFO - Processing file /home/airflow/.local/lib/python3.8/site-packages/airflow/example_dags/example_task_group_decorator.py for tasks to queue
[2024-04-27T03:47:27.379+0000] {logging_mixin.py:154} INFO - [2024-04-27T03:47:27.379+0000] {dagbag.py:536} INFO - Filling up the DagBag from /home/airflow/.local/lib/python3.8/site-packages/airflow/example_dags/example_task_group_decorator.py
[2024-04-27T03:47:27.407+0000] {processor.py:839} INFO - DAG(s) dict_keys(['example_task_group_decorator']) retrieved from /home/airflow/.local/lib/python3.8/site-packages/airflow/example_dags/example_task_group_decorator.py
[2024-04-27T03:47:27.450+0000] {logging_mixin.py:154} INFO - [2024-04-27T03:47:27.449+0000] {dag.py:2941} INFO - Sync 1 DAGs
[2024-04-27T03:47:27.487+0000] {logging_mixin.py:154} INFO - [2024-04-27T03:47:27.486+0000] {dag.py:3722} INFO - Setting next_dagrun for example_task_group_decorator to 2024-04-26T03:47:27.486296+00:00, run_after=2024-04-27T03:47:27.486296+00:00
[2024-04-27T03:47:27.521+0000] {processor.py:179} INFO - Processing /home/airflow/.local/lib/python3.8/site-packages/airflow/example_dags/example_task_group_decorator.py took 0.151 seconds
