[2024-04-27T03:43:19.085+0000] {processor.py:157} INFO - Started process (PID=218) to work on /home/airflow/.local/lib/python3.8/site-packages/airflow/example_dags/example_subdag_operator.py
[2024-04-27T03:43:19.086+0000] {processor.py:829} INFO - Processing file /home/airflow/.local/lib/python3.8/site-packages/airflow/example_dags/example_subdag_operator.py for tasks to queue
[2024-04-27T03:43:19.087+0000] {logging_mixin.py:154} INFO - [2024-04-27T03:43:19.087+0000] {dagbag.py:536} INFO - Filling up the DagBag from /home/airflow/.local/lib/python3.8/site-packages/airflow/example_dags/example_subdag_operator.py
[2024-04-27T03:43:19.132+0000] {processor.py:839} INFO - DAG(s) dict_keys(['example_subdag_operator.section-1', 'example_subdag_operator.section-2', 'example_subdag_operator']) retrieved from /home/airflow/.local/lib/python3.8/site-packages/airflow/example_dags/example_subdag_operator.py
[2024-04-27T03:43:19.137+0000] {logging_mixin.py:154} INFO - [2024-04-27T03:43:19.136+0000] {dag.py:2941} INFO - Sync 3 DAGs
[2024-04-27T03:43:19.177+0000] {logging_mixin.py:154} INFO - [2024-04-27T03:43:19.177+0000] {dag.py:3722} INFO - Setting next_dagrun for example_subdag_operator to 2022-01-01T00:00:00+00:00, run_after=2022-01-01T00:00:00+00:00
[2024-04-27T03:43:19.184+0000] {logging_mixin.py:154} INFO - [2024-04-27T03:43:19.184+0000] {dag.py:3722} INFO - Setting next_dagrun for example_subdag_operator.section-1 to None, run_after=None
[2024-04-27T03:43:19.187+0000] {logging_mixin.py:154} INFO - [2024-04-27T03:43:19.186+0000] {dag.py:3722} INFO - Setting next_dagrun for example_subdag_operator.section-2 to None, run_after=None
[2024-04-27T03:43:19.200+0000] {logging_mixin.py:154} INFO - [2024-04-27T03:43:19.199+0000] {dag.py:2941} INFO - Sync 2 DAGs
[2024-04-27T03:43:19.209+0000] {logging_mixin.py:154} INFO - [2024-04-27T03:43:19.208+0000] {dag.py:3722} INFO - Setting next_dagrun for example_subdag_operator.section-1 to None, run_after=None
[2024-04-27T03:43:19.209+0000] {logging_mixin.py:154} INFO - [2024-04-27T03:43:19.209+0000] {dag.py:3722} INFO - Setting next_dagrun for example_subdag_operator.section-2 to None, run_after=None
[2024-04-27T03:43:19.228+0000] {processor.py:179} INFO - Processing /home/airflow/.local/lib/python3.8/site-packages/airflow/example_dags/example_subdag_operator.py took 0.148 seconds
[2024-04-27T03:43:49.650+0000] {processor.py:157} INFO - Started process (PID=467) to work on /home/airflow/.local/lib/python3.8/site-packages/airflow/example_dags/example_subdag_operator.py
[2024-04-27T03:43:49.652+0000] {processor.py:829} INFO - Processing file /home/airflow/.local/lib/python3.8/site-packages/airflow/example_dags/example_subdag_operator.py for tasks to queue
[2024-04-27T03:43:49.653+0000] {logging_mixin.py:154} INFO - [2024-04-27T03:43:49.653+0000] {dagbag.py:536} INFO - Filling up the DagBag from /home/airflow/.local/lib/python3.8/site-packages/airflow/example_dags/example_subdag_operator.py
[2024-04-27T03:43:49.695+0000] {processor.py:839} INFO - DAG(s) dict_keys(['example_subdag_operator.section-1', 'example_subdag_operator.section-2', 'example_subdag_operator']) retrieved from /home/airflow/.local/lib/python3.8/site-packages/airflow/example_dags/example_subdag_operator.py
[2024-04-27T03:43:49.718+0000] {logging_mixin.py:154} INFO - [2024-04-27T03:43:49.718+0000] {dag.py:2941} INFO - Sync 3 DAGs
[2024-04-27T03:43:49.750+0000] {logging_mixin.py:154} INFO - [2024-04-27T03:43:49.749+0000] {dag.py:3722} INFO - Setting next_dagrun for example_subdag_operator to 2022-01-01T00:00:00+00:00, run_after=2022-01-01T00:00:00+00:00
[2024-04-27T03:43:49.756+0000] {logging_mixin.py:154} INFO - [2024-04-27T03:43:49.756+0000] {dag.py:3722} INFO - Setting next_dagrun for example_subdag_operator.section-1 to None, run_after=None
[2024-04-27T03:43:49.758+0000] {logging_mixin.py:154} INFO - [2024-04-27T03:43:49.758+0000] {dag.py:3722} INFO - Setting next_dagrun for example_subdag_operator.section-2 to None, run_after=None
[2024-04-27T03:43:49.770+0000] {logging_mixin.py:154} INFO - [2024-04-27T03:43:49.770+0000] {dag.py:2941} INFO - Sync 2 DAGs
[2024-04-27T03:43:49.779+0000] {logging_mixin.py:154} INFO - [2024-04-27T03:43:49.779+0000] {dag.py:3722} INFO - Setting next_dagrun for example_subdag_operator.section-1 to None, run_after=None
[2024-04-27T03:43:49.779+0000] {logging_mixin.py:154} INFO - [2024-04-27T03:43:49.779+0000] {dag.py:3722} INFO - Setting next_dagrun for example_subdag_operator.section-2 to None, run_after=None
[2024-04-27T03:43:49.798+0000] {processor.py:179} INFO - Processing /home/airflow/.local/lib/python3.8/site-packages/airflow/example_dags/example_subdag_operator.py took 0.154 seconds
[2024-04-27T03:44:19.884+0000] {processor.py:157} INFO - Started process (PID=708) to work on /home/airflow/.local/lib/python3.8/site-packages/airflow/example_dags/example_subdag_operator.py
[2024-04-27T03:44:19.887+0000] {processor.py:829} INFO - Processing file /home/airflow/.local/lib/python3.8/site-packages/airflow/example_dags/example_subdag_operator.py for tasks to queue
[2024-04-27T03:44:19.888+0000] {logging_mixin.py:154} INFO - [2024-04-27T03:44:19.887+0000] {dagbag.py:536} INFO - Filling up the DagBag from /home/airflow/.local/lib/python3.8/site-packages/airflow/example_dags/example_subdag_operator.py
[2024-04-27T03:44:19.930+0000] {processor.py:839} INFO - DAG(s) dict_keys(['example_subdag_operator.section-1', 'example_subdag_operator.section-2', 'example_subdag_operator']) retrieved from /home/airflow/.local/lib/python3.8/site-packages/airflow/example_dags/example_subdag_operator.py
[2024-04-27T03:44:19.954+0000] {logging_mixin.py:154} INFO - [2024-04-27T03:44:19.954+0000] {dag.py:2941} INFO - Sync 3 DAGs
[2024-04-27T03:44:20.002+0000] {logging_mixin.py:154} INFO - [2024-04-27T03:44:20.002+0000] {dag.py:3722} INFO - Setting next_dagrun for example_subdag_operator to 2022-01-01T00:00:00+00:00, run_after=2022-01-01T00:00:00+00:00
[2024-04-27T03:44:20.008+0000] {logging_mixin.py:154} INFO - [2024-04-27T03:44:20.008+0000] {dag.py:3722} INFO - Setting next_dagrun for example_subdag_operator.section-1 to None, run_after=None
[2024-04-27T03:44:20.010+0000] {logging_mixin.py:154} INFO - [2024-04-27T03:44:20.010+0000] {dag.py:3722} INFO - Setting next_dagrun for example_subdag_operator.section-2 to None, run_after=None
[2024-04-27T03:44:20.022+0000] {logging_mixin.py:154} INFO - [2024-04-27T03:44:20.021+0000] {dag.py:2941} INFO - Sync 2 DAGs
[2024-04-27T03:44:20.029+0000] {logging_mixin.py:154} INFO - [2024-04-27T03:44:20.028+0000] {dag.py:3722} INFO - Setting next_dagrun for example_subdag_operator.section-1 to None, run_after=None
[2024-04-27T03:44:20.029+0000] {logging_mixin.py:154} INFO - [2024-04-27T03:44:20.029+0000] {dag.py:3722} INFO - Setting next_dagrun for example_subdag_operator.section-2 to None, run_after=None
[2024-04-27T03:44:20.046+0000] {processor.py:179} INFO - Processing /home/airflow/.local/lib/python3.8/site-packages/airflow/example_dags/example_subdag_operator.py took 0.167 seconds
[2024-04-27T03:44:50.732+0000] {processor.py:157} INFO - Started process (PID=956) to work on /home/airflow/.local/lib/python3.8/site-packages/airflow/example_dags/example_subdag_operator.py
[2024-04-27T03:44:50.736+0000] {processor.py:829} INFO - Processing file /home/airflow/.local/lib/python3.8/site-packages/airflow/example_dags/example_subdag_operator.py for tasks to queue
[2024-04-27T03:44:50.737+0000] {logging_mixin.py:154} INFO - [2024-04-27T03:44:50.736+0000] {dagbag.py:536} INFO - Filling up the DagBag from /home/airflow/.local/lib/python3.8/site-packages/airflow/example_dags/example_subdag_operator.py
[2024-04-27T03:44:50.777+0000] {processor.py:839} INFO - DAG(s) dict_keys(['example_subdag_operator.section-1', 'example_subdag_operator.section-2', 'example_subdag_operator']) retrieved from /home/airflow/.local/lib/python3.8/site-packages/airflow/example_dags/example_subdag_operator.py
[2024-04-27T03:44:50.799+0000] {logging_mixin.py:154} INFO - [2024-04-27T03:44:50.799+0000] {dag.py:2941} INFO - Sync 3 DAGs
[2024-04-27T03:44:50.833+0000] {logging_mixin.py:154} INFO - [2024-04-27T03:44:50.832+0000] {dag.py:3722} INFO - Setting next_dagrun for example_subdag_operator to 2022-01-01T00:00:00+00:00, run_after=2022-01-01T00:00:00+00:00
[2024-04-27T03:44:50.839+0000] {logging_mixin.py:154} INFO - [2024-04-27T03:44:50.839+0000] {dag.py:3722} INFO - Setting next_dagrun for example_subdag_operator.section-1 to None, run_after=None
[2024-04-27T03:44:50.841+0000] {logging_mixin.py:154} INFO - [2024-04-27T03:44:50.841+0000] {dag.py:3722} INFO - Setting next_dagrun for example_subdag_operator.section-2 to None, run_after=None
[2024-04-27T03:44:50.853+0000] {logging_mixin.py:154} INFO - [2024-04-27T03:44:50.852+0000] {dag.py:2941} INFO - Sync 2 DAGs
[2024-04-27T03:44:50.862+0000] {logging_mixin.py:154} INFO - [2024-04-27T03:44:50.862+0000] {dag.py:3722} INFO - Setting next_dagrun for example_subdag_operator.section-1 to None, run_after=None
[2024-04-27T03:44:50.862+0000] {logging_mixin.py:154} INFO - [2024-04-27T03:44:50.862+0000] {dag.py:3722} INFO - Setting next_dagrun for example_subdag_operator.section-2 to None, run_after=None
[2024-04-27T03:44:50.880+0000] {processor.py:179} INFO - Processing /home/airflow/.local/lib/python3.8/site-packages/airflow/example_dags/example_subdag_operator.py took 0.153 seconds
[2024-04-27T03:45:21.518+0000] {processor.py:157} INFO - Started process (PID=1199) to work on /home/airflow/.local/lib/python3.8/site-packages/airflow/example_dags/example_subdag_operator.py
[2024-04-27T03:45:21.522+0000] {processor.py:829} INFO - Processing file /home/airflow/.local/lib/python3.8/site-packages/airflow/example_dags/example_subdag_operator.py for tasks to queue
[2024-04-27T03:45:21.523+0000] {logging_mixin.py:154} INFO - [2024-04-27T03:45:21.523+0000] {dagbag.py:536} INFO - Filling up the DagBag from /home/airflow/.local/lib/python3.8/site-packages/airflow/example_dags/example_subdag_operator.py
[2024-04-27T03:45:21.597+0000] {processor.py:839} INFO - DAG(s) dict_keys(['example_subdag_operator.section-1', 'example_subdag_operator.section-2', 'example_subdag_operator']) retrieved from /home/airflow/.local/lib/python3.8/site-packages/airflow/example_dags/example_subdag_operator.py
[2024-04-27T03:45:21.639+0000] {logging_mixin.py:154} INFO - [2024-04-27T03:45:21.638+0000] {dag.py:2941} INFO - Sync 3 DAGs
[2024-04-27T03:45:21.688+0000] {logging_mixin.py:154} INFO - [2024-04-27T03:45:21.688+0000] {dag.py:3722} INFO - Setting next_dagrun for example_subdag_operator to 2022-01-01T00:00:00+00:00, run_after=2022-01-01T00:00:00+00:00
[2024-04-27T03:45:21.696+0000] {logging_mixin.py:154} INFO - [2024-04-27T03:45:21.696+0000] {dag.py:3722} INFO - Setting next_dagrun for example_subdag_operator.section-1 to None, run_after=None
[2024-04-27T03:45:21.699+0000] {logging_mixin.py:154} INFO - [2024-04-27T03:45:21.698+0000] {dag.py:3722} INFO - Setting next_dagrun for example_subdag_operator.section-2 to None, run_after=None
[2024-04-27T03:45:21.712+0000] {logging_mixin.py:154} INFO - [2024-04-27T03:45:21.712+0000] {dag.py:2941} INFO - Sync 2 DAGs
[2024-04-27T03:45:21.723+0000] {logging_mixin.py:154} INFO - [2024-04-27T03:45:21.723+0000] {dag.py:3722} INFO - Setting next_dagrun for example_subdag_operator.section-1 to None, run_after=None
[2024-04-27T03:45:21.724+0000] {logging_mixin.py:154} INFO - [2024-04-27T03:45:21.724+0000] {dag.py:3722} INFO - Setting next_dagrun for example_subdag_operator.section-2 to None, run_after=None
[2024-04-27T03:45:21.784+0000] {processor.py:179} INFO - Processing /home/airflow/.local/lib/python3.8/site-packages/airflow/example_dags/example_subdag_operator.py took 0.274 seconds
[2024-04-27T03:45:52.228+0000] {processor.py:157} INFO - Started process (PID=1440) to work on /home/airflow/.local/lib/python3.8/site-packages/airflow/example_dags/example_subdag_operator.py
[2024-04-27T03:45:52.231+0000] {processor.py:829} INFO - Processing file /home/airflow/.local/lib/python3.8/site-packages/airflow/example_dags/example_subdag_operator.py for tasks to queue
[2024-04-27T03:45:52.232+0000] {logging_mixin.py:154} INFO - [2024-04-27T03:45:52.232+0000] {dagbag.py:536} INFO - Filling up the DagBag from /home/airflow/.local/lib/python3.8/site-packages/airflow/example_dags/example_subdag_operator.py
[2024-04-27T03:45:52.285+0000] {processor.py:839} INFO - DAG(s) dict_keys(['example_subdag_operator.section-1', 'example_subdag_operator.section-2', 'example_subdag_operator']) retrieved from /home/airflow/.local/lib/python3.8/site-packages/airflow/example_dags/example_subdag_operator.py
[2024-04-27T03:45:52.316+0000] {logging_mixin.py:154} INFO - [2024-04-27T03:45:52.316+0000] {dag.py:2941} INFO - Sync 3 DAGs
[2024-04-27T03:45:52.355+0000] {logging_mixin.py:154} INFO - [2024-04-27T03:45:52.354+0000] {dag.py:3722} INFO - Setting next_dagrun for example_subdag_operator to 2022-01-01T00:00:00+00:00, run_after=2022-01-01T00:00:00+00:00
[2024-04-27T03:45:52.363+0000] {logging_mixin.py:154} INFO - [2024-04-27T03:45:52.362+0000] {dag.py:3722} INFO - Setting next_dagrun for example_subdag_operator.section-1 to None, run_after=None
[2024-04-27T03:45:52.365+0000] {logging_mixin.py:154} INFO - [2024-04-27T03:45:52.365+0000] {dag.py:3722} INFO - Setting next_dagrun for example_subdag_operator.section-2 to None, run_after=None
[2024-04-27T03:45:52.380+0000] {logging_mixin.py:154} INFO - [2024-04-27T03:45:52.379+0000] {dag.py:2941} INFO - Sync 2 DAGs
[2024-04-27T03:45:52.393+0000] {logging_mixin.py:154} INFO - [2024-04-27T03:45:52.393+0000] {dag.py:3722} INFO - Setting next_dagrun for example_subdag_operator.section-1 to None, run_after=None
[2024-04-27T03:45:52.394+0000] {logging_mixin.py:154} INFO - [2024-04-27T03:45:52.394+0000] {dag.py:3722} INFO - Setting next_dagrun for example_subdag_operator.section-2 to None, run_after=None
[2024-04-27T03:45:52.420+0000] {processor.py:179} INFO - Processing /home/airflow/.local/lib/python3.8/site-packages/airflow/example_dags/example_subdag_operator.py took 0.199 seconds
[2024-04-27T03:46:23.232+0000] {processor.py:157} INFO - Started process (PID=1683) to work on /home/airflow/.local/lib/python3.8/site-packages/airflow/example_dags/example_subdag_operator.py
[2024-04-27T03:46:23.234+0000] {processor.py:829} INFO - Processing file /home/airflow/.local/lib/python3.8/site-packages/airflow/example_dags/example_subdag_operator.py for tasks to queue
[2024-04-27T03:46:23.235+0000] {logging_mixin.py:154} INFO - [2024-04-27T03:46:23.235+0000] {dagbag.py:536} INFO - Filling up the DagBag from /home/airflow/.local/lib/python3.8/site-packages/airflow/example_dags/example_subdag_operator.py
[2024-04-27T03:46:23.278+0000] {processor.py:839} INFO - DAG(s) dict_keys(['example_subdag_operator.section-1', 'example_subdag_operator.section-2', 'example_subdag_operator']) retrieved from /home/airflow/.local/lib/python3.8/site-packages/airflow/example_dags/example_subdag_operator.py
[2024-04-27T03:46:23.304+0000] {logging_mixin.py:154} INFO - [2024-04-27T03:46:23.304+0000] {dag.py:2941} INFO - Sync 3 DAGs
[2024-04-27T03:46:23.339+0000] {logging_mixin.py:154} INFO - [2024-04-27T03:46:23.338+0000] {dag.py:3722} INFO - Setting next_dagrun for example_subdag_operator to 2022-01-01T00:00:00+00:00, run_after=2022-01-01T00:00:00+00:00
[2024-04-27T03:46:23.344+0000] {logging_mixin.py:154} INFO - [2024-04-27T03:46:23.344+0000] {dag.py:3722} INFO - Setting next_dagrun for example_subdag_operator.section-1 to None, run_after=None
[2024-04-27T03:46:23.346+0000] {logging_mixin.py:154} INFO - [2024-04-27T03:46:23.346+0000] {dag.py:3722} INFO - Setting next_dagrun for example_subdag_operator.section-2 to None, run_after=None
[2024-04-27T03:46:23.357+0000] {logging_mixin.py:154} INFO - [2024-04-27T03:46:23.356+0000] {dag.py:2941} INFO - Sync 2 DAGs
[2024-04-27T03:46:23.365+0000] {logging_mixin.py:154} INFO - [2024-04-27T03:46:23.365+0000] {dag.py:3722} INFO - Setting next_dagrun for example_subdag_operator.section-1 to None, run_after=None
[2024-04-27T03:46:23.366+0000] {logging_mixin.py:154} INFO - [2024-04-27T03:46:23.366+0000] {dag.py:3722} INFO - Setting next_dagrun for example_subdag_operator.section-2 to None, run_after=None
[2024-04-27T03:46:23.383+0000] {processor.py:179} INFO - Processing /home/airflow/.local/lib/python3.8/site-packages/airflow/example_dags/example_subdag_operator.py took 0.156 seconds
[2024-04-27T03:46:53.578+0000] {processor.py:157} INFO - Started process (PID=1924) to work on /home/airflow/.local/lib/python3.8/site-packages/airflow/example_dags/example_subdag_operator.py
[2024-04-27T03:46:53.580+0000] {processor.py:829} INFO - Processing file /home/airflow/.local/lib/python3.8/site-packages/airflow/example_dags/example_subdag_operator.py for tasks to queue
[2024-04-27T03:46:53.581+0000] {logging_mixin.py:154} INFO - [2024-04-27T03:46:53.581+0000] {dagbag.py:536} INFO - Filling up the DagBag from /home/airflow/.local/lib/python3.8/site-packages/airflow/example_dags/example_subdag_operator.py
[2024-04-27T03:46:53.620+0000] {processor.py:839} INFO - DAG(s) dict_keys(['example_subdag_operator.section-1', 'example_subdag_operator.section-2', 'example_subdag_operator']) retrieved from /home/airflow/.local/lib/python3.8/site-packages/airflow/example_dags/example_subdag_operator.py
[2024-04-27T03:46:53.643+0000] {logging_mixin.py:154} INFO - [2024-04-27T03:46:53.642+0000] {dag.py:2941} INFO - Sync 3 DAGs
[2024-04-27T03:46:53.674+0000] {logging_mixin.py:154} INFO - [2024-04-27T03:46:53.674+0000] {dag.py:3722} INFO - Setting next_dagrun for example_subdag_operator to 2022-01-01T00:00:00+00:00, run_after=2022-01-01T00:00:00+00:00
[2024-04-27T03:46:53.679+0000] {logging_mixin.py:154} INFO - [2024-04-27T03:46:53.679+0000] {dag.py:3722} INFO - Setting next_dagrun for example_subdag_operator.section-1 to None, run_after=None
[2024-04-27T03:46:53.681+0000] {logging_mixin.py:154} INFO - [2024-04-27T03:46:53.681+0000] {dag.py:3722} INFO - Setting next_dagrun for example_subdag_operator.section-2 to None, run_after=None
[2024-04-27T03:46:53.691+0000] {logging_mixin.py:154} INFO - [2024-04-27T03:46:53.691+0000] {dag.py:2941} INFO - Sync 2 DAGs
[2024-04-27T03:46:53.699+0000] {logging_mixin.py:154} INFO - [2024-04-27T03:46:53.698+0000] {dag.py:3722} INFO - Setting next_dagrun for example_subdag_operator.section-1 to None, run_after=None
[2024-04-27T03:46:53.699+0000] {logging_mixin.py:154} INFO - [2024-04-27T03:46:53.699+0000] {dag.py:3722} INFO - Setting next_dagrun for example_subdag_operator.section-2 to None, run_after=None
[2024-04-27T03:46:53.715+0000] {processor.py:179} INFO - Processing /home/airflow/.local/lib/python3.8/site-packages/airflow/example_dags/example_subdag_operator.py took 0.143 seconds
[2024-04-27T03:47:24.036+0000] {processor.py:157} INFO - Started process (PID=2167) to work on /home/airflow/.local/lib/python3.8/site-packages/airflow/example_dags/example_subdag_operator.py
[2024-04-27T03:47:24.039+0000] {processor.py:829} INFO - Processing file /home/airflow/.local/lib/python3.8/site-packages/airflow/example_dags/example_subdag_operator.py for tasks to queue
[2024-04-27T03:47:24.040+0000] {logging_mixin.py:154} INFO - [2024-04-27T03:47:24.040+0000] {dagbag.py:536} INFO - Filling up the DagBag from /home/airflow/.local/lib/python3.8/site-packages/airflow/example_dags/example_subdag_operator.py
[2024-04-27T03:47:24.093+0000] {processor.py:839} INFO - DAG(s) dict_keys(['example_subdag_operator.section-1', 'example_subdag_operator.section-2', 'example_subdag_operator']) retrieved from /home/airflow/.local/lib/python3.8/site-packages/airflow/example_dags/example_subdag_operator.py
[2024-04-27T03:47:24.127+0000] {logging_mixin.py:154} INFO - [2024-04-27T03:47:24.127+0000] {dag.py:2941} INFO - Sync 3 DAGs
[2024-04-27T03:47:24.170+0000] {logging_mixin.py:154} INFO - [2024-04-27T03:47:24.170+0000] {dag.py:3722} INFO - Setting next_dagrun for example_subdag_operator to 2022-01-01T00:00:00+00:00, run_after=2022-01-01T00:00:00+00:00
[2024-04-27T03:47:24.177+0000] {logging_mixin.py:154} INFO - [2024-04-27T03:47:24.176+0000] {dag.py:3722} INFO - Setting next_dagrun for example_subdag_operator.section-1 to None, run_after=None
[2024-04-27T03:47:24.179+0000] {logging_mixin.py:154} INFO - [2024-04-27T03:47:24.179+0000] {dag.py:3722} INFO - Setting next_dagrun for example_subdag_operator.section-2 to None, run_after=None
[2024-04-27T03:47:24.194+0000] {logging_mixin.py:154} INFO - [2024-04-27T03:47:24.194+0000] {dag.py:2941} INFO - Sync 2 DAGs
[2024-04-27T03:47:24.202+0000] {logging_mixin.py:154} INFO - [2024-04-27T03:47:24.202+0000] {dag.py:3722} INFO - Setting next_dagrun for example_subdag_operator.section-1 to None, run_after=None
[2024-04-27T03:47:24.203+0000] {logging_mixin.py:154} INFO - [2024-04-27T03:47:24.202+0000] {dag.py:3722} INFO - Setting next_dagrun for example_subdag_operator.section-2 to None, run_after=None
[2024-04-27T03:47:24.217+0000] {processor.py:179} INFO - Processing /home/airflow/.local/lib/python3.8/site-packages/airflow/example_dags/example_subdag_operator.py took 0.190 seconds
