[2024-04-27T03:43:20.565+0000] {processor.py:157} INFO - Started process (PID=284) to work on /home/airflow/.local/lib/python3.8/site-packages/airflow/example_dags/example_latest_only_with_trigger.py
[2024-04-27T03:43:20.566+0000] {processor.py:829} INFO - Processing file /home/airflow/.local/lib/python3.8/site-packages/airflow/example_dags/example_latest_only_with_trigger.py for tasks to queue
[2024-04-27T03:43:20.568+0000] {logging_mixin.py:154} INFO - [2024-04-27T03:43:20.567+0000] {dagbag.py:536} INFO - Filling up the DagBag from /home/airflow/.local/lib/python3.8/site-packages/airflow/example_dags/example_latest_only_with_trigger.py
[2024-04-27T03:43:20.580+0000] {processor.py:839} INFO - DAG(s) dict_keys(['latest_only_with_trigger']) retrieved from /home/airflow/.local/lib/python3.8/site-packages/airflow/example_dags/example_latest_only_with_trigger.py
[2024-04-27T03:43:20.602+0000] {logging_mixin.py:154} INFO - [2024-04-27T03:43:20.602+0000] {dag.py:2941} INFO - Sync 1 DAGs
[2024-04-27T03:43:20.647+0000] {logging_mixin.py:154} INFO - [2024-04-27T03:43:20.647+0000] {dag.py:3722} INFO - Setting next_dagrun for latest_only_with_trigger to 2024-04-26T23:43:20.646697+00:00, run_after=2024-04-27T03:43:20.646697+00:00
[2024-04-27T03:43:20.685+0000] {processor.py:179} INFO - Processing /home/airflow/.local/lib/python3.8/site-packages/airflow/example_dags/example_latest_only_with_trigger.py took 0.128 seconds
[2024-04-27T03:43:50.918+0000] {processor.py:157} INFO - Started process (PID=532) to work on /home/airflow/.local/lib/python3.8/site-packages/airflow/example_dags/example_latest_only_with_trigger.py
[2024-04-27T03:43:50.921+0000] {processor.py:829} INFO - Processing file /home/airflow/.local/lib/python3.8/site-packages/airflow/example_dags/example_latest_only_with_trigger.py for tasks to queue
[2024-04-27T03:43:50.922+0000] {logging_mixin.py:154} INFO - [2024-04-27T03:43:50.922+0000] {dagbag.py:536} INFO - Filling up the DagBag from /home/airflow/.local/lib/python3.8/site-packages/airflow/example_dags/example_latest_only_with_trigger.py
[2024-04-27T03:43:50.933+0000] {processor.py:839} INFO - DAG(s) dict_keys(['latest_only_with_trigger']) retrieved from /home/airflow/.local/lib/python3.8/site-packages/airflow/example_dags/example_latest_only_with_trigger.py
[2024-04-27T03:43:50.974+0000] {logging_mixin.py:154} INFO - [2024-04-27T03:43:50.974+0000] {dag.py:2941} INFO - Sync 1 DAGs
[2024-04-27T03:43:51.006+0000] {logging_mixin.py:154} INFO - [2024-04-27T03:43:51.006+0000] {dag.py:3722} INFO - Setting next_dagrun for latest_only_with_trigger to 2024-04-26T23:43:51.005854+00:00, run_after=2024-04-27T03:43:51.005854+00:00
[2024-04-27T03:43:51.030+0000] {processor.py:179} INFO - Processing /home/airflow/.local/lib/python3.8/site-packages/airflow/example_dags/example_latest_only_with_trigger.py took 0.118 seconds
[2024-04-27T03:44:21.174+0000] {processor.py:157} INFO - Started process (PID=773) to work on /home/airflow/.local/lib/python3.8/site-packages/airflow/example_dags/example_latest_only_with_trigger.py
[2024-04-27T03:44:21.176+0000] {processor.py:829} INFO - Processing file /home/airflow/.local/lib/python3.8/site-packages/airflow/example_dags/example_latest_only_with_trigger.py for tasks to queue
[2024-04-27T03:44:21.178+0000] {logging_mixin.py:154} INFO - [2024-04-27T03:44:21.177+0000] {dagbag.py:536} INFO - Filling up the DagBag from /home/airflow/.local/lib/python3.8/site-packages/airflow/example_dags/example_latest_only_with_trigger.py
[2024-04-27T03:44:21.189+0000] {processor.py:839} INFO - DAG(s) dict_keys(['latest_only_with_trigger']) retrieved from /home/airflow/.local/lib/python3.8/site-packages/airflow/example_dags/example_latest_only_with_trigger.py
[2024-04-27T03:44:21.233+0000] {logging_mixin.py:154} INFO - [2024-04-27T03:44:21.233+0000] {dag.py:2941} INFO - Sync 1 DAGs
[2024-04-27T03:44:21.278+0000] {logging_mixin.py:154} INFO - [2024-04-27T03:44:21.277+0000] {dag.py:3722} INFO - Setting next_dagrun for latest_only_with_trigger to 2024-04-26T23:44:21.277404+00:00, run_after=2024-04-27T03:44:21.277404+00:00
[2024-04-27T03:44:21.310+0000] {processor.py:179} INFO - Processing /home/airflow/.local/lib/python3.8/site-packages/airflow/example_dags/example_latest_only_with_trigger.py took 0.143 seconds
[2024-04-27T03:44:52.103+0000] {processor.py:157} INFO - Started process (PID=1019) to work on /home/airflow/.local/lib/python3.8/site-packages/airflow/example_dags/example_latest_only_with_trigger.py
[2024-04-27T03:44:52.108+0000] {processor.py:829} INFO - Processing file /home/airflow/.local/lib/python3.8/site-packages/airflow/example_dags/example_latest_only_with_trigger.py for tasks to queue
[2024-04-27T03:44:52.110+0000] {logging_mixin.py:154} INFO - [2024-04-27T03:44:52.109+0000] {dagbag.py:536} INFO - Filling up the DagBag from /home/airflow/.local/lib/python3.8/site-packages/airflow/example_dags/example_latest_only_with_trigger.py
[2024-04-27T03:44:52.126+0000] {processor.py:839} INFO - DAG(s) dict_keys(['latest_only_with_trigger']) retrieved from /home/airflow/.local/lib/python3.8/site-packages/airflow/example_dags/example_latest_only_with_trigger.py
[2024-04-27T03:44:52.165+0000] {logging_mixin.py:154} INFO - [2024-04-27T03:44:52.165+0000] {dag.py:2941} INFO - Sync 1 DAGs
[2024-04-27T03:44:52.223+0000] {logging_mixin.py:154} INFO - [2024-04-27T03:44:52.223+0000] {dag.py:3722} INFO - Setting next_dagrun for latest_only_with_trigger to 2024-04-26T23:44:52.222789+00:00, run_after=2024-04-27T03:44:52.222789+00:00
[2024-04-27T03:44:52.276+0000] {processor.py:179} INFO - Processing /home/airflow/.local/lib/python3.8/site-packages/airflow/example_dags/example_latest_only_with_trigger.py took 0.180 seconds
[2024-04-27T03:45:23.009+0000] {processor.py:157} INFO - Started process (PID=1262) to work on /home/airflow/.local/lib/python3.8/site-packages/airflow/example_dags/example_latest_only_with_trigger.py
[2024-04-27T03:45:23.014+0000] {processor.py:829} INFO - Processing file /home/airflow/.local/lib/python3.8/site-packages/airflow/example_dags/example_latest_only_with_trigger.py for tasks to queue
[2024-04-27T03:45:23.015+0000] {logging_mixin.py:154} INFO - [2024-04-27T03:45:23.015+0000] {dagbag.py:536} INFO - Filling up the DagBag from /home/airflow/.local/lib/python3.8/site-packages/airflow/example_dags/example_latest_only_with_trigger.py
[2024-04-27T03:45:23.028+0000] {processor.py:839} INFO - DAG(s) dict_keys(['latest_only_with_trigger']) retrieved from /home/airflow/.local/lib/python3.8/site-packages/airflow/example_dags/example_latest_only_with_trigger.py
[2024-04-27T03:45:23.080+0000] {logging_mixin.py:154} INFO - [2024-04-27T03:45:23.080+0000] {dag.py:2941} INFO - Sync 1 DAGs
[2024-04-27T03:45:23.132+0000] {logging_mixin.py:154} INFO - [2024-04-27T03:45:23.132+0000] {dag.py:3722} INFO - Setting next_dagrun for latest_only_with_trigger to 2024-04-26T23:45:23.131871+00:00, run_after=2024-04-27T03:45:23.131871+00:00
[2024-04-27T03:45:23.174+0000] {processor.py:179} INFO - Processing /home/airflow/.local/lib/python3.8/site-packages/airflow/example_dags/example_latest_only_with_trigger.py took 0.171 seconds
[2024-04-27T03:45:53.678+0000] {processor.py:157} INFO - Started process (PID=1505) to work on /home/airflow/.local/lib/python3.8/site-packages/airflow/example_dags/example_latest_only_with_trigger.py
[2024-04-27T03:45:53.680+0000] {processor.py:829} INFO - Processing file /home/airflow/.local/lib/python3.8/site-packages/airflow/example_dags/example_latest_only_with_trigger.py for tasks to queue
[2024-04-27T03:45:53.681+0000] {logging_mixin.py:154} INFO - [2024-04-27T03:45:53.681+0000] {dagbag.py:536} INFO - Filling up the DagBag from /home/airflow/.local/lib/python3.8/site-packages/airflow/example_dags/example_latest_only_with_trigger.py
[2024-04-27T03:45:53.692+0000] {processor.py:839} INFO - DAG(s) dict_keys(['latest_only_with_trigger']) retrieved from /home/airflow/.local/lib/python3.8/site-packages/airflow/example_dags/example_latest_only_with_trigger.py
[2024-04-27T03:45:53.726+0000] {logging_mixin.py:154} INFO - [2024-04-27T03:45:53.726+0000] {dag.py:2941} INFO - Sync 1 DAGs
[2024-04-27T03:45:53.762+0000] {logging_mixin.py:154} INFO - [2024-04-27T03:45:53.761+0000] {dag.py:3722} INFO - Setting next_dagrun for latest_only_with_trigger to 2024-04-26T23:45:53.761516+00:00, run_after=2024-04-27T03:45:53.761516+00:00
[2024-04-27T03:45:53.790+0000] {processor.py:179} INFO - Processing /home/airflow/.local/lib/python3.8/site-packages/airflow/example_dags/example_latest_only_with_trigger.py took 0.118 seconds
[2024-04-27T03:46:24.585+0000] {processor.py:157} INFO - Started process (PID=1748) to work on /home/airflow/.local/lib/python3.8/site-packages/airflow/example_dags/example_latest_only_with_trigger.py
[2024-04-27T03:46:24.587+0000] {processor.py:829} INFO - Processing file /home/airflow/.local/lib/python3.8/site-packages/airflow/example_dags/example_latest_only_with_trigger.py for tasks to queue
[2024-04-27T03:46:24.588+0000] {logging_mixin.py:154} INFO - [2024-04-27T03:46:24.588+0000] {dagbag.py:536} INFO - Filling up the DagBag from /home/airflow/.local/lib/python3.8/site-packages/airflow/example_dags/example_latest_only_with_trigger.py
[2024-04-27T03:46:24.599+0000] {processor.py:839} INFO - DAG(s) dict_keys(['latest_only_with_trigger']) retrieved from /home/airflow/.local/lib/python3.8/site-packages/airflow/example_dags/example_latest_only_with_trigger.py
[2024-04-27T03:46:24.636+0000] {logging_mixin.py:154} INFO - [2024-04-27T03:46:24.635+0000] {dag.py:2941} INFO - Sync 1 DAGs
[2024-04-27T03:46:24.675+0000] {logging_mixin.py:154} INFO - [2024-04-27T03:46:24.675+0000] {dag.py:3722} INFO - Setting next_dagrun for latest_only_with_trigger to 2024-04-26T23:46:24.674766+00:00, run_after=2024-04-27T03:46:24.674766+00:00
[2024-04-27T03:46:24.702+0000] {processor.py:179} INFO - Processing /home/airflow/.local/lib/python3.8/site-packages/airflow/example_dags/example_latest_only_with_trigger.py took 0.123 seconds
[2024-04-27T03:46:55.428+0000] {processor.py:157} INFO - Started process (PID=1992) to work on /home/airflow/.local/lib/python3.8/site-packages/airflow/example_dags/example_latest_only_with_trigger.py
[2024-04-27T03:46:55.430+0000] {processor.py:829} INFO - Processing file /home/airflow/.local/lib/python3.8/site-packages/airflow/example_dags/example_latest_only_with_trigger.py for tasks to queue
[2024-04-27T03:46:55.432+0000] {logging_mixin.py:154} INFO - [2024-04-27T03:46:55.431+0000] {dagbag.py:536} INFO - Filling up the DagBag from /home/airflow/.local/lib/python3.8/site-packages/airflow/example_dags/example_latest_only_with_trigger.py
[2024-04-27T03:46:55.444+0000] {processor.py:839} INFO - DAG(s) dict_keys(['latest_only_with_trigger']) retrieved from /home/airflow/.local/lib/python3.8/site-packages/airflow/example_dags/example_latest_only_with_trigger.py
[2024-04-27T03:46:55.476+0000] {logging_mixin.py:154} INFO - [2024-04-27T03:46:55.475+0000] {dag.py:2941} INFO - Sync 1 DAGs
[2024-04-27T03:46:55.508+0000] {logging_mixin.py:154} INFO - [2024-04-27T03:46:55.508+0000] {dag.py:3722} INFO - Setting next_dagrun for latest_only_with_trigger to 2024-04-26T23:46:55.508060+00:00, run_after=2024-04-27T03:46:55.508060+00:00
[2024-04-27T03:46:55.535+0000] {processor.py:179} INFO - Processing /home/airflow/.local/lib/python3.8/site-packages/airflow/example_dags/example_latest_only_with_trigger.py took 0.115 seconds
[2024-04-27T03:47:26.371+0000] {processor.py:157} INFO - Started process (PID=2235) to work on /home/airflow/.local/lib/python3.8/site-packages/airflow/example_dags/example_latest_only_with_trigger.py
[2024-04-27T03:47:26.374+0000] {processor.py:829} INFO - Processing file /home/airflow/.local/lib/python3.8/site-packages/airflow/example_dags/example_latest_only_with_trigger.py for tasks to queue
[2024-04-27T03:47:26.375+0000] {logging_mixin.py:154} INFO - [2024-04-27T03:47:26.375+0000] {dagbag.py:536} INFO - Filling up the DagBag from /home/airflow/.local/lib/python3.8/site-packages/airflow/example_dags/example_latest_only_with_trigger.py
[2024-04-27T03:47:26.386+0000] {processor.py:839} INFO - DAG(s) dict_keys(['latest_only_with_trigger']) retrieved from /home/airflow/.local/lib/python3.8/site-packages/airflow/example_dags/example_latest_only_with_trigger.py
[2024-04-27T03:47:26.425+0000] {logging_mixin.py:154} INFO - [2024-04-27T03:47:26.425+0000] {dag.py:2941} INFO - Sync 1 DAGs
[2024-04-27T03:47:26.460+0000] {logging_mixin.py:154} INFO - [2024-04-27T03:47:26.460+0000] {dag.py:3722} INFO - Setting next_dagrun for latest_only_with_trigger to 2024-04-26T23:47:26.459805+00:00, run_after=2024-04-27T03:47:26.459805+00:00
[2024-04-27T03:47:26.495+0000] {processor.py:179} INFO - Processing /home/airflow/.local/lib/python3.8/site-packages/airflow/example_dags/example_latest_only_with_trigger.py took 0.130 seconds
