[2024-04-27T03:43:22.064+0000] {processor.py:157} INFO - Started process (PID=350) to work on /home/airflow/.local/lib/python3.8/site-packages/airflow/example_dags/example_short_circuit_decorator.py
[2024-04-27T03:43:22.066+0000] {processor.py:829} INFO - Processing file /home/airflow/.local/lib/python3.8/site-packages/airflow/example_dags/example_short_circuit_decorator.py for tasks to queue
[2024-04-27T03:43:22.068+0000] {logging_mixin.py:154} INFO - [2024-04-27T03:43:22.067+0000] {dagbag.py:536} INFO - Filling up the DagBag from /home/airflow/.local/lib/python3.8/site-packages/airflow/example_dags/example_short_circuit_decorator.py
[2024-04-27T03:43:22.092+0000] {processor.py:839} INFO - DAG(s) dict_keys(['example_short_circuit_decorator']) retrieved from /home/airflow/.local/lib/python3.8/site-packages/airflow/example_dags/example_short_circuit_decorator.py
[2024-04-27T03:43:22.115+0000] {logging_mixin.py:154} INFO - [2024-04-27T03:43:22.114+0000] {dag.py:2941} INFO - Sync 1 DAGs
[2024-04-27T03:43:22.168+0000] {logging_mixin.py:154} INFO - [2024-04-27T03:43:22.167+0000] {dag.py:3722} INFO - Setting next_dagrun for example_short_circuit_decorator to 2024-04-26T03:43:22.167141+00:00, run_after=2024-04-27T03:43:22.167141+00:00
[2024-04-27T03:43:22.206+0000] {processor.py:179} INFO - Processing /home/airflow/.local/lib/python3.8/site-packages/airflow/example_dags/example_short_circuit_decorator.py took 0.149 seconds
[2024-04-27T03:43:52.255+0000] {processor.py:157} INFO - Started process (PID=592) to work on /home/airflow/.local/lib/python3.8/site-packages/airflow/example_dags/example_short_circuit_decorator.py
[2024-04-27T03:43:52.257+0000] {processor.py:829} INFO - Processing file /home/airflow/.local/lib/python3.8/site-packages/airflow/example_dags/example_short_circuit_decorator.py for tasks to queue
[2024-04-27T03:43:52.259+0000] {logging_mixin.py:154} INFO - [2024-04-27T03:43:52.258+0000] {dagbag.py:536} INFO - Filling up the DagBag from /home/airflow/.local/lib/python3.8/site-packages/airflow/example_dags/example_short_circuit_decorator.py
[2024-04-27T03:43:52.273+0000] {processor.py:839} INFO - DAG(s) dict_keys(['example_short_circuit_decorator']) retrieved from /home/airflow/.local/lib/python3.8/site-packages/airflow/example_dags/example_short_circuit_decorator.py
[2024-04-27T03:43:52.309+0000] {logging_mixin.py:154} INFO - [2024-04-27T03:43:52.309+0000] {dag.py:2941} INFO - Sync 1 DAGs
[2024-04-27T03:43:52.340+0000] {logging_mixin.py:154} INFO - [2024-04-27T03:43:52.340+0000] {dag.py:3722} INFO - Setting next_dagrun for example_short_circuit_decorator to 2024-04-26T03:43:52.339795+00:00, run_after=2024-04-27T03:43:52.339795+00:00
[2024-04-27T03:43:52.371+0000] {processor.py:179} INFO - Processing /home/airflow/.local/lib/python3.8/site-packages/airflow/example_dags/example_short_circuit_decorator.py took 0.121 seconds
[2024-04-27T03:44:22.484+0000] {processor.py:157} INFO - Started process (PID=835) to work on /home/airflow/.local/lib/python3.8/site-packages/airflow/example_dags/example_short_circuit_decorator.py
[2024-04-27T03:44:22.487+0000] {processor.py:829} INFO - Processing file /home/airflow/.local/lib/python3.8/site-packages/airflow/example_dags/example_short_circuit_decorator.py for tasks to queue
[2024-04-27T03:44:22.488+0000] {logging_mixin.py:154} INFO - [2024-04-27T03:44:22.487+0000] {dagbag.py:536} INFO - Filling up the DagBag from /home/airflow/.local/lib/python3.8/site-packages/airflow/example_dags/example_short_circuit_decorator.py
[2024-04-27T03:44:22.503+0000] {processor.py:839} INFO - DAG(s) dict_keys(['example_short_circuit_decorator']) retrieved from /home/airflow/.local/lib/python3.8/site-packages/airflow/example_dags/example_short_circuit_decorator.py
[2024-04-27T03:44:22.539+0000] {logging_mixin.py:154} INFO - [2024-04-27T03:44:22.539+0000] {dag.py:2941} INFO - Sync 1 DAGs
[2024-04-27T03:44:22.571+0000] {logging_mixin.py:154} INFO - [2024-04-27T03:44:22.570+0000] {dag.py:3722} INFO - Setting next_dagrun for example_short_circuit_decorator to 2024-04-26T03:44:22.570556+00:00, run_after=2024-04-27T03:44:22.570556+00:00
[2024-04-27T03:44:22.598+0000] {processor.py:179} INFO - Processing /home/airflow/.local/lib/python3.8/site-packages/airflow/example_dags/example_short_circuit_decorator.py took 0.119 seconds
[2024-04-27T03:44:53.476+0000] {processor.py:157} INFO - Started process (PID=1079) to work on /home/airflow/.local/lib/python3.8/site-packages/airflow/example_dags/example_short_circuit_decorator.py
[2024-04-27T03:44:53.482+0000] {processor.py:829} INFO - Processing file /home/airflow/.local/lib/python3.8/site-packages/airflow/example_dags/example_short_circuit_decorator.py for tasks to queue
[2024-04-27T03:44:53.484+0000] {logging_mixin.py:154} INFO - [2024-04-27T03:44:53.483+0000] {dagbag.py:536} INFO - Filling up the DagBag from /home/airflow/.local/lib/python3.8/site-packages/airflow/example_dags/example_short_circuit_decorator.py
[2024-04-27T03:44:53.506+0000] {processor.py:839} INFO - DAG(s) dict_keys(['example_short_circuit_decorator']) retrieved from /home/airflow/.local/lib/python3.8/site-packages/airflow/example_dags/example_short_circuit_decorator.py
[2024-04-27T03:44:53.558+0000] {logging_mixin.py:154} INFO - [2024-04-27T03:44:53.557+0000] {dag.py:2941} INFO - Sync 1 DAGs
[2024-04-27T03:44:53.602+0000] {logging_mixin.py:154} INFO - [2024-04-27T03:44:53.602+0000] {dag.py:3722} INFO - Setting next_dagrun for example_short_circuit_decorator to 2024-04-26T03:44:53.601757+00:00, run_after=2024-04-27T03:44:53.601757+00:00
[2024-04-27T03:44:53.631+0000] {processor.py:179} INFO - Processing /home/airflow/.local/lib/python3.8/site-packages/airflow/example_dags/example_short_circuit_decorator.py took 0.162 seconds
[2024-04-27T03:45:24.643+0000] {processor.py:157} INFO - Started process (PID=1324) to work on /home/airflow/.local/lib/python3.8/site-packages/airflow/example_dags/example_short_circuit_decorator.py
[2024-04-27T03:45:24.646+0000] {processor.py:829} INFO - Processing file /home/airflow/.local/lib/python3.8/site-packages/airflow/example_dags/example_short_circuit_decorator.py for tasks to queue
[2024-04-27T03:45:24.647+0000] {logging_mixin.py:154} INFO - [2024-04-27T03:45:24.647+0000] {dagbag.py:536} INFO - Filling up the DagBag from /home/airflow/.local/lib/python3.8/site-packages/airflow/example_dags/example_short_circuit_decorator.py
[2024-04-27T03:45:24.682+0000] {processor.py:839} INFO - DAG(s) dict_keys(['example_short_circuit_decorator']) retrieved from /home/airflow/.local/lib/python3.8/site-packages/airflow/example_dags/example_short_circuit_decorator.py
[2024-04-27T03:45:24.743+0000] {logging_mixin.py:154} INFO - [2024-04-27T03:45:24.742+0000] {dag.py:2941} INFO - Sync 1 DAGs
[2024-04-27T03:45:24.792+0000] {logging_mixin.py:154} INFO - [2024-04-27T03:45:24.792+0000] {dag.py:3722} INFO - Setting next_dagrun for example_short_circuit_decorator to 2024-04-26T03:45:24.791854+00:00, run_after=2024-04-27T03:45:24.791854+00:00
[2024-04-27T03:45:24.828+0000] {processor.py:179} INFO - Processing /home/airflow/.local/lib/python3.8/site-packages/airflow/example_dags/example_short_circuit_decorator.py took 0.195 seconds
[2024-04-27T03:45:54.870+0000] {processor.py:157} INFO - Started process (PID=1567) to work on /home/airflow/.local/lib/python3.8/site-packages/airflow/example_dags/example_short_circuit_decorator.py
[2024-04-27T03:45:54.872+0000] {processor.py:829} INFO - Processing file /home/airflow/.local/lib/python3.8/site-packages/airflow/example_dags/example_short_circuit_decorator.py for tasks to queue
[2024-04-27T03:45:54.873+0000] {logging_mixin.py:154} INFO - [2024-04-27T03:45:54.873+0000] {dagbag.py:536} INFO - Filling up the DagBag from /home/airflow/.local/lib/python3.8/site-packages/airflow/example_dags/example_short_circuit_decorator.py
[2024-04-27T03:45:54.891+0000] {processor.py:839} INFO - DAG(s) dict_keys(['example_short_circuit_decorator']) retrieved from /home/airflow/.local/lib/python3.8/site-packages/airflow/example_dags/example_short_circuit_decorator.py
[2024-04-27T03:45:54.925+0000] {logging_mixin.py:154} INFO - [2024-04-27T03:45:54.925+0000] {dag.py:2941} INFO - Sync 1 DAGs
[2024-04-27T03:45:54.955+0000] {logging_mixin.py:154} INFO - [2024-04-27T03:45:54.955+0000] {dag.py:3722} INFO - Setting next_dagrun for example_short_circuit_decorator to 2024-04-26T03:45:54.955102+00:00, run_after=2024-04-27T03:45:54.955102+00:00
[2024-04-27T03:45:54.986+0000] {processor.py:179} INFO - Processing /home/airflow/.local/lib/python3.8/site-packages/airflow/example_dags/example_short_circuit_decorator.py took 0.121 seconds
[2024-04-27T03:46:25.608+0000] {processor.py:157} INFO - Started process (PID=1808) to work on /home/airflow/.local/lib/python3.8/site-packages/airflow/example_dags/example_short_circuit_decorator.py
[2024-04-27T03:46:25.610+0000] {processor.py:829} INFO - Processing file /home/airflow/.local/lib/python3.8/site-packages/airflow/example_dags/example_short_circuit_decorator.py for tasks to queue
[2024-04-27T03:46:25.611+0000] {logging_mixin.py:154} INFO - [2024-04-27T03:46:25.610+0000] {dagbag.py:536} INFO - Filling up the DagBag from /home/airflow/.local/lib/python3.8/site-packages/airflow/example_dags/example_short_circuit_decorator.py
[2024-04-27T03:46:25.631+0000] {processor.py:839} INFO - DAG(s) dict_keys(['example_short_circuit_decorator']) retrieved from /home/airflow/.local/lib/python3.8/site-packages/airflow/example_dags/example_short_circuit_decorator.py
[2024-04-27T03:46:25.675+0000] {logging_mixin.py:154} INFO - [2024-04-27T03:46:25.675+0000] {dag.py:2941} INFO - Sync 1 DAGs
[2024-04-27T03:46:25.715+0000] {logging_mixin.py:154} INFO - [2024-04-27T03:46:25.715+0000] {dag.py:3722} INFO - Setting next_dagrun for example_short_circuit_decorator to 2024-04-26T03:46:25.714969+00:00, run_after=2024-04-27T03:46:25.714969+00:00
[2024-04-27T03:46:25.749+0000] {processor.py:179} INFO - Processing /home/airflow/.local/lib/python3.8/site-packages/airflow/example_dags/example_short_circuit_decorator.py took 0.147 seconds
[2024-04-27T03:46:56.388+0000] {processor.py:157} INFO - Started process (PID=2052) to work on /home/airflow/.local/lib/python3.8/site-packages/airflow/example_dags/example_short_circuit_decorator.py
[2024-04-27T03:46:56.390+0000] {processor.py:829} INFO - Processing file /home/airflow/.local/lib/python3.8/site-packages/airflow/example_dags/example_short_circuit_decorator.py for tasks to queue
[2024-04-27T03:46:56.392+0000] {logging_mixin.py:154} INFO - [2024-04-27T03:46:56.391+0000] {dagbag.py:536} INFO - Filling up the DagBag from /home/airflow/.local/lib/python3.8/site-packages/airflow/example_dags/example_short_circuit_decorator.py
[2024-04-27T03:46:56.408+0000] {processor.py:839} INFO - DAG(s) dict_keys(['example_short_circuit_decorator']) retrieved from /home/airflow/.local/lib/python3.8/site-packages/airflow/example_dags/example_short_circuit_decorator.py
[2024-04-27T03:46:56.443+0000] {logging_mixin.py:154} INFO - [2024-04-27T03:46:56.443+0000] {dag.py:2941} INFO - Sync 1 DAGs
[2024-04-27T03:46:56.475+0000] {logging_mixin.py:154} INFO - [2024-04-27T03:46:56.474+0000] {dag.py:3722} INFO - Setting next_dagrun for example_short_circuit_decorator to 2024-04-26T03:46:56.474212+00:00, run_after=2024-04-27T03:46:56.474212+00:00
[2024-04-27T03:46:56.505+0000] {processor.py:179} INFO - Processing /home/airflow/.local/lib/python3.8/site-packages/airflow/example_dags/example_short_circuit_decorator.py took 0.125 seconds
[2024-04-27T03:47:27.531+0000] {processor.py:157} INFO - Started process (PID=2295) to work on /home/airflow/.local/lib/python3.8/site-packages/airflow/example_dags/example_short_circuit_decorator.py
[2024-04-27T03:47:27.534+0000] {processor.py:829} INFO - Processing file /home/airflow/.local/lib/python3.8/site-packages/airflow/example_dags/example_short_circuit_decorator.py for tasks to queue
[2024-04-27T03:47:27.536+0000] {logging_mixin.py:154} INFO - [2024-04-27T03:47:27.535+0000] {dagbag.py:536} INFO - Filling up the DagBag from /home/airflow/.local/lib/python3.8/site-packages/airflow/example_dags/example_short_circuit_decorator.py
[2024-04-27T03:47:27.553+0000] {processor.py:839} INFO - DAG(s) dict_keys(['example_short_circuit_decorator']) retrieved from /home/airflow/.local/lib/python3.8/site-packages/airflow/example_dags/example_short_circuit_decorator.py
[2024-04-27T03:47:27.588+0000] {logging_mixin.py:154} INFO - [2024-04-27T03:47:27.587+0000] {dag.py:2941} INFO - Sync 1 DAGs
[2024-04-27T03:47:27.619+0000] {logging_mixin.py:154} INFO - [2024-04-27T03:47:27.619+0000] {dag.py:3722} INFO - Setting next_dagrun for example_short_circuit_decorator to 2024-04-26T03:47:27.618899+00:00, run_after=2024-04-27T03:47:27.618899+00:00
[2024-04-27T03:47:27.649+0000] {processor.py:179} INFO - Processing /home/airflow/.local/lib/python3.8/site-packages/airflow/example_dags/example_short_circuit_decorator.py took 0.124 seconds
