[2024-04-27T03:43:20.220+0000] {processor.py:157} INFO - Started process (PID=271) to work on /home/airflow/.local/lib/python3.8/site-packages/airflow/example_dags/example_sensors.py
[2024-04-27T03:43:20.222+0000] {processor.py:829} INFO - Processing file /home/airflow/.local/lib/python3.8/site-packages/airflow/example_dags/example_sensors.py for tasks to queue
[2024-04-27T03:43:20.223+0000] {logging_mixin.py:154} INFO - [2024-04-27T03:43:20.222+0000] {dagbag.py:536} INFO - Filling up the DagBag from /home/airflow/.local/lib/python3.8/site-packages/airflow/example_dags/example_sensors.py
[2024-04-27T03:43:20.238+0000] {processor.py:839} INFO - DAG(s) dict_keys(['example_sensors']) retrieved from /home/airflow/.local/lib/python3.8/site-packages/airflow/example_dags/example_sensors.py
[2024-04-27T03:43:20.258+0000] {logging_mixin.py:154} INFO - [2024-04-27T03:43:20.258+0000] {dag.py:2941} INFO - Sync 1 DAGs
[2024-04-27T03:43:20.287+0000] {logging_mixin.py:154} INFO - [2024-04-27T03:43:20.286+0000] {dag.py:3722} INFO - Setting next_dagrun for example_sensors to None, run_after=None
[2024-04-27T03:43:20.329+0000] {processor.py:179} INFO - Processing /home/airflow/.local/lib/python3.8/site-packages/airflow/example_dags/example_sensors.py took 0.114 seconds
[2024-04-27T03:43:50.617+0000] {processor.py:157} INFO - Started process (PID=516) to work on /home/airflow/.local/lib/python3.8/site-packages/airflow/example_dags/example_sensors.py
[2024-04-27T03:43:50.620+0000] {processor.py:829} INFO - Processing file /home/airflow/.local/lib/python3.8/site-packages/airflow/example_dags/example_sensors.py for tasks to queue
[2024-04-27T03:43:50.621+0000] {logging_mixin.py:154} INFO - [2024-04-27T03:43:50.621+0000] {dagbag.py:536} INFO - Filling up the DagBag from /home/airflow/.local/lib/python3.8/site-packages/airflow/example_dags/example_sensors.py
[2024-04-27T03:43:50.641+0000] {processor.py:839} INFO - DAG(s) dict_keys(['example_sensors']) retrieved from /home/airflow/.local/lib/python3.8/site-packages/airflow/example_dags/example_sensors.py
[2024-04-27T03:43:50.676+0000] {logging_mixin.py:154} INFO - [2024-04-27T03:43:50.676+0000] {dag.py:2941} INFO - Sync 1 DAGs
[2024-04-27T03:43:50.696+0000] {logging_mixin.py:154} INFO - [2024-04-27T03:43:50.696+0000] {dag.py:3722} INFO - Setting next_dagrun for example_sensors to None, run_after=None
[2024-04-27T03:43:50.722+0000] {processor.py:179} INFO - Processing /home/airflow/.local/lib/python3.8/site-packages/airflow/example_dags/example_sensors.py took 0.112 seconds
[2024-04-27T03:44:20.871+0000] {processor.py:157} INFO - Started process (PID=758) to work on /home/airflow/.local/lib/python3.8/site-packages/airflow/example_dags/example_sensors.py
[2024-04-27T03:44:20.873+0000] {processor.py:829} INFO - Processing file /home/airflow/.local/lib/python3.8/site-packages/airflow/example_dags/example_sensors.py for tasks to queue
[2024-04-27T03:44:20.874+0000] {logging_mixin.py:154} INFO - [2024-04-27T03:44:20.873+0000] {dagbag.py:536} INFO - Filling up the DagBag from /home/airflow/.local/lib/python3.8/site-packages/airflow/example_dags/example_sensors.py
[2024-04-27T03:44:20.893+0000] {processor.py:839} INFO - DAG(s) dict_keys(['example_sensors']) retrieved from /home/airflow/.local/lib/python3.8/site-packages/airflow/example_dags/example_sensors.py
[2024-04-27T03:44:20.930+0000] {logging_mixin.py:154} INFO - [2024-04-27T03:44:20.930+0000] {dag.py:2941} INFO - Sync 1 DAGs
[2024-04-27T03:44:20.949+0000] {logging_mixin.py:154} INFO - [2024-04-27T03:44:20.949+0000] {dag.py:3722} INFO - Setting next_dagrun for example_sensors to None, run_after=None
[2024-04-27T03:44:20.977+0000] {processor.py:179} INFO - Processing /home/airflow/.local/lib/python3.8/site-packages/airflow/example_dags/example_sensors.py took 0.113 seconds
[2024-04-27T03:44:51.792+0000] {processor.py:157} INFO - Started process (PID=1004) to work on /home/airflow/.local/lib/python3.8/site-packages/airflow/example_dags/example_sensors.py
[2024-04-27T03:44:51.795+0000] {processor.py:829} INFO - Processing file /home/airflow/.local/lib/python3.8/site-packages/airflow/example_dags/example_sensors.py for tasks to queue
[2024-04-27T03:44:51.797+0000] {logging_mixin.py:154} INFO - [2024-04-27T03:44:51.796+0000] {dagbag.py:536} INFO - Filling up the DagBag from /home/airflow/.local/lib/python3.8/site-packages/airflow/example_dags/example_sensors.py
[2024-04-27T03:44:51.819+0000] {processor.py:839} INFO - DAG(s) dict_keys(['example_sensors']) retrieved from /home/airflow/.local/lib/python3.8/site-packages/airflow/example_dags/example_sensors.py
[2024-04-27T03:44:51.872+0000] {logging_mixin.py:154} INFO - [2024-04-27T03:44:51.871+0000] {dag.py:2941} INFO - Sync 1 DAGs
[2024-04-27T03:44:51.899+0000] {logging_mixin.py:154} INFO - [2024-04-27T03:44:51.899+0000] {dag.py:3722} INFO - Setting next_dagrun for example_sensors to None, run_after=None
[2024-04-27T03:44:51.936+0000] {processor.py:179} INFO - Processing /home/airflow/.local/lib/python3.8/site-packages/airflow/example_dags/example_sensors.py took 0.152 seconds
[2024-04-27T03:45:22.678+0000] {processor.py:157} INFO - Started process (PID=1247) to work on /home/airflow/.local/lib/python3.8/site-packages/airflow/example_dags/example_sensors.py
[2024-04-27T03:45:22.681+0000] {processor.py:829} INFO - Processing file /home/airflow/.local/lib/python3.8/site-packages/airflow/example_dags/example_sensors.py for tasks to queue
[2024-04-27T03:45:22.682+0000] {logging_mixin.py:154} INFO - [2024-04-27T03:45:22.682+0000] {dagbag.py:536} INFO - Filling up the DagBag from /home/airflow/.local/lib/python3.8/site-packages/airflow/example_dags/example_sensors.py
[2024-04-27T03:45:22.703+0000] {processor.py:839} INFO - DAG(s) dict_keys(['example_sensors']) retrieved from /home/airflow/.local/lib/python3.8/site-packages/airflow/example_dags/example_sensors.py
[2024-04-27T03:45:22.754+0000] {logging_mixin.py:154} INFO - [2024-04-27T03:45:22.753+0000] {dag.py:2941} INFO - Sync 1 DAGs
[2024-04-27T03:45:22.780+0000] {logging_mixin.py:154} INFO - [2024-04-27T03:45:22.780+0000] {dag.py:3722} INFO - Setting next_dagrun for example_sensors to None, run_after=None
[2024-04-27T03:45:22.821+0000] {processor.py:179} INFO - Processing /home/airflow/.local/lib/python3.8/site-packages/airflow/example_dags/example_sensors.py took 0.150 seconds
[2024-04-27T03:45:53.444+0000] {processor.py:157} INFO - Started process (PID=1490) to work on /home/airflow/.local/lib/python3.8/site-packages/airflow/example_dags/example_sensors.py
[2024-04-27T03:45:53.446+0000] {processor.py:829} INFO - Processing file /home/airflow/.local/lib/python3.8/site-packages/airflow/example_dags/example_sensors.py for tasks to queue
[2024-04-27T03:45:53.447+0000] {logging_mixin.py:154} INFO - [2024-04-27T03:45:53.447+0000] {dagbag.py:536} INFO - Filling up the DagBag from /home/airflow/.local/lib/python3.8/site-packages/airflow/example_dags/example_sensors.py
[2024-04-27T03:45:53.467+0000] {processor.py:839} INFO - DAG(s) dict_keys(['example_sensors']) retrieved from /home/airflow/.local/lib/python3.8/site-packages/airflow/example_dags/example_sensors.py
[2024-04-27T03:45:53.514+0000] {logging_mixin.py:154} INFO - [2024-04-27T03:45:53.514+0000] {dag.py:2941} INFO - Sync 1 DAGs
[2024-04-27T03:45:53.535+0000] {logging_mixin.py:154} INFO - [2024-04-27T03:45:53.535+0000] {dag.py:3722} INFO - Setting next_dagrun for example_sensors to None, run_after=None
[2024-04-27T03:45:53.565+0000] {processor.py:179} INFO - Processing /home/airflow/.local/lib/python3.8/site-packages/airflow/example_dags/example_sensors.py took 0.127 seconds
[2024-04-27T03:46:24.367+0000] {processor.py:157} INFO - Started process (PID=1733) to work on /home/airflow/.local/lib/python3.8/site-packages/airflow/example_dags/example_sensors.py
[2024-04-27T03:46:24.369+0000] {processor.py:829} INFO - Processing file /home/airflow/.local/lib/python3.8/site-packages/airflow/example_dags/example_sensors.py for tasks to queue
[2024-04-27T03:46:24.370+0000] {logging_mixin.py:154} INFO - [2024-04-27T03:46:24.370+0000] {dagbag.py:536} INFO - Filling up the DagBag from /home/airflow/.local/lib/python3.8/site-packages/airflow/example_dags/example_sensors.py
[2024-04-27T03:46:24.385+0000] {processor.py:839} INFO - DAG(s) dict_keys(['example_sensors']) retrieved from /home/airflow/.local/lib/python3.8/site-packages/airflow/example_dags/example_sensors.py
[2024-04-27T03:46:24.426+0000] {logging_mixin.py:154} INFO - [2024-04-27T03:46:24.426+0000] {dag.py:2941} INFO - Sync 1 DAGs
[2024-04-27T03:46:24.443+0000] {logging_mixin.py:154} INFO - [2024-04-27T03:46:24.443+0000] {dag.py:3722} INFO - Setting next_dagrun for example_sensors to None, run_after=None
[2024-04-27T03:46:24.474+0000] {processor.py:179} INFO - Processing /home/airflow/.local/lib/python3.8/site-packages/airflow/example_dags/example_sensors.py took 0.113 seconds
[2024-04-27T03:46:55.124+0000] {processor.py:157} INFO - Started process (PID=1979) to work on /home/airflow/.local/lib/python3.8/site-packages/airflow/example_dags/example_sensors.py
[2024-04-27T03:46:55.127+0000] {processor.py:829} INFO - Processing file /home/airflow/.local/lib/python3.8/site-packages/airflow/example_dags/example_sensors.py for tasks to queue
[2024-04-27T03:46:55.128+0000] {logging_mixin.py:154} INFO - [2024-04-27T03:46:55.127+0000] {dagbag.py:536} INFO - Filling up the DagBag from /home/airflow/.local/lib/python3.8/site-packages/airflow/example_dags/example_sensors.py
[2024-04-27T03:46:55.143+0000] {processor.py:839} INFO - DAG(s) dict_keys(['example_sensors']) retrieved from /home/airflow/.local/lib/python3.8/site-packages/airflow/example_dags/example_sensors.py
[2024-04-27T03:46:55.181+0000] {logging_mixin.py:154} INFO - [2024-04-27T03:46:55.181+0000] {dag.py:2941} INFO - Sync 1 DAGs
[2024-04-27T03:46:55.199+0000] {logging_mixin.py:154} INFO - [2024-04-27T03:46:55.199+0000] {dag.py:3722} INFO - Setting next_dagrun for example_sensors to None, run_after=None
[2024-04-27T03:46:55.226+0000] {processor.py:179} INFO - Processing /home/airflow/.local/lib/python3.8/site-packages/airflow/example_dags/example_sensors.py took 0.107 seconds
[2024-04-27T03:47:26.139+0000] {processor.py:157} INFO - Started process (PID=2220) to work on /home/airflow/.local/lib/python3.8/site-packages/airflow/example_dags/example_sensors.py
[2024-04-27T03:47:26.142+0000] {processor.py:829} INFO - Processing file /home/airflow/.local/lib/python3.8/site-packages/airflow/example_dags/example_sensors.py for tasks to queue
[2024-04-27T03:47:26.143+0000] {logging_mixin.py:154} INFO - [2024-04-27T03:47:26.143+0000] {dagbag.py:536} INFO - Filling up the DagBag from /home/airflow/.local/lib/python3.8/site-packages/airflow/example_dags/example_sensors.py
[2024-04-27T03:47:26.164+0000] {processor.py:839} INFO - DAG(s) dict_keys(['example_sensors']) retrieved from /home/airflow/.local/lib/python3.8/site-packages/airflow/example_dags/example_sensors.py
[2024-04-27T03:47:26.219+0000] {logging_mixin.py:154} INFO - [2024-04-27T03:47:26.219+0000] {dag.py:2941} INFO - Sync 1 DAGs
[2024-04-27T03:47:26.242+0000] {logging_mixin.py:154} INFO - [2024-04-27T03:47:26.241+0000] {dag.py:3722} INFO - Setting next_dagrun for example_sensors to None, run_after=None
[2024-04-27T03:47:26.279+0000] {processor.py:179} INFO - Processing /home/airflow/.local/lib/python3.8/site-packages/airflow/example_dags/example_sensors.py took 0.146 seconds
