[2024-04-27T03:43:18.793+0000] {processor.py:157} INFO - Started process (PID=203) to work on /home/airflow/.local/lib/python3.8/site-packages/airflow/example_dags/example_setup_teardown_taskflow.py
[2024-04-27T03:43:18.795+0000] {processor.py:829} INFO - Processing file /home/airflow/.local/lib/python3.8/site-packages/airflow/example_dags/example_setup_teardown_taskflow.py for tasks to queue
[2024-04-27T03:43:18.796+0000] {logging_mixin.py:154} INFO - [2024-04-27T03:43:18.796+0000] {dagbag.py:536} INFO - Filling up the DagBag from /home/airflow/.local/lib/python3.8/site-packages/airflow/example_dags/example_setup_teardown_taskflow.py
[2024-04-27T03:43:18.823+0000] {processor.py:839} INFO - DAG(s) dict_keys(['example_setup_teardown_taskflow']) retrieved from /home/airflow/.local/lib/python3.8/site-packages/airflow/example_dags/example_setup_teardown_taskflow.py
[2024-04-27T03:43:18.846+0000] {logging_mixin.py:154} INFO - [2024-04-27T03:43:18.846+0000] {dag.py:2941} INFO - Sync 1 DAGs
[2024-04-27T03:43:18.881+0000] {logging_mixin.py:154} INFO - [2024-04-27T03:43:18.881+0000] {dag.py:3722} INFO - Setting next_dagrun for example_setup_teardown_taskflow to 2024-04-26T03:43:18.880827+00:00, run_after=2024-04-27T03:43:18.880827+00:00
[2024-04-27T03:43:18.911+0000] {processor.py:179} INFO - Processing /home/airflow/.local/lib/python3.8/site-packages/airflow/example_dags/example_setup_teardown_taskflow.py took 0.125 seconds
[2024-04-27T03:43:49.232+0000] {processor.py:157} INFO - Started process (PID=450) to work on /home/airflow/.local/lib/python3.8/site-packages/airflow/example_dags/example_setup_teardown_taskflow.py
[2024-04-27T03:43:49.237+0000] {processor.py:829} INFO - Processing file /home/airflow/.local/lib/python3.8/site-packages/airflow/example_dags/example_setup_teardown_taskflow.py for tasks to queue
[2024-04-27T03:43:49.239+0000] {logging_mixin.py:154} INFO - [2024-04-27T03:43:49.238+0000] {dagbag.py:536} INFO - Filling up the DagBag from /home/airflow/.local/lib/python3.8/site-packages/airflow/example_dags/example_setup_teardown_taskflow.py
[2024-04-27T03:43:49.258+0000] {processor.py:839} INFO - DAG(s) dict_keys(['example_setup_teardown_taskflow']) retrieved from /home/airflow/.local/lib/python3.8/site-packages/airflow/example_dags/example_setup_teardown_taskflow.py
[2024-04-27T03:43:49.291+0000] {logging_mixin.py:154} INFO - [2024-04-27T03:43:49.290+0000] {dag.py:2941} INFO - Sync 1 DAGs
[2024-04-27T03:43:49.320+0000] {logging_mixin.py:154} INFO - [2024-04-27T03:43:49.320+0000] {dag.py:3722} INFO - Setting next_dagrun for example_setup_teardown_taskflow to 2024-04-26T03:43:49.319804+00:00, run_after=2024-04-27T03:43:49.319804+00:00
[2024-04-27T03:43:49.350+0000] {processor.py:179} INFO - Processing /home/airflow/.local/lib/python3.8/site-packages/airflow/example_dags/example_setup_teardown_taskflow.py took 0.124 seconds
[2024-04-27T03:44:19.413+0000] {processor.py:157} INFO - Started process (PID=693) to work on /home/airflow/.local/lib/python3.8/site-packages/airflow/example_dags/example_setup_teardown_taskflow.py
[2024-04-27T03:44:19.417+0000] {processor.py:829} INFO - Processing file /home/airflow/.local/lib/python3.8/site-packages/airflow/example_dags/example_setup_teardown_taskflow.py for tasks to queue
[2024-04-27T03:44:19.419+0000] {logging_mixin.py:154} INFO - [2024-04-27T03:44:19.418+0000] {dagbag.py:536} INFO - Filling up the DagBag from /home/airflow/.local/lib/python3.8/site-packages/airflow/example_dags/example_setup_teardown_taskflow.py
[2024-04-27T03:44:19.435+0000] {processor.py:839} INFO - DAG(s) dict_keys(['example_setup_teardown_taskflow']) retrieved from /home/airflow/.local/lib/python3.8/site-packages/airflow/example_dags/example_setup_teardown_taskflow.py
[2024-04-27T03:44:19.478+0000] {logging_mixin.py:154} INFO - [2024-04-27T03:44:19.478+0000] {dag.py:2941} INFO - Sync 1 DAGs
[2024-04-27T03:44:19.522+0000] {logging_mixin.py:154} INFO - [2024-04-27T03:44:19.522+0000] {dag.py:3722} INFO - Setting next_dagrun for example_setup_teardown_taskflow to 2024-04-26T03:44:19.521148+00:00, run_after=2024-04-27T03:44:19.521148+00:00
[2024-04-27T03:44:19.558+0000] {processor.py:179} INFO - Processing /home/airflow/.local/lib/python3.8/site-packages/airflow/example_dags/example_setup_teardown_taskflow.py took 0.152 seconds
[2024-04-27T03:44:49.805+0000] {processor.py:157} INFO - Started process (PID=936) to work on /home/airflow/.local/lib/python3.8/site-packages/airflow/example_dags/example_setup_teardown_taskflow.py
[2024-04-27T03:44:49.806+0000] {processor.py:829} INFO - Processing file /home/airflow/.local/lib/python3.8/site-packages/airflow/example_dags/example_setup_teardown_taskflow.py for tasks to queue
[2024-04-27T03:44:49.807+0000] {logging_mixin.py:154} INFO - [2024-04-27T03:44:49.807+0000] {dagbag.py:536} INFO - Filling up the DagBag from /home/airflow/.local/lib/python3.8/site-packages/airflow/example_dags/example_setup_teardown_taskflow.py
[2024-04-27T03:44:49.822+0000] {processor.py:839} INFO - DAG(s) dict_keys(['example_setup_teardown_taskflow']) retrieved from /home/airflow/.local/lib/python3.8/site-packages/airflow/example_dags/example_setup_teardown_taskflow.py
[2024-04-27T03:44:49.854+0000] {logging_mixin.py:154} INFO - [2024-04-27T03:44:49.853+0000] {dag.py:2941} INFO - Sync 1 DAGs
[2024-04-27T03:44:49.888+0000] {logging_mixin.py:154} INFO - [2024-04-27T03:44:49.888+0000] {dag.py:3722} INFO - Setting next_dagrun for example_setup_teardown_taskflow to 2024-04-26T03:44:49.887790+00:00, run_after=2024-04-27T03:44:49.887790+00:00
[2024-04-27T03:44:49.925+0000] {processor.py:179} INFO - Processing /home/airflow/.local/lib/python3.8/site-packages/airflow/example_dags/example_setup_teardown_taskflow.py took 0.125 seconds
[2024-04-27T03:45:20.527+0000] {processor.py:157} INFO - Started process (PID=1177) to work on /home/airflow/.local/lib/python3.8/site-packages/airflow/example_dags/example_setup_teardown_taskflow.py
[2024-04-27T03:45:20.534+0000] {processor.py:829} INFO - Processing file /home/airflow/.local/lib/python3.8/site-packages/airflow/example_dags/example_setup_teardown_taskflow.py for tasks to queue
[2024-04-27T03:45:20.535+0000] {logging_mixin.py:154} INFO - [2024-04-27T03:45:20.535+0000] {dagbag.py:536} INFO - Filling up the DagBag from /home/airflow/.local/lib/python3.8/site-packages/airflow/example_dags/example_setup_teardown_taskflow.py
[2024-04-27T03:45:20.561+0000] {processor.py:839} INFO - DAG(s) dict_keys(['example_setup_teardown_taskflow']) retrieved from /home/airflow/.local/lib/python3.8/site-packages/airflow/example_dags/example_setup_teardown_taskflow.py
[2024-04-27T03:45:20.629+0000] {logging_mixin.py:154} INFO - [2024-04-27T03:45:20.628+0000] {dag.py:2941} INFO - Sync 1 DAGs
[2024-04-27T03:45:20.677+0000] {logging_mixin.py:154} INFO - [2024-04-27T03:45:20.677+0000] {dag.py:3722} INFO - Setting next_dagrun for example_setup_teardown_taskflow to 2024-04-26T03:45:20.676686+00:00, run_after=2024-04-27T03:45:20.676686+00:00
[2024-04-27T03:45:20.715+0000] {processor.py:179} INFO - Processing /home/airflow/.local/lib/python3.8/site-packages/airflow/example_dags/example_setup_teardown_taskflow.py took 0.196 seconds
[2024-04-27T03:45:50.924+0000] {processor.py:157} INFO - Started process (PID=1420) to work on /home/airflow/.local/lib/python3.8/site-packages/airflow/example_dags/example_setup_teardown_taskflow.py
[2024-04-27T03:45:50.926+0000] {processor.py:829} INFO - Processing file /home/airflow/.local/lib/python3.8/site-packages/airflow/example_dags/example_setup_teardown_taskflow.py for tasks to queue
[2024-04-27T03:45:50.927+0000] {logging_mixin.py:154} INFO - [2024-04-27T03:45:50.927+0000] {dagbag.py:536} INFO - Filling up the DagBag from /home/airflow/.local/lib/python3.8/site-packages/airflow/example_dags/example_setup_teardown_taskflow.py
[2024-04-27T03:45:50.943+0000] {processor.py:839} INFO - DAG(s) dict_keys(['example_setup_teardown_taskflow']) retrieved from /home/airflow/.local/lib/python3.8/site-packages/airflow/example_dags/example_setup_teardown_taskflow.py
[2024-04-27T03:45:50.981+0000] {logging_mixin.py:154} INFO - [2024-04-27T03:45:50.981+0000] {dag.py:2941} INFO - Sync 1 DAGs
[2024-04-27T03:45:51.021+0000] {logging_mixin.py:154} INFO - [2024-04-27T03:45:51.020+0000] {dag.py:3722} INFO - Setting next_dagrun for example_setup_teardown_taskflow to 2024-04-26T03:45:51.020444+00:00, run_after=2024-04-27T03:45:51.020444+00:00
[2024-04-27T03:45:51.054+0000] {processor.py:179} INFO - Processing /home/airflow/.local/lib/python3.8/site-packages/airflow/example_dags/example_setup_teardown_taskflow.py took 0.138 seconds
[2024-04-27T03:46:21.939+0000] {processor.py:157} INFO - Started process (PID=1663) to work on /home/airflow/.local/lib/python3.8/site-packages/airflow/example_dags/example_setup_teardown_taskflow.py
[2024-04-27T03:46:21.942+0000] {processor.py:829} INFO - Processing file /home/airflow/.local/lib/python3.8/site-packages/airflow/example_dags/example_setup_teardown_taskflow.py for tasks to queue
[2024-04-27T03:46:21.944+0000] {logging_mixin.py:154} INFO - [2024-04-27T03:46:21.943+0000] {dagbag.py:536} INFO - Filling up the DagBag from /home/airflow/.local/lib/python3.8/site-packages/airflow/example_dags/example_setup_teardown_taskflow.py
[2024-04-27T03:46:21.960+0000] {processor.py:839} INFO - DAG(s) dict_keys(['example_setup_teardown_taskflow']) retrieved from /home/airflow/.local/lib/python3.8/site-packages/airflow/example_dags/example_setup_teardown_taskflow.py
[2024-04-27T03:46:21.994+0000] {logging_mixin.py:154} INFO - [2024-04-27T03:46:21.994+0000] {dag.py:2941} INFO - Sync 1 DAGs
[2024-04-27T03:46:22.024+0000] {logging_mixin.py:154} INFO - [2024-04-27T03:46:22.024+0000] {dag.py:3722} INFO - Setting next_dagrun for example_setup_teardown_taskflow to 2024-04-26T03:46:22.024208+00:00, run_after=2024-04-27T03:46:22.024208+00:00
[2024-04-27T03:46:22.057+0000] {processor.py:179} INFO - Processing /home/airflow/.local/lib/python3.8/site-packages/airflow/example_dags/example_setup_teardown_taskflow.py took 0.124 seconds
[2024-04-27T03:46:52.399+0000] {processor.py:157} INFO - Started process (PID=1909) to work on /home/airflow/.local/lib/python3.8/site-packages/airflow/example_dags/example_setup_teardown_taskflow.py
[2024-04-27T03:46:52.401+0000] {processor.py:829} INFO - Processing file /home/airflow/.local/lib/python3.8/site-packages/airflow/example_dags/example_setup_teardown_taskflow.py for tasks to queue
[2024-04-27T03:46:52.402+0000] {logging_mixin.py:154} INFO - [2024-04-27T03:46:52.402+0000] {dagbag.py:536} INFO - Filling up the DagBag from /home/airflow/.local/lib/python3.8/site-packages/airflow/example_dags/example_setup_teardown_taskflow.py
[2024-04-27T03:46:52.417+0000] {processor.py:839} INFO - DAG(s) dict_keys(['example_setup_teardown_taskflow']) retrieved from /home/airflow/.local/lib/python3.8/site-packages/airflow/example_dags/example_setup_teardown_taskflow.py
[2024-04-27T03:46:52.452+0000] {logging_mixin.py:154} INFO - [2024-04-27T03:46:52.451+0000] {dag.py:2941} INFO - Sync 1 DAGs
[2024-04-27T03:46:52.484+0000] {logging_mixin.py:154} INFO - [2024-04-27T03:46:52.484+0000] {dag.py:3722} INFO - Setting next_dagrun for example_setup_teardown_taskflow to 2024-04-26T03:46:52.484095+00:00, run_after=2024-04-27T03:46:52.484095+00:00
[2024-04-27T03:46:52.514+0000] {processor.py:179} INFO - Processing /home/airflow/.local/lib/python3.8/site-packages/airflow/example_dags/example_setup_teardown_taskflow.py took 0.121 seconds
[2024-04-27T03:47:22.843+0000] {processor.py:157} INFO - Started process (PID=2152) to work on /home/airflow/.local/lib/python3.8/site-packages/airflow/example_dags/example_setup_teardown_taskflow.py
[2024-04-27T03:47:22.845+0000] {processor.py:829} INFO - Processing file /home/airflow/.local/lib/python3.8/site-packages/airflow/example_dags/example_setup_teardown_taskflow.py for tasks to queue
[2024-04-27T03:47:22.847+0000] {logging_mixin.py:154} INFO - [2024-04-27T03:47:22.846+0000] {dagbag.py:536} INFO - Filling up the DagBag from /home/airflow/.local/lib/python3.8/site-packages/airflow/example_dags/example_setup_teardown_taskflow.py
[2024-04-27T03:47:22.871+0000] {processor.py:839} INFO - DAG(s) dict_keys(['example_setup_teardown_taskflow']) retrieved from /home/airflow/.local/lib/python3.8/site-packages/airflow/example_dags/example_setup_teardown_taskflow.py
[2024-04-27T03:47:22.910+0000] {logging_mixin.py:154} INFO - [2024-04-27T03:47:22.909+0000] {dag.py:2941} INFO - Sync 1 DAGs
[2024-04-27T03:47:22.946+0000] {logging_mixin.py:154} INFO - [2024-04-27T03:47:22.946+0000] {dag.py:3722} INFO - Setting next_dagrun for example_setup_teardown_taskflow to 2024-04-26T03:47:22.945872+00:00, run_after=2024-04-27T03:47:22.945872+00:00
[2024-04-27T03:47:22.982+0000] {processor.py:179} INFO - Processing /home/airflow/.local/lib/python3.8/site-packages/airflow/example_dags/example_setup_teardown_taskflow.py took 0.144 seconds
