[2024-04-27T03:43:22.571+0000] {processor.py:157} INFO - Started process (PID=370) to work on /home/airflow/.local/lib/python3.8/site-packages/airflow/example_dags/example_bash_operator.py
[2024-04-27T03:43:22.573+0000] {processor.py:829} INFO - Processing file /home/airflow/.local/lib/python3.8/site-packages/airflow/example_dags/example_bash_operator.py for tasks to queue
[2024-04-27T03:43:22.574+0000] {logging_mixin.py:154} INFO - [2024-04-27T03:43:22.574+0000] {dagbag.py:536} INFO - Filling up the DagBag from /home/airflow/.local/lib/python3.8/site-packages/airflow/example_dags/example_bash_operator.py
[2024-04-27T03:43:22.602+0000] {processor.py:839} INFO - DAG(s) dict_keys(['example_bash_operator']) retrieved from /home/airflow/.local/lib/python3.8/site-packages/airflow/example_dags/example_bash_operator.py
[2024-04-27T03:43:22.625+0000] {logging_mixin.py:154} INFO - [2024-04-27T03:43:22.625+0000] {dag.py:2941} INFO - Sync 1 DAGs
[2024-04-27T03:43:22.680+0000] {logging_mixin.py:154} INFO - [2024-04-27T03:43:22.679+0000] {dag.py:3722} INFO - Setting next_dagrun for example_bash_operator to 2024-04-26T00:00:00+00:00, run_after=2024-04-27T00:00:00+00:00
[2024-04-27T03:43:22.714+0000] {processor.py:179} INFO - Processing /home/airflow/.local/lib/python3.8/site-packages/airflow/example_dags/example_bash_operator.py took 0.150 seconds
[2024-04-27T03:43:53.010+0000] {processor.py:157} INFO - Started process (PID=615) to work on /home/airflow/.local/lib/python3.8/site-packages/airflow/example_dags/example_bash_operator.py
[2024-04-27T03:43:53.014+0000] {processor.py:829} INFO - Processing file /home/airflow/.local/lib/python3.8/site-packages/airflow/example_dags/example_bash_operator.py for tasks to queue
[2024-04-27T03:43:53.015+0000] {logging_mixin.py:154} INFO - [2024-04-27T03:43:53.015+0000] {dagbag.py:536} INFO - Filling up the DagBag from /home/airflow/.local/lib/python3.8/site-packages/airflow/example_dags/example_bash_operator.py
[2024-04-27T03:43:53.040+0000] {processor.py:839} INFO - DAG(s) dict_keys(['example_bash_operator']) retrieved from /home/airflow/.local/lib/python3.8/site-packages/airflow/example_dags/example_bash_operator.py
[2024-04-27T03:43:53.096+0000] {logging_mixin.py:154} INFO - [2024-04-27T03:43:53.095+0000] {dag.py:2941} INFO - Sync 1 DAGs
[2024-04-27T03:43:53.145+0000] {logging_mixin.py:154} INFO - [2024-04-27T03:43:53.145+0000] {dag.py:3722} INFO - Setting next_dagrun for example_bash_operator to 2024-04-26T00:00:00+00:00, run_after=2024-04-27T00:00:00+00:00
[2024-04-27T03:43:53.174+0000] {processor.py:179} INFO - Processing /home/airflow/.local/lib/python3.8/site-packages/airflow/example_dags/example_bash_operator.py took 0.171 seconds
[2024-04-27T03:44:23.917+0000] {processor.py:157} INFO - Started process (PID=858) to work on /home/airflow/.local/lib/python3.8/site-packages/airflow/example_dags/example_bash_operator.py
[2024-04-27T03:44:23.919+0000] {processor.py:829} INFO - Processing file /home/airflow/.local/lib/python3.8/site-packages/airflow/example_dags/example_bash_operator.py for tasks to queue
[2024-04-27T03:44:23.920+0000] {logging_mixin.py:154} INFO - [2024-04-27T03:44:23.920+0000] {dagbag.py:536} INFO - Filling up the DagBag from /home/airflow/.local/lib/python3.8/site-packages/airflow/example_dags/example_bash_operator.py
[2024-04-27T03:44:23.942+0000] {processor.py:839} INFO - DAG(s) dict_keys(['example_bash_operator']) retrieved from /home/airflow/.local/lib/python3.8/site-packages/airflow/example_dags/example_bash_operator.py
[2024-04-27T03:44:23.984+0000] {logging_mixin.py:154} INFO - [2024-04-27T03:44:23.984+0000] {dag.py:2941} INFO - Sync 1 DAGs
[2024-04-27T03:44:24.017+0000] {logging_mixin.py:154} INFO - [2024-04-27T03:44:24.017+0000] {dag.py:3722} INFO - Setting next_dagrun for example_bash_operator to 2024-04-26T00:00:00+00:00, run_after=2024-04-27T00:00:00+00:00
[2024-04-27T03:44:24.049+0000] {processor.py:179} INFO - Processing /home/airflow/.local/lib/python3.8/site-packages/airflow/example_dags/example_bash_operator.py took 0.139 seconds
[2024-04-27T03:44:55.351+0000] {processor.py:157} INFO - Started process (PID=1106) to work on /home/airflow/.local/lib/python3.8/site-packages/airflow/example_dags/example_bash_operator.py
[2024-04-27T03:44:55.353+0000] {processor.py:829} INFO - Processing file /home/airflow/.local/lib/python3.8/site-packages/airflow/example_dags/example_bash_operator.py for tasks to queue
[2024-04-27T03:44:55.355+0000] {logging_mixin.py:154} INFO - [2024-04-27T03:44:55.354+0000] {dagbag.py:536} INFO - Filling up the DagBag from /home/airflow/.local/lib/python3.8/site-packages/airflow/example_dags/example_bash_operator.py
[2024-04-27T03:44:55.379+0000] {processor.py:839} INFO - DAG(s) dict_keys(['example_bash_operator']) retrieved from /home/airflow/.local/lib/python3.8/site-packages/airflow/example_dags/example_bash_operator.py
[2024-04-27T03:44:55.444+0000] {logging_mixin.py:154} INFO - [2024-04-27T03:44:55.443+0000] {dag.py:2941} INFO - Sync 1 DAGs
[2024-04-27T03:44:55.493+0000] {logging_mixin.py:154} INFO - [2024-04-27T03:44:55.492+0000] {dag.py:3722} INFO - Setting next_dagrun for example_bash_operator to 2024-04-26T00:00:00+00:00, run_after=2024-04-27T00:00:00+00:00
[2024-04-27T03:44:55.523+0000] {processor.py:179} INFO - Processing /home/airflow/.local/lib/python3.8/site-packages/airflow/example_dags/example_bash_operator.py took 0.178 seconds
[2024-04-27T03:45:26.628+0000] {processor.py:157} INFO - Started process (PID=1347) to work on /home/airflow/.local/lib/python3.8/site-packages/airflow/example_dags/example_bash_operator.py
[2024-04-27T03:45:26.638+0000] {processor.py:829} INFO - Processing file /home/airflow/.local/lib/python3.8/site-packages/airflow/example_dags/example_bash_operator.py for tasks to queue
[2024-04-27T03:45:26.639+0000] {logging_mixin.py:154} INFO - [2024-04-27T03:45:26.639+0000] {dagbag.py:536} INFO - Filling up the DagBag from /home/airflow/.local/lib/python3.8/site-packages/airflow/example_dags/example_bash_operator.py
[2024-04-27T03:45:26.666+0000] {processor.py:839} INFO - DAG(s) dict_keys(['example_bash_operator']) retrieved from /home/airflow/.local/lib/python3.8/site-packages/airflow/example_dags/example_bash_operator.py
[2024-04-27T03:45:26.754+0000] {logging_mixin.py:154} INFO - [2024-04-27T03:45:26.754+0000] {dag.py:2941} INFO - Sync 1 DAGs
[2024-04-27T03:45:26.814+0000] {logging_mixin.py:154} INFO - [2024-04-27T03:45:26.814+0000] {dag.py:3722} INFO - Setting next_dagrun for example_bash_operator to 2024-04-26T00:00:00+00:00, run_after=2024-04-27T00:00:00+00:00
[2024-04-27T03:45:26.857+0000] {processor.py:179} INFO - Processing /home/airflow/.local/lib/python3.8/site-packages/airflow/example_dags/example_bash_operator.py took 0.242 seconds
[2024-04-27T03:45:57.345+0000] {processor.py:157} INFO - Started process (PID=1590) to work on /home/airflow/.local/lib/python3.8/site-packages/airflow/example_dags/example_bash_operator.py
[2024-04-27T03:45:57.348+0000] {processor.py:829} INFO - Processing file /home/airflow/.local/lib/python3.8/site-packages/airflow/example_dags/example_bash_operator.py for tasks to queue
[2024-04-27T03:45:57.350+0000] {logging_mixin.py:154} INFO - [2024-04-27T03:45:57.349+0000] {dagbag.py:536} INFO - Filling up the DagBag from /home/airflow/.local/lib/python3.8/site-packages/airflow/example_dags/example_bash_operator.py
[2024-04-27T03:45:57.373+0000] {processor.py:839} INFO - DAG(s) dict_keys(['example_bash_operator']) retrieved from /home/airflow/.local/lib/python3.8/site-packages/airflow/example_dags/example_bash_operator.py
[2024-04-27T03:45:57.418+0000] {logging_mixin.py:154} INFO - [2024-04-27T03:45:57.417+0000] {dag.py:2941} INFO - Sync 1 DAGs
[2024-04-27T03:45:57.457+0000] {logging_mixin.py:154} INFO - [2024-04-27T03:45:57.457+0000] {dag.py:3722} INFO - Setting next_dagrun for example_bash_operator to 2024-04-26T00:00:00+00:00, run_after=2024-04-27T00:00:00+00:00
[2024-04-27T03:45:57.490+0000] {processor.py:179} INFO - Processing /home/airflow/.local/lib/python3.8/site-packages/airflow/example_dags/example_bash_operator.py took 0.152 seconds
[2024-04-27T03:46:28.344+0000] {processor.py:157} INFO - Started process (PID=1833) to work on /home/airflow/.local/lib/python3.8/site-packages/airflow/example_dags/example_bash_operator.py
[2024-04-27T03:46:28.347+0000] {processor.py:829} INFO - Processing file /home/airflow/.local/lib/python3.8/site-packages/airflow/example_dags/example_bash_operator.py for tasks to queue
[2024-04-27T03:46:28.348+0000] {logging_mixin.py:154} INFO - [2024-04-27T03:46:28.348+0000] {dagbag.py:536} INFO - Filling up the DagBag from /home/airflow/.local/lib/python3.8/site-packages/airflow/example_dags/example_bash_operator.py
[2024-04-27T03:46:28.372+0000] {processor.py:839} INFO - DAG(s) dict_keys(['example_bash_operator']) retrieved from /home/airflow/.local/lib/python3.8/site-packages/airflow/example_dags/example_bash_operator.py
[2024-04-27T03:46:28.441+0000] {logging_mixin.py:154} INFO - [2024-04-27T03:46:28.440+0000] {dag.py:2941} INFO - Sync 1 DAGs
[2024-04-27T03:46:28.480+0000] {logging_mixin.py:154} INFO - [2024-04-27T03:46:28.480+0000] {dag.py:3722} INFO - Setting next_dagrun for example_bash_operator to 2024-04-26T00:00:00+00:00, run_after=2024-04-27T00:00:00+00:00
[2024-04-27T03:46:28.507+0000] {processor.py:179} INFO - Processing /home/airflow/.local/lib/python3.8/site-packages/airflow/example_dags/example_bash_operator.py took 0.170 seconds
[2024-04-27T03:46:59.072+0000] {processor.py:157} INFO - Started process (PID=2077) to work on /home/airflow/.local/lib/python3.8/site-packages/airflow/example_dags/example_bash_operator.py
[2024-04-27T03:46:59.074+0000] {processor.py:829} INFO - Processing file /home/airflow/.local/lib/python3.8/site-packages/airflow/example_dags/example_bash_operator.py for tasks to queue
[2024-04-27T03:46:59.076+0000] {logging_mixin.py:154} INFO - [2024-04-27T03:46:59.076+0000] {dagbag.py:536} INFO - Filling up the DagBag from /home/airflow/.local/lib/python3.8/site-packages/airflow/example_dags/example_bash_operator.py
[2024-04-27T03:46:59.097+0000] {processor.py:839} INFO - DAG(s) dict_keys(['example_bash_operator']) retrieved from /home/airflow/.local/lib/python3.8/site-packages/airflow/example_dags/example_bash_operator.py
[2024-04-27T03:46:59.164+0000] {logging_mixin.py:154} INFO - [2024-04-27T03:46:59.163+0000] {dag.py:2941} INFO - Sync 1 DAGs
[2024-04-27T03:46:59.201+0000] {logging_mixin.py:154} INFO - [2024-04-27T03:46:59.201+0000] {dag.py:3722} INFO - Setting next_dagrun for example_bash_operator to 2024-04-26T00:00:00+00:00, run_after=2024-04-27T00:00:00+00:00
[2024-04-27T03:46:59.235+0000] {processor.py:179} INFO - Processing /home/airflow/.local/lib/python3.8/site-packages/airflow/example_dags/example_bash_operator.py took 0.170 seconds
[2024-04-27T03:47:30.022+0000] {processor.py:157} INFO - Started process (PID=2320) to work on /home/airflow/.local/lib/python3.8/site-packages/airflow/example_dags/example_bash_operator.py
[2024-04-27T03:47:30.024+0000] {processor.py:829} INFO - Processing file /home/airflow/.local/lib/python3.8/site-packages/airflow/example_dags/example_bash_operator.py for tasks to queue
[2024-04-27T03:47:30.026+0000] {logging_mixin.py:154} INFO - [2024-04-27T03:47:30.025+0000] {dagbag.py:536} INFO - Filling up the DagBag from /home/airflow/.local/lib/python3.8/site-packages/airflow/example_dags/example_bash_operator.py
[2024-04-27T03:47:30.052+0000] {processor.py:839} INFO - DAG(s) dict_keys(['example_bash_operator']) retrieved from /home/airflow/.local/lib/python3.8/site-packages/airflow/example_dags/example_bash_operator.py
[2024-04-27T03:47:30.116+0000] {logging_mixin.py:154} INFO - [2024-04-27T03:47:30.116+0000] {dag.py:2941} INFO - Sync 1 DAGs
[2024-04-27T03:47:30.164+0000] {logging_mixin.py:154} INFO - [2024-04-27T03:47:30.163+0000] {dag.py:3722} INFO - Setting next_dagrun for example_bash_operator to 2024-04-26T00:00:00+00:00, run_after=2024-04-27T00:00:00+00:00
[2024-04-27T03:47:30.196+0000] {processor.py:179} INFO - Processing /home/airflow/.local/lib/python3.8/site-packages/airflow/example_dags/example_bash_operator.py took 0.182 seconds
