[2024-04-27T03:43:18.945+0000] {processor.py:157} INFO - Started process (PID=210) to work on /home/airflow/.local/lib/python3.8/site-packages/airflow/example_dags/example_external_task_marker_dag.py
[2024-04-27T03:43:18.946+0000] {processor.py:829} INFO - Processing file /home/airflow/.local/lib/python3.8/site-packages/airflow/example_dags/example_external_task_marker_dag.py for tasks to queue
[2024-04-27T03:43:18.948+0000] {logging_mixin.py:154} INFO - [2024-04-27T03:43:18.947+0000] {dagbag.py:536} INFO - Filling up the DagBag from /home/airflow/.local/lib/python3.8/site-packages/airflow/example_dags/example_external_task_marker_dag.py
[2024-04-27T03:43:18.961+0000] {processor.py:839} INFO - DAG(s) dict_keys(['example_external_task_marker_child', 'example_external_task_marker_parent']) retrieved from /home/airflow/.local/lib/python3.8/site-packages/airflow/example_dags/example_external_task_marker_dag.py
[2024-04-27T03:43:18.980+0000] {logging_mixin.py:154} INFO - [2024-04-27T03:43:18.979+0000] {dag.py:2941} INFO - Sync 2 DAGs
[2024-04-27T03:43:18.999+0000] {logging_mixin.py:154} INFO - [2024-04-27T03:43:18.999+0000] {dag.py:3722} INFO - Setting next_dagrun for example_external_task_marker_child to None, run_after=None
[2024-04-27T03:43:19.004+0000] {logging_mixin.py:154} INFO - [2024-04-27T03:43:19.004+0000] {dag.py:3722} INFO - Setting next_dagrun for example_external_task_marker_parent to None, run_after=None
[2024-04-27T03:43:19.025+0000] {processor.py:179} INFO - Processing /home/airflow/.local/lib/python3.8/site-packages/airflow/example_dags/example_external_task_marker_dag.py took 0.085 seconds
[2024-04-27T03:43:49.383+0000] {processor.py:157} INFO - Started process (PID=457) to work on /home/airflow/.local/lib/python3.8/site-packages/airflow/example_dags/example_external_task_marker_dag.py
[2024-04-27T03:43:49.387+0000] {processor.py:829} INFO - Processing file /home/airflow/.local/lib/python3.8/site-packages/airflow/example_dags/example_external_task_marker_dag.py for tasks to queue
[2024-04-27T03:43:49.388+0000] {logging_mixin.py:154} INFO - [2024-04-27T03:43:49.388+0000] {dagbag.py:536} INFO - Filling up the DagBag from /home/airflow/.local/lib/python3.8/site-packages/airflow/example_dags/example_external_task_marker_dag.py
[2024-04-27T03:43:49.397+0000] {processor.py:839} INFO - DAG(s) dict_keys(['example_external_task_marker_parent', 'example_external_task_marker_child']) retrieved from /home/airflow/.local/lib/python3.8/site-packages/airflow/example_dags/example_external_task_marker_dag.py
[2024-04-27T03:43:49.436+0000] {logging_mixin.py:154} INFO - [2024-04-27T03:43:49.436+0000] {dag.py:2941} INFO - Sync 2 DAGs
[2024-04-27T03:43:49.455+0000] {logging_mixin.py:154} INFO - [2024-04-27T03:43:49.454+0000] {dag.py:3722} INFO - Setting next_dagrun for example_external_task_marker_child to None, run_after=None
[2024-04-27T03:43:49.460+0000] {logging_mixin.py:154} INFO - [2024-04-27T03:43:49.460+0000] {dag.py:3722} INFO - Setting next_dagrun for example_external_task_marker_parent to None, run_after=None
[2024-04-27T03:43:49.485+0000] {processor.py:179} INFO - Processing /home/airflow/.local/lib/python3.8/site-packages/airflow/example_dags/example_external_task_marker_dag.py took 0.108 seconds
[2024-04-27T03:44:19.600+0000] {processor.py:157} INFO - Started process (PID=698) to work on /home/airflow/.local/lib/python3.8/site-packages/airflow/example_dags/example_external_task_marker_dag.py
[2024-04-27T03:44:19.603+0000] {processor.py:829} INFO - Processing file /home/airflow/.local/lib/python3.8/site-packages/airflow/example_dags/example_external_task_marker_dag.py for tasks to queue
[2024-04-27T03:44:19.604+0000] {logging_mixin.py:154} INFO - [2024-04-27T03:44:19.603+0000] {dagbag.py:536} INFO - Filling up the DagBag from /home/airflow/.local/lib/python3.8/site-packages/airflow/example_dags/example_external_task_marker_dag.py
[2024-04-27T03:44:19.613+0000] {processor.py:839} INFO - DAG(s) dict_keys(['example_external_task_marker_child', 'example_external_task_marker_parent']) retrieved from /home/airflow/.local/lib/python3.8/site-packages/airflow/example_dags/example_external_task_marker_dag.py
[2024-04-27T03:44:19.653+0000] {logging_mixin.py:154} INFO - [2024-04-27T03:44:19.653+0000] {dag.py:2941} INFO - Sync 2 DAGs
[2024-04-27T03:44:19.674+0000] {logging_mixin.py:154} INFO - [2024-04-27T03:44:19.673+0000] {dag.py:3722} INFO - Setting next_dagrun for example_external_task_marker_child to None, run_after=None
[2024-04-27T03:44:19.679+0000] {logging_mixin.py:154} INFO - [2024-04-27T03:44:19.678+0000] {dag.py:3722} INFO - Setting next_dagrun for example_external_task_marker_parent to None, run_after=None
[2024-04-27T03:44:19.709+0000] {processor.py:179} INFO - Processing /home/airflow/.local/lib/python3.8/site-packages/airflow/example_dags/example_external_task_marker_dag.py took 0.115 seconds
[2024-04-27T03:44:49.974+0000] {processor.py:157} INFO - Started process (PID=941) to work on /home/airflow/.local/lib/python3.8/site-packages/airflow/example_dags/example_external_task_marker_dag.py
[2024-04-27T03:44:49.977+0000] {processor.py:829} INFO - Processing file /home/airflow/.local/lib/python3.8/site-packages/airflow/example_dags/example_external_task_marker_dag.py for tasks to queue
[2024-04-27T03:44:49.978+0000] {logging_mixin.py:154} INFO - [2024-04-27T03:44:49.978+0000] {dagbag.py:536} INFO - Filling up the DagBag from /home/airflow/.local/lib/python3.8/site-packages/airflow/example_dags/example_external_task_marker_dag.py
[2024-04-27T03:44:49.988+0000] {processor.py:839} INFO - DAG(s) dict_keys(['example_external_task_marker_parent', 'example_external_task_marker_child']) retrieved from /home/airflow/.local/lib/python3.8/site-packages/airflow/example_dags/example_external_task_marker_dag.py
[2024-04-27T03:44:50.040+0000] {logging_mixin.py:154} INFO - [2024-04-27T03:44:50.039+0000] {dag.py:2941} INFO - Sync 2 DAGs
[2024-04-27T03:44:50.061+0000] {logging_mixin.py:154} INFO - [2024-04-27T03:44:50.061+0000] {dag.py:3722} INFO - Setting next_dagrun for example_external_task_marker_child to None, run_after=None
[2024-04-27T03:44:50.067+0000] {logging_mixin.py:154} INFO - [2024-04-27T03:44:50.067+0000] {dag.py:3722} INFO - Setting next_dagrun for example_external_task_marker_parent to None, run_after=None
[2024-04-27T03:44:50.094+0000] {processor.py:179} INFO - Processing /home/airflow/.local/lib/python3.8/site-packages/airflow/example_dags/example_external_task_marker_dag.py took 0.129 seconds
[2024-04-27T03:45:20.701+0000] {processor.py:157} INFO - Started process (PID=1182) to work on /home/airflow/.local/lib/python3.8/site-packages/airflow/example_dags/example_external_task_marker_dag.py
[2024-04-27T03:45:20.706+0000] {processor.py:829} INFO - Processing file /home/airflow/.local/lib/python3.8/site-packages/airflow/example_dags/example_external_task_marker_dag.py for tasks to queue
[2024-04-27T03:45:20.707+0000] {logging_mixin.py:154} INFO - [2024-04-27T03:45:20.707+0000] {dagbag.py:536} INFO - Filling up the DagBag from /home/airflow/.local/lib/python3.8/site-packages/airflow/example_dags/example_external_task_marker_dag.py
[2024-04-27T03:45:20.720+0000] {processor.py:839} INFO - DAG(s) dict_keys(['example_external_task_marker_child', 'example_external_task_marker_parent']) retrieved from /home/airflow/.local/lib/python3.8/site-packages/airflow/example_dags/example_external_task_marker_dag.py
[2024-04-27T03:45:20.772+0000] {logging_mixin.py:154} INFO - [2024-04-27T03:45:20.771+0000] {dag.py:2941} INFO - Sync 2 DAGs
[2024-04-27T03:45:20.798+0000] {logging_mixin.py:154} INFO - [2024-04-27T03:45:20.797+0000] {dag.py:3722} INFO - Setting next_dagrun for example_external_task_marker_child to None, run_after=None
[2024-04-27T03:45:20.804+0000] {logging_mixin.py:154} INFO - [2024-04-27T03:45:20.803+0000] {dag.py:3722} INFO - Setting next_dagrun for example_external_task_marker_parent to None, run_after=None
[2024-04-27T03:45:20.826+0000] {processor.py:179} INFO - Processing /home/airflow/.local/lib/python3.8/site-packages/airflow/example_dags/example_external_task_marker_dag.py took 0.135 seconds
[2024-04-27T03:45:51.050+0000] {processor.py:157} INFO - Started process (PID=1425) to work on /home/airflow/.local/lib/python3.8/site-packages/airflow/example_dags/example_external_task_marker_dag.py
[2024-04-27T03:45:51.053+0000] {processor.py:829} INFO - Processing file /home/airflow/.local/lib/python3.8/site-packages/airflow/example_dags/example_external_task_marker_dag.py for tasks to queue
[2024-04-27T03:45:51.054+0000] {logging_mixin.py:154} INFO - [2024-04-27T03:45:51.053+0000] {dagbag.py:536} INFO - Filling up the DagBag from /home/airflow/.local/lib/python3.8/site-packages/airflow/example_dags/example_external_task_marker_dag.py
[2024-04-27T03:45:51.068+0000] {processor.py:839} INFO - DAG(s) dict_keys(['example_external_task_marker_child', 'example_external_task_marker_parent']) retrieved from /home/airflow/.local/lib/python3.8/site-packages/airflow/example_dags/example_external_task_marker_dag.py
[2024-04-27T03:45:51.118+0000] {logging_mixin.py:154} INFO - [2024-04-27T03:45:51.117+0000] {dag.py:2941} INFO - Sync 2 DAGs
[2024-04-27T03:45:51.140+0000] {logging_mixin.py:154} INFO - [2024-04-27T03:45:51.140+0000] {dag.py:3722} INFO - Setting next_dagrun for example_external_task_marker_child to None, run_after=None
[2024-04-27T03:45:51.145+0000] {logging_mixin.py:154} INFO - [2024-04-27T03:45:51.145+0000] {dag.py:3722} INFO - Setting next_dagrun for example_external_task_marker_parent to None, run_after=None
[2024-04-27T03:45:51.168+0000] {processor.py:179} INFO - Processing /home/airflow/.local/lib/python3.8/site-packages/airflow/example_dags/example_external_task_marker_dag.py took 0.125 seconds
[2024-04-27T03:46:22.065+0000] {processor.py:157} INFO - Started process (PID=1668) to work on /home/airflow/.local/lib/python3.8/site-packages/airflow/example_dags/example_external_task_marker_dag.py
[2024-04-27T03:46:22.068+0000] {processor.py:829} INFO - Processing file /home/airflow/.local/lib/python3.8/site-packages/airflow/example_dags/example_external_task_marker_dag.py for tasks to queue
[2024-04-27T03:46:22.070+0000] {logging_mixin.py:154} INFO - [2024-04-27T03:46:22.069+0000] {dagbag.py:536} INFO - Filling up the DagBag from /home/airflow/.local/lib/python3.8/site-packages/airflow/example_dags/example_external_task_marker_dag.py
[2024-04-27T03:46:22.081+0000] {processor.py:839} INFO - DAG(s) dict_keys(['example_external_task_marker_parent', 'example_external_task_marker_child']) retrieved from /home/airflow/.local/lib/python3.8/site-packages/airflow/example_dags/example_external_task_marker_dag.py
[2024-04-27T03:46:22.123+0000] {logging_mixin.py:154} INFO - [2024-04-27T03:46:22.123+0000] {dag.py:2941} INFO - Sync 2 DAGs
[2024-04-27T03:46:22.146+0000] {logging_mixin.py:154} INFO - [2024-04-27T03:46:22.146+0000] {dag.py:3722} INFO - Setting next_dagrun for example_external_task_marker_child to None, run_after=None
[2024-04-27T03:46:22.151+0000] {logging_mixin.py:154} INFO - [2024-04-27T03:46:22.151+0000] {dag.py:3722} INFO - Setting next_dagrun for example_external_task_marker_parent to None, run_after=None
[2024-04-27T03:46:22.177+0000] {processor.py:179} INFO - Processing /home/airflow/.local/lib/python3.8/site-packages/airflow/example_dags/example_external_task_marker_dag.py took 0.119 seconds
[2024-04-27T03:46:52.555+0000] {processor.py:157} INFO - Started process (PID=1914) to work on /home/airflow/.local/lib/python3.8/site-packages/airflow/example_dags/example_external_task_marker_dag.py
[2024-04-27T03:46:52.557+0000] {processor.py:829} INFO - Processing file /home/airflow/.local/lib/python3.8/site-packages/airflow/example_dags/example_external_task_marker_dag.py for tasks to queue
[2024-04-27T03:46:52.559+0000] {logging_mixin.py:154} INFO - [2024-04-27T03:46:52.558+0000] {dagbag.py:536} INFO - Filling up the DagBag from /home/airflow/.local/lib/python3.8/site-packages/airflow/example_dags/example_external_task_marker_dag.py
[2024-04-27T03:46:52.573+0000] {processor.py:839} INFO - DAG(s) dict_keys(['example_external_task_marker_child', 'example_external_task_marker_parent']) retrieved from /home/airflow/.local/lib/python3.8/site-packages/airflow/example_dags/example_external_task_marker_dag.py
[2024-04-27T03:46:52.615+0000] {logging_mixin.py:154} INFO - [2024-04-27T03:46:52.615+0000] {dag.py:2941} INFO - Sync 2 DAGs
[2024-04-27T03:46:52.637+0000] {logging_mixin.py:154} INFO - [2024-04-27T03:46:52.637+0000] {dag.py:3722} INFO - Setting next_dagrun for example_external_task_marker_child to None, run_after=None
[2024-04-27T03:46:52.642+0000] {logging_mixin.py:154} INFO - [2024-04-27T03:46:52.642+0000] {dag.py:3722} INFO - Setting next_dagrun for example_external_task_marker_parent to None, run_after=None
[2024-04-27T03:46:52.665+0000] {processor.py:179} INFO - Processing /home/airflow/.local/lib/python3.8/site-packages/airflow/example_dags/example_external_task_marker_dag.py took 0.119 seconds
[2024-04-27T03:47:22.858+0000] {processor.py:157} INFO - Started process (PID=2155) to work on /home/airflow/.local/lib/python3.8/site-packages/airflow/example_dags/example_external_task_marker_dag.py
[2024-04-27T03:47:22.861+0000] {processor.py:829} INFO - Processing file /home/airflow/.local/lib/python3.8/site-packages/airflow/example_dags/example_external_task_marker_dag.py for tasks to queue
[2024-04-27T03:47:22.863+0000] {logging_mixin.py:154} INFO - [2024-04-27T03:47:22.862+0000] {dagbag.py:536} INFO - Filling up the DagBag from /home/airflow/.local/lib/python3.8/site-packages/airflow/example_dags/example_external_task_marker_dag.py
[2024-04-27T03:47:22.875+0000] {processor.py:839} INFO - DAG(s) dict_keys(['example_external_task_marker_child', 'example_external_task_marker_parent']) retrieved from /home/airflow/.local/lib/python3.8/site-packages/airflow/example_dags/example_external_task_marker_dag.py
[2024-04-27T03:47:22.920+0000] {logging_mixin.py:154} INFO - [2024-04-27T03:47:22.920+0000] {dag.py:2941} INFO - Sync 2 DAGs
[2024-04-27T03:47:22.942+0000] {logging_mixin.py:154} INFO - [2024-04-27T03:47:22.942+0000] {dag.py:3722} INFO - Setting next_dagrun for example_external_task_marker_child to None, run_after=None
[2024-04-27T03:47:22.948+0000] {logging_mixin.py:154} INFO - [2024-04-27T03:47:22.947+0000] {dag.py:3722} INFO - Setting next_dagrun for example_external_task_marker_parent to None, run_after=None
[2024-04-27T03:47:22.981+0000] {processor.py:179} INFO - Processing /home/airflow/.local/lib/python3.8/site-packages/airflow/example_dags/example_external_task_marker_dag.py took 0.131 seconds
