[2024-04-27T03:43:19.404+0000] {processor.py:157} INFO - Started process (PID=235) to work on /home/airflow/.local/lib/python3.8/site-packages/airflow/example_dags/example_short_circuit_operator.py
[2024-04-27T03:43:19.406+0000] {processor.py:829} INFO - Processing file /home/airflow/.local/lib/python3.8/site-packages/airflow/example_dags/example_short_circuit_operator.py for tasks to queue
[2024-04-27T03:43:19.407+0000] {logging_mixin.py:154} INFO - [2024-04-27T03:43:19.407+0000] {dagbag.py:536} INFO - Filling up the DagBag from /home/airflow/.local/lib/python3.8/site-packages/airflow/example_dags/example_short_circuit_operator.py
[2024-04-27T03:43:19.424+0000] {processor.py:839} INFO - DAG(s) dict_keys(['example_short_circuit_operator']) retrieved from /home/airflow/.local/lib/python3.8/site-packages/airflow/example_dags/example_short_circuit_operator.py
[2024-04-27T03:43:19.445+0000] {logging_mixin.py:154} INFO - [2024-04-27T03:43:19.445+0000] {dag.py:2941} INFO - Sync 1 DAGs
[2024-04-27T03:43:19.483+0000] {logging_mixin.py:154} INFO - [2024-04-27T03:43:19.483+0000] {dag.py:3722} INFO - Setting next_dagrun for example_short_circuit_operator to 2024-04-26T03:43:19.483323+00:00, run_after=2024-04-27T03:43:19.483323+00:00
[2024-04-27T03:43:19.510+0000] {processor.py:179} INFO - Processing /home/airflow/.local/lib/python3.8/site-packages/airflow/example_dags/example_short_circuit_operator.py took 0.112 seconds
[2024-04-27T03:43:49.961+0000] {processor.py:157} INFO - Started process (PID=482) to work on /home/airflow/.local/lib/python3.8/site-packages/airflow/example_dags/example_short_circuit_operator.py
[2024-04-27T03:43:49.964+0000] {processor.py:829} INFO - Processing file /home/airflow/.local/lib/python3.8/site-packages/airflow/example_dags/example_short_circuit_operator.py for tasks to queue
[2024-04-27T03:43:49.965+0000] {logging_mixin.py:154} INFO - [2024-04-27T03:43:49.964+0000] {dagbag.py:536} INFO - Filling up the DagBag from /home/airflow/.local/lib/python3.8/site-packages/airflow/example_dags/example_short_circuit_operator.py
[2024-04-27T03:43:49.977+0000] {processor.py:839} INFO - DAG(s) dict_keys(['example_short_circuit_operator']) retrieved from /home/airflow/.local/lib/python3.8/site-packages/airflow/example_dags/example_short_circuit_operator.py
[2024-04-27T03:43:50.011+0000] {logging_mixin.py:154} INFO - [2024-04-27T03:43:50.011+0000] {dag.py:2941} INFO - Sync 1 DAGs
[2024-04-27T03:43:50.041+0000] {logging_mixin.py:154} INFO - [2024-04-27T03:43:50.041+0000] {dag.py:3722} INFO - Setting next_dagrun for example_short_circuit_operator to 2024-04-26T03:43:50.041038+00:00, run_after=2024-04-27T03:43:50.041038+00:00
[2024-04-27T03:43:50.069+0000] {processor.py:179} INFO - Processing /home/airflow/.local/lib/python3.8/site-packages/airflow/example_dags/example_short_circuit_operator.py took 0.113 seconds
[2024-04-27T03:44:20.213+0000] {processor.py:157} INFO - Started process (PID=725) to work on /home/airflow/.local/lib/python3.8/site-packages/airflow/example_dags/example_short_circuit_operator.py
[2024-04-27T03:44:20.215+0000] {processor.py:829} INFO - Processing file /home/airflow/.local/lib/python3.8/site-packages/airflow/example_dags/example_short_circuit_operator.py for tasks to queue
[2024-04-27T03:44:20.217+0000] {logging_mixin.py:154} INFO - [2024-04-27T03:44:20.216+0000] {dagbag.py:536} INFO - Filling up the DagBag from /home/airflow/.local/lib/python3.8/site-packages/airflow/example_dags/example_short_circuit_operator.py
[2024-04-27T03:44:20.229+0000] {processor.py:839} INFO - DAG(s) dict_keys(['example_short_circuit_operator']) retrieved from /home/airflow/.local/lib/python3.8/site-packages/airflow/example_dags/example_short_circuit_operator.py
[2024-04-27T03:44:20.264+0000] {logging_mixin.py:154} INFO - [2024-04-27T03:44:20.264+0000] {dag.py:2941} INFO - Sync 1 DAGs
[2024-04-27T03:44:20.295+0000] {logging_mixin.py:154} INFO - [2024-04-27T03:44:20.295+0000] {dag.py:3722} INFO - Setting next_dagrun for example_short_circuit_operator to 2024-04-26T03:44:20.295048+00:00, run_after=2024-04-27T03:44:20.295048+00:00
[2024-04-27T03:44:20.322+0000] {processor.py:179} INFO - Processing /home/airflow/.local/lib/python3.8/site-packages/airflow/example_dags/example_short_circuit_operator.py took 0.114 seconds
[2024-04-27T03:44:51.094+0000] {processor.py:157} INFO - Started process (PID=969) to work on /home/airflow/.local/lib/python3.8/site-packages/airflow/example_dags/example_short_circuit_operator.py
[2024-04-27T03:44:51.096+0000] {processor.py:829} INFO - Processing file /home/airflow/.local/lib/python3.8/site-packages/airflow/example_dags/example_short_circuit_operator.py for tasks to queue
[2024-04-27T03:44:51.098+0000] {logging_mixin.py:154} INFO - [2024-04-27T03:44:51.097+0000] {dagbag.py:536} INFO - Filling up the DagBag from /home/airflow/.local/lib/python3.8/site-packages/airflow/example_dags/example_short_circuit_operator.py
[2024-04-27T03:44:51.115+0000] {processor.py:839} INFO - DAG(s) dict_keys(['example_short_circuit_operator']) retrieved from /home/airflow/.local/lib/python3.8/site-packages/airflow/example_dags/example_short_circuit_operator.py
[2024-04-27T03:44:51.154+0000] {logging_mixin.py:154} INFO - [2024-04-27T03:44:51.153+0000] {dag.py:2941} INFO - Sync 1 DAGs
[2024-04-27T03:44:51.199+0000] {logging_mixin.py:154} INFO - [2024-04-27T03:44:51.199+0000] {dag.py:3722} INFO - Setting next_dagrun for example_short_circuit_operator to 2024-04-26T03:44:51.198987+00:00, run_after=2024-04-27T03:44:51.198987+00:00
[2024-04-27T03:44:51.225+0000] {processor.py:179} INFO - Processing /home/airflow/.local/lib/python3.8/site-packages/airflow/example_dags/example_short_circuit_operator.py took 0.140 seconds
[2024-04-27T03:45:21.894+0000] {processor.py:157} INFO - Started process (PID=1212) to work on /home/airflow/.local/lib/python3.8/site-packages/airflow/example_dags/example_short_circuit_operator.py
[2024-04-27T03:45:21.897+0000] {processor.py:829} INFO - Processing file /home/airflow/.local/lib/python3.8/site-packages/airflow/example_dags/example_short_circuit_operator.py for tasks to queue
[2024-04-27T03:45:21.898+0000] {logging_mixin.py:154} INFO - [2024-04-27T03:45:21.898+0000] {dagbag.py:536} INFO - Filling up the DagBag from /home/airflow/.local/lib/python3.8/site-packages/airflow/example_dags/example_short_circuit_operator.py
[2024-04-27T03:45:21.919+0000] {processor.py:839} INFO - DAG(s) dict_keys(['example_short_circuit_operator']) retrieved from /home/airflow/.local/lib/python3.8/site-packages/airflow/example_dags/example_short_circuit_operator.py
[2024-04-27T03:45:21.966+0000] {logging_mixin.py:154} INFO - [2024-04-27T03:45:21.966+0000] {dag.py:2941} INFO - Sync 1 DAGs
[2024-04-27T03:45:22.019+0000] {logging_mixin.py:154} INFO - [2024-04-27T03:45:22.018+0000] {dag.py:3722} INFO - Setting next_dagrun for example_short_circuit_operator to 2024-04-26T03:45:22.018323+00:00, run_after=2024-04-27T03:45:22.018323+00:00
[2024-04-27T03:45:22.059+0000] {processor.py:179} INFO - Processing /home/airflow/.local/lib/python3.8/site-packages/airflow/example_dags/example_short_circuit_operator.py took 0.178 seconds
[2024-04-27T03:45:52.810+0000] {processor.py:157} INFO - Started process (PID=1455) to work on /home/airflow/.local/lib/python3.8/site-packages/airflow/example_dags/example_short_circuit_operator.py
[2024-04-27T03:45:52.812+0000] {processor.py:829} INFO - Processing file /home/airflow/.local/lib/python3.8/site-packages/airflow/example_dags/example_short_circuit_operator.py for tasks to queue
[2024-04-27T03:45:52.813+0000] {logging_mixin.py:154} INFO - [2024-04-27T03:45:52.813+0000] {dagbag.py:536} INFO - Filling up the DagBag from /home/airflow/.local/lib/python3.8/site-packages/airflow/example_dags/example_short_circuit_operator.py
[2024-04-27T03:45:52.827+0000] {processor.py:839} INFO - DAG(s) dict_keys(['example_short_circuit_operator']) retrieved from /home/airflow/.local/lib/python3.8/site-packages/airflow/example_dags/example_short_circuit_operator.py
[2024-04-27T03:45:52.867+0000] {logging_mixin.py:154} INFO - [2024-04-27T03:45:52.867+0000] {dag.py:2941} INFO - Sync 1 DAGs
[2024-04-27T03:45:52.898+0000] {logging_mixin.py:154} INFO - [2024-04-27T03:45:52.898+0000] {dag.py:3722} INFO - Setting next_dagrun for example_short_circuit_operator to 2024-04-26T03:45:52.898309+00:00, run_after=2024-04-27T03:45:52.898309+00:00
[2024-04-27T03:45:52.931+0000] {processor.py:179} INFO - Processing /home/airflow/.local/lib/python3.8/site-packages/airflow/example_dags/example_short_circuit_operator.py took 0.127 seconds
[2024-04-27T03:46:23.764+0000] {processor.py:157} INFO - Started process (PID=1698) to work on /home/airflow/.local/lib/python3.8/site-packages/airflow/example_dags/example_short_circuit_operator.py
[2024-04-27T03:46:23.766+0000] {processor.py:829} INFO - Processing file /home/airflow/.local/lib/python3.8/site-packages/airflow/example_dags/example_short_circuit_operator.py for tasks to queue
[2024-04-27T03:46:23.767+0000] {logging_mixin.py:154} INFO - [2024-04-27T03:46:23.767+0000] {dagbag.py:536} INFO - Filling up the DagBag from /home/airflow/.local/lib/python3.8/site-packages/airflow/example_dags/example_short_circuit_operator.py
[2024-04-27T03:46:23.785+0000] {processor.py:839} INFO - DAG(s) dict_keys(['example_short_circuit_operator']) retrieved from /home/airflow/.local/lib/python3.8/site-packages/airflow/example_dags/example_short_circuit_operator.py
[2024-04-27T03:46:23.828+0000] {logging_mixin.py:154} INFO - [2024-04-27T03:46:23.827+0000] {dag.py:2941} INFO - Sync 1 DAGs
[2024-04-27T03:46:23.859+0000] {logging_mixin.py:154} INFO - [2024-04-27T03:46:23.859+0000] {dag.py:3722} INFO - Setting next_dagrun for example_short_circuit_operator to 2024-04-26T03:46:23.858944+00:00, run_after=2024-04-27T03:46:23.858944+00:00
[2024-04-27T03:46:23.887+0000] {processor.py:179} INFO - Processing /home/airflow/.local/lib/python3.8/site-packages/airflow/example_dags/example_short_circuit_operator.py took 0.129 seconds
[2024-04-27T03:46:54.481+0000] {processor.py:157} INFO - Started process (PID=1944) to work on /home/airflow/.local/lib/python3.8/site-packages/airflow/example_dags/example_short_circuit_operator.py
[2024-04-27T03:46:54.483+0000] {processor.py:829} INFO - Processing file /home/airflow/.local/lib/python3.8/site-packages/airflow/example_dags/example_short_circuit_operator.py for tasks to queue
[2024-04-27T03:46:54.484+0000] {logging_mixin.py:154} INFO - [2024-04-27T03:46:54.484+0000] {dagbag.py:536} INFO - Filling up the DagBag from /home/airflow/.local/lib/python3.8/site-packages/airflow/example_dags/example_short_circuit_operator.py
[2024-04-27T03:46:54.497+0000] {processor.py:839} INFO - DAG(s) dict_keys(['example_short_circuit_operator']) retrieved from /home/airflow/.local/lib/python3.8/site-packages/airflow/example_dags/example_short_circuit_operator.py
[2024-04-27T03:46:54.536+0000] {logging_mixin.py:154} INFO - [2024-04-27T03:46:54.536+0000] {dag.py:2941} INFO - Sync 1 DAGs
[2024-04-27T03:46:54.570+0000] {logging_mixin.py:154} INFO - [2024-04-27T03:46:54.569+0000] {dag.py:3722} INFO - Setting next_dagrun for example_short_circuit_operator to 2024-04-26T03:46:54.569302+00:00, run_after=2024-04-27T03:46:54.569302+00:00
[2024-04-27T03:46:54.598+0000] {processor.py:179} INFO - Processing /home/airflow/.local/lib/python3.8/site-packages/airflow/example_dags/example_short_circuit_operator.py took 0.122 seconds
[2024-04-27T03:47:25.281+0000] {processor.py:157} INFO - Started process (PID=2185) to work on /home/airflow/.local/lib/python3.8/site-packages/airflow/example_dags/example_short_circuit_operator.py
[2024-04-27T03:47:25.283+0000] {processor.py:829} INFO - Processing file /home/airflow/.local/lib/python3.8/site-packages/airflow/example_dags/example_short_circuit_operator.py for tasks to queue
[2024-04-27T03:47:25.284+0000] {logging_mixin.py:154} INFO - [2024-04-27T03:47:25.284+0000] {dagbag.py:536} INFO - Filling up the DagBag from /home/airflow/.local/lib/python3.8/site-packages/airflow/example_dags/example_short_circuit_operator.py
[2024-04-27T03:47:25.298+0000] {processor.py:839} INFO - DAG(s) dict_keys(['example_short_circuit_operator']) retrieved from /home/airflow/.local/lib/python3.8/site-packages/airflow/example_dags/example_short_circuit_operator.py
[2024-04-27T03:47:25.338+0000] {logging_mixin.py:154} INFO - [2024-04-27T03:47:25.338+0000] {dag.py:2941} INFO - Sync 1 DAGs
[2024-04-27T03:47:25.372+0000] {logging_mixin.py:154} INFO - [2024-04-27T03:47:25.372+0000] {dag.py:3722} INFO - Setting next_dagrun for example_short_circuit_operator to 2024-04-26T03:47:25.371711+00:00, run_after=2024-04-27T03:47:25.371711+00:00
[2024-04-27T03:47:25.401+0000] {processor.py:179} INFO - Processing /home/airflow/.local/lib/python3.8/site-packages/airflow/example_dags/example_short_circuit_operator.py took 0.125 seconds
