[2024-04-27T03:43:21.442+0000] {processor.py:157} INFO - Started process (PID=322) to work on /home/airflow/.local/lib/python3.8/site-packages/airflow/example_dags/example_datasets.py
[2024-04-27T03:43:21.444+0000] {processor.py:829} INFO - Processing file /home/airflow/.local/lib/python3.8/site-packages/airflow/example_dags/example_datasets.py for tasks to queue
[2024-04-27T03:43:21.445+0000] {logging_mixin.py:154} INFO - [2024-04-27T03:43:21.444+0000] {dagbag.py:536} INFO - Filling up the DagBag from /home/airflow/.local/lib/python3.8/site-packages/airflow/example_dags/example_datasets.py
[2024-04-27T03:43:21.463+0000] {processor.py:839} INFO - DAG(s) dict_keys(['dataset_consumes_1_never_scheduled', 'dataset_consumes_1', 'dataset_consumes_1_and_2', 'dataset_produces_2', 'dataset_consumes_unknown_never_scheduled', 'dataset_produces_1']) retrieved from /home/airflow/.local/lib/python3.8/site-packages/airflow/example_dags/example_datasets.py
[2024-04-27T03:43:21.500+0000] {logging_mixin.py:154} INFO - [2024-04-27T03:43:21.499+0000] {dag.py:2941} INFO - Sync 6 DAGs
[2024-04-27T03:43:21.553+0000] {logging_mixin.py:154} INFO - [2024-04-27T03:43:21.552+0000] {dag.py:3722} INFO - Setting next_dagrun for dataset_consumes_1 to None, run_after=None
[2024-04-27T03:43:21.562+0000] {logging_mixin.py:154} INFO - [2024-04-27T03:43:21.562+0000] {dag.py:3722} INFO - Setting next_dagrun for dataset_consumes_1_and_2 to None, run_after=None
[2024-04-27T03:43:21.564+0000] {logging_mixin.py:154} INFO - [2024-04-27T03:43:21.564+0000] {dag.py:3722} INFO - Setting next_dagrun for dataset_consumes_1_never_scheduled to None, run_after=None
[2024-04-27T03:43:21.566+0000] {logging_mixin.py:154} INFO - [2024-04-27T03:43:21.566+0000] {dag.py:3722} INFO - Setting next_dagrun for dataset_consumes_unknown_never_scheduled to None, run_after=None
[2024-04-27T03:43:21.573+0000] {logging_mixin.py:154} INFO - [2024-04-27T03:43:21.572+0000] {dag.py:3722} INFO - Setting next_dagrun for dataset_produces_1 to 2024-04-26T00:00:00+00:00, run_after=2024-04-27T00:00:00+00:00
[2024-04-27T03:43:21.575+0000] {logging_mixin.py:154} INFO - [2024-04-27T03:43:21.575+0000] {dag.py:3722} INFO - Setting next_dagrun for dataset_produces_2 to None, run_after=None
[2024-04-27T03:43:21.635+0000] {processor.py:179} INFO - Processing /home/airflow/.local/lib/python3.8/site-packages/airflow/example_dags/example_datasets.py took 0.200 seconds
[2024-04-27T03:43:51.731+0000] {processor.py:157} INFO - Started process (PID=567) to work on /home/airflow/.local/lib/python3.8/site-packages/airflow/example_dags/example_datasets.py
[2024-04-27T03:43:51.735+0000] {processor.py:829} INFO - Processing file /home/airflow/.local/lib/python3.8/site-packages/airflow/example_dags/example_datasets.py for tasks to queue
[2024-04-27T03:43:51.737+0000] {logging_mixin.py:154} INFO - [2024-04-27T03:43:51.737+0000] {dagbag.py:536} INFO - Filling up the DagBag from /home/airflow/.local/lib/python3.8/site-packages/airflow/example_dags/example_datasets.py
[2024-04-27T03:43:51.757+0000] {processor.py:839} INFO - DAG(s) dict_keys(['dataset_consumes_unknown_never_scheduled', 'dataset_produces_1', 'dataset_consumes_1', 'dataset_consumes_1_and_2', 'dataset_consumes_1_never_scheduled', 'dataset_produces_2']) retrieved from /home/airflow/.local/lib/python3.8/site-packages/airflow/example_dags/example_datasets.py
[2024-04-27T03:43:51.810+0000] {logging_mixin.py:154} INFO - [2024-04-27T03:43:51.810+0000] {dag.py:2941} INFO - Sync 6 DAGs
[2024-04-27T03:43:51.845+0000] {logging_mixin.py:154} INFO - [2024-04-27T03:43:51.845+0000] {dag.py:3722} INFO - Setting next_dagrun for dataset_consumes_1 to None, run_after=None
[2024-04-27T03:43:51.851+0000] {logging_mixin.py:154} INFO - [2024-04-27T03:43:51.851+0000] {dag.py:3722} INFO - Setting next_dagrun for dataset_consumes_1_and_2 to None, run_after=None
[2024-04-27T03:43:51.853+0000] {logging_mixin.py:154} INFO - [2024-04-27T03:43:51.853+0000] {dag.py:3722} INFO - Setting next_dagrun for dataset_consumes_1_never_scheduled to None, run_after=None
[2024-04-27T03:43:51.855+0000] {logging_mixin.py:154} INFO - [2024-04-27T03:43:51.855+0000] {dag.py:3722} INFO - Setting next_dagrun for dataset_consumes_unknown_never_scheduled to None, run_after=None
[2024-04-27T03:43:51.859+0000] {logging_mixin.py:154} INFO - [2024-04-27T03:43:51.859+0000] {dag.py:3722} INFO - Setting next_dagrun for dataset_produces_1 to 2024-04-26T00:00:00+00:00, run_after=2024-04-27T00:00:00+00:00
[2024-04-27T03:43:51.861+0000] {logging_mixin.py:154} INFO - [2024-04-27T03:43:51.861+0000] {dag.py:3722} INFO - Setting next_dagrun for dataset_produces_2 to None, run_after=None
[2024-04-27T03:43:51.919+0000] {processor.py:179} INFO - Processing /home/airflow/.local/lib/python3.8/site-packages/airflow/example_dags/example_datasets.py took 0.196 seconds
[2024-04-27T03:44:21.981+0000] {processor.py:157} INFO - Started process (PID=810) to work on /home/airflow/.local/lib/python3.8/site-packages/airflow/example_dags/example_datasets.py
[2024-04-27T03:44:21.984+0000] {processor.py:829} INFO - Processing file /home/airflow/.local/lib/python3.8/site-packages/airflow/example_dags/example_datasets.py for tasks to queue
[2024-04-27T03:44:21.985+0000] {logging_mixin.py:154} INFO - [2024-04-27T03:44:21.985+0000] {dagbag.py:536} INFO - Filling up the DagBag from /home/airflow/.local/lib/python3.8/site-packages/airflow/example_dags/example_datasets.py
[2024-04-27T03:44:22.000+0000] {processor.py:839} INFO - DAG(s) dict_keys(['dataset_consumes_1_and_2', 'dataset_consumes_1_never_scheduled', 'dataset_consumes_unknown_never_scheduled', 'dataset_produces_1', 'dataset_produces_2', 'dataset_consumes_1']) retrieved from /home/airflow/.local/lib/python3.8/site-packages/airflow/example_dags/example_datasets.py
[2024-04-27T03:44:22.062+0000] {logging_mixin.py:154} INFO - [2024-04-27T03:44:22.062+0000] {dag.py:2941} INFO - Sync 6 DAGs
[2024-04-27T03:44:22.096+0000] {logging_mixin.py:154} INFO - [2024-04-27T03:44:22.096+0000] {dag.py:3722} INFO - Setting next_dagrun for dataset_consumes_1 to None, run_after=None
[2024-04-27T03:44:22.102+0000] {logging_mixin.py:154} INFO - [2024-04-27T03:44:22.102+0000] {dag.py:3722} INFO - Setting next_dagrun for dataset_consumes_1_and_2 to None, run_after=None
[2024-04-27T03:44:22.104+0000] {logging_mixin.py:154} INFO - [2024-04-27T03:44:22.104+0000] {dag.py:3722} INFO - Setting next_dagrun for dataset_consumes_1_never_scheduled to None, run_after=None
[2024-04-27T03:44:22.107+0000] {logging_mixin.py:154} INFO - [2024-04-27T03:44:22.107+0000] {dag.py:3722} INFO - Setting next_dagrun for dataset_consumes_unknown_never_scheduled to None, run_after=None
[2024-04-27T03:44:22.111+0000] {logging_mixin.py:154} INFO - [2024-04-27T03:44:22.111+0000] {dag.py:3722} INFO - Setting next_dagrun for dataset_produces_1 to 2024-04-26T00:00:00+00:00, run_after=2024-04-27T00:00:00+00:00
[2024-04-27T03:44:22.114+0000] {logging_mixin.py:154} INFO - [2024-04-27T03:44:22.113+0000] {dag.py:3722} INFO - Setting next_dagrun for dataset_produces_2 to None, run_after=None
[2024-04-27T03:44:22.164+0000] {processor.py:179} INFO - Processing /home/airflow/.local/lib/python3.8/site-packages/airflow/example_dags/example_datasets.py took 0.188 seconds
[2024-04-27T03:44:52.874+0000] {processor.py:157} INFO - Started process (PID=1054) to work on /home/airflow/.local/lib/python3.8/site-packages/airflow/example_dags/example_datasets.py
[2024-04-27T03:44:52.880+0000] {processor.py:829} INFO - Processing file /home/airflow/.local/lib/python3.8/site-packages/airflow/example_dags/example_datasets.py for tasks to queue
[2024-04-27T03:44:52.881+0000] {logging_mixin.py:154} INFO - [2024-04-27T03:44:52.881+0000] {dagbag.py:536} INFO - Filling up the DagBag from /home/airflow/.local/lib/python3.8/site-packages/airflow/example_dags/example_datasets.py
[2024-04-27T03:44:52.901+0000] {processor.py:839} INFO - DAG(s) dict_keys(['dataset_consumes_1_never_scheduled', 'dataset_produces_1', 'dataset_consumes_1', 'dataset_consumes_1_and_2', 'dataset_produces_2', 'dataset_consumes_unknown_never_scheduled']) retrieved from /home/airflow/.local/lib/python3.8/site-packages/airflow/example_dags/example_datasets.py
[2024-04-27T03:44:52.981+0000] {logging_mixin.py:154} INFO - [2024-04-27T03:44:52.980+0000] {dag.py:2941} INFO - Sync 6 DAGs
[2024-04-27T03:44:53.029+0000] {logging_mixin.py:154} INFO - [2024-04-27T03:44:53.029+0000] {dag.py:3722} INFO - Setting next_dagrun for dataset_consumes_1 to None, run_after=None
[2024-04-27T03:44:53.038+0000] {logging_mixin.py:154} INFO - [2024-04-27T03:44:53.038+0000] {dag.py:3722} INFO - Setting next_dagrun for dataset_consumes_1_and_2 to None, run_after=None
[2024-04-27T03:44:53.041+0000] {logging_mixin.py:154} INFO - [2024-04-27T03:44:53.041+0000] {dag.py:3722} INFO - Setting next_dagrun for dataset_consumes_1_never_scheduled to None, run_after=None
[2024-04-27T03:44:53.044+0000] {logging_mixin.py:154} INFO - [2024-04-27T03:44:53.043+0000] {dag.py:3722} INFO - Setting next_dagrun for dataset_consumes_unknown_never_scheduled to None, run_after=None
[2024-04-27T03:44:53.050+0000] {logging_mixin.py:154} INFO - [2024-04-27T03:44:53.050+0000] {dag.py:3722} INFO - Setting next_dagrun for dataset_produces_1 to 2024-04-26T00:00:00+00:00, run_after=2024-04-27T00:00:00+00:00
[2024-04-27T03:44:53.053+0000] {logging_mixin.py:154} INFO - [2024-04-27T03:44:53.052+0000] {dag.py:3722} INFO - Setting next_dagrun for dataset_produces_2 to None, run_after=None
[2024-04-27T03:44:53.113+0000] {processor.py:179} INFO - Processing /home/airflow/.local/lib/python3.8/site-packages/airflow/example_dags/example_datasets.py took 0.248 seconds
[2024-04-27T03:45:23.748+0000] {processor.py:157} INFO - Started process (PID=1297) to work on /home/airflow/.local/lib/python3.8/site-packages/airflow/example_dags/example_datasets.py
[2024-04-27T03:45:23.750+0000] {processor.py:829} INFO - Processing file /home/airflow/.local/lib/python3.8/site-packages/airflow/example_dags/example_datasets.py for tasks to queue
[2024-04-27T03:45:23.751+0000] {logging_mixin.py:154} INFO - [2024-04-27T03:45:23.751+0000] {dagbag.py:536} INFO - Filling up the DagBag from /home/airflow/.local/lib/python3.8/site-packages/airflow/example_dags/example_datasets.py
[2024-04-27T03:45:23.772+0000] {processor.py:839} INFO - DAG(s) dict_keys(['dataset_consumes_1_never_scheduled', 'dataset_consumes_1', 'dataset_consumes_1_and_2', 'dataset_consumes_unknown_never_scheduled', 'dataset_produces_1', 'dataset_produces_2']) retrieved from /home/airflow/.local/lib/python3.8/site-packages/airflow/example_dags/example_datasets.py
[2024-04-27T03:45:23.856+0000] {logging_mixin.py:154} INFO - [2024-04-27T03:45:23.855+0000] {dag.py:2941} INFO - Sync 6 DAGs
[2024-04-27T03:45:23.913+0000] {logging_mixin.py:154} INFO - [2024-04-27T03:45:23.913+0000] {dag.py:3722} INFO - Setting next_dagrun for dataset_consumes_1 to None, run_after=None
[2024-04-27T03:45:23.928+0000] {logging_mixin.py:154} INFO - [2024-04-27T03:45:23.927+0000] {dag.py:3722} INFO - Setting next_dagrun for dataset_consumes_1_and_2 to None, run_after=None
[2024-04-27T03:45:23.931+0000] {logging_mixin.py:154} INFO - [2024-04-27T03:45:23.930+0000] {dag.py:3722} INFO - Setting next_dagrun for dataset_consumes_1_never_scheduled to None, run_after=None
[2024-04-27T03:45:23.936+0000] {logging_mixin.py:154} INFO - [2024-04-27T03:45:23.936+0000] {dag.py:3722} INFO - Setting next_dagrun for dataset_consumes_unknown_never_scheduled to None, run_after=None
[2024-04-27T03:45:23.950+0000] {logging_mixin.py:154} INFO - [2024-04-27T03:45:23.949+0000] {dag.py:3722} INFO - Setting next_dagrun for dataset_produces_1 to 2024-04-26T00:00:00+00:00, run_after=2024-04-27T00:00:00+00:00
[2024-04-27T03:45:23.952+0000] {logging_mixin.py:154} INFO - [2024-04-27T03:45:23.952+0000] {dag.py:3722} INFO - Setting next_dagrun for dataset_produces_2 to None, run_after=None
[2024-04-27T03:45:24.034+0000] {processor.py:179} INFO - Processing /home/airflow/.local/lib/python3.8/site-packages/airflow/example_dags/example_datasets.py took 0.292 seconds
[2024-04-27T03:45:54.265+0000] {processor.py:157} INFO - Started process (PID=1540) to work on /home/airflow/.local/lib/python3.8/site-packages/airflow/example_dags/example_datasets.py
[2024-04-27T03:45:54.268+0000] {processor.py:829} INFO - Processing file /home/airflow/.local/lib/python3.8/site-packages/airflow/example_dags/example_datasets.py for tasks to queue
[2024-04-27T03:45:54.269+0000] {logging_mixin.py:154} INFO - [2024-04-27T03:45:54.268+0000] {dagbag.py:536} INFO - Filling up the DagBag from /home/airflow/.local/lib/python3.8/site-packages/airflow/example_dags/example_datasets.py
[2024-04-27T03:45:54.284+0000] {processor.py:839} INFO - DAG(s) dict_keys(['dataset_consumes_1', 'dataset_produces_1', 'dataset_produces_2', 'dataset_consumes_1_and_2', 'dataset_consumes_1_never_scheduled', 'dataset_consumes_unknown_never_scheduled']) retrieved from /home/airflow/.local/lib/python3.8/site-packages/airflow/example_dags/example_datasets.py
[2024-04-27T03:45:54.363+0000] {logging_mixin.py:154} INFO - [2024-04-27T03:45:54.362+0000] {dag.py:2941} INFO - Sync 6 DAGs
[2024-04-27T03:45:54.412+0000] {logging_mixin.py:154} INFO - [2024-04-27T03:45:54.412+0000] {dag.py:3722} INFO - Setting next_dagrun for dataset_consumes_1 to None, run_after=None
[2024-04-27T03:45:54.422+0000] {logging_mixin.py:154} INFO - [2024-04-27T03:45:54.422+0000] {dag.py:3722} INFO - Setting next_dagrun for dataset_consumes_1_and_2 to None, run_after=None
[2024-04-27T03:45:54.425+0000] {logging_mixin.py:154} INFO - [2024-04-27T03:45:54.425+0000] {dag.py:3722} INFO - Setting next_dagrun for dataset_consumes_1_never_scheduled to None, run_after=None
[2024-04-27T03:45:54.428+0000] {logging_mixin.py:154} INFO - [2024-04-27T03:45:54.428+0000] {dag.py:3722} INFO - Setting next_dagrun for dataset_consumes_unknown_never_scheduled to None, run_after=None
[2024-04-27T03:45:54.434+0000] {logging_mixin.py:154} INFO - [2024-04-27T03:45:54.434+0000] {dag.py:3722} INFO - Setting next_dagrun for dataset_produces_1 to 2024-04-26T00:00:00+00:00, run_after=2024-04-27T00:00:00+00:00
[2024-04-27T03:45:54.437+0000] {logging_mixin.py:154} INFO - [2024-04-27T03:45:54.436+0000] {dag.py:3722} INFO - Setting next_dagrun for dataset_produces_2 to None, run_after=None
[2024-04-27T03:45:54.493+0000] {processor.py:179} INFO - Processing /home/airflow/.local/lib/python3.8/site-packages/airflow/example_dags/example_datasets.py took 0.233 seconds
[2024-04-27T03:46:25.218+0000] {processor.py:157} INFO - Started process (PID=1783) to work on /home/airflow/.local/lib/python3.8/site-packages/airflow/example_dags/example_datasets.py
[2024-04-27T03:46:25.220+0000] {processor.py:829} INFO - Processing file /home/airflow/.local/lib/python3.8/site-packages/airflow/example_dags/example_datasets.py for tasks to queue
[2024-04-27T03:46:25.222+0000] {logging_mixin.py:154} INFO - [2024-04-27T03:46:25.222+0000] {dagbag.py:536} INFO - Filling up the DagBag from /home/airflow/.local/lib/python3.8/site-packages/airflow/example_dags/example_datasets.py
[2024-04-27T03:46:25.241+0000] {processor.py:839} INFO - DAG(s) dict_keys(['dataset_produces_2', 'dataset_consumes_1_and_2', 'dataset_produces_1', 'dataset_consumes_1_never_scheduled', 'dataset_consumes_unknown_never_scheduled', 'dataset_consumes_1']) retrieved from /home/airflow/.local/lib/python3.8/site-packages/airflow/example_dags/example_datasets.py
[2024-04-27T03:46:25.320+0000] {logging_mixin.py:154} INFO - [2024-04-27T03:46:25.320+0000] {dag.py:2941} INFO - Sync 6 DAGs
[2024-04-27T03:46:25.352+0000] {logging_mixin.py:154} INFO - [2024-04-27T03:46:25.352+0000] {dag.py:3722} INFO - Setting next_dagrun for dataset_consumes_1 to None, run_after=None
[2024-04-27T03:46:25.357+0000] {logging_mixin.py:154} INFO - [2024-04-27T03:46:25.357+0000] {dag.py:3722} INFO - Setting next_dagrun for dataset_consumes_1_and_2 to None, run_after=None
[2024-04-27T03:46:25.359+0000] {logging_mixin.py:154} INFO - [2024-04-27T03:46:25.359+0000] {dag.py:3722} INFO - Setting next_dagrun for dataset_consumes_1_never_scheduled to None, run_after=None
[2024-04-27T03:46:25.361+0000] {logging_mixin.py:154} INFO - [2024-04-27T03:46:25.361+0000] {dag.py:3722} INFO - Setting next_dagrun for dataset_consumes_unknown_never_scheduled to None, run_after=None
[2024-04-27T03:46:25.365+0000] {logging_mixin.py:154} INFO - [2024-04-27T03:46:25.365+0000] {dag.py:3722} INFO - Setting next_dagrun for dataset_produces_1 to 2024-04-26T00:00:00+00:00, run_after=2024-04-27T00:00:00+00:00
[2024-04-27T03:46:25.367+0000] {logging_mixin.py:154} INFO - [2024-04-27T03:46:25.366+0000] {dag.py:3722} INFO - Setting next_dagrun for dataset_produces_2 to None, run_after=None
[2024-04-27T03:46:25.414+0000] {processor.py:179} INFO - Processing /home/airflow/.local/lib/python3.8/site-packages/airflow/example_dags/example_datasets.py took 0.203 seconds
[2024-04-27T03:46:55.961+0000] {processor.py:157} INFO - Started process (PID=2027) to work on /home/airflow/.local/lib/python3.8/site-packages/airflow/example_dags/example_datasets.py
[2024-04-27T03:46:55.963+0000] {processor.py:829} INFO - Processing file /home/airflow/.local/lib/python3.8/site-packages/airflow/example_dags/example_datasets.py for tasks to queue
[2024-04-27T03:46:55.965+0000] {logging_mixin.py:154} INFO - [2024-04-27T03:46:55.964+0000] {dagbag.py:536} INFO - Filling up the DagBag from /home/airflow/.local/lib/python3.8/site-packages/airflow/example_dags/example_datasets.py
[2024-04-27T03:46:55.980+0000] {processor.py:839} INFO - DAG(s) dict_keys(['dataset_consumes_1', 'dataset_consumes_1_never_scheduled', 'dataset_produces_2', 'dataset_consumes_unknown_never_scheduled', 'dataset_produces_1', 'dataset_consumes_1_and_2']) retrieved from /home/airflow/.local/lib/python3.8/site-packages/airflow/example_dags/example_datasets.py
[2024-04-27T03:46:56.033+0000] {logging_mixin.py:154} INFO - [2024-04-27T03:46:56.033+0000] {dag.py:2941} INFO - Sync 6 DAGs
[2024-04-27T03:46:56.072+0000] {logging_mixin.py:154} INFO - [2024-04-27T03:46:56.071+0000] {dag.py:3722} INFO - Setting next_dagrun for dataset_consumes_1 to None, run_after=None
[2024-04-27T03:46:56.077+0000] {logging_mixin.py:154} INFO - [2024-04-27T03:46:56.076+0000] {dag.py:3722} INFO - Setting next_dagrun for dataset_consumes_1_and_2 to None, run_after=None
[2024-04-27T03:46:56.079+0000] {logging_mixin.py:154} INFO - [2024-04-27T03:46:56.078+0000] {dag.py:3722} INFO - Setting next_dagrun for dataset_consumes_1_never_scheduled to None, run_after=None
[2024-04-27T03:46:56.081+0000] {logging_mixin.py:154} INFO - [2024-04-27T03:46:56.081+0000] {dag.py:3722} INFO - Setting next_dagrun for dataset_consumes_unknown_never_scheduled to None, run_after=None
[2024-04-27T03:46:56.089+0000] {logging_mixin.py:154} INFO - [2024-04-27T03:46:56.089+0000] {dag.py:3722} INFO - Setting next_dagrun for dataset_produces_1 to 2024-04-26T00:00:00+00:00, run_after=2024-04-27T00:00:00+00:00
[2024-04-27T03:46:56.092+0000] {logging_mixin.py:154} INFO - [2024-04-27T03:46:56.092+0000] {dag.py:3722} INFO - Setting next_dagrun for dataset_produces_2 to None, run_after=None
[2024-04-27T03:46:56.138+0000] {processor.py:179} INFO - Processing /home/airflow/.local/lib/python3.8/site-packages/airflow/example_dags/example_datasets.py took 0.186 seconds
[2024-04-27T03:47:26.990+0000] {processor.py:157} INFO - Started process (PID=2270) to work on /home/airflow/.local/lib/python3.8/site-packages/airflow/example_dags/example_datasets.py
[2024-04-27T03:47:26.992+0000] {processor.py:829} INFO - Processing file /home/airflow/.local/lib/python3.8/site-packages/airflow/example_dags/example_datasets.py for tasks to queue
[2024-04-27T03:47:26.993+0000] {logging_mixin.py:154} INFO - [2024-04-27T03:47:26.993+0000] {dagbag.py:536} INFO - Filling up the DagBag from /home/airflow/.local/lib/python3.8/site-packages/airflow/example_dags/example_datasets.py
[2024-04-27T03:47:27.012+0000] {processor.py:839} INFO - DAG(s) dict_keys(['dataset_consumes_unknown_never_scheduled', 'dataset_consumes_1_never_scheduled', 'dataset_consumes_1_and_2', 'dataset_consumes_1', 'dataset_produces_1', 'dataset_produces_2']) retrieved from /home/airflow/.local/lib/python3.8/site-packages/airflow/example_dags/example_datasets.py
[2024-04-27T03:47:27.078+0000] {logging_mixin.py:154} INFO - [2024-04-27T03:47:27.078+0000] {dag.py:2941} INFO - Sync 6 DAGs
[2024-04-27T03:47:27.111+0000] {logging_mixin.py:154} INFO - [2024-04-27T03:47:27.110+0000] {dag.py:3722} INFO - Setting next_dagrun for dataset_consumes_1 to None, run_after=None
[2024-04-27T03:47:27.116+0000] {logging_mixin.py:154} INFO - [2024-04-27T03:47:27.115+0000] {dag.py:3722} INFO - Setting next_dagrun for dataset_consumes_1_and_2 to None, run_after=None
[2024-04-27T03:47:27.118+0000] {logging_mixin.py:154} INFO - [2024-04-27T03:47:27.117+0000] {dag.py:3722} INFO - Setting next_dagrun for dataset_consumes_1_never_scheduled to None, run_after=None
[2024-04-27T03:47:27.119+0000] {logging_mixin.py:154} INFO - [2024-04-27T03:47:27.119+0000] {dag.py:3722} INFO - Setting next_dagrun for dataset_consumes_unknown_never_scheduled to None, run_after=None
[2024-04-27T03:47:27.123+0000] {logging_mixin.py:154} INFO - [2024-04-27T03:47:27.123+0000] {dag.py:3722} INFO - Setting next_dagrun for dataset_produces_1 to 2024-04-26T00:00:00+00:00, run_after=2024-04-27T00:00:00+00:00
[2024-04-27T03:47:27.125+0000] {logging_mixin.py:154} INFO - [2024-04-27T03:47:27.125+0000] {dag.py:3722} INFO - Setting next_dagrun for dataset_produces_2 to None, run_after=None
[2024-04-27T03:47:27.176+0000] {processor.py:179} INFO - Processing /home/airflow/.local/lib/python3.8/site-packages/airflow/example_dags/example_datasets.py took 0.191 seconds
