[2024-04-27T03:43:21.654+0000] {processor.py:157} INFO - Started process (PID=330) to work on /home/airflow/.local/lib/python3.8/site-packages/airflow/example_dags/example_branch_python_dop_operator_3.py
[2024-04-27T03:43:21.656+0000] {processor.py:829} INFO - Processing file /home/airflow/.local/lib/python3.8/site-packages/airflow/example_dags/example_branch_python_dop_operator_3.py for tasks to queue
[2024-04-27T03:43:21.657+0000] {logging_mixin.py:154} INFO - [2024-04-27T03:43:21.657+0000] {dagbag.py:536} INFO - Filling up the DagBag from /home/airflow/.local/lib/python3.8/site-packages/airflow/example_dags/example_branch_python_dop_operator_3.py
[2024-04-27T03:43:21.676+0000] {processor.py:839} INFO - DAG(s) dict_keys(['example_branch_dop_operator_v3']) retrieved from /home/airflow/.local/lib/python3.8/site-packages/airflow/example_dags/example_branch_python_dop_operator_3.py
[2024-04-27T03:43:21.698+0000] {logging_mixin.py:154} INFO - [2024-04-27T03:43:21.698+0000] {dag.py:2941} INFO - Sync 1 DAGs
[2024-04-27T03:43:21.762+0000] {logging_mixin.py:154} INFO - [2024-04-27T03:43:21.761+0000] {dag.py:3722} INFO - Setting next_dagrun for example_branch_dop_operator_v3 to 2024-04-27T03:42:00+00:00, run_after=2024-04-27T03:43:00+00:00
[2024-04-27T03:43:21.797+0000] {processor.py:179} INFO - Processing /home/airflow/.local/lib/python3.8/site-packages/airflow/example_dags/example_branch_python_dop_operator_3.py took 0.151 seconds
[2024-04-27T03:43:51.892+0000] {processor.py:157} INFO - Started process (PID=575) to work on /home/airflow/.local/lib/python3.8/site-packages/airflow/example_dags/example_branch_python_dop_operator_3.py
[2024-04-27T03:43:51.894+0000] {processor.py:829} INFO - Processing file /home/airflow/.local/lib/python3.8/site-packages/airflow/example_dags/example_branch_python_dop_operator_3.py for tasks to queue
[2024-04-27T03:43:51.896+0000] {logging_mixin.py:154} INFO - [2024-04-27T03:43:51.895+0000] {dagbag.py:536} INFO - Filling up the DagBag from /home/airflow/.local/lib/python3.8/site-packages/airflow/example_dags/example_branch_python_dop_operator_3.py
[2024-04-27T03:43:51.914+0000] {processor.py:839} INFO - DAG(s) dict_keys(['example_branch_dop_operator_v3']) retrieved from /home/airflow/.local/lib/python3.8/site-packages/airflow/example_dags/example_branch_python_dop_operator_3.py
[2024-04-27T03:43:51.954+0000] {logging_mixin.py:154} INFO - [2024-04-27T03:43:51.954+0000] {dag.py:2941} INFO - Sync 1 DAGs
[2024-04-27T03:43:52.011+0000] {logging_mixin.py:154} INFO - [2024-04-27T03:43:52.010+0000] {dag.py:3722} INFO - Setting next_dagrun for example_branch_dop_operator_v3 to 2024-04-27T03:42:00+00:00, run_after=2024-04-27T03:43:00+00:00
[2024-04-27T03:43:52.047+0000] {processor.py:179} INFO - Processing /home/airflow/.local/lib/python3.8/site-packages/airflow/example_dags/example_branch_python_dop_operator_3.py took 0.161 seconds
[2024-04-27T03:44:22.144+0000] {processor.py:157} INFO - Started process (PID=818) to work on /home/airflow/.local/lib/python3.8/site-packages/airflow/example_dags/example_branch_python_dop_operator_3.py
[2024-04-27T03:44:22.146+0000] {processor.py:829} INFO - Processing file /home/airflow/.local/lib/python3.8/site-packages/airflow/example_dags/example_branch_python_dop_operator_3.py for tasks to queue
[2024-04-27T03:44:22.148+0000] {logging_mixin.py:154} INFO - [2024-04-27T03:44:22.147+0000] {dagbag.py:536} INFO - Filling up the DagBag from /home/airflow/.local/lib/python3.8/site-packages/airflow/example_dags/example_branch_python_dop_operator_3.py
[2024-04-27T03:44:22.161+0000] {processor.py:839} INFO - DAG(s) dict_keys(['example_branch_dop_operator_v3']) retrieved from /home/airflow/.local/lib/python3.8/site-packages/airflow/example_dags/example_branch_python_dop_operator_3.py
[2024-04-27T03:44:22.192+0000] {logging_mixin.py:154} INFO - [2024-04-27T03:44:22.192+0000] {dag.py:2941} INFO - Sync 1 DAGs
[2024-04-27T03:44:22.245+0000] {logging_mixin.py:154} INFO - [2024-04-27T03:44:22.245+0000] {dag.py:3722} INFO - Setting next_dagrun for example_branch_dop_operator_v3 to 2024-04-27T03:43:00+00:00, run_after=2024-04-27T03:44:00+00:00
[2024-04-27T03:44:22.276+0000] {processor.py:179} INFO - Processing /home/airflow/.local/lib/python3.8/site-packages/airflow/example_dags/example_branch_python_dop_operator_3.py took 0.138 seconds
[2024-04-27T03:44:53.168+0000] {processor.py:157} INFO - Started process (PID=1064) to work on /home/airflow/.local/lib/python3.8/site-packages/airflow/example_dags/example_branch_python_dop_operator_3.py
[2024-04-27T03:44:53.171+0000] {processor.py:829} INFO - Processing file /home/airflow/.local/lib/python3.8/site-packages/airflow/example_dags/example_branch_python_dop_operator_3.py for tasks to queue
[2024-04-27T03:44:53.173+0000] {logging_mixin.py:154} INFO - [2024-04-27T03:44:53.172+0000] {dagbag.py:536} INFO - Filling up the DagBag from /home/airflow/.local/lib/python3.8/site-packages/airflow/example_dags/example_branch_python_dop_operator_3.py
[2024-04-27T03:44:53.191+0000] {processor.py:839} INFO - DAG(s) dict_keys(['example_branch_dop_operator_v3']) retrieved from /home/airflow/.local/lib/python3.8/site-packages/airflow/example_dags/example_branch_python_dop_operator_3.py
[2024-04-27T03:44:53.233+0000] {logging_mixin.py:154} INFO - [2024-04-27T03:44:53.233+0000] {dag.py:2941} INFO - Sync 1 DAGs
[2024-04-27T03:44:53.287+0000] {logging_mixin.py:154} INFO - [2024-04-27T03:44:53.287+0000] {dag.py:3722} INFO - Setting next_dagrun for example_branch_dop_operator_v3 to 2024-04-27T03:43:00+00:00, run_after=2024-04-27T03:44:00+00:00
[2024-04-27T03:44:53.321+0000] {processor.py:179} INFO - Processing /home/airflow/.local/lib/python3.8/site-packages/airflow/example_dags/example_branch_python_dop_operator_3.py took 0.160 seconds
[2024-04-27T03:45:24.086+0000] {processor.py:157} INFO - Started process (PID=1309) to work on /home/airflow/.local/lib/python3.8/site-packages/airflow/example_dags/example_branch_python_dop_operator_3.py
[2024-04-27T03:45:24.088+0000] {processor.py:829} INFO - Processing file /home/airflow/.local/lib/python3.8/site-packages/airflow/example_dags/example_branch_python_dop_operator_3.py for tasks to queue
[2024-04-27T03:45:24.090+0000] {logging_mixin.py:154} INFO - [2024-04-27T03:45:24.089+0000] {dagbag.py:536} INFO - Filling up the DagBag from /home/airflow/.local/lib/python3.8/site-packages/airflow/example_dags/example_branch_python_dop_operator_3.py
[2024-04-27T03:45:24.107+0000] {processor.py:839} INFO - DAG(s) dict_keys(['example_branch_dop_operator_v3']) retrieved from /home/airflow/.local/lib/python3.8/site-packages/airflow/example_dags/example_branch_python_dop_operator_3.py
[2024-04-27T03:45:24.150+0000] {logging_mixin.py:154} INFO - [2024-04-27T03:45:24.149+0000] {dag.py:2941} INFO - Sync 1 DAGs
[2024-04-27T03:45:24.208+0000] {logging_mixin.py:154} INFO - [2024-04-27T03:45:24.207+0000] {dag.py:3722} INFO - Setting next_dagrun for example_branch_dop_operator_v3 to 2024-04-27T03:44:00+00:00, run_after=2024-04-27T03:45:00+00:00
[2024-04-27T03:45:24.247+0000] {processor.py:179} INFO - Processing /home/airflow/.local/lib/python3.8/site-packages/airflow/example_dags/example_branch_python_dop_operator_3.py took 0.172 seconds
[2024-04-27T03:45:54.534+0000] {processor.py:157} INFO - Started process (PID=1552) to work on /home/airflow/.local/lib/python3.8/site-packages/airflow/example_dags/example_branch_python_dop_operator_3.py
[2024-04-27T03:45:54.536+0000] {processor.py:829} INFO - Processing file /home/airflow/.local/lib/python3.8/site-packages/airflow/example_dags/example_branch_python_dop_operator_3.py for tasks to queue
[2024-04-27T03:45:54.537+0000] {logging_mixin.py:154} INFO - [2024-04-27T03:45:54.537+0000] {dagbag.py:536} INFO - Filling up the DagBag from /home/airflow/.local/lib/python3.8/site-packages/airflow/example_dags/example_branch_python_dop_operator_3.py
[2024-04-27T03:45:54.550+0000] {processor.py:839} INFO - DAG(s) dict_keys(['example_branch_dop_operator_v3']) retrieved from /home/airflow/.local/lib/python3.8/site-packages/airflow/example_dags/example_branch_python_dop_operator_3.py
[2024-04-27T03:45:54.583+0000] {logging_mixin.py:154} INFO - [2024-04-27T03:45:54.582+0000] {dag.py:2941} INFO - Sync 1 DAGs
[2024-04-27T03:45:54.622+0000] {logging_mixin.py:154} INFO - [2024-04-27T03:45:54.622+0000] {dag.py:3722} INFO - Setting next_dagrun for example_branch_dop_operator_v3 to 2024-04-27T03:44:00+00:00, run_after=2024-04-27T03:45:00+00:00
[2024-04-27T03:45:54.650+0000] {processor.py:179} INFO - Processing /home/airflow/.local/lib/python3.8/site-packages/airflow/example_dags/example_branch_python_dop_operator_3.py took 0.121 seconds
[2024-04-27T03:46:25.427+0000] {processor.py:157} INFO - Started process (PID=1793) to work on /home/airflow/.local/lib/python3.8/site-packages/airflow/example_dags/example_branch_python_dop_operator_3.py
[2024-04-27T03:46:25.429+0000] {processor.py:829} INFO - Processing file /home/airflow/.local/lib/python3.8/site-packages/airflow/example_dags/example_branch_python_dop_operator_3.py for tasks to queue
[2024-04-27T03:46:25.431+0000] {logging_mixin.py:154} INFO - [2024-04-27T03:46:25.430+0000] {dagbag.py:536} INFO - Filling up the DagBag from /home/airflow/.local/lib/python3.8/site-packages/airflow/example_dags/example_branch_python_dop_operator_3.py
[2024-04-27T03:46:25.444+0000] {processor.py:839} INFO - DAG(s) dict_keys(['example_branch_dop_operator_v3']) retrieved from /home/airflow/.local/lib/python3.8/site-packages/airflow/example_dags/example_branch_python_dop_operator_3.py
[2024-04-27T03:46:25.474+0000] {logging_mixin.py:154} INFO - [2024-04-27T03:46:25.474+0000] {dag.py:2941} INFO - Sync 1 DAGs
[2024-04-27T03:46:25.514+0000] {logging_mixin.py:154} INFO - [2024-04-27T03:46:25.514+0000] {dag.py:3722} INFO - Setting next_dagrun for example_branch_dop_operator_v3 to 2024-04-27T03:45:00+00:00, run_after=2024-04-27T03:46:00+00:00
[2024-04-27T03:46:25.541+0000] {processor.py:179} INFO - Processing /home/airflow/.local/lib/python3.8/site-packages/airflow/example_dags/example_branch_python_dop_operator_3.py took 0.119 seconds
[2024-04-27T03:46:56.178+0000] {processor.py:157} INFO - Started process (PID=2037) to work on /home/airflow/.local/lib/python3.8/site-packages/airflow/example_dags/example_branch_python_dop_operator_3.py
[2024-04-27T03:46:56.180+0000] {processor.py:829} INFO - Processing file /home/airflow/.local/lib/python3.8/site-packages/airflow/example_dags/example_branch_python_dop_operator_3.py for tasks to queue
[2024-04-27T03:46:56.182+0000] {logging_mixin.py:154} INFO - [2024-04-27T03:46:56.181+0000] {dagbag.py:536} INFO - Filling up the DagBag from /home/airflow/.local/lib/python3.8/site-packages/airflow/example_dags/example_branch_python_dop_operator_3.py
[2024-04-27T03:46:56.199+0000] {processor.py:839} INFO - DAG(s) dict_keys(['example_branch_dop_operator_v3']) retrieved from /home/airflow/.local/lib/python3.8/site-packages/airflow/example_dags/example_branch_python_dop_operator_3.py
[2024-04-27T03:46:56.235+0000] {logging_mixin.py:154} INFO - [2024-04-27T03:46:56.234+0000] {dag.py:2941} INFO - Sync 1 DAGs
[2024-04-27T03:46:56.276+0000] {logging_mixin.py:154} INFO - [2024-04-27T03:46:56.276+0000] {dag.py:3722} INFO - Setting next_dagrun for example_branch_dop_operator_v3 to 2024-04-27T03:45:00+00:00, run_after=2024-04-27T03:46:00+00:00
[2024-04-27T03:46:56.304+0000] {processor.py:179} INFO - Processing /home/airflow/.local/lib/python3.8/site-packages/airflow/example_dags/example_branch_python_dop_operator_3.py took 0.132 seconds
[2024-04-27T03:47:27.200+0000] {processor.py:157} INFO - Started process (PID=2282) to work on /home/airflow/.local/lib/python3.8/site-packages/airflow/example_dags/example_branch_python_dop_operator_3.py
[2024-04-27T03:47:27.202+0000] {processor.py:829} INFO - Processing file /home/airflow/.local/lib/python3.8/site-packages/airflow/example_dags/example_branch_python_dop_operator_3.py for tasks to queue
[2024-04-27T03:47:27.203+0000] {logging_mixin.py:154} INFO - [2024-04-27T03:47:27.203+0000] {dagbag.py:536} INFO - Filling up the DagBag from /home/airflow/.local/lib/python3.8/site-packages/airflow/example_dags/example_branch_python_dop_operator_3.py
[2024-04-27T03:47:27.217+0000] {processor.py:839} INFO - DAG(s) dict_keys(['example_branch_dop_operator_v3']) retrieved from /home/airflow/.local/lib/python3.8/site-packages/airflow/example_dags/example_branch_python_dop_operator_3.py
[2024-04-27T03:47:27.250+0000] {logging_mixin.py:154} INFO - [2024-04-27T03:47:27.249+0000] {dag.py:2941} INFO - Sync 1 DAGs
[2024-04-27T03:47:27.294+0000] {logging_mixin.py:154} INFO - [2024-04-27T03:47:27.293+0000] {dag.py:3722} INFO - Setting next_dagrun for example_branch_dop_operator_v3 to 2024-04-27T03:46:00+00:00, run_after=2024-04-27T03:47:00+00:00
[2024-04-27T03:47:27.326+0000] {processor.py:179} INFO - Processing /home/airflow/.local/lib/python3.8/site-packages/airflow/example_dags/example_branch_python_dop_operator_3.py took 0.131 seconds
