[2024-04-27T03:43:18.225+0000] {processor.py:157} INFO - Started process (PID=178) to work on /home/airflow/.local/lib/python3.8/site-packages/airflow/example_dags/example_task_group.py
[2024-04-27T03:43:18.226+0000] {processor.py:829} INFO - Processing file /home/airflow/.local/lib/python3.8/site-packages/airflow/example_dags/example_task_group.py for tasks to queue
[2024-04-27T03:43:18.227+0000] {logging_mixin.py:154} INFO - [2024-04-27T03:43:18.227+0000] {dagbag.py:536} INFO - Filling up the DagBag from /home/airflow/.local/lib/python3.8/site-packages/airflow/example_dags/example_task_group.py
[2024-04-27T03:43:18.244+0000] {processor.py:839} INFO - DAG(s) dict_keys(['example_task_group']) retrieved from /home/airflow/.local/lib/python3.8/site-packages/airflow/example_dags/example_task_group.py
[2024-04-27T03:43:18.262+0000] {logging_mixin.py:154} INFO - [2024-04-27T03:43:18.262+0000] {dag.py:2941} INFO - Sync 1 DAGs
[2024-04-27T03:43:18.294+0000] {logging_mixin.py:154} INFO - [2024-04-27T03:43:18.294+0000] {dag.py:3722} INFO - Setting next_dagrun for example_task_group to 2024-04-26T03:43:18.293883+00:00, run_after=2024-04-27T03:43:18.293883+00:00
[2024-04-27T03:43:18.325+0000] {processor.py:179} INFO - Processing /home/airflow/.local/lib/python3.8/site-packages/airflow/example_dags/example_task_group.py took 0.106 seconds
[2024-04-27T03:43:48.462+0000] {processor.py:157} INFO - Started process (PID=422) to work on /home/airflow/.local/lib/python3.8/site-packages/airflow/example_dags/example_task_group.py
[2024-04-27T03:43:48.466+0000] {processor.py:829} INFO - Processing file /home/airflow/.local/lib/python3.8/site-packages/airflow/example_dags/example_task_group.py for tasks to queue
[2024-04-27T03:43:48.468+0000] {logging_mixin.py:154} INFO - [2024-04-27T03:43:48.467+0000] {dagbag.py:536} INFO - Filling up the DagBag from /home/airflow/.local/lib/python3.8/site-packages/airflow/example_dags/example_task_group.py
[2024-04-27T03:43:48.480+0000] {processor.py:839} INFO - DAG(s) dict_keys(['example_task_group']) retrieved from /home/airflow/.local/lib/python3.8/site-packages/airflow/example_dags/example_task_group.py
[2024-04-27T03:43:48.512+0000] {logging_mixin.py:154} INFO - [2024-04-27T03:43:48.512+0000] {dag.py:2941} INFO - Sync 1 DAGs
[2024-04-27T03:43:48.542+0000] {logging_mixin.py:154} INFO - [2024-04-27T03:43:48.542+0000] {dag.py:3722} INFO - Setting next_dagrun for example_task_group to 2024-04-26T03:43:48.541589+00:00, run_after=2024-04-27T03:43:48.541589+00:00
[2024-04-27T03:43:48.570+0000] {processor.py:179} INFO - Processing /home/airflow/.local/lib/python3.8/site-packages/airflow/example_dags/example_task_group.py took 0.113 seconds
[2024-04-27T03:44:18.668+0000] {processor.py:157} INFO - Started process (PID=665) to work on /home/airflow/.local/lib/python3.8/site-packages/airflow/example_dags/example_task_group.py
[2024-04-27T03:44:18.670+0000] {processor.py:829} INFO - Processing file /home/airflow/.local/lib/python3.8/site-packages/airflow/example_dags/example_task_group.py for tasks to queue
[2024-04-27T03:44:18.671+0000] {logging_mixin.py:154} INFO - [2024-04-27T03:44:18.670+0000] {dagbag.py:536} INFO - Filling up the DagBag from /home/airflow/.local/lib/python3.8/site-packages/airflow/example_dags/example_task_group.py
[2024-04-27T03:44:18.682+0000] {processor.py:839} INFO - DAG(s) dict_keys(['example_task_group']) retrieved from /home/airflow/.local/lib/python3.8/site-packages/airflow/example_dags/example_task_group.py
[2024-04-27T03:44:18.713+0000] {logging_mixin.py:154} INFO - [2024-04-27T03:44:18.713+0000] {dag.py:2941} INFO - Sync 1 DAGs
[2024-04-27T03:44:18.746+0000] {logging_mixin.py:154} INFO - [2024-04-27T03:44:18.746+0000] {dag.py:3722} INFO - Setting next_dagrun for example_task_group to 2024-04-26T03:44:18.746053+00:00, run_after=2024-04-27T03:44:18.746053+00:00
[2024-04-27T03:44:18.775+0000] {processor.py:179} INFO - Processing /home/airflow/.local/lib/python3.8/site-packages/airflow/example_dags/example_task_group.py took 0.112 seconds
[2024-04-27T03:44:49.161+0000] {processor.py:157} INFO - Started process (PID=909) to work on /home/airflow/.local/lib/python3.8/site-packages/airflow/example_dags/example_task_group.py
[2024-04-27T03:44:49.163+0000] {processor.py:829} INFO - Processing file /home/airflow/.local/lib/python3.8/site-packages/airflow/example_dags/example_task_group.py for tasks to queue
[2024-04-27T03:44:49.165+0000] {logging_mixin.py:154} INFO - [2024-04-27T03:44:49.165+0000] {dagbag.py:536} INFO - Filling up the DagBag from /home/airflow/.local/lib/python3.8/site-packages/airflow/example_dags/example_task_group.py
[2024-04-27T03:44:49.182+0000] {processor.py:839} INFO - DAG(s) dict_keys(['example_task_group']) retrieved from /home/airflow/.local/lib/python3.8/site-packages/airflow/example_dags/example_task_group.py
[2024-04-27T03:44:49.222+0000] {logging_mixin.py:154} INFO - [2024-04-27T03:44:49.222+0000] {dag.py:2941} INFO - Sync 1 DAGs
[2024-04-27T03:44:49.266+0000] {logging_mixin.py:154} INFO - [2024-04-27T03:44:49.265+0000] {dag.py:3722} INFO - Setting next_dagrun for example_task_group to 2024-04-26T03:44:49.265043+00:00, run_after=2024-04-27T03:44:49.265043+00:00
[2024-04-27T03:44:49.307+0000] {processor.py:179} INFO - Processing /home/airflow/.local/lib/python3.8/site-packages/airflow/example_dags/example_task_group.py took 0.154 seconds
[2024-04-27T03:45:19.897+0000] {processor.py:157} INFO - Started process (PID=1153) to work on /home/airflow/.local/lib/python3.8/site-packages/airflow/example_dags/example_task_group.py
[2024-04-27T03:45:19.902+0000] {processor.py:829} INFO - Processing file /home/airflow/.local/lib/python3.8/site-packages/airflow/example_dags/example_task_group.py for tasks to queue
[2024-04-27T03:45:19.903+0000] {logging_mixin.py:154} INFO - [2024-04-27T03:45:19.903+0000] {dagbag.py:536} INFO - Filling up the DagBag from /home/airflow/.local/lib/python3.8/site-packages/airflow/example_dags/example_task_group.py
[2024-04-27T03:45:19.921+0000] {processor.py:839} INFO - DAG(s) dict_keys(['example_task_group']) retrieved from /home/airflow/.local/lib/python3.8/site-packages/airflow/example_dags/example_task_group.py
[2024-04-27T03:45:19.967+0000] {logging_mixin.py:154} INFO - [2024-04-27T03:45:19.966+0000] {dag.py:2941} INFO - Sync 1 DAGs
[2024-04-27T03:45:20.012+0000] {logging_mixin.py:154} INFO - [2024-04-27T03:45:20.012+0000] {dag.py:3722} INFO - Setting next_dagrun for example_task_group to 2024-04-26T03:45:20.012041+00:00, run_after=2024-04-27T03:45:20.012041+00:00
[2024-04-27T03:45:20.074+0000] {processor.py:179} INFO - Processing /home/airflow/.local/lib/python3.8/site-packages/airflow/example_dags/example_task_group.py took 0.184 seconds
[2024-04-27T03:45:50.432+0000] {processor.py:157} INFO - Started process (PID=1397) to work on /home/airflow/.local/lib/python3.8/site-packages/airflow/example_dags/example_task_group.py
[2024-04-27T03:45:50.434+0000] {processor.py:829} INFO - Processing file /home/airflow/.local/lib/python3.8/site-packages/airflow/example_dags/example_task_group.py for tasks to queue
[2024-04-27T03:45:50.435+0000] {logging_mixin.py:154} INFO - [2024-04-27T03:45:50.434+0000] {dagbag.py:536} INFO - Filling up the DagBag from /home/airflow/.local/lib/python3.8/site-packages/airflow/example_dags/example_task_group.py
[2024-04-27T03:45:50.447+0000] {processor.py:839} INFO - DAG(s) dict_keys(['example_task_group']) retrieved from /home/airflow/.local/lib/python3.8/site-packages/airflow/example_dags/example_task_group.py
[2024-04-27T03:45:50.480+0000] {logging_mixin.py:154} INFO - [2024-04-27T03:45:50.479+0000] {dag.py:2941} INFO - Sync 1 DAGs
[2024-04-27T03:45:50.510+0000] {logging_mixin.py:154} INFO - [2024-04-27T03:45:50.509+0000] {dag.py:3722} INFO - Setting next_dagrun for example_task_group to 2024-04-26T03:45:50.509479+00:00, run_after=2024-04-27T03:45:50.509479+00:00
[2024-04-27T03:45:50.537+0000] {processor.py:179} INFO - Processing /home/airflow/.local/lib/python3.8/site-packages/airflow/example_dags/example_task_group.py took 0.111 seconds
[2024-04-27T03:46:20.587+0000] {processor.py:157} INFO - Started process (PID=1640) to work on /home/airflow/.local/lib/python3.8/site-packages/airflow/example_dags/example_task_group.py
[2024-04-27T03:46:20.589+0000] {processor.py:829} INFO - Processing file /home/airflow/.local/lib/python3.8/site-packages/airflow/example_dags/example_task_group.py for tasks to queue
[2024-04-27T03:46:20.590+0000] {logging_mixin.py:154} INFO - [2024-04-27T03:46:20.590+0000] {dagbag.py:536} INFO - Filling up the DagBag from /home/airflow/.local/lib/python3.8/site-packages/airflow/example_dags/example_task_group.py
[2024-04-27T03:46:20.604+0000] {processor.py:839} INFO - DAG(s) dict_keys(['example_task_group']) retrieved from /home/airflow/.local/lib/python3.8/site-packages/airflow/example_dags/example_task_group.py
[2024-04-27T03:46:20.637+0000] {logging_mixin.py:154} INFO - [2024-04-27T03:46:20.637+0000] {dag.py:2941} INFO - Sync 1 DAGs
[2024-04-27T03:46:20.667+0000] {logging_mixin.py:154} INFO - [2024-04-27T03:46:20.667+0000] {dag.py:3722} INFO - Setting next_dagrun for example_task_group to 2024-04-26T03:46:20.667004+00:00, run_after=2024-04-27T03:46:20.667004+00:00
[2024-04-27T03:46:20.694+0000] {processor.py:179} INFO - Processing /home/airflow/.local/lib/python3.8/site-packages/airflow/example_dags/example_task_group.py took 0.112 seconds
[2024-04-27T03:46:50.945+0000] {processor.py:157} INFO - Started process (PID=1884) to work on /home/airflow/.local/lib/python3.8/site-packages/airflow/example_dags/example_task_group.py
[2024-04-27T03:46:50.947+0000] {processor.py:829} INFO - Processing file /home/airflow/.local/lib/python3.8/site-packages/airflow/example_dags/example_task_group.py for tasks to queue
[2024-04-27T03:46:50.949+0000] {logging_mixin.py:154} INFO - [2024-04-27T03:46:50.948+0000] {dagbag.py:536} INFO - Filling up the DagBag from /home/airflow/.local/lib/python3.8/site-packages/airflow/example_dags/example_task_group.py
[2024-04-27T03:46:50.961+0000] {processor.py:839} INFO - DAG(s) dict_keys(['example_task_group']) retrieved from /home/airflow/.local/lib/python3.8/site-packages/airflow/example_dags/example_task_group.py
[2024-04-27T03:46:50.994+0000] {logging_mixin.py:154} INFO - [2024-04-27T03:46:50.993+0000] {dag.py:2941} INFO - Sync 1 DAGs
[2024-04-27T03:46:51.024+0000] {logging_mixin.py:154} INFO - [2024-04-27T03:46:51.024+0000] {dag.py:3722} INFO - Setting next_dagrun for example_task_group to 2024-04-26T03:46:51.024078+00:00, run_after=2024-04-27T03:46:51.024078+00:00
[2024-04-27T03:46:51.049+0000] {processor.py:179} INFO - Processing /home/airflow/.local/lib/python3.8/site-packages/airflow/example_dags/example_task_group.py took 0.109 seconds
[2024-04-27T03:47:21.334+0000] {processor.py:157} INFO - Started process (PID=2127) to work on /home/airflow/.local/lib/python3.8/site-packages/airflow/example_dags/example_task_group.py
[2024-04-27T03:47:21.336+0000] {processor.py:829} INFO - Processing file /home/airflow/.local/lib/python3.8/site-packages/airflow/example_dags/example_task_group.py for tasks to queue
[2024-04-27T03:47:21.338+0000] {logging_mixin.py:154} INFO - [2024-04-27T03:47:21.337+0000] {dagbag.py:536} INFO - Filling up the DagBag from /home/airflow/.local/lib/python3.8/site-packages/airflow/example_dags/example_task_group.py
[2024-04-27T03:47:21.353+0000] {processor.py:839} INFO - DAG(s) dict_keys(['example_task_group']) retrieved from /home/airflow/.local/lib/python3.8/site-packages/airflow/example_dags/example_task_group.py
[2024-04-27T03:47:21.391+0000] {logging_mixin.py:154} INFO - [2024-04-27T03:47:21.390+0000] {dag.py:2941} INFO - Sync 1 DAGs
[2024-04-27T03:47:21.425+0000] {logging_mixin.py:154} INFO - [2024-04-27T03:47:21.425+0000] {dag.py:3722} INFO - Setting next_dagrun for example_task_group to 2024-04-26T03:47:21.424676+00:00, run_after=2024-04-27T03:47:21.424676+00:00
[2024-04-27T03:47:21.457+0000] {processor.py:179} INFO - Processing /home/airflow/.local/lib/python3.8/site-packages/airflow/example_dags/example_task_group.py took 0.129 seconds
