[2024-04-27T03:43:20.951+0000] {processor.py:157} INFO - Started process (PID=304) to work on /home/airflow/.local/lib/python3.8/site-packages/airflow/example_dags/example_branch_operator.py
[2024-04-27T03:43:20.953+0000] {processor.py:829} INFO - Processing file /home/airflow/.local/lib/python3.8/site-packages/airflow/example_dags/example_branch_operator.py for tasks to queue
[2024-04-27T03:43:20.954+0000] {logging_mixin.py:154} INFO - [2024-04-27T03:43:20.954+0000] {dagbag.py:536} INFO - Filling up the DagBag from /home/airflow/.local/lib/python3.8/site-packages/airflow/example_dags/example_branch_operator.py
[2024-04-27T03:43:20.977+0000] {processor.py:839} INFO - DAG(s) dict_keys(['example_branch_operator']) retrieved from /home/airflow/.local/lib/python3.8/site-packages/airflow/example_dags/example_branch_operator.py
[2024-04-27T03:43:21.004+0000] {logging_mixin.py:154} INFO - [2024-04-27T03:43:21.004+0000] {dag.py:2941} INFO - Sync 1 DAGs
[2024-04-27T03:43:21.122+0000] {logging_mixin.py:154} INFO - [2024-04-27T03:43:21.122+0000] {dag.py:3722} INFO - Setting next_dagrun for example_branch_operator to 2024-04-26T00:00:00+00:00, run_after=2024-04-27T00:00:00+00:00
[2024-04-27T03:43:21.205+0000] {processor.py:179} INFO - Processing /home/airflow/.local/lib/python3.8/site-packages/airflow/example_dags/example_branch_operator.py took 0.261 seconds
[2024-04-27T03:43:51.256+0000] {processor.py:157} INFO - Started process (PID=552) to work on /home/airflow/.local/lib/python3.8/site-packages/airflow/example_dags/example_branch_operator.py
[2024-04-27T03:43:51.258+0000] {processor.py:829} INFO - Processing file /home/airflow/.local/lib/python3.8/site-packages/airflow/example_dags/example_branch_operator.py for tasks to queue
[2024-04-27T03:43:51.259+0000] {logging_mixin.py:154} INFO - [2024-04-27T03:43:51.258+0000] {dagbag.py:536} INFO - Filling up the DagBag from /home/airflow/.local/lib/python3.8/site-packages/airflow/example_dags/example_branch_operator.py
[2024-04-27T03:43:51.273+0000] {processor.py:839} INFO - DAG(s) dict_keys(['example_branch_operator']) retrieved from /home/airflow/.local/lib/python3.8/site-packages/airflow/example_dags/example_branch_operator.py
[2024-04-27T03:43:51.308+0000] {logging_mixin.py:154} INFO - [2024-04-27T03:43:51.308+0000] {dag.py:2941} INFO - Sync 1 DAGs
[2024-04-27T03:43:51.346+0000] {logging_mixin.py:154} INFO - [2024-04-27T03:43:51.345+0000] {dag.py:3722} INFO - Setting next_dagrun for example_branch_operator to 2024-04-26T00:00:00+00:00, run_after=2024-04-27T00:00:00+00:00
[2024-04-27T03:43:51.378+0000] {processor.py:179} INFO - Processing /home/airflow/.local/lib/python3.8/site-packages/airflow/example_dags/example_branch_operator.py took 0.128 seconds
[2024-04-27T03:44:21.527+0000] {processor.py:157} INFO - Started process (PID=795) to work on /home/airflow/.local/lib/python3.8/site-packages/airflow/example_dags/example_branch_operator.py
[2024-04-27T03:44:21.529+0000] {processor.py:829} INFO - Processing file /home/airflow/.local/lib/python3.8/site-packages/airflow/example_dags/example_branch_operator.py for tasks to queue
[2024-04-27T03:44:21.530+0000] {logging_mixin.py:154} INFO - [2024-04-27T03:44:21.530+0000] {dagbag.py:536} INFO - Filling up the DagBag from /home/airflow/.local/lib/python3.8/site-packages/airflow/example_dags/example_branch_operator.py
[2024-04-27T03:44:21.545+0000] {processor.py:839} INFO - DAG(s) dict_keys(['example_branch_operator']) retrieved from /home/airflow/.local/lib/python3.8/site-packages/airflow/example_dags/example_branch_operator.py
[2024-04-27T03:44:21.580+0000] {logging_mixin.py:154} INFO - [2024-04-27T03:44:21.580+0000] {dag.py:2941} INFO - Sync 1 DAGs
[2024-04-27T03:44:21.614+0000] {logging_mixin.py:154} INFO - [2024-04-27T03:44:21.614+0000] {dag.py:3722} INFO - Setting next_dagrun for example_branch_operator to 2024-04-26T00:00:00+00:00, run_after=2024-04-27T00:00:00+00:00
[2024-04-27T03:44:21.639+0000] {processor.py:179} INFO - Processing /home/airflow/.local/lib/python3.8/site-packages/airflow/example_dags/example_branch_operator.py took 0.117 seconds
[2024-04-27T03:44:52.606+0000] {processor.py:157} INFO - Started process (PID=1039) to work on /home/airflow/.local/lib/python3.8/site-packages/airflow/example_dags/example_branch_operator.py
[2024-04-27T03:44:52.608+0000] {processor.py:829} INFO - Processing file /home/airflow/.local/lib/python3.8/site-packages/airflow/example_dags/example_branch_operator.py for tasks to queue
[2024-04-27T03:44:52.609+0000] {logging_mixin.py:154} INFO - [2024-04-27T03:44:52.609+0000] {dagbag.py:536} INFO - Filling up the DagBag from /home/airflow/.local/lib/python3.8/site-packages/airflow/example_dags/example_branch_operator.py
[2024-04-27T03:44:52.626+0000] {processor.py:839} INFO - DAG(s) dict_keys(['example_branch_operator']) retrieved from /home/airflow/.local/lib/python3.8/site-packages/airflow/example_dags/example_branch_operator.py
[2024-04-27T03:44:52.672+0000] {logging_mixin.py:154} INFO - [2024-04-27T03:44:52.672+0000] {dag.py:2941} INFO - Sync 1 DAGs
[2024-04-27T03:44:52.720+0000] {logging_mixin.py:154} INFO - [2024-04-27T03:44:52.719+0000] {dag.py:3722} INFO - Setting next_dagrun for example_branch_operator to 2024-04-26T00:00:00+00:00, run_after=2024-04-27T00:00:00+00:00
[2024-04-27T03:44:52.754+0000] {processor.py:179} INFO - Processing /home/airflow/.local/lib/python3.8/site-packages/airflow/example_dags/example_branch_operator.py took 0.156 seconds
[2024-04-27T03:45:23.478+0000] {processor.py:157} INFO - Started process (PID=1282) to work on /home/airflow/.local/lib/python3.8/site-packages/airflow/example_dags/example_branch_operator.py
[2024-04-27T03:45:23.481+0000] {processor.py:829} INFO - Processing file /home/airflow/.local/lib/python3.8/site-packages/airflow/example_dags/example_branch_operator.py for tasks to queue
[2024-04-27T03:45:23.482+0000] {logging_mixin.py:154} INFO - [2024-04-27T03:45:23.482+0000] {dagbag.py:536} INFO - Filling up the DagBag from /home/airflow/.local/lib/python3.8/site-packages/airflow/example_dags/example_branch_operator.py
[2024-04-27T03:45:23.502+0000] {processor.py:839} INFO - DAG(s) dict_keys(['example_branch_operator']) retrieved from /home/airflow/.local/lib/python3.8/site-packages/airflow/example_dags/example_branch_operator.py
[2024-04-27T03:45:23.549+0000] {logging_mixin.py:154} INFO - [2024-04-27T03:45:23.548+0000] {dag.py:2941} INFO - Sync 1 DAGs
[2024-04-27T03:45:23.599+0000] {logging_mixin.py:154} INFO - [2024-04-27T03:45:23.598+0000] {dag.py:3722} INFO - Setting next_dagrun for example_branch_operator to 2024-04-26T00:00:00+00:00, run_after=2024-04-27T00:00:00+00:00
[2024-04-27T03:45:23.632+0000] {processor.py:179} INFO - Processing /home/airflow/.local/lib/python3.8/site-packages/airflow/example_dags/example_branch_operator.py took 0.161 seconds
[2024-04-27T03:45:54.024+0000] {processor.py:157} INFO - Started process (PID=1525) to work on /home/airflow/.local/lib/python3.8/site-packages/airflow/example_dags/example_branch_operator.py
[2024-04-27T03:45:54.026+0000] {processor.py:829} INFO - Processing file /home/airflow/.local/lib/python3.8/site-packages/airflow/example_dags/example_branch_operator.py for tasks to queue
[2024-04-27T03:45:54.028+0000] {logging_mixin.py:154} INFO - [2024-04-27T03:45:54.027+0000] {dagbag.py:536} INFO - Filling up the DagBag from /home/airflow/.local/lib/python3.8/site-packages/airflow/example_dags/example_branch_operator.py
[2024-04-27T03:45:54.042+0000] {processor.py:839} INFO - DAG(s) dict_keys(['example_branch_operator']) retrieved from /home/airflow/.local/lib/python3.8/site-packages/airflow/example_dags/example_branch_operator.py
[2024-04-27T03:45:54.087+0000] {logging_mixin.py:154} INFO - [2024-04-27T03:45:54.086+0000] {dag.py:2941} INFO - Sync 1 DAGs
[2024-04-27T03:45:54.121+0000] {logging_mixin.py:154} INFO - [2024-04-27T03:45:54.120+0000] {dag.py:3722} INFO - Setting next_dagrun for example_branch_operator to 2024-04-26T00:00:00+00:00, run_after=2024-04-27T00:00:00+00:00
[2024-04-27T03:45:54.152+0000] {processor.py:179} INFO - Processing /home/airflow/.local/lib/python3.8/site-packages/airflow/example_dags/example_branch_operator.py took 0.133 seconds
[2024-04-27T03:46:24.906+0000] {processor.py:157} INFO - Started process (PID=1768) to work on /home/airflow/.local/lib/python3.8/site-packages/airflow/example_dags/example_branch_operator.py
[2024-04-27T03:46:24.910+0000] {processor.py:829} INFO - Processing file /home/airflow/.local/lib/python3.8/site-packages/airflow/example_dags/example_branch_operator.py for tasks to queue
[2024-04-27T03:46:24.912+0000] {logging_mixin.py:154} INFO - [2024-04-27T03:46:24.911+0000] {dagbag.py:536} INFO - Filling up the DagBag from /home/airflow/.local/lib/python3.8/site-packages/airflow/example_dags/example_branch_operator.py
[2024-04-27T03:46:24.931+0000] {processor.py:839} INFO - DAG(s) dict_keys(['example_branch_operator']) retrieved from /home/airflow/.local/lib/python3.8/site-packages/airflow/example_dags/example_branch_operator.py
[2024-04-27T03:46:24.977+0000] {logging_mixin.py:154} INFO - [2024-04-27T03:46:24.976+0000] {dag.py:2941} INFO - Sync 1 DAGs
[2024-04-27T03:46:25.020+0000] {logging_mixin.py:154} INFO - [2024-04-27T03:46:25.020+0000] {dag.py:3722} INFO - Setting next_dagrun for example_branch_operator to 2024-04-26T00:00:00+00:00, run_after=2024-04-27T00:00:00+00:00
[2024-04-27T03:46:25.050+0000] {processor.py:179} INFO - Processing /home/airflow/.local/lib/python3.8/site-packages/airflow/example_dags/example_branch_operator.py took 0.151 seconds
[2024-04-27T03:46:55.754+0000] {processor.py:157} INFO - Started process (PID=2012) to work on /home/airflow/.local/lib/python3.8/site-packages/airflow/example_dags/example_branch_operator.py
[2024-04-27T03:46:55.756+0000] {processor.py:829} INFO - Processing file /home/airflow/.local/lib/python3.8/site-packages/airflow/example_dags/example_branch_operator.py for tasks to queue
[2024-04-27T03:46:55.757+0000] {logging_mixin.py:154} INFO - [2024-04-27T03:46:55.757+0000] {dagbag.py:536} INFO - Filling up the DagBag from /home/airflow/.local/lib/python3.8/site-packages/airflow/example_dags/example_branch_operator.py
[2024-04-27T03:46:55.771+0000] {processor.py:839} INFO - DAG(s) dict_keys(['example_branch_operator']) retrieved from /home/airflow/.local/lib/python3.8/site-packages/airflow/example_dags/example_branch_operator.py
[2024-04-27T03:46:55.819+0000] {logging_mixin.py:154} INFO - [2024-04-27T03:46:55.819+0000] {dag.py:2941} INFO - Sync 1 DAGs
[2024-04-27T03:46:55.854+0000] {logging_mixin.py:154} INFO - [2024-04-27T03:46:55.853+0000] {dag.py:3722} INFO - Setting next_dagrun for example_branch_operator to 2024-04-26T00:00:00+00:00, run_after=2024-04-27T00:00:00+00:00
[2024-04-27T03:46:55.884+0000] {processor.py:179} INFO - Processing /home/airflow/.local/lib/python3.8/site-packages/airflow/example_dags/example_branch_operator.py took 0.138 seconds
[2024-04-27T03:47:26.721+0000] {processor.py:157} INFO - Started process (PID=2255) to work on /home/airflow/.local/lib/python3.8/site-packages/airflow/example_dags/example_branch_operator.py
[2024-04-27T03:47:26.723+0000] {processor.py:829} INFO - Processing file /home/airflow/.local/lib/python3.8/site-packages/airflow/example_dags/example_branch_operator.py for tasks to queue
[2024-04-27T03:47:26.724+0000] {logging_mixin.py:154} INFO - [2024-04-27T03:47:26.723+0000] {dagbag.py:536} INFO - Filling up the DagBag from /home/airflow/.local/lib/python3.8/site-packages/airflow/example_dags/example_branch_operator.py
[2024-04-27T03:47:26.741+0000] {processor.py:839} INFO - DAG(s) dict_keys(['example_branch_operator']) retrieved from /home/airflow/.local/lib/python3.8/site-packages/airflow/example_dags/example_branch_operator.py
[2024-04-27T03:47:26.779+0000] {logging_mixin.py:154} INFO - [2024-04-27T03:47:26.779+0000] {dag.py:2941} INFO - Sync 1 DAGs
[2024-04-27T03:47:26.820+0000] {logging_mixin.py:154} INFO - [2024-04-27T03:47:26.819+0000] {dag.py:3722} INFO - Setting next_dagrun for example_branch_operator to 2024-04-26T00:00:00+00:00, run_after=2024-04-27T00:00:00+00:00
[2024-04-27T03:47:26.851+0000] {processor.py:179} INFO - Processing /home/airflow/.local/lib/python3.8/site-packages/airflow/example_dags/example_branch_operator.py took 0.136 seconds
