[2024-04-27T03:43:20.743+0000] {processor.py:157} INFO - Started process (PID=294) to work on /home/airflow/.local/lib/python3.8/site-packages/airflow/example_dags/example_complex.py
[2024-04-27T03:43:20.745+0000] {processor.py:829} INFO - Processing file /home/airflow/.local/lib/python3.8/site-packages/airflow/example_dags/example_complex.py for tasks to queue
[2024-04-27T03:43:20.747+0000] {logging_mixin.py:154} INFO - [2024-04-27T03:43:20.746+0000] {dagbag.py:536} INFO - Filling up the DagBag from /home/airflow/.local/lib/python3.8/site-packages/airflow/example_dags/example_complex.py
[2024-04-27T03:43:20.777+0000] {processor.py:839} INFO - DAG(s) dict_keys(['example_complex']) retrieved from /home/airflow/.local/lib/python3.8/site-packages/airflow/example_dags/example_complex.py
[2024-04-27T03:43:20.811+0000] {logging_mixin.py:154} INFO - [2024-04-27T03:43:20.811+0000] {dag.py:2941} INFO - Sync 1 DAGs
[2024-04-27T03:43:20.848+0000] {logging_mixin.py:154} INFO - [2024-04-27T03:43:20.847+0000] {dag.py:3722} INFO - Setting next_dagrun for example_complex to None, run_after=None
[2024-04-27T03:43:20.894+0000] {processor.py:179} INFO - Processing /home/airflow/.local/lib/python3.8/site-packages/airflow/example_dags/example_complex.py took 0.159 seconds
[2024-04-27T03:43:51.073+0000] {processor.py:157} INFO - Started process (PID=542) to work on /home/airflow/.local/lib/python3.8/site-packages/airflow/example_dags/example_complex.py
[2024-04-27T03:43:51.075+0000] {processor.py:829} INFO - Processing file /home/airflow/.local/lib/python3.8/site-packages/airflow/example_dags/example_complex.py for tasks to queue
[2024-04-27T03:43:51.076+0000] {logging_mixin.py:154} INFO - [2024-04-27T03:43:51.076+0000] {dagbag.py:536} INFO - Filling up the DagBag from /home/airflow/.local/lib/python3.8/site-packages/airflow/example_dags/example_complex.py
[2024-04-27T03:43:51.098+0000] {processor.py:839} INFO - DAG(s) dict_keys(['example_complex']) retrieved from /home/airflow/.local/lib/python3.8/site-packages/airflow/example_dags/example_complex.py
[2024-04-27T03:43:51.146+0000] {logging_mixin.py:154} INFO - [2024-04-27T03:43:51.146+0000] {dag.py:2941} INFO - Sync 1 DAGs
[2024-04-27T03:43:51.164+0000] {logging_mixin.py:154} INFO - [2024-04-27T03:43:51.163+0000] {dag.py:3722} INFO - Setting next_dagrun for example_complex to None, run_after=None
[2024-04-27T03:43:51.196+0000] {processor.py:179} INFO - Processing /home/airflow/.local/lib/python3.8/site-packages/airflow/example_dags/example_complex.py took 0.128 seconds
[2024-04-27T03:44:21.359+0000] {processor.py:157} INFO - Started process (PID=785) to work on /home/airflow/.local/lib/python3.8/site-packages/airflow/example_dags/example_complex.py
[2024-04-27T03:44:21.361+0000] {processor.py:829} INFO - Processing file /home/airflow/.local/lib/python3.8/site-packages/airflow/example_dags/example_complex.py for tasks to queue
[2024-04-27T03:44:21.362+0000] {logging_mixin.py:154} INFO - [2024-04-27T03:44:21.362+0000] {dagbag.py:536} INFO - Filling up the DagBag from /home/airflow/.local/lib/python3.8/site-packages/airflow/example_dags/example_complex.py
[2024-04-27T03:44:21.387+0000] {processor.py:839} INFO - DAG(s) dict_keys(['example_complex']) retrieved from /home/airflow/.local/lib/python3.8/site-packages/airflow/example_dags/example_complex.py
[2024-04-27T03:44:21.434+0000] {logging_mixin.py:154} INFO - [2024-04-27T03:44:21.434+0000] {dag.py:2941} INFO - Sync 1 DAGs
[2024-04-27T03:44:21.456+0000] {logging_mixin.py:154} INFO - [2024-04-27T03:44:21.455+0000] {dag.py:3722} INFO - Setting next_dagrun for example_complex to None, run_after=None
[2024-04-27T03:44:21.486+0000] {processor.py:179} INFO - Processing /home/airflow/.local/lib/python3.8/site-packages/airflow/example_dags/example_complex.py took 0.134 seconds
[2024-04-27T03:44:52.367+0000] {processor.py:157} INFO - Started process (PID=1029) to work on /home/airflow/.local/lib/python3.8/site-packages/airflow/example_dags/example_complex.py
[2024-04-27T03:44:52.379+0000] {processor.py:829} INFO - Processing file /home/airflow/.local/lib/python3.8/site-packages/airflow/example_dags/example_complex.py for tasks to queue
[2024-04-27T03:44:52.381+0000] {logging_mixin.py:154} INFO - [2024-04-27T03:44:52.380+0000] {dagbag.py:536} INFO - Filling up the DagBag from /home/airflow/.local/lib/python3.8/site-packages/airflow/example_dags/example_complex.py
[2024-04-27T03:44:52.409+0000] {processor.py:839} INFO - DAG(s) dict_keys(['example_complex']) retrieved from /home/airflow/.local/lib/python3.8/site-packages/airflow/example_dags/example_complex.py
[2024-04-27T03:44:52.495+0000] {logging_mixin.py:154} INFO - [2024-04-27T03:44:52.494+0000] {dag.py:2941} INFO - Sync 1 DAGs
[2024-04-27T03:44:52.520+0000] {logging_mixin.py:154} INFO - [2024-04-27T03:44:52.519+0000] {dag.py:3722} INFO - Setting next_dagrun for example_complex to None, run_after=None
[2024-04-27T03:44:52.555+0000] {processor.py:179} INFO - Processing /home/airflow/.local/lib/python3.8/site-packages/airflow/example_dags/example_complex.py took 0.196 seconds
[2024-04-27T03:45:23.249+0000] {processor.py:157} INFO - Started process (PID=1272) to work on /home/airflow/.local/lib/python3.8/site-packages/airflow/example_dags/example_complex.py
[2024-04-27T03:45:23.254+0000] {processor.py:829} INFO - Processing file /home/airflow/.local/lib/python3.8/site-packages/airflow/example_dags/example_complex.py for tasks to queue
[2024-04-27T03:45:23.255+0000] {logging_mixin.py:154} INFO - [2024-04-27T03:45:23.255+0000] {dagbag.py:536} INFO - Filling up the DagBag from /home/airflow/.local/lib/python3.8/site-packages/airflow/example_dags/example_complex.py
[2024-04-27T03:45:23.281+0000] {processor.py:839} INFO - DAG(s) dict_keys(['example_complex']) retrieved from /home/airflow/.local/lib/python3.8/site-packages/airflow/example_dags/example_complex.py
[2024-04-27T03:45:23.364+0000] {logging_mixin.py:154} INFO - [2024-04-27T03:45:23.363+0000] {dag.py:2941} INFO - Sync 1 DAGs
[2024-04-27T03:45:23.392+0000] {logging_mixin.py:154} INFO - [2024-04-27T03:45:23.392+0000] {dag.py:3722} INFO - Setting next_dagrun for example_complex to None, run_after=None
[2024-04-27T03:45:23.430+0000] {processor.py:179} INFO - Processing /home/airflow/.local/lib/python3.8/site-packages/airflow/example_dags/example_complex.py took 0.188 seconds
[2024-04-27T03:45:53.833+0000] {processor.py:157} INFO - Started process (PID=1515) to work on /home/airflow/.local/lib/python3.8/site-packages/airflow/example_dags/example_complex.py
[2024-04-27T03:45:53.835+0000] {processor.py:829} INFO - Processing file /home/airflow/.local/lib/python3.8/site-packages/airflow/example_dags/example_complex.py for tasks to queue
[2024-04-27T03:45:53.837+0000] {logging_mixin.py:154} INFO - [2024-04-27T03:45:53.836+0000] {dagbag.py:536} INFO - Filling up the DagBag from /home/airflow/.local/lib/python3.8/site-packages/airflow/example_dags/example_complex.py
[2024-04-27T03:45:53.859+0000] {processor.py:839} INFO - DAG(s) dict_keys(['example_complex']) retrieved from /home/airflow/.local/lib/python3.8/site-packages/airflow/example_dags/example_complex.py
[2024-04-27T03:45:53.915+0000] {logging_mixin.py:154} INFO - [2024-04-27T03:45:53.914+0000] {dag.py:2941} INFO - Sync 1 DAGs
[2024-04-27T03:45:53.944+0000] {logging_mixin.py:154} INFO - [2024-04-27T03:45:53.944+0000] {dag.py:3722} INFO - Setting next_dagrun for example_complex to None, run_after=None
[2024-04-27T03:45:53.981+0000] {processor.py:179} INFO - Processing /home/airflow/.local/lib/python3.8/site-packages/airflow/example_dags/example_complex.py took 0.155 seconds
[2024-04-27T03:46:24.747+0000] {processor.py:157} INFO - Started process (PID=1758) to work on /home/airflow/.local/lib/python3.8/site-packages/airflow/example_dags/example_complex.py
[2024-04-27T03:46:24.750+0000] {processor.py:829} INFO - Processing file /home/airflow/.local/lib/python3.8/site-packages/airflow/example_dags/example_complex.py for tasks to queue
[2024-04-27T03:46:24.751+0000] {logging_mixin.py:154} INFO - [2024-04-27T03:46:24.751+0000] {dagbag.py:536} INFO - Filling up the DagBag from /home/airflow/.local/lib/python3.8/site-packages/airflow/example_dags/example_complex.py
[2024-04-27T03:46:24.769+0000] {processor.py:839} INFO - DAG(s) dict_keys(['example_complex']) retrieved from /home/airflow/.local/lib/python3.8/site-packages/airflow/example_dags/example_complex.py
[2024-04-27T03:46:24.816+0000] {logging_mixin.py:154} INFO - [2024-04-27T03:46:24.815+0000] {dag.py:2941} INFO - Sync 1 DAGs
[2024-04-27T03:46:24.833+0000] {logging_mixin.py:154} INFO - [2024-04-27T03:46:24.833+0000] {dag.py:3722} INFO - Setting next_dagrun for example_complex to None, run_after=None
[2024-04-27T03:46:24.863+0000] {processor.py:179} INFO - Processing /home/airflow/.local/lib/python3.8/site-packages/airflow/example_dags/example_complex.py took 0.123 seconds
[2024-04-27T03:46:55.581+0000] {processor.py:157} INFO - Started process (PID=2002) to work on /home/airflow/.local/lib/python3.8/site-packages/airflow/example_dags/example_complex.py
[2024-04-27T03:46:55.584+0000] {processor.py:829} INFO - Processing file /home/airflow/.local/lib/python3.8/site-packages/airflow/example_dags/example_complex.py for tasks to queue
[2024-04-27T03:46:55.586+0000] {logging_mixin.py:154} INFO - [2024-04-27T03:46:55.585+0000] {dagbag.py:536} INFO - Filling up the DagBag from /home/airflow/.local/lib/python3.8/site-packages/airflow/example_dags/example_complex.py
[2024-04-27T03:46:55.612+0000] {processor.py:839} INFO - DAG(s) dict_keys(['example_complex']) retrieved from /home/airflow/.local/lib/python3.8/site-packages/airflow/example_dags/example_complex.py
[2024-04-27T03:46:55.666+0000] {logging_mixin.py:154} INFO - [2024-04-27T03:46:55.666+0000] {dag.py:2941} INFO - Sync 1 DAGs
[2024-04-27T03:46:55.684+0000] {logging_mixin.py:154} INFO - [2024-04-27T03:46:55.683+0000] {dag.py:3722} INFO - Setting next_dagrun for example_complex to None, run_after=None
[2024-04-27T03:46:55.710+0000] {processor.py:179} INFO - Processing /home/airflow/.local/lib/python3.8/site-packages/airflow/example_dags/example_complex.py took 0.138 seconds
[2024-04-27T03:47:26.546+0000] {processor.py:157} INFO - Started process (PID=2245) to work on /home/airflow/.local/lib/python3.8/site-packages/airflow/example_dags/example_complex.py
[2024-04-27T03:47:26.549+0000] {processor.py:829} INFO - Processing file /home/airflow/.local/lib/python3.8/site-packages/airflow/example_dags/example_complex.py for tasks to queue
[2024-04-27T03:47:26.550+0000] {logging_mixin.py:154} INFO - [2024-04-27T03:47:26.550+0000] {dagbag.py:536} INFO - Filling up the DagBag from /home/airflow/.local/lib/python3.8/site-packages/airflow/example_dags/example_complex.py
[2024-04-27T03:47:26.568+0000] {processor.py:839} INFO - DAG(s) dict_keys(['example_complex']) retrieved from /home/airflow/.local/lib/python3.8/site-packages/airflow/example_dags/example_complex.py
[2024-04-27T03:47:26.619+0000] {logging_mixin.py:154} INFO - [2024-04-27T03:47:26.619+0000] {dag.py:2941} INFO - Sync 1 DAGs
[2024-04-27T03:47:26.643+0000] {logging_mixin.py:154} INFO - [2024-04-27T03:47:26.642+0000] {dag.py:3722} INFO - Setting next_dagrun for example_complex to None, run_after=None
[2024-04-27T03:47:26.676+0000] {processor.py:179} INFO - Processing /home/airflow/.local/lib/python3.8/site-packages/airflow/example_dags/example_complex.py took 0.137 seconds
