[2024-04-27T03:43:19.865+0000] {processor.py:157} INFO - Started process (PID=254) to work on /home/airflow/.local/lib/python3.8/site-packages/airflow/example_dags/example_branch_day_of_week_operator.py
[2024-04-27T03:43:19.867+0000] {processor.py:829} INFO - Processing file /home/airflow/.local/lib/python3.8/site-packages/airflow/example_dags/example_branch_day_of_week_operator.py for tasks to queue
[2024-04-27T03:43:19.869+0000] {logging_mixin.py:154} INFO - [2024-04-27T03:43:19.868+0000] {dagbag.py:536} INFO - Filling up the DagBag from /home/airflow/.local/lib/python3.8/site-packages/airflow/example_dags/example_branch_day_of_week_operator.py
[2024-04-27T03:43:19.887+0000] {processor.py:839} INFO - DAG(s) dict_keys(['example_weekday_branch_operator']) retrieved from /home/airflow/.local/lib/python3.8/site-packages/airflow/example_dags/example_branch_day_of_week_operator.py
[2024-04-27T03:43:19.912+0000] {logging_mixin.py:154} INFO - [2024-04-27T03:43:19.912+0000] {dag.py:2941} INFO - Sync 1 DAGs
[2024-04-27T03:43:19.971+0000] {logging_mixin.py:154} INFO - [2024-04-27T03:43:19.970+0000] {dag.py:3722} INFO - Setting next_dagrun for example_weekday_branch_operator to 2024-04-26T00:00:00+00:00, run_after=2024-04-27T00:00:00+00:00
[2024-04-27T03:43:20.007+0000] {processor.py:179} INFO - Processing /home/airflow/.local/lib/python3.8/site-packages/airflow/example_dags/example_branch_day_of_week_operator.py took 0.148 seconds
[2024-04-27T03:43:50.318+0000] {processor.py:157} INFO - Started process (PID=500) to work on /home/airflow/.local/lib/python3.8/site-packages/airflow/example_dags/example_branch_day_of_week_operator.py
[2024-04-27T03:43:50.321+0000] {processor.py:829} INFO - Processing file /home/airflow/.local/lib/python3.8/site-packages/airflow/example_dags/example_branch_day_of_week_operator.py for tasks to queue
[2024-04-27T03:43:50.322+0000] {logging_mixin.py:154} INFO - [2024-04-27T03:43:50.322+0000] {dagbag.py:536} INFO - Filling up the DagBag from /home/airflow/.local/lib/python3.8/site-packages/airflow/example_dags/example_branch_day_of_week_operator.py
[2024-04-27T03:43:50.338+0000] {processor.py:839} INFO - DAG(s) dict_keys(['example_weekday_branch_operator']) retrieved from /home/airflow/.local/lib/python3.8/site-packages/airflow/example_dags/example_branch_day_of_week_operator.py
[2024-04-27T03:43:50.378+0000] {logging_mixin.py:154} INFO - [2024-04-27T03:43:50.377+0000] {dag.py:2941} INFO - Sync 1 DAGs
[2024-04-27T03:43:50.414+0000] {logging_mixin.py:154} INFO - [2024-04-27T03:43:50.414+0000] {dag.py:3722} INFO - Setting next_dagrun for example_weekday_branch_operator to 2024-04-26T00:00:00+00:00, run_after=2024-04-27T00:00:00+00:00
[2024-04-27T03:43:50.441+0000] {processor.py:179} INFO - Processing /home/airflow/.local/lib/python3.8/site-packages/airflow/example_dags/example_branch_day_of_week_operator.py took 0.130 seconds
[2024-04-27T03:44:20.583+0000] {processor.py:157} INFO - Started process (PID=743) to work on /home/airflow/.local/lib/python3.8/site-packages/airflow/example_dags/example_branch_day_of_week_operator.py
[2024-04-27T03:44:20.585+0000] {processor.py:829} INFO - Processing file /home/airflow/.local/lib/python3.8/site-packages/airflow/example_dags/example_branch_day_of_week_operator.py for tasks to queue
[2024-04-27T03:44:20.586+0000] {logging_mixin.py:154} INFO - [2024-04-27T03:44:20.586+0000] {dagbag.py:536} INFO - Filling up the DagBag from /home/airflow/.local/lib/python3.8/site-packages/airflow/example_dags/example_branch_day_of_week_operator.py
[2024-04-27T03:44:20.598+0000] {processor.py:839} INFO - DAG(s) dict_keys(['example_weekday_branch_operator']) retrieved from /home/airflow/.local/lib/python3.8/site-packages/airflow/example_dags/example_branch_day_of_week_operator.py
[2024-04-27T03:44:20.637+0000] {logging_mixin.py:154} INFO - [2024-04-27T03:44:20.637+0000] {dag.py:2941} INFO - Sync 1 DAGs
[2024-04-27T03:44:20.681+0000] {logging_mixin.py:154} INFO - [2024-04-27T03:44:20.680+0000] {dag.py:3722} INFO - Setting next_dagrun for example_weekday_branch_operator to 2024-04-26T00:00:00+00:00, run_after=2024-04-27T00:00:00+00:00
[2024-04-27T03:44:20.714+0000] {processor.py:179} INFO - Processing /home/airflow/.local/lib/python3.8/site-packages/airflow/example_dags/example_branch_day_of_week_operator.py took 0.137 seconds
[2024-04-27T03:44:51.544+0000] {processor.py:157} INFO - Started process (PID=989) to work on /home/airflow/.local/lib/python3.8/site-packages/airflow/example_dags/example_branch_day_of_week_operator.py
[2024-04-27T03:44:51.547+0000] {processor.py:829} INFO - Processing file /home/airflow/.local/lib/python3.8/site-packages/airflow/example_dags/example_branch_day_of_week_operator.py for tasks to queue
[2024-04-27T03:44:51.548+0000] {logging_mixin.py:154} INFO - [2024-04-27T03:44:51.548+0000] {dagbag.py:536} INFO - Filling up the DagBag from /home/airflow/.local/lib/python3.8/site-packages/airflow/example_dags/example_branch_day_of_week_operator.py
[2024-04-27T03:44:51.565+0000] {processor.py:839} INFO - DAG(s) dict_keys(['example_weekday_branch_operator']) retrieved from /home/airflow/.local/lib/python3.8/site-packages/airflow/example_dags/example_branch_day_of_week_operator.py
[2024-04-27T03:44:51.610+0000] {logging_mixin.py:154} INFO - [2024-04-27T03:44:51.609+0000] {dag.py:2941} INFO - Sync 1 DAGs
[2024-04-27T03:44:51.659+0000] {logging_mixin.py:154} INFO - [2024-04-27T03:44:51.658+0000] {dag.py:3722} INFO - Setting next_dagrun for example_weekday_branch_operator to 2024-04-26T00:00:00+00:00, run_after=2024-04-27T00:00:00+00:00
[2024-04-27T03:44:51.691+0000] {processor.py:179} INFO - Processing /home/airflow/.local/lib/python3.8/site-packages/airflow/example_dags/example_branch_day_of_week_operator.py took 0.154 seconds
[2024-04-27T03:45:22.427+0000] {processor.py:157} INFO - Started process (PID=1232) to work on /home/airflow/.local/lib/python3.8/site-packages/airflow/example_dags/example_branch_day_of_week_operator.py
[2024-04-27T03:45:22.429+0000] {processor.py:829} INFO - Processing file /home/airflow/.local/lib/python3.8/site-packages/airflow/example_dags/example_branch_day_of_week_operator.py for tasks to queue
[2024-04-27T03:45:22.430+0000] {logging_mixin.py:154} INFO - [2024-04-27T03:45:22.430+0000] {dagbag.py:536} INFO - Filling up the DagBag from /home/airflow/.local/lib/python3.8/site-packages/airflow/example_dags/example_branch_day_of_week_operator.py
[2024-04-27T03:45:22.442+0000] {processor.py:839} INFO - DAG(s) dict_keys(['example_weekday_branch_operator']) retrieved from /home/airflow/.local/lib/python3.8/site-packages/airflow/example_dags/example_branch_day_of_week_operator.py
[2024-04-27T03:45:22.486+0000] {logging_mixin.py:154} INFO - [2024-04-27T03:45:22.485+0000] {dag.py:2941} INFO - Sync 1 DAGs
[2024-04-27T03:45:22.534+0000] {logging_mixin.py:154} INFO - [2024-04-27T03:45:22.534+0000] {dag.py:3722} INFO - Setting next_dagrun for example_weekday_branch_operator to 2024-04-26T00:00:00+00:00, run_after=2024-04-27T00:00:00+00:00
[2024-04-27T03:45:22.574+0000] {processor.py:179} INFO - Processing /home/airflow/.local/lib/python3.8/site-packages/airflow/example_dags/example_branch_day_of_week_operator.py took 0.155 seconds
[2024-04-27T03:45:53.198+0000] {processor.py:157} INFO - Started process (PID=1475) to work on /home/airflow/.local/lib/python3.8/site-packages/airflow/example_dags/example_branch_day_of_week_operator.py
[2024-04-27T03:45:53.200+0000] {processor.py:829} INFO - Processing file /home/airflow/.local/lib/python3.8/site-packages/airflow/example_dags/example_branch_day_of_week_operator.py for tasks to queue
[2024-04-27T03:45:53.201+0000] {logging_mixin.py:154} INFO - [2024-04-27T03:45:53.201+0000] {dagbag.py:536} INFO - Filling up the DagBag from /home/airflow/.local/lib/python3.8/site-packages/airflow/example_dags/example_branch_day_of_week_operator.py
[2024-04-27T03:45:53.218+0000] {processor.py:839} INFO - DAG(s) dict_keys(['example_weekday_branch_operator']) retrieved from /home/airflow/.local/lib/python3.8/site-packages/airflow/example_dags/example_branch_day_of_week_operator.py
[2024-04-27T03:45:53.266+0000] {logging_mixin.py:154} INFO - [2024-04-27T03:45:53.266+0000] {dag.py:2941} INFO - Sync 1 DAGs
[2024-04-27T03:45:53.311+0000] {logging_mixin.py:154} INFO - [2024-04-27T03:45:53.311+0000] {dag.py:3722} INFO - Setting next_dagrun for example_weekday_branch_operator to 2024-04-26T00:00:00+00:00, run_after=2024-04-27T00:00:00+00:00
[2024-04-27T03:45:53.337+0000] {processor.py:179} INFO - Processing /home/airflow/.local/lib/python3.8/site-packages/airflow/example_dags/example_branch_day_of_week_operator.py took 0.146 seconds
[2024-04-27T03:46:24.136+0000] {processor.py:157} INFO - Started process (PID=1718) to work on /home/airflow/.local/lib/python3.8/site-packages/airflow/example_dags/example_branch_day_of_week_operator.py
[2024-04-27T03:46:24.138+0000] {processor.py:829} INFO - Processing file /home/airflow/.local/lib/python3.8/site-packages/airflow/example_dags/example_branch_day_of_week_operator.py for tasks to queue
[2024-04-27T03:46:24.139+0000] {logging_mixin.py:154} INFO - [2024-04-27T03:46:24.139+0000] {dagbag.py:536} INFO - Filling up the DagBag from /home/airflow/.local/lib/python3.8/site-packages/airflow/example_dags/example_branch_day_of_week_operator.py
[2024-04-27T03:46:24.151+0000] {processor.py:839} INFO - DAG(s) dict_keys(['example_weekday_branch_operator']) retrieved from /home/airflow/.local/lib/python3.8/site-packages/airflow/example_dags/example_branch_day_of_week_operator.py
[2024-04-27T03:46:24.188+0000] {logging_mixin.py:154} INFO - [2024-04-27T03:46:24.187+0000] {dag.py:2941} INFO - Sync 1 DAGs
[2024-04-27T03:46:24.223+0000] {logging_mixin.py:154} INFO - [2024-04-27T03:46:24.223+0000] {dag.py:3722} INFO - Setting next_dagrun for example_weekday_branch_operator to 2024-04-26T00:00:00+00:00, run_after=2024-04-27T00:00:00+00:00
[2024-04-27T03:46:24.252+0000] {processor.py:179} INFO - Processing /home/airflow/.local/lib/python3.8/site-packages/airflow/example_dags/example_branch_day_of_week_operator.py took 0.121 seconds
[2024-04-27T03:46:54.812+0000] {processor.py:157} INFO - Started process (PID=1964) to work on /home/airflow/.local/lib/python3.8/site-packages/airflow/example_dags/example_branch_day_of_week_operator.py
[2024-04-27T03:46:54.814+0000] {processor.py:829} INFO - Processing file /home/airflow/.local/lib/python3.8/site-packages/airflow/example_dags/example_branch_day_of_week_operator.py for tasks to queue
[2024-04-27T03:46:54.815+0000] {logging_mixin.py:154} INFO - [2024-04-27T03:46:54.815+0000] {dagbag.py:536} INFO - Filling up the DagBag from /home/airflow/.local/lib/python3.8/site-packages/airflow/example_dags/example_branch_day_of_week_operator.py
[2024-04-27T03:46:54.827+0000] {processor.py:839} INFO - DAG(s) dict_keys(['example_weekday_branch_operator']) retrieved from /home/airflow/.local/lib/python3.8/site-packages/airflow/example_dags/example_branch_day_of_week_operator.py
[2024-04-27T03:46:54.861+0000] {logging_mixin.py:154} INFO - [2024-04-27T03:46:54.860+0000] {dag.py:2941} INFO - Sync 1 DAGs
[2024-04-27T03:46:54.895+0000] {logging_mixin.py:154} INFO - [2024-04-27T03:46:54.895+0000] {dag.py:3722} INFO - Setting next_dagrun for example_weekday_branch_operator to 2024-04-26T00:00:00+00:00, run_after=2024-04-27T00:00:00+00:00
[2024-04-27T03:46:54.923+0000] {processor.py:179} INFO - Processing /home/airflow/.local/lib/python3.8/site-packages/airflow/example_dags/example_branch_day_of_week_operator.py took 0.116 seconds
[2024-04-27T03:47:25.856+0000] {processor.py:157} INFO - Started process (PID=2205) to work on /home/airflow/.local/lib/python3.8/site-packages/airflow/example_dags/example_branch_day_of_week_operator.py
[2024-04-27T03:47:25.859+0000] {processor.py:829} INFO - Processing file /home/airflow/.local/lib/python3.8/site-packages/airflow/example_dags/example_branch_day_of_week_operator.py for tasks to queue
[2024-04-27T03:47:25.861+0000] {logging_mixin.py:154} INFO - [2024-04-27T03:47:25.860+0000] {dagbag.py:536} INFO - Filling up the DagBag from /home/airflow/.local/lib/python3.8/site-packages/airflow/example_dags/example_branch_day_of_week_operator.py
[2024-04-27T03:47:25.876+0000] {processor.py:839} INFO - DAG(s) dict_keys(['example_weekday_branch_operator']) retrieved from /home/airflow/.local/lib/python3.8/site-packages/airflow/example_dags/example_branch_day_of_week_operator.py
[2024-04-27T03:47:25.922+0000] {logging_mixin.py:154} INFO - [2024-04-27T03:47:25.921+0000] {dag.py:2941} INFO - Sync 1 DAGs
[2024-04-27T03:47:25.963+0000] {logging_mixin.py:154} INFO - [2024-04-27T03:47:25.963+0000] {dag.py:3722} INFO - Setting next_dagrun for example_weekday_branch_operator to 2024-04-26T00:00:00+00:00, run_after=2024-04-27T00:00:00+00:00
[2024-04-27T03:47:25.995+0000] {processor.py:179} INFO - Processing /home/airflow/.local/lib/python3.8/site-packages/airflow/example_dags/example_branch_day_of_week_operator.py took 0.146 seconds
