[2024-04-27T03:43:21.036+0000] {processor.py:157} INFO - Started process (PID=309) to work on /home/airflow/.local/lib/python3.8/site-packages/airflow/example_dags/example_skip_dag.py
[2024-04-27T03:43:21.038+0000] {processor.py:829} INFO - Processing file /home/airflow/.local/lib/python3.8/site-packages/airflow/example_dags/example_skip_dag.py for tasks to queue
[2024-04-27T03:43:21.040+0000] {logging_mixin.py:154} INFO - [2024-04-27T03:43:21.039+0000] {dagbag.py:536} INFO - Filling up the DagBag from /home/airflow/.local/lib/python3.8/site-packages/airflow/example_dags/example_skip_dag.py
[2024-04-27T03:43:21.057+0000] {processor.py:839} INFO - DAG(s) dict_keys(['example_skip_dag']) retrieved from /home/airflow/.local/lib/python3.8/site-packages/airflow/example_dags/example_skip_dag.py
[2024-04-27T03:43:21.103+0000] {logging_mixin.py:154} INFO - [2024-04-27T03:43:21.103+0000] {dag.py:2941} INFO - Sync 1 DAGs
[2024-04-27T03:43:21.151+0000] {logging_mixin.py:154} INFO - [2024-04-27T03:43:21.151+0000] {dag.py:3722} INFO - Setting next_dagrun for example_skip_dag to 2024-04-26T03:43:21.150795+00:00, run_after=2024-04-27T03:43:21.150795+00:00
[2024-04-27T03:43:21.207+0000] {processor.py:179} INFO - Processing /home/airflow/.local/lib/python3.8/site-packages/airflow/example_dags/example_skip_dag.py took 0.187 seconds
[2024-04-27T03:43:51.415+0000] {processor.py:157} INFO - Started process (PID=557) to work on /home/airflow/.local/lib/python3.8/site-packages/airflow/example_dags/example_skip_dag.py
[2024-04-27T03:43:51.418+0000] {processor.py:829} INFO - Processing file /home/airflow/.local/lib/python3.8/site-packages/airflow/example_dags/example_skip_dag.py for tasks to queue
[2024-04-27T03:43:51.419+0000] {logging_mixin.py:154} INFO - [2024-04-27T03:43:51.419+0000] {dagbag.py:536} INFO - Filling up the DagBag from /home/airflow/.local/lib/python3.8/site-packages/airflow/example_dags/example_skip_dag.py
[2024-04-27T03:43:51.431+0000] {processor.py:839} INFO - DAG(s) dict_keys(['example_skip_dag']) retrieved from /home/airflow/.local/lib/python3.8/site-packages/airflow/example_dags/example_skip_dag.py
[2024-04-27T03:43:51.470+0000] {logging_mixin.py:154} INFO - [2024-04-27T03:43:51.469+0000] {dag.py:2941} INFO - Sync 1 DAGs
[2024-04-27T03:43:51.503+0000] {logging_mixin.py:154} INFO - [2024-04-27T03:43:51.503+0000] {dag.py:3722} INFO - Setting next_dagrun for example_skip_dag to 2024-04-26T03:43:51.503099+00:00, run_after=2024-04-27T03:43:51.503099+00:00
[2024-04-27T03:43:51.540+0000] {processor.py:179} INFO - Processing /home/airflow/.local/lib/python3.8/site-packages/airflow/example_dags/example_skip_dag.py took 0.130 seconds
[2024-04-27T03:44:21.674+0000] {processor.py:157} INFO - Started process (PID=800) to work on /home/airflow/.local/lib/python3.8/site-packages/airflow/example_dags/example_skip_dag.py
[2024-04-27T03:44:21.676+0000] {processor.py:829} INFO - Processing file /home/airflow/.local/lib/python3.8/site-packages/airflow/example_dags/example_skip_dag.py for tasks to queue
[2024-04-27T03:44:21.677+0000] {logging_mixin.py:154} INFO - [2024-04-27T03:44:21.677+0000] {dagbag.py:536} INFO - Filling up the DagBag from /home/airflow/.local/lib/python3.8/site-packages/airflow/example_dags/example_skip_dag.py
[2024-04-27T03:44:21.689+0000] {processor.py:839} INFO - DAG(s) dict_keys(['example_skip_dag']) retrieved from /home/airflow/.local/lib/python3.8/site-packages/airflow/example_dags/example_skip_dag.py
[2024-04-27T03:44:21.722+0000] {logging_mixin.py:154} INFO - [2024-04-27T03:44:21.721+0000] {dag.py:2941} INFO - Sync 1 DAGs
[2024-04-27T03:44:21.753+0000] {logging_mixin.py:154} INFO - [2024-04-27T03:44:21.753+0000] {dag.py:3722} INFO - Setting next_dagrun for example_skip_dag to 2024-04-26T03:44:21.752678+00:00, run_after=2024-04-27T03:44:21.752678+00:00
[2024-04-27T03:44:21.779+0000] {processor.py:179} INFO - Processing /home/airflow/.local/lib/python3.8/site-packages/airflow/example_dags/example_skip_dag.py took 0.111 seconds
[2024-04-27T03:44:52.643+0000] {processor.py:157} INFO - Started process (PID=1044) to work on /home/airflow/.local/lib/python3.8/site-packages/airflow/example_dags/example_skip_dag.py
[2024-04-27T03:44:52.645+0000] {processor.py:829} INFO - Processing file /home/airflow/.local/lib/python3.8/site-packages/airflow/example_dags/example_skip_dag.py for tasks to queue
[2024-04-27T03:44:52.646+0000] {logging_mixin.py:154} INFO - [2024-04-27T03:44:52.646+0000] {dagbag.py:536} INFO - Filling up the DagBag from /home/airflow/.local/lib/python3.8/site-packages/airflow/example_dags/example_skip_dag.py
[2024-04-27T03:44:52.662+0000] {processor.py:839} INFO - DAG(s) dict_keys(['example_skip_dag']) retrieved from /home/airflow/.local/lib/python3.8/site-packages/airflow/example_dags/example_skip_dag.py
[2024-04-27T03:44:52.708+0000] {logging_mixin.py:154} INFO - [2024-04-27T03:44:52.707+0000] {dag.py:2941} INFO - Sync 1 DAGs
[2024-04-27T03:44:52.763+0000] {logging_mixin.py:154} INFO - [2024-04-27T03:44:52.762+0000] {dag.py:3722} INFO - Setting next_dagrun for example_skip_dag to 2024-04-26T03:44:52.762230+00:00, run_after=2024-04-27T03:44:52.762230+00:00
[2024-04-27T03:44:52.803+0000] {processor.py:179} INFO - Processing /home/airflow/.local/lib/python3.8/site-packages/airflow/example_dags/example_skip_dag.py took 0.166 seconds
[2024-04-27T03:45:23.537+0000] {processor.py:157} INFO - Started process (PID=1287) to work on /home/airflow/.local/lib/python3.8/site-packages/airflow/example_dags/example_skip_dag.py
[2024-04-27T03:45:23.539+0000] {processor.py:829} INFO - Processing file /home/airflow/.local/lib/python3.8/site-packages/airflow/example_dags/example_skip_dag.py for tasks to queue
[2024-04-27T03:45:23.541+0000] {logging_mixin.py:154} INFO - [2024-04-27T03:45:23.540+0000] {dagbag.py:536} INFO - Filling up the DagBag from /home/airflow/.local/lib/python3.8/site-packages/airflow/example_dags/example_skip_dag.py
[2024-04-27T03:45:23.556+0000] {processor.py:839} INFO - DAG(s) dict_keys(['example_skip_dag']) retrieved from /home/airflow/.local/lib/python3.8/site-packages/airflow/example_dags/example_skip_dag.py
[2024-04-27T03:45:23.605+0000] {logging_mixin.py:154} INFO - [2024-04-27T03:45:23.605+0000] {dag.py:2941} INFO - Sync 1 DAGs
[2024-04-27T03:45:23.652+0000] {logging_mixin.py:154} INFO - [2024-04-27T03:45:23.652+0000] {dag.py:3722} INFO - Setting next_dagrun for example_skip_dag to 2024-04-26T03:45:23.651764+00:00, run_after=2024-04-27T03:45:23.651764+00:00
[2024-04-27T03:45:23.687+0000] {processor.py:179} INFO - Processing /home/airflow/.local/lib/python3.8/site-packages/airflow/example_dags/example_skip_dag.py took 0.158 seconds
[2024-04-27T03:45:54.105+0000] {processor.py:157} INFO - Started process (PID=1530) to work on /home/airflow/.local/lib/python3.8/site-packages/airflow/example_dags/example_skip_dag.py
[2024-04-27T03:45:54.107+0000] {processor.py:829} INFO - Processing file /home/airflow/.local/lib/python3.8/site-packages/airflow/example_dags/example_skip_dag.py for tasks to queue
[2024-04-27T03:45:54.109+0000] {logging_mixin.py:154} INFO - [2024-04-27T03:45:54.108+0000] {dagbag.py:536} INFO - Filling up the DagBag from /home/airflow/.local/lib/python3.8/site-packages/airflow/example_dags/example_skip_dag.py
[2024-04-27T03:45:54.121+0000] {processor.py:839} INFO - DAG(s) dict_keys(['example_skip_dag']) retrieved from /home/airflow/.local/lib/python3.8/site-packages/airflow/example_dags/example_skip_dag.py
[2024-04-27T03:45:54.157+0000] {logging_mixin.py:154} INFO - [2024-04-27T03:45:54.156+0000] {dag.py:2941} INFO - Sync 1 DAGs
[2024-04-27T03:45:54.195+0000] {logging_mixin.py:154} INFO - [2024-04-27T03:45:54.195+0000] {dag.py:3722} INFO - Setting next_dagrun for example_skip_dag to 2024-04-26T03:45:54.195204+00:00, run_after=2024-04-27T03:45:54.195204+00:00
[2024-04-27T03:45:54.222+0000] {processor.py:179} INFO - Processing /home/airflow/.local/lib/python3.8/site-packages/airflow/example_dags/example_skip_dag.py took 0.123 seconds
[2024-04-27T03:46:25.029+0000] {processor.py:157} INFO - Started process (PID=1773) to work on /home/airflow/.local/lib/python3.8/site-packages/airflow/example_dags/example_skip_dag.py
[2024-04-27T03:46:25.031+0000] {processor.py:829} INFO - Processing file /home/airflow/.local/lib/python3.8/site-packages/airflow/example_dags/example_skip_dag.py for tasks to queue
[2024-04-27T03:46:25.032+0000] {logging_mixin.py:154} INFO - [2024-04-27T03:46:25.032+0000] {dagbag.py:536} INFO - Filling up the DagBag from /home/airflow/.local/lib/python3.8/site-packages/airflow/example_dags/example_skip_dag.py
[2024-04-27T03:46:25.045+0000] {processor.py:839} INFO - DAG(s) dict_keys(['example_skip_dag']) retrieved from /home/airflow/.local/lib/python3.8/site-packages/airflow/example_dags/example_skip_dag.py
[2024-04-27T03:46:25.094+0000] {logging_mixin.py:154} INFO - [2024-04-27T03:46:25.094+0000] {dag.py:2941} INFO - Sync 1 DAGs
[2024-04-27T03:46:25.138+0000] {logging_mixin.py:154} INFO - [2024-04-27T03:46:25.138+0000] {dag.py:3722} INFO - Setting next_dagrun for example_skip_dag to 2024-04-26T03:46:25.137816+00:00, run_after=2024-04-27T03:46:25.137816+00:00
[2024-04-27T03:46:25.174+0000] {processor.py:179} INFO - Processing /home/airflow/.local/lib/python3.8/site-packages/airflow/example_dags/example_skip_dag.py took 0.151 seconds
[2024-04-27T03:46:55.789+0000] {processor.py:157} INFO - Started process (PID=2017) to work on /home/airflow/.local/lib/python3.8/site-packages/airflow/example_dags/example_skip_dag.py
[2024-04-27T03:46:55.791+0000] {processor.py:829} INFO - Processing file /home/airflow/.local/lib/python3.8/site-packages/airflow/example_dags/example_skip_dag.py for tasks to queue
[2024-04-27T03:46:55.793+0000] {logging_mixin.py:154} INFO - [2024-04-27T03:46:55.792+0000] {dagbag.py:536} INFO - Filling up the DagBag from /home/airflow/.local/lib/python3.8/site-packages/airflow/example_dags/example_skip_dag.py
[2024-04-27T03:46:55.809+0000] {processor.py:839} INFO - DAG(s) dict_keys(['example_skip_dag']) retrieved from /home/airflow/.local/lib/python3.8/site-packages/airflow/example_dags/example_skip_dag.py
[2024-04-27T03:46:55.844+0000] {logging_mixin.py:154} INFO - [2024-04-27T03:46:55.844+0000] {dag.py:2941} INFO - Sync 1 DAGs
[2024-04-27T03:46:55.881+0000] {logging_mixin.py:154} INFO - [2024-04-27T03:46:55.881+0000] {dag.py:3722} INFO - Setting next_dagrun for example_skip_dag to 2024-04-26T03:46:55.880786+00:00, run_after=2024-04-27T03:46:55.880786+00:00
[2024-04-27T03:46:55.910+0000] {processor.py:179} INFO - Processing /home/airflow/.local/lib/python3.8/site-packages/airflow/example_dags/example_skip_dag.py took 0.129 seconds
[2024-04-27T03:47:26.837+0000] {processor.py:157} INFO - Started process (PID=2260) to work on /home/airflow/.local/lib/python3.8/site-packages/airflow/example_dags/example_skip_dag.py
[2024-04-27T03:47:26.839+0000] {processor.py:829} INFO - Processing file /home/airflow/.local/lib/python3.8/site-packages/airflow/example_dags/example_skip_dag.py for tasks to queue
[2024-04-27T03:47:26.840+0000] {logging_mixin.py:154} INFO - [2024-04-27T03:47:26.840+0000] {dagbag.py:536} INFO - Filling up the DagBag from /home/airflow/.local/lib/python3.8/site-packages/airflow/example_dags/example_skip_dag.py
[2024-04-27T03:47:26.855+0000] {processor.py:839} INFO - DAG(s) dict_keys(['example_skip_dag']) retrieved from /home/airflow/.local/lib/python3.8/site-packages/airflow/example_dags/example_skip_dag.py
[2024-04-27T03:47:26.886+0000] {logging_mixin.py:154} INFO - [2024-04-27T03:47:26.886+0000] {dag.py:2941} INFO - Sync 1 DAGs
[2024-04-27T03:47:26.921+0000] {logging_mixin.py:154} INFO - [2024-04-27T03:47:26.921+0000] {dag.py:3722} INFO - Setting next_dagrun for example_skip_dag to 2024-04-26T03:47:26.920688+00:00, run_after=2024-04-27T03:47:26.920688+00:00
[2024-04-27T03:47:26.948+0000] {processor.py:179} INFO - Processing /home/airflow/.local/lib/python3.8/site-packages/airflow/example_dags/example_skip_dag.py took 0.117 seconds
