[2024-04-27T03:43:19.065+0000] {processor.py:157} INFO - Started process (PID=215) to work on /home/airflow/.local/lib/python3.8/site-packages/airflow/example_dags/tutorial_taskflow_api.py
[2024-04-27T03:43:19.067+0000] {processor.py:829} INFO - Processing file /home/airflow/.local/lib/python3.8/site-packages/airflow/example_dags/tutorial_taskflow_api.py for tasks to queue
[2024-04-27T03:43:19.068+0000] {logging_mixin.py:154} INFO - [2024-04-27T03:43:19.068+0000] {dagbag.py:536} INFO - Filling up the DagBag from /home/airflow/.local/lib/python3.8/site-packages/airflow/example_dags/tutorial_taskflow_api.py
[2024-04-27T03:43:19.086+0000] {processor.py:839} INFO - DAG(s) dict_keys(['tutorial_taskflow_api']) retrieved from /home/airflow/.local/lib/python3.8/site-packages/airflow/example_dags/tutorial_taskflow_api.py
[2024-04-27T03:43:19.109+0000] {logging_mixin.py:154} INFO - [2024-04-27T03:43:19.108+0000] {dag.py:2941} INFO - Sync 1 DAGs
[2024-04-27T03:43:19.136+0000] {logging_mixin.py:154} INFO - [2024-04-27T03:43:19.136+0000] {dag.py:3722} INFO - Setting next_dagrun for tutorial_taskflow_api to None, run_after=None
[2024-04-27T03:43:19.163+0000] {processor.py:179} INFO - Processing /home/airflow/.local/lib/python3.8/site-packages/airflow/example_dags/tutorial_taskflow_api.py took 0.106 seconds
[2024-04-27T03:43:49.523+0000] {processor.py:157} INFO - Started process (PID=462) to work on /home/airflow/.local/lib/python3.8/site-packages/airflow/example_dags/tutorial_taskflow_api.py
[2024-04-27T03:43:49.526+0000] {processor.py:829} INFO - Processing file /home/airflow/.local/lib/python3.8/site-packages/airflow/example_dags/tutorial_taskflow_api.py for tasks to queue
[2024-04-27T03:43:49.527+0000] {logging_mixin.py:154} INFO - [2024-04-27T03:43:49.526+0000] {dagbag.py:536} INFO - Filling up the DagBag from /home/airflow/.local/lib/python3.8/site-packages/airflow/example_dags/tutorial_taskflow_api.py
[2024-04-27T03:43:49.536+0000] {processor.py:839} INFO - DAG(s) dict_keys(['tutorial_taskflow_api']) retrieved from /home/airflow/.local/lib/python3.8/site-packages/airflow/example_dags/tutorial_taskflow_api.py
[2024-04-27T03:43:49.568+0000] {logging_mixin.py:154} INFO - [2024-04-27T03:43:49.568+0000] {dag.py:2941} INFO - Sync 1 DAGs
[2024-04-27T03:43:49.586+0000] {logging_mixin.py:154} INFO - [2024-04-27T03:43:49.585+0000] {dag.py:3722} INFO - Setting next_dagrun for tutorial_taskflow_api to None, run_after=None
[2024-04-27T03:43:49.613+0000] {processor.py:179} INFO - Processing /home/airflow/.local/lib/python3.8/site-packages/airflow/example_dags/tutorial_taskflow_api.py took 0.096 seconds
[2024-04-27T03:44:19.752+0000] {processor.py:157} INFO - Started process (PID=703) to work on /home/airflow/.local/lib/python3.8/site-packages/airflow/example_dags/tutorial_taskflow_api.py
[2024-04-27T03:44:19.756+0000] {processor.py:829} INFO - Processing file /home/airflow/.local/lib/python3.8/site-packages/airflow/example_dags/tutorial_taskflow_api.py for tasks to queue
[2024-04-27T03:44:19.757+0000] {logging_mixin.py:154} INFO - [2024-04-27T03:44:19.756+0000] {dagbag.py:536} INFO - Filling up the DagBag from /home/airflow/.local/lib/python3.8/site-packages/airflow/example_dags/tutorial_taskflow_api.py
[2024-04-27T03:44:19.767+0000] {processor.py:839} INFO - DAG(s) dict_keys(['tutorial_taskflow_api']) retrieved from /home/airflow/.local/lib/python3.8/site-packages/airflow/example_dags/tutorial_taskflow_api.py
[2024-04-27T03:44:19.800+0000] {logging_mixin.py:154} INFO - [2024-04-27T03:44:19.800+0000] {dag.py:2941} INFO - Sync 1 DAGs
[2024-04-27T03:44:19.817+0000] {logging_mixin.py:154} INFO - [2024-04-27T03:44:19.816+0000] {dag.py:3722} INFO - Setting next_dagrun for tutorial_taskflow_api to None, run_after=None
[2024-04-27T03:44:19.844+0000] {processor.py:179} INFO - Processing /home/airflow/.local/lib/python3.8/site-packages/airflow/example_dags/tutorial_taskflow_api.py took 0.097 seconds
[2024-04-27T03:44:49.987+0000] {processor.py:157} INFO - Started process (PID=944) to work on /home/airflow/.local/lib/python3.8/site-packages/airflow/example_dags/tutorial_taskflow_api.py
[2024-04-27T03:44:49.991+0000] {processor.py:829} INFO - Processing file /home/airflow/.local/lib/python3.8/site-packages/airflow/example_dags/tutorial_taskflow_api.py for tasks to queue
[2024-04-27T03:44:49.993+0000] {logging_mixin.py:154} INFO - [2024-04-27T03:44:49.992+0000] {dagbag.py:536} INFO - Filling up the DagBag from /home/airflow/.local/lib/python3.8/site-packages/airflow/example_dags/tutorial_taskflow_api.py
[2024-04-27T03:44:50.007+0000] {processor.py:839} INFO - DAG(s) dict_keys(['tutorial_taskflow_api']) retrieved from /home/airflow/.local/lib/python3.8/site-packages/airflow/example_dags/tutorial_taskflow_api.py
[2024-04-27T03:44:50.044+0000] {logging_mixin.py:154} INFO - [2024-04-27T03:44:50.043+0000] {dag.py:2941} INFO - Sync 1 DAGs
[2024-04-27T03:44:50.063+0000] {logging_mixin.py:154} INFO - [2024-04-27T03:44:50.062+0000] {dag.py:3722} INFO - Setting next_dagrun for tutorial_taskflow_api to None, run_after=None
[2024-04-27T03:44:50.091+0000] {processor.py:179} INFO - Processing /home/airflow/.local/lib/python3.8/site-packages/airflow/example_dags/tutorial_taskflow_api.py took 0.113 seconds
[2024-04-27T03:45:20.771+0000] {processor.py:157} INFO - Started process (PID=1187) to work on /home/airflow/.local/lib/python3.8/site-packages/airflow/example_dags/tutorial_taskflow_api.py
[2024-04-27T03:45:20.772+0000] {processor.py:829} INFO - Processing file /home/airflow/.local/lib/python3.8/site-packages/airflow/example_dags/tutorial_taskflow_api.py for tasks to queue
[2024-04-27T03:45:20.773+0000] {logging_mixin.py:154} INFO - [2024-04-27T03:45:20.773+0000] {dagbag.py:536} INFO - Filling up the DagBag from /home/airflow/.local/lib/python3.8/site-packages/airflow/example_dags/tutorial_taskflow_api.py
[2024-04-27T03:45:20.783+0000] {processor.py:839} INFO - DAG(s) dict_keys(['tutorial_taskflow_api']) retrieved from /home/airflow/.local/lib/python3.8/site-packages/airflow/example_dags/tutorial_taskflow_api.py
[2024-04-27T03:45:20.819+0000] {logging_mixin.py:154} INFO - [2024-04-27T03:45:20.819+0000] {dag.py:2941} INFO - Sync 1 DAGs
[2024-04-27T03:45:20.842+0000] {logging_mixin.py:154} INFO - [2024-04-27T03:45:20.841+0000] {dag.py:3722} INFO - Setting next_dagrun for tutorial_taskflow_api to None, run_after=None
[2024-04-27T03:45:20.871+0000] {processor.py:179} INFO - Processing /home/airflow/.local/lib/python3.8/site-packages/airflow/example_dags/tutorial_taskflow_api.py took 0.106 seconds
[2024-04-27T03:45:51.103+0000] {processor.py:157} INFO - Started process (PID=1430) to work on /home/airflow/.local/lib/python3.8/site-packages/airflow/example_dags/tutorial_taskflow_api.py
[2024-04-27T03:45:51.105+0000] {processor.py:829} INFO - Processing file /home/airflow/.local/lib/python3.8/site-packages/airflow/example_dags/tutorial_taskflow_api.py for tasks to queue
[2024-04-27T03:45:51.107+0000] {logging_mixin.py:154} INFO - [2024-04-27T03:45:51.106+0000] {dagbag.py:536} INFO - Filling up the DagBag from /home/airflow/.local/lib/python3.8/site-packages/airflow/example_dags/tutorial_taskflow_api.py
[2024-04-27T03:45:51.120+0000] {processor.py:839} INFO - DAG(s) dict_keys(['tutorial_taskflow_api']) retrieved from /home/airflow/.local/lib/python3.8/site-packages/airflow/example_dags/tutorial_taskflow_api.py
[2024-04-27T03:45:51.154+0000] {logging_mixin.py:154} INFO - [2024-04-27T03:45:51.154+0000] {dag.py:2941} INFO - Sync 1 DAGs
[2024-04-27T03:45:51.173+0000] {logging_mixin.py:154} INFO - [2024-04-27T03:45:51.173+0000] {dag.py:3722} INFO - Setting next_dagrun for tutorial_taskflow_api to None, run_after=None
[2024-04-27T03:45:51.203+0000] {processor.py:179} INFO - Processing /home/airflow/.local/lib/python3.8/site-packages/airflow/example_dags/tutorial_taskflow_api.py took 0.108 seconds
[2024-04-27T03:46:22.106+0000] {processor.py:157} INFO - Started process (PID=1673) to work on /home/airflow/.local/lib/python3.8/site-packages/airflow/example_dags/tutorial_taskflow_api.py
[2024-04-27T03:46:22.109+0000] {processor.py:829} INFO - Processing file /home/airflow/.local/lib/python3.8/site-packages/airflow/example_dags/tutorial_taskflow_api.py for tasks to queue
[2024-04-27T03:46:22.110+0000] {logging_mixin.py:154} INFO - [2024-04-27T03:46:22.110+0000] {dagbag.py:536} INFO - Filling up the DagBag from /home/airflow/.local/lib/python3.8/site-packages/airflow/example_dags/tutorial_taskflow_api.py
[2024-04-27T03:46:22.121+0000] {processor.py:839} INFO - DAG(s) dict_keys(['tutorial_taskflow_api']) retrieved from /home/airflow/.local/lib/python3.8/site-packages/airflow/example_dags/tutorial_taskflow_api.py
[2024-04-27T03:46:22.156+0000] {logging_mixin.py:154} INFO - [2024-04-27T03:46:22.156+0000] {dag.py:2941} INFO - Sync 1 DAGs
[2024-04-27T03:46:22.176+0000] {logging_mixin.py:154} INFO - [2024-04-27T03:46:22.176+0000] {dag.py:3722} INFO - Setting next_dagrun for tutorial_taskflow_api to None, run_after=None
[2024-04-27T03:46:22.209+0000] {processor.py:179} INFO - Processing /home/airflow/.local/lib/python3.8/site-packages/airflow/example_dags/tutorial_taskflow_api.py took 0.110 seconds
[2024-04-27T03:46:52.568+0000] {processor.py:157} INFO - Started process (PID=1917) to work on /home/airflow/.local/lib/python3.8/site-packages/airflow/example_dags/tutorial_taskflow_api.py
[2024-04-27T03:46:52.571+0000] {processor.py:829} INFO - Processing file /home/airflow/.local/lib/python3.8/site-packages/airflow/example_dags/tutorial_taskflow_api.py for tasks to queue
[2024-04-27T03:46:52.572+0000] {logging_mixin.py:154} INFO - [2024-04-27T03:46:52.572+0000] {dagbag.py:536} INFO - Filling up the DagBag from /home/airflow/.local/lib/python3.8/site-packages/airflow/example_dags/tutorial_taskflow_api.py
[2024-04-27T03:46:52.586+0000] {processor.py:839} INFO - DAG(s) dict_keys(['tutorial_taskflow_api']) retrieved from /home/airflow/.local/lib/python3.8/site-packages/airflow/example_dags/tutorial_taskflow_api.py
[2024-04-27T03:46:52.618+0000] {logging_mixin.py:154} INFO - [2024-04-27T03:46:52.618+0000] {dag.py:2941} INFO - Sync 1 DAGs
[2024-04-27T03:46:52.637+0000] {logging_mixin.py:154} INFO - [2024-04-27T03:46:52.637+0000] {dag.py:3722} INFO - Setting next_dagrun for tutorial_taskflow_api to None, run_after=None
[2024-04-27T03:46:52.664+0000] {processor.py:179} INFO - Processing /home/airflow/.local/lib/python3.8/site-packages/airflow/example_dags/tutorial_taskflow_api.py took 0.105 seconds
[2024-04-27T03:47:23.018+0000] {processor.py:157} INFO - Started process (PID=2162) to work on /home/airflow/.local/lib/python3.8/site-packages/airflow/example_dags/tutorial_taskflow_api.py
[2024-04-27T03:47:23.020+0000] {processor.py:829} INFO - Processing file /home/airflow/.local/lib/python3.8/site-packages/airflow/example_dags/tutorial_taskflow_api.py for tasks to queue
[2024-04-27T03:47:23.021+0000] {logging_mixin.py:154} INFO - [2024-04-27T03:47:23.021+0000] {dagbag.py:536} INFO - Filling up the DagBag from /home/airflow/.local/lib/python3.8/site-packages/airflow/example_dags/tutorial_taskflow_api.py
[2024-04-27T03:47:23.030+0000] {processor.py:839} INFO - DAG(s) dict_keys(['tutorial_taskflow_api']) retrieved from /home/airflow/.local/lib/python3.8/site-packages/airflow/example_dags/tutorial_taskflow_api.py
[2024-04-27T03:47:23.066+0000] {logging_mixin.py:154} INFO - [2024-04-27T03:47:23.066+0000] {dag.py:2941} INFO - Sync 1 DAGs
[2024-04-27T03:47:23.084+0000] {logging_mixin.py:154} INFO - [2024-04-27T03:47:23.083+0000] {dag.py:3722} INFO - Setting next_dagrun for tutorial_taskflow_api to None, run_after=None
[2024-04-27T03:47:23.116+0000] {processor.py:179} INFO - Processing /home/airflow/.local/lib/python3.8/site-packages/airflow/example_dags/tutorial_taskflow_api.py took 0.103 seconds
