[2024-04-27T03:43:17.898+0000] {processor.py:157} INFO - Started process (PID=168) to work on /home/airflow/.local/lib/python3.8/site-packages/airflow/example_dags/tutorial_dag.py
[2024-04-27T03:43:17.900+0000] {processor.py:829} INFO - Processing file /home/airflow/.local/lib/python3.8/site-packages/airflow/example_dags/tutorial_dag.py for tasks to queue
[2024-04-27T03:43:17.901+0000] {logging_mixin.py:154} INFO - [2024-04-27T03:43:17.901+0000] {dagbag.py:536} INFO - Filling up the DagBag from /home/airflow/.local/lib/python3.8/site-packages/airflow/example_dags/tutorial_dag.py
[2024-04-27T03:43:17.938+0000] {processor.py:839} INFO - DAG(s) dict_keys(['tutorial_dag']) retrieved from /home/airflow/.local/lib/python3.8/site-packages/airflow/example_dags/tutorial_dag.py
[2024-04-27T03:43:17.982+0000] {logging_mixin.py:154} INFO - [2024-04-27T03:43:17.981+0000] {dag.py:2941} INFO - Sync 1 DAGs
[2024-04-27T03:43:18.002+0000] {logging_mixin.py:154} INFO - [2024-04-27T03:43:18.002+0000] {dag.py:3722} INFO - Setting next_dagrun for tutorial_dag to None, run_after=None
[2024-04-27T03:43:18.029+0000] {processor.py:179} INFO - Processing /home/airflow/.local/lib/python3.8/site-packages/airflow/example_dags/tutorial_dag.py took 0.138 seconds
[2024-04-27T03:43:48.192+0000] {processor.py:157} INFO - Started process (PID=412) to work on /home/airflow/.local/lib/python3.8/site-packages/airflow/example_dags/tutorial_dag.py
[2024-04-27T03:43:48.200+0000] {processor.py:829} INFO - Processing file /home/airflow/.local/lib/python3.8/site-packages/airflow/example_dags/tutorial_dag.py for tasks to queue
[2024-04-27T03:43:48.201+0000] {logging_mixin.py:154} INFO - [2024-04-27T03:43:48.201+0000] {dagbag.py:536} INFO - Filling up the DagBag from /home/airflow/.local/lib/python3.8/site-packages/airflow/example_dags/tutorial_dag.py
[2024-04-27T03:43:48.212+0000] {processor.py:839} INFO - DAG(s) dict_keys(['tutorial_dag']) retrieved from /home/airflow/.local/lib/python3.8/site-packages/airflow/example_dags/tutorial_dag.py
[2024-04-27T03:43:48.250+0000] {logging_mixin.py:154} INFO - [2024-04-27T03:43:48.249+0000] {dag.py:2941} INFO - Sync 1 DAGs
[2024-04-27T03:43:48.269+0000] {logging_mixin.py:154} INFO - [2024-04-27T03:43:48.269+0000] {dag.py:3722} INFO - Setting next_dagrun for tutorial_dag to None, run_after=None
[2024-04-27T03:43:48.297+0000] {processor.py:179} INFO - Processing /home/airflow/.local/lib/python3.8/site-packages/airflow/example_dags/tutorial_dag.py took 0.113 seconds
[2024-04-27T03:44:18.535+0000] {processor.py:157} INFO - Started process (PID=655) to work on /home/airflow/.local/lib/python3.8/site-packages/airflow/example_dags/tutorial_dag.py
[2024-04-27T03:44:18.537+0000] {processor.py:829} INFO - Processing file /home/airflow/.local/lib/python3.8/site-packages/airflow/example_dags/tutorial_dag.py for tasks to queue
[2024-04-27T03:44:18.539+0000] {logging_mixin.py:154} INFO - [2024-04-27T03:44:18.538+0000] {dagbag.py:536} INFO - Filling up the DagBag from /home/airflow/.local/lib/python3.8/site-packages/airflow/example_dags/tutorial_dag.py
[2024-04-27T03:44:18.547+0000] {processor.py:839} INFO - DAG(s) dict_keys(['tutorial_dag']) retrieved from /home/airflow/.local/lib/python3.8/site-packages/airflow/example_dags/tutorial_dag.py
[2024-04-27T03:44:18.583+0000] {logging_mixin.py:154} INFO - [2024-04-27T03:44:18.583+0000] {dag.py:2941} INFO - Sync 1 DAGs
[2024-04-27T03:44:18.602+0000] {logging_mixin.py:154} INFO - [2024-04-27T03:44:18.602+0000] {dag.py:3722} INFO - Setting next_dagrun for tutorial_dag to None, run_after=None
[2024-04-27T03:44:18.630+0000] {processor.py:179} INFO - Processing /home/airflow/.local/lib/python3.8/site-packages/airflow/example_dags/tutorial_dag.py took 0.101 seconds
[2024-04-27T03:44:49.010+0000] {processor.py:157} INFO - Started process (PID=901) to work on /home/airflow/.local/lib/python3.8/site-packages/airflow/example_dags/tutorial_dag.py
[2024-04-27T03:44:49.012+0000] {processor.py:829} INFO - Processing file /home/airflow/.local/lib/python3.8/site-packages/airflow/example_dags/tutorial_dag.py for tasks to queue
[2024-04-27T03:44:49.014+0000] {logging_mixin.py:154} INFO - [2024-04-27T03:44:49.014+0000] {dagbag.py:536} INFO - Filling up the DagBag from /home/airflow/.local/lib/python3.8/site-packages/airflow/example_dags/tutorial_dag.py
[2024-04-27T03:44:49.025+0000] {processor.py:839} INFO - DAG(s) dict_keys(['tutorial_dag']) retrieved from /home/airflow/.local/lib/python3.8/site-packages/airflow/example_dags/tutorial_dag.py
[2024-04-27T03:44:49.063+0000] {logging_mixin.py:154} INFO - [2024-04-27T03:44:49.062+0000] {dag.py:2941} INFO - Sync 1 DAGs
[2024-04-27T03:44:49.086+0000] {logging_mixin.py:154} INFO - [2024-04-27T03:44:49.085+0000] {dag.py:3722} INFO - Setting next_dagrun for tutorial_dag to None, run_after=None
[2024-04-27T03:44:49.118+0000] {processor.py:179} INFO - Processing /home/airflow/.local/lib/python3.8/site-packages/airflow/example_dags/tutorial_dag.py took 0.116 seconds
[2024-04-27T03:45:19.688+0000] {processor.py:157} INFO - Started process (PID=1144) to work on /home/airflow/.local/lib/python3.8/site-packages/airflow/example_dags/tutorial_dag.py
[2024-04-27T03:45:19.690+0000] {processor.py:829} INFO - Processing file /home/airflow/.local/lib/python3.8/site-packages/airflow/example_dags/tutorial_dag.py for tasks to queue
[2024-04-27T03:45:19.692+0000] {logging_mixin.py:154} INFO - [2024-04-27T03:45:19.691+0000] {dagbag.py:536} INFO - Filling up the DagBag from /home/airflow/.local/lib/python3.8/site-packages/airflow/example_dags/tutorial_dag.py
[2024-04-27T03:45:19.703+0000] {processor.py:839} INFO - DAG(s) dict_keys(['tutorial_dag']) retrieved from /home/airflow/.local/lib/python3.8/site-packages/airflow/example_dags/tutorial_dag.py
[2024-04-27T03:45:19.755+0000] {logging_mixin.py:154} INFO - [2024-04-27T03:45:19.754+0000] {dag.py:2941} INFO - Sync 1 DAGs
[2024-04-27T03:45:19.783+0000] {logging_mixin.py:154} INFO - [2024-04-27T03:45:19.783+0000] {dag.py:3722} INFO - Setting next_dagrun for tutorial_dag to None, run_after=None
[2024-04-27T03:45:19.821+0000] {processor.py:179} INFO - Processing /home/airflow/.local/lib/python3.8/site-packages/airflow/example_dags/tutorial_dag.py took 0.141 seconds
[2024-04-27T03:45:50.280+0000] {processor.py:157} INFO - Started process (PID=1387) to work on /home/airflow/.local/lib/python3.8/site-packages/airflow/example_dags/tutorial_dag.py
[2024-04-27T03:45:50.286+0000] {processor.py:829} INFO - Processing file /home/airflow/.local/lib/python3.8/site-packages/airflow/example_dags/tutorial_dag.py for tasks to queue
[2024-04-27T03:45:50.288+0000] {logging_mixin.py:154} INFO - [2024-04-27T03:45:50.287+0000] {dagbag.py:536} INFO - Filling up the DagBag from /home/airflow/.local/lib/python3.8/site-packages/airflow/example_dags/tutorial_dag.py
[2024-04-27T03:45:50.299+0000] {processor.py:839} INFO - DAG(s) dict_keys(['tutorial_dag']) retrieved from /home/airflow/.local/lib/python3.8/site-packages/airflow/example_dags/tutorial_dag.py
[2024-04-27T03:45:50.339+0000] {logging_mixin.py:154} INFO - [2024-04-27T03:45:50.339+0000] {dag.py:2941} INFO - Sync 1 DAGs
[2024-04-27T03:45:50.360+0000] {logging_mixin.py:154} INFO - [2024-04-27T03:45:50.360+0000] {dag.py:3722} INFO - Setting next_dagrun for tutorial_dag to None, run_after=None
[2024-04-27T03:45:50.390+0000] {processor.py:179} INFO - Processing /home/airflow/.local/lib/python3.8/site-packages/airflow/example_dags/tutorial_dag.py took 0.118 seconds
[2024-04-27T03:46:20.453+0000] {processor.py:157} INFO - Started process (PID=1630) to work on /home/airflow/.local/lib/python3.8/site-packages/airflow/example_dags/tutorial_dag.py
[2024-04-27T03:46:20.460+0000] {processor.py:829} INFO - Processing file /home/airflow/.local/lib/python3.8/site-packages/airflow/example_dags/tutorial_dag.py for tasks to queue
[2024-04-27T03:46:20.461+0000] {logging_mixin.py:154} INFO - [2024-04-27T03:46:20.461+0000] {dagbag.py:536} INFO - Filling up the DagBag from /home/airflow/.local/lib/python3.8/site-packages/airflow/example_dags/tutorial_dag.py
[2024-04-27T03:46:20.473+0000] {processor.py:839} INFO - DAG(s) dict_keys(['tutorial_dag']) retrieved from /home/airflow/.local/lib/python3.8/site-packages/airflow/example_dags/tutorial_dag.py
[2024-04-27T03:46:20.507+0000] {logging_mixin.py:154} INFO - [2024-04-27T03:46:20.507+0000] {dag.py:2941} INFO - Sync 1 DAGs
[2024-04-27T03:46:20.525+0000] {logging_mixin.py:154} INFO - [2024-04-27T03:46:20.525+0000] {dag.py:3722} INFO - Setting next_dagrun for tutorial_dag to None, run_after=None
[2024-04-27T03:46:20.550+0000] {processor.py:179} INFO - Processing /home/airflow/.local/lib/python3.8/site-packages/airflow/example_dags/tutorial_dag.py took 0.105 seconds
[2024-04-27T03:46:50.805+0000] {processor.py:157} INFO - Started process (PID=1874) to work on /home/airflow/.local/lib/python3.8/site-packages/airflow/example_dags/tutorial_dag.py
[2024-04-27T03:46:50.808+0000] {processor.py:829} INFO - Processing file /home/airflow/.local/lib/python3.8/site-packages/airflow/example_dags/tutorial_dag.py for tasks to queue
[2024-04-27T03:46:50.810+0000] {logging_mixin.py:154} INFO - [2024-04-27T03:46:50.809+0000] {dagbag.py:536} INFO - Filling up the DagBag from /home/airflow/.local/lib/python3.8/site-packages/airflow/example_dags/tutorial_dag.py
[2024-04-27T03:46:50.821+0000] {processor.py:839} INFO - DAG(s) dict_keys(['tutorial_dag']) retrieved from /home/airflow/.local/lib/python3.8/site-packages/airflow/example_dags/tutorial_dag.py
[2024-04-27T03:46:50.858+0000] {logging_mixin.py:154} INFO - [2024-04-27T03:46:50.858+0000] {dag.py:2941} INFO - Sync 1 DAGs
[2024-04-27T03:46:50.877+0000] {logging_mixin.py:154} INFO - [2024-04-27T03:46:50.876+0000] {dag.py:3722} INFO - Setting next_dagrun for tutorial_dag to None, run_after=None
[2024-04-27T03:46:50.907+0000] {processor.py:179} INFO - Processing /home/airflow/.local/lib/python3.8/site-packages/airflow/example_dags/tutorial_dag.py took 0.108 seconds
[2024-04-27T03:47:21.183+0000] {processor.py:157} INFO - Started process (PID=2117) to work on /home/airflow/.local/lib/python3.8/site-packages/airflow/example_dags/tutorial_dag.py
[2024-04-27T03:47:21.185+0000] {processor.py:829} INFO - Processing file /home/airflow/.local/lib/python3.8/site-packages/airflow/example_dags/tutorial_dag.py for tasks to queue
[2024-04-27T03:47:21.187+0000] {logging_mixin.py:154} INFO - [2024-04-27T03:47:21.186+0000] {dagbag.py:536} INFO - Filling up the DagBag from /home/airflow/.local/lib/python3.8/site-packages/airflow/example_dags/tutorial_dag.py
[2024-04-27T03:47:21.199+0000] {processor.py:839} INFO - DAG(s) dict_keys(['tutorial_dag']) retrieved from /home/airflow/.local/lib/python3.8/site-packages/airflow/example_dags/tutorial_dag.py
[2024-04-27T03:47:21.238+0000] {logging_mixin.py:154} INFO - [2024-04-27T03:47:21.238+0000] {dag.py:2941} INFO - Sync 1 DAGs
[2024-04-27T03:47:21.259+0000] {logging_mixin.py:154} INFO - [2024-04-27T03:47:21.258+0000] {dag.py:3722} INFO - Setting next_dagrun for tutorial_dag to None, run_after=None
[2024-04-27T03:47:21.292+0000] {processor.py:179} INFO - Processing /home/airflow/.local/lib/python3.8/site-packages/airflow/example_dags/tutorial_dag.py took 0.117 seconds
