[2024-04-25T12:37:57.234+0000] {processor.py:157} INFO - Started process (PID=165) to work on /opt/airflow/dags/dag_kafka_spark.py
[2024-04-25T12:37:57.236+0000] {processor.py:829} INFO - Processing file /opt/airflow/dags/dag_kafka_spark.py for tasks to queue
[2024-04-25T12:37:57.238+0000] {logging_mixin.py:154} INFO - [2024-04-25T12:37:57.237+0000] {dagbag.py:536} INFO - Filling up the DagBag from /opt/airflow/dags/dag_kafka_spark.py
[2024-04-25T12:37:57.353+0000] {processor.py:839} INFO - DAG(s) dict_keys(['kafka_spark_dag']) retrieved from /opt/airflow/dags/dag_kafka_spark.py
[2024-04-25T12:37:57.631+0000] {logging_mixin.py:154} WARNING - 2024-04-25 12:37:57,630 - Created Permission View: %s
[2024-04-25T12:37:57.650+0000] {logging_mixin.py:154} WARNING - 2024-04-25 12:37:57,650 - Created Permission View: %s
[2024-04-25T12:37:57.663+0000] {logging_mixin.py:154} WARNING - 2024-04-25 12:37:57,662 - Created Permission View: %s
[2024-04-25T12:37:57.663+0000] {logging_mixin.py:154} WARNING - 2024-04-25 12:37:57,663 - Sync 1 DAGs
[2024-04-25T12:37:57.687+0000] {logging_mixin.py:154} WARNING - 2024-04-25 12:37:57,687 - Creating ORM DAG for kafka_spark_dag
[2024-04-25T12:37:57.708+0000] {logging_mixin.py:154} WARNING - 2024-04-25 12:37:57,708 - Setting next_dagrun for kafka_spark_dag to 2024-04-24T12:37:57.707578+00:00, run_after=2024-04-25T12:37:57.707578+00:00
[2024-04-25T12:37:57.736+0000] {processor.py:179} INFO - Processing /opt/airflow/dags/dag_kafka_spark.py took 0.511 seconds
[2024-04-25T12:38:27.791+0000] {processor.py:157} INFO - Started process (PID=408) to work on /opt/airflow/dags/dag_kafka_spark.py
[2024-04-25T12:38:27.794+0000] {processor.py:829} INFO - Processing file /opt/airflow/dags/dag_kafka_spark.py for tasks to queue
[2024-04-25T12:38:27.796+0000] {logging_mixin.py:154} INFO - [2024-04-25T12:38:27.795+0000] {dagbag.py:536} INFO - Filling up the DagBag from /opt/airflow/dags/dag_kafka_spark.py
[2024-04-25T12:38:27.893+0000] {processor.py:839} INFO - DAG(s) dict_keys(['kafka_spark_dag']) retrieved from /opt/airflow/dags/dag_kafka_spark.py
[2024-04-25T12:38:28.049+0000] {logging_mixin.py:154} WARNING - 2024-04-25 12:38:28,049 - Sync 1 DAGs
[2024-04-25T12:38:28.084+0000] {logging_mixin.py:154} WARNING - 2024-04-25 12:38:28,084 - Setting next_dagrun for kafka_spark_dag to 2024-04-24T12:38:28.083891+00:00, run_after=2024-04-25T12:38:28.083891+00:00
[2024-04-25T12:38:28.117+0000] {processor.py:179} INFO - Processing /opt/airflow/dags/dag_kafka_spark.py took 0.333 seconds
[2024-04-25T12:38:58.416+0000] {processor.py:157} INFO - Started process (PID=652) to work on /opt/airflow/dags/dag_kafka_spark.py
[2024-04-25T12:38:58.420+0000] {processor.py:829} INFO - Processing file /opt/airflow/dags/dag_kafka_spark.py for tasks to queue
[2024-04-25T12:38:58.422+0000] {logging_mixin.py:154} INFO - [2024-04-25T12:38:58.421+0000] {dagbag.py:536} INFO - Filling up the DagBag from /opt/airflow/dags/dag_kafka_spark.py
[2024-04-25T12:38:58.525+0000] {processor.py:839} INFO - DAG(s) dict_keys(['kafka_spark_dag']) retrieved from /opt/airflow/dags/dag_kafka_spark.py
[2024-04-25T12:38:58.907+0000] {logging_mixin.py:154} WARNING - 2024-04-25 12:38:58,907 - Sync 1 DAGs
[2024-04-25T12:38:58.934+0000] {logging_mixin.py:154} WARNING - 2024-04-25 12:38:58,934 - Setting next_dagrun for kafka_spark_dag to 2024-04-24T12:38:58.933728+00:00, run_after=2024-04-25T12:38:58.933728+00:00
[2024-04-25T12:38:58.962+0000] {processor.py:179} INFO - Processing /opt/airflow/dags/dag_kafka_spark.py took 0.554 seconds
[2024-04-25T12:39:29.933+0000] {processor.py:157} INFO - Started process (PID=905) to work on /opt/airflow/dags/dag_kafka_spark.py
[2024-04-25T12:39:29.934+0000] {processor.py:829} INFO - Processing file /opt/airflow/dags/dag_kafka_spark.py for tasks to queue
[2024-04-25T12:39:29.936+0000] {logging_mixin.py:154} INFO - [2024-04-25T12:39:29.935+0000] {dagbag.py:536} INFO - Filling up the DagBag from /opt/airflow/dags/dag_kafka_spark.py
[2024-04-25T12:39:30.010+0000] {processor.py:839} INFO - DAG(s) dict_keys(['kafka_spark_dag']) retrieved from /opt/airflow/dags/dag_kafka_spark.py
[2024-04-25T12:39:30.490+0000] {logging_mixin.py:154} WARNING - 2024-04-25 12:39:30,490 - Sync 1 DAGs
[2024-04-25T12:39:30.517+0000] {logging_mixin.py:154} WARNING - 2024-04-25 12:39:30,517 - Setting next_dagrun for kafka_spark_dag to 2024-04-24T12:39:30.517148+00:00, run_after=2024-04-25T12:39:30.517148+00:00
[2024-04-25T12:39:30.544+0000] {processor.py:179} INFO - Processing /opt/airflow/dags/dag_kafka_spark.py took 0.617 seconds
[2024-04-25T12:40:01.323+0000] {processor.py:157} INFO - Started process (PID=1158) to work on /opt/airflow/dags/dag_kafka_spark.py
[2024-04-25T12:40:01.325+0000] {processor.py:829} INFO - Processing file /opt/airflow/dags/dag_kafka_spark.py for tasks to queue
[2024-04-25T12:40:01.326+0000] {logging_mixin.py:154} INFO - [2024-04-25T12:40:01.325+0000] {dagbag.py:536} INFO - Filling up the DagBag from /opt/airflow/dags/dag_kafka_spark.py
[2024-04-25T12:40:01.409+0000] {processor.py:839} INFO - DAG(s) dict_keys(['kafka_spark_dag']) retrieved from /opt/airflow/dags/dag_kafka_spark.py
[2024-04-25T12:40:01.566+0000] {logging_mixin.py:154} WARNING - 2024-04-25 12:40:01,566 - Sync 1 DAGs
[2024-04-25T12:40:01.849+0000] {logging_mixin.py:154} WARNING - 2024-04-25 12:40:01,848 - Setting next_dagrun for kafka_spark_dag to 2024-04-24T12:40:01.848540+00:00, run_after=2024-04-25T12:40:01.848540+00:00
[2024-04-25T12:40:01.879+0000] {processor.py:179} INFO - Processing /opt/airflow/dags/dag_kafka_spark.py took 0.562 seconds
[2024-04-25T12:40:31.956+0000] {processor.py:157} INFO - Started process (PID=1416) to work on /opt/airflow/dags/dag_kafka_spark.py
[2024-04-25T12:40:31.958+0000] {processor.py:829} INFO - Processing file /opt/airflow/dags/dag_kafka_spark.py for tasks to queue
[2024-04-25T12:40:31.959+0000] {logging_mixin.py:154} INFO - [2024-04-25T12:40:31.958+0000] {dagbag.py:536} INFO - Filling up the DagBag from /opt/airflow/dags/dag_kafka_spark.py
[2024-04-25T12:40:32.031+0000] {processor.py:839} INFO - DAG(s) dict_keys(['kafka_spark_dag']) retrieved from /opt/airflow/dags/dag_kafka_spark.py
[2024-04-25T12:40:32.386+0000] {logging_mixin.py:154} WARNING - 2024-04-25 12:40:32,386 - Sync 1 DAGs
[2024-04-25T12:40:32.410+0000] {logging_mixin.py:154} WARNING - 2024-04-25 12:40:32,410 - Setting next_dagrun for kafka_spark_dag to 2024-04-24T12:40:32.410424+00:00, run_after=2024-04-25T12:40:32.410424+00:00
[2024-04-25T12:40:32.438+0000] {processor.py:179} INFO - Processing /opt/airflow/dags/dag_kafka_spark.py took 0.488 seconds
[2024-04-25T12:41:03.213+0000] {processor.py:157} INFO - Started process (PID=1659) to work on /opt/airflow/dags/dag_kafka_spark.py
[2024-04-25T12:41:03.216+0000] {processor.py:829} INFO - Processing file /opt/airflow/dags/dag_kafka_spark.py for tasks to queue
[2024-04-25T12:41:03.217+0000] {logging_mixin.py:154} INFO - [2024-04-25T12:41:03.217+0000] {dagbag.py:536} INFO - Filling up the DagBag from /opt/airflow/dags/dag_kafka_spark.py
[2024-04-25T12:41:03.308+0000] {processor.py:839} INFO - DAG(s) dict_keys(['kafka_spark_dag']) retrieved from /opt/airflow/dags/dag_kafka_spark.py
[2024-04-25T12:41:03.770+0000] {logging_mixin.py:154} WARNING - 2024-04-25 12:41:03,769 - Sync 1 DAGs
[2024-04-25T12:41:03.797+0000] {logging_mixin.py:154} WARNING - 2024-04-25 12:41:03,797 - Setting next_dagrun for kafka_spark_dag to 2024-04-24T12:41:03.797271+00:00, run_after=2024-04-25T12:41:03.797271+00:00
[2024-04-25T12:41:03.824+0000] {processor.py:179} INFO - Processing /opt/airflow/dags/dag_kafka_spark.py took 0.619 seconds
[2024-04-25T12:41:34.531+0000] {processor.py:157} INFO - Started process (PID=1907) to work on /opt/airflow/dags/dag_kafka_spark.py
[2024-04-25T12:41:34.532+0000] {processor.py:829} INFO - Processing file /opt/airflow/dags/dag_kafka_spark.py for tasks to queue
[2024-04-25T12:41:34.533+0000] {logging_mixin.py:154} INFO - [2024-04-25T12:41:34.533+0000] {dagbag.py:536} INFO - Filling up the DagBag from /opt/airflow/dags/dag_kafka_spark.py
[2024-04-25T12:41:34.629+0000] {processor.py:839} INFO - DAG(s) dict_keys(['kafka_spark_dag']) retrieved from /opt/airflow/dags/dag_kafka_spark.py
[2024-04-25T12:41:35.154+0000] {logging_mixin.py:154} WARNING - 2024-04-25 12:41:35,154 - Sync 1 DAGs
[2024-04-25T12:41:35.195+0000] {logging_mixin.py:154} WARNING - 2024-04-25 12:41:35,195 - Setting next_dagrun for kafka_spark_dag to 2024-04-24T12:41:35.194638+00:00, run_after=2024-04-25T12:41:35.194638+00:00
[2024-04-25T12:41:35.236+0000] {processor.py:179} INFO - Processing /opt/airflow/dags/dag_kafka_spark.py took 0.714 seconds
[2024-04-25T12:42:06.172+0000] {processor.py:157} INFO - Started process (PID=2168) to work on /opt/airflow/dags/dag_kafka_spark.py
[2024-04-25T12:42:06.175+0000] {processor.py:829} INFO - Processing file /opt/airflow/dags/dag_kafka_spark.py for tasks to queue
[2024-04-25T12:42:06.177+0000] {logging_mixin.py:154} INFO - [2024-04-25T12:42:06.176+0000] {dagbag.py:536} INFO - Filling up the DagBag from /opt/airflow/dags/dag_kafka_spark.py
[2024-04-25T12:42:06.287+0000] {processor.py:839} INFO - DAG(s) dict_keys(['kafka_spark_dag']) retrieved from /opt/airflow/dags/dag_kafka_spark.py
[2024-04-25T12:42:06.697+0000] {logging_mixin.py:154} WARNING - 2024-04-25 12:42:06,697 - Sync 1 DAGs
[2024-04-25T12:42:06.726+0000] {logging_mixin.py:154} WARNING - 2024-04-25 12:42:06,726 - Setting next_dagrun for kafka_spark_dag to 2024-04-25T12:41:35.194638+00:00, run_after=2024-04-26T12:41:35.194638+00:00
[2024-04-25T12:42:06.755+0000] {processor.py:179} INFO - Processing /opt/airflow/dags/dag_kafka_spark.py took 0.592 seconds
[2024-04-25T12:42:37.123+0000] {processor.py:157} INFO - Started process (PID=2427) to work on /opt/airflow/dags/dag_kafka_spark.py
[2024-04-25T12:42:37.125+0000] {processor.py:829} INFO - Processing file /opt/airflow/dags/dag_kafka_spark.py for tasks to queue
[2024-04-25T12:42:37.126+0000] {logging_mixin.py:154} INFO - [2024-04-25T12:42:37.125+0000] {dagbag.py:536} INFO - Filling up the DagBag from /opt/airflow/dags/dag_kafka_spark.py
[2024-04-25T12:42:37.233+0000] {processor.py:839} INFO - DAG(s) dict_keys(['kafka_spark_dag']) retrieved from /opt/airflow/dags/dag_kafka_spark.py
[2024-04-25T12:42:37.688+0000] {logging_mixin.py:154} WARNING - 2024-04-25 12:42:37,688 - Sync 1 DAGs
[2024-04-25T12:42:37.728+0000] {logging_mixin.py:154} WARNING - 2024-04-25 12:42:37,728 - Setting next_dagrun for kafka_spark_dag to 2024-04-25T12:41:35.194638+00:00, run_after=2024-04-26T12:41:35.194638+00:00
[2024-04-25T12:42:37.771+0000] {processor.py:179} INFO - Processing /opt/airflow/dags/dag_kafka_spark.py took 0.654 seconds
[2024-04-25T12:43:08.168+0000] {processor.py:157} INFO - Started process (PID=2678) to work on /opt/airflow/dags/dag_kafka_spark.py
[2024-04-25T12:43:08.171+0000] {processor.py:829} INFO - Processing file /opt/airflow/dags/dag_kafka_spark.py for tasks to queue
[2024-04-25T12:43:08.172+0000] {logging_mixin.py:154} INFO - [2024-04-25T12:43:08.172+0000] {dagbag.py:536} INFO - Filling up the DagBag from /opt/airflow/dags/dag_kafka_spark.py
[2024-04-25T12:43:08.249+0000] {processor.py:839} INFO - DAG(s) dict_keys(['kafka_spark_dag']) retrieved from /opt/airflow/dags/dag_kafka_spark.py
[2024-04-25T12:43:08.747+0000] {logging_mixin.py:154} WARNING - 2024-04-25 12:43:08,747 - Sync 1 DAGs
[2024-04-25T12:43:08.775+0000] {logging_mixin.py:154} WARNING - 2024-04-25 12:43:08,775 - Setting next_dagrun for kafka_spark_dag to 2024-04-25T12:41:35.194638+00:00, run_after=2024-04-26T12:41:35.194638+00:00
[2024-04-25T12:43:08.814+0000] {processor.py:179} INFO - Processing /opt/airflow/dags/dag_kafka_spark.py took 0.653 seconds
[2024-04-25T12:43:39.892+0000] {processor.py:157} INFO - Started process (PID=2937) to work on /opt/airflow/dags/dag_kafka_spark.py
[2024-04-25T12:43:39.900+0000] {processor.py:829} INFO - Processing file /opt/airflow/dags/dag_kafka_spark.py for tasks to queue
[2024-04-25T12:43:39.902+0000] {logging_mixin.py:154} INFO - [2024-04-25T12:43:39.901+0000] {dagbag.py:536} INFO - Filling up the DagBag from /opt/airflow/dags/dag_kafka_spark.py
[2024-04-25T12:43:40.044+0000] {processor.py:839} INFO - DAG(s) dict_keys(['kafka_spark_dag']) retrieved from /opt/airflow/dags/dag_kafka_spark.py
[2024-04-25T12:43:40.673+0000] {logging_mixin.py:154} WARNING - 2024-04-25 12:43:40,673 - Sync 1 DAGs
[2024-04-25T12:43:40.733+0000] {logging_mixin.py:154} WARNING - 2024-04-25 12:43:40,732 - Setting next_dagrun for kafka_spark_dag to 2024-04-25T12:41:35.194638+00:00, run_after=2024-04-26T12:41:35.194638+00:00
[2024-04-25T12:43:40.793+0000] {processor.py:179} INFO - Processing /opt/airflow/dags/dag_kafka_spark.py took 0.908 seconds
[2024-04-25T12:44:11.371+0000] {processor.py:157} INFO - Started process (PID=3193) to work on /opt/airflow/dags/dag_kafka_spark.py
[2024-04-25T12:44:11.374+0000] {processor.py:829} INFO - Processing file /opt/airflow/dags/dag_kafka_spark.py for tasks to queue
[2024-04-25T12:44:11.376+0000] {logging_mixin.py:154} INFO - [2024-04-25T12:44:11.375+0000] {dagbag.py:536} INFO - Filling up the DagBag from /opt/airflow/dags/dag_kafka_spark.py
[2024-04-25T12:44:11.515+0000] {processor.py:839} INFO - DAG(s) dict_keys(['kafka_spark_dag']) retrieved from /opt/airflow/dags/dag_kafka_spark.py
[2024-04-25T12:44:12.177+0000] {logging_mixin.py:154} WARNING - 2024-04-25 12:44:12,176 - Sync 1 DAGs
[2024-04-25T12:44:12.233+0000] {logging_mixin.py:154} WARNING - 2024-04-25 12:44:12,233 - Setting next_dagrun for kafka_spark_dag to 2024-04-25T12:41:35.194638+00:00, run_after=2024-04-26T12:41:35.194638+00:00
[2024-04-25T12:44:12.302+0000] {processor.py:179} INFO - Processing /opt/airflow/dags/dag_kafka_spark.py took 0.940 seconds
[2024-04-25T12:44:42.486+0000] {processor.py:157} INFO - Started process (PID=3451) to work on /opt/airflow/dags/dag_kafka_spark.py
[2024-04-25T12:44:42.488+0000] {processor.py:829} INFO - Processing file /opt/airflow/dags/dag_kafka_spark.py for tasks to queue
[2024-04-25T12:44:42.489+0000] {logging_mixin.py:154} INFO - [2024-04-25T12:44:42.489+0000] {dagbag.py:536} INFO - Filling up the DagBag from /opt/airflow/dags/dag_kafka_spark.py
[2024-04-25T12:44:42.581+0000] {processor.py:839} INFO - DAG(s) dict_keys(['kafka_spark_dag']) retrieved from /opt/airflow/dags/dag_kafka_spark.py
[2024-04-25T12:44:42.972+0000] {logging_mixin.py:154} WARNING - 2024-04-25 12:44:42,972 - Sync 1 DAGs
[2024-04-25T12:44:43.000+0000] {logging_mixin.py:154} WARNING - 2024-04-25 12:44:43,000 - Setting next_dagrun for kafka_spark_dag to 2024-04-25T12:41:35.194638+00:00, run_after=2024-04-26T12:41:35.194638+00:00
[2024-04-25T12:44:43.026+0000] {processor.py:179} INFO - Processing /opt/airflow/dags/dag_kafka_spark.py took 0.546 seconds
[2024-04-25T12:45:13.847+0000] {processor.py:157} INFO - Started process (PID=3702) to work on /opt/airflow/dags/dag_kafka_spark.py
[2024-04-25T12:45:13.849+0000] {processor.py:829} INFO - Processing file /opt/airflow/dags/dag_kafka_spark.py for tasks to queue
[2024-04-25T12:45:13.851+0000] {logging_mixin.py:154} INFO - [2024-04-25T12:45:13.850+0000] {dagbag.py:536} INFO - Filling up the DagBag from /opt/airflow/dags/dag_kafka_spark.py
[2024-04-25T12:45:13.941+0000] {processor.py:839} INFO - DAG(s) dict_keys(['kafka_spark_dag']) retrieved from /opt/airflow/dags/dag_kafka_spark.py
[2024-04-25T12:45:14.330+0000] {logging_mixin.py:154} WARNING - 2024-04-25 12:45:14,330 - Sync 1 DAGs
[2024-04-25T12:45:14.356+0000] {logging_mixin.py:154} WARNING - 2024-04-25 12:45:14,356 - Setting next_dagrun for kafka_spark_dag to 2024-04-25T12:41:35.194638+00:00, run_after=2024-04-26T12:41:35.194638+00:00
[2024-04-25T12:45:14.387+0000] {processor.py:179} INFO - Processing /opt/airflow/dags/dag_kafka_spark.py took 0.550 seconds
[2024-04-25T12:45:45.041+0000] {processor.py:157} INFO - Started process (PID=3950) to work on /opt/airflow/dags/dag_kafka_spark.py
[2024-04-25T12:45:45.044+0000] {processor.py:829} INFO - Processing file /opt/airflow/dags/dag_kafka_spark.py for tasks to queue
[2024-04-25T12:45:45.045+0000] {logging_mixin.py:154} INFO - [2024-04-25T12:45:45.044+0000] {dagbag.py:536} INFO - Filling up the DagBag from /opt/airflow/dags/dag_kafka_spark.py
[2024-04-25T12:45:45.414+0000] {processor.py:839} INFO - DAG(s) dict_keys(['kafka_spark_dag']) retrieved from /opt/airflow/dags/dag_kafka_spark.py
[2024-04-25T12:45:45.557+0000] {logging_mixin.py:154} WARNING - 2024-04-25 12:45:45,557 - Sync 1 DAGs
[2024-04-25T12:45:45.590+0000] {logging_mixin.py:154} WARNING - 2024-04-25 12:45:45,589 - Setting next_dagrun for kafka_spark_dag to 2024-04-25T12:41:35.194638+00:00, run_after=2024-04-26T12:41:35.194638+00:00
[2024-04-25T12:45:45.618+0000] {processor.py:179} INFO - Processing /opt/airflow/dags/dag_kafka_spark.py took 0.584 seconds
[2024-04-25T12:46:15.859+0000] {processor.py:157} INFO - Started process (PID=4193) to work on /opt/airflow/dags/dag_kafka_spark.py
[2024-04-25T12:46:15.861+0000] {processor.py:829} INFO - Processing file /opt/airflow/dags/dag_kafka_spark.py for tasks to queue
[2024-04-25T12:46:15.862+0000] {logging_mixin.py:154} INFO - [2024-04-25T12:46:15.862+0000] {dagbag.py:536} INFO - Filling up the DagBag from /opt/airflow/dags/dag_kafka_spark.py
[2024-04-25T12:46:15.954+0000] {processor.py:839} INFO - DAG(s) dict_keys(['kafka_spark_dag']) retrieved from /opt/airflow/dags/dag_kafka_spark.py
[2024-04-25T12:46:16.362+0000] {logging_mixin.py:154} WARNING - 2024-04-25 12:46:16,362 - Sync 1 DAGs
[2024-04-25T12:46:16.390+0000] {logging_mixin.py:154} WARNING - 2024-04-25 12:46:16,390 - Setting next_dagrun for kafka_spark_dag to 2024-04-25T12:41:35.194638+00:00, run_after=2024-04-26T12:41:35.194638+00:00
[2024-04-25T12:46:16.421+0000] {processor.py:179} INFO - Processing /opt/airflow/dags/dag_kafka_spark.py took 0.568 seconds
[2024-04-25T12:46:46.871+0000] {processor.py:157} INFO - Started process (PID=4436) to work on /opt/airflow/dags/dag_kafka_spark.py
[2024-04-25T12:46:46.877+0000] {processor.py:829} INFO - Processing file /opt/airflow/dags/dag_kafka_spark.py for tasks to queue
[2024-04-25T12:46:46.880+0000] {logging_mixin.py:154} INFO - [2024-04-25T12:46:46.879+0000] {dagbag.py:536} INFO - Filling up the DagBag from /opt/airflow/dags/dag_kafka_spark.py
[2024-04-25T12:46:47.091+0000] {processor.py:839} INFO - DAG(s) dict_keys(['kafka_spark_dag']) retrieved from /opt/airflow/dags/dag_kafka_spark.py
[2024-04-25T12:46:48.109+0000] {logging_mixin.py:154} WARNING - 2024-04-25 12:46:48,109 - Sync 1 DAGs
[2024-04-25T12:46:48.206+0000] {logging_mixin.py:154} WARNING - 2024-04-25 12:46:48,205 - Setting next_dagrun for kafka_spark_dag to 2024-04-25T12:41:35.194638+00:00, run_after=2024-04-26T12:41:35.194638+00:00
[2024-04-25T12:46:48.317+0000] {processor.py:179} INFO - Processing /opt/airflow/dags/dag_kafka_spark.py took 1.475 seconds
[2024-04-25T12:47:18.539+0000] {processor.py:157} INFO - Started process (PID=4684) to work on /opt/airflow/dags/dag_kafka_spark.py
[2024-04-25T12:47:18.541+0000] {processor.py:829} INFO - Processing file /opt/airflow/dags/dag_kafka_spark.py for tasks to queue
[2024-04-25T12:47:18.543+0000] {logging_mixin.py:154} INFO - [2024-04-25T12:47:18.542+0000] {dagbag.py:536} INFO - Filling up the DagBag from /opt/airflow/dags/dag_kafka_spark.py
[2024-04-25T12:47:18.974+0000] {processor.py:839} INFO - DAG(s) dict_keys(['kafka_spark_dag']) retrieved from /opt/airflow/dags/dag_kafka_spark.py
[2024-04-25T12:47:19.125+0000] {logging_mixin.py:154} WARNING - 2024-04-25 12:47:19,125 - Sync 1 DAGs
[2024-04-25T12:47:19.157+0000] {logging_mixin.py:154} WARNING - 2024-04-25 12:47:19,157 - Setting next_dagrun for kafka_spark_dag to 2024-04-25T12:41:35.194638+00:00, run_after=2024-04-26T12:41:35.194638+00:00
[2024-04-25T12:47:19.186+0000] {processor.py:179} INFO - Processing /opt/airflow/dags/dag_kafka_spark.py took 0.652 seconds
[2024-04-25T12:51:40.499+0000] {processor.py:157} INFO - Started process (PID=165) to work on /opt/airflow/dags/dag_kafka_spark.py
[2024-04-25T12:51:40.502+0000] {processor.py:829} INFO - Processing file /opt/airflow/dags/dag_kafka_spark.py for tasks to queue
[2024-04-25T12:51:40.504+0000] {logging_mixin.py:154} INFO - [2024-04-25T12:51:40.503+0000] {dagbag.py:536} INFO - Filling up the DagBag from /opt/airflow/dags/dag_kafka_spark.py
[2024-04-25T12:51:40.655+0000] {processor.py:839} INFO - DAG(s) dict_keys(['kafka_spark_dag']) retrieved from /opt/airflow/dags/dag_kafka_spark.py
[2024-04-25T12:51:41.049+0000] {logging_mixin.py:154} WARNING - 2024-04-25 12:51:41,049 - Sync 1 DAGs
[2024-04-25T12:51:41.095+0000] {logging_mixin.py:154} WARNING - 2024-04-25 12:51:41,095 - Setting next_dagrun for kafka_spark_dag to 2024-04-25T12:41:35.194638+00:00, run_after=2024-04-26T12:41:35.194638+00:00
[2024-04-25T12:51:41.133+0000] {processor.py:179} INFO - Processing /opt/airflow/dags/dag_kafka_spark.py took 0.645 seconds
[2024-04-25T12:52:11.206+0000] {processor.py:157} INFO - Started process (PID=418) to work on /opt/airflow/dags/dag_kafka_spark.py
[2024-04-25T12:52:11.207+0000] {processor.py:829} INFO - Processing file /opt/airflow/dags/dag_kafka_spark.py for tasks to queue
[2024-04-25T12:52:11.208+0000] {logging_mixin.py:154} INFO - [2024-04-25T12:52:11.208+0000] {dagbag.py:536} INFO - Filling up the DagBag from /opt/airflow/dags/dag_kafka_spark.py
[2024-04-25T12:52:11.285+0000] {processor.py:839} INFO - DAG(s) dict_keys(['kafka_spark_dag']) retrieved from /opt/airflow/dags/dag_kafka_spark.py
[2024-04-25T12:52:11.437+0000] {logging_mixin.py:154} WARNING - 2024-04-25 12:52:11,437 - Sync 1 DAGs
[2024-04-25T12:52:11.463+0000] {logging_mixin.py:154} WARNING - 2024-04-25 12:52:11,463 - Setting next_dagrun for kafka_spark_dag to 2024-04-25T12:41:35.194638+00:00, run_after=2024-04-26T12:41:35.194638+00:00
[2024-04-25T12:52:11.722+0000] {processor.py:179} INFO - Processing /opt/airflow/dags/dag_kafka_spark.py took 0.522 seconds
[2024-04-25T12:52:41.785+0000] {processor.py:157} INFO - Started process (PID=658) to work on /opt/airflow/dags/dag_kafka_spark.py
[2024-04-25T12:52:41.787+0000] {processor.py:829} INFO - Processing file /opt/airflow/dags/dag_kafka_spark.py for tasks to queue
[2024-04-25T12:52:41.789+0000] {logging_mixin.py:154} INFO - [2024-04-25T12:52:41.788+0000] {dagbag.py:536} INFO - Filling up the DagBag from /opt/airflow/dags/dag_kafka_spark.py
[2024-04-25T12:52:41.920+0000] {processor.py:839} INFO - DAG(s) dict_keys(['kafka_spark_dag']) retrieved from /opt/airflow/dags/dag_kafka_spark.py
[2024-04-25T12:52:42.462+0000] {logging_mixin.py:154} WARNING - 2024-04-25 12:52:42,462 - Sync 1 DAGs
[2024-04-25T12:52:42.502+0000] {logging_mixin.py:154} WARNING - 2024-04-25 12:52:42,502 - Setting next_dagrun for kafka_spark_dag to 2024-04-25T12:41:35.194638+00:00, run_after=2024-04-26T12:41:35.194638+00:00
[2024-04-25T12:52:42.545+0000] {processor.py:179} INFO - Processing /opt/airflow/dags/dag_kafka_spark.py took 0.767 seconds
[2024-04-25T12:53:12.854+0000] {processor.py:157} INFO - Started process (PID=920) to work on /opt/airflow/dags/dag_kafka_spark.py
[2024-04-25T12:53:12.856+0000] {processor.py:829} INFO - Processing file /opt/airflow/dags/dag_kafka_spark.py for tasks to queue
[2024-04-25T12:53:12.858+0000] {logging_mixin.py:154} INFO - [2024-04-25T12:53:12.857+0000] {dagbag.py:536} INFO - Filling up the DagBag from /opt/airflow/dags/dag_kafka_spark.py
[2024-04-25T12:53:12.974+0000] {processor.py:839} INFO - DAG(s) dict_keys(['kafka_spark_dag']) retrieved from /opt/airflow/dags/dag_kafka_spark.py
[2024-04-25T12:53:13.194+0000] {logging_mixin.py:154} WARNING - 2024-04-25 12:53:13,194 - Sync 1 DAGs
[2024-04-25T12:53:13.507+0000] {logging_mixin.py:154} WARNING - 2024-04-25 12:53:13,506 - Setting next_dagrun for kafka_spark_dag to 2024-04-25T12:41:35.194638+00:00, run_after=2024-04-26T12:41:35.194638+00:00
[2024-04-25T12:53:13.540+0000] {processor.py:179} INFO - Processing /opt/airflow/dags/dag_kafka_spark.py took 0.696 seconds
[2024-04-25T12:53:43.873+0000] {processor.py:157} INFO - Started process (PID=1178) to work on /opt/airflow/dags/dag_kafka_spark.py
[2024-04-25T12:53:43.876+0000] {processor.py:829} INFO - Processing file /opt/airflow/dags/dag_kafka_spark.py for tasks to queue
[2024-04-25T12:53:43.877+0000] {logging_mixin.py:154} INFO - [2024-04-25T12:53:43.877+0000] {dagbag.py:536} INFO - Filling up the DagBag from /opt/airflow/dags/dag_kafka_spark.py
[2024-04-25T12:53:43.969+0000] {processor.py:839} INFO - DAG(s) dict_keys(['kafka_spark_dag']) retrieved from /opt/airflow/dags/dag_kafka_spark.py
[2024-04-25T12:53:44.122+0000] {logging_mixin.py:154} WARNING - 2024-04-25 12:53:44,122 - Sync 1 DAGs
[2024-04-25T12:53:44.390+0000] {logging_mixin.py:154} WARNING - 2024-04-25 12:53:44,390 - Setting next_dagrun for kafka_spark_dag to 2024-04-25T12:41:35.194638+00:00, run_after=2024-04-26T12:41:35.194638+00:00
[2024-04-25T12:53:44.417+0000] {processor.py:179} INFO - Processing /opt/airflow/dags/dag_kafka_spark.py took 0.550 seconds
[2024-04-25T12:54:14.472+0000] {processor.py:157} INFO - Started process (PID=1429) to work on /opt/airflow/dags/dag_kafka_spark.py
[2024-04-25T12:54:14.474+0000] {processor.py:829} INFO - Processing file /opt/airflow/dags/dag_kafka_spark.py for tasks to queue
[2024-04-25T12:54:14.476+0000] {logging_mixin.py:154} INFO - [2024-04-25T12:54:14.475+0000] {dagbag.py:536} INFO - Filling up the DagBag from /opt/airflow/dags/dag_kafka_spark.py
[2024-04-25T12:54:14.565+0000] {processor.py:839} INFO - DAG(s) dict_keys(['kafka_spark_dag']) retrieved from /opt/airflow/dags/dag_kafka_spark.py
[2024-04-25T12:54:14.733+0000] {logging_mixin.py:154} WARNING - 2024-04-25 12:54:14,733 - Sync 1 DAGs
[2024-04-25T12:54:14.767+0000] {logging_mixin.py:154} WARNING - 2024-04-25 12:54:14,766 - Setting next_dagrun for kafka_spark_dag to 2024-04-25T12:41:35.194638+00:00, run_after=2024-04-26T12:41:35.194638+00:00
[2024-04-25T12:54:15.050+0000] {processor.py:179} INFO - Processing /opt/airflow/dags/dag_kafka_spark.py took 0.587 seconds
[2024-04-25T12:54:45.881+0000] {processor.py:157} INFO - Started process (PID=1684) to work on /opt/airflow/dags/dag_kafka_spark.py
[2024-04-25T12:54:45.883+0000] {processor.py:829} INFO - Processing file /opt/airflow/dags/dag_kafka_spark.py for tasks to queue
[2024-04-25T12:54:45.885+0000] {logging_mixin.py:154} INFO - [2024-04-25T12:54:45.884+0000] {dagbag.py:536} INFO - Filling up the DagBag from /opt/airflow/dags/dag_kafka_spark.py
[2024-04-25T12:54:45.959+0000] {processor.py:839} INFO - DAG(s) dict_keys(['kafka_spark_dag']) retrieved from /opt/airflow/dags/dag_kafka_spark.py
[2024-04-25T12:54:46.386+0000] {logging_mixin.py:154} WARNING - 2024-04-25 12:54:46,386 - Sync 1 DAGs
[2024-04-25T12:54:46.422+0000] {logging_mixin.py:154} WARNING - 2024-04-25 12:54:46,422 - Setting next_dagrun for kafka_spark_dag to 2024-04-25T12:41:35.194638+00:00, run_after=2024-04-26T12:41:35.194638+00:00
[2024-04-25T12:54:46.462+0000] {processor.py:179} INFO - Processing /opt/airflow/dags/dag_kafka_spark.py took 0.589 seconds
[2024-04-25T12:55:16.555+0000] {processor.py:157} INFO - Started process (PID=1937) to work on /opt/airflow/dags/dag_kafka_spark.py
[2024-04-25T12:55:16.557+0000] {processor.py:829} INFO - Processing file /opt/airflow/dags/dag_kafka_spark.py for tasks to queue
[2024-04-25T12:55:16.559+0000] {logging_mixin.py:154} INFO - [2024-04-25T12:55:16.558+0000] {dagbag.py:536} INFO - Filling up the DagBag from /opt/airflow/dags/dag_kafka_spark.py
[2024-04-25T12:55:16.651+0000] {processor.py:839} INFO - DAG(s) dict_keys(['kafka_spark_dag']) retrieved from /opt/airflow/dags/dag_kafka_spark.py
[2024-04-25T12:55:17.045+0000] {logging_mixin.py:154} WARNING - 2024-04-25 12:55:17,045 - Sync 1 DAGs
[2024-04-25T12:55:17.081+0000] {logging_mixin.py:154} WARNING - 2024-04-25 12:55:17,081 - Setting next_dagrun for kafka_spark_dag to 2024-04-25T12:41:35.194638+00:00, run_after=2024-04-26T12:41:35.194638+00:00
[2024-04-25T12:55:17.115+0000] {processor.py:179} INFO - Processing /opt/airflow/dags/dag_kafka_spark.py took 0.569 seconds
[2024-04-25T13:10:30.522+0000] {processor.py:157} INFO - Started process (PID=165) to work on /opt/airflow/dags/dag_kafka_spark.py
[2024-04-25T13:10:30.526+0000] {processor.py:829} INFO - Processing file /opt/airflow/dags/dag_kafka_spark.py for tasks to queue
[2024-04-25T13:10:30.528+0000] {logging_mixin.py:154} INFO - [2024-04-25T13:10:30.527+0000] {dagbag.py:536} INFO - Filling up the DagBag from /opt/airflow/dags/dag_kafka_spark.py
[2024-04-25T13:10:30.676+0000] {processor.py:839} INFO - DAG(s) dict_keys(['kafka_spark_dag']) retrieved from /opt/airflow/dags/dag_kafka_spark.py
[2024-04-25T13:10:31.077+0000] {logging_mixin.py:154} WARNING - 2024-04-25 13:10:31,077 - Sync 1 DAGs
[2024-04-25T13:10:31.124+0000] {logging_mixin.py:154} WARNING - 2024-04-25 13:10:31,124 - Setting next_dagrun for kafka_spark_dag to 2024-04-25T12:41:35.194638+00:00, run_after=2024-04-26T12:41:35.194638+00:00
[2024-04-25T13:10:31.157+0000] {processor.py:179} INFO - Processing /opt/airflow/dags/dag_kafka_spark.py took 0.648 seconds
[2024-04-25T13:11:02.035+0000] {processor.py:157} INFO - Started process (PID=418) to work on /opt/airflow/dags/dag_kafka_spark.py
[2024-04-25T13:11:02.037+0000] {processor.py:829} INFO - Processing file /opt/airflow/dags/dag_kafka_spark.py for tasks to queue
[2024-04-25T13:11:02.039+0000] {logging_mixin.py:154} INFO - [2024-04-25T13:11:02.038+0000] {dagbag.py:536} INFO - Filling up the DagBag from /opt/airflow/dags/dag_kafka_spark.py
[2024-04-25T13:11:02.141+0000] {processor.py:839} INFO - DAG(s) dict_keys(['kafka_spark_dag']) retrieved from /opt/airflow/dags/dag_kafka_spark.py
[2024-04-25T13:11:02.365+0000] {logging_mixin.py:154} WARNING - 2024-04-25 13:11:02,365 - Sync 1 DAGs
[2024-04-25T13:11:02.409+0000] {logging_mixin.py:154} WARNING - 2024-04-25 13:11:02,408 - Setting next_dagrun for kafka_spark_dag to 2024-04-25T12:41:35.194638+00:00, run_after=2024-04-26T12:41:35.194638+00:00
[2024-04-25T13:11:02.718+0000] {processor.py:179} INFO - Processing /opt/airflow/dags/dag_kafka_spark.py took 0.691 seconds
[2024-04-25T13:11:32.803+0000] {processor.py:157} INFO - Started process (PID=676) to work on /opt/airflow/dags/dag_kafka_spark.py
[2024-04-25T13:11:32.805+0000] {processor.py:829} INFO - Processing file /opt/airflow/dags/dag_kafka_spark.py for tasks to queue
[2024-04-25T13:11:32.806+0000] {logging_mixin.py:154} INFO - [2024-04-25T13:11:32.806+0000] {dagbag.py:536} INFO - Filling up the DagBag from /opt/airflow/dags/dag_kafka_spark.py
[2024-04-25T13:11:32.902+0000] {processor.py:839} INFO - DAG(s) dict_keys(['kafka_spark_dag']) retrieved from /opt/airflow/dags/dag_kafka_spark.py
[2024-04-25T13:11:33.334+0000] {logging_mixin.py:154} WARNING - 2024-04-25 13:11:33,334 - Sync 1 DAGs
[2024-04-25T13:11:33.370+0000] {logging_mixin.py:154} WARNING - 2024-04-25 13:11:33,370 - Setting next_dagrun for kafka_spark_dag to 2024-04-25T12:41:35.194638+00:00, run_after=2024-04-26T12:41:35.194638+00:00
[2024-04-25T13:11:33.396+0000] {processor.py:179} INFO - Processing /opt/airflow/dags/dag_kafka_spark.py took 0.599 seconds
[2024-04-25T13:12:03.498+0000] {processor.py:157} INFO - Started process (PID=929) to work on /opt/airflow/dags/dag_kafka_spark.py
[2024-04-25T13:12:03.500+0000] {processor.py:829} INFO - Processing file /opt/airflow/dags/dag_kafka_spark.py for tasks to queue
[2024-04-25T13:12:03.501+0000] {logging_mixin.py:154} INFO - [2024-04-25T13:12:03.501+0000] {dagbag.py:536} INFO - Filling up the DagBag from /opt/airflow/dags/dag_kafka_spark.py
[2024-04-25T13:12:03.590+0000] {processor.py:839} INFO - DAG(s) dict_keys(['kafka_spark_dag']) retrieved from /opt/airflow/dags/dag_kafka_spark.py
[2024-04-25T13:12:04.151+0000] {logging_mixin.py:154} WARNING - 2024-04-25 13:12:04,150 - Sync 1 DAGs
[2024-04-25T13:12:04.191+0000] {logging_mixin.py:154} WARNING - 2024-04-25 13:12:04,191 - Setting next_dagrun for kafka_spark_dag to 2024-04-25T12:41:35.194638+00:00, run_after=2024-04-26T12:41:35.194638+00:00
[2024-04-25T13:12:04.226+0000] {processor.py:179} INFO - Processing /opt/airflow/dags/dag_kafka_spark.py took 0.737 seconds
[2024-04-25T13:12:34.293+0000] {processor.py:157} INFO - Started process (PID=1195) to work on /opt/airflow/dags/dag_kafka_spark.py
[2024-04-25T13:12:34.296+0000] {processor.py:829} INFO - Processing file /opt/airflow/dags/dag_kafka_spark.py for tasks to queue
[2024-04-25T13:12:34.297+0000] {logging_mixin.py:154} INFO - [2024-04-25T13:12:34.297+0000] {dagbag.py:536} INFO - Filling up the DagBag from /opt/airflow/dags/dag_kafka_spark.py
[2024-04-25T13:12:34.404+0000] {processor.py:839} INFO - DAG(s) dict_keys(['kafka_spark_dag']) retrieved from /opt/airflow/dags/dag_kafka_spark.py
[2024-04-25T13:12:34.639+0000] {logging_mixin.py:154} WARNING - 2024-04-25 13:12:34,638 - Sync 1 DAGs
[2024-04-25T13:12:34.966+0000] {logging_mixin.py:154} WARNING - 2024-04-25 13:12:34,966 - Setting next_dagrun for kafka_spark_dag to 2024-04-25T12:41:35.194638+00:00, run_after=2024-04-26T12:41:35.194638+00:00
[2024-04-25T13:12:35.005+0000] {processor.py:179} INFO - Processing /opt/airflow/dags/dag_kafka_spark.py took 0.720 seconds
[2024-04-25T13:13:05.170+0000] {processor.py:157} INFO - Started process (PID=1448) to work on /opt/airflow/dags/dag_kafka_spark.py
[2024-04-25T13:13:05.173+0000] {processor.py:829} INFO - Processing file /opt/airflow/dags/dag_kafka_spark.py for tasks to queue
[2024-04-25T13:13:05.175+0000] {logging_mixin.py:154} INFO - [2024-04-25T13:13:05.174+0000] {dagbag.py:536} INFO - Filling up the DagBag from /opt/airflow/dags/dag_kafka_spark.py
[2024-04-25T13:13:05.258+0000] {processor.py:839} INFO - DAG(s) dict_keys(['kafka_spark_dag']) retrieved from /opt/airflow/dags/dag_kafka_spark.py
[2024-04-25T13:13:05.398+0000] {logging_mixin.py:154} WARNING - 2024-04-25 13:13:05,397 - Sync 1 DAGs
[2024-04-25T13:13:05.676+0000] {logging_mixin.py:154} WARNING - 2024-04-25 13:13:05,676 - Setting next_dagrun for kafka_spark_dag to 2024-04-25T12:41:35.194638+00:00, run_after=2024-04-26T12:41:35.194638+00:00
[2024-04-25T13:13:05.703+0000] {processor.py:179} INFO - Processing /opt/airflow/dags/dag_kafka_spark.py took 0.540 seconds
[2024-04-25T13:13:35.812+0000] {processor.py:157} INFO - Started process (PID=1702) to work on /opt/airflow/dags/dag_kafka_spark.py
[2024-04-25T13:13:35.815+0000] {processor.py:829} INFO - Processing file /opt/airflow/dags/dag_kafka_spark.py for tasks to queue
[2024-04-25T13:13:35.816+0000] {logging_mixin.py:154} INFO - [2024-04-25T13:13:35.816+0000] {dagbag.py:536} INFO - Filling up the DagBag from /opt/airflow/dags/dag_kafka_spark.py
[2024-04-25T13:13:35.908+0000] {processor.py:839} INFO - DAG(s) dict_keys(['kafka_spark_dag']) retrieved from /opt/airflow/dags/dag_kafka_spark.py
[2024-04-25T13:13:36.328+0000] {logging_mixin.py:154} WARNING - 2024-04-25 13:13:36,328 - Sync 1 DAGs
[2024-04-25T13:13:36.351+0000] {logging_mixin.py:154} WARNING - 2024-04-25 13:13:36,351 - Setting next_dagrun for kafka_spark_dag to 2024-04-25T12:41:35.194638+00:00, run_after=2024-04-26T12:41:35.194638+00:00
[2024-04-25T13:13:36.375+0000] {processor.py:179} INFO - Processing /opt/airflow/dags/dag_kafka_spark.py took 0.571 seconds
[2024-04-25T13:14:06.508+0000] {processor.py:157} INFO - Started process (PID=1958) to work on /opt/airflow/dags/dag_kafka_spark.py
[2024-04-25T13:14:06.510+0000] {processor.py:829} INFO - Processing file /opt/airflow/dags/dag_kafka_spark.py for tasks to queue
[2024-04-25T13:14:06.512+0000] {logging_mixin.py:154} INFO - [2024-04-25T13:14:06.511+0000] {dagbag.py:536} INFO - Filling up the DagBag from /opt/airflow/dags/dag_kafka_spark.py
[2024-04-25T13:14:06.587+0000] {processor.py:839} INFO - DAG(s) dict_keys(['kafka_spark_dag']) retrieved from /opt/airflow/dags/dag_kafka_spark.py
[2024-04-25T13:14:06.980+0000] {logging_mixin.py:154} WARNING - 2024-04-25 13:14:06,980 - Sync 1 DAGs
[2024-04-25T13:14:07.020+0000] {logging_mixin.py:154} WARNING - 2024-04-25 13:14:07,019 - Setting next_dagrun for kafka_spark_dag to 2024-04-25T12:41:35.194638+00:00, run_after=2024-04-26T12:41:35.194638+00:00
[2024-04-25T13:14:07.048+0000] {processor.py:179} INFO - Processing /opt/airflow/dags/dag_kafka_spark.py took 0.545 seconds
[2024-04-25T13:14:37.151+0000] {processor.py:157} INFO - Started process (PID=2201) to work on /opt/airflow/dags/dag_kafka_spark.py
[2024-04-25T13:14:37.152+0000] {processor.py:829} INFO - Processing file /opt/airflow/dags/dag_kafka_spark.py for tasks to queue
[2024-04-25T13:14:37.154+0000] {logging_mixin.py:154} INFO - [2024-04-25T13:14:37.153+0000] {dagbag.py:536} INFO - Filling up the DagBag from /opt/airflow/dags/dag_kafka_spark.py
[2024-04-25T13:14:37.248+0000] {processor.py:839} INFO - DAG(s) dict_keys(['kafka_spark_dag']) retrieved from /opt/airflow/dags/dag_kafka_spark.py
[2024-04-25T13:14:37.421+0000] {logging_mixin.py:154} WARNING - 2024-04-25 13:14:37,420 - Sync 1 DAGs
[2024-04-25T13:14:37.693+0000] {logging_mixin.py:154} WARNING - 2024-04-25 13:14:37,693 - Setting next_dagrun for kafka_spark_dag to 2024-04-25T12:41:35.194638+00:00, run_after=2024-04-26T12:41:35.194638+00:00
[2024-04-25T13:14:37.718+0000] {processor.py:179} INFO - Processing /opt/airflow/dags/dag_kafka_spark.py took 0.575 seconds
[2024-04-25T13:15:07.855+0000] {processor.py:157} INFO - Started process (PID=2459) to work on /opt/airflow/dags/dag_kafka_spark.py
[2024-04-25T13:15:07.857+0000] {processor.py:829} INFO - Processing file /opt/airflow/dags/dag_kafka_spark.py for tasks to queue
[2024-04-25T13:15:07.859+0000] {logging_mixin.py:154} INFO - [2024-04-25T13:15:07.858+0000] {dagbag.py:536} INFO - Filling up the DagBag from /opt/airflow/dags/dag_kafka_spark.py
[2024-04-25T13:15:07.933+0000] {processor.py:839} INFO - DAG(s) dict_keys(['kafka_spark_dag']) retrieved from /opt/airflow/dags/dag_kafka_spark.py
[2024-04-25T13:15:08.343+0000] {logging_mixin.py:154} WARNING - 2024-04-25 13:15:08,343 - Sync 1 DAGs
[2024-04-25T13:15:08.385+0000] {logging_mixin.py:154} WARNING - 2024-04-25 13:15:08,384 - Setting next_dagrun for kafka_spark_dag to 2024-04-25T12:41:35.194638+00:00, run_after=2024-04-26T12:41:35.194638+00:00
[2024-04-25T13:15:08.417+0000] {processor.py:179} INFO - Processing /opt/airflow/dags/dag_kafka_spark.py took 0.567 seconds
[2024-04-25T13:15:38.940+0000] {processor.py:157} INFO - Started process (PID=2707) to work on /opt/airflow/dags/dag_kafka_spark.py
[2024-04-25T13:15:38.942+0000] {processor.py:829} INFO - Processing file /opt/airflow/dags/dag_kafka_spark.py for tasks to queue
[2024-04-25T13:15:38.943+0000] {logging_mixin.py:154} INFO - [2024-04-25T13:15:38.942+0000] {dagbag.py:536} INFO - Filling up the DagBag from /opt/airflow/dags/dag_kafka_spark.py
[2024-04-25T13:15:39.016+0000] {processor.py:839} INFO - DAG(s) dict_keys(['kafka_spark_dag']) retrieved from /opt/airflow/dags/dag_kafka_spark.py
[2024-04-25T13:15:39.373+0000] {logging_mixin.py:154} WARNING - 2024-04-25 13:15:39,372 - Sync 1 DAGs
[2024-04-25T13:15:39.399+0000] {logging_mixin.py:154} WARNING - 2024-04-25 13:15:39,399 - Setting next_dagrun for kafka_spark_dag to 2024-04-25T12:41:35.194638+00:00, run_after=2024-04-26T12:41:35.194638+00:00
[2024-04-25T13:15:39.426+0000] {processor.py:179} INFO - Processing /opt/airflow/dags/dag_kafka_spark.py took 0.491 seconds
[2024-04-25T13:16:09.974+0000] {processor.py:157} INFO - Started process (PID=2950) to work on /opt/airflow/dags/dag_kafka_spark.py
[2024-04-25T13:16:09.977+0000] {processor.py:829} INFO - Processing file /opt/airflow/dags/dag_kafka_spark.py for tasks to queue
[2024-04-25T13:16:09.978+0000] {logging_mixin.py:154} INFO - [2024-04-25T13:16:09.977+0000] {dagbag.py:536} INFO - Filling up the DagBag from /opt/airflow/dags/dag_kafka_spark.py
[2024-04-25T13:16:10.050+0000] {processor.py:839} INFO - DAG(s) dict_keys(['kafka_spark_dag']) retrieved from /opt/airflow/dags/dag_kafka_spark.py
[2024-04-25T13:16:10.418+0000] {logging_mixin.py:154} WARNING - 2024-04-25 13:16:10,418 - Sync 1 DAGs
[2024-04-25T13:16:10.444+0000] {logging_mixin.py:154} WARNING - 2024-04-25 13:16:10,444 - Setting next_dagrun for kafka_spark_dag to 2024-04-25T12:41:35.194638+00:00, run_after=2024-04-26T12:41:35.194638+00:00
[2024-04-25T13:16:10.472+0000] {processor.py:179} INFO - Processing /opt/airflow/dags/dag_kafka_spark.py took 0.503 seconds
[2024-04-25T13:16:40.906+0000] {processor.py:157} INFO - Started process (PID=3189) to work on /opt/airflow/dags/dag_kafka_spark.py
[2024-04-25T13:16:40.908+0000] {processor.py:829} INFO - Processing file /opt/airflow/dags/dag_kafka_spark.py for tasks to queue
[2024-04-25T13:16:40.909+0000] {logging_mixin.py:154} INFO - [2024-04-25T13:16:40.909+0000] {dagbag.py:536} INFO - Filling up the DagBag from /opt/airflow/dags/dag_kafka_spark.py
[2024-04-25T13:16:40.986+0000] {processor.py:839} INFO - DAG(s) dict_keys(['kafka_spark_dag']) retrieved from /opt/airflow/dags/dag_kafka_spark.py
[2024-04-25T13:16:41.357+0000] {logging_mixin.py:154} WARNING - 2024-04-25 13:16:41,357 - Sync 1 DAGs
[2024-04-25T13:16:41.384+0000] {logging_mixin.py:154} WARNING - 2024-04-25 13:16:41,384 - Setting next_dagrun for kafka_spark_dag to 2024-04-25T12:41:35.194638+00:00, run_after=2024-04-26T12:41:35.194638+00:00
[2024-04-25T13:16:41.415+0000] {processor.py:179} INFO - Processing /opt/airflow/dags/dag_kafka_spark.py took 0.515 seconds
[2024-04-25T13:17:12.246+0000] {processor.py:157} INFO - Started process (PID=3432) to work on /opt/airflow/dags/dag_kafka_spark.py
[2024-04-25T13:17:12.248+0000] {processor.py:829} INFO - Processing file /opt/airflow/dags/dag_kafka_spark.py for tasks to queue
[2024-04-25T13:17:12.250+0000] {logging_mixin.py:154} INFO - [2024-04-25T13:17:12.249+0000] {dagbag.py:536} INFO - Filling up the DagBag from /opt/airflow/dags/dag_kafka_spark.py
[2024-04-25T13:17:12.342+0000] {processor.py:839} INFO - DAG(s) dict_keys(['kafka_spark_dag']) retrieved from /opt/airflow/dags/dag_kafka_spark.py
[2024-04-25T13:17:12.759+0000] {logging_mixin.py:154} WARNING - 2024-04-25 13:17:12,759 - Sync 1 DAGs
[2024-04-25T13:17:12.791+0000] {logging_mixin.py:154} WARNING - 2024-04-25 13:17:12,791 - Setting next_dagrun for kafka_spark_dag to 2024-04-25T12:41:35.194638+00:00, run_after=2024-04-26T12:41:35.194638+00:00
[2024-04-25T13:17:12.820+0000] {processor.py:179} INFO - Processing /opt/airflow/dags/dag_kafka_spark.py took 0.580 seconds
[2024-04-25T13:17:43.042+0000] {processor.py:157} INFO - Started process (PID=3690) to work on /opt/airflow/dags/dag_kafka_spark.py
[2024-04-25T13:17:43.043+0000] {processor.py:829} INFO - Processing file /opt/airflow/dags/dag_kafka_spark.py for tasks to queue
[2024-04-25T13:17:43.044+0000] {logging_mixin.py:154} INFO - [2024-04-25T13:17:43.044+0000] {dagbag.py:536} INFO - Filling up the DagBag from /opt/airflow/dags/dag_kafka_spark.py
[2024-04-25T13:17:43.123+0000] {processor.py:839} INFO - DAG(s) dict_keys(['kafka_spark_dag']) retrieved from /opt/airflow/dags/dag_kafka_spark.py
[2024-04-25T13:17:43.509+0000] {logging_mixin.py:154} WARNING - 2024-04-25 13:17:43,509 - Sync 1 DAGs
[2024-04-25T13:17:43.534+0000] {logging_mixin.py:154} WARNING - 2024-04-25 13:17:43,534 - Setting next_dagrun for kafka_spark_dag to 2024-04-25T12:41:35.194638+00:00, run_after=2024-04-26T12:41:35.194638+00:00
[2024-04-25T13:17:43.562+0000] {processor.py:179} INFO - Processing /opt/airflow/dags/dag_kafka_spark.py took 0.527 seconds
[2024-04-25T13:18:13.773+0000] {processor.py:157} INFO - Started process (PID=3919) to work on /opt/airflow/dags/dag_kafka_spark.py
[2024-04-25T13:18:13.775+0000] {processor.py:829} INFO - Processing file /opt/airflow/dags/dag_kafka_spark.py for tasks to queue
[2024-04-25T13:18:13.777+0000] {logging_mixin.py:154} INFO - [2024-04-25T13:18:13.777+0000] {dagbag.py:536} INFO - Filling up the DagBag from /opt/airflow/dags/dag_kafka_spark.py
[2024-04-25T13:18:13.857+0000] {processor.py:839} INFO - DAG(s) dict_keys(['kafka_spark_dag']) retrieved from /opt/airflow/dags/dag_kafka_spark.py
[2024-04-25T13:18:14.298+0000] {logging_mixin.py:154} WARNING - 2024-04-25 13:18:14,297 - Sync 1 DAGs
[2024-04-25T13:18:14.326+0000] {logging_mixin.py:154} WARNING - 2024-04-25 13:18:14,325 - Setting next_dagrun for kafka_spark_dag to 2024-04-25T12:41:35.194638+00:00, run_after=2024-04-26T12:41:35.194638+00:00
[2024-04-25T13:18:14.352+0000] {processor.py:179} INFO - Processing /opt/airflow/dags/dag_kafka_spark.py took 0.585 seconds
[2024-04-25T13:18:44.787+0000] {processor.py:157} INFO - Started process (PID=4163) to work on /opt/airflow/dags/dag_kafka_spark.py
[2024-04-25T13:18:44.789+0000] {processor.py:829} INFO - Processing file /opt/airflow/dags/dag_kafka_spark.py for tasks to queue
[2024-04-25T13:18:44.791+0000] {logging_mixin.py:154} INFO - [2024-04-25T13:18:44.790+0000] {dagbag.py:536} INFO - Filling up the DagBag from /opt/airflow/dags/dag_kafka_spark.py
[2024-04-25T13:18:44.863+0000] {processor.py:839} INFO - DAG(s) dict_keys(['kafka_spark_dag']) retrieved from /opt/airflow/dags/dag_kafka_spark.py
[2024-04-25T13:18:45.300+0000] {logging_mixin.py:154} WARNING - 2024-04-25 13:18:45,299 - Sync 1 DAGs
[2024-04-25T13:18:45.336+0000] {logging_mixin.py:154} WARNING - 2024-04-25 13:18:45,336 - Setting next_dagrun for kafka_spark_dag to 2024-04-25T12:41:35.194638+00:00, run_after=2024-04-26T12:41:35.194638+00:00
[2024-04-25T13:18:45.364+0000] {processor.py:179} INFO - Processing /opt/airflow/dags/dag_kafka_spark.py took 0.583 seconds
[2024-04-25T13:27:12.893+0000] {processor.py:157} INFO - Started process (PID=165) to work on /opt/airflow/dags/dag_kafka_spark.py
[2024-04-25T13:27:12.897+0000] {processor.py:829} INFO - Processing file /opt/airflow/dags/dag_kafka_spark.py for tasks to queue
[2024-04-25T13:27:12.899+0000] {logging_mixin.py:154} INFO - [2024-04-25T13:27:12.898+0000] {dagbag.py:536} INFO - Filling up the DagBag from /opt/airflow/dags/dag_kafka_spark.py
[2024-04-25T13:27:13.060+0000] {processor.py:839} INFO - DAG(s) dict_keys(['kafka_spark_dag']) retrieved from /opt/airflow/dags/dag_kafka_spark.py
[2024-04-25T13:27:13.516+0000] {logging_mixin.py:154} WARNING - 2024-04-25 13:27:13,515 - Sync 1 DAGs
[2024-04-25T13:27:13.561+0000] {logging_mixin.py:154} WARNING - 2024-04-25 13:27:13,561 - Setting next_dagrun for kafka_spark_dag to 2024-04-25T12:41:35.194638+00:00, run_after=2024-04-26T12:41:35.194638+00:00
[2024-04-25T13:27:13.597+0000] {processor.py:179} INFO - Processing /opt/airflow/dags/dag_kafka_spark.py took 0.716 seconds
[2024-04-25T13:27:43.831+0000] {processor.py:157} INFO - Started process (PID=421) to work on /opt/airflow/dags/dag_kafka_spark.py
[2024-04-25T13:27:43.832+0000] {processor.py:829} INFO - Processing file /opt/airflow/dags/dag_kafka_spark.py for tasks to queue
[2024-04-25T13:27:43.834+0000] {logging_mixin.py:154} INFO - [2024-04-25T13:27:43.833+0000] {dagbag.py:536} INFO - Filling up the DagBag from /opt/airflow/dags/dag_kafka_spark.py
[2024-04-25T13:27:43.968+0000] {processor.py:839} INFO - DAG(s) dict_keys(['kafka_spark_dag']) retrieved from /opt/airflow/dags/dag_kafka_spark.py
[2024-04-25T13:27:44.204+0000] {logging_mixin.py:154} WARNING - 2024-04-25 13:27:44,204 - Sync 1 DAGs
[2024-04-25T13:27:44.237+0000] {logging_mixin.py:154} WARNING - 2024-04-25 13:27:44,237 - Setting next_dagrun for kafka_spark_dag to 2024-04-25T12:41:35.194638+00:00, run_after=2024-04-26T12:41:35.194638+00:00
[2024-04-25T13:27:44.579+0000] {processor.py:179} INFO - Processing /opt/airflow/dags/dag_kafka_spark.py took 0.756 seconds
[2024-04-25T13:28:14.789+0000] {processor.py:157} INFO - Started process (PID=671) to work on /opt/airflow/dags/dag_kafka_spark.py
[2024-04-25T13:28:14.791+0000] {processor.py:829} INFO - Processing file /opt/airflow/dags/dag_kafka_spark.py for tasks to queue
[2024-04-25T13:28:14.792+0000] {logging_mixin.py:154} INFO - [2024-04-25T13:28:14.792+0000] {dagbag.py:536} INFO - Filling up the DagBag from /opt/airflow/dags/dag_kafka_spark.py
[2024-04-25T13:28:14.881+0000] {processor.py:839} INFO - DAG(s) dict_keys(['kafka_spark_dag']) retrieved from /opt/airflow/dags/dag_kafka_spark.py
[2024-04-25T13:28:15.318+0000] {logging_mixin.py:154} WARNING - 2024-04-25 13:28:15,318 - Sync 1 DAGs
[2024-04-25T13:28:15.367+0000] {logging_mixin.py:154} WARNING - 2024-04-25 13:28:15,367 - Setting next_dagrun for kafka_spark_dag to 2024-04-25T12:41:35.194638+00:00, run_after=2024-04-26T12:41:35.194638+00:00
[2024-04-25T13:28:15.398+0000] {processor.py:179} INFO - Processing /opt/airflow/dags/dag_kafka_spark.py took 0.615 seconds
[2024-04-25T13:28:45.496+0000] {processor.py:157} INFO - Started process (PID=934) to work on /opt/airflow/dags/dag_kafka_spark.py
[2024-04-25T13:28:45.498+0000] {processor.py:829} INFO - Processing file /opt/airflow/dags/dag_kafka_spark.py for tasks to queue
[2024-04-25T13:28:45.500+0000] {logging_mixin.py:154} INFO - [2024-04-25T13:28:45.499+0000] {dagbag.py:536} INFO - Filling up the DagBag from /opt/airflow/dags/dag_kafka_spark.py
[2024-04-25T13:28:45.613+0000] {processor.py:839} INFO - DAG(s) dict_keys(['kafka_spark_dag']) retrieved from /opt/airflow/dags/dag_kafka_spark.py
[2024-04-25T13:28:46.185+0000] {logging_mixin.py:154} WARNING - 2024-04-25 13:28:46,184 - Sync 1 DAGs
[2024-04-25T13:28:46.218+0000] {logging_mixin.py:154} WARNING - 2024-04-25 13:28:46,218 - Setting next_dagrun for kafka_spark_dag to 2024-04-25T12:41:35.194638+00:00, run_after=2024-04-26T12:41:35.194638+00:00
[2024-04-25T13:28:46.255+0000] {processor.py:179} INFO - Processing /opt/airflow/dags/dag_kafka_spark.py took 0.771 seconds
[2024-04-25T13:29:16.554+0000] {processor.py:157} INFO - Started process (PID=1180) to work on /opt/airflow/dags/dag_kafka_spark.py
[2024-04-25T13:29:16.559+0000] {processor.py:829} INFO - Processing file /opt/airflow/dags/dag_kafka_spark.py for tasks to queue
[2024-04-25T13:29:16.561+0000] {logging_mixin.py:154} INFO - [2024-04-25T13:29:16.560+0000] {dagbag.py:536} INFO - Filling up the DagBag from /opt/airflow/dags/dag_kafka_spark.py
[2024-04-25T13:29:16.677+0000] {processor.py:839} INFO - DAG(s) dict_keys(['kafka_spark_dag']) retrieved from /opt/airflow/dags/dag_kafka_spark.py
[2024-04-25T13:29:16.919+0000] {logging_mixin.py:154} WARNING - 2024-04-25 13:29:16,918 - Sync 1 DAGs
[2024-04-25T13:29:17.260+0000] {logging_mixin.py:154} WARNING - 2024-04-25 13:29:17,259 - Setting next_dagrun for kafka_spark_dag to 2024-04-25T12:41:35.194638+00:00, run_after=2024-04-26T12:41:35.194638+00:00
[2024-04-25T13:29:17.300+0000] {processor.py:179} INFO - Processing /opt/airflow/dags/dag_kafka_spark.py took 0.752 seconds
[2024-04-25T13:29:47.787+0000] {processor.py:157} INFO - Started process (PID=1430) to work on /opt/airflow/dags/dag_kafka_spark.py
[2024-04-25T13:29:47.790+0000] {processor.py:829} INFO - Processing file /opt/airflow/dags/dag_kafka_spark.py for tasks to queue
[2024-04-25T13:29:47.791+0000] {logging_mixin.py:154} INFO - [2024-04-25T13:29:47.791+0000] {dagbag.py:536} INFO - Filling up the DagBag from /opt/airflow/dags/dag_kafka_spark.py
[2024-04-25T13:29:47.872+0000] {processor.py:839} INFO - DAG(s) dict_keys(['kafka_spark_dag']) retrieved from /opt/airflow/dags/dag_kafka_spark.py
[2024-04-25T13:29:48.067+0000] {logging_mixin.py:154} WARNING - 2024-04-25 13:29:48,067 - Sync 1 DAGs
[2024-04-25T13:29:48.103+0000] {logging_mixin.py:154} WARNING - 2024-04-25 13:29:48,103 - Setting next_dagrun for kafka_spark_dag to 2024-04-25T12:41:35.194638+00:00, run_after=2024-04-26T12:41:35.194638+00:00
[2024-04-25T13:29:48.401+0000] {processor.py:179} INFO - Processing /opt/airflow/dags/dag_kafka_spark.py took 0.620 seconds
[2024-04-25T13:30:18.512+0000] {processor.py:157} INFO - Started process (PID=1688) to work on /opt/airflow/dags/dag_kafka_spark.py
[2024-04-25T13:30:18.520+0000] {processor.py:829} INFO - Processing file /opt/airflow/dags/dag_kafka_spark.py for tasks to queue
[2024-04-25T13:30:18.521+0000] {logging_mixin.py:154} INFO - [2024-04-25T13:30:18.521+0000] {dagbag.py:536} INFO - Filling up the DagBag from /opt/airflow/dags/dag_kafka_spark.py
[2024-04-25T13:30:18.593+0000] {processor.py:839} INFO - DAG(s) dict_keys(['kafka_spark_dag']) retrieved from /opt/airflow/dags/dag_kafka_spark.py
[2024-04-25T13:30:18.970+0000] {logging_mixin.py:154} WARNING - 2024-04-25 13:30:18,970 - Sync 1 DAGs
[2024-04-25T13:30:18.996+0000] {logging_mixin.py:154} WARNING - 2024-04-25 13:30:18,996 - Setting next_dagrun for kafka_spark_dag to 2024-04-25T12:41:35.194638+00:00, run_after=2024-04-26T12:41:35.194638+00:00
[2024-04-25T13:30:19.024+0000] {processor.py:179} INFO - Processing /opt/airflow/dags/dag_kafka_spark.py took 0.518 seconds
[2024-04-25T13:30:49.100+0000] {processor.py:157} INFO - Started process (PID=1932) to work on /opt/airflow/dags/dag_kafka_spark.py
[2024-04-25T13:30:49.102+0000] {processor.py:829} INFO - Processing file /opt/airflow/dags/dag_kafka_spark.py for tasks to queue
[2024-04-25T13:30:49.103+0000] {logging_mixin.py:154} INFO - [2024-04-25T13:30:49.102+0000] {dagbag.py:536} INFO - Filling up the DagBag from /opt/airflow/dags/dag_kafka_spark.py
[2024-04-25T13:30:49.176+0000] {processor.py:839} INFO - DAG(s) dict_keys(['kafka_spark_dag']) retrieved from /opt/airflow/dags/dag_kafka_spark.py
[2024-04-25T13:30:49.545+0000] {logging_mixin.py:154} WARNING - 2024-04-25 13:30:49,545 - Sync 1 DAGs
[2024-04-25T13:30:49.571+0000] {logging_mixin.py:154} WARNING - 2024-04-25 13:30:49,571 - Setting next_dagrun for kafka_spark_dag to 2024-04-25T12:41:35.194638+00:00, run_after=2024-04-26T12:41:35.194638+00:00
[2024-04-25T13:30:49.599+0000] {processor.py:179} INFO - Processing /opt/airflow/dags/dag_kafka_spark.py took 0.504 seconds
[2024-04-25T13:31:20.162+0000] {processor.py:157} INFO - Started process (PID=2175) to work on /opt/airflow/dags/dag_kafka_spark.py
[2024-04-25T13:31:20.167+0000] {processor.py:829} INFO - Processing file /opt/airflow/dags/dag_kafka_spark.py for tasks to queue
[2024-04-25T13:31:20.168+0000] {logging_mixin.py:154} INFO - [2024-04-25T13:31:20.167+0000] {dagbag.py:536} INFO - Filling up the DagBag from /opt/airflow/dags/dag_kafka_spark.py
[2024-04-25T13:31:20.244+0000] {processor.py:839} INFO - DAG(s) dict_keys(['kafka_spark_dag']) retrieved from /opt/airflow/dags/dag_kafka_spark.py
[2024-04-25T13:31:20.647+0000] {logging_mixin.py:154} WARNING - 2024-04-25 13:31:20,647 - Sync 1 DAGs
[2024-04-25T13:31:20.673+0000] {logging_mixin.py:154} WARNING - 2024-04-25 13:31:20,673 - Setting next_dagrun for kafka_spark_dag to 2024-04-25T12:41:35.194638+00:00, run_after=2024-04-26T12:41:35.194638+00:00
[2024-04-25T13:31:20.700+0000] {processor.py:179} INFO - Processing /opt/airflow/dags/dag_kafka_spark.py took 0.545 seconds
[2024-04-25T13:31:50.883+0000] {processor.py:157} INFO - Started process (PID=2431) to work on /opt/airflow/dags/dag_kafka_spark.py
[2024-04-25T13:31:50.884+0000] {processor.py:829} INFO - Processing file /opt/airflow/dags/dag_kafka_spark.py for tasks to queue
[2024-04-25T13:31:50.886+0000] {logging_mixin.py:154} INFO - [2024-04-25T13:31:50.885+0000] {dagbag.py:536} INFO - Filling up the DagBag from /opt/airflow/dags/dag_kafka_spark.py
[2024-04-25T13:31:50.963+0000] {processor.py:839} INFO - DAG(s) dict_keys(['kafka_spark_dag']) retrieved from /opt/airflow/dags/dag_kafka_spark.py
[2024-04-25T13:31:51.393+0000] {logging_mixin.py:154} WARNING - 2024-04-25 13:31:51,393 - Sync 1 DAGs
[2024-04-25T13:31:51.431+0000] {logging_mixin.py:154} WARNING - 2024-04-25 13:31:51,431 - Setting next_dagrun for kafka_spark_dag to 2024-04-25T12:41:35.194638+00:00, run_after=2024-04-26T12:41:35.194638+00:00
[2024-04-25T13:31:51.462+0000] {processor.py:179} INFO - Processing /opt/airflow/dags/dag_kafka_spark.py took 0.585 seconds
[2024-04-25T13:32:21.585+0000] {processor.py:157} INFO - Started process (PID=2681) to work on /opt/airflow/dags/dag_kafka_spark.py
[2024-04-25T13:32:21.587+0000] {processor.py:829} INFO - Processing file /opt/airflow/dags/dag_kafka_spark.py for tasks to queue
[2024-04-25T13:32:21.589+0000] {logging_mixin.py:154} INFO - [2024-04-25T13:32:21.589+0000] {dagbag.py:536} INFO - Filling up the DagBag from /opt/airflow/dags/dag_kafka_spark.py
[2024-04-25T13:32:21.697+0000] {processor.py:839} INFO - DAG(s) dict_keys(['kafka_spark_dag']) retrieved from /opt/airflow/dags/dag_kafka_spark.py
[2024-04-25T13:32:22.118+0000] {logging_mixin.py:154} WARNING - 2024-04-25 13:32:22,118 - Sync 1 DAGs
[2024-04-25T13:32:22.149+0000] {logging_mixin.py:154} WARNING - 2024-04-25 13:32:22,149 - Setting next_dagrun for kafka_spark_dag to 2024-04-25T12:41:35.194638+00:00, run_after=2024-04-26T12:41:35.194638+00:00
[2024-04-25T13:32:22.177+0000] {processor.py:179} INFO - Processing /opt/airflow/dags/dag_kafka_spark.py took 0.599 seconds
[2024-04-25T13:32:52.374+0000] {processor.py:157} INFO - Started process (PID=2935) to work on /opt/airflow/dags/dag_kafka_spark.py
[2024-04-25T13:32:52.376+0000] {processor.py:829} INFO - Processing file /opt/airflow/dags/dag_kafka_spark.py for tasks to queue
[2024-04-25T13:32:52.377+0000] {logging_mixin.py:154} INFO - [2024-04-25T13:32:52.376+0000] {dagbag.py:536} INFO - Filling up the DagBag from /opt/airflow/dags/dag_kafka_spark.py
[2024-04-25T13:32:52.450+0000] {processor.py:839} INFO - DAG(s) dict_keys(['kafka_spark_dag']) retrieved from /opt/airflow/dags/dag_kafka_spark.py
[2024-04-25T13:32:52.865+0000] {logging_mixin.py:154} WARNING - 2024-04-25 13:32:52,865 - Sync 1 DAGs
[2024-04-25T13:32:52.893+0000] {logging_mixin.py:154} WARNING - 2024-04-25 13:32:52,893 - Setting next_dagrun for kafka_spark_dag to 2024-04-25T12:41:35.194638+00:00, run_after=2024-04-26T12:41:35.194638+00:00
[2024-04-25T13:32:52.920+0000] {processor.py:179} INFO - Processing /opt/airflow/dags/dag_kafka_spark.py took 0.552 seconds
[2024-04-25T13:33:23.204+0000] {processor.py:157} INFO - Started process (PID=3185) to work on /opt/airflow/dags/dag_kafka_spark.py
[2024-04-25T13:33:23.208+0000] {processor.py:829} INFO - Processing file /opt/airflow/dags/dag_kafka_spark.py for tasks to queue
[2024-04-25T13:33:23.209+0000] {logging_mixin.py:154} INFO - [2024-04-25T13:33:23.209+0000] {dagbag.py:536} INFO - Filling up the DagBag from /opt/airflow/dags/dag_kafka_spark.py
[2024-04-25T13:33:23.280+0000] {processor.py:839} INFO - DAG(s) dict_keys(['kafka_spark_dag']) retrieved from /opt/airflow/dags/dag_kafka_spark.py
[2024-04-25T13:33:23.743+0000] {logging_mixin.py:154} WARNING - 2024-04-25 13:33:23,743 - Sync 1 DAGs
[2024-04-25T13:33:23.781+0000] {logging_mixin.py:154} WARNING - 2024-04-25 13:33:23,781 - Setting next_dagrun for kafka_spark_dag to 2024-04-25T12:41:35.194638+00:00, run_after=2024-04-26T12:41:35.194638+00:00
[2024-04-25T13:33:23.816+0000] {processor.py:179} INFO - Processing /opt/airflow/dags/dag_kafka_spark.py took 0.617 seconds
[2024-04-25T13:33:54.863+0000] {processor.py:157} INFO - Started process (PID=3430) to work on /opt/airflow/dags/dag_kafka_spark.py
[2024-04-25T13:33:54.869+0000] {processor.py:829} INFO - Processing file /opt/airflow/dags/dag_kafka_spark.py for tasks to queue
[2024-04-25T13:33:54.872+0000] {logging_mixin.py:154} INFO - [2024-04-25T13:33:54.871+0000] {dagbag.py:536} INFO - Filling up the DagBag from /opt/airflow/dags/dag_kafka_spark.py
[2024-04-25T13:33:55.136+0000] {processor.py:839} INFO - DAG(s) dict_keys(['kafka_spark_dag']) retrieved from /opt/airflow/dags/dag_kafka_spark.py
[2024-04-25T13:33:56.169+0000] {logging_mixin.py:154} WARNING - 2024-04-25 13:33:56,169 - Sync 1 DAGs
[2024-04-25T13:33:56.230+0000] {logging_mixin.py:154} WARNING - 2024-04-25 13:33:56,230 - Setting next_dagrun for kafka_spark_dag to 2024-04-25T12:41:35.194638+00:00, run_after=2024-04-26T12:41:35.194638+00:00
[2024-04-25T13:33:56.291+0000] {processor.py:179} INFO - Processing /opt/airflow/dags/dag_kafka_spark.py took 1.447 seconds
[2024-04-25T13:34:26.719+0000] {processor.py:157} INFO - Started process (PID=3680) to work on /opt/airflow/dags/dag_kafka_spark.py
[2024-04-25T13:34:26.721+0000] {processor.py:829} INFO - Processing file /opt/airflow/dags/dag_kafka_spark.py for tasks to queue
[2024-04-25T13:34:26.723+0000] {logging_mixin.py:154} INFO - [2024-04-25T13:34:26.722+0000] {dagbag.py:536} INFO - Filling up the DagBag from /opt/airflow/dags/dag_kafka_spark.py
[2024-04-25T13:34:27.077+0000] {processor.py:839} INFO - DAG(s) dict_keys(['kafka_spark_dag']) retrieved from /opt/airflow/dags/dag_kafka_spark.py
[2024-04-25T13:34:27.773+0000] {logging_mixin.py:154} WARNING - 2024-04-25 13:34:27,773 - Sync 1 DAGs
[2024-04-25T13:34:27.829+0000] {logging_mixin.py:154} WARNING - 2024-04-25 13:34:27,828 - Setting next_dagrun for kafka_spark_dag to 2024-04-25T12:41:35.194638+00:00, run_after=2024-04-26T12:41:35.194638+00:00
[2024-04-25T13:34:27.888+0000] {processor.py:179} INFO - Processing /opt/airflow/dags/dag_kafka_spark.py took 1.178 seconds
[2024-04-25T13:34:58.125+0000] {processor.py:157} INFO - Started process (PID=3928) to work on /opt/airflow/dags/dag_kafka_spark.py
[2024-04-25T13:34:58.129+0000] {processor.py:829} INFO - Processing file /opt/airflow/dags/dag_kafka_spark.py for tasks to queue
[2024-04-25T13:34:58.130+0000] {logging_mixin.py:154} INFO - [2024-04-25T13:34:58.129+0000] {dagbag.py:536} INFO - Filling up the DagBag from /opt/airflow/dags/dag_kafka_spark.py
[2024-04-25T13:34:58.214+0000] {processor.py:839} INFO - DAG(s) dict_keys(['kafka_spark_dag']) retrieved from /opt/airflow/dags/dag_kafka_spark.py
[2024-04-25T13:34:58.666+0000] {logging_mixin.py:154} WARNING - 2024-04-25 13:34:58,666 - Sync 1 DAGs
[2024-04-25T13:34:58.704+0000] {logging_mixin.py:154} WARNING - 2024-04-25 13:34:58,703 - Setting next_dagrun for kafka_spark_dag to 2024-04-25T12:41:35.194638+00:00, run_after=2024-04-26T12:41:35.194638+00:00
[2024-04-25T13:34:58.733+0000] {processor.py:179} INFO - Processing /opt/airflow/dags/dag_kafka_spark.py took 0.616 seconds
[2024-04-25T13:35:28.852+0000] {processor.py:157} INFO - Started process (PID=4193) to work on /opt/airflow/dags/dag_kafka_spark.py
[2024-04-25T13:35:28.854+0000] {processor.py:829} INFO - Processing file /opt/airflow/dags/dag_kafka_spark.py for tasks to queue
[2024-04-25T13:35:28.856+0000] {logging_mixin.py:154} INFO - [2024-04-25T13:35:28.855+0000] {dagbag.py:536} INFO - Filling up the DagBag from /opt/airflow/dags/dag_kafka_spark.py
[2024-04-25T13:35:28.956+0000] {processor.py:839} INFO - DAG(s) dict_keys(['kafka_spark_dag']) retrieved from /opt/airflow/dags/dag_kafka_spark.py
[2024-04-25T13:35:29.352+0000] {logging_mixin.py:154} WARNING - 2024-04-25 13:35:29,351 - Sync 1 DAGs
[2024-04-25T13:35:29.379+0000] {logging_mixin.py:154} WARNING - 2024-04-25 13:35:29,379 - Setting next_dagrun for kafka_spark_dag to 2024-04-25T12:41:35.194638+00:00, run_after=2024-04-26T12:41:35.194638+00:00
[2024-04-25T13:35:29.409+0000] {processor.py:179} INFO - Processing /opt/airflow/dags/dag_kafka_spark.py took 0.564 seconds
[2024-04-25T13:49:24.418+0000] {processor.py:157} INFO - Started process (PID=165) to work on /opt/airflow/dags/dag_kafka_spark.py
[2024-04-25T13:49:24.432+0000] {processor.py:829} INFO - Processing file /opt/airflow/dags/dag_kafka_spark.py for tasks to queue
[2024-04-25T13:49:24.434+0000] {logging_mixin.py:154} INFO - [2024-04-25T13:49:24.433+0000] {dagbag.py:536} INFO - Filling up the DagBag from /opt/airflow/dags/dag_kafka_spark.py
[2024-04-25T13:49:24.596+0000] {processor.py:839} INFO - DAG(s) dict_keys(['kafka_spark_dag']) retrieved from /opt/airflow/dags/dag_kafka_spark.py
[2024-04-25T13:49:24.939+0000] {logging_mixin.py:154} WARNING - 2024-04-25 13:49:24,939 - Sync 1 DAGs
[2024-04-25T13:49:24.989+0000] {logging_mixin.py:154} WARNING - 2024-04-25 13:49:24,989 - Setting next_dagrun for kafka_spark_dag to 2024-04-25T12:41:35.194638+00:00, run_after=2024-04-26T12:41:35.194638+00:00
[2024-04-25T13:49:25.027+0000] {processor.py:179} INFO - Processing /opt/airflow/dags/dag_kafka_spark.py took 0.622 seconds
[2024-04-25T13:49:55.114+0000] {processor.py:157} INFO - Started process (PID=419) to work on /opt/airflow/dags/dag_kafka_spark.py
[2024-04-25T13:49:55.118+0000] {processor.py:829} INFO - Processing file /opt/airflow/dags/dag_kafka_spark.py for tasks to queue
[2024-04-25T13:49:55.120+0000] {logging_mixin.py:154} INFO - [2024-04-25T13:49:55.119+0000] {dagbag.py:536} INFO - Filling up the DagBag from /opt/airflow/dags/dag_kafka_spark.py
[2024-04-25T13:49:55.200+0000] {processor.py:839} INFO - DAG(s) dict_keys(['kafka_spark_dag']) retrieved from /opt/airflow/dags/dag_kafka_spark.py
[2024-04-25T13:49:55.368+0000] {logging_mixin.py:154} WARNING - 2024-04-25 13:49:55,368 - Sync 1 DAGs
[2024-04-25T13:49:55.400+0000] {logging_mixin.py:154} WARNING - 2024-04-25 13:49:55,400 - Setting next_dagrun for kafka_spark_dag to 2024-04-25T12:41:35.194638+00:00, run_after=2024-04-26T12:41:35.194638+00:00
[2024-04-25T13:49:55.722+0000] {processor.py:179} INFO - Processing /opt/airflow/dags/dag_kafka_spark.py took 0.614 seconds
[2024-04-25T13:50:26.274+0000] {processor.py:157} INFO - Started process (PID=662) to work on /opt/airflow/dags/dag_kafka_spark.py
[2024-04-25T13:50:26.276+0000] {processor.py:829} INFO - Processing file /opt/airflow/dags/dag_kafka_spark.py for tasks to queue
[2024-04-25T13:50:26.278+0000] {logging_mixin.py:154} INFO - [2024-04-25T13:50:26.277+0000] {dagbag.py:536} INFO - Filling up the DagBag from /opt/airflow/dags/dag_kafka_spark.py
[2024-04-25T13:50:26.382+0000] {processor.py:839} INFO - DAG(s) dict_keys(['kafka_spark_dag']) retrieved from /opt/airflow/dags/dag_kafka_spark.py
[2024-04-25T13:50:26.878+0000] {logging_mixin.py:154} WARNING - 2024-04-25 13:50:26,878 - Sync 1 DAGs
[2024-04-25T13:50:26.919+0000] {logging_mixin.py:154} WARNING - 2024-04-25 13:50:26,919 - Setting next_dagrun for kafka_spark_dag to 2024-04-25T12:41:35.194638+00:00, run_after=2024-04-26T12:41:35.194638+00:00
[2024-04-25T13:50:26.947+0000] {processor.py:179} INFO - Processing /opt/airflow/dags/dag_kafka_spark.py took 0.682 seconds
[2024-04-25T13:50:57.854+0000] {processor.py:157} INFO - Started process (PID=915) to work on /opt/airflow/dags/dag_kafka_spark.py
[2024-04-25T13:50:57.860+0000] {processor.py:829} INFO - Processing file /opt/airflow/dags/dag_kafka_spark.py for tasks to queue
[2024-04-25T13:50:57.862+0000] {logging_mixin.py:154} INFO - [2024-04-25T13:50:57.861+0000] {dagbag.py:536} INFO - Filling up the DagBag from /opt/airflow/dags/dag_kafka_spark.py
[2024-04-25T13:50:57.942+0000] {processor.py:839} INFO - DAG(s) dict_keys(['kafka_spark_dag']) retrieved from /opt/airflow/dags/dag_kafka_spark.py
[2024-04-25T13:50:58.364+0000] {logging_mixin.py:154} WARNING - 2024-04-25 13:50:58,364 - Sync 1 DAGs
[2024-04-25T13:50:58.392+0000] {logging_mixin.py:154} WARNING - 2024-04-25 13:50:58,392 - Setting next_dagrun for kafka_spark_dag to 2024-04-25T12:41:35.194638+00:00, run_after=2024-04-26T12:41:35.194638+00:00
[2024-04-25T13:50:58.427+0000] {processor.py:179} INFO - Processing /opt/airflow/dags/dag_kafka_spark.py took 0.578 seconds
[2024-04-25T13:51:28.579+0000] {processor.py:157} INFO - Started process (PID=1173) to work on /opt/airflow/dags/dag_kafka_spark.py
[2024-04-25T13:51:28.582+0000] {processor.py:829} INFO - Processing file /opt/airflow/dags/dag_kafka_spark.py for tasks to queue
[2024-04-25T13:51:28.583+0000] {logging_mixin.py:154} INFO - [2024-04-25T13:51:28.582+0000] {dagbag.py:536} INFO - Filling up the DagBag from /opt/airflow/dags/dag_kafka_spark.py
[2024-04-25T13:51:28.659+0000] {processor.py:839} INFO - DAG(s) dict_keys(['kafka_spark_dag']) retrieved from /opt/airflow/dags/dag_kafka_spark.py
[2024-04-25T13:51:28.801+0000] {logging_mixin.py:154} WARNING - 2024-04-25 13:51:28,801 - Sync 1 DAGs
[2024-04-25T13:51:29.111+0000] {logging_mixin.py:154} WARNING - 2024-04-25 13:51:29,111 - Setting next_dagrun for kafka_spark_dag to 2024-04-25T12:41:35.194638+00:00, run_after=2024-04-26T12:41:35.194638+00:00
[2024-04-25T13:51:29.138+0000] {processor.py:179} INFO - Processing /opt/airflow/dags/dag_kafka_spark.py took 0.568 seconds
[2024-04-25T13:51:59.305+0000] {processor.py:157} INFO - Started process (PID=1431) to work on /opt/airflow/dags/dag_kafka_spark.py
[2024-04-25T13:51:59.306+0000] {processor.py:829} INFO - Processing file /opt/airflow/dags/dag_kafka_spark.py for tasks to queue
[2024-04-25T13:51:59.307+0000] {logging_mixin.py:154} INFO - [2024-04-25T13:51:59.307+0000] {dagbag.py:536} INFO - Filling up the DagBag from /opt/airflow/dags/dag_kafka_spark.py
[2024-04-25T13:51:59.399+0000] {processor.py:839} INFO - DAG(s) dict_keys(['kafka_spark_dag']) retrieved from /opt/airflow/dags/dag_kafka_spark.py
[2024-04-25T13:51:59.844+0000] {logging_mixin.py:154} WARNING - 2024-04-25 13:51:59,844 - Sync 1 DAGs
[2024-04-25T13:51:59.882+0000] {logging_mixin.py:154} WARNING - 2024-04-25 13:51:59,882 - Setting next_dagrun for kafka_spark_dag to 2024-04-25T12:41:35.194638+00:00, run_after=2024-04-26T12:41:35.194638+00:00
[2024-04-25T13:51:59.910+0000] {processor.py:179} INFO - Processing /opt/airflow/dags/dag_kafka_spark.py took 0.611 seconds
[2024-04-25T13:52:30.028+0000] {processor.py:157} INFO - Started process (PID=1678) to work on /opt/airflow/dags/dag_kafka_spark.py
[2024-04-25T13:52:30.032+0000] {processor.py:829} INFO - Processing file /opt/airflow/dags/dag_kafka_spark.py for tasks to queue
[2024-04-25T13:52:30.033+0000] {logging_mixin.py:154} INFO - [2024-04-25T13:52:30.033+0000] {dagbag.py:536} INFO - Filling up the DagBag from /opt/airflow/dags/dag_kafka_spark.py
[2024-04-25T13:52:30.119+0000] {processor.py:839} INFO - DAG(s) dict_keys(['kafka_spark_dag']) retrieved from /opt/airflow/dags/dag_kafka_spark.py
[2024-04-25T13:52:30.606+0000] {logging_mixin.py:154} WARNING - 2024-04-25 13:52:30,605 - Sync 1 DAGs
[2024-04-25T13:52:30.635+0000] {logging_mixin.py:154} WARNING - 2024-04-25 13:52:30,635 - Setting next_dagrun for kafka_spark_dag to 2024-04-25T12:41:35.194638+00:00, run_after=2024-04-26T12:41:35.194638+00:00
[2024-04-25T13:52:30.668+0000] {processor.py:179} INFO - Processing /opt/airflow/dags/dag_kafka_spark.py took 0.649 seconds
[2024-04-25T13:53:00.937+0000] {processor.py:157} INFO - Started process (PID=1922) to work on /opt/airflow/dags/dag_kafka_spark.py
[2024-04-25T13:53:00.941+0000] {processor.py:829} INFO - Processing file /opt/airflow/dags/dag_kafka_spark.py for tasks to queue
[2024-04-25T13:53:00.943+0000] {logging_mixin.py:154} INFO - [2024-04-25T13:53:00.942+0000] {dagbag.py:536} INFO - Filling up the DagBag from /opt/airflow/dags/dag_kafka_spark.py
[2024-04-25T13:53:01.053+0000] {processor.py:839} INFO - DAG(s) dict_keys(['kafka_spark_dag']) retrieved from /opt/airflow/dags/dag_kafka_spark.py
[2024-04-25T13:53:01.583+0000] {logging_mixin.py:154} WARNING - 2024-04-25 13:53:01,583 - Sync 1 DAGs
[2024-04-25T13:53:01.625+0000] {logging_mixin.py:154} WARNING - 2024-04-25 13:53:01,625 - Setting next_dagrun for kafka_spark_dag to 2024-04-25T12:41:35.194638+00:00, run_after=2024-04-26T12:41:35.194638+00:00
[2024-04-25T13:53:01.677+0000] {processor.py:179} INFO - Processing /opt/airflow/dags/dag_kafka_spark.py took 0.747 seconds
[2024-04-25T13:53:31.941+0000] {processor.py:157} INFO - Started process (PID=2177) to work on /opt/airflow/dags/dag_kafka_spark.py
[2024-04-25T13:53:31.944+0000] {processor.py:829} INFO - Processing file /opt/airflow/dags/dag_kafka_spark.py for tasks to queue
[2024-04-25T13:53:31.945+0000] {logging_mixin.py:154} INFO - [2024-04-25T13:53:31.945+0000] {dagbag.py:536} INFO - Filling up the DagBag from /opt/airflow/dags/dag_kafka_spark.py
[2024-04-25T13:53:32.018+0000] {processor.py:839} INFO - DAG(s) dict_keys(['kafka_spark_dag']) retrieved from /opt/airflow/dags/dag_kafka_spark.py
[2024-04-25T13:53:32.381+0000] {logging_mixin.py:154} WARNING - 2024-04-25 13:53:32,381 - Sync 1 DAGs
[2024-04-25T13:53:32.409+0000] {logging_mixin.py:154} WARNING - 2024-04-25 13:53:32,409 - Setting next_dagrun for kafka_spark_dag to 2024-04-25T12:41:35.194638+00:00, run_after=2024-04-26T12:41:35.194638+00:00
[2024-04-25T13:53:32.435+0000] {processor.py:179} INFO - Processing /opt/airflow/dags/dag_kafka_spark.py took 0.500 seconds
